#------------------------------------------------------------
#    Intel (R) MPI Benchmarks 2018 Update 1, MPI-1 part    
#------------------------------------------------------------
# Date                  : Fri Dec  1 15:28:00 2017
# Machine               : x86_64
# System                : Linux
# Release               : 4.4.74-92.35-default
# Version               : #1 SMP Mon Aug 7 18:24:48 UTC 2017 (c0fdc47)
# MPI Version           : 3.1
# MPI Thread Environment: 


# Calling sequence was: 

# ./IMB-MPI1

# Minimum message length in bytes:   0
# Maximum message length in bytes:   4194304
#
# MPI_Datatype                   :   MPI_BYTE 
# MPI_Datatype for reductions    :   MPI_FLOAT
# MPI_Op                         :   MPI_SUM  
#
#

# List of Benchmarks to run:

# PingPong
# PingPing
# Sendrecv
# Exchange
# Allreduce
# Reduce
# Reduce_scatter
# Allgather
# Allgatherv
# Gather
# Gatherv
# Scatter
# Scatterv
# Alltoall
# Alltoallv
# Bcast
# Barrier

#---------------------------------------------------
# Benchmarking PingPong 
# #processes = 2 
#---------------------------------------------------
       #bytes #repetitions      t[usec]   Mbytes/sec
            0         1000         3.20         0.00
            1         1000         3.25         0.31
            2         1000         3.23         0.62
            4         1000         3.23         1.24
            8         1000         3.22         2.49
           16         1000         5.06         3.16
           32         1000         5.02         6.38
           64         1000         4.85        13.20
          128         1000         4.93        25.97
          256         1000         5.01        51.10
          512         1000         5.13        99.86
         1024         1000         5.37       190.55
         2048         1000         5.80       353.17
         4096         1000         7.11       576.41
         8192         1000         8.32       984.08
        16384         1000        10.29      1592.07
        32768         1000        14.93      2194.48
        65536          640        23.43      2797.14
       131072          320        45.37      2889.22
       262144          160        65.48      4003.55
       524288           80       108.19      4845.80
      1048576           40       161.04      6511.40
      2097152           20       229.00      9158.07
      4194304           10       423.35      9907.46

#---------------------------------------------------
# Benchmarking PingPing 
# #processes = 2 
#---------------------------------------------------
       #bytes #repetitions      t[usec]   Mbytes/sec
            0         1000         3.77         0.00
            1         1000         3.79         0.26
            2         1000         3.79         0.53
            4         1000         3.75         1.07
            8         1000         3.73         2.14
           16         1000         7.11         2.25
           32         1000         7.16         4.47
           64         1000         6.92         9.25
          128         1000         6.97        18.37
          256         1000         7.08        36.14
          512         1000         7.19        71.16
         1024         1000         7.54       135.84
         2048         1000         7.99       256.32
         4096         1000         9.99       410.05
         8192         1000        13.11       624.67
        16384         1000        16.65       984.03
        32768         1000        26.13      1253.80
        65536          640        41.41      1582.59
       131072          320        56.00      2340.57
       262144          160        69.54      3769.81
       524288           80       100.05      5240.29
      1048576           40       144.05      7279.12
      2097152           20       249.30      8412.08
      4194304           10       420.71      9969.50

#-----------------------------------------------------------------------------
# Benchmarking Sendrecv 
# #processes = 2 
#-----------------------------------------------------------------------------
       #bytes #repetitions  t_min[usec]  t_max[usec]  t_avg[usec]   Mbytes/sec
            0         1000         3.16         3.16         3.16         0.00
            1         1000         3.21         3.21         3.21         0.62
            2         1000         3.18         3.18         3.18         1.26
            4         1000         3.18         3.18         3.18         2.52
            8         1000         3.18         3.18         3.18         5.04
           16         1000         5.92         5.92         5.92         5.40
           32         1000         5.91         5.91         5.91        10.83
           64         1000         5.65         5.65         5.65        22.65
          128         1000         5.72         5.72         5.72        44.72
          256         1000         5.86         5.86         5.86        87.33
          512         1000         6.05         6.05         6.05       169.37
         1024         1000         6.30         6.30         6.30       324.93
         2048         1000         6.78         6.78         6.78       604.03
         4096         1000         8.60         8.60         8.60       952.80
         8192         1000        10.81        10.81        10.81      1515.65
        16384         1000        14.84        14.84        14.84      2208.24
        32768         1000        24.13        24.14        24.13      2715.38
        65536          640        40.36        40.37        40.37      3246.63
       131072          320        57.47        57.47        57.47      4561.28
       262144          160        81.34        81.38        81.36      6442.37
       524288           80       132.43       133.16       132.79      7874.40
      1048576           40       294.02       295.57       294.80      7095.20
      2097152           20       441.49       443.10       442.30      9465.80
      4194304           10       418.09       418.31       418.20     20053.79

#-----------------------------------------------------------------------------
# Benchmarking Exchange 
# #processes = 2 
#-----------------------------------------------------------------------------
       #bytes #repetitions  t_min[usec]  t_max[usec]  t_avg[usec]   Mbytes/sec
            0         1000         7.09         7.09         7.09         0.00
            1         1000         7.71         7.71         7.71         0.52
            2         1000         7.71         7.71         7.71         1.04
            4         1000         7.83         7.83         7.83         2.04
            8         1000         7.83         7.83         7.83         4.09
           16         1000        11.27        11.27        11.27         5.68
           32         1000        11.24        11.24        11.24        11.39
           64         1000        11.01        11.01        11.01        23.24
          128         1000        11.38        11.38        11.38        45.00
          256         1000        11.44        11.44        11.44        89.52
          512         1000        11.56        11.56        11.56       177.18
         1024         1000        11.99        11.99        11.99       341.53
         2048         1000        12.85        12.85        12.85       637.41
         4096         1000        17.80        17.81        17.81       920.14
         8192         1000        27.95        27.96        27.96      1172.13
        16384         1000        34.01        34.01        34.01      1927.18
        32768         1000        51.43        51.43        51.43      2548.40
        65536          640        83.01        83.01        83.01      3157.89
       131072          320       106.80       106.80       106.80      4908.91
       262144          160       148.24       148.31       148.27      7070.32
       524288           80       228.01       228.18       228.09      9190.96
      1048576           40       364.38       364.58       364.48     11504.55
      2097152           20       637.56       637.70       637.63     13154.51
      4194304           10      1155.61      1156.00      1155.81     14513.21

#----------------------------------------------------------------
# Benchmarking Allreduce 
# #processes = 2 
#----------------------------------------------------------------
       #bytes #repetitions  t_min[usec]  t_max[usec]  t_avg[usec]
            0         1000         0.61         0.63         0.62
            4         1000         8.10         8.13         8.12
            8         1000         7.99         8.07         8.03
           16         1000        11.64        11.65        11.65
           32         1000        11.62        11.65        11.64
           64         1000        11.23        11.33        11.28
          128         1000        12.41        12.47        12.44
          256         1000        12.72        12.76        12.74
          512         1000        12.63        12.65        12.64
         1024         1000        13.07        13.09        13.08
         2048         1000        13.81        13.83        13.82
         4096         1000        16.25        16.28        16.26
         8192         1000        27.70        27.79        27.74
        16384         1000        26.24        26.36        26.30
        32768         1000        44.15        44.20        44.17
        65536          640        66.05        66.13        66.09
       131072          320       107.51       107.80       107.65
       262144          160       222.41       255.21       238.81
       524288           80       448.33       480.99       464.66
      1048576           40       737.08       785.57       761.32
      2097152           20      1218.00      1237.20      1227.60
      4194304           10      2112.89      2123.50      2118.19

#----------------------------------------------------------------
# Benchmarking Reduce 
# #processes = 2 
#----------------------------------------------------------------
       #bytes #repetitions  t_min[usec]  t_max[usec]  t_avg[usec]
            0         1000         0.78         0.83         0.80
            4         1000         5.54         7.55         6.55
            8         1000         5.51         7.70         6.61
           16         1000         9.47        10.47         9.97
           32         1000         9.49        10.48         9.98
           64         1000         9.30        10.23         9.77
          128         1000        10.01        11.00        10.51
          256         1000        10.10        11.09        10.60
          512         1000        10.12        11.08        10.60
         1024         1000        10.40        11.25        10.83
         2048         1000        10.89        11.68        11.29
         4096         1000        12.44        13.09        12.77
         8192         1000        14.48        14.86        14.67
        16384         1000        18.93        20.44        19.68
        32768         1000        24.23        28.34        26.29
        65536          640        34.17        42.89        38.53
       131072          320        89.43        91.13        90.28
       262144          160       185.32       187.48       186.40
       524288           80       379.33       382.47       380.90
      1048576           40       749.47       754.67       752.07
      2097152           20      1486.58      1488.55      1487.57
      4194304           10      2943.71      2945.85      2944.78

#----------------------------------------------------------------
# Benchmarking Reduce_scatter 
# #processes = 2 
#----------------------------------------------------------------
       #bytes #repetitions  t_min[usec]  t_max[usec]  t_avg[usec]
            0         1000         1.53         1.54         1.53
            4         1000         7.84         8.01         7.93
            8         1000         8.27         8.29         8.28
           16         1000         8.28         8.29         8.28
           32         1000        11.70        11.77        11.73
           64         1000        11.64        11.73        11.69
          128         1000        11.28        11.31        11.30
          256         1000        12.65        12.68        12.66
          512         1000        12.81        12.85        12.83
         1024         1000        13.00        13.26        13.13
         2048         1000        13.45        13.47        13.46
         4096         1000        14.26        14.30        14.28
         8192         1000        16.50        16.51        16.51
        16384         1000        20.26        20.29        20.28
        32768         1000        26.47        26.58        26.53
        65536          640        38.19        38.24        38.21
       131072          320        59.84        60.23        60.03
       262144          160        99.62       100.02        99.82
       524288           80       210.25       243.65       226.95
      1048576           40       442.04       462.66       452.35
      2097152           20       779.82       783.62       781.72
      4194304           10      1372.22      1400.35      1386.28

#----------------------------------------------------------------
# Benchmarking Allgather 
# #processes = 2 
#----------------------------------------------------------------
       #bytes #repetitions  t_min[usec]  t_max[usec]  t_avg[usec]
            0         1000         0.64         0.64         0.64
            1         1000         5.67         5.67         5.67
            2         1000         5.80         5.84         5.82
            4         1000         5.66         5.70         5.68
            8         1000         5.71         5.72         5.72
           16         1000         9.28         9.34         9.31
           32         1000         9.31         9.32         9.32
           64         1000         9.00         9.10         9.05
          128         1000         9.53         9.54         9.53
          256         1000         9.59         9.67         9.63
          512         1000         9.76         9.81         9.79
         1024         1000        10.03        10.04        10.04
         2048         1000        10.44        10.49        10.47
         4096         1000        12.36        12.46        12.41
         8192         1000        15.30        15.40        15.35
        16384         1000        19.91        20.04        19.98
        32768         1000        28.92        28.94        28.93
        65536          640        45.97        46.12        46.05
       131072          320        84.19        84.88        84.53
       262144          160       119.92       121.01       120.47
       524288           80       249.87       291.10       270.48
      1048576           40       423.93       468.58       446.25
      2097152           20       729.32       751.65       740.49
      4194304           10      1264.88      1267.10      1265.99

#----------------------------------------------------------------
# Benchmarking Allgatherv 
# #processes = 2 
#----------------------------------------------------------------
       #bytes #repetitions  t_min[usec]  t_max[usec]  t_avg[usec]
            0         1000         0.78         0.80         0.79
            1         1000         6.81         6.84         6.83
            2         1000         6.78         6.80         6.79
            4         1000         6.85         6.87         6.86
            8         1000         6.93         6.97         6.95
           16         1000        10.18        10.26        10.22
           32         1000        10.15        10.21        10.18
           64         1000         9.77         9.84         9.80
          128         1000        10.18        10.25        10.22
          256         1000        10.27        10.34        10.31
          512         1000        10.52        10.57        10.54
         1024         1000        10.83        10.85        10.84
         2048         1000        11.39        11.41        11.40
         4096         1000        13.44        13.50        13.47
         8192         1000        16.20        16.27        16.23
        16384         1000        20.97        20.98        20.98
        32768         1000        29.90        30.05        29.97
        65536          640        46.55        46.63        46.59
       131072          320        84.73        84.85        84.79
       262144          160       119.84       124.81       122.33
       524288           80       247.34       291.85       269.60
      1048576           40       427.56       468.19       447.88
      2097152           20       726.39       752.39       739.39
      4194304           10      1274.47      1296.88      1285.67

#----------------------------------------------------------------
# Benchmarking Gather 
# #processes = 2 
#----------------------------------------------------------------
       #bytes #repetitions  t_min[usec]  t_max[usec]  t_avg[usec]
            0         1000         0.71         0.74         0.73
            1         1000         2.98         5.51         4.25
            2         1000         3.03         5.54         4.28
            4         1000         2.98         5.51         4.24
            8         1000         3.00         5.47         4.23
           16         1000         8.24         9.43         8.83
           32         1000         8.19         9.49         8.84
           64         1000         8.10         9.17         8.64
          128         1000         7.52         8.12         7.82
          256         1000         7.62         8.08         7.85
          512         1000         7.71         8.26         7.99
         1024         1000         7.78         8.75         8.26
         2048         1000         8.31         9.28         8.80
         4096         1000         9.98        11.03        10.51
         8192         1000        11.05        11.74        11.40
        16384         1000        13.21        14.15        13.68
        32768         1000        17.22        18.30        17.76
        65536          640        26.78        28.25        27.52
       131072          320        44.78        45.83        45.31
       262144          160        65.72        78.67        72.19
       524288           80       183.41       191.73       187.57
      1048576           40       342.36       343.86       343.11
      2097152           20       608.72       609.45       609.08
      4194304           10      1144.12      1144.43      1144.28

#----------------------------------------------------------------
# Benchmarking Gatherv 
# #processes = 2 
#----------------------------------------------------------------
       #bytes #repetitions  t_min[usec]  t_max[usec]  t_avg[usec]
            0         1000         0.83         1.80         1.32
            1         1000         2.90         5.48         4.19
            2         1000         2.88         5.56         4.22
            4         1000         2.82         5.56         4.19
            8         1000         2.81         5.52         4.17
           16         1000         7.58         7.99         7.79
           32         1000         7.57         7.99         7.78
           64         1000         7.40         7.84         7.62
          128         1000         7.81         8.25         8.03
          256         1000         7.82         8.25         8.04
          512         1000         7.96         8.45         8.21
         1024         1000         8.02         8.48         8.25
         2048         1000         8.36         8.78         8.57
         4096         1000         9.89        10.43        10.16
         8192         1000        11.97        12.61        12.29
        16384         1000        13.58        14.21        13.90
        32768         1000        18.54        20.64        19.59
        65536          640        27.91        28.77        28.34
       131072          320        48.85        49.69        49.27
       262144          160        66.80        78.98        72.89
       524288           80       178.19       179.53       178.86
      1048576           40       339.97       341.81       340.89
      2097152           20       609.08       611.89       610.48
      4194304           10      1142.43      1146.70      1144.56

#----------------------------------------------------------------
# Benchmarking Scatter 
# #processes = 2 
#----------------------------------------------------------------
       #bytes #repetitions  t_min[usec]  t_max[usec]  t_avg[usec]
            0         1000         0.77         0.77         0.77
            1         1000         4.07         5.89         4.98
            2         1000         4.12         5.85         4.99
            4         1000         4.11         5.93         5.02
            8         1000         4.14         5.84         4.99
           16         1000         8.01         9.27         8.64
           32         1000         7.98         9.32         8.65
           64         1000         7.76         8.94         8.35
          128         1000         8.00         9.24         8.62
          256         1000         8.02         9.30         8.66
          512         1000         8.22         9.53         8.87
         1024         1000         8.40         9.69         9.04
         2048         1000         8.98        10.16         9.57
         4096         1000        10.61        12.00        11.30
         8192         1000        11.84        13.30        12.57
        16384         1000        13.85        15.69        14.77
        32768         1000        17.86        20.65        19.25
        65536          640        25.85        30.64        28.25
       131072          320        57.11        59.03        58.07
       262144          160        70.87        86.61        78.74
       524288           80       211.60       233.80       222.70
      1048576           40       191.32       399.45       295.39
      2097152           20       676.08       701.25       688.67
      4194304           10      1204.87      1230.10      1217.48

#----------------------------------------------------------------
# Benchmarking Scatterv 
# #processes = 2 
#----------------------------------------------------------------
       #bytes #repetitions  t_min[usec]  t_max[usec]  t_avg[usec]
            0         1000         0.86         1.70         1.28
            1         1000         4.99         5.94         5.46
            2         1000         4.96         5.93         5.44
            4         1000         4.93         5.93         5.43
            8         1000         4.98         5.94         5.46
           16         1000         8.03         9.38         8.71
           32         1000         8.00         9.37         8.68
           64         1000         7.80         9.10         8.45
          128         1000         8.01         9.47         8.74
          256         1000         8.17         9.55         8.86
          512         1000         8.36         9.77         9.06
         1024         1000         8.61        10.04         9.32
         2048         1000         9.07        10.54         9.80
         4096         1000        10.80        12.45        11.62
         8192         1000        12.22        13.76        12.99
        16384         1000        14.61        16.20        15.40
        32768         1000        19.82        21.31        20.56
        65536          640        29.49        31.27        30.38
       131072          320        53.55        55.83        54.69
       262144          160        72.23        87.70        79.96
       524288           80       210.25       237.41       223.83
      1048576           40       383.76       420.14       401.95
      2097152           20       673.29       699.40       686.35
      4194304           10      1202.32      1227.88      1215.10

#----------------------------------------------------------------
# Benchmarking Alltoall 
# #processes = 2 
#----------------------------------------------------------------
       #bytes #repetitions  t_min[usec]  t_max[usec]  t_avg[usec]
            0         1000         0.68         0.68         0.68
            1         1000         6.15         6.16         6.16
            2         1000         6.16         6.21         6.18
            4         1000         6.24         6.26         6.25
            8         1000         6.33         6.33         6.33
           16         1000         9.62         9.66         9.64
           32         1000         9.60         9.66         9.63
           64         1000         9.27         9.38         9.33
          128         1000         9.74         9.76         9.75
          256         1000         9.83         9.89         9.86
          512         1000        10.04        10.07        10.05
         1024         1000        10.24        10.31        10.28
         2048         1000        10.74        10.81        10.77
         4096         1000        12.84        12.86        12.85
         8192         1000        15.68        16.16        15.92
        16384         1000        20.18        20.20        20.19
        32768         1000        29.21        29.42        29.31
        65536          640        46.14        46.15        46.15
       131072          320        73.20        73.65        73.42
       262144          160        91.45        93.00        92.23
       524288           80       235.94       247.36       241.65
      1048576           40       422.58       432.94       427.76
      2097152           20       710.84       718.59       714.72
      4194304           10      1273.75      1283.93      1278.84

#----------------------------------------------------------------
# Benchmarking Alltoallv 
# #processes = 2 
#----------------------------------------------------------------
       #bytes #repetitions  t_min[usec]  t_max[usec]  t_avg[usec]
            0         1000         2.53         2.69         2.61
            1         1000        10.42        10.62        10.52
            2         1000        10.46        10.77        10.62
            4         1000        10.40        10.64        10.52
            8         1000        10.34        10.66        10.50
           16         1000        13.38        13.50        13.44
           32         1000        13.49        13.65        13.57
           64         1000        13.15        13.19        13.17
          128         1000        13.52        13.61        13.56
          256         1000        13.62        13.73        13.68
          512         1000        13.78        13.94        13.86
         1024         1000        14.12        14.31        14.21
         2048         1000        14.63        14.78        14.70
         4096         1000        16.93        16.95        16.94
         8192         1000        20.45        20.66        20.55
        16384         1000        25.15        26.42        25.79
        32768         1000        33.87        34.00        33.93
        65536          640        50.49        51.14        50.82
       131072          320        76.44        77.04        76.74
       262144          160       100.36       101.59       100.97
       524288           80       245.16       284.32       264.74
      1048576           40       423.34       466.47       444.90
      2097152           20       712.18       734.85       723.52
      4194304           10      1256.85      1286.70      1271.77

#----------------------------------------------------------------
# Benchmarking Bcast 
# #processes = 2 
#----------------------------------------------------------------
       #bytes #repetitions  t_min[usec]  t_max[usec]  t_avg[usec]
            0         1000         0.55         0.58         0.57
            1         1000         3.93         5.88         4.90
            2         1000         3.93         5.89         4.91
            4         1000         3.87         5.88         4.87
            8         1000         3.87         5.88         4.87
           16         1000         7.83         8.74         8.28
           32         1000         7.74         8.93         8.33
           64         1000         7.58         8.69         8.14
          128         1000         7.62         8.75         8.19
          256         1000         7.78         8.89         8.33
          512         1000         7.79         8.81         8.30
         1024         1000         7.98         8.82         8.40
         2048         1000         8.35         9.54         8.94
         4096         1000         9.98        11.02        10.50
         8192         1000        11.36        12.54        11.95
        16384         1000        13.22        14.28        13.75
        32768         1000        17.54        18.66        18.10
        65536          640        25.16        26.36        25.76
       131072          320        48.16        49.40        48.78
       262144          160        54.06        67.64        60.85
       524288           80        81.30        92.07        86.68
      1048576           40       136.32       149.65       142.99
      2097152           20       240.79       245.19       242.99
      4194304           10       413.51       416.76       415.13

#---------------------------------------------------
# Benchmarking Barrier 
# #processes = 2 
#---------------------------------------------------
 #repetitions  t_min[usec]  t_max[usec]  t_avg[usec]
         1000         3.51         3.51         3.51


# All processes entering MPI_Finalize

