#------------------------------------------------------------
#    Intel (R) MPI Benchmarks 2018 Update 1, MPI-1 part    
#------------------------------------------------------------
# Date                  : Thu Nov 30 16:01:27 2017
# Machine               : x86_64
# System                : Linux
# Release               : 4.4.74-92.35-default
# Version               : #1 SMP Mon Aug 7 18:24:48 UTC 2017 (c0fdc47)
# MPI Version           : 3.1
# MPI Thread Environment: 


# Calling sequence was: 

# ./IMB-MPI1

# Minimum message length in bytes:   0
# Maximum message length in bytes:   4194304
#
# MPI_Datatype                   :   MPI_BYTE 
# MPI_Datatype for reductions    :   MPI_FLOAT
# MPI_Op                         :   MPI_SUM  
#
#

# List of Benchmarks to run:

# PingPong
# PingPing
# Sendrecv
# Exchange
# Allreduce
# Reduce
# Reduce_scatter
# Allgather
# Allgatherv
# Gather
# Gatherv
# Scatter
# Scatterv
# Alltoall
# Alltoallv
# Bcast
# Barrier

#---------------------------------------------------
# Benchmarking PingPong 
# #processes = 2 
#---------------------------------------------------
       #bytes #repetitions      t[usec]   Mbytes/sec
            0         1000         3.26         0.00
            1         1000         3.28         0.31
            2         1000         3.27         0.61
            4         1000         3.27         1.22
            8         1000         3.33         2.41
           16         1000         5.12         3.12
           32         1000         5.11         6.27
           64         1000         4.93        12.98
          128         1000         4.99        25.67
          256         1000         5.07        50.52
          512         1000         5.17        99.05
         1024         1000         5.49       186.37
         2048         1000         5.83       351.23
         4096         1000         7.17       571.15
         8192         1000         8.50       963.38
        16384         1000        10.57      1550.27
        32768         1000        15.46      2119.12
        65536          640        24.20      2708.45
       131072          320        45.88      2856.87
       262144          160        66.57      3937.77
       524288           80        88.69      5911.65
      1048576           40       141.47      7411.76
      2097152           20       227.92      9201.17
      4194304           10      2087.00      2009.73

#---------------------------------------------------
# Benchmarking PingPing 
# #processes = 2 
#---------------------------------------------------
       #bytes #repetitions      t[usec]   Mbytes/sec
            0         1000         3.79         0.00
            1         1000         3.82         0.26
            2         1000         3.80         0.53
            4         1000         3.77         1.06
            8         1000         3.77         2.12
           16         1000         7.21         2.22
           32         1000         7.20         4.45
           64         1000         7.02         9.12
          128         1000         7.12        17.98
          256         1000         7.18        35.66
          512         1000         7.35        69.68
         1024         1000         7.69       133.07
         2048         1000         8.79       232.88
         4096         1000        10.24       400.12
         8192         1000        13.43       609.89
        16384         1000        17.10       958.30
        32768         1000        27.03      1212.38
        65536          640        43.68      1500.32
       131072          320        58.72      2232.20
       262144          160        73.09      3586.73
       524288           80        97.70      5366.25
      1048576           40       148.15      7077.64
      2097152           20      1752.26      1196.83
      4194304           10      3915.00      1071.34

#-----------------------------------------------------------------------------
# Benchmarking Sendrecv 
# #processes = 2 
#-----------------------------------------------------------------------------
       #bytes #repetitions  t_min[usec]  t_max[usec]  t_avg[usec]   Mbytes/sec
            0         1000         3.21         3.22         3.21         0.00
            1         1000         3.25         3.25         3.25         0.62
            2         1000         3.26         3.26         3.26         1.23
            4         1000         3.25         3.26         3.26         2.46
            8         1000         3.26         3.26         3.26         4.91
           16         1000         6.00         6.01         6.01         5.33
           32         1000         5.99         6.00         5.99        10.67
           64         1000         5.77         5.77         5.77        22.18
          128         1000         5.81         5.81         5.81        44.05
          256         1000         5.91         5.92         5.92        86.54
          512         1000         6.00         6.00         6.00       170.64
         1024         1000         6.35         6.35         6.35       322.68
         2048         1000         6.90         6.90         6.90       593.88
         4096         1000         8.85         8.86         8.85       925.02
         8192         1000        11.12        11.13        11.12      1472.71
        16384         1000        14.98        14.98        14.98      2186.88
        32768         1000        24.63        24.63        24.63      2660.40
        65536          640        41.00        41.00        41.00      3196.52
       131072          320        56.90        56.90        56.90      4607.09
       262144          160       104.04       104.09       104.07      5036.70
       524288           80       118.55       118.55       118.55      8844.96
      1048576           40       145.73       145.95       145.84     14369.18
      2097152           20      1835.30      1835.55      1835.42      2285.04
      4194304           10      3920.48      3920.91      3920.70      2139.45

#-----------------------------------------------------------------------------
# Benchmarking Exchange 
# #processes = 2 
#-----------------------------------------------------------------------------
       #bytes #repetitions  t_min[usec]  t_max[usec]  t_avg[usec]   Mbytes/sec
            0         1000         7.18         7.18         7.18         0.00
            1         1000         7.86         7.86         7.86         0.51
            2         1000         7.89         7.89         7.89         1.01
            4         1000         7.92         7.92         7.92         2.02
            8         1000         7.96         7.96         7.96         4.02
           16         1000        11.37        11.37        11.37         5.63
           32         1000        11.37        11.37        11.37        11.26
           64         1000        11.08        11.08        11.08        23.10
          128         1000        11.34        11.35        11.35        45.13
          256         1000        11.31        11.31        11.31        90.51
          512         1000        11.68        11.68        11.68       175.27
         1024         1000        12.03        12.03        12.03       340.54
         2048         1000        12.93        12.93        12.93       633.51
         4096         1000        18.03        18.03        18.03       908.50
         8192         1000        24.44        24.44        24.44      1340.97
        16384         1000        34.43        34.43        34.43      1903.61
        32768         1000        52.31        52.31        52.31      2505.86
        65536          640        87.14        87.14        87.14      3008.18
       131072          320       115.57       115.58       115.58      4536.23
       262144          160       151.28       151.31       151.29      6930.15
       524288           80       197.69       197.75       197.72     10605.05
      1048576           40       289.72       290.20       289.96     14453.29
      2097152           20      3598.95      3599.35      3599.15      2330.59
      4194304           10      7774.00      7775.28      7774.64      2157.76

#----------------------------------------------------------------
# Benchmarking Allreduce 
# #processes = 2 
#----------------------------------------------------------------
       #bytes #repetitions  t_min[usec]  t_max[usec]  t_avg[usec]
            0         1000         0.62         0.62         0.62
            4         1000         8.12         8.15         8.14
            8         1000         8.07         8.12         8.10
           16         1000        11.74        11.78        11.76
           32         1000        11.77        11.78        11.77
           64         1000        11.39        11.45        11.42
          128         1000        12.59        12.65        12.62
          256         1000        12.79        12.83        12.81
          512         1000        12.63        12.71        12.67
         1024         1000        13.22        13.24        13.23
         2048         1000        13.84        13.98        13.91
         4096         1000        16.34        16.45        16.39
         8192         1000        28.13        28.42        28.27
        16384         1000        26.59        26.60        26.60
        32768         1000        45.22        45.30        45.26
        65536          640        67.39        67.48        67.44
       131072          320       110.40       110.68       110.54
       262144          160       231.64       241.69       236.67
       524288           80       452.74       459.48       456.11
      1048576           40       787.58       797.40       792.49
      2097152           20      3307.88      3310.60      3309.24
      4194304           10     15876.39     15880.73     15878.56

#----------------------------------------------------------------
# Benchmarking Reduce 
# #processes = 2 
#----------------------------------------------------------------
       #bytes #repetitions  t_min[usec]  t_max[usec]  t_avg[usec]
            0         1000         0.77         0.80         0.79
            4         1000         5.61         7.59         6.60
            8         1000         5.59         7.60         6.59
           16         1000         9.60        10.58        10.09
           32         1000         9.59        10.64        10.11
           64         1000         9.44        10.31         9.88
          128         1000        10.15        11.12        10.63
          256         1000        10.19        11.20        10.69
          512         1000        10.38        11.24        10.81
         1024         1000        10.53        11.40        10.97
         2048         1000        11.06        11.79        11.43
         4096         1000        12.70        13.27        12.98
         8192         1000        14.64        14.70        14.67
        16384         1000        19.04        20.59        19.82
        32768         1000        24.43        28.22        26.33
        65536          640        34.62        42.94        38.78
       131072          320        95.35        97.61        96.48
       262144          160       194.64       196.85       195.75
       524288           80       396.74       402.85       399.79
      1048576           40       778.57       782.75       780.66
      2097152           20      1541.60      1541.89      1541.75
      4194304           10      3041.91      3045.20      3043.56

#----------------------------------------------------------------
# Benchmarking Reduce_scatter 
# #processes = 2 
#----------------------------------------------------------------
       #bytes #repetitions  t_min[usec]  t_max[usec]  t_avg[usec]
            0         1000         1.53         1.55         1.54
            4         1000         7.84         8.13         7.99
            8         1000         8.31         8.34         8.32
           16         1000         8.34         8.35         8.34
           32         1000        11.81        11.87        11.84
           64         1000        11.81        11.87        11.84
          128         1000        11.28        11.55        11.41
          256         1000        12.80        12.82        12.81
          512         1000        12.94        13.00        12.97
         1024         1000        13.06        13.39        13.23
         2048         1000        13.61        13.67        13.64
         4096         1000        14.45        14.47        14.46
         8192         1000        16.56        16.72        16.64
        16384         1000        20.61        20.78        20.70
        32768         1000        26.72        26.94        26.83
        65536          640        39.04        39.29        39.17
       131072          320        61.92        62.07        62.00
       262144          160       105.97       106.72       106.34
       524288           80       221.48       224.39       222.93
      1048576           40       467.81       475.95       471.88
      2097152           20       799.27       820.33       809.80
      4194304           10      4173.83      4200.55      4187.19

#----------------------------------------------------------------
# Benchmarking Allgather 
# #processes = 2 
#----------------------------------------------------------------
       #bytes #repetitions  t_min[usec]  t_max[usec]  t_avg[usec]
            0         1000         0.61         0.63         0.62
            1         1000         5.70         5.72         5.71
            2         1000         5.89         5.90         5.90
            4         1000         5.76         5.80         5.78
            8         1000         5.78         5.85         5.82
           16         1000         9.49         9.53         9.51
           32         1000         9.53         9.57         9.55
           64         1000         9.11         9.21         9.16
          128         1000         9.59         9.69         9.64
          256         1000         9.63         9.74         9.68
          512         1000         9.93        10.00         9.96
         1024         1000        10.10        10.28        10.19
         2048         1000        10.59        10.64        10.62
         4096         1000        12.86        12.87        12.87
         8192         1000        15.72        15.76        15.74
        16384         1000        20.36        20.48        20.42
        32768         1000        29.97        30.06        30.01
        65536          640        47.40        47.46        47.43
       131072          320        88.22        88.85        88.53
       262144          160       127.63       128.09       127.86
       524288           80       278.37       282.88       280.62
      1048576           40       473.14       483.67       478.41
      2097152           20      2642.98      2717.65      2680.31
      4194304           10      4075.43      4095.77      4085.60

#----------------------------------------------------------------
# Benchmarking Allgatherv 
# #processes = 2 
#----------------------------------------------------------------
       #bytes #repetitions  t_min[usec]  t_max[usec]  t_avg[usec]
            0         1000         0.77         0.78         0.77
            1         1000         6.81         6.87         6.84
            2         1000         6.85         6.90         6.88
            4         1000         6.86         6.92         6.89
            8         1000         6.95         6.95         6.95
           16         1000        10.33        10.41        10.37
           32         1000        10.24        10.36        10.30
           64         1000         9.95         9.97         9.96
          128         1000        10.36        10.36        10.36
          256         1000        10.40        10.41        10.40
          512         1000        10.64        10.72        10.68
         1024         1000        10.93        10.94        10.94
         2048         1000        11.53        11.55        11.54
         4096         1000        13.73        13.79        13.76
         8192         1000        16.61        16.67        16.64
        16384         1000        21.53        21.60        21.56
        32768         1000        31.18        31.32        31.25
        65536          640        49.25        49.31        49.28
       131072          320        87.33        88.87        88.10
       262144          160       126.68       129.02       127.85
       524288           80       279.79       287.43       283.61
      1048576           40       476.02       482.31       479.17
      2097152           20      2545.62      2552.51      2549.06
      4194304           10      4076.27      4081.27      4078.77

#----------------------------------------------------------------
# Benchmarking Gather 
# #processes = 2 
#----------------------------------------------------------------
       #bytes #repetitions  t_min[usec]  t_max[usec]  t_avg[usec]
            0         1000         0.71         0.75         0.73
            1         1000         3.04         5.64         4.34
            2         1000         3.06         5.56         4.31
            4         1000         2.98         5.57         4.27
            8         1000         2.99         5.58         4.29
           16         1000         8.44         9.61         9.02
           32         1000         8.45         9.64         9.04
           64         1000         8.23         9.29         8.76
          128         1000         7.62         8.12         7.87
          256         1000         7.62         8.18         7.90
          512         1000         7.73         8.28         8.01
         1024         1000         8.01         8.88         8.44
         2048         1000         8.35         9.34         8.84
         4096         1000        10.03        11.04        10.53
         8192         1000        11.47        12.16        11.81
        16384         1000        13.83        14.65        14.24
        32768         1000        18.45        19.49        18.97
        65536          640        28.38        29.73        29.06
       131072          320        49.45        50.18        49.81
       262144          160        76.85        89.94        83.40
       524288           80       177.03       182.51       179.77
      1048576           40       356.98       367.50       362.24
      2097152           20       640.34       641.74       641.04
      4194304           10      1217.08      1225.57      1221.32

#----------------------------------------------------------------
# Benchmarking Gatherv 
# #processes = 2 
#----------------------------------------------------------------
       #bytes #repetitions  t_min[usec]  t_max[usec]  t_avg[usec]
            0         1000         0.81         1.79         1.30
            1         1000         2.91         5.62         4.27
            2         1000         2.90         5.54         4.22
            4         1000         2.85         5.59         4.22
            8         1000         2.84         5.60         4.22
           16         1000         7.60         8.12         7.86
           32         1000         7.64         8.09         7.87
           64         1000         7.46         7.90         7.68
          128         1000         7.81         8.33         8.07
          256         1000         7.88         8.29         8.09
          512         1000         7.92         8.41         8.16
         1024         1000         8.10         8.52         8.31
         2048         1000         8.45         8.82         8.64
         4096         1000        10.03        10.62        10.33
         8192         1000        11.51        12.13        11.82
        16384         1000        14.16        14.69        14.42
        32768         1000        19.54        20.24        19.89
        65536          640        29.67        30.56        30.11
       131072          320        49.23        50.43        49.83
       262144          160        78.77        89.60        84.18
       524288           80       180.86       182.63       181.74
      1048576           40       358.01       361.63       359.82
      2097152           20       642.66       647.80       645.23
      4194304           10      1220.39      1227.88      1224.14

#----------------------------------------------------------------
# Benchmarking Scatter 
# #processes = 2 
#----------------------------------------------------------------
       #bytes #repetitions  t_min[usec]  t_max[usec]  t_avg[usec]
            0         1000         0.78         0.78         0.78
            1         1000         4.09         5.91         5.00
            2         1000         4.14         6.05         5.09
            4         1000         4.10         5.91         5.01
            8         1000         4.11         5.95         5.03
           16         1000         8.05        10.01         9.03
           32         1000         8.04         9.38         8.71
           64         1000         7.86         9.02         8.44
          128         1000         8.11         9.35         8.73
          256         1000         8.10         9.33         8.72
          512         1000         8.22         9.55         8.88
         1024         1000         8.51         9.85         9.18
         2048         1000         9.00        10.32         9.66
         4096         1000        10.51        12.13        11.32
         8192         1000        11.82        13.62        12.72
        16384         1000        13.85        16.00        14.93
        32768         1000        18.68        21.38        20.03
        65536          640        26.37        31.37        28.87
       131072          320        56.38        58.25        57.31
       262144          160        86.40       103.48        94.94
       524288           80       217.04       243.97       230.51
      1048576           40       204.80       423.99       314.40
      2097152           20      2134.20      2153.85      2144.03
      4194304           10      3302.96      3319.62      3311.29

#----------------------------------------------------------------
# Benchmarking Scatterv 
# #processes = 2 
#----------------------------------------------------------------
       #bytes #repetitions  t_min[usec]  t_max[usec]  t_avg[usec]
            0         1000         0.87         1.70         1.29
            1         1000         5.02         5.98         5.50
            2         1000         5.02         5.91         5.47
            4         1000         4.99         6.02         5.51
            8         1000         4.99         5.94         5.47
           16         1000         8.13         9.55         8.84
           32         1000         8.12         9.53         8.82
           64         1000         7.92         9.27         8.60
          128         1000         8.20         9.70         8.95
          256         1000         8.20         9.71         8.96
          512         1000         8.47         9.83         9.15
         1024         1000         8.68        10.17         9.43
         2048         1000         9.20        10.71         9.95
         4096         1000        10.90        12.63        11.77
         8192         1000        12.44        14.12        13.28
        16384         1000        14.88        16.67        15.77
        32768         1000        20.28        21.80        21.04
        65536          640        30.12        31.68        30.90
       131072          320        53.66        56.16        54.91
       262144          160        86.12       102.22        94.17
       524288           80       218.50       245.04       231.77
      1048576           40       408.01       438.48       423.24
      2097152           20      2116.22      2142.35      2129.28
      4194304           10      3276.30      3299.64      3287.97

#----------------------------------------------------------------
# Benchmarking Alltoall 
# #processes = 2 
#----------------------------------------------------------------
       #bytes #repetitions  t_min[usec]  t_max[usec]  t_avg[usec]
            0         1000         0.67         0.67         0.67
            1         1000         6.23         6.26         6.24
            2         1000         6.24         6.31         6.28
            4         1000         6.27         6.36         6.32
            8         1000         6.30         6.35         6.33
           16         1000         9.72         9.82         9.77
           32         1000         9.77         9.82         9.80
           64         1000         9.45         9.49         9.47
          128         1000         9.86         9.87         9.87
          256         1000         9.99        10.04        10.01
          512         1000        10.12        10.13        10.12
         1024         1000        10.52        10.55        10.54
         2048         1000        10.99        11.00        11.00
         4096         1000        13.00        13.02        13.01
         8192         1000        16.06        16.13        16.10
        16384         1000        20.77        20.81        20.79
        32768         1000        30.44        30.57        30.50
        65536          640        47.90        48.07        47.98
       131072          320        75.92        77.26        76.59
       262144          160       108.80       109.90       109.35
       524288           80       262.45       265.19       263.82
      1048576           40       459.62       459.74       459.68
      2097152           20      2532.12      2538.35      2535.24
      4194304           10      4075.74      4082.63      4079.19

#----------------------------------------------------------------
# Benchmarking Alltoallv 
# #processes = 2 
#----------------------------------------------------------------
       #bytes #repetitions  t_min[usec]  t_max[usec]  t_avg[usec]
            0         1000         2.61         2.66         2.64
            1         1000        10.51        10.68        10.59
            2         1000        10.43        10.78        10.60
            4         1000        10.43        10.73        10.58
            8         1000        10.51        10.73        10.62
           16         1000        13.56        13.73        13.64
           32         1000        13.55        13.60        13.57
           64         1000        13.25        13.39        13.32
          128         1000        13.71        13.85        13.78
          256         1000        13.78        13.94        13.86
          512         1000        13.98        14.13        14.05
         1024         1000        14.27        14.50        14.38
         2048         1000        14.73        14.98        14.85
         4096         1000        17.00        17.31        17.16
         8192         1000        20.55        20.70        20.62
        16384         1000        25.31        25.46        25.39
        32768         1000        35.18        35.24        35.21
        65536          640        52.44        52.57        52.50
       131072          320        83.57        85.30        84.44
       262144          160       120.71       121.11       120.91
       524288           80       266.97       272.12       269.54
      1048576           40       460.92       465.25       463.08
      2097152           20      2540.12      2562.01      2551.07
      4194304           10      4077.58      4111.91      4094.74

#----------------------------------------------------------------
# Benchmarking Bcast 
# #processes = 2 
#----------------------------------------------------------------
       #bytes #repetitions  t_min[usec]  t_max[usec]  t_avg[usec]
            0         1000         0.53         0.56         0.54
            1         1000         3.90         5.82         4.86
            2         1000         3.88         5.90         4.89
            4         1000         3.82         5.85         4.84
            8         1000         3.83         5.88         4.85
           16         1000         7.92         8.79         8.36
           32         1000         7.73         8.92         8.33
           64         1000         7.64         8.79         8.21
          128         1000         7.61         8.88         8.25
          256         1000         7.70         8.82         8.26
          512         1000         7.73         8.97         8.35
         1024         1000         8.06         8.95         8.51
         2048         1000         8.48         9.66         9.07
         4096         1000        10.14        11.18        10.66
         8192         1000        11.46        12.46        11.96
        16384         1000        13.32        14.47        13.90
        32768         1000        17.63        18.86        18.25
        65536          640        25.46        26.76        26.11
       131072          320        49.10        50.39        49.74
       262144          160        56.66        69.97        63.31
       524288           80        84.62        92.06        88.34
      1048576           40       141.68       145.76       143.72
      2097152           20      1661.63      1673.95      1667.79
      4194304           10      2446.20      2453.23      2449.72

#---------------------------------------------------
# Benchmarking Barrier 
# #processes = 2 
#---------------------------------------------------
 #repetitions  t_min[usec]  t_max[usec]  t_avg[usec]
         1000         3.54         3.54         3.54


# All processes entering MPI_Finalize

