#------------------------------------------------------------
#    Intel (R) MPI Benchmarks 2018 Update 1, MPI-1 part    
#------------------------------------------------------------
# Date                  : Fri Dec  1 15:26:56 2017
# Machine               : x86_64
# System                : Linux
# Release               : 4.4.74-92.35-default
# Version               : #1 SMP Mon Aug 7 18:24:48 UTC 2017 (c0fdc47)
# MPI Version           : 3.1
# MPI Thread Environment: 


# Calling sequence was: 

# ./IMB-MPI1

# Minimum message length in bytes:   0
# Maximum message length in bytes:   4194304
#
# MPI_Datatype                   :   MPI_BYTE 
# MPI_Datatype for reductions    :   MPI_FLOAT
# MPI_Op                         :   MPI_SUM  
#
#

# List of Benchmarks to run:

# PingPong
# PingPing
# Sendrecv
# Exchange
# Allreduce
# Reduce
# Reduce_scatter
# Allgather
# Allgatherv
# Gather
# Gatherv
# Scatter
# Scatterv
# Alltoall
# Alltoallv
# Bcast
# Barrier

#---------------------------------------------------
# Benchmarking PingPong 
# #processes = 2 
#---------------------------------------------------
       #bytes #repetitions      t[usec]   Mbytes/sec
            0         1000         3.15         0.00
            1         1000         3.22         0.31
            2         1000         3.24         0.62
            4         1000         3.15         1.27
            8         1000         3.17         2.52
           16         1000         5.01         3.19
           32         1000         5.00         6.40
           64         1000         4.82        13.28
          128         1000         4.90        26.14
          256         1000         4.98        51.43
          512         1000         5.10       100.49
         1024         1000         5.37       190.85
         2048         1000         5.77       355.19
         4096         1000         7.10       576.70
         8192         1000         8.28       988.84
        16384         1000        10.21      1605.09
        32768         1000        14.80      2213.69
        65536          640        23.30      2813.29
       131072          320        45.41      2886.45
       262144          160        64.86      4041.53
       524288           80        93.92      5582.43
      1048576           40       160.03      6552.51
      2097152           20       230.15      9112.05
      4194304           10      1358.76      3086.86

#---------------------------------------------------
# Benchmarking PingPing 
# #processes = 2 
#---------------------------------------------------
       #bytes #repetitions      t[usec]   Mbytes/sec
            0         1000         3.73         0.00
            1         1000         3.75         0.27
            2         1000         3.72         0.54
            4         1000         3.72         1.08
            8         1000         3.73         2.15
           16         1000         7.11         2.25
           32         1000         7.10         4.51
           64         1000         6.85         9.34
          128         1000         6.99        18.31
          256         1000         7.08        36.14
          512         1000         7.23        70.86
         1024         1000         7.56       135.45
         2048         1000         7.94       258.06
         4096         1000         9.98       410.22
         8192         1000        12.95       632.64
        16384         1000        16.25      1008.00
        32768         1000        25.50      1284.82
        65536          640        41.26      1588.20
       131072          320        59.54      2201.28
       262144          160        70.34      3726.61
       524288           80        98.45      5325.48
      1048576           40       141.15      7428.82
      2097152           20       230.55      9096.27
      4194304           10      2184.89      1919.69

#-----------------------------------------------------------------------------
# Benchmarking Sendrecv 
# #processes = 2 
#-----------------------------------------------------------------------------
       #bytes #repetitions  t_min[usec]  t_max[usec]  t_avg[usec]   Mbytes/sec
            0         1000         3.25         3.25         3.25         0.00
            1         1000         3.20         3.20         3.20         0.62
            2         1000         3.25         3.25         3.25         1.23
            4         1000         3.18         3.18         3.18         2.51
            8         1000         3.17         3.17         3.17         5.05
           16         1000         5.89         5.89         5.89         5.43
           32         1000         5.85         5.85         5.85        10.94
           64         1000         5.65         5.65         5.65        22.65
          128         1000         5.75         5.75         5.75        44.52
          256         1000         5.84         5.84         5.84        87.68
          512         1000         5.98         5.98         5.98       171.21
         1024         1000         6.29         6.29         6.29       325.75
         2048         1000         6.80         6.80         6.80       602.25
         4096         1000         8.57         8.57         8.57       955.66
         8192         1000        10.73        10.73        10.73      1526.35
        16384         1000        14.59        14.59        14.59      2246.06
        32768         1000        23.77        23.77        23.77      2756.75
        65536          640        39.60        39.60        39.60      3310.16
       131072          320        53.86        53.86        53.86      4866.91
       262144          160        79.63        79.67        79.65      6580.82
       524288           80       196.94       197.69       197.31      5304.20
      1048576           40       287.95       289.45       288.70      7245.25
      2097152           20       416.96       419.35       418.16     10001.81
      4194304           10      2492.81      2493.91      2493.36      3363.64

#-----------------------------------------------------------------------------
# Benchmarking Exchange 
# #processes = 2 
#-----------------------------------------------------------------------------
       #bytes #repetitions  t_min[usec]  t_max[usec]  t_avg[usec]   Mbytes/sec
            0         1000         7.08         7.08         7.08         0.00
            1         1000         7.76         7.76         7.76         0.52
            2         1000         7.78         7.78         7.78         1.03
            4         1000         7.88         7.88         7.88         2.03
            8         1000         7.80         7.80         7.80         4.10
           16         1000        11.29        11.29        11.29         5.67
           32         1000        11.16        11.17        11.17        11.46
           64         1000        11.05        11.05        11.05        23.17
          128         1000        11.15        11.15        11.15        45.92
          256         1000        11.26        11.26        11.26        90.95
          512         1000        11.71        11.72        11.72       174.80
         1024         1000        11.93        11.93        11.93       343.25
         2048         1000        12.79        12.79        12.79       640.55
         4096         1000        17.84        17.84        17.84       918.17
         8192         1000        24.78        24.78        24.78      1322.15
        16384         1000        33.40        33.40        33.40      1962.39
        32768         1000        49.89        49.89        49.89      2627.05
        65536          640        83.11        83.11        83.11      3154.02
       131072          320       111.67       111.68       111.67      4694.63
       262144          160       154.33       154.36       154.34      6793.27
       524288           80       229.58       230.25       229.91      9108.16
      1048576           40       295.03       295.10       295.06     14213.32
      2097152           20       583.35       583.40       583.37     14378.87
      4194304           10      4687.79      4688.38      4688.08      3578.47

#----------------------------------------------------------------
# Benchmarking Allreduce 
# #processes = 2 
#----------------------------------------------------------------
       #bytes #repetitions  t_min[usec]  t_max[usec]  t_avg[usec]
            0         1000         0.63         0.67         0.65
            4         1000         8.17         8.18         8.18
            8         1000         8.08         8.10         8.09
           16         1000        11.63        11.78        11.70
           32         1000        11.59        11.67        11.63
           64         1000        11.27        11.32        11.30
          128         1000        12.49        12.60        12.55
          256         1000        12.75        12.77        12.76
          512         1000        12.68        12.73        12.71
         1024         1000        13.17        13.20        13.19
         2048         1000        13.84        13.86        13.85
         4096         1000        16.15        16.23        16.19
         8192         1000        27.60        27.74        27.67
        16384         1000        26.09        26.10        26.10
        32768         1000        44.27        44.34        44.31
        65536          640        66.20        66.22        66.21
       131072          320       108.15       108.43       108.29
       262144          160       225.34       259.48       242.41
       524288           80       439.78       477.61       458.70
      1048576           40       761.01       790.97       775.99
      2097152           20      1220.79      1268.76      1244.77
      4194304           10     12235.02     12246.27     12240.65

#----------------------------------------------------------------
# Benchmarking Reduce 
# #processes = 2 
#----------------------------------------------------------------
       #bytes #repetitions  t_min[usec]  t_max[usec]  t_avg[usec]
            0         1000         0.79         0.81         0.80
            4         1000         5.65         7.60         6.62
            8         1000         5.63         7.51         6.57
           16         1000         9.56        10.50        10.03
           32         1000         9.42        10.48         9.95
           64         1000         9.31        10.20         9.76
          128         1000        10.03        11.00        10.51
          256         1000        10.22        11.11        10.66
          512         1000        10.23        11.18        10.70
         1024         1000        10.50        11.28        10.89
         2048         1000        10.89        11.65        11.27
         4096         1000        12.43        13.03        12.73
         8192         1000        14.47        14.48        14.47
        16384         1000        18.62        20.35        19.49
        32768         1000        23.96        28.02        25.99
        65536          640        33.97        42.72        38.35
       131072          320        89.19        90.82        90.00
       262144          160       186.11       187.65       186.88
       524288           80       382.79       386.89       384.84
      1048576           40       751.30       754.99       753.14
      2097152           20      1493.16      1494.73      1493.94
      4194304           10      2949.05      2951.81      2950.43

#----------------------------------------------------------------
# Benchmarking Reduce_scatter 
# #processes = 2 
#----------------------------------------------------------------
       #bytes #repetitions  t_min[usec]  t_max[usec]  t_avg[usec]
            0         1000         1.56         1.56         1.56
            4         1000         7.84         8.04         7.94
            8         1000         8.19         8.23         8.21
           16         1000         8.23         8.26         8.25
           32         1000        11.72        11.78        11.75
           64         1000        11.68        11.77        11.72
          128         1000        11.27        11.36        11.31
          256         1000        12.69        12.75        12.72
          512         1000        12.78        12.78        12.78
         1024         1000        13.01        13.23        13.12
         2048         1000        13.53        13.57        13.55
         4096         1000        14.27        14.34        14.30
         8192         1000        16.43        16.50        16.46
        16384         1000        20.04        20.07        20.06
        32768         1000        26.32        26.45        26.39
        65536          640        38.22        38.26        38.24
       131072          320        60.36        60.45        60.41
       262144          160        97.92       100.57        99.25
       524288           80       205.30       238.45       221.88
      1048576           40       433.71       473.33       453.52
      2097152           20       806.09       950.62       878.36
      4194304           10      1377.32      1407.36      1392.34

#----------------------------------------------------------------
# Benchmarking Allgather 
# #processes = 2 
#----------------------------------------------------------------
       #bytes #repetitions  t_min[usec]  t_max[usec]  t_avg[usec]
            0         1000         0.64         0.64         0.64
            1         1000         5.66         5.67         5.67
            2         1000         5.90         5.96         5.93
            4         1000         5.68         5.68         5.68
            8         1000         5.76         5.79         5.78
           16         1000         9.32         9.37         9.35
           32         1000         9.38         9.39         9.38
           64         1000         8.98         9.01         8.99
          128         1000         9.48         9.52         9.50
          256         1000         9.58         9.59         9.58
          512         1000         9.74         9.84         9.79
         1024         1000        10.02        10.05        10.03
         2048         1000        10.56        10.59        10.58
         4096         1000        12.49        12.58        12.53
         8192         1000        15.34        15.36        15.35
        16384         1000        19.96        19.99        19.98
        32768         1000        28.96        29.03        28.99
        65536          640        45.96        45.96        45.96
       131072          320        91.58        94.13        92.85
       262144          160       121.97       125.76       123.87
       524288           80       252.62       288.69       270.65
      1048576           40       423.61       449.34       436.47
      2097152           20       705.99       714.78       710.39
      4194304           10      1263.83      1273.78      1268.80

#----------------------------------------------------------------
# Benchmarking Allgatherv 
# #processes = 2 
#----------------------------------------------------------------
       #bytes #repetitions  t_min[usec]  t_max[usec]  t_avg[usec]
            0         1000         0.76         0.81         0.79
            1         1000         6.76         6.78         6.77
            2         1000         6.85         6.88         6.86
            4         1000         6.86         6.87         6.86
            8         1000         6.88         6.93         6.91
           16         1000        10.17        10.24        10.21
           32         1000        10.19        10.26        10.22
           64         1000         9.85         9.90         9.88
          128         1000        10.22        10.36        10.29
          256         1000        10.41        10.43        10.42
          512         1000        10.48        10.63        10.55
         1024         1000        10.85        10.92        10.89
         2048         1000        11.34        11.42        11.38
         4096         1000        13.50        13.59        13.54
         8192         1000        16.22        16.26        16.24
        16384         1000        20.78        20.85        20.82
        32768         1000        29.94        30.09        30.01
        65536          640        46.37        46.72        46.54
       131072          320        86.58        87.61        87.10
       262144          160       124.86       128.75       126.81
       524288           80       257.14       286.33       271.73
      1048576           40       432.07       453.78       442.93
      2097152           20       702.88       707.54       705.21
      4194304           10      1268.24      1280.78      1274.51

#----------------------------------------------------------------
# Benchmarking Gather 
# #processes = 2 
#----------------------------------------------------------------
       #bytes #repetitions  t_min[usec]  t_max[usec]  t_avg[usec]
            0         1000         0.68         0.76         0.72
            1         1000         3.04         5.45         4.24
            2         1000         3.00         5.47         4.24
            4         1000         3.01         5.48         4.24
            8         1000         2.99         5.50         4.25
           16         1000         8.28         9.48         8.88
           32         1000         8.27         9.48         8.87
           64         1000         8.09         9.18         8.63
          128         1000         7.54         8.03         7.79
          256         1000         7.58         8.09         7.83
          512         1000         7.72         8.26         7.99
         1024         1000         7.95         8.76         8.36
         2048         1000         8.19         9.19         8.69
         4096         1000        10.00        10.90        10.45
         8192         1000        10.99        11.74        11.36
        16384         1000        13.34        13.95        13.65
        32768         1000        17.44        18.54        17.99
        65536          640        26.66        28.05        27.35
       131072          320        45.97        47.24        46.60
       262144          160        67.52        81.27        74.39
       524288           80       183.95       189.16       186.56
      1048576           40       353.84       354.21       354.02
      2097152           20       622.03       635.90       628.97
      4194304           10      1160.76      1174.04      1167.40

#----------------------------------------------------------------
# Benchmarking Gatherv 
# #processes = 2 
#----------------------------------------------------------------
       #bytes #repetitions  t_min[usec]  t_max[usec]  t_avg[usec]
            0         1000         0.80         1.77         1.29
            1         1000         2.86         5.62         4.24
            2         1000         2.87         5.60         4.24
            4         1000         3.85         5.58         4.72
            8         1000         2.79         5.49         4.14
           16         1000         7.45         7.96         7.70
           32         1000         7.48         7.93         7.71
           64         1000         7.40         7.90         7.65
          128         1000         7.82         8.24         8.03
          256         1000         7.79         8.24         8.02
          512         1000         7.93         8.36         8.15
         1024         1000         8.06         8.54         8.30
         2048         1000         8.38         8.79         8.59
         4096         1000         9.90        10.42        10.16
         8192         1000        11.41        11.90        11.66
        16384         1000        13.66        14.32        13.99
        32768         1000        18.21        19.03        18.62
        65536          640        27.43        28.44        27.94
       131072          320        49.66        50.99        50.33
       262144          160        69.13        80.54        74.83
       524288           80       187.30       190.76       189.03
      1048576           40       353.78       356.22       355.00
      2097152           20       620.62       622.53       621.58
      4194304           10      1154.02      1156.12      1155.07

#----------------------------------------------------------------
# Benchmarking Scatter 
# #processes = 2 
#----------------------------------------------------------------
       #bytes #repetitions  t_min[usec]  t_max[usec]  t_avg[usec]
            0         1000         0.75         0.79         0.77
            1         1000         4.11         5.88         4.99
            2         1000         4.16         5.89         5.03
            4         1000         4.10         5.81         4.96
            8         1000         4.10         5.86         4.98
           16         1000         7.98         9.20         8.59
           32         1000         8.02         9.21         8.62
           64         1000         7.80         8.85         8.32
          128         1000         8.04         9.18         8.61
          256         1000         8.08         9.23         8.66
          512         1000         8.20         9.42         8.81
         1024         1000         8.50         9.71         9.10
         2048         1000         9.04        10.30         9.67
         4096         1000        10.47        11.86        11.17
         8192         1000        11.62        13.31        12.47
        16384         1000        13.64        15.60        14.62
        32768         1000        18.00        20.70        19.35
        65536          640        26.24        31.02        28.63
       131072          320        53.62        55.41        54.51
       262144          160        79.39        94.54        86.96
       524288           80       209.49       234.52       222.00
      1048576           40       182.18       394.51       288.34
      2097152           20       656.34       683.25       669.80
      4194304           10      1293.99      1322.89      1308.44

#----------------------------------------------------------------
# Benchmarking Scatterv 
# #processes = 2 
#----------------------------------------------------------------
       #bytes #repetitions  t_min[usec]  t_max[usec]  t_avg[usec]
            0         1000         0.86         1.69         1.27
            1         1000         4.97         5.91         5.44
            2         1000         4.96         5.88         5.42
            4         1000         4.94         5.85         5.39
            8         1000         4.95         5.84         5.40
           16         1000         7.97         9.37         8.67
           32         1000         7.98         9.31         8.64
           64         1000         7.83         9.11         8.47
          128         1000         8.15         9.48         8.82
          256         1000         8.09         9.52         8.81
          512         1000         8.28         9.73         9.00
         1024         1000         8.57        10.01         9.29
         2048         1000         9.06        10.51         9.78
         4096         1000        10.84        12.32        11.58
         8192         1000        12.28        13.95        13.12
        16384         1000        15.18        16.53        15.85
        32768         1000        19.48        21.21        20.35
        65536          640        29.19        31.17        30.18
       131072          320        56.91        59.33        58.12
       262144          160        78.77        95.49        87.13
       524288           80       207.39       232.63       220.01
      1048576           40       378.32       407.70       393.01
      2097152           20       654.34       682.80       668.57
      4194304           10      1187.18      1214.72      1200.95

#----------------------------------------------------------------
# Benchmarking Alltoall 
# #processes = 2 
#----------------------------------------------------------------
       #bytes #repetitions  t_min[usec]  t_max[usec]  t_avg[usec]
            0         1000         0.65         0.68         0.67
            1         1000         6.13         6.15         6.14
            2         1000         6.21         6.23         6.22
            4         1000         6.23         6.29         6.26
            8         1000         6.27         6.28         6.27
           16         1000         9.63         9.69         9.66
           32         1000         9.64         9.66         9.65
           64         1000         9.34         9.39         9.37
          128         1000         9.75         9.79         9.77
          256         1000         9.82         9.83         9.83
          512         1000        10.05        10.13        10.09
         1024         1000        10.32        10.41        10.37
         2048         1000        10.76        10.83        10.80
         4096         1000        12.82        13.04        12.93
         8192         1000        15.75        15.92        15.83
        16384         1000        20.77        20.79        20.78
        32768         1000        29.92        30.05        29.99
        65536          640        47.43        47.75        47.59
       131072          320        71.87        71.91        71.89
       262144          160        95.25        96.35        95.80
       524288           80       240.01       241.13       240.57
      1048576           40       411.67       416.84       414.25
      2097152           20       700.19       706.68       703.44
      4194304           10      1264.48      1274.16      1269.32

#----------------------------------------------------------------
# Benchmarking Alltoallv 
# #processes = 2 
#----------------------------------------------------------------
       #bytes #repetitions  t_min[usec]  t_max[usec]  t_avg[usec]
            0         1000         2.56         2.68         2.62
            1         1000        10.46        11.84        11.15
            2         1000        10.41        10.69        10.55
            4         1000        10.67        11.07        10.87
            8         1000        10.32        10.65        10.49
           16         1000        13.48        13.57        13.53
           32         1000        13.39        14.16        13.77
           64         1000        13.09        13.19        13.14
          128         1000        13.51        13.59        13.55
          256         1000        13.56        13.71        13.64
          512         1000        13.81        14.00        13.91
         1024         1000        14.10        14.31        14.21
         2048         1000        14.64        14.83        14.73
         4096         1000        16.69        16.84        16.76
         8192         1000        20.47        20.50        20.49
        16384         1000        24.82        24.89        24.85
        32768         1000        33.92        34.02        33.97
        65536          640        51.24        51.43        51.33
       131072          320        76.39        77.12        76.76
       262144          160        99.86       101.19       100.53
       524288           80       253.00       282.16       267.58
      1048576           40       441.86       446.77       444.32
      2097152           20       709.81       715.65       712.73
      4194304           10      1275.18      1287.63      1281.40

#----------------------------------------------------------------
# Benchmarking Bcast 
# #processes = 2 
#----------------------------------------------------------------
       #bytes #repetitions  t_min[usec]  t_max[usec]  t_avg[usec]
            0         1000         0.56         0.57         0.56
            1         1000         3.87         5.78         4.82
            2         1000         3.87         5.82         4.84
            4         1000         3.84         5.75         4.80
            8         1000         3.85         5.81         4.83
           16         1000         7.83         8.74         8.29
           32         1000         7.65         8.81         8.23
           64         1000         7.48         8.64         8.06
          128         1000         7.50         8.72         8.11
          256         1000         7.68         8.72         8.20
          512         1000         7.72         8.82         8.27
         1024         1000         7.99         8.83         8.41
         2048         1000         8.35         9.50         8.93
         4096         1000        10.10        11.09        10.59
         8192         1000        11.25        12.28        11.77
        16384         1000        13.41        14.42        13.91
        32768         1000        17.32        18.48        17.90
        65536          640        25.50        26.61        26.06
       131072          320        48.67        49.80        49.23
       262144          160        53.89        66.26        60.07
       524288           80        80.31        91.81        86.06
      1048576           40       129.74       137.29       133.51
      2097152           20       216.22       222.72       219.47
      4194304           10       387.31       392.01       389.66

#---------------------------------------------------
# Benchmarking Barrier 
# #processes = 2 
#---------------------------------------------------
 #repetitions  t_min[usec]  t_max[usec]  t_avg[usec]
         1000         3.48         3.48         3.48


# All processes entering MPI_Finalize

