#------------------------------------------------------------
#    Intel (R) MPI Benchmarks 2018 Update 1, MPI-1 part    
#------------------------------------------------------------
# Date                  : Fri Dec  1 15:27:17 2017
# Machine               : x86_64
# System                : Linux
# Release               : 4.4.74-92.35-default
# Version               : #1 SMP Mon Aug 7 18:24:48 UTC 2017 (c0fdc47)
# MPI Version           : 3.1
# MPI Thread Environment: 


# Calling sequence was: 

# ./IMB-MPI1

# Minimum message length in bytes:   0
# Maximum message length in bytes:   4194304
#
# MPI_Datatype                   :   MPI_BYTE 
# MPI_Datatype for reductions    :   MPI_FLOAT
# MPI_Op                         :   MPI_SUM  
#
#

# List of Benchmarks to run:

# PingPong
# PingPing
# Sendrecv
# Exchange
# Allreduce
# Reduce
# Reduce_scatter
# Allgather
# Allgatherv
# Gather
# Gatherv
# Scatter
# Scatterv
# Alltoall
# Alltoallv
# Bcast
# Barrier

#---------------------------------------------------
# Benchmarking PingPong 
# #processes = 2 
#---------------------------------------------------
       #bytes #repetitions      t[usec]   Mbytes/sec
            0         1000         3.23         0.00
            1         1000         3.22         0.31
            2         1000         3.25         0.62
            4         1000         3.20         1.25
            8         1000         3.26         2.45
           16         1000         5.04         3.17
           32         1000         5.06         6.33
           64         1000         4.87        13.14
          128         1000         4.94        25.91
          256         1000         5.02        50.98
          512         1000         5.11       100.29
         1024         1000         5.36       190.90
         2048         1000         5.81       352.49
         4096         1000         7.02       583.80
         8192         1000         8.33       983.14
        16384         1000        10.23      1601.40
        32768         1000        15.04      2179.30
        65536          640        23.33      2809.31
       131072          320        45.76      2864.08
       262144          160        75.00      3495.12
       524288           80       105.69      4960.79
      1048576           40       162.43      6455.73
      2097152           20       240.90      8705.34
      4194304           10       409.90     10232.48

#---------------------------------------------------
# Benchmarking PingPing 
# #processes = 2 
#---------------------------------------------------
       #bytes #repetitions      t[usec]   Mbytes/sec
            0         1000         3.73         0.00
            1         1000         3.76         0.27
            2         1000         3.77         0.53
            4         1000         3.75         1.07
            8         1000         3.72         2.15
           16         1000         7.17         2.23
           32         1000         7.07         4.53
           64         1000         6.91         9.26
          128         1000         7.04        18.19
          256         1000         7.10        36.04
          512         1000         7.25        70.60
         1024         1000         7.53       135.99
         2048         1000         7.96       257.18
         4096         1000         9.99       410.05
         8192         1000        13.04       628.37
        16384         1000        16.41       998.71
        32768         1000        25.69      1275.32
        65536          640        41.30      1586.65
       131072          320        56.14      2334.85
       262144          160        70.39      3724.24
       524288           80       115.53      4538.28
      1048576           40       142.30      7368.76
      2097152           20       236.14      8880.91
      4194304           10       417.71     10041.20

#-----------------------------------------------------------------------------
# Benchmarking Sendrecv 
# #processes = 2 
#-----------------------------------------------------------------------------
       #bytes #repetitions  t_min[usec]  t_max[usec]  t_avg[usec]   Mbytes/sec
            0         1000         3.19         3.19         3.19         0.00
            1         1000         3.24         3.24         3.24         0.62
            2         1000         3.25         3.25         3.25         1.23
            4         1000         3.15         3.15         3.15         2.54
            8         1000         3.20         3.20         3.20         5.01
           16         1000         5.93         5.94         5.94         5.39
           32         1000         5.85         5.85         5.85        10.93
           64         1000         5.68         5.68         5.68        22.53
          128         1000         5.79         5.79         5.79        44.23
          256         1000         5.95         5.95         5.95        86.04
          512         1000         6.03         6.03         6.03       169.76
         1024         1000         6.27         6.27         6.27       326.79
         2048         1000         6.78         6.78         6.78       604.56
         4096         1000         8.57         8.57         8.57       955.55
         8192         1000        10.87        10.87        10.87      1506.97
        16384         1000        14.77        14.77        14.77      2218.83
        32768         1000        24.28        24.28        24.28      2698.74
        65536          640        40.52        40.52        40.52      3234.96
       131072          320        58.21        58.21        58.21      4503.20
       262144          160        94.34        94.42        94.38      5552.48
       524288           80        92.28        92.29        92.28     11361.89
      1048576           40       177.12       177.23       177.17     11833.04
      2097152           20       238.44       238.55       238.50     17582.52
      4194304           10       413.30       413.42       413.36     20290.87

#-----------------------------------------------------------------------------
# Benchmarking Exchange 
# #processes = 2 
#-----------------------------------------------------------------------------
       #bytes #repetitions  t_min[usec]  t_max[usec]  t_avg[usec]   Mbytes/sec
            0         1000         7.13         7.13         7.13         0.00
            1         1000         7.78         7.78         7.78         0.51
            2         1000         7.74         7.74         7.74         1.03
            4         1000         7.96         7.96         7.96         2.01
            8         1000         7.90         7.90         7.90         4.05
           16         1000        11.27        11.28        11.27         5.68
           32         1000        11.14        11.14        11.14        11.49
           64         1000        11.01        11.01        11.01        23.25
          128         1000        11.14        11.14        11.14        45.94
          256         1000        11.26        11.26        11.26        90.92
          512         1000        11.61        11.61        11.61       176.43
         1024         1000        12.04        12.04        12.04       340.22
         2048         1000        12.91        12.91        12.91       634.40
         4096         1000        17.82        17.82        17.82       919.52
         8192         1000        26.48        26.49        26.48      1237.17
        16384         1000        33.53        33.53        33.53      1954.31
        32768         1000        50.03        50.03        50.03      2619.82
        65536          640        82.80        82.80        82.80      3165.98
       131072          320       110.19       110.20       110.20      4757.60
       262144          160       145.32       145.35       145.33      7214.13
       524288           80       216.46       216.48       216.47      9687.73
      1048576           40       371.63       371.77       371.70     11281.92
      2097152           20       614.80       615.05       614.92     13638.94
      4194304           10      1071.88      1076.20      1074.04     15589.34

#----------------------------------------------------------------
# Benchmarking Allreduce 
# #processes = 2 
#----------------------------------------------------------------
       #bytes #repetitions  t_min[usec]  t_max[usec]  t_avg[usec]
            0         1000         0.62         0.63         0.63
            4         1000         8.15         8.19         8.17
            8         1000         7.97         8.04         8.01
           16         1000        11.60        11.64        11.62
           32         1000        11.64        11.65        11.65
           64         1000        11.23        11.41        11.32
          128         1000        12.48        12.51        12.50
          256         1000        12.71        12.77        12.74
          512         1000        12.57        12.67        12.62
         1024         1000        13.18        13.18        13.18
         2048         1000        13.83        13.85        13.84
         4096         1000        16.15        16.32        16.24
         8192         1000        27.62        27.72        27.67
        16384         1000        25.92        26.04        25.98
        32768         1000        44.19        44.32        44.25
        65536          640        66.75        66.94        66.85
       131072          320       108.22       108.49       108.36
       262144          160       226.06       229.18       227.62
       524288           80       416.17       419.22       417.70
      1048576           40       761.56       779.53       770.54
      2097152           20      1197.68      1235.12      1216.40
      4194304           10      4095.86      4097.99      4096.93

#----------------------------------------------------------------
# Benchmarking Reduce 
# #processes = 2 
#----------------------------------------------------------------
       #bytes #repetitions  t_min[usec]  t_max[usec]  t_avg[usec]
            0         1000         0.82         0.82         0.82
            4         1000         5.56         7.56         6.56
            8         1000         5.57         7.60         6.58
           16         1000         9.50        10.51        10.01
           32         1000         9.49        10.50        10.00
           64         1000         9.27        10.21         9.74
          128         1000        10.08        10.99        10.53
          256         1000        10.20        11.09        10.64
          512         1000        11.74        12.79        12.27
         1024         1000        10.36        11.26        10.81
         2048         1000        10.92        11.69        11.30
         4096         1000        12.37        12.97        12.67
         8192         1000        14.47        14.51        14.49
        16384         1000        19.76        20.28        20.02
        32768         1000        24.10        27.97        26.03
        65536          640        34.02        42.31        38.16
       131072          320        90.05        92.04        91.05
       262144          160       184.86       186.02       185.44
       524288           80       380.20       385.20       382.70
      1048576           40       747.32       749.89       748.60
      2097152           20      1476.00      1477.91      1476.96
      4194304           10      2917.19      2921.03      2919.11

#----------------------------------------------------------------
# Benchmarking Reduce_scatter 
# #processes = 2 
#----------------------------------------------------------------
       #bytes #repetitions  t_min[usec]  t_max[usec]  t_avg[usec]
            0         1000         1.52         1.56         1.54
            4         1000         7.85         8.04         7.94
            8         1000         8.21         8.22         8.21
           16         1000         8.24         8.31         8.27
           32         1000        11.70        11.72        11.71
           64         1000        11.64        11.71        11.67
          128         1000        11.30        11.32        11.31
          256         1000        12.70        12.74        12.72
          512         1000        12.72        12.80        12.76
         1024         1000        12.92        13.23        13.08
         2048         1000        13.43        13.51        13.47
         4096         1000        14.23        14.36        14.30
         8192         1000        16.65        16.67        16.66
        16384         1000        20.05        20.22        20.13
        32768         1000        26.15        26.38        26.27
        65536          640        37.97        38.12        38.05
       131072          320        59.99        60.29        60.14
       262144          160        96.42        97.23        96.83
       524288           80       206.77       235.46       221.12
      1048576           40       438.48       464.71       451.59
      2097152           20       786.58       804.03       795.30
      4194304           10      1380.18      1412.63      1396.41

#----------------------------------------------------------------
# Benchmarking Allgather 
# #processes = 2 
#----------------------------------------------------------------
       #bytes #repetitions  t_min[usec]  t_max[usec]  t_avg[usec]
            0         1000         0.63         0.65         0.64
            1         1000         5.67         5.72         5.69
            2         1000         5.83         5.84         5.83
            4         1000         5.66         5.74         5.70
            8         1000         5.68         5.73         5.70
           16         1000         9.40         9.40         9.40
           32         1000         9.39         9.42         9.40
           64         1000         9.06         9.12         9.09
          128         1000         9.56         9.59         9.57
          256         1000         9.69         9.71         9.70
          512         1000         9.81         9.84         9.82
         1024         1000        10.07        10.11        10.09
         2048         1000        12.13        12.18        12.16
         4096         1000        12.64        12.66        12.65
         8192         1000        15.59        15.61        15.60
        16384         1000        19.80        19.89        19.85
        32768         1000        29.14        29.23        29.19
        65536          640        45.90        45.99        45.94
       131072          320        83.14        83.47        83.30
       262144          160       117.50       119.08       118.29
       524288           80       258.49       284.60       271.55
      1048576           40       433.67       454.09       443.88
      2097152           20       716.58       732.12       724.35
      4194304           10      1277.64      1293.13      1285.39

#----------------------------------------------------------------
# Benchmarking Allgatherv 
# #processes = 2 
#----------------------------------------------------------------
       #bytes #repetitions  t_min[usec]  t_max[usec]  t_avg[usec]
            0         1000         0.78         0.80         0.79
            1         1000         6.81         6.83         6.82
            2         1000         6.78         6.87         6.83
            4         1000         6.84         6.88         6.86
            8         1000         6.92         6.94         6.93
           16         1000        10.18        10.19        10.18
           32         1000        10.19        11.25        10.72
           64         1000         9.77         9.82         9.80
          128         1000        10.19        10.21        10.20
          256         1000        10.21        10.27        10.24
          512         1000        10.54        10.54        10.54
         1024         1000        10.80        10.81        10.81
         2048         1000        11.36        11.36        11.36
         4096         1000        13.45        13.51        13.48
         8192         1000        16.43        16.48        16.46
        16384         1000        20.84        20.99        20.91
        32768         1000        30.03        30.14        30.08
        65536          640        46.60        46.82        46.71
       131072          320        81.50        82.20        81.85
       262144          160       119.97       120.03       120.00
       524288           80       251.73       259.60       255.67
      1048576           40       433.79       444.75       439.27
      2097152           20       717.41       721.35       719.38
      4194304           10      1292.01      1305.60      1298.81

#----------------------------------------------------------------
# Benchmarking Gather 
# #processes = 2 
#----------------------------------------------------------------
       #bytes #repetitions  t_min[usec]  t_max[usec]  t_avg[usec]
            0         1000         0.69         0.71         0.70
            1         1000         3.03         5.57         4.30
            2         1000         3.02         5.75         4.39
            4         1000         3.00         5.50         4.25
            8         1000         2.98         5.43         4.20
           16         1000         8.28         9.49         8.89
           32         1000         8.34         9.51         8.92
           64         1000         8.13         9.17         8.65
          128         1000         7.48         8.01         7.74
          256         1000         7.56         8.09         7.83
          512         1000         7.80         8.24         8.02
         1024         1000         7.93         8.84         8.39
         2048         1000         8.31         9.34         8.82
         4096         1000         9.93        11.08        10.51
         8192         1000        11.24        11.86        11.55
        16384         1000        13.44        14.21        13.83
        32768         1000        17.38        18.42        17.90
        65536          640        26.86        28.22        27.54
       131072          320        45.58        46.62        46.10
       262144          160        66.40        78.53        72.47
       524288           80       172.13       177.50       174.81
      1048576           40       337.44       337.48       337.46
      2097152           20       610.17       610.78       610.48
      4194304           10      1158.36      1158.40      1158.38

#----------------------------------------------------------------
# Benchmarking Gatherv 
# #processes = 2 
#----------------------------------------------------------------
       #bytes #repetitions  t_min[usec]  t_max[usec]  t_avg[usec]
            0         1000         0.85         1.78         1.31
            1         1000         2.89         5.56         4.22
            2         1000         2.89         5.57         4.23
            4         1000         2.84         5.65         4.25
            8         1000         2.80         5.59         4.20
           16         1000         7.62         8.09         7.85
           32         1000         7.58         8.00         7.79
           64         1000         7.38         7.85         7.62
          128         1000         7.83         8.28         8.06
          256         1000         7.88         8.31         8.10
          512         1000         8.05         8.43         8.24
         1024         1000         8.07         8.57         8.32
         2048         1000         8.53         8.95         8.74
         4096         1000        10.01        10.63        10.32
         8192         1000        12.49        13.13        12.81
        16384         1000        13.68        14.35        14.02
        32768         1000        19.56        19.92        19.74
        65536          640        28.37        29.00        28.68
       131072          320        50.17        51.17        50.67
       262144          160        69.60        82.55        76.07
       524288           80       179.60       222.68       201.14
      1048576           40       344.24       387.74       365.99
      2097152           20       608.80       621.62       615.21
      4194304           10      1164.67      1203.11      1183.89

#----------------------------------------------------------------
# Benchmarking Scatter 
# #processes = 2 
#----------------------------------------------------------------
       #bytes #repetitions  t_min[usec]  t_max[usec]  t_avg[usec]
            0         1000         0.76         0.77         0.77
            1         1000         4.12         5.99         5.05
            2         1000         4.09         5.89         4.99
            4         1000         4.11         5.83         4.97
            8         1000         4.12         5.84         4.98
           16         1000         8.03         9.25         8.64
           32         1000         8.01         9.23         8.62
           64         1000         7.74         8.87         8.31
          128         1000         8.03         9.21         8.62
          256         1000         8.11         9.33         8.72
          512         1000         8.16         9.50         8.83
         1024         1000         8.44         9.75         9.10
         2048         1000         8.87        10.16         9.51
         4096         1000        10.44        11.93        11.18
         8192         1000        11.84        13.49        12.66
        16384         1000        14.02        15.80        14.91
        32768         1000        17.92        20.69        19.31
        65536          640        25.66        30.22        27.94
       131072          320        56.82        59.31        58.06
       262144          160        74.37        90.41        82.39
       524288           80       207.10       232.85       219.97
      1048576           40       191.62       399.74       295.68
      2097152           20       647.94       675.56       661.75
      4194304           10      1180.10      1203.89      1192.00

#----------------------------------------------------------------
# Benchmarking Scatterv 
# #processes = 2 
#----------------------------------------------------------------
       #bytes #repetitions  t_min[usec]  t_max[usec]  t_avg[usec]
            0         1000         0.83         1.69         1.26
            1         1000         4.93         5.89         5.41
            2         1000         4.96         5.93         5.44
            4         1000         4.93         5.96         5.44
            8         1000         4.95         5.95         5.45
           16         1000         8.12         9.44         8.78
           32         1000         7.92         9.38         8.65
           64         1000         7.84         9.17         8.51
          128         1000         8.07         9.54         8.80
          256         1000         8.18         9.66         8.92
          512         1000         8.36         9.77         9.07
         1024         1000         8.59        10.03         9.31
         2048         1000         9.10        10.55         9.83
         4096         1000        11.48        13.13        12.30
         8192         1000        12.02        13.72        12.87
        16384         1000        14.67        16.25        15.46
        32768         1000        20.09        21.64        20.87
        65536          640        29.58        31.36        30.47
       131072          320        53.66        56.08        54.87
       262144          160        75.30        91.81        83.56
       524288           80       208.57       234.22       221.40
      1048576           40       375.93       404.50       390.21
      2097152           20       650.99       680.97       665.98
      4194304           10      1182.75      1210.38      1196.56

#----------------------------------------------------------------
# Benchmarking Alltoall 
# #processes = 2 
#----------------------------------------------------------------
       #bytes #repetitions  t_min[usec]  t_max[usec]  t_avg[usec]
            0         1000         0.67         0.68         0.68
            1         1000         6.12         6.13         6.12
            2         1000         6.18         6.26         6.22
            4         1000         6.23         6.26         6.25
            8         1000         6.35         6.35         6.35
           16         1000         9.68         9.71         9.70
           32         1000         9.68         9.73         9.71
           64         1000         9.32         9.36         9.34
          128         1000         9.70         9.79         9.75
          256         1000         9.85         9.88         9.86
          512         1000        10.00        10.05        10.03
         1024         1000        10.30        10.46        10.38
         2048         1000        10.73        10.80        10.77
         4096         1000        12.95        13.01        12.98
         8192         1000        15.87        15.92        15.89
        16384         1000        20.11        20.34        20.22
        32768         1000        29.45        29.53        29.49
        65536          640        45.99        46.05        46.02
       131072          320        73.84        74.39        74.11
       262144          160        92.64        94.71        93.67
       524288           80       244.04       247.98       246.01
      1048576           40       416.01       421.50       418.76
      2097152           20       688.67       688.79       688.73
      4194304           10      1247.64      1264.72      1256.18

#----------------------------------------------------------------
# Benchmarking Alltoallv 
# #processes = 2 
#----------------------------------------------------------------
       #bytes #repetitions  t_min[usec]  t_max[usec]  t_avg[usec]
            0         1000         2.57         2.67         2.62
            1         1000        10.44        10.70        10.57
            2         1000        10.42        10.73        10.57
            4         1000        10.41        10.70        10.56
            8         1000        10.37        10.71        10.54
           16         1000        13.47        13.62        13.55
           32         1000        13.45        13.53        13.49
           64         1000        13.04        13.22        13.13
          128         1000        13.53        13.67        13.60
          256         1000        13.72        13.79        13.76
          512         1000        13.80        13.88        13.84
         1024         1000        15.37        15.47        15.42
         2048         1000        14.77        14.87        14.82
         4096         1000        16.81        16.98        16.90
         8192         1000        20.40        20.45        20.42
        16384         1000        25.05        25.86        25.46
        32768         1000        34.23        34.42        34.33
        65536          640        50.53        50.55        50.54
       131072          320        78.81        79.24        79.02
       262144          160       101.24       102.85       102.04
       524288           80       249.85       277.18       263.51
      1048576           40       427.68       444.30       435.99
      2097152           20       699.99       704.21       702.10
      4194304           10      1270.60      1280.24      1275.42

#----------------------------------------------------------------
# Benchmarking Bcast 
# #processes = 2 
#----------------------------------------------------------------
       #bytes #repetitions  t_min[usec]  t_max[usec]  t_avg[usec]
            0         1000         0.55         0.55         0.55
            1         1000         3.90         5.79         4.85
            2         1000         3.89         5.88         4.89
            4         1000         3.80         5.77         4.79
            8         1000         3.83         5.83         4.83
           16         1000         7.91         8.73         8.32
           32         1000         7.71         8.92         8.32
           64         1000         7.55         8.63         8.09
          128         1000         7.56         8.69         8.13
          256         1000         7.59         8.69         8.14
          512         1000         7.74         8.92         8.33
         1024         1000         8.00         8.82         8.41
         2048         1000         8.29         9.62         8.96
         4096         1000        10.02        11.09        10.55
         8192         1000        11.40        12.36        11.88
        16384         1000        13.24        14.33        13.78
        32768         1000        17.48        18.58        18.03
        65536          640        25.35        26.45        25.90
       131072          320        48.62        49.88        49.25
       262144          160        54.29        68.52        61.41
       524288           80        80.08        90.88        85.48
      1048576           40       136.21       144.79       140.50
      2097152           20       222.78       229.67       226.22
      4194304           10       393.82       398.71       396.26

#---------------------------------------------------
# Benchmarking Barrier 
# #processes = 2 
#---------------------------------------------------
 #repetitions  t_min[usec]  t_max[usec]  t_avg[usec]
         1000         3.46         3.46         3.46


# All processes entering MPI_Finalize

