#------------------------------------------------------------
#    Intel (R) MPI Benchmarks 2018 Update 1, MPI-1 part    
#------------------------------------------------------------
# Date                  : Thu Nov 30 16:01:17 2017
# Machine               : x86_64
# System                : Linux
# Release               : 4.4.74-92.35-default
# Version               : #1 SMP Mon Aug 7 18:24:48 UTC 2017 (c0fdc47)
# MPI Version           : 3.1
# MPI Thread Environment: 


# Calling sequence was: 

# ./IMB-MPI1

# Minimum message length in bytes:   0
# Maximum message length in bytes:   4194304
#
# MPI_Datatype                   :   MPI_BYTE 
# MPI_Datatype for reductions    :   MPI_FLOAT
# MPI_Op                         :   MPI_SUM  
#
#

# List of Benchmarks to run:

# PingPong
# PingPing
# Sendrecv
# Exchange
# Allreduce
# Reduce
# Reduce_scatter
# Allgather
# Allgatherv
# Gather
# Gatherv
# Scatter
# Scatterv
# Alltoall
# Alltoallv
# Bcast
# Barrier

# !! Benchmark PingPong invalid for 1 processes !! 


# !! Benchmark PingPing invalid for 1 processes !! 


#-----------------------------------------------------------------------------
# Benchmarking Sendrecv 
# #processes = 1 
#-----------------------------------------------------------------------------
       #bytes #repetitions  t_min[usec]  t_max[usec]  t_avg[usec]   Mbytes/sec
            0         1000         0.56         0.56         0.56         0.00
            1         1000         0.58         0.58         0.58         3.44
            2         1000         0.58         0.58         0.58         6.87
            4         1000         0.58         0.58         0.58        13.80
            8         1000         0.58         0.58         0.58        27.44
           16         1000         0.57         0.57         0.57        56.04
           32         1000         0.57         0.57         0.57       112.08
           64         1000         0.57         0.57         0.57       223.79
          128         1000         0.59         0.59         0.59       436.84
          256         1000         0.59         0.59         0.59       870.48
          512         1000         0.61         0.61         0.61      1681.00
         1024         1000         0.63         0.63         0.63      3245.16
         2048         1000         0.69         0.69         0.69      5954.89
         4096         1000         0.74         0.74         0.74     11041.05
         8192         1000         0.69         0.69         0.69     23680.04
        16384         1000         1.66         1.66         1.66     19798.18
        32768         1000         2.85         2.85         2.85     22969.66
        65536          640         5.16         5.16         5.16     25413.05
       131072          320         8.93         8.93         8.93     29352.11
       262144          160        16.46        16.46        16.46     31858.36
       524288           80        72.79        72.79        72.79     14406.24
      1048576           40       203.88       203.88       203.88     10286.32
      2097152           20       420.55       420.55       420.55      9973.46
      4194304           10       803.71       803.71       803.71     10437.37

#-----------------------------------------------------------------------------
# Benchmarking Exchange 
# #processes = 1 
#-----------------------------------------------------------------------------
       #bytes #repetitions  t_min[usec]  t_max[usec]  t_avg[usec]   Mbytes/sec
            0         1000         1.77         1.77         1.77         0.00
            1         1000         1.79         1.79         1.79         2.24
            2         1000         1.84         1.84         1.84         4.35
            4         1000         1.82         1.82         1.82         8.81
            8         1000         1.82         1.82         1.82        17.63
           16         1000         1.80         1.80         1.80        35.46
           32         1000         1.80         1.80         1.80        71.12
           64         1000         1.80         1.80         1.80       141.92
          128         1000         1.83         1.83         1.83       280.39
          256         1000         1.86         1.86         1.86       551.70
          512         1000         1.89         1.89         1.89      1084.18
         1024         1000         1.94         1.94         1.94      2111.33
         2048         1000         2.01         2.01         2.01      4071.54
         4096         1000         2.07         2.07         2.07      7914.26
         8192         1000         2.36         2.36         2.36     13860.32
        16384         1000         3.73         3.73         3.73     17588.81
        32768         1000         5.55         5.55         5.55     23634.23
        65536          640         8.76         8.76         8.76     29911.05
       131072          320        15.33        15.33        15.33     34191.12
       262144          160        46.22        46.22        46.22     22684.23
       524288           80       176.53       176.53       176.53     11880.19
      1048576           40       406.45       406.45       406.45     10319.36
      2097152           20       845.75       845.75       845.75      9918.49
      4194304           10      1613.00      1613.00      1613.00     10401.27

#----------------------------------------------------------------
# Benchmarking Allreduce 
# #processes = 1 
#----------------------------------------------------------------
       #bytes #repetitions  t_min[usec]  t_max[usec]  t_avg[usec]
            0         1000         0.29         0.29         0.29
            4         1000         0.65         0.65         0.65
            8         1000         0.65         0.65         0.65
           16         1000         0.65         0.65         0.65
           32         1000         0.65         0.65         0.65
           64         1000         0.66         0.66         0.66
          128         1000         0.83         0.83         0.83
          256         1000         0.81         0.81         0.81
          512         1000         0.82         0.82         0.82
         1024         1000         0.81         0.81         0.81
         2048         1000         0.85         0.85         0.85
         4096         1000         0.82         0.82         0.82
         8192         1000         1.73         1.73         1.73
        16384         1000         1.68         1.68         1.68
        32768         1000         3.35         3.35         3.35
        65536          640         5.01         5.01         5.01
       131072          320         7.58         7.58         7.58
       262144          160        14.38        14.38        14.38
       524288           80        76.18        76.18        76.18
      1048576           40       209.57       209.57       209.57
      2097152           20       414.84       414.84       414.84
      4194304           10       809.88       809.88       809.88

#----------------------------------------------------------------
# Benchmarking Reduce 
# #processes = 1 
#----------------------------------------------------------------
       #bytes #repetitions  t_min[usec]  t_max[usec]  t_avg[usec]
            0         1000         0.32         0.32         0.32
            4         1000         0.48         0.48         0.48
            8         1000         0.48         0.48         0.48
           16         1000         0.48         0.48         0.48
           32         1000         0.49         0.49         0.49
           64         1000         0.48         0.48         0.48
          128         1000         0.50         0.50         0.50
          256         1000         0.50         0.50         0.50
          512         1000         0.51         0.51         0.51
         1024         1000         0.54         0.54         0.54
         2048         1000         0.57         0.57         0.57
         4096         1000         0.58         0.58         0.58
         8192         1000         0.69         0.69         0.69
        16384         1000         1.85         1.85         1.85
        32768         1000         2.58         2.58         2.58
        65536          640         4.24         4.24         4.24
       131072          320         7.10         7.10         7.10
       262144          160        13.68        13.68        13.68
       524288           80        72.76        72.76        72.76
      1048576           40       203.82       203.82       203.82
      2097152           20       410.19       410.19       410.19
      4194304           10       806.50       806.50       806.50

#----------------------------------------------------------------
# Benchmarking Reduce_scatter 
# #processes = 1 
#----------------------------------------------------------------
       #bytes #repetitions  t_min[usec]  t_max[usec]  t_avg[usec]
            0         1000         0.51         0.51         0.51
            4         1000         0.80         0.80         0.80
            8         1000         0.78         0.78         0.78
           16         1000         0.78         0.78         0.78
           32         1000         0.79         0.79         0.79
           64         1000         0.80         0.80         0.80
          128         1000         0.90         0.90         0.90
          256         1000         0.89         0.89         0.89
          512         1000         0.91         0.91         0.91
         1024         1000         1.10         1.10         1.10
         2048         1000         1.16         1.16         1.16
         4096         1000         1.14         1.14         1.14
         8192         1000         1.22         1.22         1.22
        16384         1000         1.97         1.97         1.97
        32768         1000         2.89         2.89         2.89
        65536          640         4.49         4.49         4.49
       131072          320         7.54         7.54         7.54
       262144          160        14.16        14.16        14.16
       524288           80        75.83        75.83        75.83
      1048576           40       208.14       208.14       208.14
      2097152           20       414.85       414.85       414.85
      4194304           10       809.65       809.65       809.65

#----------------------------------------------------------------
# Benchmarking Allgather 
# #processes = 1 
#----------------------------------------------------------------
       #bytes #repetitions  t_min[usec]  t_max[usec]  t_avg[usec]
            0         1000         0.31         0.31         0.31
            1         1000         0.48         0.48         0.48
            2         1000         0.45         0.45         0.45
            4         1000         0.45         0.45         0.45
            8         1000         0.45         0.45         0.45
           16         1000         0.44         0.44         0.44
           32         1000         0.44         0.44         0.44
           64         1000         0.44         0.44         0.44
          128         1000         0.45         0.45         0.45
          256         1000         0.45         0.45         0.45
          512         1000         0.46         0.46         0.46
         1024         1000         0.47         0.47         0.47
         2048         1000         0.53         0.53         0.53
         4096         1000         0.52         0.52         0.52
         8192         1000         0.61         0.61         0.61
        16384         1000         1.22         1.22         1.22
        32768         1000         2.19         2.19         2.19
        65536          640         3.83         3.83         3.83
       131072          320         7.11         7.11         7.11
       262144          160        13.49        13.49        13.49
       524288           80        71.05        71.05        71.05
      1048576           40       202.41       202.41       202.41
      2097152           20       409.70       409.70       409.70
      4194304           10       805.00       805.00       805.00

#----------------------------------------------------------------
# Benchmarking Allgatherv 
# #processes = 1 
#----------------------------------------------------------------
       #bytes #repetitions  t_min[usec]  t_max[usec]  t_avg[usec]
            0         1000         0.32         0.32         0.32
            1         1000         0.55         0.55         0.55
            2         1000         0.56         0.56         0.56
            4         1000         0.54         0.54         0.54
            8         1000         0.54         0.54         0.54
           16         1000         0.55         0.55         0.55
           32         1000         0.55         0.55         0.55
           64         1000         0.56         0.56         0.56
          128         1000         0.55         0.55         0.55
          256         1000         0.56         0.56         0.56
          512         1000         0.56         0.56         0.56
         1024         1000         0.57         0.57         0.57
         2048         1000         0.62         0.62         0.62
         4096         1000         0.62         0.62         0.62
         8192         1000         0.74         0.74         0.74
        16384         1000         1.34         1.34         1.34
        32768         1000         2.29         2.29         2.29
        65536          640         3.86         3.86         3.86
       131072          320         7.09         7.09         7.09
       262144          160        13.78        13.78        13.78
       524288           80        70.74        70.74        70.74
      1048576           40       203.86       203.86       203.86
      2097152           20       408.85       408.85       408.85
      4194304           10       804.69       804.69       804.69

#----------------------------------------------------------------
# Benchmarking Gather 
# #processes = 1 
#----------------------------------------------------------------
       #bytes #repetitions  t_min[usec]  t_max[usec]  t_avg[usec]
            0         1000         0.32         0.32         0.32
            1         1000         0.62         0.62         0.62
            2         1000         0.62         0.62         0.62
            4         1000         0.63         0.63         0.63
            8         1000         0.62         0.62         0.62
           16         1000         0.46         0.46         0.46
           32         1000         0.46         0.46         0.46
           64         1000         0.46         0.46         0.46
          128         1000         0.65         0.65         0.65
          256         1000         0.64         0.64         0.64
          512         1000         0.64         0.64         0.64
         1024         1000         0.51         0.51         0.51
         2048         1000         0.56         0.56         0.56
         4096         1000         0.56         0.56         0.56
         8192         1000         0.87         0.87         0.87
        16384         1000         1.60         1.60         1.60
        32768         1000         2.28         2.28         2.28
        65536          640         3.88         3.88         3.88
       131072          320         7.37         7.37         7.37
       262144          160        13.77        13.77        13.77
       524288           80        72.63        72.63        72.63
      1048576           40       204.71       204.71       204.71
      2097152           20       409.83       409.83       409.83
      4194304           10       806.21       806.21       806.21

#----------------------------------------------------------------
# Benchmarking Gatherv 
# #processes = 1 
#----------------------------------------------------------------
       #bytes #repetitions  t_min[usec]  t_max[usec]  t_avg[usec]
            0         1000         0.79         0.79         0.79
            1         1000         0.83         0.83         0.83
            2         1000         0.83         0.83         0.83
            4         1000         0.82         0.82         0.82
            8         1000         0.86         0.86         0.86
           16         1000         0.81         0.81         0.81
           32         1000         0.83         0.83         0.83
           64         1000         0.82         0.82         0.82
          128         1000         0.82         0.82         0.82
          256         1000         0.82         0.82         0.82
          512         1000         0.84         0.84         0.84
         1024         1000         0.87         0.87         0.87
         2048         1000         0.91         0.91         0.91
         4096         1000         0.91         0.91         0.91
         8192         1000         1.02         1.02         1.02
        16384         1000         1.74         1.74         1.74
        32768         1000         2.69         2.69         2.69
        65536          640         4.27         4.27         4.27
       131072          320         7.55         7.55         7.55
       262144          160        13.93        13.93        13.93
       524288           80        72.61        72.61        72.61
      1048576           40       205.08       205.08       205.08
      2097152           20       412.03       412.03       412.03
      4194304           10       808.29       808.29       808.29

#----------------------------------------------------------------
# Benchmarking Scatter 
# #processes = 1 
#----------------------------------------------------------------
       #bytes #repetitions  t_min[usec]  t_max[usec]  t_avg[usec]
            0         1000         0.32         0.32         0.32
            1         1000         0.46         0.46         0.46
            2         1000         0.47         0.47         0.47
            4         1000         0.46         0.46         0.46
            8         1000         0.46         0.46         0.46
           16         1000         0.47         0.47         0.47
           32         1000         0.46         0.46         0.46
           64         1000         0.45         0.45         0.45
          128         1000         0.48         0.48         0.48
          256         1000         0.48         0.48         0.48
          512         1000         0.49         0.49         0.49
         1024         1000         0.51         0.51         0.51
         2048         1000         0.55         0.55         0.55
         4096         1000         0.54         0.54         0.54
         8192         1000         0.67         0.67         0.67
        16384         1000         1.25         1.25         1.25
        32768         1000         2.21         2.21         2.21
        65536          640         3.83         3.83         3.83
       131072          320         7.37         7.37         7.37
       262144          160        13.74        13.74        13.74
       524288           80        73.39        73.39        73.39
      1048576           40       203.08       203.08       203.08
      2097152           20       412.85       412.85       412.85
      4194304           10       810.43       810.43       810.43

#----------------------------------------------------------------
# Benchmarking Scatterv 
# #processes = 1 
#----------------------------------------------------------------
       #bytes #repetitions  t_min[usec]  t_max[usec]  t_avg[usec]
            0         1000         0.76         0.76         0.76
            1         1000         0.82         0.82         0.82
            2         1000         0.81         0.81         0.81
            4         1000         0.82         0.82         0.82
            8         1000         0.82         0.82         0.82
           16         1000         0.81         0.81         0.81
           32         1000         0.82         0.82         0.82
           64         1000         0.81         0.81         0.81
          128         1000         0.84         0.84         0.84
          256         1000         0.83         0.83         0.83
          512         1000         0.87         0.87         0.87
         1024         1000         0.86         0.86         0.86
         2048         1000         0.91         0.91         0.91
         4096         1000         0.89         0.89         0.89
         8192         1000         1.03         1.03         1.03
        16384         1000         1.74         1.74         1.74
        32768         1000         2.66         2.66         2.66
        65536          640         4.27         4.27         4.27
       131072          320         7.50         7.50         7.50
       262144          160        14.55        14.55        14.55
       524288           80        71.90        71.90        71.90
      1048576           40       206.01       206.01       206.01
      2097152           20       422.66       422.66       422.66
      4194304           10       809.43       809.43       809.43

#----------------------------------------------------------------
# Benchmarking Alltoall 
# #processes = 1 
#----------------------------------------------------------------
       #bytes #repetitions  t_min[usec]  t_max[usec]  t_avg[usec]
            0         1000         0.30         0.30         0.30
            1         1000         0.39         0.39         0.39
            2         1000         0.39         0.39         0.39
            4         1000         0.39         0.39         0.39
            8         1000         0.39         0.39         0.39
           16         1000         0.39         0.39         0.39
           32         1000         0.39         0.39         0.39
           64         1000         0.39         0.39         0.39
          128         1000         0.40         0.40         0.40
          256         1000         0.40         0.40         0.40
          512         1000         0.42         0.42         0.42
         1024         1000         0.44         0.44         0.44
         2048         1000         0.48         0.48         0.48
         4096         1000         0.46         0.46         0.46
         8192         1000         0.54         0.54         0.54
        16384         1000         1.18         1.18         1.18
        32768         1000         2.14         2.14         2.14
        65536          640         3.74         3.74         3.74
       131072          320         7.10         7.10         7.10
       262144          160        13.42        13.42        13.42
       524288           80        70.56        70.56        70.56
      1048576           40       202.23       202.23       202.23
      2097152           20       408.38       408.38       408.38
      4194304           10       807.29       807.29       807.29

#----------------------------------------------------------------
# Benchmarking Alltoallv 
# #processes = 1 
#----------------------------------------------------------------
       #bytes #repetitions  t_min[usec]  t_max[usec]  t_avg[usec]
            0         1000         0.89         0.89         0.89
            1         1000         1.61         1.61         1.61
            2         1000         1.62         1.62         1.62
            4         1000         1.63         1.63         1.63
            8         1000         1.62         1.62         1.62
           16         1000         1.71         1.71         1.71
           32         1000         1.62         1.62         1.62
           64         1000         1.59         1.59         1.59
          128         1000         1.67         1.67         1.67
          256         1000         1.68         1.68         1.68
          512         1000         1.66         1.66         1.66
         1024         1000         1.70         1.70         1.70
         2048         1000         1.76         1.76         1.76
         4096         1000         1.74         1.74         1.74
         8192         1000         2.04         2.04         2.04
        16384         1000         2.69         2.69         2.69
        32768         1000         3.53         3.53         3.53
        65536          640         5.17         5.17         5.17
       131072          320         8.41         8.41         8.41
       262144          160        15.15        15.15        15.15
       524288           80        77.85        77.85        77.85
      1048576           40       210.81       210.81       210.81
      2097152           20       418.78       418.78       418.78
      4194304           10       815.84       815.84       815.84

#----------------------------------------------------------------
# Benchmarking Bcast 
# #processes = 1 
#----------------------------------------------------------------
       #bytes #repetitions  t_min[usec]  t_max[usec]  t_avg[usec]
            0         1000         0.27         0.27         0.27
            1         1000         0.36         0.36         0.36
            2         1000         0.36         0.36         0.36
            4         1000         0.36         0.36         0.36
            8         1000         0.36         0.36         0.36
           16         1000         0.35         0.35         0.35
           32         1000         0.38         0.38         0.38
           64         1000         0.37         0.37         0.37
          128         1000         0.37         0.37         0.37
          256         1000         0.38         0.38         0.38
          512         1000         0.37         0.37         0.37
         1024         1000         0.37         0.37         0.37
         2048         1000         0.40         0.40         0.40
         4096         1000         0.39         0.39         0.39
         8192         1000         0.40         0.40         0.40
        16384         1000         0.39         0.39         0.39
        32768         1000         0.41         0.41         0.41
        65536          640         0.42         0.42         0.42
       131072          320         0.40         0.40         0.40
       262144          160         0.43         0.43         0.43
       524288           80         0.42         0.42         0.42
      1048576           40         0.42         0.42         0.42
      2097152           20         0.55         0.55         0.55
      4194304           10         0.41         0.41         0.41

#---------------------------------------------------
# Benchmarking Barrier 
# #processes = 1 
#---------------------------------------------------
 #repetitions  t_min[usec]  t_max[usec]  t_avg[usec]
         1000         0.09         0.09         0.09


# All processes entering MPI_Finalize

