#------------------------------------------------------------
#    Intel (R) MPI Benchmarks 2018 Update 1, MPI-1 part    
#------------------------------------------------------------
# Date                  : Thu Nov 30 16:02:27 2017
# Machine               : x86_64
# System                : Linux
# Release               : 4.4.74-92.35-default
# Version               : #1 SMP Mon Aug 7 18:24:48 UTC 2017 (c0fdc47)
# MPI Version           : 3.1
# MPI Thread Environment: 


# Calling sequence was: 

# ./IMB-MPI1

# Minimum message length in bytes:   0
# Maximum message length in bytes:   4194304
#
# MPI_Datatype                   :   MPI_BYTE 
# MPI_Datatype for reductions    :   MPI_FLOAT
# MPI_Op                         :   MPI_SUM  
#
#

# List of Benchmarks to run:

# PingPong
# PingPing
# Sendrecv
# Exchange
# Allreduce
# Reduce
# Reduce_scatter
# Allgather
# Allgatherv
# Gather
# Gatherv
# Scatter
# Scatterv
# Alltoall
# Alltoallv
# Bcast
# Barrier

#---------------------------------------------------
# Benchmarking PingPong 
# #processes = 2 
# ( 6 additional processes waiting in MPI_Barrier)
#---------------------------------------------------
       #bytes #repetitions      t[usec]   Mbytes/sec
            0         1000         3.26         0.00
            1         1000         3.35         0.30
            2         1000         3.29         0.61
            4         1000         3.28         1.22
            8         1000         3.32         2.41
           16         1000         5.16         3.10
           32         1000         5.14         6.23
           64         1000         5.03        12.73
          128         1000         5.07        25.24
          256         1000         5.11        50.10
          512         1000         5.21        98.31
         1024         1000         5.45       187.91
         2048         1000         5.89       347.95
         4096         1000         7.12       575.29
         8192         1000         8.53       960.65
        16384         1000        10.70      1531.35
        32768         1000        15.41      2126.55
        65536          640        24.23      2704.51
       131072          320        56.40      2323.92
       262144          160        99.82      2626.19
       524288           80       134.06      3910.98
      1048576           40       197.31      5314.30
      2097152           20      1496.08      1401.77
      4194304           10      1823.76      2299.81

#---------------------------------------------------
# Benchmarking PingPing 
# #processes = 2 
# ( 6 additional processes waiting in MPI_Barrier)
#---------------------------------------------------
       #bytes #repetitions      t[usec]   Mbytes/sec
            0         1000         3.82         0.00
            1         1000         3.79         0.26
            2         1000         3.88         0.52
            4         1000         3.84         1.04
            8         1000         3.80         2.11
           16         1000         7.30         2.19
           32         1000         7.31         4.38
           64         1000         7.05         9.08
          128         1000         7.17        17.84
          256         1000         7.24        35.34
          512         1000         7.39        69.33
         1024         1000         7.78       131.65
         2048         1000         8.18       250.30
         4096         1000        10.23       400.31
         8192         1000        13.36       612.99
        16384         1000        17.09       958.46
        32768         1000        26.77      1224.24
        65536          640        43.18      1517.69
       131072          320        57.40      2283.37
       262144          160        70.16      3736.50
       524288           80       138.04      3798.13
      1048576           40       147.15      7125.80
      2097152           20      1541.59      1360.38
      4194304           10      3317.00      1264.49

#-----------------------------------------------------------------------------
# Benchmarking Sendrecv 
# #processes = 2 
# ( 6 additional processes waiting in MPI_Barrier)
#-----------------------------------------------------------------------------
       #bytes #repetitions  t_min[usec]  t_max[usec]  t_avg[usec]   Mbytes/sec
            0         1000         3.27         3.28         3.27         0.00
            1         1000         3.29         3.29         3.29         0.61
            2         1000         3.29         3.29         3.29         1.22
            4         1000         3.28         3.28         3.28         2.44
            8         1000         3.21         3.22         3.22         4.98
           16         1000         6.08         6.08         6.08         5.26
           32         1000         6.27         6.27         6.27        10.21
           64         1000         5.88         5.88         5.88        21.78
          128         1000         5.98         5.98         5.98        42.79
          256         1000         6.08         6.08         6.08        84.22
          512         1000         6.17         6.18         6.17       165.83
         1024         1000         6.61         6.61         6.61       309.75
         2048         1000         7.09         7.10         7.10       576.97
         4096         1000         8.81         8.81         8.81       929.65
         8192         1000        11.22        11.23        11.23      1459.07
        16384         1000        15.10        15.10        15.10      2169.48
        32768         1000        24.78        24.78        24.78      2644.71
        65536          640        41.23        41.23        41.23      3179.19
       131072          320        56.00        56.01        56.00      4680.33
       262144          160        93.12        93.20        93.16      5625.45
       524288           80       198.91       199.61       199.26      5253.12
      1048576           40       167.60       167.75       167.67     12501.55
      2097152           20      1648.00      1648.40      1648.20      2544.47
      4194304           10      3477.00      3478.79      3477.90      2411.36

#-----------------------------------------------------------------------------
# Benchmarking Sendrecv 
# #processes = 4 
# ( 4 additional processes waiting in MPI_Barrier)
#-----------------------------------------------------------------------------
       #bytes #repetitions  t_min[usec]  t_max[usec]  t_avg[usec]   Mbytes/sec
            0         1000         3.21         3.21         3.21         0.00
            1         1000         3.21         3.21         3.21         0.62
            2         1000         3.22         3.22         3.22         1.24
            4         1000         3.18         3.18         3.18         2.51
            8         1000         3.22         3.23         3.22         4.96
           16         1000         6.83         6.83         6.83         4.68
           32         1000         7.15         7.16         7.15         8.94
           64         1000         6.58         6.58         6.58        19.44
          128         1000         6.68         6.69         6.68        38.29
          256         1000         7.16         7.17         7.16        71.43
          512         1000         7.12         7.17         7.15       142.88
         1024         1000         7.30         7.30         7.30       280.40
         2048         1000         7.91         7.91         7.91       517.82
         4096         1000        10.46        10.46        10.46       782.86
         8192         1000        13.66        13.67        13.66      1198.96
        16384         1000        20.66        20.68        20.67      1584.75
        32768         1000        31.83        31.85        31.84      2057.65
        65536          640        51.49        51.55        51.52      2542.85
       131072          320        72.53        72.67        72.62      3607.40
       262144          160        97.18        97.35        97.28      5385.56
       524288           80       139.46       140.55       139.93      7460.48
      1048576           40       254.91       259.48       256.87      8082.23
      2097152           20      1647.15      1725.90      1686.22      2430.21
      4194304           10      5503.61      5801.11      5659.78      1446.04

#-----------------------------------------------------------------------------
# Benchmarking Sendrecv 
# #processes = 8 
#-----------------------------------------------------------------------------
       #bytes #repetitions  t_min[usec]  t_max[usec]  t_avg[usec]   Mbytes/sec
            0         1000         3.34         3.35         3.34         0.00
            1         1000         3.30         3.31         3.31         0.60
            2         1000         3.36         3.36         3.36         1.19
            4         1000         3.28         3.29         3.29         2.43
            8         1000         3.29         3.32         3.30         4.82
           16         1000         7.33         7.33         7.33         4.36
           32         1000         7.43         7.44         7.44         8.60
           64         1000         6.71         6.72         6.71        19.06
          128         1000         7.17         7.18         7.17        35.67
          256         1000         7.49         7.50         7.50        68.28
          512         1000         7.77         7.78         7.77       131.67
         1024         1000         7.91         8.01         7.96       255.61
         2048         1000         8.40         8.41         8.41       486.81
         4096         1000        10.62        10.71        10.65       765.03
         8192         1000        14.32        14.33        14.33      1143.02
        16384         1000        20.56        20.59        20.58      1591.13
        32768         1000        31.93        31.99        31.96      2048.96
        65536          640        50.25        50.43        50.34      2599.11
       131072          320        88.44        88.71        88.57      2955.18
       262144          160       101.85       102.60       102.24      5110.00
       524288           80       149.64       152.30       150.92      6884.99
      1048576           40       245.52       251.45       248.70      8340.30
      2097152           20      2770.25      3003.35      2923.78      1396.54
      4194304           10      4693.10      5674.00      5328.71      1478.43

#-----------------------------------------------------------------------------
# Benchmarking Exchange 
# #processes = 2 
# ( 6 additional processes waiting in MPI_Barrier)
#-----------------------------------------------------------------------------
       #bytes #repetitions  t_min[usec]  t_max[usec]  t_avg[usec]   Mbytes/sec
            0         1000         7.26         7.26         7.26         0.00
            1         1000         7.93         7.93         7.93         0.50
            2         1000         7.91         7.92         7.91         1.01
            4         1000         8.06         8.06         8.06         1.99
            8         1000         7.96         7.96         7.96         4.02
           16         1000        11.58        11.59        11.59         5.52
           32         1000        11.47        11.47        11.47        11.16
           64         1000        11.30        11.30        11.30        22.66
          128         1000        11.45        11.45        11.45        44.73
          256         1000        11.47        11.47        11.47        89.28
          512         1000        11.95        11.95        11.95       171.41
         1024         1000        12.21        12.21        12.21       335.41
         2048         1000        13.21        13.21        13.21       620.03
         4096         1000        18.28        18.28        18.28       896.43
         8192         1000        24.70        24.71        24.70      1326.32
        16384         1000        34.95        34.95        34.95      1875.03
        32768         1000        52.85        52.85        52.85      2480.27
        65536          640        92.97        92.98        92.97      2819.51
       131072          320       117.82       117.83       117.83      4449.69
       262144          160       191.45       191.47       191.46      5476.47
       524288           80       244.31       244.59       244.45      8574.23
      1048576           40       371.72       371.78       371.75     11281.74
      2097152           20      3204.15      3204.30      3204.23      2617.92
      4194304           10      6701.52      6701.61      6701.56      2503.46

#-----------------------------------------------------------------------------
# Benchmarking Exchange 
# #processes = 4 
# ( 4 additional processes waiting in MPI_Barrier)
#-----------------------------------------------------------------------------
       #bytes #repetitions  t_min[usec]  t_max[usec]  t_avg[usec]   Mbytes/sec
            0         1000         7.75         7.75         7.75         0.00
            1         1000         8.40         8.41         8.41         0.48
            2         1000         8.33         8.33         8.33         0.96
            4         1000         8.82         8.82         8.82         1.81
            8         1000         8.48         8.48         8.48         3.77
           16         1000        13.15        13.15        13.15         4.87
           32         1000        13.06        13.07        13.06         9.80
           64         1000        12.39        12.39        12.39        20.66
          128         1000        12.67        12.67        12.67        40.41
          256         1000        12.77        12.77        12.77        80.17
          512         1000        13.18        13.18        13.18       155.41
         1024         1000        13.75        13.75        13.75       297.85
         2048         1000        14.71        14.73        14.73       556.07
         4096         1000        19.28        19.28        19.28       849.71
         8192         1000        25.40        25.41        25.41      1289.72
        16384         1000        37.22        37.23        37.22      1760.39
        32768         1000        56.90        56.91        56.90      2303.31
        65536          640        96.09        96.14        96.12      2726.80
       131072          320       166.49       166.60       166.56      3147.00
       262144          160       188.69       189.01       188.89      5547.66
       524288           80       236.81       237.56       237.31      8827.87
      1048576           40       384.28       385.25       384.85     10887.10
      2097152           20      4020.30      4146.95      4090.54      2022.84
      4194304           10      8918.60      9335.21      9201.75      1797.20

#-----------------------------------------------------------------------------
# Benchmarking Exchange 
# #processes = 8 
#-----------------------------------------------------------------------------
       #bytes #repetitions  t_min[usec]  t_max[usec]  t_avg[usec]   Mbytes/sec
            0         1000         8.01         8.01         8.01         0.00
            1         1000         8.51         8.52         8.52         0.47
            2         1000         8.58         8.59         8.59         0.93
            4         1000         8.69         8.70         8.69         1.84
            8         1000         8.63         8.64         8.64         3.70
           16         1000        13.43        13.44        13.43         4.76
           32         1000        13.21        13.21        13.21         9.69
           64         1000        12.74        12.75        12.75        20.08
          128         1000        12.96        12.98        12.97        39.43
          256         1000        13.13        13.14        13.14        77.92
          512         1000        13.50        13.52        13.51       151.46
         1024         1000        14.28        14.28        14.28       286.85
         2048         1000        15.20        15.27        15.23       536.33
         4096         1000        19.70        19.76        19.74       828.94
         8192         1000        25.86        25.88        25.87      1266.30
        16384         1000        37.48        37.51        37.49      1747.31
        32768         1000        56.69        56.74        56.73      2309.93
        65536          640        95.05        95.19        95.13      2753.89
       131072          320       142.47       142.69       142.61      3674.21
       262144          160       216.32       217.19       216.56      4827.98
       524288           80       293.26       296.26       294.59      7078.71
      1048576           40       417.33       420.70       419.46      9969.79
      2097152           20      3701.15      4051.80      3894.54      2070.34
      4194304           10      7865.60      8850.81      8502.11      1895.56

#----------------------------------------------------------------
# Benchmarking Allreduce 
# #processes = 2 
# ( 6 additional processes waiting in MPI_Barrier)
#----------------------------------------------------------------
       #bytes #repetitions  t_min[usec]  t_max[usec]  t_avg[usec]
            0         1000         0.63         0.64         0.63
            4         1000         8.41         8.55         8.48
            8         1000         8.35         8.44         8.39
           16         1000        11.89        11.93        11.91
           32         1000        11.80        11.84        11.82
           64         1000        11.73        11.82        11.77
          128         1000        12.68        12.70        12.69
          256         1000        12.89        12.91        12.90
          512         1000        12.91        12.97        12.94
         1024         1000        13.42        13.43        13.42
         2048         1000        14.24        14.27        14.25
         4096         1000        16.57        16.68        16.62
         8192         1000        28.34        28.35        28.34
        16384         1000        26.77        26.78        26.78
        32768         1000        45.25        45.36        45.31
        65536          640        67.84        67.96        67.90
       131072          320       111.48       111.59       111.54
       262144          160       251.34       281.72       266.53
       524288           80       557.82       564.48       561.15
      1048576           40       862.54       869.46       866.00
      2097152           20      3285.03      3305.02      3295.02
      4194304           10      8845.54      8850.10      8847.82

#----------------------------------------------------------------
# Benchmarking Allreduce 
# #processes = 4 
# ( 4 additional processes waiting in MPI_Barrier)
#----------------------------------------------------------------
       #bytes #repetitions  t_min[usec]  t_max[usec]  t_avg[usec]
            0         1000         0.74         0.81         0.77
            4         1000        12.54        13.14        12.87
            8         1000        12.99        13.13        13.05
           16         1000        19.21        19.32        19.27
           32         1000        19.33        19.44        19.39
           64         1000        18.66        18.91        18.76
          128         1000        20.08        20.16        20.13
          256         1000        20.32        20.47        20.41
          512         1000        20.63        20.78        20.71
         1024         1000        21.47        21.63        21.57
         2048         1000        22.99        23.12        23.03
         4096         1000        27.34        27.51        27.38
         8192         1000        34.63        35.07        34.86
        16384         1000        46.80        47.65        47.14
        32768         1000        71.22        71.95        71.60
        65536          640       115.98       117.37       116.69
       131072          320       181.33       182.61       182.06
       262144          160       377.57       381.93       379.40
       524288           80       852.79       931.56       876.87
      1048576           40      1274.68      1322.11      1288.87
      2097152           20      7765.58     10536.03      9159.36
      4194304           10     32314.99     39780.09     36031.29

#----------------------------------------------------------------
# Benchmarking Allreduce 
# #processes = 8 
#----------------------------------------------------------------
       #bytes #repetitions  t_min[usec]  t_max[usec]  t_avg[usec]
            0         1000         0.76         0.84         0.80
            4         1000        16.57        17.11        16.85
            8         1000        16.54        17.09        16.79
           16         1000        25.93        26.42        26.12
           32         1000        25.82        26.12        26.01
           64         1000        25.39        25.64        25.54
          128         1000        26.90        27.01        26.95
          256         1000        27.15        27.38        27.30
          512         1000        28.04        28.35        28.17
         1024         1000        29.45        29.73        29.60
         2048         1000        31.63        32.08        31.79
         4096         1000        38.63        39.38        39.01
         8192         1000        48.68        49.95        49.38
        16384         1000        66.49        67.78        66.95
        32768         1000        96.72        98.22        97.38
        65536          640       140.43       143.22       141.70
       131072          320       229.42       233.04       231.48
       262144          160       504.66       512.44       509.99
       524288           80      1020.09      1070.81      1045.39
      1048576           40      1600.37      1711.90      1652.00
      2097152           20      6451.00     12785.21      9165.28
      4194304           10     27038.98     44403.89     35722.70

#----------------------------------------------------------------
# Benchmarking Reduce 
# #processes = 2 
# ( 6 additional processes waiting in MPI_Barrier)
#----------------------------------------------------------------
       #bytes #repetitions  t_min[usec]  t_max[usec]  t_avg[usec]
            0         1000         0.75         0.82         0.78
            4         1000         5.49         7.75         6.62
            8         1000         5.62         7.69         6.65
           16         1000         9.69        10.63        10.16
           32         1000         9.56        10.64        10.10
           64         1000         9.45        10.37         9.91
          128         1000        10.18        11.19        10.68
          256         1000        10.26        11.27        10.77
          512         1000        10.30        11.26        10.78
         1024         1000        10.42        11.36        10.89
         2048         1000        11.02        11.78        11.40
         4096         1000        12.61        13.23        12.92
         8192         1000        14.60        14.78        14.69
        16384         1000        19.26        20.94        20.10
        32768         1000        24.50        28.37        26.44
        65536          640        34.93        43.40        39.16
       131072          320        94.04        95.79        94.91
       262144          160       192.12       195.71       193.91
       524288           80       404.08       409.98       407.03
      1048576           40       799.67       801.80       800.73
      2097152           20      1583.84      1588.76      1586.30
      4194304           10      3103.78      3107.52      3105.65

#----------------------------------------------------------------
# Benchmarking Reduce 
# #processes = 4 
# ( 4 additional processes waiting in MPI_Barrier)
#----------------------------------------------------------------
       #bytes #repetitions  t_min[usec]  t_max[usec]  t_avg[usec]
            0         1000         0.93         0.97         0.94
            4         1000         6.61        15.46        10.49
            8         1000         6.59        15.06        10.39
           16         1000        11.54        18.03        14.24
           32         1000        11.54        17.67        14.11
           64         1000        11.21        17.45        13.83
          128         1000        12.59        18.61        15.11
          256         1000        12.54        18.87        15.23
          512         1000        13.14        19.56        15.82
         1024         1000        14.94        18.47        16.13
         2048         1000        16.25        20.22        17.31
         4096         1000        19.28        24.71        21.87
         8192         1000        16.77        30.69        23.51
        16384         1000        19.72        37.97        28.54
        32768         1000        25.12        53.89        38.22
        65536          640        34.97        84.10        57.08
       131072          320       156.00       184.43       172.30
       262144          160       316.56       355.74       335.33
       524288           80       708.23       778.67       746.26
      1048576           40      1423.38      1512.74      1479.58
      2097152           20      2971.57      3099.05      3058.14
      4194304           10      6154.25      6361.75      6298.07

#----------------------------------------------------------------
# Benchmarking Reduce 
# #processes = 8 
#----------------------------------------------------------------
       #bytes #repetitions  t_min[usec]  t_max[usec]  t_avg[usec]
            0         1000         0.93         0.99         0.96
            4         1000         6.74        19.79        11.36
            8         1000         6.67        20.28        11.46
           16         1000        11.70        24.69        16.64
           32         1000        11.68        23.84        16.22
           64         1000        11.38        23.81        15.97
          128         1000        12.65        25.00        17.23
          256         1000        12.71        25.41        17.44
          512         1000        13.18        26.08        17.90
         1024         1000        14.12        25.53        17.83
         2048         1000        14.92        27.03        18.90
         4096         1000        15.51        33.54        22.12
         8192         1000        17.26        40.96        25.98
        16384         1000        20.31        55.53        32.99
        32768         1000        25.12        79.41        44.05
        65536          640        35.12       126.13        66.49
       131072          320       156.56       254.98       212.91
       262144          160       337.62       458.39       405.38
       524288           80       772.12       966.76       887.00
      1048576           40      1543.30      1795.88      1700.87
      2097152           20      3163.14      3463.24      3355.08
      4194304           10      6360.39      6848.26      6688.70

#----------------------------------------------------------------
# Benchmarking Reduce_scatter 
# #processes = 2 
# ( 6 additional processes waiting in MPI_Barrier)
#----------------------------------------------------------------
       #bytes #repetitions  t_min[usec]  t_max[usec]  t_avg[usec]
            0         1000         1.54         1.55         1.55
            4         1000         8.05         8.26         8.15
            8         1000         8.41         8.43         8.42
           16         1000         8.40         8.47         8.44
           32         1000        11.82        11.83        11.82
           64         1000        11.79        11.82        11.80
          128         1000        11.60        11.61        11.61
          256         1000        12.80        12.88        12.84
          512         1000        12.72        12.76        12.74
         1024         1000        13.09        13.41        13.25
         2048         1000        13.68        13.71        13.70
         4096         1000        14.48        14.50        14.49
         8192         1000        16.58        16.84        16.71
        16384         1000        20.47        20.88        20.67
        32768         1000        26.87        27.17        27.02
        65536          640        39.17        39.39        39.28
       131072          320        61.59        61.87        61.73
       262144          160       110.58       111.56       111.07
       524288           80       264.89       276.82       270.85
      1048576           40       523.07       527.95       525.51
      2097152           20       900.84       901.06       900.95
      4194304           10      8898.19      8913.71      8905.95

#----------------------------------------------------------------
# Benchmarking Reduce_scatter 
# #processes = 4 
# ( 4 additional processes waiting in MPI_Barrier)
#----------------------------------------------------------------
       #bytes #repetitions  t_min[usec]  t_max[usec]  t_avg[usec]
            0         1000         1.68         1.73         1.70
            4         1000         6.97        16.19        11.09
            8         1000         7.02        17.12        11.87
           16         1000        14.14        14.82        14.49
           32         1000        19.05        19.74        19.39
           64         1000        20.41        20.64        20.50
          128         1000        21.14        21.73        21.42
          256         1000        20.97        21.39        21.17
          512         1000        21.83        22.07        21.98
         1024         1000        21.96        22.21        22.07
         2048         1000        22.61        22.78        22.69
         4096         1000        23.91        24.43        24.16
         8192         1000        28.48        28.87        28.61
        16384         1000        34.82        35.77        35.31
        32768         1000        45.26        46.04        45.53
        65536          640        66.59        69.15        67.68
       131072          320       105.00       105.79       105.35
       262144          160       186.68       190.06       188.25
       524288           80       331.11       352.88       341.00
      1048576           40       670.02       721.60       690.03
      2097152           20      1322.21      1350.21      1334.31
      4194304           10      2293.11      2333.52      2314.69

#----------------------------------------------------------------
# Benchmarking Reduce_scatter 
# #processes = 8 
#----------------------------------------------------------------
       #bytes #repetitions  t_min[usec]  t_max[usec]  t_avg[usec]
            0         1000         1.77         1.87         1.82
            4         1000         7.31        20.62        12.23
            8         1000         7.29        23.74        12.89
           16         1000        12.74        25.49        18.29
           32         1000        23.33        24.63        24.01
           64         1000        27.00        27.77        27.33
          128         1000        28.58        28.95        28.72
          256         1000        28.27        28.55        28.41
          512         1000        28.18        28.72        28.43
         1024         1000        29.01        29.40        29.20
         2048         1000        29.81        30.27        30.02
         4096         1000        31.41        32.10        31.68
         8192         1000        39.69        40.50        39.98
        16384         1000        45.17        46.59        45.65
        32768         1000        57.89        58.92        58.27
        65536          640        85.84        87.76        86.60
       131072          320       149.98       151.48       150.65
       262144          160       256.33       261.30       258.31
       524288           80       501.48       508.30       504.11
      1048576           40      1102.07      1177.69      1144.29
      2097152           20      1715.46      1799.56      1761.71
      4194304           10      3084.14      3167.41      3122.55

#----------------------------------------------------------------
# Benchmarking Allgather 
# #processes = 2 
# ( 6 additional processes waiting in MPI_Barrier)
#----------------------------------------------------------------
       #bytes #repetitions  t_min[usec]  t_max[usec]  t_avg[usec]
            0         1000         0.65         0.66         0.65
            1         1000         5.83         5.89         5.86
            2         1000         6.00         6.06         6.03
            4         1000         5.89         6.28         6.08
            8         1000         5.99         6.00         6.00
           16         1000         9.53         9.69         9.61
           32         1000         9.45         9.65         9.55
           64         1000         9.21         9.32         9.27
          128         1000         9.68         9.81         9.74
          256         1000         9.80         9.81         9.80
          512         1000         9.98        10.01         9.99
         1024         1000        10.28        10.32        10.30
         2048         1000        10.66        10.84        10.75
         4096         1000        12.78        12.85        12.81
         8192         1000        15.81        15.95        15.88
        16384         1000        20.53        20.58        20.55
        32768         1000        29.99        30.30        30.14
        65536          640        47.34        47.76        47.55
       131072          320        94.26        95.25        94.75
       262144          160       124.84       150.17       137.50
       524288           80       289.17       333.37       311.27
      1048576           40       490.09       523.92       507.01
      2097152           20      2439.21      2526.71      2482.96
      4194304           10      3808.09      3833.79      3820.94

#----------------------------------------------------------------
# Benchmarking Allgather 
# #processes = 4 
# ( 4 additional processes waiting in MPI_Barrier)
#----------------------------------------------------------------
       #bytes #repetitions  t_min[usec]  t_max[usec]  t_avg[usec]
            0         1000         0.77         0.81         0.79
            1         1000        10.12        11.22        10.71
            2         1000        10.27        10.77        10.55
            4         1000        10.20        10.97        10.59
            8         1000        13.84        14.54        14.19
           16         1000        16.75        16.81        16.78
           32         1000        16.58        16.78        16.67
           64         1000        16.30        16.44        16.36
          128         1000        16.99        17.02        17.00
          256         1000        17.17        17.23        17.20
          512         1000        17.77        17.96        17.86
         1024         1000        18.40        18.62        18.50
         2048         1000        21.40        21.50        21.45
         4096         1000        25.88        26.31        26.05
         8192         1000        33.65        34.33        33.89
        16384         1000        46.90        47.74        47.19
        32768         1000        74.48        74.95        74.74
        65536          640       138.00       142.33       140.24
       131072          320       253.40       289.98       263.16
       262144          160       246.25       291.88       273.13
       524288           80       376.85       438.33       420.62
      1048576           40      2170.22      7552.90      4865.32
      2097152           20      8903.21     12463.19     10680.00
      4194304           10     17180.09     27272.15     22232.03

#----------------------------------------------------------------
# Benchmarking Allgather 
# #processes = 8 
#----------------------------------------------------------------
       #bytes #repetitions  t_min[usec]  t_max[usec]  t_avg[usec]
            0         1000         0.79         0.84         0.81
            1         1000        13.72        15.28        14.39
            2         1000        13.95        14.79        14.45
            4         1000        17.44        18.62        18.04
            8         1000        20.38        21.19        20.80
           16         1000        23.06        23.42        23.23
           32         1000        25.04        26.14        25.53
           64         1000        22.53        23.26        22.94
          128         1000        23.65        23.99        23.82
          256         1000        24.12        24.53        24.35
          512         1000        25.59        25.83        25.68
         1024         1000        29.36        29.90        29.63
         2048         1000        34.32        35.03        34.60
         4096         1000        43.85        44.83        44.33
         8192         1000        59.70        60.80        60.24
        16384         1000        91.45        94.50        92.92
        32768         1000       168.29       202.51       183.44
        65536          640       248.45       307.78       273.91
       131072          320       289.69       331.41       312.47
       262144          160       368.73       426.36       398.18
       524288           80      2504.30     13168.86      5805.26
      1048576           40      4429.69      6359.35      5151.87
      2097152           20     20339.44     33347.07     26317.89
      4194304           10     33643.53     43280.84     38312.12

#----------------------------------------------------------------
# Benchmarking Allgatherv 
# #processes = 2 
# ( 6 additional processes waiting in MPI_Barrier)
#----------------------------------------------------------------
       #bytes #repetitions  t_min[usec]  t_max[usec]  t_avg[usec]
            0         1000         0.78         0.82         0.80
            1         1000         6.89         6.97         6.93
            2         1000         7.07         7.12         7.10
            4         1000         6.97         7.04         7.01
            8         1000         7.13         7.13         7.13
           16         1000        10.39        10.41        10.40
           32         1000        10.30        10.39        10.35
           64         1000         9.98         9.99         9.99
          128         1000        10.37        10.38        10.37
          256         1000        10.48        10.52        10.50
          512         1000        10.70        10.80        10.75
         1024         1000        11.04        11.14        11.09
         2048         1000        11.60        11.65        11.62
         4096         1000        13.78        13.93        13.86
         8192         1000        16.69        16.88        16.78
        16384         1000        21.60        21.67        21.64
        32768         1000        30.98        31.09        31.03
        65536          640        48.67        48.78        48.72
       131072          320        89.56        90.18        89.87
       262144          160       135.81       164.89       150.35
       524288           80       300.96       335.60       318.28
      1048576           40       504.97       537.00       520.98
      2097152           20      2492.73      2573.48      2533.10
      4194304           10      3782.39      3817.03      3799.71

#----------------------------------------------------------------
# Benchmarking Allgatherv 
# #processes = 4 
# ( 4 additional processes waiting in MPI_Barrier)
#----------------------------------------------------------------
       #bytes #repetitions  t_min[usec]  t_max[usec]  t_avg[usec]
            0         1000         0.93         0.97         0.96
            1         1000        12.78        13.27        13.05
            2         1000        13.07        13.19        13.13
            4         1000        12.95        13.43        13.16
            8         1000        17.06        17.28        17.13
           16         1000        19.17        19.46        19.32
           32         1000        19.60        19.79        19.68
           64         1000        19.53        19.60        19.57
          128         1000        20.20        20.46        20.35
          256         1000        20.30        20.68        20.50
          512         1000        20.80        21.14        20.97
         1024         1000        21.83        22.05        21.94
         2048         1000        25.19        25.50        25.38
         4096         1000        30.06        30.34        30.24
         8192         1000        38.98        39.49        39.29
        16384         1000        53.70        55.07        54.55
        32768         1000        82.75        85.69        84.42
        65536          640       139.62       141.80       140.90
       131072          320       355.62       366.62       361.13
       262144          160       393.98       432.36       411.51
       524288           80       635.30       681.68       651.97
      1048576           40      1018.98      1057.97      1031.99
      2097152           20      4393.35      4914.50      4653.08
      4194304           10      8058.88      8810.59      8423.80

#----------------------------------------------------------------
# Benchmarking Allgatherv 
# #processes = 8 
#----------------------------------------------------------------
       #bytes #repetitions  t_min[usec]  t_max[usec]  t_avg[usec]
            0         1000         0.97         1.02         0.99
            1         1000        16.82        18.03        17.43
            2         1000        17.34        18.14        17.78
            4         1000        20.86        21.77        21.34
            8         1000        24.08        24.58        24.31
           16         1000        26.92        27.40        27.15
           32         1000        26.73        27.38        27.02
           64         1000        26.54        26.92        26.71
          128         1000        27.27        27.92        27.59
          256         1000        28.04        28.38        28.17
          512         1000        29.60        30.09        29.83
         1024         1000        33.65        34.10        33.84
         2048         1000        38.93        39.58        39.26
         4096         1000        49.72        50.65        50.25
         8192         1000        67.71        69.61        68.56
        16384         1000       104.88       108.94       106.70
        32768         1000       193.91       204.41       198.63
        65536          640       353.11       378.27       365.36
       131072          320       762.36       893.93       833.21
       262144          160       862.84      1021.50       940.11
       524288           80      1252.51      1318.28      1283.20
      1048576           40      1854.10      1948.46      1895.36
      2097152           20      7331.31      8209.40      7851.10
      4194304           10     48222.35     65763.19     58470.73

#----------------------------------------------------------------
# Benchmarking Gather 
# #processes = 2 
# ( 6 additional processes waiting in MPI_Barrier)
#----------------------------------------------------------------
       #bytes #repetitions  t_min[usec]  t_max[usec]  t_avg[usec]
            0         1000         0.68         0.71         0.70
            1         1000         2.95         5.78         4.36
            2         1000         3.04         5.58         4.31
            4         1000         2.99         5.73         4.36
            8         1000         3.05         5.59         4.32
           16         1000         8.41         9.61         9.01
           32         1000         8.40         9.66         9.03
           64         1000         8.14         9.33         8.74
          128         1000         7.77         8.40         8.09
          256         1000         7.73         8.30         8.01
          512         1000         7.80         8.36         8.08
         1024         1000         7.93         8.94         8.43
         2048         1000         8.23         9.41         8.82
         4096         1000        10.19        11.30        10.74
         8192         1000        11.57        12.23        11.90
        16384         1000        13.80        14.44        14.12
        32768         1000        18.12        19.38        18.75
        65536          640        28.09        29.60        28.84
       131072          320        50.17        51.16        50.67
       262144          160        82.71        98.66        90.68
       524288           80       207.35       255.27       231.31
      1048576           40       409.41       457.79       433.60
      2097152           20       671.66       707.13       689.39
      4194304           10      1236.32      1278.61      1257.47

#----------------------------------------------------------------
# Benchmarking Gather 
# #processes = 4 
# ( 4 additional processes waiting in MPI_Barrier)
#----------------------------------------------------------------
       #bytes #repetitions  t_min[usec]  t_max[usec]  t_avg[usec]
            0         1000         0.83         0.87         0.85
            1         1000         3.23         9.80         4.92
            2         1000         3.22         9.70         4.89
            4         1000         3.22         9.88         4.92
            8         1000         3.23         9.77         4.90
           16         1000         9.51        10.98        10.08
           32         1000         9.54        10.85        10.04
           64         1000         9.11        10.46         9.61
          128         1000         9.47        10.98        10.06
          256         1000         9.34        10.91         9.92
          512         1000         9.77        11.17        10.28
         1024         1000         9.96        11.47        10.51
         2048         1000        10.80        12.34        11.35
         4096         1000        13.81        15.34        14.42
         8192         1000        17.17        18.78        17.71
        16384         1000        23.15        24.82        23.98
        32768         1000        35.77        37.42        36.90
        65536          640        63.13        67.07        65.75
       131072          320       125.80       137.76       134.50
       262144          160       110.52       143.65       123.25
       524288           80       277.69       289.38       283.51
      1048576           40       541.56       559.25       548.55
      2097152           20       958.20       991.26       981.01
      4194304           10      1876.24      1906.23      1895.06

#----------------------------------------------------------------
# Benchmarking Gather 
# #processes = 8 
#----------------------------------------------------------------
       #bytes #repetitions  t_min[usec]  t_max[usec]  t_avg[usec]
            0         1000         0.85         0.91         0.87
            1         1000         3.23        15.47         4.85
            2         1000         3.25        15.67         4.88
            4         1000         3.23        15.50         4.85
            8         1000         3.17        15.54         4.84
           16         1000        11.81        17.23        13.46
           32         1000        11.77        17.22        13.50
           64         1000        11.20        16.60        12.80
          128         1000        12.49        17.73        14.03
          256         1000        11.92        17.17        13.58
          512         1000        12.55        17.80        14.14
         1024         1000        13.22        18.44        14.76
         2048         1000        14.61        20.47        16.35
         4096         1000        20.08        25.49        21.76
         8192         1000        26.65        31.93        28.38
        16384         1000        40.74        45.89        42.72
        32768         1000        74.01        80.42        77.69
        65536          640       158.45       183.73       164.82
       131072          320       261.09       298.18       268.85
       262144          160       170.63       209.94       188.47
       524288           80       403.97       466.25       437.05
      1048576           40       808.72       895.46       865.81
      2097152           20      1563.68      1683.55      1649.73
      4194304           10      3137.99      3266.95      3224.10

#----------------------------------------------------------------
# Benchmarking Gatherv 
# #processes = 2 
# ( 6 additional processes waiting in MPI_Barrier)
#----------------------------------------------------------------
       #bytes #repetitions  t_min[usec]  t_max[usec]  t_avg[usec]
            0         1000         0.83         1.80         1.32
            1         1000         2.88         5.76         4.32
            2         1000         2.92         5.60         4.26
            4         1000         2.82         5.78         4.30
            8         1000         2.89         5.70         4.29
           16         1000         7.68         8.18         7.93
           32         1000         7.67         8.23         7.95
           64         1000         7.47         8.04         7.76
          128         1000         7.94         8.49         8.21
          256         1000         7.90         8.49         8.19
          512         1000         8.01         8.61         8.31
         1024         1000         8.17         8.76         8.47
         2048         1000         8.55         9.05         8.80
         4096         1000        10.16        10.66        10.41
         8192         1000        11.49        12.16        11.83
        16384         1000        14.04        14.74        14.39
        32768         1000        18.95        19.72        19.34
        65536          640        28.63        29.42        29.02
       131072          320        50.34        50.82        50.58
       262144          160        78.57        90.29        84.43
       524288           80       215.26       265.01       240.14
      1048576           40       413.82       451.08       432.45
      2097152           20       683.87       708.52       696.19
      4194304           10      1240.40      1282.76      1261.58

#----------------------------------------------------------------
# Benchmarking Gatherv 
# #processes = 4 
# ( 4 additional processes waiting in MPI_Barrier)
#----------------------------------------------------------------
       #bytes #repetitions  t_min[usec]  t_max[usec]  t_avg[usec]
            0         1000         0.89         2.03         1.21
            1         1000         2.97         9.99         4.76
            2         1000         2.98         9.97         4.75
            4         1000         2.94         9.97         4.73
            8         1000         2.93         9.92         4.74
           16         1000         9.76        10.90        10.16
           32         1000         9.75        10.91        10.19
           64         1000         9.31        10.54         9.76
          128         1000         9.73        11.43        10.35
          256         1000         9.54        11.14        10.12
          512         1000         9.88        11.44        10.43
         1024         1000        10.13        11.87        10.70
         2048         1000        11.09        12.66        11.63
         4096         1000        13.94        15.69        14.72
         8192         1000        17.37        18.99        18.01
        16384         1000        23.31        25.12        24.18
        32768         1000        35.87        37.67        37.07
        65536          640        63.03        67.04        65.65
       131072          320       123.06       136.65       132.22
       262144          160       111.61       144.12       123.96
       524288           80       278.33       290.75       284.83
      1048576           40       536.00       553.45       545.63
      2097152           20       953.50       985.88       974.95
      4194304           10      1851.80      1885.51      1874.59

#----------------------------------------------------------------
# Benchmarking Gatherv 
# #processes = 8 
#----------------------------------------------------------------
       #bytes #repetitions  t_min[usec]  t_max[usec]  t_avg[usec]
            0         1000         0.92         2.92         1.23
            1         1000         2.88        16.63         4.75
            2         1000         2.90        16.78         4.76
            4         1000         2.90        16.82         4.75
            8         1000         2.85        16.53         4.71
           16         1000        12.69        18.36        14.41
           32         1000        12.68        18.27        14.42
           64         1000        11.86        17.54        13.69
          128         1000        12.91        18.53        14.81
          256         1000        12.37        18.32        14.36
          512         1000        12.85        18.86        14.94
         1024         1000        13.87        19.88        15.99
         2048         1000        15.16        21.10        17.40
         4096         1000        20.41        26.84        22.72
         8192         1000        27.16        33.44        29.41
        16384         1000        41.32        47.33        43.75
        32768         1000        75.17        81.80        78.86
        65536          640       158.66       185.11       164.82
       131072          320       260.98       301.65       269.44
       262144          160       167.38       211.13       188.33
       524288           80       386.66       468.06       435.13
      1048576           40       812.05       896.20       864.58
      2097152           20      1575.84      1677.97      1647.28
      4194304           10      3183.41      3276.04      3235.64

#----------------------------------------------------------------
# Benchmarking Scatter 
# #processes = 2 
# ( 6 additional processes waiting in MPI_Barrier)
#----------------------------------------------------------------
       #bytes #repetitions  t_min[usec]  t_max[usec]  t_avg[usec]
            0         1000         0.78         0.80         0.79
            1         1000         4.12         5.84         4.98
            2         1000         4.13         5.90         5.01
            4         1000         4.15         5.97         5.06
            8         1000         4.13         5.88         5.00
           16         1000         8.10         9.37         8.73
           32         1000         8.06         9.38         8.72
           64         1000         8.11         9.26         8.69
          128         1000         8.15         9.41         8.78
          256         1000         8.23         9.47         8.85
          512         1000         8.37         9.61         8.99
         1024         1000         8.66         9.92         9.29
         2048         1000         9.05        10.27         9.66
         4096         1000        10.67        12.06        11.36
         8192         1000        12.08        13.59        12.84
        16384         1000        14.13        15.96        15.05
        32768         1000        18.29        21.16        19.72
        65536          640        26.49        31.12        28.80
       131072          320        56.80        58.67        57.74
       262144          160        84.08       129.54       106.81
       524288           80       238.38       296.61       267.50
      1048576           40       220.84       470.73       345.79
      2097152           20      2068.53      2154.87      2111.70
      4194304           10      3062.77      3103.42      3083.10

#----------------------------------------------------------------
# Benchmarking Scatter 
# #processes = 4 
# ( 4 additional processes waiting in MPI_Barrier)
#----------------------------------------------------------------
       #bytes #repetitions  t_min[usec]  t_max[usec]  t_avg[usec]
            0         1000         0.93         0.98         0.95
            1         1000         6.20         7.44         6.81
            2         1000         6.12         7.41         6.75
            4         1000         6.14         7.32         6.70
            8         1000         6.07         7.33         6.70
           16         1000         7.35        11.59         8.98
           32         1000         7.31        11.53         8.93
           64         1000         7.15        11.33         8.81
          128         1000         7.44        11.62         9.06
          256         1000         7.53        11.78         9.22
          512         1000         7.77        11.89         9.42
         1024         1000         8.10        12.33         9.79
         2048         1000         8.75        12.83        10.60
         4096         1000        11.19        15.71        13.28
         8192         1000        12.85        20.93        17.05
        16384         1000        16.05        26.68        21.94
        32768         1000        18.85        43.08        32.03
        65536          640        28.01        66.85        50.23
       131072          320        53.47        90.67        75.03
       262144          160        88.57       173.17       134.99
       524288           80       252.86       398.98       337.26
      1048576           40       440.08       720.01       588.65
      2097152           20       723.80      2093.65      1439.94
      4194304           10      1349.74      3123.31      2324.11

#----------------------------------------------------------------
# Benchmarking Scatter 
# #processes = 8 
#----------------------------------------------------------------
       #bytes #repetitions  t_min[usec]  t_max[usec]  t_avg[usec]
            0         1000         0.93         0.97         0.95
            1         1000         6.40        11.16         7.97
            2         1000         6.45        11.30         8.09
            4         1000         6.31        11.28         7.92
            8         1000         6.30        11.24         8.09
           16         1000         8.04        15.72         9.76
           32         1000         8.11        15.44         9.71
           64         1000         7.84        15.26         9.46
          128         1000         8.13        15.62         9.74
          256         1000         8.28        15.83         9.94
          512         1000         8.24        16.33        10.19
         1024         1000         8.47        17.37        10.80
         2048         1000         9.08        18.71        11.87
         4096         1000        10.84        24.77        15.97
         8192         1000        12.99        37.19        23.28
        16384         1000        15.28        49.69        30.84
        32768         1000        20.30        84.61        51.85
        65536          640        31.02       154.94        93.25
       131072          320        63.51       170.01       116.84
       262144          160       126.43       372.27       250.88
       524288           80       279.67       738.15       513.27
      1048576           40       478.69      1152.69       833.41
      2097152           20       748.24      2228.26      1501.84
      4194304           10      1322.22      3962.49      2650.83

#----------------------------------------------------------------
# Benchmarking Scatterv 
# #processes = 2 
# ( 6 additional processes waiting in MPI_Barrier)
#----------------------------------------------------------------
       #bytes #repetitions  t_min[usec]  t_max[usec]  t_avg[usec]
            0         1000         0.89         1.72         1.30
            1         1000         5.00         6.06         5.53
            2         1000         5.06         5.98         5.52
            4         1000         5.02         6.09         5.56
            8         1000         5.03         6.13         5.58
           16         1000         8.09         9.48         8.79
           32         1000         8.06         9.47         8.77
           64         1000         7.82         9.27         8.55
          128         1000         8.23         9.61         8.92
          256         1000         8.19         9.67         8.93
          512         1000         8.48         9.86         9.17
         1024         1000         8.71        10.13         9.42
         2048         1000         9.13        10.63         9.88
         4096         1000        11.01        12.57        11.79
         8192         1000        12.53        14.14        13.34
        16384         1000        14.98        16.64        15.81
        32768         1000        20.16        21.84        21.00
        65536          640        30.07        31.71        30.89
       131072          320        54.86        57.10        55.98
       262144          160        89.39       105.78        97.59
       524288           80       237.48       262.41       249.94
      1048576           40       432.75       463.32       448.04
      2097152           20      2058.99      2086.63      2072.81
      4194304           10      3022.72      3047.44      3035.08

#----------------------------------------------------------------
# Benchmarking Scatterv 
# #processes = 4 
# ( 4 additional processes waiting in MPI_Barrier)
#----------------------------------------------------------------
       #bytes #repetitions  t_min[usec]  t_max[usec]  t_avg[usec]
            0         1000         0.93         2.00         1.21
            1         1000         6.09         7.74         6.91
            2         1000         6.07         7.78         6.92
            4         1000         5.92         7.51         6.72
            8         1000         6.07         7.61         6.82
           16         1000         6.91        11.31         8.67
           32         1000         6.89        11.33         8.62
           64         1000         6.70        11.04         8.38
          128         1000         7.04        11.37         8.69
          256         1000         7.04        11.44         8.73
          512         1000         7.30        11.76         9.06
         1024         1000         7.70        12.10         9.39
         2048         1000         8.37        12.56        10.14
         4096         1000        10.88        15.48        13.03
         8192         1000        12.68        20.41        16.57
        16384         1000        15.72        26.20        21.58
        32768         1000        18.62        42.63        31.59
        65536          640        28.73        68.25        51.22
       131072          320        59.48       115.99        86.03
       262144          160       100.43       225.50       156.96
       524288           80       247.56       403.92       332.79
      1048576           40       441.13       712.34       583.20
      2097152           20       733.59      2201.50      1493.33
      4194304           10      1292.99      3186.68      2323.52

#----------------------------------------------------------------
# Benchmarking Scatterv 
# #processes = 8 
#----------------------------------------------------------------
       #bytes #repetitions  t_min[usec]  t_max[usec]  t_avg[usec]
            0         1000         0.96         2.77         1.22
            1         1000         6.55        11.84         8.41
            2         1000         6.50        11.87         8.35
            4         1000         6.44        11.82         8.29
            8         1000         6.55        11.92         8.36
           16         1000         8.10        16.66        10.46
           32         1000         7.94        16.38        10.24
           64         1000         7.77        15.59         9.81
          128         1000         8.11        16.25        10.29
          256         1000         8.16        16.56        10.45
          512         1000         8.60        17.15        11.01
         1024         1000         8.77        17.83        11.32
         2048         1000         9.52        19.22        12.41
         4096         1000        11.58        25.02        16.28
         8192         1000        12.84        37.67        22.80
        16384         1000        15.65        51.84        31.50
        32768         1000        20.74        88.64        53.73
        65536          640        32.71       160.51        96.08
       131072          320        61.22       176.46       119.69
       262144          160       123.75       354.58       238.87
       524288           80       279.53       750.65       498.51
      1048576           40       493.81      1140.46       797.19
      2097152           20       718.87      2177.66      1432.28
      4194304           10      1270.56      3917.48      2600.46

#----------------------------------------------------------------
# Benchmarking Alltoall 
# #processes = 2 
# ( 6 additional processes waiting in MPI_Barrier)
#----------------------------------------------------------------
       #bytes #repetitions  t_min[usec]  t_max[usec]  t_avg[usec]
            0         1000         0.67         0.72         0.69
            1         1000         6.28         6.45         6.37
            2         1000         6.37         6.42         6.40
            4         1000         6.38         6.50         6.44
            8         1000         6.54         6.56         6.55
           16         1000         9.79         9.88         9.84
           32         1000         9.90         9.91         9.90
           64         1000         9.53         9.53         9.53
          128         1000         9.97        10.03        10.00
          256         1000        10.00        10.04        10.02
          512         1000        10.17        10.26        10.21
         1024         1000        10.51        10.53        10.52
         2048         1000        11.20        11.22        11.21
         4096         1000        13.16        13.31        13.23
         8192         1000        16.15        16.22        16.19
        16384         1000        20.85        20.94        20.89
        32768         1000        31.23        31.25        31.24
        65536          640        48.56        48.60        48.58
       131072          320        78.57        79.20        78.89
       262144          160       110.32       144.22       127.27
       524288           80       277.19       282.46       279.83
      1048576           40       490.31       516.98       503.65
      2097152           20      2476.39      2555.73      2516.06
      4194304           10      3774.57      3813.65      3794.11

#----------------------------------------------------------------
# Benchmarking Alltoall 
# #processes = 4 
# ( 4 additional processes waiting in MPI_Barrier)
#----------------------------------------------------------------
       #bytes #repetitions  t_min[usec]  t_max[usec]  t_avg[usec]
            0         1000         0.82         0.86         0.84
            1         1000        13.40        13.64        13.52
            2         1000        15.52        16.10        15.90
            4         1000        15.88        16.00        15.95
            8         1000        15.79        16.46        16.12
           16         1000        19.92        20.20        20.04
           32         1000        19.76        20.10        19.96
           64         1000        19.23        19.42        19.33
          128         1000        19.86        20.11        20.00
          256         1000        19.88        20.31        20.09
          512         1000        20.49        20.84        20.66
         1024         1000        21.07        21.49        21.33
         2048         1000        23.12        23.53        23.28
         4096         1000        28.58        29.19        28.91
         8192         1000        36.52        38.11        37.24
        16384         1000        47.81        48.92        48.49
        32768         1000        77.57        80.90        79.24
        65536          640       159.00       166.06       162.30
       131072          320       264.41       275.28       271.35
       262144          160       257.02       306.37       283.08
       524288           80       517.93       587.22       550.97
      1048576           40       811.86       870.90       832.09
      2097152           20      3928.83      4317.25      4150.46
      4194304           10      2546.50      7972.98      6100.27

#----------------------------------------------------------------
# Benchmarking Alltoall 
# #processes = 8 
#----------------------------------------------------------------
       #bytes #repetitions  t_min[usec]  t_max[usec]  t_avg[usec]
            0         1000         0.84         0.87         0.86
            1         1000        24.80        25.30        25.11
            2         1000        24.59        25.38        25.06
            4         1000        24.65        25.61        25.29
            8         1000        24.59        25.20        24.95
           16         1000        31.36        32.07        31.74
           32         1000        31.06        31.82        31.53
           64         1000        30.15        30.80        30.49
          128         1000        31.35        32.09        31.69
          256         1000        31.32        32.00        31.67
          512         1000        32.92        33.45        33.18
         1024         1000        34.82        35.45        35.13
         2048         1000        38.43        39.26        38.87
         4096         1000        49.20        50.28        49.77
         8192         1000        66.56        68.40        67.60
        16384         1000        95.62       101.59        97.54
        32768         1000       192.39       201.23       196.40
        65536          640       395.62       410.74       402.59
       131072          320       507.44       526.48       515.48
       262144          160       479.96       532.63       497.16
       524288           80       815.95       898.92       854.21
      1048576           40      1401.48      1508.02      1453.78
      2097152           20      3075.23      7992.96      5552.13
      4194304           10     27559.21     33883.33     31563.70

#----------------------------------------------------------------
# Benchmarking Alltoallv 
# #processes = 2 
# ( 6 additional processes waiting in MPI_Barrier)
#----------------------------------------------------------------
       #bytes #repetitions  t_min[usec]  t_max[usec]  t_avg[usec]
            0         1000         2.59         2.70         2.64
            1         1000        10.55        10.81        10.68
            2         1000        10.59        10.86        10.72
            4         1000        10.47        10.63        10.55
            8         1000        10.49        10.71        10.60
           16         1000        13.62        13.75        13.68
           32         1000        13.52        13.64        13.58
           64         1000        13.20        13.30        13.25
          128         1000        13.64        13.81        13.72
          256         1000        13.77        13.90        13.83
          512         1000        13.98        14.12        14.05
         1024         1000        14.22        14.45        14.34
         2048         1000        14.98        15.32        15.15
         4096         1000        17.01        17.18        17.10
         8192         1000        21.10        21.25        21.18
        16384         1000        25.28        25.63        25.46
        32768         1000        35.66        35.75        35.70
        65536          640        53.48        53.90        53.69
       131072          320        86.46        87.01        86.73
       262144          160       119.42       147.62       133.52
       524288           80       325.71       328.26       326.99
      1048576           40       542.69       553.95       548.32
      2097152           20      2510.99      2579.64      2545.32
      4194304           10      3828.48      3848.51      3838.49

#----------------------------------------------------------------
# Benchmarking Alltoallv 
# #processes = 4 
# ( 4 additional processes waiting in MPI_Barrier)
#----------------------------------------------------------------
       #bytes #repetitions  t_min[usec]  t_max[usec]  t_avg[usec]
            0         1000         2.88         3.07         3.01
            1         1000        15.87        16.16        16.04
            2         1000        15.70        16.23        16.08
            4         1000        15.83        16.22        16.04
            8         1000        15.72        16.30        16.09
           16         1000        20.10        20.32        20.18
           32         1000        20.21        20.58        20.39
           64         1000        19.42        19.64        19.52
          128         1000        20.10        20.38        20.27
          256         1000        20.05        20.30        20.16
          512         1000        20.63        20.96        20.82
         1024         1000        21.66        21.96        21.77
         2048         1000        23.40        23.70        23.57
         4096         1000        28.52        28.78        28.65
         8192         1000        36.65        38.24        37.46
        16384         1000        48.22        49.10        48.84
        32768         1000        78.36        81.95        79.94
        65536          640       160.05       164.52       162.30
       131072          320       271.52       284.01       279.02
       262144          160       268.92       327.56       293.53
       524288           80       504.45       578.41       542.35
      1048576           40       831.82       898.52       860.55
      2097152           20      3692.58      4365.85      4110.17
      4194304           10      2670.22      7925.06      6094.49

#----------------------------------------------------------------
# Benchmarking Alltoallv 
# #processes = 8 
#----------------------------------------------------------------
       #bytes #repetitions  t_min[usec]  t_max[usec]  t_avg[usec]
            0         1000         3.31         3.70         3.51
            1         1000        24.98        25.61        25.31
            2         1000        24.95        25.80        25.52
            4         1000        24.82        25.52        25.22
            8         1000        24.89        25.79        25.47
           16         1000        32.36        33.00        32.71
           32         1000        32.05        32.59        32.33
           64         1000        31.18        31.81        31.42
          128         1000        32.00        32.53        32.26
          256         1000        32.10        32.71        32.31
          512         1000        33.43        34.12        33.72
         1024         1000        35.74        36.53        36.08
         2048         1000        39.28        40.10        39.58
         4096         1000        49.96        51.17        50.53
         8192         1000        67.51        69.32        68.40
        16384         1000        95.77       101.80        97.75
        32768         1000       197.05       205.89       201.21
        65536          640       397.38       413.14       404.22
       131072          320       511.14       527.56       519.19
       262144          160       489.47       555.94       517.23
       524288           80       835.53       943.31       883.46
      1048576           40      1448.51      1551.31      1477.67
      2097152           20      3248.73      7975.45      5759.99
      4194304           10     29927.47     35109.19     32859.08

#----------------------------------------------------------------
# Benchmarking Bcast 
# #processes = 2 
# ( 6 additional processes waiting in MPI_Barrier)
#----------------------------------------------------------------
       #bytes #repetitions  t_min[usec]  t_max[usec]  t_avg[usec]
            0         1000         0.54         0.56         0.55
            1         1000         3.94         5.98         4.96
            2         1000         3.92         5.91         4.92
            4         1000         3.88         5.94         4.91
            8         1000         3.86         5.92         4.89
           16         1000         8.00         8.87         8.44
           32         1000         7.83         9.04         8.43
           64         1000         7.69         8.83         8.26
          128         1000         7.74         8.92         8.33
          256         1000         7.71         8.87         8.29
          512         1000         7.87         8.99         8.43
         1024         1000         8.15         8.99         8.57
         2048         1000         8.47         9.70         9.08
         4096         1000        10.20        11.36        10.78
         8192         1000        11.58        12.76        12.17
        16384         1000        13.30        14.59        13.94
        32768         1000        17.65        18.94        18.30
        65536          640        25.76        27.05        26.41
       131072          320        49.44        50.68        50.06
       262144          160        60.85        71.20        66.03
       524288           80        89.43        98.28        93.85
      1048576           40       151.37       155.04       153.20
      2097152           20      1566.06      1577.29      1571.68
      4194304           10      2148.56      2159.67      2154.11

#----------------------------------------------------------------
# Benchmarking Bcast 
# #processes = 4 
# ( 4 additional processes waiting in MPI_Barrier)
#----------------------------------------------------------------
       #bytes #repetitions  t_min[usec]  t_max[usec]  t_avg[usec]
            0         1000         0.68         0.71         0.70
            1         1000         5.78         9.24         7.33
            2         1000         5.76         9.31         7.35
            4         1000         5.75         9.16         7.27
            8         1000         5.64         9.02         7.20
           16         1000         8.91        22.38        16.81
           32         1000         8.70        22.06        16.47
           64         1000         8.85        21.81        16.39
          128         1000         8.44        21.69        16.13
          256         1000         8.53        21.86        16.23
          512         1000         8.54        22.18        16.49
         1024         1000        14.74        16.06        15.20
         2048         1000        15.51        16.81        16.07
         4096         1000        18.66        20.08        19.20
         8192         1000        21.11        22.57        21.88
        16384         1000        25.49        26.83        25.96
        32768         1000        33.53        35.60        34.42
        65536          640        50.15        51.50        50.76
       131072          320       101.79       109.08       105.08
       262144          160       124.57       137.62       132.25
       524288           80       187.99       208.09       198.95
      1048576           40       320.08       336.61       327.68
      2097152           20       545.86      1892.54      1219.65
      4194304           10       956.25      2723.41      1839.69

#----------------------------------------------------------------
# Benchmarking Bcast 
# #processes = 8 
#----------------------------------------------------------------
       #bytes #repetitions  t_min[usec]  t_max[usec]  t_avg[usec]
            0         1000         0.71         0.77         0.74
            1         1000         7.69        12.94         9.51
            2         1000         7.70        13.08         9.60
            4         1000         7.49        12.85         9.40
            8         1000         7.55        12.85         9.43
           16         1000        16.19        26.54        22.14
           32         1000        16.13        26.37        22.06
           64         1000        15.84        26.05        21.66
          128         1000        15.89        26.09        21.79
          256         1000        15.89        26.20        21.95
          512         1000        16.16        26.89        22.40
         1024         1000        20.61        22.67        21.44
         2048         1000        21.89        23.79        22.59
         4096         1000        25.98        28.22        27.07
         8192         1000        29.87        33.02        31.14
        16384         1000        52.88        55.72        54.22
        32768         1000        67.17        75.31        72.95
        65536          640        90.00       105.62       100.02
       131072          320       126.72       159.03       146.90
       262144          160       227.08       287.06       263.79
       524288           80       431.94       505.89       476.36
      1048576           40       621.89       746.48       687.11
      2097152           20      1486.31      3515.98      2259.13
      4194304           10      2580.76      4574.23      3580.56

#---------------------------------------------------
# Benchmarking Barrier 
# #processes = 2 
# ( 6 additional processes waiting in MPI_Barrier)
#---------------------------------------------------
 #repetitions  t_min[usec]  t_max[usec]  t_avg[usec]
         1000         3.63         3.63         3.63

#---------------------------------------------------
# Benchmarking Barrier 
# #processes = 4 
# ( 4 additional processes waiting in MPI_Barrier)
#---------------------------------------------------
 #repetitions  t_min[usec]  t_max[usec]  t_avg[usec]
         1000         6.84         6.84         6.84

#---------------------------------------------------
# Benchmarking Barrier 
# #processes = 8 
#---------------------------------------------------
 #repetitions  t_min[usec]  t_max[usec]  t_avg[usec]
         1000         9.94         9.94         9.94


# All processes entering MPI_Finalize

