#------------------------------------------------------------
#    Intel (R) MPI Benchmarks 2018 Update 1, MPI-1 part    
#------------------------------------------------------------
# Date                  : Thu Nov 30 16:26:33 2017
# Machine               : x86_64
# System                : Linux
# Release               : 4.4.74-92.35-default
# Version               : #1 SMP Mon Aug 7 18:24:48 UTC 2017 (c0fdc47)
# MPI Version           : 3.1
# MPI Thread Environment: 


# Calling sequence was: 

# ./IMB-MPI1

# Minimum message length in bytes:   0
# Maximum message length in bytes:   4194304
#
# MPI_Datatype                   :   MPI_BYTE 
# MPI_Datatype for reductions    :   MPI_FLOAT
# MPI_Op                         :   MPI_SUM  
#
#

# List of Benchmarks to run:

# PingPong
# PingPing
# Sendrecv
# Exchange
# Allreduce
# Reduce
# Reduce_scatter
# Allgather
# Allgatherv
# Gather
# Gatherv
# Scatter
# Scatterv
# Alltoall
# Alltoallv
# Bcast
# Barrier

#---------------------------------------------------
# Benchmarking PingPong 
# #processes = 2 
# ( 2 additional processes waiting in MPI_Barrier)
#---------------------------------------------------
       #bytes #repetitions      t[usec]   Mbytes/sec
            0         1000         3.47         0.00
            1         1000         3.51         0.28
            2         1000         3.51         0.57
            4         1000         3.46         1.16
            8         1000         3.48         2.30
           16         1000         5.30         3.02
           32         1000         5.27         6.07
           64         1000         5.15        12.44
          128         1000         5.16        24.79
          256         1000         5.27        48.55
          512         1000         5.43        94.32
         1024         1000         5.67       180.65
         2048         1000         6.07       337.37
         4096         1000         7.29       562.21
         8192         1000         8.81       929.48
        16384         1000        10.74      1525.79
        32768         1000        15.28      2145.14
        65536          640        23.81      2752.69
       131072          320        46.96      2790.90
       262144          160        66.43      3945.94
       524288           80        89.33      5868.95
      1048576           40       139.77      7502.00
      2097152           20       211.58      9911.93
      4194304           10       409.65     10238.73

#---------------------------------------------------
# Benchmarking PingPing 
# #processes = 2 
# ( 2 additional processes waiting in MPI_Barrier)
#---------------------------------------------------
       #bytes #repetitions      t[usec]   Mbytes/sec
            0         1000         3.94         0.00
            1         1000         3.96         0.25
            2         1000         4.00         0.50
            4         1000         3.93         1.02
            8         1000         3.99         2.01
           16         1000         7.41         2.16
           32         1000         7.34         4.36
           64         1000         7.14         8.96
          128         1000         7.20        17.79
          256         1000         7.35        34.82
          512         1000         7.51        68.19
         1024         1000         7.80       131.23
         2048         1000         8.29       247.16
         4096         1000        10.11       405.30
         8192         1000        13.31       615.44
        16384         1000        20.15       812.94
        32768         1000        25.95      1262.94
        65536          640        41.72      1570.73
       131072          320        61.54      2129.86
       262144          160        71.16      3683.76
       524288           80       101.83      5148.88
      1048576           40       149.92      6994.07
      2097152           20       234.89      8928.23
      4194304           10       424.10      9889.92

#-----------------------------------------------------------------------------
# Benchmarking Sendrecv 
# #processes = 2 
# ( 2 additional processes waiting in MPI_Barrier)
#-----------------------------------------------------------------------------
       #bytes #repetitions  t_min[usec]  t_max[usec]  t_avg[usec]   Mbytes/sec
            0         1000         3.52         3.52         3.52         0.00
            1         1000         3.56         3.56         3.56         0.56
            2         1000         3.55         3.55         3.55         1.13
            4         1000         3.49         3.49         3.49         2.29
            8         1000         3.47         3.47         3.47         4.60
           16         1000         6.36         6.36         6.36         5.03
           32         1000         6.31         6.31         6.31        10.15
           64         1000         6.17         6.17         6.17        20.73
          128         1000         6.25         6.25         6.25        40.96
          256         1000         6.31         6.32         6.32        81.04
          512         1000         6.52         6.52         6.52       157.05
         1024         1000         6.93         6.93         6.93       295.32
         2048         1000         7.37         7.38         7.38       555.32
         4096         1000         9.16         9.16         9.16       894.51
         8192         1000        11.22        11.23        11.22      1459.35
        16384         1000        15.04        15.04        15.04      2178.73
        32768         1000        23.97        23.97        23.97      2734.42
        65536          640        39.74        39.74        39.74      3298.31
       131072          320        58.29        58.29        58.29      4497.21
       262144          160        81.78        81.84        81.81      6406.48
       524288           80       118.82       118.85       118.84      8822.78
      1048576           40       169.52       169.68       169.60     12359.70
      2097152           20       255.50       255.69       255.60     16403.74
      4194304           10       419.19       420.21       419.70     19962.76

#-----------------------------------------------------------------------------
# Benchmarking Sendrecv 
# #processes = 4 
#-----------------------------------------------------------------------------
       #bytes #repetitions  t_min[usec]  t_max[usec]  t_avg[usec]   Mbytes/sec
            0         1000         3.31         3.31         3.31         0.00
            1         1000         3.31         3.31         3.31         0.60
            2         1000         3.35         3.35         3.35         1.19
            4         1000         3.27         3.27         3.27         2.45
            8         1000         3.36         3.36         3.36         4.76
           16         1000         6.85         6.85         6.85         4.67
           32         1000         7.38         7.38         7.38         8.67
           64         1000         6.68         6.70         6.69        19.10
          128         1000         6.74         6.74         6.74        37.98
          256         1000         6.82         6.83         6.83        74.96
          512         1000         7.30         7.30         7.30       140.29
         1024         1000         7.30         7.30         7.30       280.59
         2048         1000         8.39         8.40         8.40       487.51
         4096         1000         9.96         9.96         9.96       822.16
         8192         1000        13.32        13.33        13.33      1229.20
        16384         1000        19.71        19.72        19.71      1661.42
        32768         1000        31.77        31.79        31.78      2061.33
        65536          640        48.85        48.90        48.88      2680.33
       131072          320        67.40        67.42        67.41      3887.95
       262144          160        93.40        93.61        93.50      5601.00
       524288           80       120.24       120.30       120.27      8716.34
      1048576           40       202.75       205.90       204.37     10185.38
      2097152           20       382.51       390.70       388.31     10735.45
      4194304           10      9518.60     10522.60     10267.43       797.20

#-----------------------------------------------------------------------------
# Benchmarking Exchange 
# #processes = 2 
# ( 2 additional processes waiting in MPI_Barrier)
#-----------------------------------------------------------------------------
       #bytes #repetitions  t_min[usec]  t_max[usec]  t_avg[usec]   Mbytes/sec
            0         1000         7.49         7.49         7.49         0.00
            1         1000         8.20         8.20         8.20         0.49
            2         1000         8.17         8.17         8.17         0.98
            4         1000         8.21         8.21         8.21         1.95
            8         1000         8.27         8.27         8.27         3.87
           16         1000        11.42        11.42        11.42         5.60
           32         1000        11.48        11.49        11.48        11.14
           64         1000        11.09        11.09        11.09        23.08
          128         1000        11.38        11.38        11.38        45.00
          256         1000        11.40        11.40        11.40        89.84
          512         1000        11.65        11.65        11.65       175.76
         1024         1000        12.18        12.18        12.18       336.23
         2048         1000        13.13        13.13        13.13       623.77
         4096         1000        18.01        18.01        18.01       909.67
         8192         1000        24.56        24.56        24.56      1334.00
        16384         1000        34.66        34.67        34.66      1890.49
        32768         1000        52.87        52.87        52.87      2479.37
        65536          640        84.81        84.81        84.81      3090.86
       131072          320       107.33       107.34       107.34      4884.51
       262144          160       152.91       152.99       152.95      6853.94
       524288           80       200.46       200.47       200.47     10460.95
      1048576           40       297.73       297.78       297.75     14085.30
      2097152           20       475.70       475.80       475.75     17630.53
      4194304           10       865.60       865.98       865.79     19373.59

#-----------------------------------------------------------------------------
# Benchmarking Exchange 
# #processes = 4 
#-----------------------------------------------------------------------------
       #bytes #repetitions  t_min[usec]  t_max[usec]  t_avg[usec]   Mbytes/sec
            0         1000         7.81         7.81         7.81         0.00
            1         1000         8.42         8.42         8.42         0.47
            2         1000         8.56         8.56         8.56         0.93
            4         1000        11.39        11.39        11.39         1.40
            8         1000         8.60         8.61         8.61         3.72
           16         1000        12.74        12.75        12.74         5.02
           32         1000        12.67        12.67        12.67        10.10
           64         1000        12.18        12.18        12.18        21.02
          128         1000        12.41        12.41        12.41        41.26
          256         1000        12.62        12.62        12.62        81.12
          512         1000        12.95        12.95        12.95       158.12
         1024         1000        13.37        13.37        13.37       306.29
         2048         1000        14.50        14.50        14.50       564.89
         4096         1000        18.92        18.92        18.92       865.82
         8192         1000        26.42        26.43        26.43      1239.66
        16384         1000        39.54        39.54        39.54      1657.29
        32768         1000        56.39        56.41        56.40      2323.68
        65536          640        94.29        94.34        94.31      2778.70
       131072          320       134.03       134.11       134.06      3909.31
       262144          160       161.53       161.58       161.56      6489.67
       524288           80       260.49       261.25       261.00      8027.37
      1048576           40       420.80       427.65       424.42      9807.90
      2097152           20      5654.85      5860.79      5773.93      1431.31
      4194304           10     19920.78     21017.29     20611.07       798.26

#----------------------------------------------------------------
# Benchmarking Allreduce 
# #processes = 2 
# ( 2 additional processes waiting in MPI_Barrier)
#----------------------------------------------------------------
       #bytes #repetitions  t_min[usec]  t_max[usec]  t_avg[usec]
            0         1000         0.64         0.64         0.64
            4         1000         8.43         8.62         8.52
            8         1000         8.47         8.50         8.49
           16         1000        11.94        12.25        12.10
           32         1000        11.94        12.23        12.09
           64         1000        11.59        11.99        11.79
          128         1000        12.87        12.99        12.93
          256         1000        13.18        13.25        13.22
          512         1000        13.14        13.19        13.17
         1024         1000        13.54        13.63        13.59
         2048         1000        14.26        14.37        14.32
         4096         1000        16.49        16.75        16.62
         8192         1000        28.69        28.76        28.73
        16384         1000        26.42        26.52        26.47
        32768         1000        48.22        48.23        48.22
        65536          640        67.28        67.30        67.29
       131072          320       110.23       110.38       110.31
       262144          160       225.23       231.09       228.16
       524288           80       427.44       429.10       428.27
      1048576           40       765.96       770.53       768.24
      2097152           20      1245.70      1261.28      1253.49
      4194304           10      5180.91      5182.10      5181.50

#----------------------------------------------------------------
# Benchmarking Allreduce 
# #processes = 4 
#----------------------------------------------------------------
       #bytes #repetitions  t_min[usec]  t_max[usec]  t_avg[usec]
            0         1000         0.76         0.79         0.78
            4         1000        12.76        13.35        13.05
            8         1000        12.87        13.26        13.12
           16         1000        20.92        22.03        21.38
           32         1000        21.69        24.26        22.55
           64         1000        18.60        19.00        18.84
          128         1000        20.14        20.68        20.46
          256         1000        20.35        20.60        20.47
          512         1000        20.49        20.87        20.72
         1024         1000        21.40        21.90        21.61
         2048         1000        22.69        23.13        22.93
         4096         1000        27.10        27.43        27.24
         8192         1000        34.01        34.33        34.18
        16384         1000        45.80        46.02        45.96
        32768         1000        68.25        69.60        69.02
        65536          640       115.43       118.62       116.88
       131072          320       181.79       184.07       182.77
       262144          160       360.25       362.75       361.83
       524288           80       772.10       849.02       799.80
      1048576           40      1219.43      1240.50      1230.31
      2097152           20      7540.49     12265.40      9903.62
      4194304           10     20284.39     27590.85     23939.16

#----------------------------------------------------------------
# Benchmarking Reduce 
# #processes = 2 
# ( 2 additional processes waiting in MPI_Barrier)
#----------------------------------------------------------------
       #bytes #repetitions  t_min[usec]  t_max[usec]  t_avg[usec]
            0         1000         0.80         0.83         0.81
            4         1000         5.49         8.13         6.81
            8         1000         5.59         8.03         6.81
           16         1000         9.58        11.11        10.35
           32         1000         9.59        11.09        10.34
           64         1000         9.34        10.86        10.10
          128         1000        10.09        11.69        10.89
          256         1000        10.14        11.75        10.94
          512         1000        10.25        11.80        11.03
         1024         1000        10.34        11.85        11.09
         2048         1000        10.94        12.30        11.62
         4096         1000        12.55        13.69        13.12
         8192         1000        14.68        15.10        14.89
        16384         1000        19.78        21.33        20.55
        32768         1000        24.95        29.01        26.98
        65536          640        35.09        44.14        39.62
       131072          320        95.39        96.88        96.14
       262144          160       193.44       195.22       194.33
       524288           80       401.48       405.12       403.30
      1048576           40       796.23       798.33       797.28
      2097152           20      1578.94      1582.22      1580.58
      4194304           10      3117.59      3117.75      3117.67

#----------------------------------------------------------------
# Benchmarking Reduce 
# #processes = 4 
#----------------------------------------------------------------
       #bytes #repetitions  t_min[usec]  t_max[usec]  t_avg[usec]
            0         1000         0.92         1.03         0.97
            4         1000         6.54        15.26        10.38
            8         1000         6.60        15.33        10.45
           16         1000        11.53        18.26        14.33
           32         1000        11.57        18.25        14.36
           64         1000        11.23        17.90        13.99
          128         1000        12.51        19.09        15.28
          256         1000        12.52        19.24        15.41
          512         1000        13.16        20.18        16.14
         1024         1000        15.23        18.72        16.52
         2048         1000        16.40        20.32        17.64
         4096         1000        19.67        24.92        22.25
         8192         1000        16.35        30.13        23.15
        16384         1000        19.06        36.83        27.97
        32768         1000        24.32        52.92        37.76
        65536          640        35.02        82.10        56.08
       131072          320       152.43       181.43       169.44
       262144          160       309.67       346.98       328.81
       524288           80       705.09       767.06       737.63
      1048576           40      1416.02      1515.45      1480.02
      2097152           20      2847.93      2976.04      2933.38
      4194304           10      5968.59      6152.68      6098.77

#----------------------------------------------------------------
# Benchmarking Reduce_scatter 
# #processes = 2 
# ( 2 additional processes waiting in MPI_Barrier)
#----------------------------------------------------------------
       #bytes #repetitions  t_min[usec]  t_max[usec]  t_avg[usec]
            0         1000         1.59         1.61         1.60
            4         1000         8.21         8.41         8.31
            8         1000         8.76         8.83         8.80
           16         1000         8.71         8.77         8.74
           32         1000        12.07        12.24        12.15
           64         1000        12.05        12.21        12.13
          128         1000        11.76        11.93        11.84
          256         1000        13.12        13.29        13.20
          512         1000        13.17        13.36        13.26
         1024         1000        13.37        13.62        13.49
         2048         1000        13.87        14.04        13.95
         4096         1000        14.75        14.86        14.81
         8192         1000        16.78        16.97        16.87
        16384         1000        20.40        20.48        20.44
        32768         1000        26.71        26.75        26.73
        65536          640        38.50        38.95        38.73
       131072          320        60.63        60.84        60.73
       262144          160        98.25        98.39        98.32
       524288           80       208.40       216.48       212.44
      1048576           40       464.25       466.25       465.25
      2097152           20       805.49       808.02       806.75
      4194304           10      1449.89      1454.90      1452.40

#----------------------------------------------------------------
# Benchmarking Reduce_scatter 
# #processes = 4 
#----------------------------------------------------------------
       #bytes #repetitions  t_min[usec]  t_max[usec]  t_avg[usec]
            0         1000         1.68         1.74         1.72
            4         1000         7.07        16.23        11.05
            8         1000         7.03        17.28        11.90
           16         1000        14.33        15.16        14.64
           32         1000        18.96        19.92        19.47
           64         1000        20.45        20.93        20.73
          128         1000        21.13        21.77        21.43
          256         1000        20.91        21.58        21.27
          512         1000        22.25        22.53        22.34
         1024         1000        22.07        22.38        22.23
         2048         1000        23.55        23.81        23.69
         4096         1000        23.78        24.32        24.06
         8192         1000        28.42        28.91        28.70
        16384         1000        35.04        35.18        35.12
        32768         1000        43.90        44.61        44.25
        65536          640        64.86        67.12        65.73
       131072          320       101.38       102.19       101.86
       262144          160       183.11       185.83       184.48
       524288           80       282.17       284.98       283.71
      1048576           40       629.43       640.73       633.68
      2097152           20      1229.47      1249.05      1239.23
      4194304           10      2065.30      2104.93      2081.41

#----------------------------------------------------------------
# Benchmarking Allgather 
# #processes = 2 
# ( 2 additional processes waiting in MPI_Barrier)
#----------------------------------------------------------------
       #bytes #repetitions  t_min[usec]  t_max[usec]  t_avg[usec]
            0         1000         0.64         0.67         0.65
            1         1000         6.00         6.44         6.22
            2         1000         6.13         6.44         6.29
            4         1000         6.02         6.41         6.21
            8         1000         6.09         6.46         6.27
           16         1000         9.81         9.87         9.84
           32         1000         9.82         9.87         9.84
           64         1000         9.54         9.56         9.55
          128         1000        10.02        10.05        10.04
          256         1000        10.09        10.11        10.10
          512         1000        10.30        10.34        10.32
         1024         1000        10.54        10.57        10.56
         2048         1000        10.96        11.00        10.98
         4096         1000        13.06        13.16        13.11
         8192         1000        15.69        15.78        15.73
        16384         1000        20.49        20.56        20.52
        32768         1000        30.04        30.12        30.08
        65536          640        47.47        47.61        47.54
       131072          320        87.38        87.57        87.47
       262144          160       119.52       121.71       120.61
       524288           80       268.04       268.66       268.35
      1048576           40       447.91       458.46       453.18
      2097152           20       746.58       748.93       747.76
      4194304           10      1304.60      1308.51      1306.56

#----------------------------------------------------------------
# Benchmarking Allgather 
# #processes = 4 
#----------------------------------------------------------------
       #bytes #repetitions  t_min[usec]  t_max[usec]  t_avg[usec]
            0         1000         0.76         0.81         0.79
            1         1000        10.27        10.90        10.58
            2         1000        10.42        10.86        10.63
            4         1000        10.28        11.03        10.69
            8         1000        13.90        15.30        14.60
           16         1000        16.74        17.11        16.98
           32         1000        16.52        16.99        16.80
           64         1000        16.27        16.64        16.50
          128         1000        16.97        17.32        17.20
          256         1000        17.24        17.47        17.38
          512         1000        17.77        18.14        18.00
         1024         1000        18.52        18.84        18.71
         2048         1000        21.25        21.93        21.63
         4096         1000        25.31        26.11        25.73
         8192         1000        32.90        33.12        33.03
        16384         1000        45.78        45.91        45.82
        32768         1000        71.62        71.76        71.70
        65536          640       135.86       144.69       140.01
       131072          320       227.38       233.46       230.18
       262144          160       208.27       250.65       236.48
       524288           80       327.75       382.50       357.63
      1048576           40      1065.98      4369.52      2721.53
      2097152           20      1247.60      4758.74      3000.75
      4194304           10      2534.32     12215.04      7363.38

#----------------------------------------------------------------
# Benchmarking Allgatherv 
# #processes = 2 
# ( 2 additional processes waiting in MPI_Barrier)
#----------------------------------------------------------------
       #bytes #repetitions  t_min[usec]  t_max[usec]  t_avg[usec]
            0         1000         0.81         0.82         0.81
            1         1000         7.00         7.32         7.16
            2         1000         7.18         7.32         7.25
            4         1000         7.15         7.39         7.27
            8         1000         7.26         7.37         7.31
           16         1000        10.61        10.62        10.61
           32         1000        10.53        10.54        10.53
           64         1000        10.22        10.26        10.24
          128         1000        10.69        10.70        10.70
          256         1000        10.68        10.80        10.74
          512         1000        10.97        10.98        10.98
         1024         1000        11.29        11.31        11.30
         2048         1000        11.83        11.87        11.85
         4096         1000        13.91        14.00        13.95
         8192         1000        16.60        16.62        16.61
        16384         1000        21.35        21.59        21.47
        32768         1000        30.45        30.56        30.51
        65536          640        47.29        47.32        47.31
       131072          320        92.76        94.94        93.85
       262144          160       122.93       125.12       124.02
       524288           80       278.25       286.70       282.48
      1048576           40       455.96       463.63       459.80
      2097152           20       734.90       737.63       736.27
      4194304           10      1302.27      1308.39      1305.33

#----------------------------------------------------------------
# Benchmarking Allgatherv 
# #processes = 4 
#----------------------------------------------------------------
       #bytes #repetitions  t_min[usec]  t_max[usec]  t_avg[usec]
            0         1000         0.93         0.98         0.95
            1         1000        13.10        13.34        13.20
            2         1000        13.12        13.45        13.28
            4         1000        13.20        13.50        13.36
            8         1000        16.64        17.48        17.01
           16         1000        19.25        19.53        19.40
           32         1000        19.56        19.83        19.69
           64         1000        19.67        20.02        19.87
          128         1000        20.13        20.63        20.45
          256         1000        20.30        20.77        20.60
          512         1000        20.96        21.43        21.28
         1024         1000        21.54        22.05        21.88
         2048         1000        25.12        25.43        25.28
         4096         1000        29.44        29.89        29.67
         8192         1000        38.12        38.64        38.39
        16384         1000        52.21        53.01        52.69
        32768         1000        80.87        82.04        81.43
        65536          640       136.58       140.23       138.17
       131072          320       276.11       324.81       305.32
       262144          160       300.29       379.84       338.50
       524288           80       554.39       653.24       602.83
      1048576           40      4701.80      4860.44      4810.96
      2097152           20      4336.56      4734.93      4549.66
      4194304           10     11744.43     12773.70     12251.44

#----------------------------------------------------------------
# Benchmarking Gather 
# #processes = 2 
# ( 2 additional processes waiting in MPI_Barrier)
#----------------------------------------------------------------
       #bytes #repetitions  t_min[usec]  t_max[usec]  t_avg[usec]
            0         1000         0.71         0.75         0.73
            1         1000         2.96         6.12         4.54
            2         1000         3.03         5.84         4.44
            4         1000         2.96         6.00         4.48
            8         1000         3.00         5.81         4.40
           16         1000         8.31        10.02         9.16
           32         1000         8.28         9.97         9.13
           64         1000         8.15         9.71         8.93
          128         1000         7.75         8.34         8.05
          256         1000         7.80         8.41         8.11
          512         1000         7.86         8.53         8.20
         1024         1000         7.99         9.33         8.66
         2048         1000         8.38         9.75         9.06
         4096         1000        10.16        11.62        10.89
         8192         1000        11.54        12.31        11.92
        16384         1000        13.75        14.55        14.15
        32768         1000        17.76        19.32        18.54
        65536          640        26.95        28.78        27.87
       131072          320        50.79        51.71        51.25
       262144          160        70.62        87.29        78.96
       524288           80       195.12       198.51       196.81
      1048576           40       357.06       357.31       357.18
      2097152           20       642.16       643.59       642.87
      4194304           10      1203.97      1204.23      1204.10

#----------------------------------------------------------------
# Benchmarking Gather 
# #processes = 4 
#----------------------------------------------------------------
       #bytes #repetitions  t_min[usec]  t_max[usec]  t_avg[usec]
            0         1000         0.83         0.87         0.85
            1         1000         3.21         9.68         4.89
            2         1000         3.23         9.71         4.87
            4         1000         3.21         9.73         4.88
            8         1000         3.18         9.81         4.87
           16         1000         9.86        10.98        10.26
           32         1000         9.94        11.04        10.33
           64         1000         9.31        10.52         9.81
          128         1000         9.79        11.11        10.23
          256         1000         9.80        10.99        10.20
          512         1000        10.06        11.33        10.49
         1024         1000        10.35        11.71        10.84
         2048         1000        11.10        12.52        11.58
         4096         1000        14.02        15.59        14.66
         8192         1000        17.49        18.89        18.01
        16384         1000        22.93        24.55        23.65
        32768         1000        35.32        36.82        36.20
        65536          640        60.94        64.02        63.06
       131072          320       133.67       147.95       142.44
       262144          160       106.31       134.57       116.99
       524288           80       264.61       282.13       272.99
      1048576           40       492.05       516.85       509.57
      2097152           20       932.81       958.68       950.92
      4194304           10      1832.49      1876.09      1861.85

#----------------------------------------------------------------
# Benchmarking Gatherv 
# #processes = 2 
# ( 2 additional processes waiting in MPI_Barrier)
#----------------------------------------------------------------
       #bytes #repetitions  t_min[usec]  t_max[usec]  t_avg[usec]
            0         1000         0.82         1.88         1.35
            1         1000         2.80         5.96         4.38
            2         1000         2.87         5.88         4.38
            4         1000         2.77         5.99         4.38
            8         1000         2.82         5.77         4.30
           16         1000         7.94         8.56         8.25
           32         1000         7.84         8.52         8.18
           64         1000         7.63         8.33         7.98
          128         1000         7.88         8.53         8.20
          256         1000         7.90         8.57         8.23
          512         1000         8.08         8.69         8.38
         1024         1000         8.19         8.86         8.52
         2048         1000         8.59         9.19         8.89
         4096         1000        10.27        10.85        10.56
         8192         1000        11.53        12.17        11.85
        16384         1000        13.91        14.75        14.33
        32768         1000        18.79        19.62        19.21
        65536          640        28.15        29.30        28.73
       131072          320        47.55        48.64        48.10
       262144          160        71.98        85.91        78.94
       524288           80       199.80       199.94       199.87
      1048576           40       355.64       359.03       357.34
      2097152           20       635.17       637.94       636.55
      4194304           10      1196.29      1199.89      1198.09

#----------------------------------------------------------------
# Benchmarking Gatherv 
# #processes = 4 
#----------------------------------------------------------------
       #bytes #repetitions  t_min[usec]  t_max[usec]  t_avg[usec]
            0         1000         0.91         2.07         1.22
            1         1000         2.93         9.89         4.73
            2         1000         2.95        10.05         4.78
            4         1000         2.90         9.99         4.74
            8         1000         2.89        10.01         4.73
           16         1000         9.88        11.02        10.30
           32         1000         9.91        11.13        10.33
           64         1000         9.34        10.62         9.91
          128         1000         9.80        11.36        10.36
          256         1000         9.66        11.16        10.19
          512         1000         9.98        11.41        10.50
         1024         1000        10.36        11.72        10.83
         2048         1000        10.97        12.64        11.55
         4096         1000        14.10        15.95        14.84
         8192         1000        17.33        19.12        17.99
        16384         1000        23.37        24.99        24.03
        32768         1000        35.24        37.07        36.20
        65536          640        60.60        64.20        62.99
       131072          320       123.02       134.43       130.66
       262144          160       109.03       125.33       115.99
       524288           80       263.55       277.59       271.91
      1048576           40       482.61       511.79       502.98
      2097152           20       940.10       969.77       960.99
      4194304           10      1826.24      1875.11      1860.59

#----------------------------------------------------------------
# Benchmarking Scatter 
# #processes = 2 
# ( 2 additional processes waiting in MPI_Barrier)
#----------------------------------------------------------------
       #bytes #repetitions  t_min[usec]  t_max[usec]  t_avg[usec]
            0         1000         0.79         0.81         0.80
            1         1000         4.10         6.28         5.19
            2         1000         4.11         6.33         5.22
            4         1000         4.17         6.39         5.28
            8         1000         4.18         6.40         5.29
           16         1000         8.16         9.63         8.89
           32         1000         8.14         9.63         8.88
           64         1000         7.88         9.31         8.59
          128         1000         8.17         9.77         8.97
          256         1000         8.26         9.86         9.06
          512         1000         8.37        10.04         9.20
         1024         1000         8.69        10.27         9.48
         2048         1000         9.20        10.81        10.01
         4096         1000        10.54        12.51        11.52
         8192         1000        12.00        13.86        12.93
        16384         1000        13.88        16.14        15.01
        32768         1000        17.81        20.94        19.37
        65536          640        25.57        30.77        28.17
       131072          320        57.97        60.81        59.39
       262144          160        73.97        90.51        82.24
       524288           80       225.78       249.80       237.79
      1048576           40       201.13       423.09       312.11
      2097152           20       690.83       717.79       704.31
      4194304           10      1254.65      1279.62      1267.14

#----------------------------------------------------------------
# Benchmarking Scatter 
# #processes = 4 
#----------------------------------------------------------------
       #bytes #repetitions  t_min[usec]  t_max[usec]  t_avg[usec]
            0         1000         0.91         0.98         0.94
            1         1000         6.31         7.76         6.98
            2         1000         6.38         7.76         7.01
            4         1000         6.27         7.61         6.91
            8         1000         6.25         7.64         6.89
           16         1000         7.37        11.97         9.04
           32         1000         7.34        11.95         9.04
           64         1000         7.25        13.50         9.81
          128         1000         7.52        12.00         9.16
          256         1000         7.63        12.21         9.31
          512         1000         7.89        12.43         9.63
         1024         1000         8.22        12.72         9.94
         2048         1000         8.84        13.21        10.61
         4096         1000        11.28        17.55        13.84
         8192         1000        13.00        22.40        17.26
        16384         1000        15.73        26.45        21.68
        32768         1000        18.71        41.94        31.27
        65536          640        27.96        65.84        49.74
       131072          320        52.92        90.80        75.42
       262144          160        94.85       156.64       122.17
       524288           80       251.06       366.39       309.21
      1048576           40       395.23       645.71       538.94
      2097152           20       675.40      2644.78      1687.69
      4194304           10      1262.55      6893.16      4157.51

#----------------------------------------------------------------
# Benchmarking Scatterv 
# #processes = 2 
# ( 2 additional processes waiting in MPI_Barrier)
#----------------------------------------------------------------
       #bytes #repetitions  t_min[usec]  t_max[usec]  t_avg[usec]
            0         1000         0.86         1.80         1.33
            1         1000         5.18         6.52         5.85
            2         1000         5.18         6.48         5.83
            4         1000         5.16         6.58         5.87
            8         1000         5.19         6.67         5.93
           16         1000         8.13         9.88         9.00
           32         1000         8.07         9.85         8.96
           64         1000         7.83         9.61         8.72
          128         1000         8.23        10.05         9.14
          256         1000         8.28        10.08         9.18
          512         1000         8.52        10.38         9.45
         1024         1000         8.69        10.56         9.63
         2048         1000         9.09        11.07        10.08
         4096         1000        11.04        13.11        12.08
         8192         1000        12.35        14.45        13.40
        16384         1000        14.86        16.79        15.83
        32768         1000        20.05        22.09        21.07
        65536          640        29.34        31.70        30.52
       131072          320        63.09        66.05        64.57
       262144          160        75.31        91.90        83.61
       524288           80       226.10       250.30       238.20
      1048576           40       408.27       436.39       422.33
      2097152           20       702.80       729.38       716.09
      4194304           10      1282.41      1310.21      1296.31

#----------------------------------------------------------------
# Benchmarking Scatterv 
# #processes = 4 
#----------------------------------------------------------------
       #bytes #repetitions  t_min[usec]  t_max[usec]  t_avg[usec]
            0         1000         0.93         2.07         1.23
            1         1000         6.07         7.61         6.82
            2         1000         6.05         7.77         6.89
            4         1000         5.98         7.65         6.79
            8         1000         6.14         7.62         6.87
           16         1000         6.96        11.84         8.87
           32         1000         6.92        11.77         8.88
           64         1000         6.72        11.53         8.67
          128         1000         7.05        11.96         8.96
          256         1000         7.12        11.90         8.98
          512         1000         7.35        12.22         9.22
         1024         1000         7.66        12.45         9.46
         2048         1000         8.34        13.11        10.17
         4096         1000        10.69        15.80        12.99
         8192         1000        12.62        20.94        16.70
        16384         1000        15.52        26.30        21.26
        32768         1000        18.96        42.00        31.32
        65536          640        27.79        65.72        49.57
       131072          320        51.55        89.28        72.78
       262144          160        85.61       193.17       130.81
       524288           80       259.90       411.94       323.70
      1048576           40       391.48       677.92       546.42
      2097152           20       695.18      2645.35      1698.90
      4194304           10      1266.60      6871.22      4150.13

#----------------------------------------------------------------
# Benchmarking Alltoall 
# #processes = 2 
# ( 2 additional processes waiting in MPI_Barrier)
#----------------------------------------------------------------
       #bytes #repetitions  t_min[usec]  t_max[usec]  t_avg[usec]
            0         1000         0.69         0.71         0.70
            1         1000         6.34         6.81         6.58
            2         1000         6.56         6.73         6.65
            4         1000         6.50         6.86         6.68
            8         1000         6.64         6.77         6.71
           16         1000        10.02        10.14        10.08
           32         1000        10.07        10.11        10.09
           64         1000         9.65         9.83         9.74
          128         1000        10.07        10.33        10.20
          256         1000        10.20        10.43        10.31
          512         1000        10.48        10.57        10.52
         1024         1000        10.77        10.79        10.78
         2048         1000        11.23        11.33        11.28
         4096         1000        13.29        13.52        13.41
         8192         1000        16.06        16.10        16.08
        16384         1000        20.75        20.79        20.77
        32768         1000        29.45        29.56        29.50
        65536          640        45.94        46.21        46.08
       131072          320        75.97        77.25        76.61
       262144          160        93.25        93.25        93.25
       524288           80       262.20       267.90       265.05
      1048576           40       443.52       450.14       446.83
      2097152           20       735.46       739.50       737.48
      4194304           10      1320.65      1324.58      1322.62

#----------------------------------------------------------------
# Benchmarking Alltoall 
# #processes = 4 
#----------------------------------------------------------------
       #bytes #repetitions  t_min[usec]  t_max[usec]  t_avg[usec]
            0         1000         0.80         0.84         0.83
            1         1000        13.32        14.40        13.84
            2         1000        15.75        16.01        15.92
            4         1000        15.82        15.98        15.92
            8         1000        15.65        15.99        15.89
           16         1000        19.67        19.94        19.84
           32         1000        19.60        19.86        19.78
           64         1000        19.09        19.31        19.20
          128         1000        19.84        19.88        19.86
          256         1000        19.66        19.79        19.74
          512         1000        20.35        20.52        20.46
         1024         1000        21.03        21.24        21.11
         2048         1000        22.72        22.90        22.85
         4096         1000        28.19        28.48        28.35
         8192         1000        36.38        36.80        36.61
        16384         1000        47.25        47.59        47.37
        32768         1000        74.95        75.60        75.33
        65536          640       147.03       150.58       148.22
       131072          320       252.32       260.97       256.09
       262144          160       232.52       282.65       256.84
       524288           80       460.29       489.01       473.76
      1048576           40      3430.70      4503.80      4084.57
      2097152           20      2346.80      4338.50      3615.76
      4194304           10      4059.62     12213.97      8502.18

#----------------------------------------------------------------
# Benchmarking Alltoallv 
# #processes = 2 
# ( 2 additional processes waiting in MPI_Barrier)
#----------------------------------------------------------------
       #bytes #repetitions  t_min[usec]  t_max[usec]  t_avg[usec]
            0         1000         2.60         2.73         2.66
            1         1000        10.63        10.74        10.68
            2         1000        10.58        10.89        10.74
            4         1000        10.73        10.79        10.76
            8         1000        10.63        10.81        10.72
           16         1000        13.46        13.68        13.57
           32         1000        13.41        13.74        13.58
           64         1000        13.19        13.43        13.31
          128         1000        13.54        13.77        13.65
          256         1000        13.63        13.97        13.80
          512         1000        14.02        14.21        14.11
         1024         1000        14.33        14.46        14.39
         2048         1000        14.87        15.14        15.00
         4096         1000        16.94        17.14        17.04
         8192         1000        20.49        20.54        20.51
        16384         1000        24.83        24.94        24.89
        32768         1000        33.96        34.13        34.04
        65536          640        50.95        51.11        51.03
       131072          320        83.98        85.30        84.64
       262144          160       104.18       104.60       104.39
       524288           80       277.94       283.33       280.64
      1048576           40       452.28       458.15       455.21
      2097152           20       744.97       747.38       746.18
      4194304           10      1343.77      1347.33      1345.55

#----------------------------------------------------------------
# Benchmarking Alltoallv 
# #processes = 4 
#----------------------------------------------------------------
       #bytes #repetitions  t_min[usec]  t_max[usec]  t_avg[usec]
            0         1000         2.89         3.09         3.02
            1         1000        16.09        16.16        16.13
            2         1000        15.90        16.20        16.07
            4         1000        15.96        16.08        16.04
            8         1000        15.94        16.17        16.09
           16         1000        19.98        20.09        20.02
           32         1000        20.09        20.26        20.17
           64         1000        19.40        19.58        19.49
          128         1000        19.95        20.19        20.09
          256         1000        20.07        20.14        20.11
          512         1000        20.51        20.76        20.65
         1024         1000        21.53        21.63        21.57
         2048         1000        23.09        23.25        23.16
         4096         1000        28.37        28.72        28.51
         8192         1000        36.41        36.80        36.58
        16384         1000        47.11        47.58        47.33
        32768         1000        75.45        75.95        75.73
        65536          640       148.09       150.10       149.44
       131072          320       253.55       258.47       256.17
       262144          160       235.28       269.50       251.64
       524288           80       465.61       495.54       479.76
      1048576           40      3507.80      4518.79      4126.92
      2097152           20      2063.41      4355.32      3510.52
      4194304           10      4571.99     11894.20      9023.80

#----------------------------------------------------------------
# Benchmarking Bcast 
# #processes = 2 
# ( 2 additional processes waiting in MPI_Barrier)
#----------------------------------------------------------------
       #bytes #repetitions  t_min[usec]  t_max[usec]  t_avg[usec]
            0         1000         0.56         0.63         0.59
            1         1000         3.94         6.28         5.11
            2         1000         3.93         6.28         5.10
            4         1000         3.82         6.29         5.05
            8         1000         3.80         6.27         5.03
           16         1000         7.88         9.11         8.50
           32         1000         7.79         9.34         8.56
           64         1000         7.57         9.09         8.33
          128         1000         7.64         9.13         8.39
          256         1000         7.68         9.25         8.46
          512         1000         7.89         9.44         8.67
         1024         1000         8.13         9.44         8.78
         2048         1000         8.49        10.12         9.31
         4096         1000        10.06        11.48        10.77
         8192         1000        11.51        12.98        12.25
        16384         1000        13.24        14.74        13.99
        32768         1000        17.45        19.02        18.23
        65536          640        25.00        26.56        25.78
       131072          320        48.55        50.04        49.29
       262144          160        56.71        72.02        64.37
       524288           80        85.94        98.39        92.17
      1048576           40       145.51       149.76       147.64
      2097152           20       232.84       236.51       234.68
      4194304           10       408.48       410.99       409.73

#----------------------------------------------------------------
# Benchmarking Bcast 
# #processes = 4 
#----------------------------------------------------------------
       #bytes #repetitions  t_min[usec]  t_max[usec]  t_avg[usec]
            0         1000         0.68         0.73         0.70
            1         1000         6.36         9.81         7.66
            2         1000         6.28         9.82         7.61
            4         1000         6.15         9.67         7.51
            8         1000         6.12         9.66         7.51
           16         1000         8.73        23.36        17.18
           32         1000         8.69        23.18        17.10
           64         1000         8.63        22.50        16.81
          128         1000         8.51        22.74        16.86
          256         1000         8.37        23.28        16.96
          512         1000         8.23        24.17        17.18
         1024         1000        15.06        16.02        15.61
         2048         1000        15.18        17.05        16.17
         4096         1000        18.59        19.90        19.34
         8192         1000        21.16        22.71        22.05
        16384         1000        25.58        28.06        26.56
        32768         1000        33.44        34.95        34.05
        65536          640        49.18        50.72        49.99
       131072          320       102.51       105.77       103.96
       262144          160       110.86       140.84       125.54
       524288           80       160.85       197.70       179.31
      1048576           40       260.93       301.67       282.17
      2097152           20      2351.98      2491.94      2413.84
      4194304           10      6403.95      6506.09      6445.41

#---------------------------------------------------
# Benchmarking Barrier 
# #processes = 2 
# ( 2 additional processes waiting in MPI_Barrier)
#---------------------------------------------------
 #repetitions  t_min[usec]  t_max[usec]  t_avg[usec]
         1000         3.76         3.77         3.77

#---------------------------------------------------
# Benchmarking Barrier 
# #processes = 4 
#---------------------------------------------------
 #repetitions  t_min[usec]  t_max[usec]  t_avg[usec]
         1000         7.00         7.00         7.00


# All processes entering MPI_Finalize

