#------------------------------------------------------------
#    Intel (R) MPI Benchmarks 2018 Update 1, MPI-1 part    
#------------------------------------------------------------
# Date                  : Thu Nov 30 16:26:33 2017
# Machine               : x86_64
# System                : Linux
# Release               : 4.4.74-92.35-default
# Version               : #1 SMP Mon Aug 7 18:24:48 UTC 2017 (c0fdc47)
# MPI Version           : 3.1
# MPI Thread Environment: 


# Calling sequence was: 

# ./IMB-MPI1

# Minimum message length in bytes:   0
# Maximum message length in bytes:   4194304
#
# MPI_Datatype                   :   MPI_BYTE 
# MPI_Datatype for reductions    :   MPI_FLOAT
# MPI_Op                         :   MPI_SUM  
#
#

# List of Benchmarks to run:

# PingPong
# PingPing
# Sendrecv
# Exchange
# Allreduce
# Reduce
# Reduce_scatter
# Allgather
# Allgatherv
# Gather
# Gatherv
# Scatter
# Scatterv
# Alltoall
# Alltoallv
# Bcast
# Barrier

#---------------------------------------------------
# Benchmarking PingPong 
# #processes = 2 
# ( 6 additional processes waiting in MPI_Barrier)
#---------------------------------------------------
       #bytes #repetitions      t[usec]   Mbytes/sec
            0         1000         3.34         0.00
            1         1000         3.33         0.30
            2         1000         3.33         0.60
            4         1000         3.32         1.20
            8         1000         3.32         2.41
           16         1000         5.17         3.10
           32         1000         5.14         6.23
           64         1000         5.00        12.79
          128         1000         5.08        25.19
          256         1000         5.13        49.89
          512         1000         5.23        97.82
         1024         1000         5.48       186.75
         2048         1000         5.99       341.74
         4096         1000         7.15       572.75
         8192         1000         8.52       961.10
        16384         1000        12.24      1338.35
        32768         1000        15.42      2124.61
        65536          640        24.34      2692.10
       131072          320        46.49      2819.60
       262144          160        66.65      3932.93
       524288           80        88.94      5894.62
      1048576           40       142.20      7374.01
      2097152           20      2670.85       785.20
      4194304           10      1143.05      3669.40

#---------------------------------------------------
# Benchmarking PingPing 
# #processes = 2 
# ( 6 additional processes waiting in MPI_Barrier)
#---------------------------------------------------
       #bytes #repetitions      t[usec]   Mbytes/sec
            0         1000         3.82         0.00
            1         1000         3.86         0.26
            2         1000         3.88         0.52
            4         1000         3.85         1.04
            8         1000         3.86         2.07
           16         1000         7.31         2.19
           32         1000         7.31         4.38
           64         1000         7.05         9.08
          128         1000         7.11        17.99
          256         1000         7.22        35.48
          512         1000         7.32        69.93
         1024         1000         7.74       132.25
         2048         1000         8.11       252.56
         4096         1000        10.28       398.29
         8192         1000        13.47       608.08
        16384         1000        17.05       961.17
        32768         1000        26.61      1231.51
        65536          640        43.08      1521.22
       131072          320        59.66      2197.13
       262144          160        64.90      4039.17
       524288           80        86.15      6085.79
      1048576           40       129.35      8106.25
      2097152           20       217.15      9657.55
      4194304           10      1881.29      2229.48

#-----------------------------------------------------------------------------
# Benchmarking Sendrecv 
# #processes = 2 
# ( 6 additional processes waiting in MPI_Barrier)
#-----------------------------------------------------------------------------
       #bytes #repetitions  t_min[usec]  t_max[usec]  t_avg[usec]   Mbytes/sec
            0         1000         3.21         3.21         3.21         0.00
            1         1000         3.27         3.27         3.27         0.61
            2         1000         3.28         3.28         3.28         1.22
            4         1000         3.35         3.35         3.35         2.39
            8         1000         3.27         3.27         3.27         4.89
           16         1000         6.08         6.08         6.08         5.26
           32         1000         6.05         6.05         6.05        10.57
           64         1000         5.91         5.91         5.91        21.67
          128         1000         5.90         5.90         5.90        43.37
          256         1000         6.08         6.08         6.08        84.22
          512         1000         6.23         6.23         6.23       164.44
         1024         1000         6.54         6.55         6.54       312.82
         2048         1000         7.07         7.07         7.07       579.34
         4096         1000         9.05         9.05         9.05       904.80
         8192         1000        11.24        11.24        11.24      1457.13
        16384         1000        15.27        15.27        15.27      2146.48
        32768         1000        24.94        24.95        24.94      2627.22
        65536          640        41.61        41.61        41.61      3149.81
       131072          320        57.82        57.82        57.82      4533.66
       262144          160        93.13        93.17        93.15      5627.25
       524288           80       101.10       101.14       101.12     10367.86
      1048576           40       127.05       127.09       127.07     16500.67
      2097152           20       281.16       281.60       281.38     14894.75
      4194304           10      1991.70      1992.30      1992.00      4210.52

#-----------------------------------------------------------------------------
# Benchmarking Sendrecv 
# #processes = 4 
# ( 4 additional processes waiting in MPI_Barrier)
#-----------------------------------------------------------------------------
       #bytes #repetitions  t_min[usec]  t_max[usec]  t_avg[usec]   Mbytes/sec
            0         1000         3.17         3.18         3.17         0.00
            1         1000         3.20         3.21         3.20         0.62
            2         1000         3.23         3.23         3.23         1.24
            4         1000         3.25         3.25         3.25         2.46
            8         1000         3.24         3.25         3.24         4.93
           16         1000         7.08         7.09         7.08         4.52
           32         1000         6.44         6.44         6.44         9.93
           64         1000         6.23         6.23         6.23        20.55
          128         1000         6.34         6.35         6.34        40.35
          256         1000         6.53         6.53         6.53        78.36
          512         1000         6.58         6.58         6.58       155.55
         1024         1000         6.99         7.00         6.99       292.77
         2048         1000         7.65         7.66         7.65       534.87
         4096         1000         9.68         9.68         9.68       846.19
         8192         1000        13.44        13.44        13.44      1218.88
        16384         1000        19.09        19.11        19.10      1714.60
        32768         1000        31.26        31.28        31.27      2095.20
        65536          640        50.02        50.07        50.05      2617.67
       131072          320        67.97        68.10        68.05      3849.20
       262144          160        89.06        89.35        89.21      5867.78
       524288           80       144.98       145.94       145.64      7185.03
      1048576           40       203.70       205.80       205.14     10190.39
      2097152           20       366.54       373.21       371.00     11238.50
      4194304           10     13531.09     15054.92     14474.08       557.20

#-----------------------------------------------------------------------------
# Benchmarking Sendrecv 
# #processes = 8 
#-----------------------------------------------------------------------------
       #bytes #repetitions  t_min[usec]  t_max[usec]  t_avg[usec]   Mbytes/sec
            0         1000         4.67         4.68         4.67         0.00
            1         1000         4.94         4.95         4.94         0.40
            2         1000         4.99         5.00         5.00         0.80
            4         1000         5.03         5.04         5.04         1.59
            8         1000         5.04         5.05         5.04         3.17
           16         1000         8.67         8.68         8.68         3.69
           32         1000         8.55         8.56         8.56         7.47
           64         1000         7.95         7.97         7.96        16.05
          128         1000         8.17         8.18         8.17        31.30
          256         1000         8.12         8.13         8.12        62.97
          512         1000         8.39         8.41         8.40       121.75
         1024         1000         8.77         8.79         8.78       233.12
         2048         1000         9.55         9.58         9.57       427.55
         4096         1000        11.92        11.93        11.92       686.73
         8192         1000        15.07        15.16        15.10      1080.95
        16384         1000        22.25        22.29        22.27      1470.39
        32768         1000        31.68        31.71        31.69      2066.92
        65536          640        67.90        68.09        68.00      1925.05
       131072          320        74.24        74.51        74.37      3518.26
       262144          160       104.01       104.87       104.27      4999.20
       524288           80       145.89       148.37       147.22      7067.12
      1048576           40       245.20       253.70       249.68      8266.23
      2097152           20      3782.75      4426.60      4153.15       947.52
      4194304           10     10452.70     15014.79     13041.64       558.69

#-----------------------------------------------------------------------------
# Benchmarking Exchange 
# #processes = 2 
# ( 6 additional processes waiting in MPI_Barrier)
#-----------------------------------------------------------------------------
       #bytes #repetitions  t_min[usec]  t_max[usec]  t_avg[usec]   Mbytes/sec
            0         1000         7.25         7.25         7.25         0.00
            1         1000         7.84         7.84         7.84         0.51
            2         1000         7.84         7.84         7.84         1.02
            4         1000         8.00         8.00         8.00         2.00
            8         1000         7.97         7.97         7.97         4.01
           16         1000        11.57        11.57        11.57         5.53
           32         1000        11.51        11.51        11.51        11.12
           64         1000        11.27        11.27        11.27        22.73
          128         1000        11.38        11.38        11.38        44.98
          256         1000        11.36        11.36        11.36        90.15
          512         1000        11.76        11.76        11.76       174.12
         1024         1000        12.18        12.18        12.18       336.37
         2048         1000        13.13        13.13        13.13       623.96
         4096         1000        18.14        18.14        18.14       903.15
         8192         1000        24.54        24.54        24.54      1335.18
        16384         1000        34.54        34.54        34.54      1897.40
        32768         1000        52.26        52.27        52.26      2507.83
        65536          640        87.42        87.43        87.42      2998.50
       131072          320       113.41       113.41       113.41      4623.11
       262144          160       144.70       144.76       144.73      7243.76
       524288           80       207.89       208.01       207.95     10081.77
      1048576           40       305.90       305.93       305.91     13710.16
      2097152           20       507.70       507.70       507.70     16522.75
      4194304           10      4097.39      4104.78      4101.09      4087.24

#-----------------------------------------------------------------------------
# Benchmarking Exchange 
# #processes = 4 
# ( 4 additional processes waiting in MPI_Barrier)
#-----------------------------------------------------------------------------
       #bytes #repetitions  t_min[usec]  t_max[usec]  t_avg[usec]   Mbytes/sec
            0         1000         7.72         7.72         7.72         0.00
            1         1000         8.30         8.30         8.30         0.48
            2         1000         8.33         8.33         8.33         0.96
            4         1000         8.46         8.46         8.46         1.89
            8         1000         8.42         8.43         8.42         3.80
           16         1000        12.78        12.79        12.79         5.00
           32         1000        12.81        12.81        12.81         9.99
           64         1000        12.19        12.19        12.19        21.00
          128         1000        13.21        13.21        13.21        38.75
          256         1000        12.71        12.71        12.71        80.55
          512         1000        12.99        13.00        13.00       157.53
         1024         1000        13.46        13.46        13.46       304.29
         2048         1000        14.44        14.45        14.45       567.04
         4096         1000        18.98        18.98        18.98       863.18
         8192         1000        25.13        25.14        25.13      1303.63
        16384         1000        36.70        36.71        36.71      1785.08
        32768         1000        57.08        57.13        57.11      2294.27
        65536          640        94.95        94.97        94.96      2760.14
       131072          320       147.64       147.87       147.76      3545.63
       262144          160       225.58       226.32       225.90      4633.06
       524288           80       281.06       281.90       281.63      7439.34
      1048576           40       430.63       434.70       432.76      9648.81
      2097152           20      6909.19      7119.75      7066.02      1178.22
      4194304           10     18430.69     19443.58     19188.97       862.87

#-----------------------------------------------------------------------------
# Benchmarking Exchange 
# #processes = 8 
#-----------------------------------------------------------------------------
       #bytes #repetitions  t_min[usec]  t_max[usec]  t_avg[usec]   Mbytes/sec
            0         1000         7.83         7.83         7.83         0.00
            1         1000         8.54         8.56         8.55         0.47
            2         1000         8.48         8.49         8.48         0.94
            4         1000         9.11         9.12         9.11         1.75
            8         1000         9.75         9.75         9.75         3.28
           16         1000        13.18        13.19        13.18         4.85
           32         1000        13.57        13.58        13.58         9.43
           64         1000        12.64        12.65        12.64        20.24
          128         1000        12.83        12.84        12.84        39.88
          256         1000        13.25        13.26        13.25        77.24
          512         1000        13.47        13.48        13.48       151.88
         1024         1000        14.26        14.26        14.26       287.18
         2048         1000        15.34        15.35        15.35       533.58
         4096         1000        19.68        19.68        19.68       832.44
         8192         1000        25.79        25.81        25.80      1269.78
        16384         1000        37.30        37.32        37.31      1756.02
        32768         1000        56.71        56.74        56.73      2310.09
        65536          640        95.35        95.41        95.38      2747.57
       131072          320       146.36       146.81       146.60      3571.15
       262144          160       204.44       205.32       204.94      5106.92
       524288           80       267.60       269.39       268.68      7784.93
      1048576           40       428.10       432.73       430.01      9692.66
      2097152           20      6458.26      7066.30      6815.08      1187.13
      4194304           10     15731.29     19296.50     17900.17       869.44

#----------------------------------------------------------------
# Benchmarking Allreduce 
# #processes = 2 
# ( 6 additional processes waiting in MPI_Barrier)
#----------------------------------------------------------------
       #bytes #repetitions  t_min[usec]  t_max[usec]  t_avg[usec]
            0         1000         0.62         0.63         0.62
            4         1000         8.15         8.31         8.23
            8         1000         8.13         8.15         8.14
           16         1000        11.79        11.88        11.84
           32         1000        11.78        11.80        11.79
           64         1000        11.38        11.50        11.44
          128         1000        12.41        12.51        12.46
          256         1000        12.73        12.81        12.77
          512         1000        12.86        12.89        12.88
         1024         1000        13.29        13.38        13.33
         2048         1000        14.04        14.09        14.07
         4096         1000        16.35        16.50        16.42
         8192         1000        28.21        28.23        28.22
        16384         1000        26.60        26.81        26.71
        32768         1000        45.34        45.51        45.43
        65536          640        68.10        68.34        68.22
       131072          320       109.41       110.07       109.74
       262144          160       241.77       246.84       244.30
       524288           80       457.30       460.28       458.79
      1048576           40       790.79       795.94       793.36
      2097152           20      1281.57      1291.45      1286.51
      4194304           10     24476.55     24479.63     24478.09

#----------------------------------------------------------------
# Benchmarking Allreduce 
# #processes = 4 
# ( 4 additional processes waiting in MPI_Barrier)
#----------------------------------------------------------------
       #bytes #repetitions  t_min[usec]  t_max[usec]  t_avg[usec]
            0         1000         0.75         0.78         0.77
            4         1000        12.60        13.11        12.86
            8         1000        12.89        13.18        13.04
           16         1000        19.19        19.21        19.20
           32         1000        19.16        19.20        19.18
           64         1000        19.02        19.18        19.08
          128         1000        20.28        20.34        20.31
          256         1000        20.63        20.77        20.71
          512         1000        20.54        20.75        20.64
         1024         1000        21.36        21.55        21.46
         2048         1000        22.79        23.07        22.93
         4096         1000        26.98        27.38        27.21
         8192         1000        34.22        34.79        34.52
        16384         1000        45.97        46.50        46.19
        32768         1000        69.59        72.14        70.60
        65536          640       114.29       116.51       115.24
       131072          320       179.40       180.27       179.85
       262144          160       367.46       372.45       369.24
       524288           80       845.94       919.26       887.49
      1048576           40      1237.67      1296.27      1265.94
      2097152           20      8064.35     17297.64     12687.12
      4194304           10     26007.20     40388.11     33186.96

#----------------------------------------------------------------
# Benchmarking Allreduce 
# #processes = 8 
#----------------------------------------------------------------
       #bytes #repetitions  t_min[usec]  t_max[usec]  t_avg[usec]
            0         1000         0.79         0.83         0.81
            4         1000        16.80        17.77        17.17
            8         1000        17.03        17.34        17.20
           16         1000        26.94        27.98        27.47
           32         1000        26.26        26.99        26.60
           64         1000        25.84        26.87        26.33
          128         1000        27.75        28.65        28.14
          256         1000        27.80        28.51        28.18
          512         1000        28.46        29.38        28.91
         1024         1000        30.22        30.78        30.49
         2048         1000        32.04        32.83        32.51
         4096         1000        38.62        39.61        39.12
         8192         1000        49.55        51.01        50.36
        16384         1000        66.98        67.33        67.12
        32768         1000        98.25        99.31        98.77
        65536          640       139.40       140.73       139.97
       131072          320       230.90       235.95       232.81
       262144          160       496.13       505.32       502.18
       524288           80       975.64      1033.56      1015.01
      1048576           40      1583.92      1665.22      1617.44
      2097152           20      7744.25     18538.52     10846.89
      4194304           10     28439.81     44997.53     33166.85

#----------------------------------------------------------------
# Benchmarking Reduce 
# #processes = 2 
# ( 6 additional processes waiting in MPI_Barrier)
#----------------------------------------------------------------
       #bytes #repetitions  t_min[usec]  t_max[usec]  t_avg[usec]
            0         1000         0.78         0.81         0.79
            4         1000         5.48         7.72         6.60
            8         1000         5.68         7.66         6.67
           16         1000         9.84        10.98        10.41
           32         1000         9.63        10.67        10.15
           64         1000         9.47        10.45         9.96
          128         1000        10.23        11.24        10.73
          256         1000        10.26        11.25        10.75
          512         1000        10.38        11.36        10.87
         1024         1000        10.67        11.66        11.16
         2048         1000        11.12        12.09        11.61
         4096         1000        12.69        13.30        13.00
         8192         1000        14.72        14.88        14.80
        16384         1000        19.33        20.78        20.06
        32768         1000        24.88        29.00        26.94
        65536          640        34.82        43.83        39.33
       131072          320        92.99        94.80        93.89
       262144          160       193.34       195.85       194.59
       524288           80       401.68       407.60       404.64
      1048576           40       800.81       806.81       803.81
      2097152           20      1574.67      1578.31      1576.49
      4194304           10      3088.50      3092.24      3090.37

#----------------------------------------------------------------
# Benchmarking Reduce 
# #processes = 4 
# ( 4 additional processes waiting in MPI_Barrier)
#----------------------------------------------------------------
       #bytes #repetitions  t_min[usec]  t_max[usec]  t_avg[usec]
            0         1000         0.93         0.97         0.95
            4         1000         6.56        15.47        10.53
            8         1000         6.58        15.20        10.49
           16         1000        11.53        18.09        14.29
           32         1000        11.50        18.00        14.25
           64         1000        11.21        17.67        13.91
          128         1000        12.58        18.82        15.22
          256         1000        12.56        19.06        15.30
          512         1000        13.09        19.65        15.88
         1024         1000        15.04        18.68        16.27
         2048         1000        16.06        20.19        17.29
         4096         1000        19.30        24.81        21.95
         8192         1000        16.65        30.34        23.35
        16384         1000        19.44        37.32        28.17
        32768         1000        24.70        53.48        37.94
        65536          640        35.24        81.63        56.08
       131072          320       156.02       182.70       171.52
       262144          160       315.24       349.17       330.80
       524288           80       717.57       770.80       745.75
      1048576           40      1481.99      1557.73      1530.04
      2097152           20      2991.72      3089.73      3059.94
      4194304           10      5944.61      6051.71      6016.17

#----------------------------------------------------------------
# Benchmarking Reduce 
# #processes = 8 
#----------------------------------------------------------------
       #bytes #repetitions  t_min[usec]  t_max[usec]  t_avg[usec]
            0         1000         0.94         1.01         0.97
            4         1000         6.67        19.96        11.38
            8         1000         6.75        19.99        11.42
           16         1000        11.65        24.81        16.54
           32         1000        11.68        24.70        16.53
           64         1000        11.33        24.66        16.38
          128         1000        12.76        26.03        17.62
          256         1000        12.67        26.30        17.83
          512         1000        13.16        26.62        18.17
         1024         1000        14.17        26.47        18.19
         2048         1000        15.90        27.87        19.43
         4096         1000        15.58        34.65        22.54
         8192         1000        17.19        41.54        26.25
        16384         1000        19.73        54.88        32.84
        32768         1000        25.21        79.30        44.06
        65536          640        35.08       125.91        66.53
       131072          320       157.13       252.38       212.73
       262144          160       347.85       466.87       415.78
       524288           80       811.00       965.08       899.66
      1048576           40      1539.92      1752.98      1684.38
      2097152           20      3122.69      3405.46      3322.94
      4194304           10      6350.90      6831.12      6712.81

#----------------------------------------------------------------
# Benchmarking Reduce_scatter 
# #processes = 2 
# ( 6 additional processes waiting in MPI_Barrier)
#----------------------------------------------------------------
       #bytes #repetitions  t_min[usec]  t_max[usec]  t_avg[usec]
            0         1000         1.52         1.53         1.53
            4         1000         8.01         8.27         8.14
            8         1000         8.44         8.45         8.44
           16         1000         8.37         8.45         8.41
           32         1000        11.89        11.94        11.92
           64         1000        11.85        11.98        11.92
          128         1000        11.49        11.58        11.53
          256         1000        12.87        12.93        12.90
          512         1000        12.79        12.87        12.83
         1024         1000        13.06        13.45        13.25
         2048         1000        13.66        13.70        13.68
         4096         1000        14.44        14.54        14.49
         8192         1000        16.78        16.85        16.81
        16384         1000        20.50        20.60        20.55
        32768         1000        26.74        26.96        26.85
        65536          640        38.78        38.86        38.82
       131072          320        62.10        62.20        62.15
       262144          160        98.59        99.25        98.92
       524288           80       223.90       229.56       226.73
      1048576           40       502.06       506.76       504.41
      2097152           20       873.26       879.42       876.34
      4194304           10      8745.55      8774.04      8759.80

#----------------------------------------------------------------
# Benchmarking Reduce_scatter 
# #processes = 4 
# ( 4 additional processes waiting in MPI_Barrier)
#----------------------------------------------------------------
       #bytes #repetitions  t_min[usec]  t_max[usec]  t_avg[usec]
            0         1000         1.69         1.71         1.71
            4         1000         7.01        16.19        11.06
            8         1000         7.03        17.09        11.81
           16         1000        14.22        14.91        14.56
           32         1000        19.00        19.77        19.41
           64         1000        20.41        20.66        20.53
          128         1000        21.13        21.70        21.39
          256         1000        21.04        21.41        21.20
          512         1000        22.08        22.29        22.14
         1024         1000        21.96        22.18        22.09
         2048         1000        22.71        22.94        22.79
         4096         1000        23.81        24.07        23.95
         8192         1000        28.29        28.82        28.49
        16384         1000        34.88        35.44        35.26
        32768         1000        44.57        45.27        44.90
        65536          640        66.04        67.23        66.60
       131072          320       103.46       104.70       104.10
       262144          160       183.36       185.71       184.96
       524288           80       321.90       329.97       325.28
      1048576           40       626.14       698.16       661.76
      2097152           20      1293.39      1327.01      1315.62
      4194304           10      2230.12      2248.50      2238.67

#----------------------------------------------------------------
# Benchmarking Reduce_scatter 
# #processes = 8 
#----------------------------------------------------------------
       #bytes #repetitions  t_min[usec]  t_max[usec]  t_avg[usec]
            0         1000         1.78         1.83         1.80
            4         1000         7.31        21.63        12.57
            8         1000         7.30        24.62        13.30
           16         1000        12.86        26.29        18.94
           32         1000        24.26        26.19        25.07
           64         1000        28.39        29.27        28.86
          128         1000        29.45        30.44        29.95
          256         1000        28.54        29.43        28.96
          512         1000        29.18        30.29        29.59
         1024         1000        30.03        31.08        30.52
         2048         1000        30.81        31.83        31.32
         4096         1000        32.56        33.37        33.02
         8192         1000        40.85        41.69        41.16
        16384         1000        46.00        47.97        47.02
        32768         1000        58.82        61.02        59.83
        65536          640        87.22        88.59        87.93
       131072          320       155.39       158.27       156.41
       262144          160       265.55       272.78       269.61
       524288           80       500.13       508.69       503.82
      1048576           40      1069.30      1142.16      1111.38
      2097152           20      1770.39      1834.71      1806.58
      4194304           10      3085.80      3142.09      3109.12

#----------------------------------------------------------------
# Benchmarking Allgather 
# #processes = 2 
# ( 6 additional processes waiting in MPI_Barrier)
#----------------------------------------------------------------
       #bytes #repetitions  t_min[usec]  t_max[usec]  t_avg[usec]
            0         1000         0.62         0.65         0.63
            1         1000         5.81         5.96         5.88
            2         1000         6.05         6.06         6.05
            4         1000         5.85         5.97         5.91
            8         1000         6.03         6.05         6.04
           16         1000         9.58         9.64         9.61
           32         1000         9.54         9.57         9.56
           64         1000         9.24         9.30         9.27
          128         1000         9.74         9.77         9.76
          256         1000         9.79         9.94         9.86
          512         1000        10.06        10.10        10.08
         1024         1000        10.34        10.35        10.34
         2048         1000        10.69        10.79        10.74
         4096         1000        12.82        12.85        12.84
         8192         1000        15.84        15.92        15.88
        16384         1000        20.46        20.50        20.48
        32768         1000        30.22        30.38        30.30
        65536          640        47.04        47.17        47.11
       131072          320        85.22        85.52        85.37
       262144          160       110.51       111.77       111.14
       524288           80       269.06       285.74       277.40
      1048576           40       452.44       454.83       453.64
      2097152           20       763.95       774.06       769.01
      4194304           10      1352.12      1364.23      1358.18

#----------------------------------------------------------------
# Benchmarking Allgather 
# #processes = 4 
# ( 4 additional processes waiting in MPI_Barrier)
#----------------------------------------------------------------
       #bytes #repetitions  t_min[usec]  t_max[usec]  t_avg[usec]
            0         1000         0.76         0.79         0.78
            1         1000        10.04        10.95        10.48
            2         1000        10.22        10.86        10.57
            4         1000        10.15        10.96        10.53
            8         1000        15.28        15.85        15.65
           16         1000        16.67        16.98        16.85
           32         1000        16.54        16.80        16.67
           64         1000        16.35        16.43        16.39
          128         1000        16.96        16.99        16.98
          256         1000        17.18        17.31        17.23
          512         1000        17.65        17.84        17.74
         1024         1000        18.38        18.62        18.51
         2048         1000        21.22        21.68        21.44
         4096         1000        25.58        25.86        25.72
         8192         1000        33.26        33.48        33.39
        16384         1000        46.32        46.96        46.66
        32768         1000        71.93        73.15        72.59
        65536          640       137.04       138.80       137.99
       131072          320       205.45       238.45       214.78
       262144          160       199.50       281.26       235.76
       524288           80      1258.92      2170.70      1716.16
      1048576           40      4584.19      5809.92      5195.96
      2097152           20     20336.38     21759.90     21048.13
      4194304           10     24444.75     25608.66     25029.97

#----------------------------------------------------------------
# Benchmarking Allgather 
# #processes = 8 
#----------------------------------------------------------------
       #bytes #repetitions  t_min[usec]  t_max[usec]  t_avg[usec]
            0         1000         0.80         0.86         0.83
            1         1000        14.38        15.62        14.90
            2         1000        14.44        15.15        14.85
            4         1000        18.09        18.90        18.52
            8         1000        20.91        22.16        21.50
           16         1000        23.60        24.50        24.03
           32         1000        23.67        24.68        24.08
           64         1000        23.35        23.97        23.70
          128         1000        24.29        25.07        24.69
          256         1000        24.84        25.70        25.20
          512         1000        26.02        26.94        26.48
         1024         1000        29.72        29.96        29.90
         2048         1000        34.63        35.55        35.22
         4096         1000        44.76        45.71        45.11
         8192         1000        64.31        66.12        65.10
        16384         1000        95.19        96.59        95.65
        32768         1000       165.79       206.13       183.39
        65536          640       246.76       277.34       258.35
       131072          320       279.27       320.23       296.10
       262144          160      1540.47      2986.32      2256.73
       524288           80      1663.92      3021.30      2293.60
      1048576           40      5164.53     11996.81      7120.16
      2097152           20     26760.30     34313.75     29018.13
      4194304           10     26811.48     35880.92     32860.04

#----------------------------------------------------------------
# Benchmarking Allgatherv 
# #processes = 2 
# ( 6 additional processes waiting in MPI_Barrier)
#----------------------------------------------------------------
       #bytes #repetitions  t_min[usec]  t_max[usec]  t_avg[usec]
            0         1000         0.77         0.81         0.79
            1         1000         6.92         6.96         6.94
            2         1000         7.07         7.10         7.09
            4         1000         6.96         7.09         7.02
            8         1000         7.07         7.14         7.11
           16         1000        10.40        10.42        10.41
           32         1000        10.31        10.36        10.34
           64         1000         9.91        10.00         9.95
          128         1000        10.35        10.39        10.37
          256         1000        10.46        10.51        10.48
          512         1000        10.64        10.65        10.64
         1024         1000        10.95        11.08        11.02
         2048         1000        11.56        11.58        11.57
         4096         1000        13.57        13.64        13.61
         8192         1000        16.58        16.89        16.73
        16384         1000        21.25        21.45        21.35
        32768         1000        30.59        30.61        30.60
        65536          640        47.65        47.68        47.67
       131072          320        87.43        87.98        87.71
       262144          160       119.94       122.36       121.15
       524288           80       284.20       293.39       288.80
      1048576           40       467.57       477.86       472.72
      2097152           20       753.21       753.87       753.54
      4194304           10      1338.96      1366.07      1352.51

#----------------------------------------------------------------
# Benchmarking Allgatherv 
# #processes = 4 
# ( 4 additional processes waiting in MPI_Barrier)
#----------------------------------------------------------------
       #bytes #repetitions  t_min[usec]  t_max[usec]  t_avg[usec]
            0         1000         0.94         0.98         0.97
            1         1000        12.82        13.30        13.10
            2         1000        13.09        13.30        13.22
            4         1000        13.01        13.50        13.23
            8         1000        16.64        17.14        16.88
           16         1000        19.10        19.23        19.16
           32         1000        19.68        19.95        19.78
           64         1000        19.61        19.69        19.66
          128         1000        20.14        20.34        20.25
          256         1000        20.36        20.57        20.45
          512         1000        20.87        21.25        21.04
         1024         1000        21.61        21.99        21.82
         2048         1000        25.16        25.32        25.25
         4096         1000        29.69        29.94        29.79
         8192         1000        38.43        38.67        38.54
        16384         1000        52.91        53.40        53.20
        32768         1000        82.19        83.33        82.63
        65536          640       138.35       142.83       140.33
       131072          320       291.33       333.34       315.51
       262144          160       332.70       345.40       337.52
       524288           80      2287.19      2789.49      2639.48
      1048576           40      8333.39     10082.83      9244.31
      2097152           20      5589.21      9166.32      7391.06
      4194304           10     12840.20     24639.18     18833.72

#----------------------------------------------------------------
# Benchmarking Allgatherv 
# #processes = 8 
#----------------------------------------------------------------
       #bytes #repetitions  t_min[usec]  t_max[usec]  t_avg[usec]
            0         1000         0.98         1.01         0.99
            1         1000        17.55        19.37        18.49
            2         1000        17.90        18.60        18.28
            4         1000        21.68        22.17        21.94
            8         1000        24.44        25.73        25.06
           16         1000        27.36        28.37        27.92
           32         1000        27.47        28.54        27.99
           64         1000        27.09        28.10        27.61
          128         1000        28.24        29.29        28.79
          256         1000        28.82        29.61        29.24
          512         1000        30.35        31.44        30.90
         1024         1000        34.94        36.00        35.52
         2048         1000        40.95        41.75        41.34
         4096         1000        50.32        51.21        50.88
         8192         1000        70.13        71.17        70.69
        16384         1000       108.50       109.66       109.17
        32768         1000       198.86       210.17       203.30
        65536          640       349.99       377.09       362.61
       131072          320       685.46       763.16       720.74
       262144          160      3448.58      6041.94      5002.36
       524288           80      3638.14      3823.03      3744.39
      1048576           40     12945.28     13906.09     13579.91
      2097152           20     15126.54     16644.73     16187.59
      4194304           10     50846.55     59078.53     55014.94

#----------------------------------------------------------------
# Benchmarking Gather 
# #processes = 2 
# ( 6 additional processes waiting in MPI_Barrier)
#----------------------------------------------------------------
       #bytes #repetitions  t_min[usec]  t_max[usec]  t_avg[usec]
            0         1000         0.69         0.71         0.70
            1         1000         2.96         5.68         4.32
            2         1000         3.02         5.53         4.27
            4         1000         2.95         5.67         4.31
            8         1000         3.04         5.57         4.31
           16         1000         8.48         9.59         9.03
           32         1000         8.42         9.59         9.00
           64         1000         8.22         9.22         8.72
          128         1000         7.59         8.14         7.87
          256         1000         7.72         8.21         7.97
          512         1000         7.81         8.30         8.06
         1024         1000         7.91         8.87         8.39
         2048         1000         8.36         9.41         8.88
         4096         1000        10.13        11.22        10.67
         8192         1000        11.46        12.01        11.73
        16384         1000        13.73        14.27        14.00
        32768         1000        17.91        19.14        18.53
        65536          640        27.46        29.04        28.25
       131072          320        49.41        50.56        49.98
       262144          160        71.65        86.25        78.95
       524288           80       205.93       208.53       207.23
      1048576           40       396.18       398.11       397.15
      2097152           20       670.39       691.74       681.06
      4194304           10      1229.91      1257.73      1243.82

#----------------------------------------------------------------
# Benchmarking Gather 
# #processes = 4 
# ( 4 additional processes waiting in MPI_Barrier)
#----------------------------------------------------------------
       #bytes #repetitions  t_min[usec]  t_max[usec]  t_avg[usec]
            0         1000         0.83         0.87         0.84
            1         1000         3.26         9.67         4.90
            2         1000         3.25         9.68         4.91
            4         1000         3.19         9.83         4.92
            8         1000         3.23         9.73         4.90
           16         1000         9.55        10.97        10.03
           32         1000         9.49        10.86        10.00
           64         1000         9.09        10.45         9.58
          128         1000         9.52        11.01        10.04
          256         1000         9.35        10.82         9.84
          512         1000         9.69        11.11        10.18
         1024         1000        10.06        11.45        10.54
         2048         1000        10.92        12.34        11.36
         4096         1000        13.85        15.53        14.46
         8192         1000        17.13        18.61        17.66
        16384         1000        22.99        24.55        23.73
        32768         1000        35.21        36.75        36.25
        65536          640        61.21        65.20        63.84
       131072          320       124.77       138.08       133.59
       262144          160       107.70       127.02       114.59
       524288           80       269.72       288.63       280.72
      1048576           40       531.61       553.14       542.76
      2097152           20       956.75       990.43       979.82
      4194304           10      1858.43      1902.75      1889.68

#----------------------------------------------------------------
# Benchmarking Gather 
# #processes = 8 
#----------------------------------------------------------------
       #bytes #repetitions  t_min[usec]  t_max[usec]  t_avg[usec]
            0         1000         0.85         0.91         0.87
            1         1000         3.31        15.21         4.83
            2         1000         3.30        15.42         4.89
            4         1000         3.24        15.30         4.83
            8         1000         3.23        15.46         4.84
           16         1000        11.38        17.05        13.17
           32         1000        11.42        16.98        13.23
           64         1000        11.39        18.21        13.82
          128         1000        12.03        17.44        13.64
          256         1000        11.66        17.06        13.25
          512         1000        12.14        17.55        13.80
         1024         1000        12.75        18.41        14.53
         2048         1000        14.48        20.23        16.25
         4096         1000        19.77        25.28        21.51
         8192         1000        26.29        31.72        28.15
        16384         1000        40.20        45.51        42.23
        32768         1000        71.72        77.70        75.15
        65536          640       157.11       180.92       164.24
       131072          320       259.87       295.71       268.30
       262144          160       144.90       200.61       176.09
       524288           80       343.84       459.21       409.43
      1048576           40       658.16       887.04       787.86
      2097152           20      1261.93      1674.52      1489.26
      4194304           10      2512.65      3265.57      2906.84

#----------------------------------------------------------------
# Benchmarking Gatherv 
# #processes = 2 
# ( 6 additional processes waiting in MPI_Barrier)
#----------------------------------------------------------------
       #bytes #repetitions  t_min[usec]  t_max[usec]  t_avg[usec]
            0         1000         0.81         1.76         1.28
            1         1000         2.85         5.74         4.30
            2         1000         2.89         5.57         4.23
            4         1000         2.77         5.80         4.29
            8         1000         2.86         5.68         4.27
           16         1000         7.64         8.15         7.90
           32         1000         7.64         8.16         7.90
           64         1000         7.46         7.98         7.72
          128         1000         7.92         8.33         8.13
          256         1000         7.84         8.36         8.10
          512         1000         8.00         8.46         8.23
         1024         1000         8.08         8.65         8.37
         2048         1000         8.44         9.02         8.73
         4096         1000        10.12        10.70        10.41
         8192         1000        11.52        12.24        11.88
        16384         1000        13.88        14.61        14.24
        32768         1000        19.08        19.67        19.37
        65536          640        28.37        29.34        28.86
       131072          320        49.46        50.29        49.88
       262144          160        76.53        87.93        82.23
       524288           80       214.80       215.75       215.28
      1048576           40       391.60       397.32       394.46
      2097152           20       659.47       663.88       661.67
      4194304           10      1227.16      1232.31      1229.74

#----------------------------------------------------------------
# Benchmarking Gatherv 
# #processes = 4 
# ( 4 additional processes waiting in MPI_Barrier)
#----------------------------------------------------------------
       #bytes #repetitions  t_min[usec]  t_max[usec]  t_avg[usec]
            0         1000         0.91         1.96         1.19
            1         1000         2.97        10.01         4.79
            2         1000         2.95         9.95         4.75
            4         1000         2.89        10.07         4.76
            8         1000         2.90         9.86         4.70
           16         1000         9.68        10.86        10.10
           32         1000         9.67        10.84        10.11
           64         1000         9.26        10.55         9.73
          128         1000         9.64        11.45        10.29
          256         1000         9.44        11.12        10.06
          512         1000         9.78        11.51        10.37
         1024         1000         9.98        11.77        10.58
         2048         1000        10.89        12.58        11.47
         4096         1000        13.86        15.65        14.65
         8192         1000        17.21        18.84        17.81
        16384         1000        23.12        24.92        23.90
        32768         1000        35.32        37.27        36.48
        65536          640        60.96        65.00        63.66
       131072          320       122.18       136.59       131.08
       262144          160       113.87       134.73       123.77
       524288           80       265.26       285.42       278.69
      1048576           40       514.18       536.67       529.11
      2097152           20       950.94       992.10       980.37
      4194304           10      1879.14      1910.54      1899.55

#----------------------------------------------------------------
# Benchmarking Gatherv 
# #processes = 8 
#----------------------------------------------------------------
       #bytes #repetitions  t_min[usec]  t_max[usec]  t_avg[usec]
            0         1000         0.96         2.91         1.23
            1         1000         2.93        19.26         5.11
            2         1000         2.92        19.37         5.12
            4         1000         2.89        19.21         5.07
            8         1000         2.88        19.15         5.07
           16         1000        12.96        18.91        14.58
           32         1000        12.96        18.90        14.60
           64         1000        12.33        18.43        13.91
          128         1000        13.28        19.56        15.19
          256         1000        13.04        19.33        14.87
          512         1000        13.35        20.04        15.30
         1024         1000        14.10        20.73        15.99
         2048         1000        15.50        22.34        17.59
         4096         1000        21.16        27.24        23.04
         8192         1000        27.58        33.56        29.61
        16384         1000        41.07        47.19        43.55
        32768         1000        72.47        80.56        75.88
        65536          640       157.61       179.60       166.11
       131072          320       259.33       298.12       268.45
       262144          160       144.43       202.63       176.08
       524288           80       331.78       462.66       409.17
      1048576           40       647.75       886.42       785.18
      2097152           20      1269.88      1690.14      1497.00
      4194304           10      2543.64      3281.00      2916.62

#----------------------------------------------------------------
# Benchmarking Scatter 
# #processes = 2 
# ( 6 additional processes waiting in MPI_Barrier)
#----------------------------------------------------------------
       #bytes #repetitions  t_min[usec]  t_max[usec]  t_avg[usec]
            0         1000         0.78         0.78         0.78
            1         1000         4.14         5.89         5.02
            2         1000         4.15         5.86         5.00
            4         1000         4.09         5.83         4.96
            8         1000         4.13         5.85         4.99
           16         1000         8.02         9.29         8.66
           32         1000         8.02         9.28         8.65
           64         1000         7.83         9.03         8.43
          128         1000         8.10         9.35         8.72
          256         1000         8.23         9.47         8.85
          512         1000         8.29         9.59         8.94
         1024         1000         8.54         9.86         9.20
         2048         1000         8.96        10.30         9.63
         4096         1000        10.63        12.11        11.37
         8192         1000        11.72        13.57        12.65
        16384         1000        13.86        15.88        14.87
        32768         1000        17.95        20.85        19.40
        65536          640        26.09        30.89        28.49
       131072          320        56.21        58.22        57.21
       262144          160        73.20        86.66        79.93
       524288           80       228.51       258.97       243.74
      1048576           40       194.72       427.67       311.20
      2097152           20       706.58       742.14       724.36
      4194304           10      1268.79      1303.51      1286.15

#----------------------------------------------------------------
# Benchmarking Scatter 
# #processes = 4 
# ( 4 additional processes waiting in MPI_Barrier)
#----------------------------------------------------------------
       #bytes #repetitions  t_min[usec]  t_max[usec]  t_avg[usec]
            0         1000         0.93         0.96         0.95
            1         1000         6.12         7.32         6.71
            2         1000         6.19         7.49         6.78
            4         1000         6.04         7.33         6.67
            8         1000         6.16         7.45         6.75
           16         1000         7.28        11.53         8.97
           32         1000         7.26        11.54         8.91
           64         1000         7.10        11.31         8.75
          128         1000         7.36        11.66         9.06
          256         1000         7.48        11.76         9.21
          512         1000         7.71        11.88         9.44
         1024         1000         8.05        12.21         9.83
         2048         1000         8.72        12.78        10.56
         4096         1000        11.01        15.70        13.12
         8192         1000        12.73        20.85        16.87
        16384         1000        16.00        26.59        21.84
        32768         1000        18.59        42.61        31.85
        65536          640        28.19        68.85        51.70
       131072          320        51.73        92.22        74.66
       262144          160        85.58       210.61       142.00
       524288           80       236.06       423.82       332.44
      1048576           40       410.43       702.60       566.76
      2097152           20       701.53      3540.13      2733.50
      4194304           10      1321.98     10187.41      7417.30

#----------------------------------------------------------------
# Benchmarking Scatter 
# #processes = 8 
#----------------------------------------------------------------
       #bytes #repetitions  t_min[usec]  t_max[usec]  t_avg[usec]
            0         1000         0.94         0.96         0.95
            1         1000         6.38        11.19         8.17
            2         1000         6.38        11.32         8.27
            4         1000         6.36        11.25         8.12
            8         1000         6.32        11.28         8.16
           16         1000         7.99        15.90         9.77
           32         1000         8.03        16.27         9.80
           64         1000         7.81        15.83         9.56
          128         1000         7.82        16.02         9.80
          256         1000         8.32        16.97        10.23
          512         1000         8.26        16.73        10.36
         1024         1000         8.46        17.93        10.96
         2048         1000         8.86        19.05        11.88
         4096         1000        10.84        25.70        16.13
         8192         1000        12.92        36.78        22.18
        16384         1000        15.50        49.26        30.60
        32768         1000        19.98        83.72        51.28
        65536          640        31.91       156.79        94.01
       131072          320        56.28       162.56       108.56
       262144          160       109.40       422.82       250.58
       524288           80       248.65       720.90       504.50
      1048576           40       424.81      1213.97       853.84
      2097152           20       727.59      3596.71      2058.00
      4194304           10      1284.65     10805.51      5073.26

#----------------------------------------------------------------
# Benchmarking Scatterv 
# #processes = 2 
# ( 6 additional processes waiting in MPI_Barrier)
#----------------------------------------------------------------
       #bytes #repetitions  t_min[usec]  t_max[usec]  t_avg[usec]
            0         1000         0.86         1.72         1.29
            1         1000         5.03         6.09         5.56
            2         1000         5.08         6.09         5.59
            4         1000         5.07         6.22         5.64
            8         1000         5.07         6.17         5.62
           16         1000         8.02         9.53         8.78
           32         1000         8.02         9.50         8.76
           64         1000         7.92         9.27         8.60
          128         1000         8.25         9.62         8.93
          256         1000         8.28         9.69         8.99
          512         1000         8.50         9.98         9.24
         1024         1000         8.71        10.20         9.46
         2048         1000         9.22        10.74         9.98
         4096         1000        11.21        12.85        12.03
         8192         1000        12.39        14.08        13.24
        16384         1000        15.04        16.58        15.81
        32768         1000        20.09        21.69        20.89
        65536          640        30.08        31.83        30.96
       131072          320        54.21        56.39        55.30
       262144          160        78.66        93.07        85.87
       524288           80       221.90       249.56       235.73
      1048576           40       410.38       446.21       428.29
      2097152           20       697.41       740.50       718.96
      4194304           10      1280.47      1313.47      1296.97

#----------------------------------------------------------------
# Benchmarking Scatterv 
# #processes = 4 
# ( 4 additional processes waiting in MPI_Barrier)
#----------------------------------------------------------------
       #bytes #repetitions  t_min[usec]  t_max[usec]  t_avg[usec]
            0         1000         0.93         1.97         1.20
            1         1000         6.01         7.77         6.88
            2         1000         5.95         7.82         6.90
            4         1000         5.91         7.54         6.73
            8         1000         5.99         7.64         6.83
           16         1000         6.85        11.45         8.62
           32         1000         6.85        11.38         8.57
           64         1000         6.68        11.12         8.40
          128         1000         7.09        11.42         8.73
          256         1000         7.02        11.47         8.73
          512         1000         7.30        11.75         9.03
         1024         1000         7.68        12.05         9.40
         2048         1000         8.42        12.74        10.24
         4096         1000        10.70        15.64        12.99
         8192         1000        12.73        20.49        16.61
        16384         1000        15.42        26.44        21.50
        32768         1000        18.31        42.41        31.24
        65536          640        27.22        67.12        49.83
       131072          320        57.23        93.26        77.92
       262144          160        93.32       222.29       151.21
       524288           80       234.65       410.60       327.31
      1048576           40       412.31       706.01       569.89
      2097152           20       706.33      3557.42      2736.23
      4194304           10      1276.80     10223.72      7395.82

#----------------------------------------------------------------
# Benchmarking Scatterv 
# #processes = 8 
#----------------------------------------------------------------
       #bytes #repetitions  t_min[usec]  t_max[usec]  t_avg[usec]
            0         1000         0.95         2.79         1.20
            1         1000         6.45        12.00         8.29
            2         1000         6.49        11.98         8.38
            4         1000         6.44        11.93         8.31
            8         1000         6.48        11.93         8.37
           16         1000         7.98        17.39        10.33
           32         1000         7.98        16.80        10.17
           64         1000         7.72        16.64         9.82
          128         1000         8.06        17.03        10.34
          256         1000         8.05        17.04        10.34
          512         1000         8.35        17.88        10.75
         1024         1000         8.71        18.35        11.32
         2048         1000         9.40        19.74        12.27
         4096         1000        11.53        26.16        16.23
         8192         1000        13.41        37.65        22.52
        16384         1000        15.56        50.33        30.63
        32768         1000        18.97        83.65        50.26
        65536          640        30.32       152.56        91.26
       131072          320        61.56       167.32       118.37
       262144          160       113.86       377.61       247.26
       524288           80       246.76       720.96       501.02
      1048576           40       415.46      1182.23       831.80
      2097152           20       725.34      3625.98      2069.56
      4194304           10      1277.61     10809.42      5065.64

#----------------------------------------------------------------
# Benchmarking Alltoall 
# #processes = 2 
# ( 6 additional processes waiting in MPI_Barrier)
#----------------------------------------------------------------
       #bytes #repetitions  t_min[usec]  t_max[usec]  t_avg[usec]
            0         1000         0.69         0.70         0.69
            1         1000         6.22         6.36         6.29
            2         1000         6.40         6.44         6.42
            4         1000         6.37         6.44         6.40
            8         1000         6.46         6.49         6.48
           16         1000         9.89         9.89         9.89
           32         1000        10.08        10.09        10.08
           64         1000         9.55         9.57         9.56
          128         1000         9.99        10.07        10.03
          256         1000        10.09        10.11        10.10
          512         1000        10.19        10.25        10.22
         1024         1000        10.42        10.55        10.48
         2048         1000        10.94        11.07        11.00
         4096         1000        12.90        12.99        12.95
         8192         1000        16.02        16.15        16.08
        16384         1000        20.75        20.77        20.76
        32768         1000        29.91        30.11        30.01
        65536          640        47.07        47.29        47.18
       131072          320        78.64        80.40        79.52
       262144          160        98.12       104.87       101.49
       524288           80       281.44       282.00       281.72
      1048576           40       459.97       467.73       463.85
      2097152           20       742.59       744.10       743.35
      4194304           10      1324.58      1330.04      1327.31

#----------------------------------------------------------------
# Benchmarking Alltoall 
# #processes = 4 
# ( 4 additional processes waiting in MPI_Barrier)
#----------------------------------------------------------------
       #bytes #repetitions  t_min[usec]  t_max[usec]  t_avg[usec]
            0         1000         0.83         0.85         0.84
            1         1000        13.35        13.68        13.49
            2         1000        15.59        16.10        15.93
            4         1000        15.86        16.01        15.95
            8         1000        15.59        15.99        15.85
           16         1000        19.82        20.08        19.98
           32         1000        19.82        20.14        19.98
           64         1000        19.09        19.47        19.25
          128         1000        19.77        20.04        19.94
          256         1000        19.75        20.07        19.92
          512         1000        20.46        20.73        20.58
         1024         1000        21.17        21.52        21.29
         2048         1000        22.91        23.20        23.05
         4096         1000        28.40        28.69        28.57
         8192         1000        36.97        37.42        37.16
        16384         1000        47.63        47.78        47.71
        32768         1000        76.33        76.68        76.51
        65536          640       151.68       153.75       152.79
       131072          320       265.69       277.73       272.37
       262144          160       260.38       303.79       278.99
       524288           80      2428.69      2567.99      2497.07
      1048576           40      5421.38      5837.21      5650.90
      2097152           20      4200.40      5352.06      5019.79
      4194304           10      9627.68     14541.08     13202.67

#----------------------------------------------------------------
# Benchmarking Alltoall 
# #processes = 8 
#----------------------------------------------------------------
       #bytes #repetitions  t_min[usec]  t_max[usec]  t_avg[usec]
            0         1000         0.86         0.88         0.87
            1         1000        24.80        25.19        25.04
            2         1000        24.97        25.49        25.28
            4         1000        25.17        25.46        25.30
            8         1000        24.98        25.53        25.32
           16         1000        31.86        32.59        32.28
           32         1000        31.79        32.42        32.11
           64         1000        30.72        31.09        30.95
          128         1000        31.78        32.31        32.11
          256         1000        31.89        32.57        32.25
          512         1000        33.27        33.91        33.61
         1024         1000        35.48        36.27        35.87
         2048         1000        39.13        39.66        39.36
         4096         1000        49.32        50.66        50.13
         8192         1000        67.80        69.38        68.67
        16384         1000        96.73       101.19        98.10
        32768         1000       188.93       201.29       196.63
        65536          640       391.48       405.57       397.91
       131072          320       507.19       531.51       514.81
       262144          160      2644.93      3048.52      2832.77
       524288           80      2169.13      2776.95      2409.56
      1048576           40      6634.81      7335.41      6990.97
      2097152           20      6522.67      8697.57      7838.91
      4194304           10     22004.03     26319.77     24515.81

#----------------------------------------------------------------
# Benchmarking Alltoallv 
# #processes = 2 
# ( 6 additional processes waiting in MPI_Barrier)
#----------------------------------------------------------------
       #bytes #repetitions  t_min[usec]  t_max[usec]  t_avg[usec]
            0         1000         2.54         2.70         2.62
            1         1000        10.51        10.69        10.60
            2         1000        10.46        10.77        10.61
            4         1000        10.45        10.65        10.55
            8         1000        10.39        10.71        10.55
           16         1000        13.52        13.57        13.55
           32         1000        13.47        13.62        13.55
           64         1000        13.17        13.33        13.25
          128         1000        13.63        13.80        13.71
          256         1000        13.73        13.93        13.83
          512         1000        13.94        14.10        14.02
         1024         1000        14.24        14.35        14.30
         2048         1000        14.79        15.01        14.90
         4096         1000        16.96        17.24        17.10
         8192         1000        20.75        20.89        20.82
        16384         1000        25.59        25.65        25.62
        32768         1000        35.20        35.36        35.28
        65536          640        52.13        52.38        52.26
       131072          320        87.35        87.37        87.36
       262144          160       112.48       128.55       120.52
       524288           80       296.44       300.52       298.48
      1048576           40       485.63       494.49       490.06
      2097152           20       757.25       762.88       760.07
      4194304           10      1331.83      1335.38      1333.61

#----------------------------------------------------------------
# Benchmarking Alltoallv 
# #processes = 4 
# ( 4 additional processes waiting in MPI_Barrier)
#----------------------------------------------------------------
       #bytes #repetitions  t_min[usec]  t_max[usec]  t_avg[usec]
            0         1000         2.87         3.07         3.01
            1         1000        15.84        16.12        16.03
            2         1000        15.70        16.16        16.03
            4         1000        15.87        16.11        16.02
            8         1000        15.86        16.18        16.10
           16         1000        20.07        20.27        20.18
           32         1000        19.89        20.16        20.08
           64         1000        19.39        19.58        19.49
          128         1000        20.13        20.26        20.18
          256         1000        20.06        20.20        20.13
          512         1000        20.70        20.88        20.78
         1024         1000        21.50        21.64        21.57
         2048         1000        23.35        23.46        23.42
         4096         1000        28.31        28.68        28.47
         8192         1000        36.53        37.07        36.84
        16384         1000        47.61        47.97        47.78
        32768         1000        75.91        76.42        76.20
        65536          640       154.37       156.37       155.44
       131072          320       281.67       297.46       288.50
       262144          160       263.45       282.90       273.29
       524288           80      2205.80      2482.97      2382.32
      1048576           40      5148.85      5590.62      5340.16
      2097152           20      4265.88      5395.98      5067.54
      4194304           10      9627.37     14474.37     13160.39

#----------------------------------------------------------------
# Benchmarking Alltoallv 
# #processes = 8 
#----------------------------------------------------------------
       #bytes #repetitions  t_min[usec]  t_max[usec]  t_avg[usec]
            0         1000         3.31         3.80         3.57
            1         1000        25.43        26.06        25.74
            2         1000        26.21        27.23        26.61
            4         1000        25.09        25.89        25.55
            8         1000        26.15        27.39        26.54
           16         1000        33.09        34.27        33.50
           32         1000        32.72        33.95        33.22
           64         1000        32.69        35.02        33.36
          128         1000        33.24        34.80        34.03
          256         1000        33.45        38.10        35.74
          512         1000        34.19        35.61        34.90
         1024         1000        36.39        40.15        38.58
         2048         1000        41.05        43.44        41.66
         4096         1000        51.04        51.98        51.45
         8192         1000        69.32        71.77        70.59
        16384         1000        96.62        99.92        97.66
        32768         1000       191.72       201.87       198.42
        65536          640       391.41       405.28       396.84
       131072          320       512.94       532.32       519.29
       262144          160      2541.02      2946.67      2717.05
       524288           80      2427.00      3140.40      2711.71
      1048576           40      6824.76      7708.68      7367.59
      2097152           20      6679.56      8812.02      8009.90
      4194304           10     18788.50     25995.49     24248.31

#----------------------------------------------------------------
# Benchmarking Bcast 
# #processes = 2 
# ( 6 additional processes waiting in MPI_Barrier)
#----------------------------------------------------------------
       #bytes #repetitions  t_min[usec]  t_max[usec]  t_avg[usec]
            0         1000         0.53         0.60         0.56
            1         1000         3.90         5.84         4.87
            2         1000         3.87         5.89         4.88
            4         1000         3.84         5.86         4.85
            8         1000         3.87         5.89         4.88
           16         1000         7.91         8.82         8.36
           32         1000         7.89         9.03         8.46
           64         1000         7.60         8.79         8.20
          128         1000         7.68         8.84         8.26
          256         1000         7.73         8.90         8.31
          512         1000         7.88         9.06         8.47
         1024         1000         8.07         9.00         8.54
         2048         1000         8.42         9.74         9.08
         4096         1000        10.19        11.37        10.78
         8192         1000        11.45        12.55        12.00
        16384         1000        13.44        14.70        14.07
        32768         1000        17.79        18.94        18.36
        65536          640        25.68        26.98        26.33
       131072          320        49.19        50.76        49.97
       262144          160        51.47        63.63        57.55
       524288           80        75.13        87.25        81.19
      1048576           40       119.20       128.49       123.85
      2097152           20       204.55       215.34       209.95
      4194304           10       376.32       385.62       380.97

#----------------------------------------------------------------
# Benchmarking Bcast 
# #processes = 4 
# ( 4 additional processes waiting in MPI_Barrier)
#----------------------------------------------------------------
       #bytes #repetitions  t_min[usec]  t_max[usec]  t_avg[usec]
            0         1000         0.65         0.70         0.68
            1         1000         5.69         9.12         7.27
            2         1000         5.73         9.16         7.30
            4         1000         5.79         9.15         7.25
            8         1000         5.59         8.96         7.18
           16         1000         8.78        22.26        16.56
           32         1000         8.74        22.19        16.51
           64         1000         8.44        21.39        15.97
          128         1000         8.49        21.62        16.10
          256         1000         8.59        21.97        16.32
          512         1000         8.78        22.46        16.67
         1024         1000        14.63        16.03        15.15
         2048         1000        15.45        16.77        16.02
         4096         1000        18.42        20.06        19.10
         8192         1000        21.58        22.49        21.97
        16384         1000        25.31        27.10        26.02
        32768         1000        33.38        36.24        34.70
        65536          640        49.28        51.62        50.30
       131072          320       105.09       107.69       106.26
       262144          160       115.54       133.15       123.77
       524288           80       172.94       187.65       181.38
      1048576           40       269.53       318.96       295.93
      2097152           20      3104.60      5877.39      4493.10
      4194304           10      7494.69     16429.62     11973.44

#----------------------------------------------------------------
# Benchmarking Bcast 
# #processes = 8 
#----------------------------------------------------------------
       #bytes #repetitions  t_min[usec]  t_max[usec]  t_avg[usec]
            0         1000         0.73         0.85         0.77
            1         1000         7.68        13.53         9.58
            2         1000         7.67        13.49         9.66
            4         1000         7.44        13.57         9.58
            8         1000         7.41        13.30         9.43
           16         1000        16.25        30.05        22.90
           32         1000        16.14        29.92        22.85
           64         1000        15.88        28.69        22.22
          128         1000        15.97        29.23        22.50
          256         1000        15.84        30.08        22.77
          512         1000        15.94        30.87        23.09
         1024         1000        20.12        22.27        21.24
         2048         1000        21.47        23.62        22.46
         4096         1000        25.88        28.29        27.27
         8192         1000        29.72        32.63        31.21
        16384         1000        53.08        57.54        54.82
        32768         1000        70.26        78.84        74.53
        65536          640        90.67       105.29       100.48
       131072          320       132.45       164.03       151.66
       262144          160       275.59       344.20       323.94
       524288           80       390.76       512.69       481.10
      1048576           40       584.11       739.77       683.59
      2097152           20      3676.77      7481.48      5522.02
      4194304           10      8314.61      9259.84      8859.15

#---------------------------------------------------
# Benchmarking Barrier 
# #processes = 2 
# ( 6 additional processes waiting in MPI_Barrier)
#---------------------------------------------------
 #repetitions  t_min[usec]  t_max[usec]  t_avg[usec]
         1000         3.58         3.58         3.58

#---------------------------------------------------
# Benchmarking Barrier 
# #processes = 4 
# ( 4 additional processes waiting in MPI_Barrier)
#---------------------------------------------------
 #repetitions  t_min[usec]  t_max[usec]  t_avg[usec]
         1000         6.83         6.83         6.83

#---------------------------------------------------
# Benchmarking Barrier 
# #processes = 8 
#---------------------------------------------------
 #repetitions  t_min[usec]  t_max[usec]  t_avg[usec]
         1000        10.57        10.58        10.57


# All processes entering MPI_Finalize

