#------------------------------------------------------------
#    Intel (R) MPI Benchmarks 2018 Update 1, MPI-1 part    
#------------------------------------------------------------
# Date                  : Thu Nov 30 16:26:32 2017
# Machine               : x86_64
# System                : Linux
# Release               : 4.4.74-92.35-default
# Version               : #1 SMP Mon Aug 7 18:24:48 UTC 2017 (c0fdc47)
# MPI Version           : 3.1
# MPI Thread Environment: 


# Calling sequence was: 

# ./IMB-MPI1

# Minimum message length in bytes:   0
# Maximum message length in bytes:   4194304
#
# MPI_Datatype                   :   MPI_BYTE 
# MPI_Datatype for reductions    :   MPI_FLOAT
# MPI_Op                         :   MPI_SUM  
#
#

# List of Benchmarks to run:

# PingPong
# PingPing
# Sendrecv
# Exchange
# Allreduce
# Reduce
# Reduce_scatter
# Allgather
# Allgatherv
# Gather
# Gatherv
# Scatter
# Scatterv
# Alltoall
# Alltoallv
# Bcast
# Barrier

#---------------------------------------------------
# Benchmarking PingPong 
# #processes = 2 
#---------------------------------------------------
       #bytes #repetitions      t[usec]   Mbytes/sec
            0         1000         3.24         0.00
            1         1000         3.24         0.31
            2         1000         3.22         0.62
            4         1000         3.21         1.25
            8         1000         3.28         2.44
           16         1000         5.08         3.15
           32         1000         5.03         6.37
           64         1000         4.88        13.11
          128         1000         4.92        25.99
          256         1000         5.02        50.95
          512         1000         5.19        98.73
         1024         1000         5.39       189.86
         2048         1000         5.79       353.47
         4096         1000         7.06       580.46
         8192         1000         8.42       972.63
        16384         1000        10.41      1574.40
        32768         1000        15.18      2159.19
        65536          640        23.72      2763.42
       131072          320        45.87      2857.24
       262144          160        75.93      3452.39
       524288           80       111.33      4709.27
      1048576           40       165.53      6334.85
      2097152           20       226.05      9277.36
      4194304           10       417.54     10045.22

#---------------------------------------------------
# Benchmarking PingPing 
# #processes = 2 
#---------------------------------------------------
       #bytes #repetitions      t[usec]   Mbytes/sec
            0         1000         3.74         0.00
            1         1000         3.79         0.26
            2         1000         3.80         0.53
            4         1000         3.72         1.08
            8         1000         3.73         2.14
           16         1000         7.17         2.23
           32         1000         7.57         4.23
           64         1000         7.00         9.14
          128         1000         6.98        18.34
          256         1000         7.12        35.94
          512         1000         7.25        70.65
         1024         1000         7.55       135.66
         2048         1000         7.98       256.74
         4096         1000        10.11       405.11
         8192         1000        13.03       628.61
        16384         1000        16.52       992.07
        32768         1000        25.90      1265.27
        65536          640        41.68      1572.49
       131072          320        59.25      2212.05
       262144          160        70.47      3719.99
       524288           80       101.43      5169.16
      1048576           40       144.83      7240.18
      2097152           20       231.55      9056.93
      4194304           10       429.30      9770.18

#-----------------------------------------------------------------------------
# Benchmarking Sendrecv 
# #processes = 2 
#-----------------------------------------------------------------------------
       #bytes #repetitions  t_min[usec]  t_max[usec]  t_avg[usec]   Mbytes/sec
            0         1000         3.20         3.20         3.20         0.00
            1         1000         3.18         3.18         3.18         0.63
            2         1000         3.18         3.18         3.18         1.26
            4         1000         3.22         3.22         3.22         2.48
            8         1000         3.23         3.23         3.23         4.95
           16         1000         5.92         5.92         5.92         5.40
           32         1000         5.88         5.88         5.88        10.88
           64         1000         5.67         5.67         5.67        22.57
          128         1000         6.12         6.12         6.12        41.80
          256         1000         5.85         5.85         5.85        87.46
          512         1000         6.04         6.04         6.04       169.42
         1024         1000         6.41         6.41         6.41       319.60
         2048         1000         6.82         6.82         6.82       600.23
         4096         1000         8.77         8.77         8.77       933.69
         8192         1000        10.82        10.82        10.82      1513.64
        16384         1000        14.72        14.73        14.73      2225.19
        32768         1000        23.92        23.92        23.92      2740.26
        65536          640        40.09        40.09        40.09      3269.50
       131072          320        57.54        57.54        57.54      4555.55
       262144          160       108.16       108.25       108.20      4843.26
       524288           80       120.20       120.34       120.27      8713.53
      1048576           40       211.82       213.55       212.69      9820.36
      2097152           20       284.00       284.16       284.08     14760.40
      4194304           10       457.00       457.41       457.20     18339.52

#-----------------------------------------------------------------------------
# Benchmarking Exchange 
# #processes = 2 
#-----------------------------------------------------------------------------
       #bytes #repetitions  t_min[usec]  t_max[usec]  t_avg[usec]   Mbytes/sec
            0         1000         7.05         7.06         7.05         0.00
            1         1000         7.76         7.76         7.76         0.52
            2         1000         7.76         7.76         7.76         1.03
            4         1000         7.88         7.88         7.88         2.03
            8         1000         7.78         7.78         7.78         4.11
           16         1000        11.27        11.27        11.27         5.68
           32         1000        11.31        11.31        11.31        11.32
           64         1000        10.99        10.99        10.99        23.28
          128         1000        11.23        11.24        11.24        45.57
          256         1000        11.31        11.31        11.31        90.52
          512         1000        11.60        11.60        11.60       176.58
         1024         1000        12.46        12.46        12.46       328.73
         2048         1000        12.97        12.98        12.97       631.32
         4096         1000        17.84        17.84        17.84       918.59
         8192         1000        26.04        26.04        26.04      1258.37
        16384         1000        33.92        33.92        33.92      1932.02
        32768         1000        51.45        51.45        51.45      2547.51
        65536          640        84.19        84.19        84.19      3113.69
       131072          320       111.57       111.58       111.57      4698.86
       262144          160       160.39       160.39       160.39      6537.48
       524288           80       219.72       219.80       219.76      9541.27
      1048576           40       368.53       368.65       368.59     11377.51
      2097152           20       621.64       622.15       621.90     13483.19
      4194304           10       989.99       990.82       990.40     16932.66

#----------------------------------------------------------------
# Benchmarking Allreduce 
# #processes = 2 
#----------------------------------------------------------------
       #bytes #repetitions  t_min[usec]  t_max[usec]  t_avg[usec]
            0         1000         0.62         0.64         0.63
            4         1000         8.16         8.26         8.21
            8         1000         7.97         8.02         7.99
           16         1000        11.61        11.69        11.65
           32         1000        11.62        11.65        11.64
           64         1000        11.37        11.38        11.37
          128         1000        12.54        12.55        12.55
          256         1000        12.76        12.78        12.77
          512         1000        12.72        12.72        12.72
         1024         1000        13.25        13.25        13.25
         2048         1000        13.90        13.95        13.93
         4096         1000        16.64        16.84        16.74
         8192         1000        27.98        28.07        28.03
        16384         1000        26.19        26.42        26.31
        32768         1000        46.83        46.86        46.84
        65536          640        66.81        66.92        66.86
       131072          320       109.71       109.76       109.73
       262144          160       232.69       266.16       249.42
       524288           80       463.27       470.54       466.91
      1048576           40       763.58       801.28       782.43
      2097152           20      1239.57      1255.46      1247.52
      4194304           10      7264.42      7294.54      7279.48

#----------------------------------------------------------------
# Benchmarking Reduce 
# #processes = 2 
#----------------------------------------------------------------
       #bytes #repetitions  t_min[usec]  t_max[usec]  t_avg[usec]
            0         1000         0.77         0.81         0.79
            4         1000         5.56         7.62         6.59
            8         1000         5.55         7.53         6.54
           16         1000         9.55        10.50        10.02
           32         1000         9.49        10.47         9.98
           64         1000         9.25        10.23         9.74
          128         1000        10.18        11.11        10.65
          256         1000        10.20        11.14        10.67
          512         1000        10.24        11.25        10.75
         1024         1000        10.44        11.37        10.90
         2048         1000        11.04        11.80        11.42
         4096         1000        12.55        13.08        12.82
         8192         1000        14.31        14.52        14.41
        16384         1000        19.01        20.50        19.75
        32768         1000        25.47        29.52        27.50
        65536          640        34.63        43.23        38.93
       131072          320        91.07        92.96        92.01
       262144          160       189.58       192.03       190.81
       524288           80       390.30       395.19       392.74
      1048576           40       768.30       771.17       769.73
      2097152           20      1513.43      1514.91      1514.17
      4194304           10      2991.41      2995.30      2993.36

#----------------------------------------------------------------
# Benchmarking Reduce_scatter 
# #processes = 2 
#----------------------------------------------------------------
       #bytes #repetitions  t_min[usec]  t_max[usec]  t_avg[usec]
            0         1000         1.53         1.57         1.55
            4         1000         7.91         8.11         8.01
            8         1000         8.17         8.29         8.23
           16         1000         8.28         8.32         8.30
           32         1000        11.70        11.74        11.72
           64         1000        11.64        11.79        11.71
          128         1000        11.29        11.31        11.30
          256         1000        12.69        12.76        12.73
          512         1000        12.87        13.03        12.95
         1024         1000        13.07        13.31        13.19
         2048         1000        13.50        13.58        13.54
         4096         1000        14.36        14.45        14.41
         8192         1000        16.59        16.62        16.61
        16384         1000        20.53        20.63        20.58
        32768         1000        26.64        26.74        26.69
        65536          640        38.47        38.49        38.48
       131072          320        60.15        60.51        60.33
       262144          160        97.89        98.88        98.39
       524288           80       209.44       215.52       212.48
      1048576           40       446.81       446.89       446.85
      2097152           20       790.18       821.48       805.83
      4194304           10      1410.34      1436.38      1423.36

#----------------------------------------------------------------
# Benchmarking Allgather 
# #processes = 2 
#----------------------------------------------------------------
       #bytes #repetitions  t_min[usec]  t_max[usec]  t_avg[usec]
            0         1000         0.63         0.66         0.65
            1         1000         5.64         5.68         5.66
            2         1000         5.80         5.89         5.85
            4         1000         5.75         5.76         5.76
            8         1000         5.76         5.79         5.77
           16         1000         9.38         9.50         9.44
           32         1000         9.44         9.51         9.47
           64         1000         9.11         9.15         9.13
          128         1000         9.59         9.61         9.60
          256         1000         9.68         9.78         9.73
          512         1000         9.83         9.92         9.88
         1024         1000        10.15        10.27        10.21
         2048         1000        10.58        10.64        10.61
         4096         1000        12.61        12.73        12.67
         8192         1000        16.30        16.38        16.34
        16384         1000        20.48        20.51        20.50
        32768         1000        30.20        30.25        30.23
        65536          640        46.17        46.51        46.34
       131072          320        84.39        85.36        84.87
       262144          160       125.58       133.70       129.64
       524288           80       257.25       282.88       270.07
      1048576           40       412.27       452.55       432.41
      2097152           20       727.92       734.60       731.26
      4194304           10      1275.49      1296.28      1285.89

#----------------------------------------------------------------
# Benchmarking Allgatherv 
# #processes = 2 
#----------------------------------------------------------------
       #bytes #repetitions  t_min[usec]  t_max[usec]  t_avg[usec]
            0         1000         0.79         0.80         0.79
            1         1000         6.81         6.82         6.81
            2         1000         6.83         6.87         6.85
            4         1000         6.87         6.92         6.89
            8         1000         6.91         6.92         6.92
           16         1000        10.27        10.27        10.27
           32         1000        10.20        10.22        10.21
           64         1000         9.81         9.85         9.83
          128         1000        10.23        10.28        10.26
          256         1000        10.32        10.35        10.34
          512         1000        10.50        10.62        10.56
         1024         1000        10.89        10.89        10.89
         2048         1000        11.32        11.42        11.37
         4096         1000        13.57        13.57        13.57
         8192         1000        16.37        16.45        16.41
        16384         1000        21.02        21.13        21.08
        32768         1000        30.25        30.43        30.34
        65536          640        47.06        47.09        47.08
       131072          320        89.39        89.58        89.49
       262144          160       122.76       132.13       127.45
       524288           80       260.90       292.70       276.80
      1048576           40       411.96       454.06       433.01
      2097152           20       696.59       715.91       706.25
      4194304           10      1274.06      1300.19      1287.13

#----------------------------------------------------------------
# Benchmarking Gather 
# #processes = 2 
#----------------------------------------------------------------
       #bytes #repetitions  t_min[usec]  t_max[usec]  t_avg[usec]
            0         1000         0.72         0.74         0.73
            1         1000         3.01         5.53         4.27
            2         1000         2.98         5.47         4.23
            4         1000         2.99         5.55         4.27
            8         1000         2.96         5.54         4.25
           16         1000         8.19         9.42         8.80
           32         1000         8.32         9.52         8.92
           64         1000         7.97         9.08         8.53
          128         1000         7.52         8.05         7.79
          256         1000         7.61         8.09         7.85
          512         1000         7.70         8.22         7.96
         1024         1000         7.94         8.77         8.35
         2048         1000         8.30         9.28         8.79
         4096         1000         9.93        11.02        10.48
         8192         1000        11.06        11.79        11.42
        16384         1000        13.83        14.47        14.15
        32768         1000        17.38        18.59        17.98
        65536          640        26.78        27.98        27.38
       131072          320        49.69        51.36        50.53
       262144          160        69.98        82.46        76.22
       524288           80       186.54       191.10       188.82
      1048576           40       349.22       351.73       350.48
      2097152           20       626.98       627.04       627.01
      4194304           10      1202.96      1204.32      1203.64

#----------------------------------------------------------------
# Benchmarking Gatherv 
# #processes = 2 
#----------------------------------------------------------------
       #bytes #repetitions  t_min[usec]  t_max[usec]  t_avg[usec]
            0         1000         0.79         1.77         1.28
            1         1000         2.95         5.66         4.30
            2         1000         2.89         5.61         4.25
            4         1000         2.83         5.54         4.18
            8         1000         2.81         5.58         4.20
           16         1000         7.54         8.02         7.78
           32         1000         7.51         7.99         7.75
           64         1000         7.41         7.93         7.67
          128         1000         9.28         9.50         9.39
          256         1000         7.77         8.34         8.06
          512         1000         8.10         8.64         8.37
         1024         1000         8.05         8.57         8.31
         2048         1000         8.33         8.79         8.56
         4096         1000         9.91        10.49        10.20
         8192         1000        11.59        12.05        11.82
        16384         1000        13.95        14.41        14.18
        32768         1000        18.96        19.69        19.32
        65536          640        27.88        28.96        28.42
       131072          320        46.26        47.48        46.87
       262144          160        76.60        87.80        82.20
       524288           80       190.60       192.69       191.64
      1048576           40       353.82       356.50       355.16
      2097152           20       633.44       635.37       634.41
      4194304           10      1208.57      1212.12      1210.34

#----------------------------------------------------------------
# Benchmarking Scatter 
# #processes = 2 
#----------------------------------------------------------------
       #bytes #repetitions  t_min[usec]  t_max[usec]  t_avg[usec]
            0         1000         0.76         0.78         0.77
            1         1000         4.06         5.87         4.97
            2         1000         4.14         5.83         4.99
            4         1000         4.11         5.88         4.99
            8         1000         4.10         5.89         4.99
           16         1000         8.04         9.31         8.68
           32         1000         8.04         9.28         8.66
           64         1000         7.78         8.97         8.37
          128         1000         8.11         9.31         8.71
          256         1000         9.76        11.81        10.79
          512         1000         8.18         9.52         8.85
         1024         1000         8.51         9.70         9.11
         2048         1000         9.03        10.28         9.66
         4096         1000        10.40        11.93        11.16
         8192         1000        11.76        13.51        12.63
        16384         1000        13.78        15.67        14.72
        32768         1000        18.01        20.69        19.35
        65536          640        26.25        31.00        28.63
       131072          320        56.97        59.08        58.03
       262144          160        86.13       101.44        93.78
       524288           80       207.24       231.78       219.51
      1048576           40       173.37       389.42       281.40
      2097152           20       652.21       685.18       668.69
      4194304           10      1214.53      1243.90      1229.21

#----------------------------------------------------------------
# Benchmarking Scatterv 
# #processes = 2 
#----------------------------------------------------------------
       #bytes #repetitions  t_min[usec]  t_max[usec]  t_avg[usec]
            0         1000         0.84         1.70         1.27
            1         1000         4.96         6.03         5.49
            2         1000         5.01         5.98         5.49
            4         1000         4.93         5.83         5.38
            8         1000         4.95         5.93         5.44
           16         1000         8.02         9.45         8.74
           32         1000         8.06         9.49         8.77
           64         1000         7.82         9.23         8.52
          128         1000         8.04         9.57         8.80
          256         1000         8.19         9.57         8.88
          512         1000         8.32         9.79         9.05
         1024         1000         8.63        10.10         9.36
         2048         1000         9.81        11.35        10.58
         4096         1000        10.95        12.38        11.66
         8192         1000        12.32        13.89        13.10
        16384         1000        14.74        16.30        15.52
        32768         1000        19.79        21.41        20.60
        65536          640        29.44        31.31        30.38
       131072          320        53.35        55.64        54.50
       262144          160        86.29       105.19        95.74
       524288           80       206.88       229.97       218.43
      1048576           40       375.65       403.16       389.40
      2097152           20       668.49       699.21       683.85
      4194304           10      1216.01      1248.69      1232.35

#----------------------------------------------------------------
# Benchmarking Alltoall 
# #processes = 2 
#----------------------------------------------------------------
       #bytes #repetitions  t_min[usec]  t_max[usec]  t_avg[usec]
            0         1000         0.67         0.69         0.68
            1         1000         6.14         6.17         6.15
            2         1000         6.21         6.21         6.21
            4         1000         6.25         6.26         6.26
            8         1000         6.28         6.29         6.29
           16         1000         9.62         9.70         9.66
           32         1000         9.62         9.62         9.62
           64         1000         9.27         9.31         9.29
          128         1000         9.77         9.81         9.79
          256         1000         9.86        10.08         9.97
          512         1000        10.07        10.15        10.11
         1024         1000        10.40        10.43        10.42
         2048         1000        10.86        10.93        10.90
         4096         1000        12.93        12.93        12.93
         8192         1000        15.91        15.99        15.95
        16384         1000        20.26        20.30        20.28
        32768         1000        29.45        29.61        29.53
        65536          640        46.43        46.46        46.44
       131072          320        74.43        75.12        74.78
       262144          160        97.79       104.47       101.13
       524288           80       247.33       274.02       260.67
      1048576           40       405.72       438.85       422.29
      2097152           20       722.84       735.60       729.22
      4194304           10      1272.89      1294.35      1283.62

#----------------------------------------------------------------
# Benchmarking Alltoallv 
# #processes = 2 
#----------------------------------------------------------------
       #bytes #repetitions  t_min[usec]  t_max[usec]  t_avg[usec]
            0         1000         2.56         2.65         2.60
            1         1000        10.33        10.63        10.48
            2         1000        10.67        10.93        10.80
            4         1000        10.42        10.59        10.50
            8         1000        10.31        10.63        10.47
           16         1000        13.43        13.54        13.48
           32         1000        13.28        13.48        13.38
           64         1000        13.07        13.27        13.17
          128         1000        13.53        13.73        13.63
          256         1000        13.62        13.83        13.72
          512         1000        13.86        14.05        13.95
         1024         1000        14.15        15.57        14.86
         2048         1000        14.65        14.74        14.69
         4096         1000        16.93        17.00        16.97
         8192         1000        20.36        20.51        20.44
        16384         1000        24.90        25.05        24.97
        32768         1000        34.15        34.24        34.19
        65536          640        50.76        50.90        50.83
       131072          320        80.19        80.42        80.31
       262144          160       107.69       113.67       110.68
       524288           80       254.38       291.81       273.10
      1048576           40       413.55       447.90       430.72
      2097152           20       695.44       717.37       706.40
      4194304           10      1280.71      1299.12      1289.92

#----------------------------------------------------------------
# Benchmarking Bcast 
# #processes = 2 
#----------------------------------------------------------------
       #bytes #repetitions  t_min[usec]  t_max[usec]  t_avg[usec]
            0         1000         0.54         0.56         0.55
            1         1000         4.28         6.38         5.33
            2         1000         3.84         5.84         4.84
            4         1000         3.85         5.81         4.83
            8         1000         3.87         5.90         4.88
           16         1000         7.84         8.73         8.29
           32         1000         7.71         8.87         8.29
           64         1000         7.62         8.68         8.15
          128         1000         7.62         8.76         8.19
          256         1000         7.70         8.80         8.25
          512         1000         7.86         8.99         8.42
         1024         1000         8.57         9.30         8.94
         2048         1000         8.39         9.54         8.97
         4096         1000        10.03        11.14        10.59
         8192         1000        11.36        12.47        11.91
        16384         1000        13.31        14.33        13.82
        32768         1000        17.59        18.78        18.19
        65536          640        25.20        26.59        25.90
       131072          320        48.36        49.75        49.06
       262144          160        53.16        66.98        60.07
       524288           80        75.70        85.54        80.62
      1048576           40       119.99       128.29       124.14
      2097152           20       206.32       217.57       211.94
      4194304           10       379.13       385.98       382.55

#---------------------------------------------------
# Benchmarking Barrier 
# #processes = 2 
#---------------------------------------------------
 #repetitions  t_min[usec]  t_max[usec]  t_avg[usec]
         1000         3.48         3.48         3.48


# All processes entering MPI_Finalize

