#------------------------------------------------------------
#    Intel (R) MPI Benchmarks 2018 Update 1, MPI-1 part    
#------------------------------------------------------------
# Date                  : Thu Nov 30 16:02:21 2017
# Machine               : x86_64
# System                : Linux
# Release               : 4.4.74-92.35-default
# Version               : #1 SMP Mon Aug 7 18:24:48 UTC 2017 (c0fdc47)
# MPI Version           : 3.1
# MPI Thread Environment: 


# Calling sequence was: 

# ./IMB-MPI1

# Minimum message length in bytes:   0
# Maximum message length in bytes:   4194304
#
# MPI_Datatype                   :   MPI_BYTE 
# MPI_Datatype for reductions    :   MPI_FLOAT
# MPI_Op                         :   MPI_SUM  
#
#

# List of Benchmarks to run:

# PingPong
# PingPing
# Sendrecv
# Exchange
# Allreduce
# Reduce
# Reduce_scatter
# Allgather
# Allgatherv
# Gather
# Gatherv
# Scatter
# Scatterv
# Alltoall
# Alltoallv
# Bcast
# Barrier

#---------------------------------------------------
# Benchmarking PingPong 
# #processes = 2 
# ( 2 additional processes waiting in MPI_Barrier)
#---------------------------------------------------
       #bytes #repetitions      t[usec]   Mbytes/sec
            0         1000         3.28         0.00
            1         1000         3.34         0.30
            2         1000         3.31         0.60
            4         1000         3.29         1.21
            8         1000         3.28         2.44
           16         1000         5.12         3.12
           32         1000         5.12         6.25
           64         1000         4.94        12.95
          128         1000         5.01        25.54
          256         1000         5.06        50.57
          512         1000         5.19        98.61
         1024         1000         5.44       188.17
         2048         1000         5.88       348.57
         4096         1000         7.19       569.63
         8192         1000         8.69       942.59
        16384         1000        10.70      1531.15
        32768         1000        15.41      2126.55
        65536          640        24.43      2683.06
       131072          320        47.05      2785.80
       262144          160        66.62      3934.95
       524288           80        89.27      5873.07
      1048576           40       141.21      7425.53
      2097152           20       227.33      9225.30
      4194304           10      2858.71      1467.20

#---------------------------------------------------
# Benchmarking PingPing 
# #processes = 2 
# ( 2 additional processes waiting in MPI_Barrier)
#---------------------------------------------------
       #bytes #repetitions      t[usec]   Mbytes/sec
            0         1000         3.75         0.00
            1         1000         3.83         0.26
            2         1000         3.89         0.51
            4         1000         3.84         1.04
            8         1000         3.80         2.11
           16         1000         7.30         2.19
           32         1000         7.26         4.41
           64         1000         7.04         9.10
          128         1000         7.15        17.91
          256         1000         7.28        35.16
          512         1000         7.48        68.47
         1024         1000         7.79       131.50
         2048         1000         8.14       251.51
         4096         1000        10.20       401.76
         8192         1000        13.47       608.26
        16384         1000        17.10       958.19
        32768         1000        26.73      1225.94
        65536          640        43.15      1518.69
       131072          320        58.54      2238.99
       262144          160        70.37      3725.26
       524288           80        92.41      5673.43
      1048576           40       152.13      6892.68
      2097152           20      2275.71       921.54
      4194304           10      5455.42       768.83

#-----------------------------------------------------------------------------
# Benchmarking Sendrecv 
# #processes = 2 
# ( 2 additional processes waiting in MPI_Barrier)
#-----------------------------------------------------------------------------
       #bytes #repetitions  t_min[usec]  t_max[usec]  t_avg[usec]   Mbytes/sec
            0         1000         3.28         3.28         3.28         0.00
            1         1000         3.24         3.24         3.24         0.62
            2         1000         3.24         3.24         3.24         1.23
            4         1000         3.23         3.23         3.23         2.48
            8         1000         3.22         3.23         3.22         4.96
           16         1000         6.09         6.09         6.09         5.26
           32         1000         6.05         6.05         6.05        10.58
           64         1000         5.85         5.85         5.85        21.86
          128         1000         5.95         5.95         5.95        43.03
          256         1000         6.02         6.02         6.02        85.01
          512         1000         6.21         6.21         6.21       164.79
         1024         1000         6.53         6.53         6.53       313.67
         2048         1000         7.05         7.05         7.05       581.07
         4096         1000         8.88         8.88         8.88       922.21
         8192         1000        11.18        11.18        11.18      1465.73
        16384         1000        15.22        15.22        15.22      2152.53
        32768         1000        24.74        24.74        24.74      2648.99
        65536          640        41.62        41.63        41.62      3148.77
       131072          320        58.26        58.26        58.26      4499.34
       262144          160        92.05        92.10        92.07      5692.90
       524288           80       118.93       118.95       118.94      8815.27
      1048576           40       170.48       170.55       170.51     12296.21
      2097152           20      2411.35      2414.60      2412.97      1737.06
      4194304           10      5611.30      5612.99      5612.15      1494.50

#-----------------------------------------------------------------------------
# Benchmarking Sendrecv 
# #processes = 4 
#-----------------------------------------------------------------------------
       #bytes #repetitions  t_min[usec]  t_max[usec]  t_avg[usec]   Mbytes/sec
            0         1000         3.21         3.21         3.21         0.00
            1         1000         3.15         3.15         3.15         0.63
            2         1000         3.24         3.24         3.24         1.24
            4         1000         3.26         3.26         3.26         2.45
            8         1000         3.13         3.13         3.13         5.11
           16         1000         6.56         6.56         6.56         4.87
           32         1000         6.55         6.55         6.55         9.77
           64         1000         6.40         6.40         6.40        19.99
          128         1000         6.58         6.58         6.58        38.88
          256         1000         6.47         6.47         6.47        79.10
          512         1000         6.82         6.82         6.82       150.10
         1024         1000         6.89         6.90         6.89       297.02
         2048         1000         8.45         8.45         8.45       484.68
         4096         1000        10.40        10.40        10.40       787.62
         8192         1000        13.29        13.29        13.29      1232.44
        16384         1000        19.51        19.53        19.52      1677.82
        32768         1000        31.19        31.22        31.21      2099.44
        65536          640        50.06        50.11        50.08      2615.88
       131072          320        68.27        68.40        68.35      3832.34
       262144          160       137.51       137.95       137.65      3800.59
       524288           80       158.51       159.94       159.18      6556.18
      1048576           40       231.07       232.75       231.68      9010.31
      2097152           20      2341.84      2452.16      2423.62      1710.45
      4194304           10      5268.31      5492.12      5431.23      1527.39

#-----------------------------------------------------------------------------
# Benchmarking Exchange 
# #processes = 2 
# ( 2 additional processes waiting in MPI_Barrier)
#-----------------------------------------------------------------------------
       #bytes #repetitions  t_min[usec]  t_max[usec]  t_avg[usec]   Mbytes/sec
            0         1000         7.12         7.12         7.12         0.00
            1         1000         7.89         7.89         7.89         0.51
            2         1000         7.88         7.88         7.88         1.02
            4         1000         7.96         7.96         7.96         2.01
            8         1000         7.97         7.97         7.97         4.02
           16         1000        11.51        11.51        11.51         5.56
           32         1000        11.49        11.49        11.49        11.14
           64         1000        12.74        12.75        12.74        20.09
          128         1000        11.48        11.48        11.48        44.59
          256         1000        11.69        11.69        11.69        87.59
          512         1000        11.76        11.76        11.76       174.09
         1024         1000        12.22        12.22        12.22       335.13
         2048         1000        13.13        13.13        13.13       623.77
         4096         1000        18.25        18.25        18.25       897.55
         8192         1000        24.93        24.93        24.93      1314.24
        16384         1000        35.02        35.02        35.02      1871.33
        32768         1000        52.24        52.24        52.24      2508.83
        65536          640        86.94        86.94        86.94      3015.10
       131072          320       116.34       116.35       116.35      4506.11
       262144          160       142.94       142.94       142.94      7335.58
       524288           80       236.03       236.12       236.07      8881.58
      1048576           40       360.48       360.60       360.54     11631.39
      2097152           20      4650.14      4650.29      4650.22      1803.89
      4194304           10     10847.81     10849.21     10848.51      1546.40

#-----------------------------------------------------------------------------
# Benchmarking Exchange 
# #processes = 4 
#-----------------------------------------------------------------------------
       #bytes #repetitions  t_min[usec]  t_max[usec]  t_avg[usec]   Mbytes/sec
            0         1000         7.67         7.67         7.67         0.00
            1         1000         8.29         8.29         8.29         0.48
            2         1000         8.34         8.35         8.34         0.96
            4         1000         8.47         8.47         8.47         1.89
            8         1000         8.43         8.43         8.43         3.79
           16         1000        12.77        12.78        12.77         5.01
           32         1000        12.86        12.86        12.86         9.95
           64         1000        12.34        12.34        12.34        20.74
          128         1000        12.59        12.60        12.60        40.64
          256         1000        12.54        12.55        12.55        81.61
          512         1000        13.00        13.00        13.00       157.56
         1024         1000        13.64        13.64        13.64       300.36
         2048         1000        14.53        14.53        14.53       563.80
         4096         1000        19.37        19.39        19.38       845.01
         8192         1000        25.21        25.21        25.21      1299.55
        16384         1000        37.18        37.19        37.19      1762.11
        32768         1000        56.57        56.58        56.58      2316.42
        65536          640        95.16        95.19        95.18      2753.92
       131072          320       150.68       150.78       150.71      3477.08
       262144          160       255.44       256.04       255.71      4095.40
       524288           80       299.99       300.71       300.22      6973.90
      1048576           40       425.42       428.53       427.37      9787.71
      2097152           20      4593.96      4741.55      4677.09      1769.17
      4194304           10     10609.79     11052.58     10888.45      1517.95

#----------------------------------------------------------------
# Benchmarking Allreduce 
# #processes = 2 
# ( 2 additional processes waiting in MPI_Barrier)
#----------------------------------------------------------------
       #bytes #repetitions  t_min[usec]  t_max[usec]  t_avg[usec]
            0         1000         0.62         0.63         0.62
            4         1000         8.13         8.24         8.19
            8         1000         8.13         8.19         8.16
           16         1000        11.77        11.78        11.77
           32         1000        11.68        11.76        11.72
           64         1000        11.41        11.49        11.45
          128         1000        12.53        12.61        12.57
          256         1000        12.86        12.87        12.86
          512         1000        12.89        12.92        12.90
         1024         1000        13.31        13.38        13.34
         2048         1000        14.13        14.18        14.15
         4096         1000        16.48        16.50        16.49
         8192         1000        28.12        28.26        28.19
        16384         1000        26.80        26.82        26.81
        32768         1000        45.16        45.26        45.21
        65536          640        68.41        68.46        68.44
       131072          320       112.26       112.35       112.30
       262144          160       272.53       275.84       274.18
       524288           80       545.61       549.44       547.53
      1048576           40       866.57       871.52       869.04
      2097152           20      4098.88      4115.75      4107.31
      4194304           10      8093.83      8095.22      8094.53

#----------------------------------------------------------------
# Benchmarking Allreduce 
# #processes = 4 
#----------------------------------------------------------------
       #bytes #repetitions  t_min[usec]  t_max[usec]  t_avg[usec]
            0         1000         0.75         0.78         0.76
            4         1000        12.62        13.14        12.96
            8         1000        12.70        13.09        12.97
           16         1000        19.17        19.28        19.22
           32         1000        19.16        19.28        19.21
           64         1000        18.77        18.84        18.81
          128         1000        20.12        20.16        20.13
          256         1000        20.29        20.45        20.36
          512         1000        20.76        20.87        20.82
         1024         1000        21.42        21.59        21.53
         2048         1000        22.77        22.96        22.85
         4096         1000        27.52        27.54        27.53
         8192         1000        34.37        35.34        34.78
        16384         1000        46.66        46.94        46.81
        32768         1000        71.24        72.62        71.88
        65536          640       114.19       116.82       115.64
       131072          320       181.71       182.74       182.40
       262144          160       370.24       372.35       371.42
       524288           80       875.01       935.82       908.58
      1048576           40      1246.60      1324.86      1288.77
      2097152           20      8180.42      8225.05      8204.49
      4194304           10     29335.38     44809.08     37061.21

#----------------------------------------------------------------
# Benchmarking Reduce 
# #processes = 2 
# ( 2 additional processes waiting in MPI_Barrier)
#----------------------------------------------------------------
       #bytes #repetitions  t_min[usec]  t_max[usec]  t_avg[usec]
            0         1000         0.77         0.81         0.79
            4         1000         5.47         7.66         6.57
            8         1000         5.57         7.60         6.58
           16         1000         9.65        10.70        10.18
           32         1000         9.58        10.66        10.12
           64         1000         9.41        10.39         9.90
          128         1000        10.22        11.29        10.76
          256         1000        10.20        11.20        10.70
          512         1000        10.21        11.32        10.76
         1024         1000        10.39        11.33        10.86
         2048         1000        10.99        11.84        11.42
         4096         1000        12.59        13.08        12.83
         8192         1000        14.38        14.58        14.48
        16384         1000        19.33        20.64        19.98
        32768         1000        24.54        28.27        26.40
        65536          640        34.85        43.21        39.03
       131072          320        93.12        95.14        94.13
       262144          160       193.16       196.40       194.78
       524288           80       393.38       400.03       396.71
      1048576           40       784.22       789.29       786.76
      2097152           20      1565.72      1570.01      1567.86
      4194304           10      3092.81      3097.77      3095.29

#----------------------------------------------------------------
# Benchmarking Reduce 
# #processes = 4 
#----------------------------------------------------------------
       #bytes #repetitions  t_min[usec]  t_max[usec]  t_avg[usec]
            0         1000         0.92         0.98         0.94
            4         1000         6.50        14.96        10.31
            8         1000         6.55        15.15        10.43
           16         1000        11.55        18.07        14.27
           32         1000        11.53        18.12        14.32
           64         1000        11.14        17.98        14.03
          128         1000        12.59        19.28        15.48
          256         1000        12.61        19.00        15.29
          512         1000        13.09        19.73        15.98
         1024         1000        15.00        18.43        16.11
         2048         1000        16.26        20.30        17.32
         4096         1000        19.34        24.99        21.96
         8192         1000        16.82        30.47        23.46
        16384         1000        19.81        38.22        28.82
        32768         1000        24.93        53.55        38.24
        65536          640        36.28        84.39        57.79
       131072          320       157.04       187.53       174.80
       262144          160       319.12       362.65       341.35
       524288           80       744.04       823.39       788.29
      1048576           40      1526.16      1611.47      1580.61
      2097152           20      3047.31      3171.93      3131.52
      4194304           10      6132.10      6327.84      6270.68

#----------------------------------------------------------------
# Benchmarking Reduce_scatter 
# #processes = 2 
# ( 2 additional processes waiting in MPI_Barrier)
#----------------------------------------------------------------
       #bytes #repetitions  t_min[usec]  t_max[usec]  t_avg[usec]
            0         1000         1.52         1.57         1.55
            4         1000         7.96         8.26         8.11
            8         1000         8.40         8.42         8.41
           16         1000         8.40         8.41         8.40
           32         1000        11.76        11.91        11.83
           64         1000        11.78        11.78        11.78
          128         1000        11.38        11.53        11.45
          256         1000        12.65        13.11        12.88
          512         1000        12.81        13.26        13.03
         1024         1000        13.06        13.42        13.24
         2048         1000        13.59        13.66        13.63
         4096         1000        14.49        14.51        14.50
         8192         1000        16.74        16.76        16.75
        16384         1000        20.47        20.48        20.47
        32768         1000        27.37        27.54        27.46
        65536          640        39.05        39.19        39.12
       131072          320        61.69        61.92        61.81
       262144          160       111.06       113.60       112.33
       524288           80       252.84       253.36       253.10
      1048576           40       506.27       512.33       509.30
      2097152           20       853.36       853.54       853.45
      4194304           10      4290.44      4293.30      4291.87

#----------------------------------------------------------------
# Benchmarking Reduce_scatter 
# #processes = 4 
#----------------------------------------------------------------
       #bytes #repetitions  t_min[usec]  t_max[usec]  t_avg[usec]
            0         1000         1.69         1.71         1.70
            4         1000         7.08        16.01        10.97
            8         1000         6.99        17.04        11.83
           16         1000        14.37        14.79        14.57
           32         1000        19.05        19.76        19.43
           64         1000        20.36        20.56        20.45
          128         1000        21.18        21.46        21.35
          256         1000        20.92        21.25        21.10
          512         1000        21.81        22.06        21.97
         1024         1000        21.89        22.21        22.02
         2048         1000        22.57        22.72        22.64
         4096         1000        23.62        23.84        23.75
         8192         1000        28.70        29.00        28.88
        16384         1000        35.05        35.85        35.48
        32768         1000        45.05        46.43        45.75
        65536          640        66.47        69.31        67.62
       131072          320       104.01       104.75       104.38
       262144          160       186.26       188.12       187.09
       524288           80       424.80       438.96       433.78
      1048576           40       701.97       726.84       714.09
      2097152           20      1279.59      1298.42      1289.75
      4194304           10      2109.12      2120.73      2112.76

#----------------------------------------------------------------
# Benchmarking Allgather 
# #processes = 2 
# ( 2 additional processes waiting in MPI_Barrier)
#----------------------------------------------------------------
       #bytes #repetitions  t_min[usec]  t_max[usec]  t_avg[usec]
            0         1000         0.62         0.65         0.64
            1         1000         5.80         5.85         5.83
            2         1000         6.03         6.11         6.07
            4         1000         5.83         5.94         5.88
            8         1000         5.94         5.99         5.96
           16         1000         9.46         9.63         9.54
           32         1000         9.52         9.60         9.56
           64         1000         9.21         9.29         9.25
          128         1000         9.70         9.70         9.70
          256         1000         9.84         9.96         9.90
          512         1000         9.98        10.00         9.99
         1024         1000        10.22        10.28        10.25
         2048         1000        10.60        10.79        10.70
         4096         1000        12.93        12.95        12.94
         8192         1000        16.00        16.00        16.00
        16384         1000        20.82        20.99        20.90
        32768         1000        30.16        30.31        30.24
        65536          640        47.50        47.64        47.57
       131072          320        87.38        87.59        87.48
       262144          160       124.61       125.42       125.02
       524288           80       277.99       289.02       283.51
      1048576           40       473.36       482.37       477.87
      2097152           20      3255.06      3303.07      3279.07
      4194304           10      5960.30      5983.26      5971.78

#----------------------------------------------------------------
# Benchmarking Allgather 
# #processes = 4 
#----------------------------------------------------------------
       #bytes #repetitions  t_min[usec]  t_max[usec]  t_avg[usec]
            0         1000         0.78         0.81         0.79
            1         1000        10.07        10.94        10.55
            2         1000        10.36        10.72        10.54
            4         1000        10.25        10.93        10.59
            8         1000        13.82        14.63        14.23
           16         1000        16.69        16.82        16.76
           32         1000        16.59        16.91        16.75
           64         1000        16.26        16.49        16.37
          128         1000        17.00        17.05        17.03
          256         1000        17.19        17.20        17.20
          512         1000        17.94        18.06        18.00
         1024         1000        18.60        18.69        18.66
         2048         1000        21.58        22.05        21.74
         4096         1000        25.92        26.06        25.98
         8192         1000        33.60        33.87        33.71
        16384         1000        46.95        47.54        47.20
        32768         1000        73.78        74.30        74.11
        65536          640       138.27       138.81       138.52
       131072          320       238.36       255.15       247.80
       262144          160       261.26       310.32       290.90
       524288           80       390.38       406.16       399.10
      1048576           40      2781.90     10358.54      6571.38
      2097152           20      7902.11      8371.11      8134.42
      4194304           10     16482.21     25093.10     20786.20

#----------------------------------------------------------------
# Benchmarking Allgatherv 
# #processes = 2 
# ( 2 additional processes waiting in MPI_Barrier)
#----------------------------------------------------------------
       #bytes #repetitions  t_min[usec]  t_max[usec]  t_avg[usec]
            0         1000         0.79         0.81         0.80
            1         1000         6.79         6.93         6.86
            2         1000         7.13         7.14         7.14
            4         1000         7.00         7.17         7.08
            8         1000         7.11         7.12         7.11
           16         1000        10.41        10.44        10.42
           32         1000        10.35        10.38        10.36
           64         1000        10.15        10.15        10.15
          128         1000        10.61        10.72        10.67
          256         1000        10.51        10.53        10.52
          512         1000        10.75        10.75        10.75
         1024         1000        11.07        11.11        11.09
         2048         1000        11.49        11.60        11.55
         4096         1000        13.87        14.04        13.96
         8192         1000        16.90        16.93        16.92
        16384         1000        21.64        21.72        21.68
        32768         1000        31.08        31.21        31.15
        65536          640        48.66        48.67        48.66
       131072          320        88.57        88.74        88.65
       262144          160       120.78       121.89       121.33
       524288           80       287.83       295.77       291.80
      1048576           40       486.09       505.60       495.85
      2097152           20      3122.06      3192.26      3157.16
      4194304           10      5934.50      5955.79      5945.15

#----------------------------------------------------------------
# Benchmarking Allgatherv 
# #processes = 4 
#----------------------------------------------------------------
       #bytes #repetitions  t_min[usec]  t_max[usec]  t_avg[usec]
            0         1000         0.95         0.96         0.96
            1         1000        13.05        13.24        13.15
            2         1000        12.86        13.39        13.11
            4         1000        13.14        13.32        13.22
            8         1000        16.64        17.10        16.89
           16         1000        19.07        19.36        19.21
           32         1000        19.53        19.65        19.58
           64         1000        19.51        19.62        19.56
          128         1000        20.20        20.25        20.22
          256         1000        20.41        20.61        20.53
          512         1000        21.01        21.04        21.03
         1024         1000        21.78        22.07        21.92
         2048         1000        25.25        25.59        25.42
         4096         1000        29.93        30.14        30.08
         8192         1000        39.00        39.20        39.08
        16384         1000        54.12        54.63        54.35
        32768         1000        83.17        83.42        83.30
        65536          640       139.54       142.10       140.84
       131072          320       356.06       395.63       377.41
       262144          160       391.32       464.04       439.17
       524288           80       624.30       676.78       659.69
      1048576           40       985.76      1041.57      1015.77
      2097152           20      4682.78      5115.78      4895.54
      4194304           10     23528.29     25867.63     24798.92

#----------------------------------------------------------------
# Benchmarking Gather 
# #processes = 2 
# ( 2 additional processes waiting in MPI_Barrier)
#----------------------------------------------------------------
       #bytes #repetitions  t_min[usec]  t_max[usec]  t_avg[usec]
            0         1000         0.72         0.75         0.73
            1         1000         2.97         5.68         4.32
            2         1000         3.06         5.58         4.32
            4         1000         2.96         5.72         4.34
            8         1000         3.01         5.57         4.29
           16         1000         8.42         9.60         9.01
           32         1000         8.39         9.55         8.97
           64         1000         8.17         9.21         8.69
          128         1000         7.58         8.13         7.85
          256         1000         7.63         8.21         7.92
          512         1000         7.76         8.38         8.07
         1024         1000         7.90         8.88         8.39
         2048         1000         8.30         9.27         8.79
         4096         1000        10.17        11.24        10.71
         8192         1000        11.33        12.18        11.76
        16384         1000        14.00        14.79        14.40
        32768         1000        18.07        19.29        18.68
        65536          640        27.64        28.93        28.28
       131072          320        46.82        48.23        47.52
       262144          160        64.91        79.60        72.26
       524288           80       192.61       235.69       214.15
      1048576           40       356.67       416.22       386.44
      2097152           20       639.86       667.77       653.82
      4194304           10      1217.06      1266.60      1241.83

#----------------------------------------------------------------
# Benchmarking Gather 
# #processes = 4 
#----------------------------------------------------------------
       #bytes #repetitions  t_min[usec]  t_max[usec]  t_avg[usec]
            0         1000         0.82         0.86         0.84
            1         1000         3.30         9.91         5.03
            2         1000         3.24         9.60         4.87
            4         1000         3.24         9.77         4.92
            8         1000         3.23         9.61         4.86
           16         1000         9.60        11.00        10.11
           32         1000         9.61        11.00        10.10
           64         1000         9.17        10.49         9.60
          128         1000         9.55        11.01        10.07
          256         1000         9.34        10.89         9.94
          512         1000         9.64        11.36        10.26
         1024         1000        10.10        11.61        10.63
         2048         1000        10.98        12.44        11.47
         4096         1000        13.89        15.50        14.50
         8192         1000        17.45        18.65        17.87
        16384         1000        23.24        24.52        23.89
        32768         1000        35.59        37.15        36.52
        65536          640        61.61        65.23        63.94
       131072          320       124.19       136.51       132.94
       262144          160       107.32       131.36       119.47
       524288           80       271.59       284.96       279.30
      1048576           40       492.33       520.71       510.70
      2097152           20       939.87       966.57       957.48
      4194304           10      1845.69      1877.43      1867.79

#----------------------------------------------------------------
# Benchmarking Gatherv 
# #processes = 2 
# ( 2 additional processes waiting in MPI_Barrier)
#----------------------------------------------------------------
       #bytes #repetitions  t_min[usec]  t_max[usec]  t_avg[usec]
            0         1000         0.82         1.74         1.28
            1         1000         2.81         5.70         4.26
            2         1000         2.89         5.59         4.24
            4         1000         2.80         5.83         4.32
            8         1000         2.84         5.64         4.24
           16         1000         7.61         8.20         7.91
           32         1000         7.58         8.26         7.92
           64         1000         7.45         8.00         7.73
          128         1000         7.90         8.40         8.15
          256         1000         7.87         8.45         8.16
          512         1000         8.22         8.68         8.45
         1024         1000         8.15         8.71         8.43
         2048         1000         8.50         9.02         8.76
         4096         1000         9.99        10.68        10.34
         8192         1000        11.74        12.25        12.00
        16384         1000        14.07        14.59        14.33
        32768         1000        19.06        19.77        19.42
        65536          640        28.60        29.59        29.09
       131072          320        47.01        48.52        47.76
       262144          160        66.88        80.22        73.55
       524288           80       193.26       237.83       215.54
      1048576           40       361.29       419.19       390.24
      2097152           20       651.30       676.81       664.06
      4194304           10      1214.81      1258.21      1236.51

#----------------------------------------------------------------
# Benchmarking Gatherv 
# #processes = 4 
#----------------------------------------------------------------
       #bytes #repetitions  t_min[usec]  t_max[usec]  t_avg[usec]
            0         1000         0.90         2.00         1.20
            1         1000         2.96         9.75         4.70
            2         1000         2.96        10.04         4.79
            4         1000         2.93         9.84         4.70
            8         1000         2.88         9.87         4.71
           16         1000         9.65        10.88        10.13
           32         1000         9.74        10.91        10.17
           64         1000         9.30        10.56         9.76
          128         1000         9.71        11.37        10.29
          256         1000         9.54        11.18        10.13
          512         1000         9.89        11.44        10.43
         1024         1000        10.18        11.76        10.72
         2048         1000        11.00        12.62        11.55
         4096         1000        13.86        15.68        14.70
         8192         1000        17.13        18.73        17.82
        16384         1000        23.36        25.02        24.07
        32768         1000        35.78        37.60        36.77
        65536          640        61.12        64.78        63.58
       131072          320       121.47       134.49       130.14
       262144          160       109.24       126.65       118.00
       524288           80       258.37       283.86       275.35
      1048576           40       482.55       512.73       503.48
      2097152           20       945.48       976.92       966.95
      4194304           10      1844.10      1880.91      1869.20

#----------------------------------------------------------------
# Benchmarking Scatter 
# #processes = 2 
# ( 2 additional processes waiting in MPI_Barrier)
#----------------------------------------------------------------
       #bytes #repetitions  t_min[usec]  t_max[usec]  t_avg[usec]
            0         1000         0.77         0.79         0.78
            1         1000         4.13         5.89         5.01
            2         1000         4.13         5.81         4.97
            4         1000         4.13         5.86         5.00
            8         1000         4.16         5.91         5.04
           16         1000         8.07         9.33         8.70
           32         1000         8.06         9.39         8.72
           64         1000         7.84         9.06         8.45
          128         1000         8.09         9.35         8.72
          256         1000         8.21         9.38         8.79
          512         1000         8.26         9.61         8.93
         1024         1000         8.53         9.88         9.21
         2048         1000         9.03        10.46         9.74
         4096         1000        10.58        12.11        11.34
         8192         1000        12.00        13.61        12.81
        16384         1000        13.97        15.95        14.96
        32768         1000        18.18        21.01        19.59
        65536          640        26.42        31.08        28.75
       131072          320        53.71        55.44        54.57
       262144          160        72.19        88.60        80.39
       524288           80       229.95       293.87       261.91
      1048576           40       199.03       441.63       320.33
      2097152           20      2683.58      2771.85      2727.72
      4194304           10      5184.10      5214.98      5199.54

#----------------------------------------------------------------
# Benchmarking Scatter 
# #processes = 4 
#----------------------------------------------------------------
       #bytes #repetitions  t_min[usec]  t_max[usec]  t_avg[usec]
            0         1000         0.91         0.94         0.93
            1         1000         6.07         7.39         6.73
            2         1000         6.28         7.62         6.87
            4         1000         6.04         7.34         6.71
            8         1000         6.08         7.40         6.72
           16         1000         7.42        11.45         9.07
           32         1000         7.37        11.43         9.01
           64         1000         7.20        11.31         8.89
          128         1000         7.46        11.61         9.14
          256         1000         7.56        11.72         9.25
          512         1000         7.82        11.88         9.54
         1024         1000         8.16        12.08         9.88
         2048         1000         8.78        12.69        10.53
         4096         1000        11.21        15.78        13.27
         8192         1000        12.79        20.70        16.90
        16384         1000        16.44        27.44        22.54
        32768         1000        18.88        42.39        31.51
        65536          640        27.87        67.13        50.47
       131072          320        54.13       131.50        84.93
       262144          160        79.89       196.25       133.52
       524288           80       230.67       375.21       311.11
      1048576           40       387.44       629.07       530.15
      2097152           20       691.25      2686.29      1720.08
      4194304           10      1322.89      5163.79      3309.89

#----------------------------------------------------------------
# Benchmarking Scatterv 
# #processes = 2 
# ( 2 additional processes waiting in MPI_Barrier)
#----------------------------------------------------------------
       #bytes #repetitions  t_min[usec]  t_max[usec]  t_avg[usec]
            0         1000         0.85         1.72         1.28
            1         1000         5.00         5.98         5.49
            2         1000         5.01         5.95         5.48
            4         1000         5.03         6.03         5.53
            8         1000         5.02         6.04         5.53
           16         1000         8.16         9.52         8.84
           32         1000         8.13         9.55         8.84
           64         1000         7.94         9.26         8.60
          128         1000         8.14         9.58         8.86
          256         1000         8.22         9.68         8.95
          512         1000         8.47         9.94         9.20
         1024         1000         8.73        10.22         9.47
         2048         1000         9.20        10.65         9.93
         4096         1000        11.15        12.57        11.86
         8192         1000        12.57        14.18        13.38
        16384         1000        15.29        16.74        16.01
        32768         1000        20.76        22.26        21.51
        65536          640        30.36        31.92        31.14
       131072          320        53.55        55.94        54.75
       262144          160        90.61       131.95       111.28
       524288           80       223.84       289.74       256.79
      1048576           40       422.42       468.81       445.62
      2097152           20      2693.07      2773.81      2733.44
      4194304           10      5177.43      5214.67      5196.05

#----------------------------------------------------------------
# Benchmarking Scatterv 
# #processes = 4 
#----------------------------------------------------------------
       #bytes #repetitions  t_min[usec]  t_max[usec]  t_avg[usec]
            0         1000         0.94         1.91         1.19
            1         1000         6.04         7.60         6.80
            2         1000         5.95         7.68         6.81
            4         1000         5.90         7.42         6.64
            8         1000         6.02         7.54         6.75
           16         1000         6.94        11.25         8.68
           32         1000         6.89        11.17         8.62
           64         1000         6.71        10.92         8.42
          128         1000         7.06        11.25         8.72
          256         1000         7.10        11.38         8.79
          512         1000         7.42        11.63         9.11
         1024         1000         7.63        11.85         9.36
         2048         1000         8.31        12.46        10.18
         4096         1000        10.83        15.65        13.02
         8192         1000        12.86        20.33        16.65
        16384         1000        15.88        26.37        21.54
        32768         1000        18.69        42.54        31.48
        65536          640        27.84        67.81        50.73
       131072          320        53.61       112.19        79.98
       262144          160        98.59       219.46       153.41
       524288           80       233.98       398.11       319.10
      1048576           40       433.23       693.71       566.57
      2097152           20       722.05      2713.85      1743.30
      4194304           10      1279.28      5188.61      3315.90

#----------------------------------------------------------------
# Benchmarking Alltoall 
# #processes = 2 
# ( 2 additional processes waiting in MPI_Barrier)
#----------------------------------------------------------------
       #bytes #repetitions  t_min[usec]  t_max[usec]  t_avg[usec]
            0         1000         0.70         0.70         0.70
            1         1000         6.21         6.39         6.30
            2         1000         6.36         6.42         6.39
            4         1000         6.39         6.50         6.44
            8         1000         6.43         6.44         6.43
           16         1000         9.72         9.80         9.76
           32         1000         9.71         9.74         9.73
           64         1000         9.45         9.49         9.47
          128         1000         9.94        10.00         9.97
          256         1000        10.02        10.03        10.03
          512         1000        10.14        10.17        10.16
         1024         1000        10.42        10.43        10.42
         2048         1000        11.01        11.04        11.03
         4096         1000        13.12        13.22        13.17
         8192         1000        16.09        16.30        16.19
        16384         1000        20.76        20.85        20.81
        32768         1000        30.42        30.45        30.43
        65536          640        47.86        47.98        47.92
       131072          320        74.55        75.26        74.91
       262144          160       135.14       154.56       144.85
       524288           80       294.01       299.96       296.99
      1048576           40       487.13       490.46       488.80
      2097152           20      3114.13      3186.30      3150.21
      4194304           10      5907.42      5927.90      5917.66

#----------------------------------------------------------------
# Benchmarking Alltoall 
# #processes = 4 
#----------------------------------------------------------------
       #bytes #repetitions  t_min[usec]  t_max[usec]  t_avg[usec]
            0         1000         0.83         0.86         0.84
            1         1000        13.29        13.74        13.51
            2         1000        15.49        16.05        15.89
            4         1000        15.48        15.92        15.76
            8         1000        15.42        16.01        15.84
           16         1000        19.77        20.12        20.00
           32         1000        19.69        20.00        19.90
           64         1000        19.15        19.40        19.31
          128         1000        20.02        20.20        20.14
          256         1000        19.73        20.21        19.99
          512         1000        20.40        20.67        20.60
         1024         1000        21.09        21.52        21.35
         2048         1000        23.12        23.72        23.41
         4096         1000        28.73        29.07        28.89
         8192         1000        37.52        38.05        37.77
        16384         1000        47.97        48.82        48.50
        32768         1000        76.76        78.08        77.22
        65536          640       157.30       161.63       159.90
       131072          320       269.07       276.34       272.45
       262144          160       242.50       298.29       261.74
       524288           80       505.10       523.80       514.05
      1048576           40       803.30       831.35       820.78
      2097152           20      4101.85      4734.98      4438.09
      4194304           10     14426.40     16544.53     15939.52

#----------------------------------------------------------------
# Benchmarking Alltoallv 
# #processes = 2 
# ( 2 additional processes waiting in MPI_Barrier)
#----------------------------------------------------------------
       #bytes #repetitions  t_min[usec]  t_max[usec]  t_avg[usec]
            0         1000         2.56         2.65         2.61
            1         1000        10.48        10.72        10.60
            2         1000        10.40        10.74        10.57
            4         1000        10.49        10.61        10.55
            8         1000        10.41        10.66        10.53
           16         1000        13.51        13.71        13.61
           32         1000        13.51        13.60        13.56
           64         1000        13.19        13.37        13.28
          128         1000        13.63        13.76        13.69
          256         1000        13.70        13.89        13.80
          512         1000        13.91        14.06        13.99
         1024         1000        14.23        14.45        14.34
         2048         1000        14.74        15.06        14.90
         4096         1000        16.98        17.21        17.09
         8192         1000        20.59        20.75        20.67
        16384         1000        25.41        25.71        25.56
        32768         1000        35.31        35.45        35.38
        65536          640        53.05        53.24        53.15
       131072          320        85.43        86.24        85.84
       262144          160       107.88       135.72       121.80
       524288           80       285.12       314.78       299.95
      1048576           40       490.70       515.43       503.06
      2097152           20      3141.42      3204.60      3173.01
      4194304           10      5971.62      5988.22      5979.92

#----------------------------------------------------------------
# Benchmarking Alltoallv 
# #processes = 4 
#----------------------------------------------------------------
       #bytes #repetitions  t_min[usec]  t_max[usec]  t_avg[usec]
            0         1000         2.88         3.08         3.02
            1         1000        15.53        16.00        15.87
            2         1000        15.73        16.23        16.07
            4         1000        15.73        16.08        15.96
            8         1000        15.63        16.29        16.08
           16         1000        19.94        20.33        20.20
           32         1000        19.99        20.24        20.17
           64         1000        19.36        19.60        19.54
          128         1000        20.09        20.41        20.29
          256         1000        20.06        20.30        20.20
          512         1000        21.01        21.21        21.12
         1024         1000        21.66        22.06        21.86
         2048         1000        23.57        24.43        23.92
         4096         1000        28.76        29.45        29.16
         8192         1000        37.53        38.24        37.92
        16384         1000        48.67        49.11        48.82
        32768         1000        77.09        77.95        77.58
        65536          640       158.46       163.39       161.26
       131072          320       272.72       277.46       275.03
       262144          160       244.09       312.81       269.80
       524288           80       494.95       531.84       511.80
      1048576           40       807.04       860.26       833.75
      2097152           20      4075.67      4641.40      4359.66
      4194304           10     12679.08     15732.81     14827.84

#----------------------------------------------------------------
# Benchmarking Bcast 
# #processes = 2 
# ( 2 additional processes waiting in MPI_Barrier)
#----------------------------------------------------------------
       #bytes #repetitions  t_min[usec]  t_max[usec]  t_avg[usec]
            0         1000         0.55         0.58         0.56
            1         1000         3.92         5.91         4.92
            2         1000         3.89         5.86         4.87
            4         1000         3.83         5.89         4.86
            8         1000         3.83         5.82         4.83
           16         1000         7.92         8.87         8.39
           32         1000         7.85         9.03         8.44
           64         1000         7.63         8.84         8.23
          128         1000         7.68         8.86         8.27
          256         1000         7.70         8.90         8.30
          512         1000         7.81         8.99         8.40
         1024         1000         8.12         8.99         8.56
         2048         1000         8.44         9.74         9.09
         4096         1000        10.20        11.33        10.76
         8192         1000        11.72        12.80        12.26
        16384         1000        13.94        14.87        14.40
        32768         1000        18.64        19.80        19.22
        65536          640        26.95        28.29        27.62
       131072          320        51.22        52.87        52.04
       262144          160        56.06        70.80        63.43
       524288           80        84.55       120.88       102.71
      1048576           40       141.35       150.52       145.94
      2097152           20      2198.47      2208.30      2203.39
      4194304           10      4296.04      4303.96      4300.00

#----------------------------------------------------------------
# Benchmarking Bcast 
# #processes = 4 
#----------------------------------------------------------------
       #bytes #repetitions  t_min[usec]  t_max[usec]  t_avg[usec]
            0         1000         0.68         0.73         0.70
            1         1000         5.82         9.10         7.32
            2         1000         5.69         9.13         7.29
            4         1000         5.67         8.98         7.18
            8         1000         5.57         8.87         7.13
           16         1000         8.56        22.03        16.41
           32         1000         8.61        21.91        16.37
           64         1000         8.37        21.22        15.88
          128         1000         8.31        21.64        16.10
          256         1000         8.30        21.84        16.20
          512         1000         8.58        22.22        16.59
         1024         1000        14.90        16.24        15.39
         2048         1000        15.42        16.83        16.09
         4096         1000        18.51        20.11        19.11
         8192         1000        20.97        22.94        21.75
        16384         1000        24.90        27.00        25.68
        32768         1000        33.34        35.23        34.09
        65536          640        49.36        51.66        50.28
       131072          320       104.21       113.42       109.60
       262144          160       113.33       203.07       150.69
       524288           80       164.76       278.13       210.06
      1048576           40       263.19       413.88       324.91
      2097152           20       443.76      2559.17      1485.49
      4194304           10       781.11      4798.53      2785.90

#---------------------------------------------------
# Benchmarking Barrier 
# #processes = 2 
# ( 2 additional processes waiting in MPI_Barrier)
#---------------------------------------------------
 #repetitions  t_min[usec]  t_max[usec]  t_avg[usec]
         1000         3.53         3.53         3.53

#---------------------------------------------------
# Benchmarking Barrier 
# #processes = 4 
#---------------------------------------------------
 #repetitions  t_min[usec]  t_max[usec]  t_avg[usec]
         1000         6.87         6.87         6.87


# All processes entering MPI_Finalize

