#------------------------------------------------------------
#    Intel (R) MPI Benchmarks 2018 Update 1, MPI-1 part    
#------------------------------------------------------------
# Date                  : Thu Nov 30 16:07:24 2017
# Machine               : x86_64
# System                : Linux
# Release               : 4.4.74-92.35-default
# Version               : #1 SMP Mon Aug 7 18:24:48 UTC 2017 (c0fdc47)
# MPI Version           : 3.1
# MPI Thread Environment: 


# Calling sequence was: 

# ./IMB-MPI1

# Minimum message length in bytes:   0
# Maximum message length in bytes:   4194304
#
# MPI_Datatype                   :   MPI_BYTE 
# MPI_Datatype for reductions    :   MPI_FLOAT
# MPI_Op                         :   MPI_SUM  
#
#

# List of Benchmarks to run:

# PingPong
# PingPing
# Sendrecv
# Exchange
# Allreduce
# Reduce
# Reduce_scatter
# Allgather
# Allgatherv
# Gather
# Gatherv
# Scatter
# Scatterv
# Alltoall
# Alltoallv
# Bcast
# Barrier

#---------------------------------------------------
# Benchmarking PingPong 
# #processes = 2 
# ( 62 additional processes waiting in MPI_Barrier)
#---------------------------------------------------
       #bytes #repetitions      t[usec]   Mbytes/sec
            0         1000         3.49         0.00
            1         1000         3.55         0.28
            2         1000         3.58         0.56
            4         1000         3.51         1.14
            8         1000         3.54         2.26
           16         1000         5.40         2.96
           32         1000         5.39         5.94
           64         1000         5.27        12.15
          128         1000         5.34        23.95
          256         1000         5.41        47.33
          512         1000         5.47        93.60
         1024         1000         5.74       178.51
         2048         1000         6.10       335.87
         4096         1000         7.36       556.64
         8192         1000         8.81       929.90
        16384         1000        10.89      1504.78
        32768         1000        15.58      2102.54
        65536          640        24.39      2686.59
       131072          320        46.11      2842.33
       262144          160        64.88      4040.56
       524288           80        87.47      5993.93
      1048576           40       139.18      7534.13
      2097152           20       239.62      8751.90
      4194304           10       402.20     10428.40

#---------------------------------------------------
# Benchmarking PingPing 
# #processes = 2 
# ( 62 additional processes waiting in MPI_Barrier)
#---------------------------------------------------
       #bytes #repetitions      t[usec]   Mbytes/sec
            0         1000         4.32         0.00
            1         1000         4.33         0.23
            2         1000         4.34         0.46
            4         1000         4.37         0.92
            8         1000         4.38         1.82
           16         1000         8.01         2.00
           32         1000         7.99         4.00
           64         1000         7.83         8.18
          128         1000         7.89        16.23
          256         1000         7.96        32.16
          512         1000         8.07        63.45
         1024         1000         8.39       122.04
         2048         1000         8.81       232.57
         4096         1000        11.02       371.65
         8192         1000        14.26       574.64
        16384         1000        18.36       892.14
        32768         1000        27.36      1197.84
        65536          640        43.88      1493.43
       131072          320        57.18      2292.11
       262144          160        67.77      3868.20
       524288           80        95.69      5479.24
      1048576           40       141.07      7432.90
      2097152           20       231.21      9070.47
      4194304           10       414.90     10109.29

#-----------------------------------------------------------------------------
# Benchmarking Sendrecv 
# #processes = 2 
# ( 62 additional processes waiting in MPI_Barrier)
#-----------------------------------------------------------------------------
       #bytes #repetitions  t_min[usec]  t_max[usec]  t_avg[usec]   Mbytes/sec
            0         1000         3.55         3.56         3.55         0.00
            1         1000         3.60         3.60         3.60         0.56
            2         1000         3.63         3.63         3.63         1.10
            4         1000         3.61         3.61         3.61         2.21
            8         1000         3.62         3.62         3.62         4.42
           16         1000         6.52         6.52         6.52         4.90
           32         1000         6.45         6.45         6.45         9.92
           64         1000         6.27         6.27         6.27        20.41
          128         1000         6.43         6.44         6.44        39.78
          256         1000         6.41         6.41         6.41        79.90
          512         1000         6.63         6.63         6.63       154.52
         1024         1000         6.93         6.93         6.93       295.35
         2048         1000         7.42         7.42         7.42       552.09
         4096         1000         9.18         9.18         9.18       892.18
         8192         1000        11.58        11.58        11.58      1415.09
        16384         1000        15.40        15.40        15.40      2128.20
        32768         1000        24.88        24.88        24.88      2633.56
        65536          640        41.57        41.57        41.57      3153.15
       131072          320        57.37        57.37        57.37      4569.46
       262144          160        76.69        76.69        76.69      6836.16
       524288           80        92.38        92.40        92.39     11348.33
      1048576           40       157.70       157.75       157.72     13294.18
      2097152           20       243.00       243.15       243.07     17249.78
      4194304           10       408.10       408.41       408.26     20539.62

#-----------------------------------------------------------------------------
# Benchmarking Sendrecv 
# #processes = 4 
# ( 60 additional processes waiting in MPI_Barrier)
#-----------------------------------------------------------------------------
       #bytes #repetitions  t_min[usec]  t_max[usec]  t_avg[usec]   Mbytes/sec
            0         1000         3.51         3.52         3.51         0.00
            1         1000         3.54         3.54         3.54         0.57
            2         1000         3.57         3.57         3.57         1.12
            4         1000         3.54         3.54         3.54         2.26
            8         1000         3.56         3.56         3.56         4.50
           16         1000         8.38         8.38         8.38         3.82
           32         1000         7.90         7.90         7.90         8.10
           64         1000         8.04         8.04         8.04        15.91
          128         1000         7.98         7.99         7.98        32.06
          256         1000         7.57         7.57         7.57        67.64
          512         1000         7.98         7.98         7.98       128.26
         1024         1000         8.09         8.10         8.10       252.85
         2048         1000         9.24         9.25         9.25       442.76
         4096         1000        10.75        10.76        10.75       761.62
         8192         1000        13.30        13.31        13.31      1230.67
        16384         1000        21.23        21.24        21.23      1542.61
        32768         1000        32.42        32.44        32.43      2020.23
        65536          640        53.27        53.32        53.30      2458.28
       131072          320        74.11        74.31        74.24      3527.75
       262144          160        93.12        93.29        93.21      5619.70
       524288           80       128.49       129.91       129.29      8071.48
      1048576           40       197.63       200.00       199.27     10485.90
      2097152           20       360.55       368.05       365.82     11396.12
      4194304           10      3173.49      3485.11      3329.75      2406.99

#-----------------------------------------------------------------------------
# Benchmarking Sendrecv 
# #processes = 8 
# ( 56 additional processes waiting in MPI_Barrier)
#-----------------------------------------------------------------------------
       #bytes #repetitions  t_min[usec]  t_max[usec]  t_avg[usec]   Mbytes/sec
            0         1000         3.64         3.64         3.64         0.00
            1         1000         3.63         3.63         3.63         0.55
            2         1000         5.65         5.90         5.76         0.68
            4         1000         3.65         3.65         3.65         2.19
            8         1000         4.57         4.57         4.57         3.50
           16         1000         8.29         8.30         8.30         3.85
           32         1000         8.16         8.18         8.17         7.83
           64         1000         8.10         8.11         8.10        15.78
          128         1000         8.01         8.02         8.02        31.91
          256         1000         7.97         8.00         7.99        63.96
          512         1000         8.45         8.46         8.46       120.98
         1024         1000         9.06         9.08         9.08       225.45
         2048         1000         9.51         9.52         9.51       430.25
         4096         1000        11.71        11.73        11.72       698.55
         8192         1000        15.04        15.06        15.05      1087.76
        16384         1000        21.76        21.81        21.78      1502.77
        32768         1000        32.59        32.66        32.63      2006.44
        65536          640        51.22        51.33        51.27      2553.46
       131072          320        85.06        85.44        85.27      3068.13
       262144          160        98.77        99.76        99.37      5255.71
       524288           80       138.30       139.20       138.84      7532.84
      1048576           40       240.20       247.10       243.53      8487.16
      2097152           20      3455.59      3834.14      3658.56      1093.94
      4194304           10      2772.50      3353.71      3100.23      2501.29

#-----------------------------------------------------------------------------
# Benchmarking Sendrecv 
# #processes = 16 
# ( 48 additional processes waiting in MPI_Barrier)
#-----------------------------------------------------------------------------
       #bytes #repetitions  t_min[usec]  t_max[usec]  t_avg[usec]   Mbytes/sec
            0         1000         3.85         3.85         3.85         0.00
            1         1000         3.79         3.80         3.79         0.53
            2         1000         3.85         3.86         3.86         1.04
            4         1000         3.75         3.75         3.75         2.13
            8         1000         3.84         3.84         3.84         4.16
           16         1000         8.31         8.32         8.31         3.85
           32         1000         8.24         8.26         8.25         7.75
           64         1000         7.97         7.99         7.99        16.01
          128         1000         8.10         8.12         8.11        31.53
          256         1000         9.01         9.04         9.02        56.63
          512         1000         8.90         8.92         8.91       114.85
         1024         1000         9.74         9.78         9.76       209.47
         2048         1000        10.50        10.60        10.53       386.38
         4096         1000        12.95        12.99        12.97       630.73
         8192         1000        15.90        15.92        15.91      1028.95
        16384         1000        22.44        22.49        22.47      1456.86
        32768         1000        32.80        33.00        32.89      1986.11
        65536          640        52.44        53.37        52.90      2456.05
       131072          320       100.28       101.06       100.63      2593.95
       262144          160       113.86       115.38       114.80      4544.20
       524288           80       145.60       150.74       147.77      6956.32
      1048576           40       236.33       253.45       245.13      8274.39
      2097152           20       331.60       364.60       350.43     11503.80
      4194304           10      1603.20      3342.70      2579.59      2509.53

#-----------------------------------------------------------------------------
# Benchmarking Sendrecv 
# #processes = 32 
# ( 32 additional processes waiting in MPI_Barrier)
#-----------------------------------------------------------------------------
       #bytes #repetitions  t_min[usec]  t_max[usec]  t_avg[usec]   Mbytes/sec
            0         1000         3.97         4.04         4.01         0.00
            1         1000         4.03         4.03         4.03         0.50
            2         1000         4.10         4.14         4.13         0.97
            4         1000         3.91         3.93         3.93         2.03
            8         1000         3.98         4.03         4.00         3.97
           16         1000         8.17         8.21         8.19         3.90
           32         1000         8.86         8.92         8.90         7.17
           64         1000         7.90         7.95         7.93        16.11
          128         1000         8.03         8.07         8.06        31.73
          256         1000         8.97         9.01         8.99        56.84
          512         1000         8.64         8.72         8.69       117.39
         1024         1000        10.63        10.67        10.65       191.96
         2048         1000        10.95        11.05        11.02       370.51
         4096         1000        12.97        13.05        13.01       627.74
         8192         1000        16.82        17.04        16.90       961.62
        16384         1000        22.56        22.69        22.62      1444.04
        32768         1000        33.42        33.76        33.59      1941.52
        65536          640        54.62        55.42        55.06      2365.26
       131072          320       100.68       105.23       102.69      2491.12
       262144          160       104.27       107.83       106.32      4862.07
       524288           80       143.89       154.35       149.46      6793.53
      1048576           40       218.65       246.63       234.25      8503.36
      2097152           20       874.64      2865.70      1873.60      1463.62
      4194304           10       566.60      3333.78      1654.43      2516.24

#-----------------------------------------------------------------------------
# Benchmarking Sendrecv 
# #processes = 64 
#-----------------------------------------------------------------------------
       #bytes #repetitions  t_min[usec]  t_max[usec]  t_avg[usec]   Mbytes/sec
            0         1000         4.74         4.84         4.78         0.00
            1         1000         4.07         4.11         4.09         0.49
            2         1000         4.09         4.16         4.12         0.96
            4         1000         4.07         4.12         4.10         1.94
            8         1000         4.40         4.45         4.42         3.60
           16         1000         8.83         9.11         8.98         3.51
           32         1000         8.38         8.45         8.40         7.58
           64         1000         7.99         8.04         8.01        15.93
          128         1000         9.16         9.22         9.19        27.77
          256         1000         8.96         9.12         9.03        56.14
          512         1000         8.65         8.75         8.72       116.96
         1024         1000         9.47         9.59         9.52       213.45
         2048         1000        15.32        15.55        15.48       263.36
         4096         1000        13.16        13.31        13.23       615.34
         8192         1000        16.80        16.99        16.92       964.05
        16384         1000        22.63        22.90        22.74      1431.04
        32768         1000        32.59        32.94        32.77      1989.37
        65536          640        52.70        54.39        53.31      2409.95
       131072          320       111.08       118.30       114.90      2215.99
       262144          160       104.69       114.72       110.94      4570.23
       524288           80       138.55       156.26       147.42      6710.35
      1048576           40       212.15       260.53       240.20      8049.69
      2097152           20       692.15      3939.50      2052.77      1064.68
      4194304           10       550.79      3589.49      1217.80      2336.99

#-----------------------------------------------------------------------------
# Benchmarking Exchange 
# #processes = 2 
# ( 62 additional processes waiting in MPI_Barrier)
#-----------------------------------------------------------------------------
       #bytes #repetitions  t_min[usec]  t_max[usec]  t_avg[usec]   Mbytes/sec
            0         1000         8.50         8.51         8.51         0.00
            1         1000         9.13         9.13         9.13         0.44
            2         1000         9.11         9.11         9.11         0.88
            4         1000         9.14         9.15         9.14         1.75
            8         1000         9.15         9.15         9.15         3.50
           16         1000        12.38        12.38        12.38         5.17
           32         1000        12.36        12.36        12.36        10.36
           64         1000        12.06        12.06        12.06        21.22
          128         1000        12.40        12.40        12.40        41.28
          256         1000        12.48        12.48        12.48        82.03
          512         1000        12.78        12.78        12.78       160.20
         1024         1000        13.12        13.12        13.12       312.19
         2048         1000        13.96        13.96        13.96       586.61
         4096         1000        19.35        19.35        19.35       846.54
         8192         1000        25.78        25.78        25.78      1270.82
        16384         1000        35.98        35.98        35.98      1821.30
        32768         1000        53.33        53.33        53.33      2457.86
        65536          640        87.70        87.70        87.70      2989.25
       131072          320       114.33       114.33       114.33      4585.57
       262144          160       150.42       150.49       150.46      6967.62
       524288           80       227.36       227.38       227.37      9223.24
      1048576           40       362.05       362.10       362.08     11583.14
      2097152           20       621.20       621.35       621.28     13500.52
      4194304           10      1125.41      1126.19      1125.80     14897.27

#-----------------------------------------------------------------------------
# Benchmarking Exchange 
# #processes = 4 
# ( 60 additional processes waiting in MPI_Barrier)
#-----------------------------------------------------------------------------
       #bytes #repetitions  t_min[usec]  t_max[usec]  t_avg[usec]   Mbytes/sec
            0         1000         9.11         9.12         9.11         0.00
            1         1000         9.68         9.69         9.69         0.41
            2         1000         9.80         9.80         9.80         0.82
            4         1000         9.94         9.95         9.94         1.61
            8         1000         9.82         9.82         9.82         3.26
           16         1000        14.05        14.06        14.05         4.55
           32         1000        14.10        14.11        14.10         9.07
           64         1000        13.68        13.69        13.68        18.70
          128         1000        13.84        13.85        13.84        36.98
          256         1000        14.08        14.08        14.08        72.71
          512         1000        14.30        14.31        14.31       143.10
         1024         1000        14.82        14.83        14.83       276.27
         2048         1000        15.72        15.73        15.73       520.85
         4096         1000        20.55        20.55        20.55       797.16
         8192         1000        26.84        26.85        26.85      1220.41
        16384         1000        38.26        38.27        38.26      1712.55
        32768         1000        58.20        58.23        58.21      2251.01
        65536          640        96.87        96.90        96.89      2705.44
       131072          320       141.93       142.05       142.00      3690.87
       262144          160       159.74       159.82       159.78      6561.00
       524288           80       236.86       237.04       236.98      8847.30
      1048576           40       381.90       384.75       383.90     10901.26
      2097152           20       667.55       669.25       668.62     12534.29
      4194304           10      6267.09      6707.62      6518.73      2501.22

#-----------------------------------------------------------------------------
# Benchmarking Exchange 
# #processes = 8 
# ( 56 additional processes waiting in MPI_Barrier)
#-----------------------------------------------------------------------------
       #bytes #repetitions  t_min[usec]  t_max[usec]  t_avg[usec]   Mbytes/sec
            0         1000         9.62         9.63         9.62         0.00
            1         1000        10.12        10.13        10.12         0.39
            2         1000        10.30        10.31        10.30         0.78
            4         1000        10.47        10.48        10.48         1.53
            8         1000        10.13        10.14        10.14         3.15
           16         1000        14.18        14.19        14.18         4.51
           32         1000        14.32        14.34        14.33         8.93
           64         1000        13.83        13.84        13.84        18.49
          128         1000        14.05        14.08        14.07        36.37
          256         1000        14.16        14.20        14.18        72.10
          512         1000        14.67        14.68        14.68       139.52
         1024         1000        15.31        15.33        15.32       267.26
         2048         1000        16.76        16.77        16.76       488.54
         4096         1000        21.06        21.08        21.07       777.34
         8192         1000        27.84        27.86        27.85      1176.12
        16384         1000        39.35        39.42        39.38      1662.47
        32768         1000        58.99        59.02        59.01      2220.77
        65536          640       100.34       101.06       100.63      2594.04
       131072          320       146.33       146.80       146.63      3571.36
       262144          160       160.19       160.50       160.37      6533.17
       524288           80       239.75       241.35       240.73      8689.22
      1048576           40       432.03       438.40       435.38      9567.34
      2097152           20       755.36       776.65       765.44     10801.04
      4194304           10      5825.81      6801.39      6488.44      2466.73

#-----------------------------------------------------------------------------
# Benchmarking Exchange 
# #processes = 16 
# ( 48 additional processes waiting in MPI_Barrier)
#-----------------------------------------------------------------------------
       #bytes #repetitions  t_min[usec]  t_max[usec]  t_avg[usec]   Mbytes/sec
            0         1000         9.19         9.24         9.22         0.00
            1         1000         9.97        10.01         9.99         0.40
            2         1000        10.38        10.41        10.39         0.77
            4         1000        10.61        10.64        10.62         1.50
            8         1000        10.23        10.25        10.25         3.12
           16         1000        15.04        15.04        15.04         4.25
           32         1000        15.13        15.17        15.15         8.44
           64         1000        13.88        13.91        13.89        18.41
          128         1000        15.33        15.37        15.35        33.30
          256         1000        14.89        14.93        14.91        68.57
          512         1000        14.82        14.86        14.84       137.86
         1024         1000        16.36        16.42        16.38       249.44
         2048         1000        17.27        17.30        17.28       473.63
         4096         1000        22.18        22.22        22.20       737.25
         8192         1000        29.75        29.85        29.80      1097.65
        16384         1000        41.14        41.45        41.29      1581.19
        32768         1000        66.58        66.83        66.72      1961.24
        65536          640        99.08        99.53        99.35      2633.75
       131072          320       148.75       149.14       148.98      3515.33
       262144          160       194.63       196.79       195.80      5328.30
       524288           80       252.95       255.18       253.86      8218.44
      1048576           40       395.67       399.87       396.98     10489.18
      2097152           20       673.20       691.64       683.68     12128.57
      4194304           10      4473.61      6860.71      5822.96      2445.41

#-----------------------------------------------------------------------------
# Benchmarking Exchange 
# #processes = 32 
# ( 32 additional processes waiting in MPI_Barrier)
#-----------------------------------------------------------------------------
       #bytes #repetitions  t_min[usec]  t_max[usec]  t_avg[usec]   Mbytes/sec
            0         1000         9.84        10.05         9.94         0.00
            1         1000         9.85         9.89         9.87         0.40
            2         1000        10.62        10.67        10.64         0.75
            4         1000        10.01        10.06        10.03         1.59
            8         1000         9.98        10.03        10.00         3.19
           16         1000        14.23        14.26        14.25         4.49
           32         1000        14.04        14.08        14.06         9.09
           64         1000        13.80        13.86        13.83        18.47
          128         1000        14.03        14.08        14.05        36.37
          256         1000        15.08        15.16        15.10        67.56
          512         1000        15.43        15.49        15.46       132.18
         1024         1000        17.23        17.29        17.26       236.95
         2048         1000        18.12        18.22        18.16       449.66
         4096         1000        22.67        22.83        22.77       717.62
         8192         1000        29.78        29.90        29.83      1096.07
        16384         1000        41.34        41.43        41.40      1581.85
        32768         1000        60.05        60.28        60.16      2174.31
        65536          640        98.08        98.28        98.21      2667.24
       131072          320       148.98       149.60       149.36      3504.61
       262144          160       194.59       196.81       195.70      5327.94
       524288           80       257.78       262.37       259.25      7993.00
      1048576           40       392.63       401.07       396.34     10457.69
      2097152           20       677.30       696.85       689.03     12037.90
      4194304           10      1294.49      6853.49      4181.75      2447.98

#-----------------------------------------------------------------------------
# Benchmarking Exchange 
# #processes = 64 
#-----------------------------------------------------------------------------
       #bytes #repetitions  t_min[usec]  t_max[usec]  t_avg[usec]   Mbytes/sec
            0         1000         9.45         9.53         9.50         0.00
            1         1000         9.70         9.79         9.75         0.41
            2         1000        10.88        10.96        10.93         0.73
            4         1000        10.01        10.09        10.05         1.59
            8         1000        10.08        10.15        10.11         3.15
           16         1000        14.60        14.68        14.63         4.36
           32         1000        14.76        14.92        14.84         8.58
           64         1000        14.60        14.71        14.66        17.40
          128         1000        14.69        14.77        14.72        34.67
          256         1000        14.91        15.01        14.96        68.20
          512         1000        14.99        15.07        15.03       135.91
         1024         1000        16.53        16.71        16.63       245.17
         2048         1000        19.24        19.32        19.28       424.08
         4096         1000        22.64        22.75        22.69       720.21
         8192         1000        33.55        33.71        33.63       971.99
        16384         1000        39.91        40.52        40.17      1617.30
        32768         1000        60.85        61.50        61.20      2131.22
        65536          640        98.64        99.08        98.84      2645.67
       131072          320       151.41       153.58       152.42      3413.82
       262144          160       210.61       217.50       214.00      4821.03
       524288           80       260.74       269.65       264.97      7777.27
      1048576           40       391.78       411.02       401.45     10204.58
      2097152           20       654.05       720.60       686.94     11641.20
      4194304           10      1246.69      6885.89      2899.22      2436.46

#----------------------------------------------------------------
# Benchmarking Allreduce 
# #processes = 2 
# ( 62 additional processes waiting in MPI_Barrier)
#----------------------------------------------------------------
       #bytes #repetitions  t_min[usec]  t_max[usec]  t_avg[usec]
            0         1000         0.65         0.66         0.65
            4         1000         8.81         9.04         8.92
            8         1000         8.85         8.92         8.89
           16         1000        12.32        12.50        12.41
           32         1000        12.33        12.49        12.41
           64         1000        11.86        12.12        11.99
          128         1000        13.15        13.36        13.26
          256         1000        13.30        13.51        13.41
          512         1000        13.32        13.46        13.39
         1024         1000        13.76        14.04        13.90
         2048         1000        14.50        14.64        14.57
         4096         1000        16.74        17.10        16.92
         8192         1000        29.11        29.39        29.25
        16384         1000        27.18        27.24        27.21
        32768         1000        46.85        47.10        46.97
        65536          640        68.69        69.40        69.05
       131072          320       110.55       111.31       110.93
       262144          160       237.86       247.63       242.75
       524288           80       454.00       458.44       456.22
      1048576           40       800.54       815.81       808.17
      2097152           20      1319.22      1343.20      1331.21
      4194304           10      5316.26      5335.93      5326.09

#----------------------------------------------------------------
# Benchmarking Allreduce 
# #processes = 4 
# ( 60 additional processes waiting in MPI_Barrier)
#----------------------------------------------------------------
       #bytes #repetitions  t_min[usec]  t_max[usec]  t_avg[usec]
            0         1000         0.81         0.84         0.82
            4         1000        13.77        14.26        14.00
            8         1000        13.92        14.48        14.25
           16         1000        20.59        21.20        20.90
           32         1000        20.50        21.05        20.82
           64         1000        20.07        20.48        20.34
          128         1000        21.55        22.19        21.92
          256         1000        21.74        22.33        22.02
          512         1000        21.73        22.03        21.88
         1024         1000        22.73        23.38        23.14
         2048         1000        23.99        24.71        24.37
         4096         1000        28.88        29.31        29.10
         8192         1000        36.16        36.41        36.30
        16384         1000        48.07        48.78        48.43
        32768         1000        73.10        74.00        73.49
        65536          640       118.50       118.84       118.68
       131072          320       186.53       187.96       187.15
       262144          160       386.74       388.23       387.69
       524288           80       861.85       921.98       888.34
      1048576           40      1272.83      1328.48      1306.00
      2097152           20      2000.39      2025.63      2012.41
      4194304           10     29356.91     29987.00     29671.80

#----------------------------------------------------------------
# Benchmarking Allreduce 
# #processes = 8 
# ( 56 additional processes waiting in MPI_Barrier)
#----------------------------------------------------------------
       #bytes #repetitions  t_min[usec]  t_max[usec]  t_avg[usec]
            0         1000         0.79         0.87         0.83
            4         1000        17.87        19.36        18.67
            8         1000        18.08        19.14        18.65
           16         1000        28.22        28.83        28.57
           32         1000        28.07        28.69        28.36
           64         1000        27.81        28.99        28.28
          128         1000        29.52        30.62        29.92
          256         1000        29.68        30.50        29.96
          512         1000        30.36        31.14        30.69
         1024         1000        31.55        32.47        31.98
         2048         1000        34.28        35.13        34.68
         4096         1000        41.17        43.03        41.88
         8192         1000        52.88        53.85        53.31
        16384         1000        71.04        72.44        71.75
        32768         1000       104.03       106.89       105.60
        65536          640       151.57       155.00       153.02
       131072          320       246.72       249.73       248.37
       262144          160       537.47       541.41       539.11
       524288           80      1028.10      1089.86      1066.09
      1048576           40      1616.50      1683.23      1655.06
      2097152           20      5848.75      8588.27      6564.64
      4194304           10     27813.05     39851.98     33413.02

#----------------------------------------------------------------
# Benchmarking Allreduce 
# #processes = 16 
# ( 48 additional processes waiting in MPI_Barrier)
#----------------------------------------------------------------
       #bytes #repetitions  t_min[usec]  t_max[usec]  t_avg[usec]
            0         1000         0.81         0.92         0.84
            4         1000        23.59        25.78        24.65
            8         1000        24.16        25.69        25.00
           16         1000        38.05        38.42        38.21
           32         1000        37.19        37.73        37.44
           64         1000        37.60        38.30        38.06
          128         1000        39.85        40.48        40.24
          256         1000        39.63        40.28        40.04
          512         1000        42.18        43.42        43.11
         1024         1000        43.41        43.92        43.62
         2048         1000        46.89        47.96        47.41
         4096         1000        56.90        58.48        57.76
         8192         1000        73.95        77.14        75.66
        16384         1000       109.74       112.57       110.76
        32768         1000       145.05       147.02       145.97
        65536          640       200.81       203.65       202.33
       131072          320       313.37       318.06       316.36
       262144          160       665.13       701.64       679.89
       524288           80      1186.39      1237.43      1211.97
      1048576           40      1810.01      1875.13      1838.23
      2097152           20      5692.48      9122.34      6428.51
      4194304           10     25741.12     41758.78     31508.56

#----------------------------------------------------------------
# Benchmarking Allreduce 
# #processes = 32 
# ( 32 additional processes waiting in MPI_Barrier)
#----------------------------------------------------------------
       #bytes #repetitions  t_min[usec]  t_max[usec]  t_avg[usec]
            0         1000         0.83         0.93         0.86
            4         1000        31.70        34.11        33.12
            8         1000        34.49        36.41        35.44
           16         1000        47.32        48.13        47.72
           32         1000        47.41        48.14        47.81
           64         1000        47.02        48.44        47.68
          128         1000        50.79        52.83        51.54
          256         1000        50.17        51.54        51.00
          512         1000        52.01        54.11        53.06
         1024         1000        53.85        54.94        54.34
         2048         1000        60.04        61.36        60.53
         4096         1000        77.67        80.54        79.24
         8192         1000       106.95       109.59       108.36
        16384         1000       136.09       141.30       138.33
        32768         1000       184.73       188.74       186.71
        65536          640       252.62       256.26       254.84
       131072          320       393.12       402.94       396.74
       262144          160       722.83       766.12       740.20
       524288           80      1247.52      1322.24      1288.95
      1048576           40      1939.60      2012.74      1973.68
      2097152           20      5971.81      9331.10      6337.91
      4194304           10     23416.81     44682.60     31219.48

#----------------------------------------------------------------
# Benchmarking Allreduce 
# #processes = 64 
#----------------------------------------------------------------
       #bytes #repetitions  t_min[usec]  t_max[usec]  t_avg[usec]
            0         1000         0.82         0.94         0.87
            4         1000        44.60        47.29        45.79
            8         1000        43.42        45.23        44.17
           16         1000        65.18        67.20        66.25
           32         1000        64.08        66.12        65.13
           64         1000        62.18        63.36        62.73
          128         1000        65.39        68.52        66.77
          256         1000        68.74        72.69        70.75
          512         1000        69.95        72.41        71.32
         1024         1000        71.11        72.63        71.78
         2048         1000        79.87        82.17        80.92
         4096         1000       100.21       104.23       102.16
         8192         1000       133.09       135.63       134.59
        16384         1000       190.49       197.66       194.24
        32768         1000       228.69       234.17       231.49
        65536          640       305.33       314.50       310.53
       131072          320       433.91       447.22       441.35
       262144          160       777.57       824.03       798.47
       524288           80      1323.75      1395.46      1356.45
      1048576           40      2034.15      2115.94      2079.70
      2097152           20      6026.91      9393.66      6304.11
      4194304           10     23578.60     44682.12     30039.09

#----------------------------------------------------------------
# Benchmarking Reduce 
# #processes = 2 
# ( 62 additional processes waiting in MPI_Barrier)
#----------------------------------------------------------------
       #bytes #repetitions  t_min[usec]  t_max[usec]  t_avg[usec]
            0         1000         0.83         0.87         0.85
            4         1000         5.56         7.70         6.63
            8         1000         5.70         7.56         6.63
           16         1000         9.95        10.88        10.41
           32         1000         9.85        10.84        10.35
           64         1000         9.62        10.58        10.10
          128         1000        10.35        11.35        10.85
          256         1000        10.34        11.39        10.87
          512         1000        10.52        11.53        11.02
         1024         1000        10.72        11.66        11.19
         2048         1000        11.31        12.22        11.77
         4096         1000        12.91        13.86        13.38
         8192         1000        14.87        15.06        14.96
        16384         1000        20.24        21.49        20.87
        32768         1000        24.80        28.73        26.77
        65536          640        34.87        43.75        39.31
       131072          320        94.41        96.56        95.48
       262144          160       196.24       199.62       197.93
       524288           80       410.04       416.31       413.17
      1048576           40       808.93       814.16       811.54
      2097152           20      1607.70      1611.34      1609.52
      4194304           10      3163.41      3168.44      3165.92

#----------------------------------------------------------------
# Benchmarking Reduce 
# #processes = 4 
# ( 60 additional processes waiting in MPI_Barrier)
#----------------------------------------------------------------
       #bytes #repetitions  t_min[usec]  t_max[usec]  t_avg[usec]
            0         1000         0.96         1.03         0.98
            4         1000         6.71        15.95        10.91
            8         1000         6.68        16.04        10.93
           16         1000        11.82        19.42        15.28
           32         1000        11.91        19.32        15.15
           64         1000        11.50        18.96        14.81
          128         1000        12.90        19.87        15.95
          256         1000        12.92        20.57        16.48
          512         1000        13.13        21.08        16.71
         1024         1000        16.47        20.01        17.44
         2048         1000        16.56        21.36        18.58
         4096         1000        19.30        25.86        22.78
         8192         1000        17.02        30.91        23.94
        16384         1000        20.12        39.02        29.35
        32768         1000        25.74        53.54        38.42
        65536          640        35.37        82.79        56.77
       131072          320       162.63       196.49       182.09
       262144          160       332.96       380.44       356.96
       524288           80       734.39       814.08       779.24
      1048576           40      1528.85      1646.59      1604.95
      2097152           20      3122.60      3292.52      3240.02
      4194304           10      6456.92      6755.21      6671.76

#----------------------------------------------------------------
# Benchmarking Reduce 
# #processes = 8 
# ( 56 additional processes waiting in MPI_Barrier)
#----------------------------------------------------------------
       #bytes #repetitions  t_min[usec]  t_max[usec]  t_avg[usec]
            0         1000         0.96         1.10         1.01
            4         1000         6.82        20.04        11.45
            8         1000         6.83        19.57        11.33
           16         1000        12.00        25.13        16.86
           32         1000        11.92        25.28        16.87
           64         1000        11.64        24.73        16.49
          128         1000        12.85        26.47        17.88
          256         1000        13.02        26.62        18.09
          512         1000        13.43        27.19        18.52
         1024         1000        15.35        27.50        18.91
         2048         1000        15.70        28.86        19.71
         4096         1000        15.73        35.33        22.84
         8192         1000        17.50        42.07        26.61
        16384         1000        20.31        55.23        33.09
        32768         1000        25.28        80.29        44.56
        65536          640        35.93       126.07        66.85
       131072          320       164.37       268.67       226.06
       262144          160       363.17       494.85       439.89
       524288           80       810.08       998.64       922.42
      1048576           40      1599.62      1878.07      1779.42
      2097152           20      3277.03      3626.85      3515.55
      4194304           10      6578.95      7100.73      6976.54

#----------------------------------------------------------------
# Benchmarking Reduce 
# #processes = 16 
# ( 48 additional processes waiting in MPI_Barrier)
#----------------------------------------------------------------
       #bytes #repetitions  t_min[usec]  t_max[usec]  t_avg[usec]
            0         1000         0.98         1.12         1.01
            4         1000         6.41        26.81        10.24
            8         1000         6.92        26.92        12.31
           16         1000        12.16        33.85        18.22
           32         1000        12.13        33.75        18.18
           64         1000        11.89        32.98        17.75
          128         1000        13.12        33.23        18.88
          256         1000        13.08        34.09        19.22
          512         1000        13.57        34.37        19.58
         1024         1000        13.41        36.12        19.97
         2048         1000        16.02        38.05        21.34
         4096         1000        15.81        47.33        24.84
         8192         1000        17.71        56.14        28.96
        16384         1000        20.47        74.80        35.74
        32768         1000        25.30       111.68        49.35
        65536          640        36.26       173.67        72.97
       131072          320       190.29       264.25       210.89
       262144          160       357.38       640.75       512.29
       524288           80       804.23      1181.14      1023.91
      1048576           40      1591.24      2115.67      1911.07
      2097152           20      3190.72      3941.80      3697.24
      4194304           10      6565.19      7540.04      7296.51

#----------------------------------------------------------------
# Benchmarking Reduce 
# #processes = 32 
# ( 32 additional processes waiting in MPI_Barrier)
#----------------------------------------------------------------
       #bytes #repetitions  t_min[usec]  t_max[usec]  t_avg[usec]
            0         1000         0.99         1.12         1.02
            4         1000         6.60        31.27        10.37
            8         1000         6.63        31.44        10.46
           16         1000        12.26        39.31        18.76
           32         1000        12.13        38.99        18.59
           64         1000        11.94        40.65        18.86
          128         1000        13.37        43.36        20.27
          256         1000        13.42        43.04        20.30
          512         1000        13.86        45.12        20.95
         1024         1000        13.83        45.26        21.11
         2048         1000        15.32        47.75        21.80
         4096         1000        15.97        59.49        26.03
         8192         1000        17.50        71.51        30.08
        16384         1000        20.87        99.11        37.96
        32768         1000        25.79       148.35        51.99
        65536          640       149.91       210.72       163.36
       131072          320       219.02       315.08       236.96
       262144          160       354.01       960.45       674.65
       524288           80       816.96      1553.76      1206.89
      1048576           40      1620.82      2488.08      2122.92
      2097152           20      3276.68      4517.71      4064.37
      4194304           10      6663.61      7955.15      7428.85

#----------------------------------------------------------------
# Benchmarking Reduce 
# #processes = 64 
#----------------------------------------------------------------
       #bytes #repetitions  t_min[usec]  t_max[usec]  t_avg[usec]
            0         1000         0.99         1.13         1.02
            4         1000         6.69        42.34        11.14
            8         1000         6.74        42.07        11.14
           16         1000        12.46        51.79        20.08
           32         1000        12.38        52.71        20.26
           64         1000        12.13        48.12        19.28
          128         1000        13.57        50.40        20.81
          256         1000        14.84        50.09        20.78
          512         1000        13.84        54.97        22.07
         1024         1000        15.72        51.95        21.50
         2048         1000        14.31        58.84        23.03
         4096         1000        16.12        74.52        27.48
         8192         1000        17.78        91.04        31.71
        16384         1000        20.84       124.46        39.65
        32768         1000        25.79       183.58        54.06
        65536          640       169.50       246.32       183.26
       131072          320       246.13       362.20       264.76
       262144          160       504.58       713.83       542.53
       524288           80       826.55      2223.54      1558.80
      1048576           40      1617.29      3225.30      2486.98
      2097152           20      3268.64      5039.06      4313.90
      4194304           10      6586.12      8843.09      7951.05

#----------------------------------------------------------------
# Benchmarking Reduce_scatter 
# #processes = 2 
# ( 62 additional processes waiting in MPI_Barrier)
#----------------------------------------------------------------
       #bytes #repetitions  t_min[usec]  t_max[usec]  t_avg[usec]
            0         1000         1.62         1.64         1.63
            4         1000         8.47         8.99         8.73
            8         1000         9.02         9.04         9.03
           16         1000         8.89         9.09         8.99
           32         1000        12.27        12.43        12.35
           64         1000        12.22        12.36        12.29
          128         1000        11.76        12.04        11.90
          256         1000        13.35        13.38        13.36
          512         1000        13.36        13.49        13.42
         1024         1000        13.74        13.76        13.75
         2048         1000        14.08        14.25        14.17
         4096         1000        14.87        15.14        15.00
         8192         1000        17.01        17.46        17.24
        16384         1000        21.24        21.48        21.36
        32768         1000        27.57        27.76        27.67
        65536          640        39.64        39.93        39.78
       131072          320        62.86        63.07        62.97
       262144          160       106.74       110.29       108.51
       524288           80       232.47       242.57       237.52
      1048576           40       500.01       500.96       500.48
      2097152           20       871.91       877.00       874.45
      4194304           10      3391.34      3398.35      3394.84

#----------------------------------------------------------------
# Benchmarking Reduce_scatter 
# #processes = 4 
# ( 60 additional processes waiting in MPI_Barrier)
#----------------------------------------------------------------
       #bytes #repetitions  t_min[usec]  t_max[usec]  t_avg[usec]
            0         1000         1.76         1.83         1.79
            4         1000         7.22        16.86        11.59
            8         1000         7.22        18.38        12.61
           16         1000        15.66        15.89        15.76
           32         1000        20.16        21.01        20.70
           64         1000        21.88        22.36        22.16
          128         1000        22.74        23.33        23.07
          256         1000        22.39        23.35        23.03
          512         1000        23.18        23.97        23.67
         1024         1000        23.87        24.27        24.03
         2048         1000        24.19        24.58        24.39
         4096         1000        25.31        25.59        25.46
         8192         1000        30.07        30.72        30.35
        16384         1000        37.22        37.55        37.37
        32768         1000        47.45        47.73        47.65
        65536          640        69.21        70.76        70.09
       131072          320       107.74       108.80       108.31
       262144          160       198.21       200.18       199.14
       524288           80       318.24       320.21       319.18
      1048576           40       619.03       666.64       633.56
      2097152           20      1366.11      1396.32      1382.32
      4194304           10      2291.39      2330.28      2311.26

#----------------------------------------------------------------
# Benchmarking Reduce_scatter 
# #processes = 8 
# ( 56 additional processes waiting in MPI_Barrier)
#----------------------------------------------------------------
       #bytes #repetitions  t_min[usec]  t_max[usec]  t_avg[usec]
            0         1000         1.85         1.90         1.87
            4         1000         7.43        22.35        13.00
            8         1000         7.41        26.20        13.73
           16         1000        13.04        28.56        19.96
           32         1000        24.86        26.58        25.85
           64         1000        28.83        30.59        29.65
          128         1000        31.32        32.43        31.76
          256         1000        30.79        32.30        31.45
          512         1000        30.92        32.01        31.35
         1024         1000        33.28        34.16        33.58
         2048         1000        32.47        33.33        32.73
         4096         1000        34.08        34.83        34.38
         8192         1000        41.83        43.62        42.72
        16384         1000        48.16        49.09        48.69
        32768         1000        61.51        62.80        62.27
        65536          640        91.38        93.26        92.42
       131072          320       161.17       163.39       162.41
       262144          160       270.22       273.91       272.34
       524288           80       528.33       533.96       531.60
      1048576           40      1104.48      1162.82      1139.69
      2097152           20      1816.95      1882.60      1860.90
      4194304           10      3343.89      3416.92      3382.21

#----------------------------------------------------------------
# Benchmarking Reduce_scatter 
# #processes = 16 
# ( 48 additional processes waiting in MPI_Barrier)
#----------------------------------------------------------------
       #bytes #repetitions  t_min[usec]  t_max[usec]  t_avg[usec]
            0         1000         1.90         1.99         1.94
            4         1000         7.61        29.68        14.15
            8         1000         7.64        33.06        14.46
           16         1000        13.84        35.67        21.23
           32         1000        13.79        38.14        25.50
           64         1000        40.10        42.21        41.27
          128         1000        43.21        44.47        43.70
          256         1000        43.77        46.57        45.29
          512         1000        43.21        45.67        44.23
         1024         1000        43.84        46.05        44.56
         2048         1000        44.46        46.46        45.17
         4096         1000        48.08        50.67        49.18
         8192         1000        54.97        57.65        55.86
        16384         1000        65.22        68.89        66.97
        32768         1000        84.16        86.73        85.04
        65536          640       117.23       119.98       118.52
       131072          320       280.19       284.33       282.44
       262144          160       421.67       427.00       423.53
       524288           80       718.78       732.70       724.45
      1048576           40      1222.74      1238.70      1229.25
      2097152           20      2524.45      2572.14      2552.02
      4194304           10      4048.18      4137.21      4088.76

#----------------------------------------------------------------
# Benchmarking Reduce_scatter 
# #processes = 32 
# ( 32 additional processes waiting in MPI_Barrier)
#----------------------------------------------------------------
       #bytes #repetitions  t_min[usec]  t_max[usec]  t_avg[usec]
            0         1000         2.26         2.65         2.34
            4         1000         9.16        36.86        16.00
            8         1000         9.22        43.58        16.45
           16         1000        14.83        46.16        22.98
           32         1000        14.76        50.89        26.10
           64         1000        14.45        53.70        33.34
          128         1000        48.50        50.97        49.74
          256         1000        54.37        57.30        55.88
          512         1000        57.31        60.05        58.84
         1024         1000        55.20        57.01        56.12
         2048         1000        55.43        58.17        56.67
         4096         1000        59.03        62.69        60.73
         8192         1000        67.99        71.31        69.61
        16384         1000        85.57        90.66        88.92
        32768         1000        97.17       103.92        99.97
        65536          640       134.74       139.92       137.46
       131072          320       208.92       216.16       212.68
       262144          160       703.99       716.44       710.16
       524288           80      1074.70      1086.38      1081.19
      1048576           40      1607.49      1629.39      1618.56
      2097152           20      2625.27      2653.81      2641.17
      4194304           10      5431.34      5551.29      5497.19

#----------------------------------------------------------------
# Benchmarking Reduce_scatter 
# #processes = 64 
#----------------------------------------------------------------
       #bytes #repetitions  t_min[usec]  t_max[usec]  t_avg[usec]
            0         1000         2.42         2.87         2.50
            4         1000         9.80        45.89        17.15
            8         1000         9.76        58.87        17.91
           16         1000        15.48        60.08        24.19
           32         1000        15.44        63.05        25.77
           64         1000        15.15        62.37        29.24
          128         1000        15.64        75.08        42.64
          256         1000        79.62        85.68        81.74
          512         1000        68.94        79.46        72.94
         1024         1000        68.54        71.04        69.48
         2048         1000        74.22        78.20        75.84
         4096         1000        78.05        81.31        79.69
         8192         1000        82.70        86.10        84.27
        16384         1000        96.29       100.52        98.48
        32768         1000       130.30       134.26       131.94
        65536          640       163.62       168.57       165.89
       131072          320       248.38       263.84       257.06
       262144          160       485.33       501.33       491.36
       524288           80      1604.30      1615.34      1609.71
      1048576           40      2269.60      2301.39      2282.52
      2097152           20      3450.80      3485.49      3466.81
      4194304           10      5611.11      5690.69      5648.96

#----------------------------------------------------------------
# Benchmarking Allgather 
# #processes = 2 
# ( 62 additional processes waiting in MPI_Barrier)
#----------------------------------------------------------------
       #bytes #repetitions  t_min[usec]  t_max[usec]  t_avg[usec]
            0         1000         0.69         0.70         0.69
            1         1000         6.38         6.73         6.56
            2         1000         6.56         6.75         6.66
            4         1000         6.40         6.76         6.58
            8         1000         6.54         6.76         6.65
           16         1000        10.04        10.22        10.13
           32         1000         9.88        10.18        10.03
           64         1000         9.78         9.89         9.84
          128         1000        10.19        10.29        10.24
          256         1000        10.23        10.38        10.30
          512         1000        10.32        10.59        10.45
         1024         1000        10.67        10.87        10.77
         2048         1000        11.04        11.22        11.13
         4096         1000        13.21        13.28        13.25
         8192         1000        16.10        16.30        16.20
        16384         1000        20.99        21.16        21.07
        32768         1000        30.82        31.22        31.02
        65536          640        47.67        47.97        47.82
       131072          320        94.02        95.44        94.73
       262144          160       120.09       122.97       121.53
       524288           80       285.17       293.08       289.13
      1048576           40       492.41       493.05       492.73
      2097152           20       792.90       797.15       795.02
      4194304           10      1391.39      1392.58      1391.98

#----------------------------------------------------------------
# Benchmarking Allgather 
# #processes = 4 
# ( 60 additional processes waiting in MPI_Barrier)
#----------------------------------------------------------------
       #bytes #repetitions  t_min[usec]  t_max[usec]  t_avg[usec]
            0         1000         0.83         0.89         0.86
            1         1000        12.35        12.81        12.57
            2         1000        11.60        12.16        11.93
            4         1000        11.68        12.34        12.05
            8         1000        15.47        16.09        15.76
           16         1000        18.21        19.01        18.60
           32         1000        18.16        18.88        18.50
           64         1000        17.96        18.38        18.15
          128         1000        18.53        19.18        18.82
          256         1000        18.48        19.51        18.97
          512         1000        19.13        20.30        19.65
         1024         1000        20.08        21.00        20.47
         2048         1000        22.87        24.10        23.49
         4096         1000        27.60        27.85        27.76
         8192         1000        35.03        35.58        35.27
        16384         1000        49.23        49.51        49.37
        32768         1000        75.65        76.41        76.09
        65536          640       143.79       145.65       144.43
       131072          320       202.64       220.64       211.56
       262144          160       219.47       223.32       221.32
       524288           80       348.97       358.02       354.18
      1048576           40       982.36      1013.36       996.98
      2097152           20      1095.76      1114.42      1102.69
      4194304           10      1835.82      1866.91      1851.67

#----------------------------------------------------------------
# Benchmarking Allgather 
# #processes = 8 
# ( 56 additional processes waiting in MPI_Barrier)
#----------------------------------------------------------------
       #bytes #repetitions  t_min[usec]  t_max[usec]  t_avg[usec]
            0         1000         0.84         0.92         0.88
            1         1000        15.82        17.12        16.28
            2         1000        16.20        17.41        16.72
            4         1000        19.26        20.98        20.02
            8         1000        22.48        23.49        23.08
           16         1000        25.34        26.64        25.85
           32         1000        25.48        26.79        25.90
           64         1000        24.87        25.61        25.20
          128         1000        25.52        26.60        25.93
          256         1000        26.08        26.60        26.29
          512         1000        27.85        28.68        28.16
         1024         1000        30.99        32.68        31.78
         2048         1000        36.70        37.99        37.35
         4096         1000        47.35        48.10        47.72
         8192         1000        64.08        64.85        64.53
        16384         1000        98.39       100.54        99.59
        32768         1000       177.22       215.11       188.53
        65536          640       255.81       315.84       269.85
       131072          320       294.16       360.12       320.21
       262144          160       354.26       436.29       392.06
       524288           80       743.55     10735.60      3755.35
      1048576           40      4084.69     17863.04     10136.95
      2097152           20      3663.93     23042.25     14522.70
      4194304           10     11098.89     35940.55     25446.68

#----------------------------------------------------------------
# Benchmarking Allgather 
# #processes = 16 
# ( 48 additional processes waiting in MPI_Barrier)
#----------------------------------------------------------------
       #bytes #repetitions  t_min[usec]  t_max[usec]  t_avg[usec]
            0         1000         0.87         0.97         0.91
            1         1000        21.86        23.38        22.46
            2         1000        25.90        26.83        26.37
            4         1000        28.65        30.28        29.41
            8         1000        31.69        32.48        32.14
           16         1000        34.16        35.13        34.61
           32         1000        35.17        35.97        35.54
           64         1000        34.33        35.12        34.69
          128         1000        34.61        35.57        35.08
          256         1000        39.66        41.82        40.75
          512         1000        41.69        42.82        42.31
         1024         1000        49.48        50.52        49.98
         2048         1000        61.51        62.85        62.32
         4096         1000        83.79        85.71        84.90
         8192         1000       125.29       128.18       126.74
        16384         1000       222.17       260.00       240.41
        32768         1000       294.56       354.10       325.76
        65536          640       396.20       469.36       426.34
       131072          320       682.82      2817.98      1221.87
       262144          160      1381.11      4342.82      2426.89
       524288           80      1806.15     19539.97      7762.39
      1048576           40      3256.64     27399.49     15302.93
      2097152           20     20170.47     50402.09     35592.14
      4194304           10     21801.97     65201.12     43863.48

#----------------------------------------------------------------
# Benchmarking Allgather 
# #processes = 32 
# ( 32 additional processes waiting in MPI_Barrier)
#----------------------------------------------------------------
       #bytes #repetitions  t_min[usec]  t_max[usec]  t_avg[usec]
            0         1000         0.87         0.97         0.91
            1         1000        33.01        34.97        33.92
            2         1000        39.69        41.94        40.23
            4         1000        37.11        38.80        38.05
            8         1000        40.70        42.22        41.44
           16         1000        46.05        47.90        46.89
           32         1000        45.94        47.91        47.22
           64         1000        47.84        50.37        49.15
          128         1000        50.76        53.68        52.10
          256         1000        52.25        53.76        52.99
          512         1000        62.11        64.76        63.17
         1024         1000        82.02        86.98        84.04
         2048         1000       107.27       112.92       110.47
         4096         1000       146.18       151.87       147.81
         8192         1000       237.54       281.34       261.02
        16384         1000       326.04       400.67       353.65
        32768         1000       428.44       503.92       461.65
        65536          640       698.82      3580.85      1038.76
       131072          320       944.48      3832.48      1607.47
       262144          160      4155.94     17497.78     11797.67
       524288           80      7494.53     24223.16     17343.16
      1048576           40     16598.77     44559.50     33882.00
      2097152           20     35052.80     80138.56     56765.31
      4194304           10     53944.83    139633.70     88888.61

#----------------------------------------------------------------
# Benchmarking Allgather 
# #processes = 64 
#----------------------------------------------------------------
       #bytes #repetitions  t_min[usec]  t_max[usec]  t_avg[usec]
            0         1000         0.89         1.02         0.93
            1         1000        47.82        49.82        48.80
            2         1000        51.96        53.77        52.85
            4         1000        54.61        56.04        55.37
            8         1000        55.25        56.90        56.15
           16         1000        58.08        59.60        59.01
           32         1000        62.09        63.87        62.87
           64         1000        63.62        65.60        64.48
          128         1000        66.71        68.40        67.55
          256         1000        83.24        85.97        84.60
          512         1000       102.50       106.59       104.65
         1024         1000       126.82       132.79       129.70
         2048         1000       172.96       179.96       176.22
         4096         1000       264.87       304.24       282.68
         8192         1000       356.86       414.72       381.03
        16384         1000       485.74       576.70       535.27
        32768         1000       713.93      4373.66      1234.39
        65536          640      1073.04      4789.24      1980.02
       131072          320      2183.01     23837.16      8102.59
       262144          160      5476.68     31705.94     15912.02
       524288           80     13607.40     46135.40     29432.51
      1048576           40     26799.02     89949.86     52605.15
      2097152           20     39079.59    161583.46     95614.35
      4194304           10     73846.89    192277.62    132965.08

#----------------------------------------------------------------
# Benchmarking Allgatherv 
# #processes = 2 
# ( 62 additional processes waiting in MPI_Barrier)
#----------------------------------------------------------------
       #bytes #repetitions  t_min[usec]  t_max[usec]  t_avg[usec]
            0         1000         0.81         0.82         0.81
            1         1000         7.26         7.50         7.38
            2         1000         7.47         7.62         7.55
            4         1000         7.30         7.54         7.42
            8         1000         7.46         7.58         7.52
           16         1000        10.78        10.96        10.87
           32         1000        10.74        10.88        10.81
           64         1000        10.36        10.55        10.45
          128         1000        10.72        10.94        10.83
          256         1000        10.81        11.07        10.94
          512         1000        11.14        11.35        11.25
         1024         1000        11.41        11.51        11.46
         2048         1000        12.03        12.20        12.12
         4096         1000        14.06        14.31        14.18
         8192         1000        17.15        17.43        17.29
        16384         1000        21.94        21.94        21.94
        32768         1000        31.34        31.50        31.42
        65536          640        47.97        48.26        48.12
       131072          320        94.12        94.82        94.47
       262144          160       119.98       123.68       121.83
       524288           80       285.00       292.34       288.67
      1048576           40       480.67       482.42       481.54
      2097152           20       753.50       757.63       755.57
      4194304           10      1324.49      1328.73      1326.61

#----------------------------------------------------------------
# Benchmarking Allgatherv 
# #processes = 4 
# ( 60 additional processes waiting in MPI_Barrier)
#----------------------------------------------------------------
       #bytes #repetitions  t_min[usec]  t_max[usec]  t_avg[usec]
            0         1000         0.97         1.01         0.98
            1         1000        14.13        14.80        14.49
            2         1000        13.96        14.23        14.14
            4         1000        14.19        14.56        14.36
            8         1000        17.90        18.43        18.11
           16         1000        20.45        21.06        20.74
           32         1000        21.17        21.34        21.25
           64         1000        21.68        23.31        22.43
          128         1000        21.18        21.64        21.41
          256         1000        21.61        22.05        21.89
          512         1000        22.40        23.21        22.80
         1024         1000        23.23        23.67        23.45
         2048         1000        26.87        26.98        26.92
         4096         1000        31.53        32.06        31.79
         8192         1000        41.02        41.16        41.09
        16384         1000        56.84        57.80        57.21
        32768         1000        85.29        87.19        86.26
        65536          640       140.49       143.67       142.30
       131072          320       298.53       306.16       302.81
       262144          160       310.03       332.01       318.85
       524288           80       554.95       566.38       560.72
      1048576           40       877.59       903.85       890.93
      2097152           20      1573.36      1638.05      1605.03
      4194304           10      2824.19      2969.00      2905.91

#----------------------------------------------------------------
# Benchmarking Allgatherv 
# #processes = 8 
# ( 56 additional processes waiting in MPI_Barrier)
#----------------------------------------------------------------
       #bytes #repetitions  t_min[usec]  t_max[usec]  t_avg[usec]
            0         1000         1.00         1.06         1.02
            1         1000        18.34        19.80        19.05
            2         1000        18.66        19.50        19.03
            4         1000        22.41        23.51        22.84
            8         1000        26.44        27.19        26.72
           16         1000        29.46        30.59        29.79
           32         1000        28.75        29.89        29.24
           64         1000        28.81        29.98        29.23
          128         1000        29.72        30.41        29.93
          256         1000        30.22        31.30        30.59
          512         1000        31.93        32.77        32.24
         1024         1000        35.82        37.03        36.46
         2048         1000        42.11        42.89        42.48
         4096         1000        52.63        53.39        53.02
         8192         1000        71.48        73.46        72.43
        16384         1000       110.14       113.12       111.06
        32768         1000       208.28       214.81       210.53
        65536          640       376.58       382.24       379.95
       131072          320       699.77       741.92       715.25
       262144          160      3161.49      4889.75      4040.09
       524288           80      3035.53      6912.99      5166.30
      1048576           40      2231.74      7887.57      4852.54
      2097152           20      3314.81      8755.11      5241.45
      4194304           10      6337.74     22328.85     11628.63

#----------------------------------------------------------------
# Benchmarking Allgatherv 
# #processes = 16 
# ( 48 additional processes waiting in MPI_Barrier)
#----------------------------------------------------------------
       #bytes #repetitions  t_min[usec]  t_max[usec]  t_avg[usec]
            0         1000         1.03         1.12         1.09
            1         1000        24.41        26.19        25.35
            2         1000        29.26        30.51        30.00
            4         1000        32.50        34.01        33.31
            8         1000        38.18        39.13        38.61
           16         1000        38.84        39.53        39.17
           32         1000        41.84        43.13        42.47
           64         1000        37.88        38.84        38.19
          128         1000        39.37        40.43        39.79
          256         1000        40.85        41.40        41.13
          512         1000        45.96        46.77        46.40
         1024         1000        54.65        55.90        55.31
         2048         1000        68.74        69.43        69.07
         4096         1000        90.72        93.22        91.57
         8192         1000       137.38       142.81       139.93
        16384         1000       301.68       308.17       304.08
        32768         1000       495.55       504.67       501.41
        65536          640       840.73       861.72       851.49
       131072          320      1852.64      5794.07      3574.37
       262144          160      5930.33      8094.83      6669.84
       524288           80      8335.26     10312.24      9013.72
      1048576           40     10944.65     14900.32     12091.48
      2097152           20     14412.61     19599.31     15888.79
      4194304           10     36035.94     53335.88     39944.24

#----------------------------------------------------------------
# Benchmarking Allgatherv 
# #processes = 32 
# ( 32 additional processes waiting in MPI_Barrier)
#----------------------------------------------------------------
       #bytes #repetitions  t_min[usec]  t_max[usec]  t_avg[usec]
            0         1000         1.19         1.30         1.23
            1         1000        36.80        38.36        37.68
            2         1000        40.45        41.87        41.22
            4         1000        44.39        46.22        45.33
            8         1000        47.28        48.86        47.95
           16         1000        48.42        49.50        49.00
           32         1000        49.68        51.07        50.44
           64         1000        50.04        51.32        50.76
          128         1000        54.07        55.19        54.74
          256         1000        59.35        60.68        60.16
          512         1000        67.74        72.49        69.19
         1024         1000        85.07        91.62        87.20
         2048         1000       114.73       123.83       117.59
         4096         1000       167.30       178.35       170.45
         8192         1000       307.95       357.63       330.58
        16384         1000       611.62       674.32       643.48
        32768         1000       903.08       996.34       951.94
        65536          640      1691.92      8200.27      3602.77
       131072          320      3422.10      3631.83      3514.46
       262144          160     12983.46     14664.18     13928.56
       524288           80     16115.22     21165.11     19140.60
      1048576           40     34243.61     44591.35     40286.19
      2097152           20     71139.29    123111.02     97343.03
      4194304           10    167008.38    286353.73    225501.54

#----------------------------------------------------------------
# Benchmarking Allgatherv 
# #processes = 64 
#----------------------------------------------------------------
       #bytes #repetitions  t_min[usec]  t_max[usec]  t_avg[usec]
            0         1000         1.41         1.54         1.46
            1         1000        53.91        56.39        55.02
            2         1000        57.98        60.25        59.27
            4         1000        60.31        62.80        61.33
            8         1000        64.19        67.47        65.59
           16         1000        65.11        66.16        65.53
           32         1000        68.71        71.34        69.90
           64         1000        68.26        70.20        69.11
          128         1000        76.92        79.58        77.96
          256         1000        85.22        88.65        87.13
          512         1000       110.95       116.82       113.82
         1024         1000       144.32       153.77       147.84
         2048         1000       198.21       220.09       204.75
         4096         1000       352.68       390.31       375.07
         8192         1000       609.42       721.05       687.27
        16384         1000       958.36      1128.05      1042.60
        32768         1000      1996.26      7715.55      4425.26
        65536          640      3493.42      3622.06      3576.00
       131072          320      7071.65      8108.48      7597.29
       262144          160     23933.30     31910.79     27703.94
       524288           80     35132.65     52124.27     44818.92
      1048576           40     55839.50     82703.89     65727.18
      2097152           20    112318.36    166105.35    138759.00
      4194304           10    220285.44    327761.36    285431.57

#----------------------------------------------------------------
# Benchmarking Gather 
# #processes = 2 
# ( 62 additional processes waiting in MPI_Barrier)
#----------------------------------------------------------------
       #bytes #repetitions  t_min[usec]  t_max[usec]  t_avg[usec]
            0         1000         0.78         0.80         0.79
            1         1000         3.05         6.13         4.59
            2         1000         3.21         6.06         4.63
            4         1000         2.99         6.15         4.57
            8         1000         3.07         6.00         4.53
           16         1000         8.89        10.10         9.49
           32         1000         8.99        10.36         9.67
           64         1000         8.61         9.68         9.15
          128         1000         8.07         8.84         8.45
          256         1000         8.08         8.81         8.45
          512         1000         8.21         8.92         8.57
         1024         1000         8.46         9.38         8.92
         2048         1000         8.89         9.88         9.38
         4096         1000        10.41        11.27        10.84
         8192         1000        11.67        12.48        12.08
        16384         1000        14.09        15.07        14.58
        32768         1000        18.50        19.56        19.03
        65536          640        27.85        29.52        28.69
       131072          320        49.49        50.31        49.90
       262144          160        71.29        86.94        79.11
       524288           80       201.56       206.08       203.82
      1048576           40       397.42       400.10       398.76
      2097152           20       672.46       672.65       672.55
      4194304           10      1237.75      1238.20      1237.98

#----------------------------------------------------------------
# Benchmarking Gather 
# #processes = 4 
# ( 60 additional processes waiting in MPI_Barrier)
#----------------------------------------------------------------
       #bytes #repetitions  t_min[usec]  t_max[usec]  t_avg[usec]
            0         1000         0.88         0.95         0.91
            1         1000         3.27        10.41         5.16
            2         1000         3.32        10.93         5.30
            4         1000         3.28        13.63         5.96
            8         1000         3.27        15.03         6.33
           16         1000        10.47        11.97        11.21
           32         1000        10.46        11.82        10.93
           64         1000         9.96        11.44        10.47
          128         1000        10.49        12.08        11.11
          256         1000        10.12        13.99        11.60
          512         1000        10.69        12.46        11.36
         1024         1000        10.92        12.65        11.57
         2048         1000        11.79        13.45        12.46
         4096         1000        14.29        16.29        15.04
         8192         1000        17.77        19.49        18.60
        16384         1000        23.71        25.38        24.70
        32768         1000        36.07        37.87        37.34
        65536          640        62.66        67.63        65.88
       131072          320       126.23       139.21       135.41
       262144          160       110.57       116.17       112.75
       524288           80       264.14       288.08       277.37
      1048576           40       520.44       550.44       539.65
      2097152           20       965.14       998.76       987.24
      4194304           10      1863.17      1913.29      1895.11

#----------------------------------------------------------------
# Benchmarking Gather 
# #processes = 8 
# ( 56 additional processes waiting in MPI_Barrier)
#----------------------------------------------------------------
       #bytes #repetitions  t_min[usec]  t_max[usec]  t_avg[usec]
            0         1000         0.89         0.95         0.90
            1         1000         3.27        17.61         5.23
            2         1000         3.24        17.55         5.21
            4         1000         3.23        17.28         5.14
            8         1000         3.20        17.28         5.14
           16         1000        12.98        18.96        14.93
           32         1000        12.99        19.39        15.04
           64         1000        12.32        18.46        14.30
          128         1000        13.36        19.55        15.27
          256         1000        12.83        18.91        14.84
          512         1000        13.64        19.41        15.54
         1024         1000        14.18        20.28        16.22
         2048         1000        15.93        22.10        18.03
         4096         1000        20.85        27.09        22.97
         8192         1000        27.74        33.67        29.82
        16384         1000        41.36        47.06        43.66
        32768         1000        75.65        82.86        79.64
        65536          640       156.93       187.06       164.24
       131072          320       265.50       304.55       273.27
       262144          160       171.60       209.65       188.85
       524288           80       395.96       464.92       434.09
      1048576           40       783.46       893.05       860.26
      2097152           20      1556.47      1688.16      1653.14
      4194304           10      3152.25      3264.31      3227.00

#----------------------------------------------------------------
# Benchmarking Gather 
# #processes = 16 
# ( 48 additional processes waiting in MPI_Barrier)
#----------------------------------------------------------------
       #bytes #repetitions  t_min[usec]  t_max[usec]  t_avg[usec]
            0         1000         0.88         0.99         0.91
            1         1000         3.31        28.40         5.00
            2         1000         3.28        28.39         5.00
            4         1000         3.28        28.13         4.95
            8         1000         3.26        30.08         5.08
           16         1000        20.52        34.20        23.24
           32         1000        19.92        33.76        23.22
           64         1000        18.38        32.27        21.67
          128         1000        19.54        33.58        22.95
          256         1000        19.21        33.70        22.65
          512         1000        20.11        34.63        23.38
         1024         1000        21.58        36.85        24.81
         2048         1000        24.47        39.52        27.63
         4096         1000        35.42        49.80        38.73
         8192         1000        48.91        63.75        52.98
        16384         1000        83.02        99.38        88.02
        32768         1000       171.32       214.96       179.52
        65536          640       325.56       378.30       334.54
       131072          320       518.80       577.64       528.36
       262144          160       153.01       387.00       291.94
       524288           80       328.48       810.66       630.62
      1048576           40       785.49      1573.82      1248.02
      2097152           20      1556.40      3044.59      2416.48
      4194304           10      3154.92      6047.27      4778.41

#----------------------------------------------------------------
# Benchmarking Gather 
# #processes = 32 
# ( 32 additional processes waiting in MPI_Barrier)
#----------------------------------------------------------------
       #bytes #repetitions  t_min[usec]  t_max[usec]  t_avg[usec]
            0         1000         0.89         0.99         0.91
            1         1000         5.49        33.35        10.92
            2         1000         5.53        34.14        11.42
            4         1000         5.55        36.27        12.14
            8         1000         5.51        37.46        13.73
           16         1000        10.73        38.73        16.88
           32         1000        10.78        37.48        16.75
           64         1000        10.77        40.21        17.58
          128         1000        11.66        38.40        17.82
          256         1000        11.66        41.09        18.00
          512         1000        11.87        48.32        19.29
         1024         1000        33.68        65.14        40.09
         2048         1000        39.34        72.88        45.96
         4096         1000        61.23        92.13        66.81
         8192         1000        97.10       132.51       101.63
        16384         1000       189.16       258.00       198.75
        32768         1000       354.03       434.66       365.45
        65536          640       650.87       733.71       663.15
       131072          320      1022.05      1111.36      1032.04
       262144          160      1666.57      2670.23      1949.59
       524288           80      2407.23      3774.66      2903.22
      1048576           40      2004.41      3574.07      2882.17
      2097152           20      1925.80      5847.24      4387.36
      4194304           10      5636.10     12306.19      9566.82

#----------------------------------------------------------------
# Benchmarking Gather 
# #processes = 64 
#----------------------------------------------------------------
       #bytes #repetitions  t_min[usec]  t_max[usec]  t_avg[usec]
            0         1000         0.90         1.01         0.94
            1         1000         5.51        43.49        11.88
            2         1000         5.57        45.73        12.79
            4         1000         5.57        46.83        13.31
            8         1000         5.54        48.90        14.85
           16         1000        10.96        47.84        17.83
           32         1000        10.91        45.04        17.23
           64         1000        10.84        47.99        17.66
          128         1000        11.69        53.37        18.88
          256         1000        11.64        57.82        19.54
          512         1000        12.19        66.60        20.69
         1024         1000        60.27       119.20        70.77
         2048         1000        73.14       133.21        83.54
         4096         1000       125.93       194.81       135.38
         8192         1000       219.61       342.83       234.94
        16384         1000       389.33       526.88       405.22
        32768         1000       715.07       859.02       732.04
srun: Job step aborted: Waiting up to 32 seconds for job step to finish.
slurmstepd: error: *** STEP 25601.0 ON mpp3r01c01s01 CANCELLED AT 2017-11-30T16:12:21 DUE TO TIME LIMIT ***
slurmstepd: error: *** JOB 25601 ON mpp3r01c01s01 CANCELLED AT 2017-11-30T16:12:21 DUE TO TIME LIMIT ***
        65536          640        30.13      1879.98       234.01
srun: got SIGCONT
srun: forcing job termination
