#------------------------------------------------------------
#    Intel (R) MPI Benchmarks 2018 Update 1, MPI-1 part    
#------------------------------------------------------------
# Date                  : Fri Dec  1 14:15:37 2017
# Machine               : x86_64
# System                : Linux
# Release               : 4.4.74-92.35-default
# Version               : #1 SMP Mon Aug 7 18:24:48 UTC 2017 (c0fdc47)
# MPI Version           : 3.1
# MPI Thread Environment: 


# Calling sequence was: 

# ./IMB-MPI1

# Minimum message length in bytes:   0
# Maximum message length in bytes:   4194304
#
# MPI_Datatype                   :   MPI_BYTE 
# MPI_Datatype for reductions    :   MPI_FLOAT
# MPI_Op                         :   MPI_SUM  
#
#

# List of Benchmarks to run:

# PingPong
# PingPing
# Sendrecv
# Exchange
# Allreduce
# Reduce
# Reduce_scatter
# Allgather
# Allgatherv
# Gather
# Gatherv
# Scatter
# Scatterv
# Alltoall
# Alltoallv
# Bcast
# Barrier

#---------------------------------------------------
# Benchmarking PingPong 
# #processes = 2 
# ( 2 additional processes waiting in MPI_Barrier)
#---------------------------------------------------
       #bytes #repetitions      t[usec]   Mbytes/sec
            0         1000         3.20         0.00
            1         1000         3.27         0.31
            2         1000         3.29         0.61
            4         1000         3.24         1.23
            8         1000         3.28         2.44
           16         1000         5.13         3.12
           32         1000         5.09         6.29
           64         1000         4.96        12.91
          128         1000         5.01        25.57
          256         1000         5.05        50.74
          512         1000         5.16        99.29
         1024         1000         5.46       187.70
         2048         1000         5.82       351.77
         4096         1000         7.10       576.79
         8192         1000         8.58       955.17
        16384         1000        10.64      1540.57
        32768         1000        15.31      2140.01
        65536          640        24.31      2695.65
       131072          320        46.56      2814.97
       262144          160        79.37      3302.89
       524288           80       112.17      4674.05
      1048576           40       166.74      6288.76
      2097152           20       244.77      8567.76
      4194304           10       434.10      9662.05

#---------------------------------------------------
# Benchmarking PingPing 
# #processes = 2 
# ( 2 additional processes waiting in MPI_Barrier)
#---------------------------------------------------
       #bytes #repetitions      t[usec]   Mbytes/sec
            0         1000         3.77         0.00
            1         1000         3.89         0.26
            2         1000         3.92         0.51
            4         1000         3.82         1.05
            8         1000         3.81         2.10
           16         1000         7.31         2.19
           32         1000         7.28         4.40
           64         1000         7.06         9.07
          128         1000         7.12        17.99
          256         1000        13.76        18.60
          512         1000         7.36        69.54
         1024         1000         7.67       133.59
         2048         1000         8.12       252.37
         4096         1000        10.25       399.49
         8192         1000        13.31       615.44
        16384         1000        16.91       969.00
        32768         1000        26.36      1242.95
        65536          640        42.72      1534.18
       131072          320        59.33      2209.16
       262144          160        71.39      3671.77
       524288           80       109.17      4802.28
      1048576           40       147.05      7130.71
      2097152           20       242.90      8633.78
      4194304           10       418.71     10017.19

#-----------------------------------------------------------------------------
# Benchmarking Sendrecv 
# #processes = 2 
# ( 2 additional processes waiting in MPI_Barrier)
#-----------------------------------------------------------------------------
       #bytes #repetitions  t_min[usec]  t_max[usec]  t_avg[usec]   Mbytes/sec
            0         1000         3.21         3.21         3.21         0.00
            1         1000         3.26         3.26         3.26         0.61
            2         1000         3.26         3.26         3.26         1.23
            4         1000         3.23         3.23         3.23         2.48
            8         1000         3.25         3.25         3.25         4.92
           16         1000         6.08         6.08         6.08         5.26
           32         1000         6.02         6.03         6.03        10.62
           64         1000         5.78         5.78         5.78        22.15
          128         1000         5.87         5.87         5.87        43.60
          256         1000         5.98         5.98         5.98        85.66
          512         1000         6.15         6.15         6.15       166.56
         1024         1000         6.54         6.54         6.54       313.01
         2048         1000         6.94         6.94         6.94       589.87
         4096         1000         8.81         8.81         8.81       929.42
         8192         1000        11.00        11.00        11.00      1489.47
        16384         1000        15.03        15.03        15.03      2179.74
        32768         1000        25.05        25.05        25.05      2615.79
        65536          640        41.60        41.60        41.60      3150.55
       131072          320        55.24        55.25        55.25      4744.96
       262144          160        85.69        85.76        85.72      6113.70
       524288           80       138.00       138.05       138.02      7595.61
      1048576           40       145.03       145.07       145.05     14455.96
      2097152           20       250.40       250.45       250.42     16747.29
      4194304           10       416.61       417.40       417.01     20097.32

#-----------------------------------------------------------------------------
# Benchmarking Sendrecv 
# #processes = 4 
#-----------------------------------------------------------------------------
       #bytes #repetitions  t_min[usec]  t_max[usec]  t_avg[usec]   Mbytes/sec
            0         1000         3.20         3.20         3.20         0.00
            1         1000         3.28         3.28         3.28         0.61
            2         1000         3.19         3.19         3.19         1.25
            4         1000         3.23         3.23         3.23         2.48
            8         1000         3.22         3.22         3.22         4.97
           16         1000         6.54         6.54         6.54         4.89
           32         1000         6.66         6.66         6.66         9.61
           64         1000         6.10         6.10         6.10        20.97
          128         1000         7.18         7.19         7.18        35.62
          256         1000         6.61         6.61         6.61        77.50
          512         1000         6.66         6.66         6.66       153.64
         1024         1000         7.27         7.31         7.28       280.24
         2048         1000         8.00         8.00         8.00       511.87
         4096         1000         9.99         9.99         9.99       819.69
         8192         1000        13.47        13.47        13.47      1215.97
        16384         1000        20.15        20.16        20.15      1625.48
        32768         1000        31.42        31.44        31.43      2084.29
        65536          640        50.61        50.67        50.64      2586.84
       131072          320        70.58        70.74        70.67      3706.00
       262144          160        93.98        94.11        94.04      5571.29
       524288           80       155.95       157.60       156.73      6653.37
      1048576           40       200.58       203.62       202.07     10299.27
      2097152           20       345.60       355.30       352.64     11804.86
      4194304           10       676.30       705.81       697.65     11885.01

#-----------------------------------------------------------------------------
# Benchmarking Exchange 
# #processes = 2 
# ( 2 additional processes waiting in MPI_Barrier)
#-----------------------------------------------------------------------------
       #bytes #repetitions  t_min[usec]  t_max[usec]  t_avg[usec]   Mbytes/sec
            0         1000         7.21         7.21         7.21         0.00
            1         1000         7.84         7.85         7.84         0.51
            2         1000         7.86         7.86         7.86         1.02
            4         1000         8.01         8.01         8.01         2.00
            8         1000         7.97         7.97         7.97         4.02
           16         1000        11.49        11.49        11.49         5.57
           32         1000        11.48        11.49        11.48        11.14
           64         1000        11.11        11.11        11.11        23.05
          128         1000        11.36        11.36        11.36        45.07
          256         1000        11.45        11.45        11.45        89.42
          512         1000        11.59        11.59        11.59       176.66
         1024         1000        12.20        12.21        12.21       335.52
         2048         1000        13.13        13.13        13.13       623.72
         4096         1000        18.20        18.20        18.20       900.07
         8192         1000        24.35        24.35        24.35      1345.82
        16384         1000        34.36        34.36        34.36      1907.32
        32768         1000        51.76        51.76        51.76      2532.11
        65536          640        86.67        86.67        86.67      3024.66
       131072          320       107.42       107.42       107.42      4880.79
       262144          160       148.11       148.12       148.12      7078.99
       524288           80       208.10       208.11       208.11     10077.01
      1048576           40       296.57       296.75       296.66     14134.24
      2097152           20       483.50       483.70       483.60     17342.45
      4194304           10       878.88       879.31       879.10     19079.94

#-----------------------------------------------------------------------------
# Benchmarking Exchange 
# #processes = 4 
#-----------------------------------------------------------------------------
       #bytes #repetitions  t_min[usec]  t_max[usec]  t_avg[usec]   Mbytes/sec
            0         1000         7.84         7.84         7.84         0.00
            1         1000         8.32         8.32         8.32         0.48
            2         1000         8.37         8.38         8.37         0.96
            4         1000         8.50         8.50         8.50         1.88
            8         1000         8.41         8.42         8.42         3.80
           16         1000        12.83        12.83        12.83         4.99
           32         1000        12.83        12.84        12.83         9.97
           64         1000        12.34        12.35        12.34        20.74
          128         1000        12.68        12.69        12.68        40.36
          256         1000        12.66        12.66        12.66        80.88
          512         1000        13.06        13.11        13.10       156.21
         1024         1000        13.69        13.69        13.69       299.13
         2048         1000        14.63        14.63        14.63       559.87
         4096         1000        19.39        19.39        19.39       844.93
         8192         1000        25.60        25.61        25.61      1279.55
        16384         1000        37.20        37.20        37.20      1761.59
        32768         1000        57.12        57.13        57.12      2294.36
        65536          640        97.71        97.78        97.74      2680.92
       131072          320       137.80       137.88       137.84      3802.38
       262144          160       175.39       175.46       175.41      5976.32
       524288           80       256.37       257.26       256.96      8151.80
      1048576           40       446.62       446.75       446.67      9388.51
      2097152           20       692.00       702.45       699.61     11941.88
      4194304           10      1261.71      1302.10      1291.28     12884.74

#----------------------------------------------------------------
# Benchmarking Allreduce 
# #processes = 2 
# ( 2 additional processes waiting in MPI_Barrier)
#----------------------------------------------------------------
       #bytes #repetitions  t_min[usec]  t_max[usec]  t_avg[usec]
            0         1000         0.62         0.63         0.63
            4         1000         8.18         8.22         8.20
            8         1000         8.16         8.16         8.16
           16         1000        11.74        11.87        11.81
           32         1000        11.79        11.82        11.80
           64         1000        11.35        11.42        11.38
          128         1000        12.61        12.65        12.63
          256         1000        12.80        12.88        12.84
          512         1000        12.83        12.91        12.87
         1024         1000        13.43        13.43        13.43
         2048         1000        14.07        14.07        14.07
         4096         1000        16.48        16.53        16.50
         8192         1000        27.91        28.12        28.02
        16384         1000        26.41        26.49        26.45
        32768         1000        45.30        45.38        45.34
        65536          640        68.70        68.81        68.75
       131072          320       110.76       111.36       111.06
       262144          160       248.50       249.26       248.88
       524288           80       467.06       476.01       471.54
      1048576           40       788.07       802.50       795.28
      2097152           20      1285.24      1292.24      1288.74
      4194304           10      8474.87      8484.39      8479.63

#----------------------------------------------------------------
# Benchmarking Allreduce 
# #processes = 4 
#----------------------------------------------------------------
       #bytes #repetitions  t_min[usec]  t_max[usec]  t_avg[usec]
            0         1000         0.74         0.77         0.75
            4         1000        12.63        13.27        12.96
            8         1000        12.97        13.36        13.15
           16         1000        19.22        19.37        19.31
           32         1000        19.13        19.28        19.19
           64         1000        18.91        18.97        18.94
          128         1000        20.28        20.45        20.38
          256         1000        20.35        20.41        20.39
          512         1000        20.65        20.73        20.70
         1024         1000        21.50        21.62        21.55
         2048         1000        22.74        23.07        22.91
         4096         1000        27.40        27.59        27.49
         8192         1000        34.56        35.10        34.88
        16384         1000        46.25        46.78        46.60
        32768         1000        71.52        72.04        71.76
        65536          640       116.30       116.87       116.63
       131072          320       182.89       184.05       183.53
       262144          160       378.46       380.03       379.13
       524288           80       833.01       918.38       860.87
      1048576           40      1215.43      1319.83      1261.44
      2097152           20      1912.81      1970.41      1950.39
      4194304           10     15015.48     16839.22     15922.28

#----------------------------------------------------------------
# Benchmarking Reduce 
# #processes = 2 
# ( 2 additional processes waiting in MPI_Barrier)
#----------------------------------------------------------------
       #bytes #repetitions  t_min[usec]  t_max[usec]  t_avg[usec]
            0         1000         0.80         0.82         0.81
            4         1000         5.39         7.70         6.54
            8         1000         5.56         7.63         6.59
           16         1000         9.60        10.56        10.08
           32         1000         9.65        10.62        10.13
           64         1000         9.37        10.33         9.85
          128         1000        10.15        11.16        10.65
          256         1000        10.25        11.19        10.72
          512         1000        10.30        11.29        10.80
         1024         1000        10.45        11.39        10.92
         2048         1000        10.99        11.88        11.44
         4096         1000        12.78        13.54        13.16
         8192         1000        14.56        14.79        14.67
        16384         1000        19.15        20.77        19.96
        32768         1000        24.68        28.64        26.66
        65536          640        35.45        44.03        39.74
       131072          320        94.42        97.05        95.73
       262144          160       193.35       197.97       195.66
       524288           80       401.75       408.97       405.36
      1048576           40       788.83       791.82       790.32
      2097152           20      1561.01      1563.61      1562.31
      4194304           10      3060.77      3064.99      3062.88

#----------------------------------------------------------------
# Benchmarking Reduce 
# #processes = 4 
#----------------------------------------------------------------
       #bytes #repetitions  t_min[usec]  t_max[usec]  t_avg[usec]
            0         1000         0.93         0.98         0.94
            4         1000         6.53        15.10        10.37
            8         1000         6.51        15.35        10.49
           16         1000        11.49        18.09        14.30
           32         1000        11.47        17.87        14.22
           64         1000        11.19        17.98        14.10
          128         1000        12.55        18.60        15.06
          256         1000        12.54        18.86        15.22
          512         1000        13.02        19.84        15.94
         1024         1000        14.93        18.34        16.02
         2048         1000        16.14        20.24        17.32
         4096         1000        19.09        24.76        21.93
         8192         1000        16.64        29.77        23.04
        16384         1000        19.80        37.74        28.42
        32768         1000        24.82        53.37        37.84
        65536          640        35.77        83.16        56.79
       131072          320       157.77       187.76       174.57
       262144          160       323.29       366.69       344.77
       524288           80       718.76       796.39       762.35
      1048576           40      1475.94      1586.44      1548.74
      2097152           20      2998.96      3156.69      3105.88
      4194304           10      6231.52      6487.06      6413.31

#----------------------------------------------------------------
# Benchmarking Reduce_scatter 
# #processes = 2 
# ( 2 additional processes waiting in MPI_Barrier)
#----------------------------------------------------------------
       #bytes #repetitions  t_min[usec]  t_max[usec]  t_avg[usec]
            0         1000         1.49         1.55         1.52
            4         1000         7.94         8.23         8.09
            8         1000         8.44         8.53         8.49
           16         1000         8.37         8.46         8.41
           32         1000        11.86        11.88        11.87
           64         1000        11.81        11.82        11.82
          128         1000        11.38        11.41        11.39
          256         1000        12.76        13.07        12.92
          512         1000        12.84        13.14        12.99
         1024         1000        13.07        13.41        13.24
         2048         1000        13.57        13.65        13.61
         4096         1000        14.37        14.43        14.40
         8192         1000        16.71        16.73        16.72
        16384         1000        20.41        20.71        20.56
        32768         1000        27.11        27.33        27.22
        65536          640        38.92        39.08        39.00
       131072          320        61.96        62.16        62.06
       262144          160       105.40       106.56       105.98
       524288           80       221.03       268.55       244.79
      1048576           40       476.02       502.87       489.44
      2097152           20       838.04       851.95       845.00
      4194304           10      1474.86      1479.51      1477.18

#----------------------------------------------------------------
# Benchmarking Reduce_scatter 
# #processes = 4 
#----------------------------------------------------------------
       #bytes #repetitions  t_min[usec]  t_max[usec]  t_avg[usec]
            0         1000         1.67         1.75         1.70
            4         1000         7.07        16.90        11.25
            8         1000         7.01        17.15        11.87
           16         1000        14.66        15.15        14.90
           32         1000        19.20        20.09        19.61
           64         1000        20.65        21.02        20.79
          128         1000        21.38        21.67        21.54
          256         1000        21.18        21.59        21.35
          512         1000        21.97        22.33        22.15
         1024         1000        22.14        22.42        22.29
         2048         1000        22.54        22.69        22.62
         4096         1000        24.13        24.36        24.22
         8192         1000        28.79        29.07        28.93
        16384         1000        35.55        36.01        35.81
        32768         1000        44.98        45.83        45.44
        65536          640        65.83        67.71        66.49
       131072          320       104.42       105.21       104.89
       262144          160       191.78       192.67       192.15
       524288           80       441.18       449.50       446.16
      1048576           40       626.11       639.51       631.98
      2097152           20      1261.00      1279.22      1269.90
      4194304           10      2113.32      2251.55      2196.69

#----------------------------------------------------------------
# Benchmarking Allgather 
# #processes = 2 
# ( 2 additional processes waiting in MPI_Barrier)
#----------------------------------------------------------------
       #bytes #repetitions  t_min[usec]  t_max[usec]  t_avg[usec]
            0         1000         0.61         0.62         0.62
            1         1000         5.72         5.90         5.81
            2         1000         6.00         6.12         6.06
            4         1000         5.80         5.93         5.86
            8         1000         5.90         5.95         5.92
           16         1000         9.51         9.59         9.55
           32         1000         9.51         9.52         9.51
           64         1000         9.18         9.28         9.23
          128         1000         9.72         9.76         9.74
          256         1000         9.79         9.81         9.80
          512         1000        10.02        10.04        10.03
         1024         1000        10.26        10.34        10.30
         2048         1000        10.68        10.71        10.69
         4096         1000        12.90        12.94        12.92
         8192         1000        15.78        15.81        15.79
        16384         1000        20.61        20.73        20.67
        32768         1000        30.69        30.78        30.73
        65536          640        47.52        47.58        47.55
       131072          320        85.79        86.00        85.89
       262144          160       130.24       130.74       130.49
       524288           80       285.43       314.27       299.85
      1048576           40       492.95       493.70       493.32
      2097152           20       790.24       794.21       792.22
      4194304           10      1379.59      1390.48      1385.03

#----------------------------------------------------------------
# Benchmarking Allgather 
# #processes = 4 
#----------------------------------------------------------------
       #bytes #repetitions  t_min[usec]  t_max[usec]  t_avg[usec]
            0         1000         0.76         0.84         0.79
            1         1000        10.06        10.80        10.48
            2         1000        10.22        10.78        10.49
            4         1000        10.04        10.85        10.51
            8         1000        13.77        14.58        14.19
           16         1000        16.64        16.93        16.80
           32         1000        16.50        16.69        16.59
           64         1000        16.20        16.31        16.25
          128         1000        17.05        17.11        17.09
          256         1000        17.15        17.23        17.18
          512         1000        17.63        17.72        17.67
         1024         1000        18.48        18.81        18.67
         2048         1000        21.26        21.63        21.43
         4096         1000        25.88        26.00        25.96
         8192         1000        33.30        33.79        33.54
        16384         1000        46.61        47.04        46.80
        32768         1000        73.53        74.04        73.76
        65536          640       138.16       139.65       138.88
       131072          320       198.27       265.79       235.12
       262144          160       198.82       288.24       238.00
       524288           80       326.80       416.21       362.87
      1048576           40       876.12       939.77       908.50
      2097152           20      1028.78      1062.94      1052.72
      4194304           10      1780.46      1826.81      1803.15

#----------------------------------------------------------------
# Benchmarking Allgatherv 
# #processes = 2 
# ( 2 additional processes waiting in MPI_Barrier)
#----------------------------------------------------------------
       #bytes #repetitions  t_min[usec]  t_max[usec]  t_avg[usec]
            0         1000         0.79         0.81         0.80
            1         1000         6.77         6.89         6.83
            2         1000         6.98         7.04         7.01
            4         1000         6.92         7.02         6.97
            8         1000         7.09         7.10         7.10
           16         1000        10.32        10.34        10.33
           32         1000        10.42        10.50        10.46
           64         1000         9.98         9.99         9.99
          128         1000        10.43        10.44        10.44
          256         1000        10.47        10.49        10.48
          512         1000        10.69        10.79        10.74
         1024         1000        10.97        11.00        10.98
         2048         1000        11.55        11.59        11.57
         4096         1000        13.72        13.73        13.73
         8192         1000        16.73        16.85        16.79
        16384         1000        21.45        21.64        21.54
        32768         1000        31.51        31.60        31.56
        65536          640        47.64        47.71        47.67
       131072          320        85.25        86.15        85.70
       262144          160       130.86       160.16       145.51
       524288           80       287.12       332.12       309.62
      1048576           40       490.21       501.69       495.95
      2097152           20       793.71       794.14       793.92
      4194304           10      1381.73      1394.56      1388.14

#----------------------------------------------------------------
# Benchmarking Allgatherv 
# #processes = 4 
#----------------------------------------------------------------
       #bytes #repetitions  t_min[usec]  t_max[usec]  t_avg[usec]
            0         1000         0.95         0.97         0.96
            1         1000        13.08        13.24        13.15
            2         1000        12.95        13.27        13.08
            4         1000        13.19        13.36        13.25
            8         1000        16.70        17.26        16.97
           16         1000        19.13        19.39        19.28
           32         1000        19.40        19.71        19.59
           64         1000        19.53        19.69        19.63
          128         1000        20.02        20.28        20.16
          256         1000        20.34        20.43        20.40
          512         1000        20.87        20.99        20.94
         1024         1000        21.68        21.84        21.76
         2048         1000        24.95        25.40        25.21
         4096         1000        29.91        30.23        30.08
         8192         1000        38.99        39.48        39.24
        16384         1000        54.68        54.77        54.74
        32768         1000        82.84        83.50        83.16
        65536          640       139.42       141.74       140.62
       131072          320       290.16       301.35       295.32
       262144          160       318.56       369.00       340.82
       524288           80       583.41       684.33       628.52
      1048576           40       928.96       994.63       951.17
      2097152           20      1673.31      1730.68      1699.03
      4194304           10      2951.50      3139.02      3048.57

#----------------------------------------------------------------
# Benchmarking Gather 
# #processes = 2 
# ( 2 additional processes waiting in MPI_Barrier)
#----------------------------------------------------------------
       #bytes #repetitions  t_min[usec]  t_max[usec]  t_avg[usec]
            0         1000         0.70         0.73         0.71
            1         1000         2.98         5.76         4.37
            2         1000         3.05         5.58         4.31
            4         1000         2.93         5.68         4.31
            8         1000         2.99         5.57         4.28
           16         1000         8.42         9.64         9.03
           32         1000         8.43         9.58         9.00
           64         1000         8.18         9.25         8.71
          128         1000         7.58         8.09         7.83
          256         1000         7.64         8.12         7.88
          512         1000         7.73         8.32         8.02
         1024         1000         7.84         8.80         8.32
         2048         1000         8.78         9.87         9.33
         4096         1000        10.10        11.17        10.63
         8192         1000        11.49        12.17        11.83
        16384         1000        13.76        14.46        14.11
        32768         1000        18.00        19.06        18.53
        65536          640        27.53        28.91        28.22
       131072          320        46.92        48.40        47.66
       262144          160        73.86        95.31        84.58
       524288           80       194.24       245.07       219.66
      1048576           40       384.63       442.33       413.48
      2097152           20       675.64       703.78       689.71
      4194304           10      1241.54      1287.48      1264.51

#----------------------------------------------------------------
# Benchmarking Gather 
# #processes = 4 
#----------------------------------------------------------------
       #bytes #repetitions  t_min[usec]  t_max[usec]  t_avg[usec]
            0         1000         0.81         0.86         0.85
            1         1000         3.28         9.62         4.89
            2         1000         3.24         9.70         4.90
            4         1000         3.21         9.77         4.91
            8         1000         3.21         9.63         4.86
           16         1000         9.51        10.85         9.99
           32         1000         9.53        10.90        10.01
           64         1000         9.10        10.51         9.59
          128         1000         9.46        10.98        10.02
          256         1000         9.40        10.77         9.87
          512         1000         9.67        11.09        10.18
         1024         1000        10.01        11.51        10.56
         2048         1000        10.86        12.41        11.39
         4096         1000        13.85        15.42        14.46
         8192         1000        17.04        18.62        17.65
        16384         1000        23.29        24.63        23.86
        32768         1000        35.78        37.16        36.68
        65536          640        64.96        70.20        68.00
       131072          320       124.33       136.95       133.17
       262144          160       113.25       144.96       130.90
       524288           80       265.29       292.03       278.39
      1048576           40       522.96       553.20       537.22
      2097152           20       951.54       991.20       979.91
      4194304           10      1864.12      1907.66      1894.40

#----------------------------------------------------------------
# Benchmarking Gatherv 
# #processes = 2 
# ( 2 additional processes waiting in MPI_Barrier)
#----------------------------------------------------------------
       #bytes #repetitions  t_min[usec]  t_max[usec]  t_avg[usec]
            0         1000         0.83         1.78         1.30
            1         1000         2.81         5.77         4.29
            2         1000         2.88         5.63         4.25
            4         1000         2.73         5.78         4.26
            8         1000         2.87         5.72         4.29
           16         1000         7.58         8.10         7.84
           32         1000         7.60         8.25         7.92
           64         1000         7.49         8.03         7.76
          128         1000         7.85         8.41         8.13
          256         1000         7.88         8.33         8.11
          512         1000         8.05         8.47         8.26
         1024         1000         8.10         8.65         8.38
         2048         1000         8.58         9.09         8.84
         4096         1000        10.07        10.62        10.35
         8192         1000        11.56        12.18        11.87
        16384         1000        14.03        14.70        14.37
        32768         1000        18.98        19.92        19.45
        65536          640        28.58        29.39        28.98
       131072          320        49.34        50.64        49.99
       262144          160        77.12        91.89        84.50
       524288           80       198.06       247.11       222.58
      1048576           40       387.94       443.62       415.78
      2097152           20       678.93       706.73       692.83
      4194304           10      1254.49      1296.81      1275.65

#----------------------------------------------------------------
# Benchmarking Gatherv 
# #processes = 4 
#----------------------------------------------------------------
       #bytes #repetitions  t_min[usec]  t_max[usec]  t_avg[usec]
            0         1000         0.89         1.99         1.19
            1         1000         2.98         9.81         4.73
            2         1000         2.98         9.92         4.75
            4         1000         2.94         9.92         4.73
            8         1000         2.89         9.99         4.72
           16         1000         9.77        10.95        10.19
           32         1000         9.70        10.95        10.14
           64         1000         9.28        10.55         9.73
          128         1000         9.74        11.36        10.31
          256         1000         9.49        11.08        10.06
          512         1000         9.83        11.36        10.39
         1024         1000        10.15        11.64        10.67
         2048         1000        11.01        12.60        11.55
         4096         1000        13.96        15.71        14.80
         8192         1000        17.18        18.80        17.83
        16384         1000        23.60        24.98        24.21
        32768         1000        35.67        37.49        36.74
        65536          640        66.83        72.41        69.83
       131072          320       123.01       135.16       131.61
       262144          160       115.67       136.98       122.31
       524288           80       255.81       278.01       268.99
      1048576           40       505.57       532.03       523.89
      2097152           20       962.95       997.85       987.68
      4194304           10      1855.99      1899.70      1886.52

#----------------------------------------------------------------
# Benchmarking Scatter 
# #processes = 2 
# ( 2 additional processes waiting in MPI_Barrier)
#----------------------------------------------------------------
       #bytes #repetitions  t_min[usec]  t_max[usec]  t_avg[usec]
            0         1000         0.77         0.79         0.78
            1         1000         4.13         5.89         5.01
            2         1000         4.13         5.87         5.00
            4         1000         4.16         5.91         5.04
            8         1000         4.17         5.91         5.04
           16         1000         8.05         9.28         8.67
           32         1000         8.01         9.32         8.66
           64         1000         7.85         8.99         8.42
          128         1000         8.06         9.32         8.69
          256         1000         8.17         9.35         8.76
          512         1000         8.27         9.53         8.90
         1024         1000         8.57         9.81         9.19
         2048         1000         9.01        10.30         9.66
         4096         1000        10.48        11.97        11.22
         8192         1000        11.84        13.42        12.63
        16384         1000        13.89        15.77        14.83
        32768         1000        18.21        20.98        19.60
        65536          640        26.34        30.97        28.65
       131072          320        53.35        55.80        54.57
       262144          160        87.01       103.64        95.33
       524288           80       228.50       250.91       239.71
      1048576           40       211.23       446.19       328.71
      2097152           20       745.24       776.90       761.07
      4194304           10      1320.27      1346.61      1333.44

#----------------------------------------------------------------
# Benchmarking Scatter 
# #processes = 4 
#----------------------------------------------------------------
       #bytes #repetitions  t_min[usec]  t_max[usec]  t_avg[usec]
            0         1000         0.92         0.95         0.94
            1         1000         6.07         7.38         6.73
            2         1000         6.23         7.48         6.81
            4         1000         6.04         7.37         6.71
            8         1000         5.94         7.26         6.65
           16         1000         7.32        11.38         8.94
           32         1000         7.29        11.62         9.01
           64         1000         7.17        11.26         8.85
          128         1000         7.50        11.54         9.11
          256         1000         7.54        11.61         9.22
          512         1000         7.78        11.87         9.46
         1024         1000         8.21        12.16         9.87
         2048         1000         8.82        12.70        10.58
         4096         1000        11.07        15.74        13.27
         8192         1000        12.70        20.71        16.95
        16384         1000        15.93        26.42        21.75
        32768         1000        18.85        42.64        31.76
        65536          640        27.93        67.10        50.61
       131072          320        55.36        90.17        75.66
       262144          160        98.21       180.62       143.42
       524288           80       231.52       377.58       313.96
      1048576           40       414.20       658.24       560.29
      2097152           20       714.49      1148.52       980.48
      4194304           10      1280.76      2054.60      1756.94

#----------------------------------------------------------------
# Benchmarking Scatterv 
# #processes = 2 
# ( 2 additional processes waiting in MPI_Barrier)
#----------------------------------------------------------------
       #bytes #repetitions  t_min[usec]  t_max[usec]  t_avg[usec]
            0         1000         0.85         1.70         1.27
            1         1000         5.02         5.97         5.50
            2         1000         5.01         5.96         5.49
            4         1000         4.97         5.99         5.48
            8         1000         5.00         6.01         5.51
           16         1000         8.07         9.47         8.77
           32         1000         8.11         9.54         8.83
           64         1000         7.79         9.22         8.50
          128         1000         8.16         9.57         8.86
          256         1000         8.27         9.69         8.98
          512         1000         8.67        10.09         9.38
         1024         1000         8.70        10.19         9.45
         2048         1000         9.14        10.58         9.86
         4096         1000        11.04        12.57        11.80
         8192         1000        12.32        14.00        13.16
        16384         1000        14.97        16.53        15.75
        32768         1000        20.20        21.74        20.97
        65536          640        29.85        31.67        30.76
       131072          320        53.12        55.88        54.50
       262144          160        83.44        98.52        90.98
       524288           80       231.73       257.89       244.81
      1048576           40       428.22       458.32       443.27
      2097152           20       741.60       769.45       755.52
      4194304           10      1323.84      1355.93      1339.89

#----------------------------------------------------------------
# Benchmarking Scatterv 
# #processes = 4 
#----------------------------------------------------------------
       #bytes #repetitions  t_min[usec]  t_max[usec]  t_avg[usec]
            0         1000         0.94         1.95         1.20
            1         1000         6.02         7.62         6.79
            2         1000         5.95         7.71         6.85
            4         1000         5.92         7.47         6.66
            8         1000         5.99         7.53         6.73
           16         1000         6.93        11.23         8.68
           32         1000         6.88        11.24         8.60
           64         1000         6.64        11.01         8.38
          128         1000         6.99        11.27         8.69
          256         1000         7.13        11.39         8.80
          512         1000         7.28        11.64         9.03
         1024         1000         7.65        11.83         9.35
         2048         1000         8.27        12.40        10.11
         4096         1000        10.73        15.53        12.99
         8192         1000        12.51        20.53        16.70
        16384         1000        15.58        26.43        21.60
        32768         1000        18.23        42.66        31.47
        65536          640        27.30        68.09        50.94
       131072          320        54.23        91.73        75.16
       262144          160        93.70       178.34       139.18
       524288           80       237.10       378.21       316.90
      1048576           40       411.79       688.41       563.58
      2097152           20       713.34      1163.32       977.20
      4194304           10      1288.03      2071.38      1758.89

#----------------------------------------------------------------
# Benchmarking Alltoall 
# #processes = 2 
# ( 2 additional processes waiting in MPI_Barrier)
#----------------------------------------------------------------
       #bytes #repetitions  t_min[usec]  t_max[usec]  t_avg[usec]
            0         1000         0.67         0.69         0.68
            1         1000         6.17         6.37         6.27
            2         1000         6.36         6.44         6.40
            4         1000         6.27         6.44         6.36
            8         1000         6.37         6.44         6.40
           16         1000         9.75         9.79         9.77
           32         1000         9.71         9.76         9.74
           64         1000         9.41         9.49         9.45
          128         1000         9.88         9.93         9.90
          256         1000         9.91         9.99         9.95
          512         1000        10.17        10.18        10.17
         1024         1000        10.46        10.48        10.47
         2048         1000        11.02        11.08        11.05
         4096         1000        13.17        13.24        13.21
         8192         1000        16.13        16.19        16.16
        16384         1000        20.65        20.90        20.78
        32768         1000        29.96        30.10        30.03
        65536          640        47.52        47.58        47.55
       131072          320        77.42        77.89        77.65
       262144          160       105.45       107.23       106.34
       524288           80       270.49       315.82       293.15
      1048576           40       484.82       491.07       487.94
      2097152           20       785.96       793.78       789.87
      4194304           10      1369.05      1373.70      1371.37

#----------------------------------------------------------------
# Benchmarking Alltoall 
# #processes = 4 
#----------------------------------------------------------------
       #bytes #repetitions  t_min[usec]  t_max[usec]  t_avg[usec]
            0         1000         0.83         0.85         0.84
            1         1000        13.37        13.84        13.56
            2         1000        15.62        16.22        16.01
            4         1000        15.41        15.89        15.71
            8         1000        15.42        16.07        15.87
           16         1000        20.02        20.30        20.13
           32         1000        19.81        20.16        20.02
           64         1000        19.14        19.38        19.30
          128         1000        19.95        20.13        20.08
          256         1000        19.79        20.13        20.02
          512         1000        20.69        20.75        20.71
         1024         1000        20.96        21.29        21.11
         2048         1000        22.87        23.25        23.15
         4096         1000        28.51        29.04        28.79
         8192         1000        37.21        38.03        37.63
        16384         1000        48.07        48.45        48.25
        32768         1000        77.06        78.32        77.69
        65536          640       156.39       161.79       160.03
       131072          320       268.60       273.10       271.51
       262144          160       253.40       310.21       279.02
       524288           80       506.41       534.47       520.94
      1048576           40       811.32       856.01       830.67
      2097152           20      1403.83      1437.40      1415.28
      4194304           10      2575.35      2674.20      2636.58

#----------------------------------------------------------------
# Benchmarking Alltoallv 
# #processes = 2 
# ( 2 additional processes waiting in MPI_Barrier)
#----------------------------------------------------------------
       #bytes #repetitions  t_min[usec]  t_max[usec]  t_avg[usec]
            0         1000         2.57         2.64         2.60
            1         1000        10.53        10.65        10.59
            2         1000        10.51        10.74        10.63
            4         1000        10.50        10.65        10.57
            8         1000        10.57        10.81        10.69
           16         1000        13.49        13.59        13.54
           32         1000        13.75        13.76        13.76
           64         1000        13.32        13.45        13.39
          128         1000        13.63        13.87        13.75
          256         1000        13.77        13.93        13.85
          512         1000        13.97        14.04        14.00
         1024         1000        14.29        14.41        14.35
         2048         1000        14.85        14.97        14.91
         4096         1000        17.05        17.18        17.11
         8192         1000        20.71        20.76        20.74
        16384         1000        25.38        25.71        25.54
        32768         1000        35.32        35.36        35.34
        65536          640        52.29        52.35        52.32
       131072          320        84.07        84.49        84.28
       262144          160       109.51       110.16       109.83
       524288           80       287.32       294.58       290.95
      1048576           40       486.76       488.41       487.58
      2097152           20       793.83       799.05       796.44
      4194304           10      1366.28      1372.62      1369.45

#----------------------------------------------------------------
# Benchmarking Alltoallv 
# #processes = 4 
#----------------------------------------------------------------
       #bytes #repetitions  t_min[usec]  t_max[usec]  t_avg[usec]
            0         1000         2.85         3.05         2.99
            1         1000        15.63        16.10        15.97
            2         1000        15.75        16.23        16.07
            4         1000        15.73        16.26        16.06
            8         1000        15.90        16.28        16.16
           16         1000        20.17        20.38        20.31
           32         1000        20.07        20.35        20.25
           64         1000        19.44        19.74        19.64
          128         1000        20.32        20.55        20.46
          256         1000        19.95        20.31        20.22
          512         1000        20.61        20.99        20.85
         1024         1000        21.49        21.73        21.63
         2048         1000        23.47        23.74        23.60
         4096         1000        29.05        29.46        29.31
         8192         1000        37.23        37.68        37.46
        16384         1000        48.65        48.88        48.79
        32768         1000        76.93        77.91        77.53
        65536          640       157.09       163.29       160.46
       131072          320       274.99       278.03       276.36
       262144          160       239.93       258.43       246.13
       524288           80       517.16       530.37       522.25
      1048576           40       810.71       839.76       826.39
      2097152           20      1384.20      1457.52      1427.15
      4194304           10      2589.73      2715.40      2664.65

#----------------------------------------------------------------
# Benchmarking Bcast 
# #processes = 2 
# ( 2 additional processes waiting in MPI_Barrier)
#----------------------------------------------------------------
       #bytes #repetitions  t_min[usec]  t_max[usec]  t_avg[usec]
            0         1000         0.54         0.58         0.56
            1         1000         3.91         5.89         4.90
            2         1000         3.93         5.92         4.93
            4         1000         3.82         5.88         4.85
            8         1000         3.86         5.89         4.88
           16         1000         7.95         8.88         8.41
           32         1000         7.94         9.10         8.52
           64         1000         7.66         8.82         8.24
          128         1000         7.71         8.88         8.30
          256         1000         7.77         8.93         8.35
          512         1000         7.88         9.02         8.45
         1024         1000         8.08         9.07         8.57
         2048         1000         8.44         9.65         9.05
         4096         1000        10.07        11.21        10.64
         8192         1000        11.49        12.51        12.00
        16384         1000        13.45        14.68        14.07
        32768         1000        17.60        18.85        18.23
        65536          640        25.34        26.55        25.95
       131072          320        48.50        49.92        49.21
       262144          160        55.85        69.07        62.46
       524288           80        84.72        94.26        89.49
      1048576           40       139.49       144.89       142.19
      2097152           20       237.79       240.53       239.16
      4194304           10       410.77       412.25       411.51

#----------------------------------------------------------------
# Benchmarking Bcast 
# #processes = 4 
#----------------------------------------------------------------
       #bytes #repetitions  t_min[usec]  t_max[usec]  t_avg[usec]
            0         1000         0.68         0.72         0.70
            1         1000         5.69         9.04         7.24
            2         1000         5.73         9.11         7.29
            4         1000         5.69         8.98         7.19
            8         1000         5.55         8.83         7.10
           16         1000         8.54        21.75        16.28
           32         1000         8.76        21.89        16.40
           64         1000         8.38        21.17        15.88
          128         1000         8.19        21.63        16.06
          256         1000         8.45        22.11        16.37
          512         1000         8.48        22.36        16.57
         1024         1000        14.55        16.00        15.08
         2048         1000        15.79        16.96        16.21
         4096         1000        18.25        20.52        19.23
         8192         1000        21.14        23.59        22.12
        16384         1000        24.70        27.35        25.82
        32768         1000        33.21        37.03        34.89
        65536          640        49.14        53.37        51.06
       131072          320       101.87       109.68       105.45
       262144          160       110.52       131.76       120.86
       524288           80       163.18       177.15       169.38
      1048576           40       259.30       276.63       267.18
      2097152           20       455.31       461.70       457.65
      4194304           10       797.22       805.59       801.52

#---------------------------------------------------
# Benchmarking Barrier 
# #processes = 2 
# ( 2 additional processes waiting in MPI_Barrier)
#---------------------------------------------------
 #repetitions  t_min[usec]  t_max[usec]  t_avg[usec]
         1000         3.56         3.57         3.56

#---------------------------------------------------
# Benchmarking Barrier 
# #processes = 4 
#---------------------------------------------------
 #repetitions  t_min[usec]  t_max[usec]  t_avg[usec]
         1000         7.05         7.06         7.05


# All processes entering MPI_Finalize

