#------------------------------------------------------------
#    Intel (R) MPI Benchmarks 2018 Update 1, MPI-1 part    
#------------------------------------------------------------
# Date                  : Fri Dec  1 14:17:08 2017
# Machine               : x86_64
# System                : Linux
# Release               : 4.4.74-92.35-default
# Version               : #1 SMP Mon Aug 7 18:24:48 UTC 2017 (c0fdc47)
# MPI Version           : 3.1
# MPI Thread Environment: 


# Calling sequence was: 

# ./IMB-MPI1

# Minimum message length in bytes:   0
# Maximum message length in bytes:   4194304
#
# MPI_Datatype                   :   MPI_BYTE 
# MPI_Datatype for reductions    :   MPI_FLOAT
# MPI_Op                         :   MPI_SUM  
#
#

# List of Benchmarks to run:

# PingPong
# PingPing
# Sendrecv
# Exchange
# Allreduce
# Reduce
# Reduce_scatter
# Allgather
# Allgatherv
# Gather
# Gatherv
# Scatter
# Scatterv
# Alltoall
# Alltoallv
# Bcast
# Barrier

#---------------------------------------------------
# Benchmarking PingPong 
# #processes = 2 
# ( 2 additional processes waiting in MPI_Barrier)
#---------------------------------------------------
       #bytes #repetitions      t[usec]   Mbytes/sec
            0         1000         3.22         0.00
            1         1000         3.28         0.31
            2         1000         3.28         0.61
            4         1000         3.28         1.22
            8         1000         3.29         2.43
           16         1000         5.13         3.12
           32         1000         5.06         6.32
           64         1000         4.93        12.99
          128         1000         4.99        25.64
          256         1000         5.07        50.49
          512         1000         5.17        99.13
         1024         1000         5.43       188.58
         2048         1000         5.81       352.59
         4096         1000         7.09       577.43
         8192         1000         8.61       951.02
        16384         1000        10.63      1541.16
        32768         1000        15.18      2157.92
        65536          640        24.20      2708.26
       131072          320        45.53      2878.73
       262144          160        80.59      3252.93
       524288           80       111.71      4693.44
      1048576           40       165.95      6318.58
      2097152           20       247.22      8482.86
      4194304           10       436.54      9607.97

#---------------------------------------------------
# Benchmarking PingPing 
# #processes = 2 
# ( 2 additional processes waiting in MPI_Barrier)
#---------------------------------------------------
       #bytes #repetitions      t[usec]   Mbytes/sec
            0         1000         3.73         0.00
            1         1000         3.80         0.26
            2         1000         3.89         0.51
            4         1000         3.85         1.04
            8         1000         3.75         2.13
           16         1000         7.45         2.15
           32         1000         7.25         4.41
           64         1000         7.10         9.01
          128         1000         7.18        17.83
          256         1000         7.24        35.36
          512         1000         7.44        68.79
         1024         1000         7.70       132.97
         2048         1000         8.09       253.09
         4096         1000        10.12       404.71
         8192         1000        13.31       615.48
        16384         1000        16.93       967.87
        32768         1000        26.39      1241.53
        65536          640        43.10      1520.45
       131072          320        56.71      2311.29
       262144          160        70.43      3721.95
       524288           80        94.38      5555.37
      1048576           40       148.00      7084.77
      2097152           20       241.40      8687.50
      4194304           10       423.12      9912.77

#-----------------------------------------------------------------------------
# Benchmarking Sendrecv 
# #processes = 2 
# ( 2 additional processes waiting in MPI_Barrier)
#-----------------------------------------------------------------------------
       #bytes #repetitions  t_min[usec]  t_max[usec]  t_avg[usec]   Mbytes/sec
            0         1000         3.20         3.20         3.20         0.00
            1         1000         3.24         3.24         3.24         0.62
            2         1000         3.28         3.28         3.28         1.22
            4         1000         3.30         3.30         3.30         2.42
            8         1000         3.26         3.26         3.26         4.91
           16         1000         6.04         6.04         6.04         5.29
           32         1000         6.04         6.04         6.04        10.59
           64         1000         5.85         5.86         5.85        21.86
          128         1000         5.86         5.86         5.86        43.69
          256         1000         6.04         6.04         6.04        84.80
          512         1000         6.21         6.21         6.21       164.98
         1024         1000         6.40         6.40         6.40       319.85
         2048         1000         6.98         6.98         6.98       586.90
         4096         1000         8.77         8.77         8.77       933.76
         8192         1000        11.07        11.07        11.07      1480.58
        16384         1000        14.92        14.92        14.92      2196.53
        32768         1000        24.78        24.78        24.78      2644.58
        65536          640        40.68        40.69        40.68      3221.54
       131072          320        57.50        57.51        57.50      4558.56
       262144          160        92.87        92.89        92.88      5644.40
       524288           80       187.54       187.65       187.59      5587.93
      1048576           40       299.70       301.45       300.58      6956.87
      2097152           20       265.55       265.74       265.65     15783.41
      4194304           10       416.90       417.21       417.05     20106.50

#-----------------------------------------------------------------------------
# Benchmarking Sendrecv 
# #processes = 4 
#-----------------------------------------------------------------------------
       #bytes #repetitions  t_min[usec]  t_max[usec]  t_avg[usec]   Mbytes/sec
            0         1000         3.27         3.27         3.27         0.00
            1         1000         3.23         3.24         3.23         0.62
            2         1000         3.26         3.26         3.26         1.23
            4         1000         3.27         3.27         3.27         2.45
            8         1000         3.20         3.20         3.20         5.01
           16         1000         6.83         6.83         6.83         4.69
           32         1000         7.23         7.23         7.23         8.85
           64         1000         6.27         6.27         6.27        20.40
          128         1000         6.57         6.58         6.58        38.92
          256         1000         6.78         6.78         6.78        75.47
          512         1000         6.92         6.92         6.92       147.89
         1024         1000         7.26         7.26         7.26       281.94
         2048         1000         8.18         8.18         8.18       500.72
         4096         1000         9.77         9.78         9.78       837.88
         8192         1000        13.61        13.61        13.61      1203.47
        16384         1000        20.04        20.05        20.04      1634.23
        32768         1000        31.26        31.28        31.27      2094.95
        65536          640        50.92        50.98        50.95      2571.22
       131072          320        68.01        68.18        68.10      3844.99
       262144          160        99.94       100.24       100.12      5230.17
       524288           80       149.09       150.21       149.47      6980.61
      1048576           40       239.78       241.32       240.61      8690.29
      2097152           20       387.85       395.75       393.49     10598.34
      4194304           10       677.39       710.99       701.48     11798.52

#-----------------------------------------------------------------------------
# Benchmarking Exchange 
# #processes = 2 
# ( 2 additional processes waiting in MPI_Barrier)
#-----------------------------------------------------------------------------
       #bytes #repetitions  t_min[usec]  t_max[usec]  t_avg[usec]   Mbytes/sec
            0         1000         7.18         7.18         7.18         0.00
            1         1000         7.89         7.89         7.89         0.51
            2         1000         7.85         7.85         7.85         1.02
            4         1000         7.99         8.00         8.00         2.00
            8         1000         7.92         7.92         7.92         4.04
           16         1000        11.45        11.45        11.45         5.59
           32         1000        11.47        11.48        11.48        11.15
           64         1000        11.14        11.14        11.14        22.97
          128         1000        11.37        11.37        11.37        45.03
          256         1000        11.43        11.43        11.43        89.61
          512         1000        11.71        11.71        11.71       174.83
         1024         1000        12.09        12.09        12.09       338.65
         2048         1000        13.10        13.10        13.10       625.35
         4096         1000        18.21        18.21        18.21       899.68
         8192         1000        24.41        24.41        24.41      1342.45
        16384         1000        34.71        34.71        34.71      1888.21
        32768         1000        52.77        52.77        52.77      2483.65
        65536          640        87.80        87.80        87.80      2985.75
       131072          320       115.91       115.92       115.91      4522.99
       262144          160       148.81       148.87       148.84      7043.64
       524288           80       209.80       209.83       209.81      9994.71
      1048576           40       296.57       296.92       296.75     14126.02
      2097152           20       487.79       488.05       487.92     17187.84
      4194304           10       898.50       899.20       898.85     18658.03

#-----------------------------------------------------------------------------
# Benchmarking Exchange 
# #processes = 4 
#-----------------------------------------------------------------------------
       #bytes #repetitions  t_min[usec]  t_max[usec]  t_avg[usec]   Mbytes/sec
            0         1000         7.92         7.92         7.92         0.00
            1         1000         8.75         8.76         8.75         0.46
            2         1000         8.65         8.65         8.65         0.92
            4         1000         8.57         8.57         8.57         1.87
            8         1000         8.53         8.53         8.53         3.75
           16         1000        13.08        13.08        13.08         4.89
           32         1000        13.57        13.58        13.58         9.43
           64         1000        12.41        12.42        12.42        20.61
          128         1000        12.69        12.69        12.69        40.35
          256         1000        12.85        12.85        12.85        79.68
          512         1000        12.99        12.99        12.99       157.65
         1024         1000        13.71        13.72        13.71       298.65
         2048         1000        14.71        14.72        14.71       556.64
         4096         1000        19.36        19.37        19.37       845.98
         8192         1000        25.34        25.34        25.34      1292.89
        16384         1000        37.30        37.32        37.31      1756.11
        32768         1000        57.17        57.19        57.18      2291.82
        65536          640        98.51        98.53        98.52      2660.43
       131072          320       138.47       138.57       138.53      3783.59
       262144          160       174.47       174.68       174.55      6002.98
       524288           80       258.66       259.95       259.19      8067.50
      1048576           40       438.87       441.92       440.23      9491.08
      2097152           20       749.00       759.79       756.90     11040.66
      4194304           10      1281.79      1320.29      1310.19     12707.21

#----------------------------------------------------------------
# Benchmarking Allreduce 
# #processes = 2 
# ( 2 additional processes waiting in MPI_Barrier)
#----------------------------------------------------------------
       #bytes #repetitions  t_min[usec]  t_max[usec]  t_avg[usec]
            0         1000         0.63         0.64         0.63
            4         1000         8.18         8.27         8.22
            8         1000         8.17         8.23         8.20
           16         1000        11.79        11.86        11.83
           32         1000        11.81        11.83        11.82
           64         1000        11.41        11.52        11.46
          128         1000        12.62        12.64        12.63
          256         1000        12.79        12.90        12.85
          512         1000        12.84        12.88        12.86
         1024         1000        13.31        13.32        13.31
         2048         1000        13.99        14.03        14.01
         4096         1000        16.40        16.54        16.47
         8192         1000        28.01        28.13        28.07
        16384         1000        26.63        26.63        26.63
        32768         1000        45.23        45.40        45.32
        65536          640        67.96        68.27        68.12
       131072          320       114.10       114.12       114.11
       262144          160       250.28       260.17       255.23
       524288           80       444.92       450.59       447.75
      1048576           40       790.20       797.95       794.07
      2097152           20      1278.71      1285.71      1282.21
      4194304           10      7422.52      7425.52      7424.02

#----------------------------------------------------------------
# Benchmarking Allreduce 
# #processes = 4 
#----------------------------------------------------------------
       #bytes #repetitions  t_min[usec]  t_max[usec]  t_avg[usec]
            0         1000         0.74         0.80         0.76
            4         1000        12.79        13.22        13.02
            8         1000        12.90        13.16        13.06
           16         1000        19.30        19.46        19.38
           32         1000        19.15        19.36        19.27
           64         1000        18.80        18.90        18.84
          128         1000        20.16        20.36        20.26
          256         1000        20.44        20.61        20.51
          512         1000        20.63        20.80        20.71
         1024         1000        21.61        21.72        21.65
         2048         1000        22.82        23.00        22.92
         4096         1000        27.24        27.53        27.39
         8192         1000        34.66        34.84        34.73
        16384         1000        46.97        47.23        47.08
        32768         1000        71.12        72.38        71.75
        65536          640       117.37       118.65       117.88
       131072          320       187.06       188.45       187.84
       262144          160       382.79       384.92       383.97
       524288           80       830.12       883.40       855.45
      1048576           40      1233.26      1315.54      1258.80
      2097152           20      1905.50      1958.18      1930.01
      4194304           10     19690.37     20123.20     19905.62

#----------------------------------------------------------------
# Benchmarking Reduce 
# #processes = 2 
# ( 2 additional processes waiting in MPI_Barrier)
#----------------------------------------------------------------
       #bytes #repetitions  t_min[usec]  t_max[usec]  t_avg[usec]
            0         1000         0.75         0.82         0.78
            4         1000         5.46         7.64         6.55
            8         1000         5.57         7.63         6.60
           16         1000         9.60        10.59        10.10
           32         1000         9.61        10.56        10.09
           64         1000         9.38        10.34         9.86
          128         1000        10.17        11.20        10.69
          256         1000        10.17        11.21        10.69
          512         1000        10.27        11.21        10.74
         1024         1000        10.43        11.49        10.96
         2048         1000        10.93        11.85        11.39
         4096         1000        12.63        13.09        12.86
         8192         1000        14.43        14.57        14.50
        16384         1000        19.36        20.74        20.05
        32768         1000        24.67        28.42        26.54
        65536          640        35.18        43.47        39.33
       131072          320        93.74        95.99        94.87
       262144          160       194.53       198.08       196.30
       524288           80       400.17       406.27       403.22
      1048576           40       789.34       794.83       792.09
      2097152           20      1551.76      1555.32      1553.54
      4194304           10      3056.88      3060.98      3058.93

#----------------------------------------------------------------
# Benchmarking Reduce 
# #processes = 4 
#----------------------------------------------------------------
       #bytes #repetitions  t_min[usec]  t_max[usec]  t_avg[usec]
            0         1000         0.93         0.97         0.94
            4         1000         6.59        15.03        10.39
            8         1000         6.61        15.14        10.50
           16         1000        11.59        18.06        14.31
           32         1000        11.45        17.87        14.14
           64         1000        11.24        17.67        13.95
          128         1000        12.56        18.80        15.21
          256         1000        12.63        18.81        15.25
          512         1000        13.05        19.88        15.93
         1024         1000        14.97        18.39        16.12
         2048         1000        16.28        20.28        17.35
         4096         1000        19.35        24.68        21.87
         8192         1000        16.97        30.11        23.32
        16384         1000        19.91        37.64        28.47
        32768         1000        25.03        52.82        37.65
        65536          640        36.12        84.02        57.66
       131072          320       158.78       188.36       175.11
       262144          160       324.79       365.86       344.52
       524288           80       724.59       795.87       764.37
      1048576           40      1459.83      1564.60      1525.99
      2097152           20      3014.97      3144.99      3102.92
      4194304           10      6206.66      6421.90      6359.11

#----------------------------------------------------------------
# Benchmarking Reduce_scatter 
# #processes = 2 
# ( 2 additional processes waiting in MPI_Barrier)
#----------------------------------------------------------------
       #bytes #repetitions  t_min[usec]  t_max[usec]  t_avg[usec]
            0         1000         1.57         1.58         1.57
            4         1000         7.97         8.24         8.11
            8         1000         8.46         8.46         8.46
           16         1000         8.38         8.45         8.41
           32         1000        11.77        11.84        11.81
           64         1000        11.78        11.78        11.78
          128         1000        11.43        11.54        11.48
          256         1000        12.70        13.11        12.90
          512         1000        12.83        13.22        13.02
         1024         1000        13.01        13.45        13.23
         2048         1000        13.83        13.90        13.86
         4096         1000        14.46        14.48        14.47
         8192         1000        16.71        16.76        16.73
        16384         1000        20.45        20.50        20.48
        32768         1000        26.93        26.96        26.95
        65536          640        39.23        39.45        39.34
       131072          320        61.95        62.52        62.23
       262144          160       110.90       115.32       113.11
       524288           80       226.06       235.13       230.60
      1048576           40       475.60       480.02       477.81
      2097152           20       837.19       839.47       838.33
      4194304           10      1471.30      1471.69      1471.50

#----------------------------------------------------------------
# Benchmarking Reduce_scatter 
# #processes = 4 
#----------------------------------------------------------------
       #bytes #repetitions  t_min[usec]  t_max[usec]  t_avg[usec]
            0         1000         1.66         1.73         1.70
            4         1000         7.11        16.20        11.08
            8         1000         6.99        17.04        11.81
           16         1000        14.31        14.76        14.50
           32         1000        19.06        19.63        19.34
           64         1000        20.37        20.46        20.40
          128         1000        21.16        21.45        21.29
          256         1000        20.99        21.37        21.13
          512         1000        21.82        22.11        22.00
         1024         1000        21.86        21.99        21.94
         2048         1000        22.50        22.59        22.53
         4096         1000        23.64        23.75        23.68
         8192         1000        28.55        28.71        28.66
        16384         1000        35.18        35.55        35.36
        32768         1000        45.29        46.23        45.70
        65536          640        66.77        68.88        67.67
       131072          320       104.23       105.89       104.90
       262144          160       197.37       198.41       197.74
       524288           80       445.02       452.36       448.45
      1048576           40       637.42       644.79       640.20
      2097152           20      1247.82      1285.49      1270.32
      4194304           10      2137.97      2232.03      2183.95

#----------------------------------------------------------------
# Benchmarking Allgather 
# #processes = 2 
# ( 2 additional processes waiting in MPI_Barrier)
#----------------------------------------------------------------
       #bytes #repetitions  t_min[usec]  t_max[usec]  t_avg[usec]
            0         1000         0.63         0.64         0.63
            1         1000         5.79         5.88         5.83
            2         1000         5.99         5.99         5.99
            4         1000         5.78         5.95         5.86
            8         1000         6.10         6.10         6.10
           16         1000         9.49         9.60         9.54
           32         1000         9.46         9.53         9.50
           64         1000         9.16         9.26         9.21
          128         1000         9.66         9.67         9.66
          256         1000         9.72         9.76         9.74
          512         1000         9.94         9.99         9.97
         1024         1000        10.21        10.25        10.23
         2048         1000        10.76        10.78        10.77
         4096         1000        12.82        12.85        12.84
         8192         1000        15.73        15.87        15.80
        16384         1000        20.52        20.56        20.54
        32768         1000        29.99        30.06        30.03
        65536          640        48.15        48.26        48.20
       131072          320        95.00        97.47        96.24
       262144          160       137.11       153.10       145.11
       524288           80       283.21       310.02       296.62
      1048576           40       490.30       496.41       493.36
      2097152           20       785.29       800.67       792.98
      4194304           10      1376.01      1383.76      1379.88

#----------------------------------------------------------------
# Benchmarking Allgather 
# #processes = 4 
#----------------------------------------------------------------
       #bytes #repetitions  t_min[usec]  t_max[usec]  t_avg[usec]
            0         1000         0.74         0.79         0.77
            1         1000        10.03        10.74        10.42
            2         1000        10.26        10.67        10.50
            4         1000        10.04        10.84        10.49
            8         1000        13.72        14.49        14.13
           16         1000        16.60        16.89        16.72
           32         1000        16.54        16.69        16.61
           64         1000        16.19        16.28        16.23
          128         1000        16.87        16.98        16.91
          256         1000        17.10        17.17        17.12
          512         1000        17.63        17.92        17.76
         1024         1000        18.39        18.51        18.46
         2048         1000        21.24        21.48        21.39
         4096         1000        25.54        26.28        25.91
         8192         1000        33.15        33.84        33.50
        16384         1000        47.14        47.22        47.18
        32768         1000        73.58        74.93        74.24
        65536          640       139.82       140.91       140.41
       131072          320       190.98       238.50       217.95
       262144          160       204.73       245.34       224.69
       524288           80       341.53       418.55       373.53
      1048576           40       877.88       905.65       891.76
      2097152           20      1037.20      1067.58      1050.55
      4194304           10      3500.01      5469.30      4481.40

#----------------------------------------------------------------
# Benchmarking Allgatherv 
# #processes = 2 
# ( 2 additional processes waiting in MPI_Barrier)
#----------------------------------------------------------------
       #bytes #repetitions  t_min[usec]  t_max[usec]  t_avg[usec]
            0         1000         0.78         0.79         0.79
            1         1000         6.84         6.98         6.91
            2         1000         7.00         7.04         7.02
            4         1000         6.96         7.05         7.00
            8         1000         7.07         7.12         7.09
           16         1000        10.30        10.35        10.32
           32         1000        10.32        10.37        10.35
           64         1000         9.96         9.99         9.98
          128         1000        10.35        10.36        10.35
          256         1000        10.50        10.52        10.51
          512         1000        10.70        10.71        10.70
         1024         1000        10.91        10.96        10.93
         2048         1000        11.43        11.60        11.51
         4096         1000        13.74        13.75        13.74
         8192         1000        16.56        16.57        16.57
        16384         1000        21.59        21.66        21.63
        32768         1000        31.06        31.13        31.10
        65536          640        47.99        48.00        48.00
       131072          320        93.89        96.18        95.04
       262144          160       136.36       154.72       145.54
       524288           80       278.72       321.03       299.88
      1048576           40       495.98       500.40       498.19
      2097152           20       798.58       800.51       799.55
      4194304           10      1385.71      1394.65      1390.18

#----------------------------------------------------------------
# Benchmarking Allgatherv 
# #processes = 4 
#----------------------------------------------------------------
       #bytes #repetitions  t_min[usec]  t_max[usec]  t_avg[usec]
            0         1000         0.95         0.98         0.96
            1         1000        13.03        13.19        13.15
            2         1000        13.07        13.26        13.17
            4         1000        13.12        13.30        13.19
            8         1000        16.50        17.14        16.87
           16         1000        19.10        19.35        19.21
           32         1000        19.48        19.62        19.53
           64         1000        19.60        19.77        19.69
          128         1000        20.16        20.24        20.22
          256         1000        20.31        20.53        20.42
          512         1000        20.96        21.04        21.00
         1024         1000        21.75        22.05        21.92
         2048         1000        25.27        25.64        25.44
         4096         1000        30.09        30.40        30.24
         8192         1000        39.10        39.45        39.26
        16384         1000        54.30        54.51        54.38
        32768         1000        83.29        84.20        83.89
        65536          640       141.92       142.58       142.12
       131072          320       302.56       380.60       347.06
       262144          160       342.76       438.86       388.72
       524288           80       579.34       689.62       629.21
      1048576           40       910.40       980.08       934.88
      2097152           20      1573.92      1661.53      1624.45
      4194304           10      5814.00      6516.96      6200.86

#----------------------------------------------------------------
# Benchmarking Gather 
# #processes = 2 
# ( 2 additional processes waiting in MPI_Barrier)
#----------------------------------------------------------------
       #bytes #repetitions  t_min[usec]  t_max[usec]  t_avg[usec]
            0         1000         0.68         0.72         0.70
            1         1000         2.95         5.77         4.36
            2         1000         3.09         5.63         4.36
            4         1000         2.95         5.67         4.31
            8         1000         3.04         5.58         4.31
           16         1000         8.39         9.60         8.99
           32         1000         8.34         9.54         8.94
           64         1000         8.16         9.21         8.69
          128         1000         7.62         8.10         7.86
          256         1000         7.60         8.18         7.89
          512         1000         7.73         8.27         8.00
         1024         1000         7.82         8.82         8.32
         2048         1000         8.24         9.25         8.74
         4096         1000        10.07        11.06        10.57
         8192         1000        11.23        11.94        11.59
        16384         1000        13.55        14.36        13.96
        32768         1000        17.71        19.01        18.36
        65536          640        26.95        28.54        27.74
       131072          320        49.78        50.99        50.38
       262144          160        84.06        98.72        91.39
       524288           80       188.82       244.16       216.49
      1048576           40       383.11       432.03       407.57
      2097152           20       669.54       693.87       681.70
      4194304           10      1244.74      1287.41      1266.07

#----------------------------------------------------------------
# Benchmarking Gather 
# #processes = 4 
#----------------------------------------------------------------
       #bytes #repetitions  t_min[usec]  t_max[usec]  t_avg[usec]
            0         1000         0.80         0.86         0.84
            1         1000         3.23         9.57         4.87
            2         1000         3.27         9.42         4.85
            4         1000         3.20         9.53         4.83
            8         1000         3.22         9.61         4.86
           16         1000         9.47        10.90        10.01
           32         1000         9.53        10.82        10.01
           64         1000         9.05        10.41         9.55
          128         1000         9.43        11.06        10.06
          256         1000         9.26        10.77         9.82
          512         1000         9.59        11.14        10.13
         1024         1000         9.93        11.41        10.46
         2048         1000        10.85        12.30        11.37
         4096         1000        13.77        15.49        14.42
         8192         1000        17.22        18.58        17.71
        16384         1000        23.11        24.54        23.78
        32768         1000        35.31        36.87        36.27
        65536          640        63.75        68.30        66.55
       131072          320       122.86       135.13       131.59
       262144          160       120.92       155.41       139.58
       524288           80       262.08       282.74       273.97
      1048576           40       520.75       554.14       534.89
      2097152           20       952.41       993.19       981.26
      4194304           10      1880.74      1923.56      1909.82

#----------------------------------------------------------------
# Benchmarking Gatherv 
# #processes = 2 
# ( 2 additional processes waiting in MPI_Barrier)
#----------------------------------------------------------------
       #bytes #repetitions  t_min[usec]  t_max[usec]  t_avg[usec]
            0         1000         0.78         1.78         1.28
            1         1000         2.80         5.80         4.30
            2         1000         2.85         5.69         4.27
            4         1000         2.74         5.86         4.30
            8         1000         2.81         5.70         4.25
           16         1000         7.62         8.11         7.86
           32         1000         7.57         8.14         7.85
           64         1000         7.49         7.94         7.72
          128         1000         7.80         8.27         8.04
          256         1000         7.86         8.36         8.11
          512         1000         7.99         8.49         8.24
         1024         1000         8.07         8.64         8.36
         2048         1000         8.48         8.97         8.72
         4096         1000        10.06        10.61        10.34
         8192         1000        11.46        12.03        11.74
        16384         1000        13.79        14.65        14.22
        32768         1000        18.86        19.73        19.29
        65536          640        28.07        28.98        28.52
       131072          320        50.14        50.95        50.55
       262144          160        85.46        95.79        90.63
       524288           80       193.59       246.90       220.24
      1048576           40       379.47       437.40       408.43
      2097152           20       672.70       695.49       684.09
      4194304           10      1238.87      1274.54      1256.70

#----------------------------------------------------------------
# Benchmarking Gatherv 
# #processes = 4 
#----------------------------------------------------------------
       #bytes #repetitions  t_min[usec]  t_max[usec]  t_avg[usec]
            0         1000         0.90         2.01         1.20
            1         1000         2.94         9.78         4.71
            2         1000         2.99         9.85         4.73
            4         1000         2.93         9.85         4.70
            8         1000         2.87        10.05         4.74
           16         1000         9.66        10.81        10.06
           32         1000         9.66        10.87        10.06
           64         1000         9.17        10.66         9.67
          128         1000         9.70        11.20        10.21
          256         1000         9.45        11.07        10.05
          512         1000         9.84        11.35        10.37
         1024         1000        10.07        11.66        10.60
         2048         1000        10.84        12.46        11.41
         4096         1000        13.92        15.73        14.71
         8192         1000        17.28        18.83        17.99
        16384         1000        23.26        25.02        23.98
        32768         1000        35.25        37.18        36.42
        65536          640        63.76        68.71        66.73
       131072          320       121.86       134.49       130.56
       262144          160       121.76       144.18       129.11
       524288           80       252.38       278.48       265.58
      1048576           40       506.79       535.67       525.78
      2097152           20       948.62       984.74       973.82
      4194304           10      1866.84      1910.16      1895.64

#----------------------------------------------------------------
# Benchmarking Scatter 
# #processes = 2 
# ( 2 additional processes waiting in MPI_Barrier)
#----------------------------------------------------------------
       #bytes #repetitions  t_min[usec]  t_max[usec]  t_avg[usec]
            0         1000         0.74         0.77         0.76
            1         1000         4.11         5.88         5.00
            2         1000         4.13         5.86         5.00
            4         1000         4.09         5.87         4.98
            8         1000         4.15         5.89         5.02
           16         1000         8.00         9.31         8.65
           32         1000         8.06         9.34         8.70
           64         1000         7.89         8.97         8.43
          128         1000         8.09         9.29         8.69
          256         1000         8.14         9.36         8.75
          512         1000         8.28         9.53         8.91
         1024         1000         8.43         9.83         9.13
         2048         1000         9.07        10.31         9.69
         4096         1000        10.59        11.97        11.28
         8192         1000        11.79        13.46        12.62
        16384         1000        13.87        15.78        14.83
        32768         1000        17.95        20.71        19.33
        65536          640        26.10        30.78        28.44
       131072          320        53.69        55.43        54.56
       262144          160        94.99       112.96       103.98
       524288           80       221.45       242.08       231.76
      1048576           40       209.67       440.67       325.17
      2097152           20       734.39       763.88       749.14
      4194304           10      1306.03      1334.83      1320.43

#----------------------------------------------------------------
# Benchmarking Scatter 
# #processes = 4 
#----------------------------------------------------------------
       #bytes #repetitions  t_min[usec]  t_max[usec]  t_avg[usec]
            0         1000         0.92         0.95         0.94
            1         1000         6.07         7.35         6.71
            2         1000         6.14         7.38         6.75
            4         1000         5.94         7.24         6.65
            8         1000         5.89         7.23         6.63
           16         1000         7.29        11.42         9.02
           32         1000         7.30        11.33         8.94
           64         1000         7.16        11.28         8.87
          128         1000         7.38        11.54         9.16
          256         1000         7.49        11.53         9.21
          512         1000         7.83        11.80         9.51
         1024         1000         8.07        12.09         9.86
         2048         1000         8.86        12.63        10.54
         4096         1000        11.17        15.63        13.19
         8192         1000        12.77        19.81        16.44
        16384         1000        15.62        26.26        21.67
        32768         1000        18.54        42.68        31.76
        65536          640        27.67        67.35        50.73
       131072          320        55.25        90.72        76.05
       262144          160       107.51       192.70       154.20
       524288           80       237.53       375.53       316.00
      1048576           40       431.22       706.93       578.56
      2097152           20       735.00      1164.65       985.84
      4194304           10      1297.21      2059.72      1754.90

#----------------------------------------------------------------
# Benchmarking Scatterv 
# #processes = 2 
# ( 2 additional processes waiting in MPI_Barrier)
#----------------------------------------------------------------
       #bytes #repetitions  t_min[usec]  t_max[usec]  t_avg[usec]
            0         1000         0.84         1.66         1.25
            1         1000         4.98         5.91         5.44
            2         1000         4.97         5.87         5.42
            4         1000         4.93         5.86         5.40
            8         1000         4.97         5.98         5.47
           16         1000         8.05         9.47         8.76
           32         1000         8.06         9.50         8.78
           64         1000         7.84         9.20         8.52
          128         1000         8.18         9.59         8.89
          256         1000         8.29         9.67         8.98
          512         1000         8.46         9.87         9.16
         1024         1000         8.72        10.16         9.44
         2048         1000         9.10        10.62         9.86
         4096         1000        11.06        12.57        11.82
         8192         1000        12.37        13.98        13.18
        16384         1000        15.12        16.65        15.88
        32768         1000        20.74        22.12        21.43
        65536          640        29.79        31.41        30.60
       131072          320        53.25        55.83        54.54
       262144          160        80.97        95.59        88.28
       524288           80       229.27       253.12       241.19
      1048576           40       426.91       459.95       443.43
      2097152           20       730.66       765.23       747.94
      4194304           10      1300.81      1344.30      1322.56

#----------------------------------------------------------------
# Benchmarking Scatterv 
# #processes = 4 
#----------------------------------------------------------------
       #bytes #repetitions  t_min[usec]  t_max[usec]  t_avg[usec]
            0         1000         0.93         1.94         1.20
            1         1000         6.06         7.70         6.82
            2         1000         5.95         7.63         6.76
            4         1000         5.87         7.38         6.61
            8         1000         5.99         7.52         6.71
           16         1000         6.96        11.27         8.68
           32         1000         6.93        11.13         8.60
           64         1000         6.77        10.97         8.39
          128         1000         7.07        11.24         8.72
          256         1000         7.17        11.44         8.83
          512         1000         7.38        11.88         9.16
         1024         1000         7.68        11.98         9.40
         2048         1000         8.43        12.61        10.20
         4096         1000        10.76        15.63        12.98
         8192         1000        12.57        19.80        16.21
        16384         1000        15.27        26.18        21.35
        32768         1000        18.27        42.22        31.16
        65536          640        27.37        67.25        50.28
       131072          320        54.05        88.62        73.65
       262144          160        95.72       203.94       147.78
       524288           80       243.34       392.19       324.00
      1048576           40       435.08       660.88       566.07
      2097152           20       752.85      1135.95       977.44
      4194304           10      1316.60      2058.96      1762.14

#----------------------------------------------------------------
# Benchmarking Alltoall 
# #processes = 2 
# ( 2 additional processes waiting in MPI_Barrier)
#----------------------------------------------------------------
       #bytes #repetitions  t_min[usec]  t_max[usec]  t_avg[usec]
            0         1000         0.64         0.69         0.66
            1         1000         6.21         6.33         6.27
            2         1000         6.35         6.35         6.35
            4         1000         6.23         6.43         6.33
            8         1000         6.42         6.43         6.43
           16         1000         9.74         9.75         9.75
           32         1000         9.76         9.77         9.77
           64         1000         9.45         9.45         9.45
          128         1000         9.87         9.90         9.89
          256         1000         9.96        10.01         9.99
          512         1000        10.13        10.15        10.14
         1024         1000        10.44        10.58        10.51
         2048         1000        11.00        11.05        11.03
         4096         1000        12.92        13.07        12.99
         8192         1000        15.89        16.07        15.98
        16384         1000        20.57        20.75        20.66
        32768         1000        30.00        30.10        30.05
        65536          640        47.58        47.59        47.58
       131072          320        86.77        90.63        88.70
       262144          160       103.20       104.32       103.76
       524288           80       274.68       300.77       287.73
      1048576           40       481.01       487.61       484.31
      2097152           20       781.91       782.43       782.17
      4194304           10      1364.54      1369.12      1366.83

#----------------------------------------------------------------
# Benchmarking Alltoall 
# #processes = 4 
#----------------------------------------------------------------
       #bytes #repetitions  t_min[usec]  t_max[usec]  t_avg[usec]
            0         1000         0.83         0.85         0.84
            1         1000        13.27        13.76        13.52
            2         1000        15.44        16.08        15.90
            4         1000        15.38        15.94        15.76
            8         1000        15.44        16.36        16.05
           16         1000        19.90        20.19        20.07
           32         1000        19.76        20.26        20.05
           64         1000        19.16        19.58        19.40
          128         1000        19.89        20.29        20.17
          256         1000        19.71        20.21        20.06
          512         1000        20.49        20.90        20.72
         1024         1000        21.43        21.92        21.67
         2048         1000        22.92        23.47        23.32
         4096         1000        28.54        29.03        28.79
         8192         1000        37.09        38.53        37.87
        16384         1000        48.07        48.62        48.47
        32768         1000        78.42        79.60        79.02
        65536          640       159.75       163.42       161.00
       131072          320       270.48       275.65       273.43
       262144          160       254.19       297.56       273.34
       524288           80       485.31       537.43       508.46
      1048576           40       800.96       847.20       825.83
      2097152           20      1430.81      1437.72      1435.42
      4194304           10      3194.50      4372.07      3970.81

#----------------------------------------------------------------
# Benchmarking Alltoallv 
# #processes = 2 
# ( 2 additional processes waiting in MPI_Barrier)
#----------------------------------------------------------------
       #bytes #repetitions  t_min[usec]  t_max[usec]  t_avg[usec]
            0         1000         2.58         2.64         2.61
            1         1000        10.51        10.78        10.65
            2         1000        10.58        10.72        10.65
            4         1000        10.50        10.70        10.60
            8         1000        10.41        10.73        10.57
           16         1000        13.48        13.61        13.55
           32         1000        13.46        13.63        13.54
           64         1000        13.25        13.29        13.27
          128         1000        13.68        13.74        13.71
          256         1000        13.71        13.85        13.78
          512         1000        13.94        14.12        14.03
         1024         1000        14.16        14.38        14.27
         2048         1000        14.74        14.92        14.83
         4096         1000        16.83        17.15        16.99
         8192         1000        20.61        20.68        20.64
        16384         1000        25.36        25.48        25.42
        32768         1000        34.71        34.88        34.80
        65536          640        52.81        52.93        52.87
       131072          320        91.12        94.18        92.65
       262144          160       112.33       127.10       119.71
       524288           80       285.41       321.13       303.27
      1048576           40       489.67       498.74       494.20
      2097152           20       778.65       791.75       785.20
      4194304           10      1378.04      1385.38      1381.71

#----------------------------------------------------------------
# Benchmarking Alltoallv 
# #processes = 4 
#----------------------------------------------------------------
       #bytes #repetitions  t_min[usec]  t_max[usec]  t_avg[usec]
            0         1000         2.85         3.21         3.04
            1         1000        15.67        16.07        15.93
            2         1000        15.62        16.23        16.04
            4         1000        15.67        16.13        15.98
            8         1000        15.66        16.26        16.08
           16         1000        20.06        20.31        20.21
           32         1000        19.99        20.34        20.20
           64         1000        19.47        19.75        19.64
          128         1000        19.99        20.49        20.24
          256         1000        19.83        20.32        20.17
          512         1000        20.63        20.98        20.87
         1024         1000        21.42        21.86        21.66
         2048         1000        23.41        23.61        23.46
         4096         1000        28.60        29.19        28.98
         8192         1000        37.03        38.31        37.77
        16384         1000        48.30        48.69        48.47
        32768         1000        77.40        78.38        77.81
        65536          640       158.77       160.77       159.43
       131072          320       276.06       281.73       277.63
       262144          160       264.14       294.01       276.60
       524288           80       499.84       549.47       519.33
      1048576           40       824.71       862.44       846.53
      2097152           20      1443.42      1470.77      1460.55
      4194304           10      5026.89      5533.27      5310.98

#----------------------------------------------------------------
# Benchmarking Bcast 
# #processes = 2 
# ( 2 additional processes waiting in MPI_Barrier)
#----------------------------------------------------------------
       #bytes #repetitions  t_min[usec]  t_max[usec]  t_avg[usec]
            0         1000         0.55         0.57         0.56
            1         1000         3.91         5.91         4.91
            2         1000         3.91         5.87         4.89
            4         1000         3.83         5.88         4.86
            8         1000         3.90         5.91         4.90
           16         1000         8.01         8.88         8.44
           32         1000         8.64         9.83         9.23
           64         1000         7.61         8.74         8.18
          128         1000         7.68         8.85         8.26
          256         1000         7.78         8.87         8.32
          512         1000         7.81         8.97         8.39
         1024         1000         8.15         8.95         8.55
         2048         1000         8.49         9.68         9.09
         4096         1000        10.18        11.25        10.72
         8192         1000        11.46        12.44        11.95
        16384         1000        13.17        14.40        13.79
        32768         1000        17.80        19.02        18.41
        65536          640        25.68        26.96        26.32
       131072          320        48.99        50.22        49.60
       262144          160        55.68        70.07        62.87
       524288           80        82.83        93.53        88.18
      1048576           40       137.32       143.89       140.60
      2097152           20       238.11       240.17       239.14
      4194304           10       411.22       412.25       411.74

#----------------------------------------------------------------
# Benchmarking Bcast 
# #processes = 4 
#----------------------------------------------------------------
       #bytes #repetitions  t_min[usec]  t_max[usec]  t_avg[usec]
            0         1000         0.69         0.73         0.71
            1         1000         5.72         9.24         7.34
            2         1000         5.60         9.04         7.27
            4         1000         5.67         9.01         7.20
            8         1000         5.60         8.93         7.16
           16         1000         8.70        22.14        16.54
           32         1000         8.64        22.14        16.52
           64         1000         8.56        21.27        16.00
          128         1000         8.49        21.49        16.10
          256         1000         8.43        21.64        16.15
          512         1000         8.56        22.15        16.54
         1024         1000        14.51        16.06        15.12
         2048         1000        15.37        16.83        15.98
         4096         1000        18.55        20.19        19.19
         8192         1000        21.40        22.92        21.99
        16384         1000        25.38        27.38        26.18
        32768         1000        33.91        35.73        34.66
        65536          640        50.81        52.49        51.71
       131072          320       105.26       112.68       108.69
       262144          160       115.67       138.37       126.89
       524288           80       171.64       186.32       178.51
      1048576           40       282.39       292.67       287.18
      2097152           20       477.84       482.18       480.22
      4194304           10       819.90       822.40       821.12

#---------------------------------------------------
# Benchmarking Barrier 
# #processes = 2 
# ( 2 additional processes waiting in MPI_Barrier)
#---------------------------------------------------
 #repetitions  t_min[usec]  t_max[usec]  t_avg[usec]
         1000         3.57         3.57         3.57

#---------------------------------------------------
# Benchmarking Barrier 
# #processes = 4 
#---------------------------------------------------
 #repetitions  t_min[usec]  t_max[usec]  t_avg[usec]
         1000         6.79         6.79         6.79


# All processes entering MPI_Finalize

