#------------------------------------------------------------
#    Intel (R) MPI Benchmarks 2018 Update 1, MPI-1 part    
#------------------------------------------------------------
# Date                  : Fri Dec  1 14:14:37 2017
# Machine               : x86_64
# System                : Linux
# Release               : 4.4.74-92.35-default
# Version               : #1 SMP Mon Aug 7 18:24:48 UTC 2017 (c0fdc47)
# MPI Version           : 3.1
# MPI Thread Environment: 


# Calling sequence was: 

# ./IMB-MPI1

# Minimum message length in bytes:   0
# Maximum message length in bytes:   4194304
#
# MPI_Datatype                   :   MPI_BYTE 
# MPI_Datatype for reductions    :   MPI_FLOAT
# MPI_Op                         :   MPI_SUM  
#
#

# List of Benchmarks to run:

# PingPong
# PingPing
# Sendrecv
# Exchange
# Allreduce
# Reduce
# Reduce_scatter
# Allgather
# Allgatherv
# Gather
# Gatherv
# Scatter
# Scatterv
# Alltoall
# Alltoallv
# Bcast
# Barrier

#---------------------------------------------------
# Benchmarking PingPong 
# #processes = 2 
# ( 2 additional processes waiting in MPI_Barrier)
#---------------------------------------------------
       #bytes #repetitions      t[usec]   Mbytes/sec
            0         1000         3.25         0.00
            1         1000         3.35         0.30
            2         1000         3.32         0.60
            4         1000         3.26         1.23
            8         1000         3.28         2.44
           16         1000         5.11         3.13
           32         1000         5.10         6.28
           64         1000         4.94        12.96
          128         1000         5.01        25.55
          256         1000         5.09        50.32
          512         1000         5.22        98.09
         1024         1000         5.45       187.94
         2048         1000         5.84       350.89
         4096         1000         7.16       571.75
         8192         1000         8.68       944.16
        16384         1000        10.66      1536.83
        32768         1000        15.34      2136.19
        65536          640        24.47      2678.69
       131072          320        46.20      2836.88
       262144          160        79.05      3316.18
       524288           80       112.06      4678.59
      1048576           40       167.33      6266.70
      2097152           20       250.63      8367.67
      4194304           10       444.75      9430.78

#---------------------------------------------------
# Benchmarking PingPing 
# #processes = 2 
# ( 2 additional processes waiting in MPI_Barrier)
#---------------------------------------------------
       #bytes #repetitions      t[usec]   Mbytes/sec
            0         1000         4.14         0.00
            1         1000         3.83         0.26
            2         1000         3.90         0.51
            4         1000         3.88         1.03
            8         1000         3.86         2.07
           16         1000         7.33         2.18
           32         1000         7.27         4.40
           64         1000         7.10         9.02
          128         1000         7.15        17.91
          256         1000         7.22        35.48
          512         1000         7.35        69.70
         1024         1000         7.70       133.04
         2048         1000         8.15       251.23
         4096         1000        10.29       398.10
         8192         1000        13.38       612.48
        16384         1000        17.02       962.69
        32768         1000        26.61      1231.33
        65536          640        43.15      1518.79
       131072          320        56.95      2301.41
       262144          160        71.42      3670.54
       524288           80       105.41      4973.76
      1048576           40       147.75      7097.06
      2097152           20       250.40      8375.24
      4194304           10       425.60      9855.01

#-----------------------------------------------------------------------------
# Benchmarking Sendrecv 
# #processes = 2 
# ( 2 additional processes waiting in MPI_Barrier)
#-----------------------------------------------------------------------------
       #bytes #repetitions  t_min[usec]  t_max[usec]  t_avg[usec]   Mbytes/sec
            0         1000         3.21         3.21         3.21         0.00
            1         1000         3.30         3.30         3.30         0.61
            2         1000         3.24         3.24         3.24         1.23
            4         1000         3.24         3.24         3.24         2.47
            8         1000         3.24         3.24         3.24         4.94
           16         1000         6.61         6.61         6.61         4.84
           32         1000         6.12         6.12         6.12        10.45
           64         1000         5.93         5.93         5.93        21.59
          128         1000         6.00         6.00         6.00        42.66
          256         1000         6.14         6.14         6.14        83.34
          512         1000         6.18         6.18         6.18       165.78
         1024         1000         6.50         6.50         6.50       314.97
         2048         1000         7.08         7.08         7.08       578.29
         4096         1000         8.87         8.88         8.87       923.03
         8192         1000        11.21        11.21        11.21      1461.28
        16384         1000        15.18        15.18        15.18      2158.75
        32768         1000        24.76        24.77        24.77      2646.21
        65536          640        41.41        41.42        41.41      3164.80
       131072          320        55.27        55.27        55.27      4743.36
       262144          160       101.87       101.93       101.90      5143.54
       524288           80       198.71       198.84       198.78      5273.52
      1048576           40       306.03       307.05       306.54      6830.06
      2097152           20       259.15       259.24       259.20     16178.95
      4194304           10       424.72       425.51       425.11     19714.45

#-----------------------------------------------------------------------------
# Benchmarking Sendrecv 
# #processes = 4 
#-----------------------------------------------------------------------------
       #bytes #repetitions  t_min[usec]  t_max[usec]  t_avg[usec]   Mbytes/sec
            0         1000         3.22         3.22         3.22         0.00
            1         1000         3.22         3.22         3.22         0.62
            2         1000         3.23         3.23         3.23         1.24
            4         1000         3.21         3.21         3.21         2.49
            8         1000         3.20         3.20         3.20         4.99
           16         1000         6.86         6.86         6.86         4.66
           32         1000         6.76         6.77         6.76         9.46
           64         1000         6.94         6.95         6.95        18.42
          128         1000         6.52         6.52         6.52        39.29
          256         1000         7.00         7.01         7.00        73.08
          512         1000         6.72         6.73         6.73       152.20
         1024         1000         7.16         7.16         7.16       285.96
         2048         1000         7.93         7.93         7.93       516.52
         4096         1000        10.19        10.20        10.20       803.21
         8192         1000        13.44        13.44        13.44      1219.32
        16384         1000        20.22        20.23        20.22      1619.69
        32768         1000        31.86        31.89        31.88      2055.13
        65536          640        51.03        51.09        51.06      2565.71
       131072          320        69.34        69.35        69.34      3780.22
       262144          160        94.61        94.70        94.66      5536.31
       524288           80       142.56       143.35       143.06      7314.84
      1048576           40       177.40       177.71       177.58     11801.29
      2097152           20       326.75       334.85       332.49     12526.03
      4194304           10       666.40       698.40       689.70     12011.19

#-----------------------------------------------------------------------------
# Benchmarking Exchange 
# #processes = 2 
# ( 2 additional processes waiting in MPI_Barrier)
#-----------------------------------------------------------------------------
       #bytes #repetitions  t_min[usec]  t_max[usec]  t_avg[usec]   Mbytes/sec
            0         1000         7.36         7.37         7.36         0.00
            1         1000         7.96         7.97         7.96         0.50
            2         1000         7.89         7.90         7.89         1.01
            4         1000         7.99         7.99         7.99         2.00
            8         1000         7.97         7.97         7.97         4.02
           16         1000        11.42        11.42        11.42         5.61
           32         1000        11.44        11.44        11.44        11.19
           64         1000        11.15        11.16        11.15        22.95
          128         1000        11.38        11.38        11.38        44.98
          256         1000        11.40        11.40        11.40        89.84
          512         1000        11.78        11.78        11.78       173.85
         1024         1000        12.18        12.18        12.18       336.35
         2048         1000        13.06        13.06        13.06       627.03
         4096         1000        18.21        18.21        18.21       899.93
         8192         1000        24.55        24.56        24.56      1334.31
        16384         1000        34.65        34.65        34.65      1891.33
        32768         1000        52.08        52.09        52.09      2516.49
        65536          640        86.30        86.31        86.31      3037.38
       131072          320       112.00       112.01       112.00      4680.73
       262144          160       151.77       151.82       151.79      6906.75
       524288           80       212.88       212.92       212.90      9849.36
      1048576           40       321.25       321.32       321.29     13053.25
      2097152           20       558.70       558.75       558.72     15013.28
      4194304           10       885.99       886.92       886.45     18916.33

#-----------------------------------------------------------------------------
# Benchmarking Exchange 
# #processes = 4 
#-----------------------------------------------------------------------------
       #bytes #repetitions  t_min[usec]  t_max[usec]  t_avg[usec]   Mbytes/sec
            0         1000         7.80         7.80         7.80         0.00
            1         1000         8.40         8.40         8.40         0.48
            2         1000         8.35         8.35         8.35         0.96
            4         1000         8.50         8.50         8.50         1.88
            8         1000         8.46         8.46         8.46         3.78
           16         1000        13.36        13.36        13.36         4.79
           32         1000        13.06        13.07        13.06         9.80
           64         1000        12.40        12.41        12.41        20.63
          128         1000        12.62        12.62        12.62        40.56
          256         1000        12.67        12.69        12.68        80.71
          512         1000        13.09        13.09        13.09       156.40
         1024         1000        13.70        13.71        13.71       298.72
         2048         1000        14.62        14.63        14.62       560.10
         4096         1000        19.59        19.60        19.59       836.13
         8192         1000        25.55        25.56        25.56      1282.04
        16384         1000        37.40        37.41        37.40      1751.98
        32768         1000        57.29        57.30        57.30      2287.47
        65536          640        97.41        97.44        97.43      2690.26
       131072          320       139.84       139.94       139.89      3746.59
       262144          160       180.08       180.37       180.22      5813.53
       524288           80       259.56       260.69       260.34      8044.72
      1048576           40       432.23       436.07       434.17      9618.34
      2097152           20       708.79       712.50       710.29     11773.45
      4194304           10      1375.39      1416.99      1403.10     11840.01

#----------------------------------------------------------------
# Benchmarking Allreduce 
# #processes = 2 
# ( 2 additional processes waiting in MPI_Barrier)
#----------------------------------------------------------------
       #bytes #repetitions  t_min[usec]  t_max[usec]  t_avg[usec]
            0         1000         0.63         0.63         0.63
            4         1000         8.17         8.29         8.23
            8         1000         8.21         8.31         8.26
           16         1000        11.73        11.74        11.74
           32         1000        11.73        11.76        11.75
           64         1000        11.36        11.53        11.44
          128         1000        12.63        12.64        12.64
          256         1000        12.86        12.90        12.88
          512         1000        12.82        12.90        12.86
         1024         1000        13.33        13.33        13.33
         2048         1000        13.95        14.01        13.98
         4096         1000        16.32        16.36        16.34
         8192         1000        27.98        28.05        28.02
        16384         1000        26.74        26.80        26.77
        32768         1000        45.49        45.61        45.55
        65536          640        68.48        68.58        68.53
       131072          320       111.41       111.65       111.53
       262144          160       251.80       281.91       266.85
       524288           80       492.67       551.11       521.89
      1048576           40       828.46       861.33       844.90
      2097152           20      1309.74      1338.27      1324.00
      4194304           10      6018.90      6024.31      6021.61

#----------------------------------------------------------------
# Benchmarking Allreduce 
# #processes = 4 
#----------------------------------------------------------------
       #bytes #repetitions  t_min[usec]  t_max[usec]  t_avg[usec]
            0         1000         0.75         0.80         0.78
            4         1000        12.66        13.23        12.93
            8         1000        12.83        13.22        13.05
           16         1000        19.78        19.86        19.82
           32         1000        19.34        19.59        19.45
           64         1000        19.06        19.20        19.14
          128         1000        20.84        21.16        20.96
          256         1000        20.46        20.88        20.70
          512         1000        21.18        21.26        21.23
         1024         1000        22.26        22.45        22.36
         2048         1000        22.94        23.36        23.21
         4096         1000        27.41        28.42        27.93
         8192         1000        34.96        35.47        35.21
        16384         1000        46.48        46.71        46.56
        32768         1000        71.15        72.11        71.59
        65536          640       117.14       118.50       117.72
       131072          320       183.98       186.58       185.29
       262144          160       379.49       382.95       381.31
       524288           80       842.99       927.33       884.52
      1048576           40      1232.64      1312.15      1272.42
      2097152           20      1946.09      2017.82      1980.20
      4194304           10     15534.38     15906.55     15717.04

#----------------------------------------------------------------
# Benchmarking Reduce 
# #processes = 2 
# ( 2 additional processes waiting in MPI_Barrier)
#----------------------------------------------------------------
       #bytes #repetitions  t_min[usec]  t_max[usec]  t_avg[usec]
            0         1000         0.79         0.82         0.81
            4         1000         5.45         7.70         6.57
            8         1000         5.58         7.64         6.61
           16         1000         9.60        10.61        10.11
           32         1000         9.64        10.66        10.15
           64         1000         9.43        10.37         9.90
          128         1000        10.15        11.15        10.65
          256         1000        10.19        11.19        10.69
          512         1000        10.29        11.28        10.79
         1024         1000        10.47        11.38        10.93
         2048         1000        11.08        11.88        11.48
         4096         1000        12.62        13.21        12.91
         8192         1000        14.58        14.66        14.62
        16384         1000        19.18        20.64        19.91
        32768         1000        24.51        28.48        26.49
        65536          640        35.23        44.19        39.71
       131072          320        93.08        94.51        93.80
       262144          160       194.98       197.15       196.06
       524288           80       399.60       406.62       403.11
      1048576           40       783.85       788.31       786.08
      2097152           20      1567.41      1571.71      1569.56
      4194304           10      3060.63      3064.37      3062.50

#----------------------------------------------------------------
# Benchmarking Reduce 
# #processes = 4 
#----------------------------------------------------------------
       #bytes #repetitions  t_min[usec]  t_max[usec]  t_avg[usec]
            0         1000         0.93         0.97         0.95
            4         1000         6.53        14.99        10.32
            8         1000         6.55        15.15        10.41
           16         1000        11.57        18.18        14.36
           32         1000        11.54        18.23        14.37
           64         1000        11.20        17.85        13.98
          128         1000        12.58        18.93        15.26
          256         1000        12.61        18.81        15.24
          512         1000        13.10        19.74        15.95
         1024         1000        14.97        18.60        16.25
         2048         1000        16.10        20.27        17.21
         4096         1000        19.36        25.02        22.04
         8192         1000        16.80        30.01        23.15
        16384         1000        19.78        37.56        28.39
        32768         1000        24.92        53.42        38.02
        65536          640        35.89        83.49        57.11
       131072          320       155.24       184.82       172.71
       262144          160       319.00       357.79       338.63
       524288           80       700.23       767.43       736.50
      1048576           40      1424.69      1516.63      1482.49
      2097152           20      3045.59      3201.83      3151.43
      4194304           10      6194.81      6397.65      6337.94

#----------------------------------------------------------------
# Benchmarking Reduce_scatter 
# #processes = 2 
# ( 2 additional processes waiting in MPI_Barrier)
#----------------------------------------------------------------
       #bytes #repetitions  t_min[usec]  t_max[usec]  t_avg[usec]
            0         1000         1.53         1.55         1.54
            4         1000         7.95         8.29         8.12
            8         1000         8.39         8.46         8.42
           16         1000         8.40         8.49         8.45
           32         1000        11.90        11.95        11.93
           64         1000        11.82        11.83        11.83
          128         1000        11.46        11.60        11.53
          256         1000        12.71        13.14        12.92
          512         1000        12.96        13.27        13.11
         1024         1000        13.02        13.50        13.26
         2048         1000        14.15        14.18        14.17
         4096         1000        14.39        14.41        14.40
         8192         1000        16.69        16.88        16.79
        16384         1000        20.66        20.78        20.72
        32768         1000        26.85        27.09        26.97
        65536          640        39.29        39.37        39.33
       131072          320        62.25        62.80        62.52
       262144          160       105.49       107.85       106.67
       524288           80       225.29       268.19       246.74
      1048576           40       471.06       510.47       490.76
      2097152           20       831.20       872.65       851.92
      4194304           10      1458.93      1489.66      1474.30

#----------------------------------------------------------------
# Benchmarking Reduce_scatter 
# #processes = 4 
#----------------------------------------------------------------
       #bytes #repetitions  t_min[usec]  t_max[usec]  t_avg[usec]
            0         1000         1.70         1.73         1.72
            4         1000         7.08        16.09        11.03
            8         1000         7.00        17.15        11.89
           16         1000        14.37        14.70        14.50
           32         1000        18.93        19.55        19.25
           64         1000        20.39        20.59        20.52
          128         1000        21.16        21.63        21.41
          256         1000        20.96        21.30        21.15
          512         1000        21.97        22.27        22.11
         1024         1000        21.91        22.11        21.99
         2048         1000        22.61        22.73        22.67
         4096         1000        23.78        23.92        23.85
         8192         1000        28.55        29.01        28.79
        16384         1000        35.08        35.47        35.28
        32768         1000        45.22        45.85        45.47
        65536          640        66.25        68.86        67.33
       131072          320       106.88       107.89       107.36
       262144          160       188.94       190.75       189.74
       524288           80       314.55       335.10       321.50
      1048576           40       554.23       618.11       596.05
      2097152           20      1222.42      1274.45      1254.12
      4194304           10      2105.50      2119.40      2111.24

#----------------------------------------------------------------
# Benchmarking Allgather 
# #processes = 2 
# ( 2 additional processes waiting in MPI_Barrier)
#----------------------------------------------------------------
       #bytes #repetitions  t_min[usec]  t_max[usec]  t_avg[usec]
            0         1000         0.62         0.66         0.64
            1         1000         5.75         5.89         5.82
            2         1000         5.95         6.04         6.00
            4         1000         5.80         5.85         5.82
            8         1000         5.90         5.99         5.95
           16         1000         9.48         9.51         9.49
           32         1000         9.49         9.52         9.51
           64         1000         9.10         9.14         9.12
          128         1000         9.63         9.65         9.64
          256         1000         9.69         9.72         9.71
          512         1000         9.86         9.92         9.89
         1024         1000        10.17        10.25        10.21
         2048         1000        10.57        10.67        10.62
         4096         1000        12.70        12.93        12.81
         8192         1000        15.71        15.84        15.78
        16384         1000        20.42        20.50        20.46
        32768         1000        30.61        30.62        30.62
        65536          640        48.32        48.48        48.40
       131072          320        90.30        91.16        90.73
       262144          160       127.93       129.47       128.70
       524288           80       273.01       316.93       294.97
      1048576           40       486.70       490.36       488.53
      2097152           20       796.60       806.02       801.31
      4194304           10      1378.51      1392.36      1385.44

#----------------------------------------------------------------
# Benchmarking Allgather 
# #processes = 4 
#----------------------------------------------------------------
       #bytes #repetitions  t_min[usec]  t_max[usec]  t_avg[usec]
            0         1000         0.79         0.83         0.80
            1         1000        10.19        10.76        10.50
            2         1000        10.32        10.62        10.45
            4         1000        10.01        10.85        10.50
            8         1000        13.81        14.48        14.15
           16         1000        16.60        16.74        16.69
           32         1000        16.56        16.62        16.59
           64         1000        16.15        16.36        16.26
          128         1000        16.85        17.03        16.93
          256         1000        18.08        18.47        18.23
          512         1000        17.62        17.77        17.69
         1024         1000        18.28        18.64        18.49
         2048         1000        21.22        21.53        21.34
         4096         1000        25.51        26.34        25.94
         8192         1000        33.48        33.81        33.66
        16384         1000        47.23        47.33        47.28
        32768         1000        74.55        75.15        74.91
        65536          640       139.33       142.57       141.40
       131072          320       197.64       260.82       238.62
       262144          160       201.59       287.64       246.14
       524288           80       325.47       423.50       380.55
      1048576           40       851.15       878.80       866.70
      2097152           20      1051.93      1085.98      1073.54
      4194304           10      1807.83      1852.13      1829.02

#----------------------------------------------------------------
# Benchmarking Allgatherv 
# #processes = 2 
# ( 2 additional processes waiting in MPI_Barrier)
#----------------------------------------------------------------
       #bytes #repetitions  t_min[usec]  t_max[usec]  t_avg[usec]
            0         1000         0.78         0.81         0.80
            1         1000         6.80         6.89         6.84
            2         1000         6.97         7.04         7.00
            4         1000         6.92         7.05         6.99
            8         1000         7.07         7.09         7.08
           16         1000        10.48        10.48        10.48
           32         1000        10.25        10.32        10.28
           64         1000         9.89         9.91         9.90
          128         1000        10.31        10.35        10.33
          256         1000        10.40        10.41        10.41
          512         1000        10.69        10.70        10.69
         1024         1000        10.95        11.02        10.98
         2048         1000        11.49        11.58        11.54
         4096         1000        13.63        13.82        13.73
         8192         1000        16.74        16.79        16.77
        16384         1000        21.43        21.50        21.47
        32768         1000        30.82        31.02        30.92
        65536          640        47.79        47.85        47.82
       131072          320        91.99        93.45        92.72
       262144          160       137.10       154.07       145.59
       524288           80       296.05       333.61       314.83
      1048576           40       490.34       498.08       494.21
      2097152           20       799.61       802.29       800.95
      4194304           10      1375.84      1397.97      1386.90

#----------------------------------------------------------------
# Benchmarking Allgatherv 
# #processes = 4 
#----------------------------------------------------------------
       #bytes #repetitions  t_min[usec]  t_max[usec]  t_avg[usec]
            0         1000         0.95         0.98         0.96
            1         1000        13.02        13.09        13.05
            2         1000        12.97        13.30        13.11
            4         1000        13.07        13.29        13.17
            8         1000        16.54        17.12        16.83
           16         1000        19.04        19.27        19.16
           32         1000        19.73        19.81        19.77
           64         1000        19.54        19.70        19.62
          128         1000        20.08        20.30        20.20
          256         1000        20.30        20.52        20.39
          512         1000        20.76        20.94        20.85
         1024         1000        21.67        22.05        21.85
         2048         1000        25.17        25.35        25.28
         4096         1000        30.11        30.23        30.17
         8192         1000        39.28        39.64        39.40
        16384         1000        53.93        55.00        54.55
        32768         1000        83.02        83.57        83.27
        65536          640       140.95       142.41       141.60
       131072          320       286.26       340.87       317.74
       262144          160       318.18       371.04       340.41
       524288           80       589.03       646.53       609.00
      1048576           40       903.76       974.73       940.18
      2097152           20      1590.19      1670.43      1636.40
      4194304           10      2789.50      2967.60      2898.90

#----------------------------------------------------------------
# Benchmarking Gather 
# #processes = 2 
# ( 2 additional processes waiting in MPI_Barrier)
#----------------------------------------------------------------
       #bytes #repetitions  t_min[usec]  t_max[usec]  t_avg[usec]
            0         1000         0.68         0.72         0.70
            1         1000         2.97         5.76         4.37
            2         1000         3.04         5.63         4.34
            4         1000         2.92         5.67         4.30
            8         1000         3.04         5.57         4.30
           16         1000         8.37         9.55         8.96
           32         1000         8.36         9.59         8.98
           64         1000         8.18         9.21         8.69
          128         1000         7.62         8.18         7.90
          256         1000         7.66         8.19         7.93
          512         1000         7.80         8.33         8.06
         1024         1000         7.92         8.81         8.36
         2048         1000         8.30         9.24         8.77
         4096         1000         9.96        11.03        10.49
         8192         1000        11.92        13.24        12.58
        16384         1000        13.89        14.74        14.32
        32768         1000        18.57        19.60        19.09
        65536          640        28.56        29.93        29.25
       131072          320        50.54        51.33        50.93
       262144          160        73.16        91.64        82.40
       524288           80       206.61       256.53       231.57
      1048576           40       376.62       428.31       402.46
      2097152           20       669.90       691.88       680.89
      4194304           10      1233.27      1278.90      1256.08

#----------------------------------------------------------------
# Benchmarking Gather 
# #processes = 4 
#----------------------------------------------------------------
       #bytes #repetitions  t_min[usec]  t_max[usec]  t_avg[usec]
            0         1000         0.82         0.86         0.84
            1         1000         3.26         9.56         4.87
            2         1000         3.24         9.50         4.86
            4         1000         3.21         9.68         4.89
            8         1000         3.20         9.64         4.88
           16         1000         9.53        10.96        10.03
           32         1000         9.56        10.95        10.06
           64         1000         9.06        10.44         9.53
          128         1000         9.50        10.97        10.03
          256         1000         9.28        10.88         9.87
          512         1000         9.67        11.06        10.18
         1024         1000        10.02        11.61        10.55
         2048         1000        10.85        12.49        11.43
         4096         1000        13.77        15.55        14.51
         8192         1000        17.30        18.59        17.77
        16384         1000        23.16        24.64        23.84
        32768         1000        35.71        37.25        36.68
        65536          640        62.79        66.57        65.21
       131072          320       125.52       137.88       134.37
       262144          160       112.38       138.79       121.56
       524288           80       274.39       282.48       278.87
      1048576           40       527.19       554.44       539.76
      2097152           20       954.77       993.39       982.36
      4194304           10      1882.31      1925.09      1911.00

#----------------------------------------------------------------
# Benchmarking Gatherv 
# #processes = 2 
# ( 2 additional processes waiting in MPI_Barrier)
#----------------------------------------------------------------
       #bytes #repetitions  t_min[usec]  t_max[usec]  t_avg[usec]
            0         1000         0.84         1.79         1.31
            1         1000         2.86         5.72         4.29
            2         1000         2.92         5.66         4.29
            4         1000         2.78         5.82         4.30
            8         1000         2.87         5.65         4.26
           16         1000         7.62         8.16         7.89
           32         1000         7.57         8.06         7.81
           64         1000         7.50         8.01         7.75
          128         1000         7.88         8.38         8.13
          256         1000         7.85         8.38         8.12
          512         1000         8.00         8.55         8.27
         1024         1000         8.07         8.58         8.33
         2048         1000         8.40         8.98         8.69
         4096         1000        10.13        10.60        10.37
         8192         1000        11.64        12.28        11.96
        16384         1000        14.08        14.78        14.43
        32768         1000        19.01        19.77        19.39
        65536          640        28.73        29.51        29.12
       131072          320        47.89        48.28        48.08
       262144          160        74.24        89.66        81.95
       524288           80       209.25       253.90       231.57
      1048576           40       377.51       425.30       401.41
      2097152           20       672.60       693.11       682.85
      4194304           10      1249.41      1287.96      1268.68

#----------------------------------------------------------------
# Benchmarking Gatherv 
# #processes = 4 
#----------------------------------------------------------------
       #bytes #repetitions  t_min[usec]  t_max[usec]  t_avg[usec]
            0         1000         0.89         2.01         1.20
            1         1000         2.97         9.81         4.72
            2         1000         2.96         9.80         4.71
            4         1000         2.91         9.79         4.69
            8         1000         2.86         9.83         4.68
           16         1000         9.62        10.83        10.10
           32         1000         9.73        10.89        10.12
           64         1000         9.25        10.50         9.70
          128         1000         9.70        11.22        10.22
          256         1000         9.43        11.17        10.06
          512         1000         9.84        11.43        10.38
         1024         1000        10.15        11.71        10.65
         2048         1000        10.88        12.55        11.43
         4096         1000        13.81        15.56        14.63
         8192         1000        17.30        19.02        17.94
        16384         1000        23.31        25.03        24.06
        32768         1000        35.66        37.62        36.75
        65536          640        62.18        66.12        64.84
       131072          320       124.92       136.87       132.28
       262144          160       111.66       130.96       117.94
       524288           80       261.50       288.55       275.87
      1048576           40       500.50       531.12       521.28
      2097152           20       951.86       987.66       976.50
      4194304           10      1900.27      1940.08      1924.43

#----------------------------------------------------------------
# Benchmarking Scatter 
# #processes = 2 
# ( 2 additional processes waiting in MPI_Barrier)
#----------------------------------------------------------------
       #bytes #repetitions  t_min[usec]  t_max[usec]  t_avg[usec]
            0         1000         0.78         0.79         0.78
            1         1000         4.08         5.92         5.00
            2         1000         4.12         5.94         5.03
            4         1000         4.09         5.82         4.95
            8         1000         4.15         5.90         5.03
           16         1000         8.04         9.29         8.66
           32         1000         7.98         9.31         8.64
           64         1000         7.90         9.03         8.47
          128         1000         8.06         9.30         8.68
          256         1000         8.22         9.37         8.80
          512         1000         8.35         9.55         8.95
         1024         1000         8.60         9.74         9.17
         2048         1000         9.05        10.32         9.68
         4096         1000        10.59        12.10        11.35
         8192         1000        11.91        13.49        12.70
        16384         1000        13.92        15.93        14.92
        32768         1000        18.35        21.24        19.80
        65536          640        26.35        30.96        28.65
       131072          320        53.53        55.68        54.60
       262144          160        83.43        98.91        91.17
       524288           80       235.84       263.83       249.83
      1048576           40       208.95       440.85       324.90
      2097152           20       737.89       765.20       751.55
      4194304           10      1317.83      1345.66      1331.75

#----------------------------------------------------------------
# Benchmarking Scatter 
# #processes = 4 
#----------------------------------------------------------------
       #bytes #repetitions  t_min[usec]  t_max[usec]  t_avg[usec]
            0         1000         0.94         0.96         0.94
            1         1000         6.09         7.45         6.74
            2         1000         6.13         7.44         6.77
            4         1000         6.05         7.36         6.73
            8         1000         5.97         7.29         6.68
           16         1000         7.35        11.44         9.03
           32         1000         7.30        11.44         8.95
           64         1000         7.24        11.17         8.90
          128         1000         7.43        11.47         9.13
          256         1000         7.55        11.82         9.37
          512         1000         7.77        11.84         9.47
         1024         1000         8.15        12.20         9.94
         2048         1000         9.11        13.55        10.80
         4096         1000        11.27        15.93        13.26
         8192         1000        12.79        20.71        16.95
        16384         1000        15.61        26.47        21.65
        32768         1000        18.56        42.59        31.58
        65536          640        27.61        66.84        50.32
       131072          320        55.56        91.65        76.53
       262144          160        96.51       201.84       147.57
       524288           80       250.43       395.65       329.66
      1048576           40       420.45       704.82       570.02
      2097152           20       705.99      1158.31       971.88
      4194304           10      1280.00      2065.01      1754.70

#----------------------------------------------------------------
# Benchmarking Scatterv 
# #processes = 2 
# ( 2 additional processes waiting in MPI_Barrier)
#----------------------------------------------------------------
       #bytes #repetitions  t_min[usec]  t_max[usec]  t_avg[usec]
            0         1000         0.85         1.77         1.31
            1         1000         5.02         6.01         5.52
            2         1000         5.02         6.03         5.52
            4         1000         5.02         6.04         5.53
            8         1000         5.01         6.09         5.55
           16         1000         8.04         9.55         8.79
           32         1000         8.06         9.48         8.77
           64         1000         7.87         9.31         8.59
          128         1000         8.21         9.62         8.91
          256         1000         8.34         9.77         9.05
          512         1000         8.45         9.98         9.22
         1024         1000         8.74        10.20         9.47
         2048         1000         9.11        10.68         9.89
         4096         1000        11.04        12.61        11.82
         8192         1000        12.42        13.98        13.20
        16384         1000        15.17        16.81        15.99
        32768         1000        19.87        21.52        20.69
        65536          640        29.77        31.66        30.72
       131072          320        54.56        56.82        55.69
       262144          160        87.34       104.03        95.68
       524288           80       235.27       263.05       249.16
      1048576           40       425.40       456.11       440.76
      2097152           20       738.25       769.63       753.94
      4194304           10      1322.36      1349.90      1336.13

#----------------------------------------------------------------
# Benchmarking Scatterv 
# #processes = 4 
#----------------------------------------------------------------
       #bytes #repetitions  t_min[usec]  t_max[usec]  t_avg[usec]
            0         1000         0.94         1.95         1.21
            1         1000         5.99         7.52         6.74
            2         1000         5.94         7.68         6.79
            4         1000         5.82         7.31         6.58
            8         1000         5.97         7.48         6.69
           16         1000         6.87        11.20         8.62
           32         1000         6.87        11.20         8.61
           64         1000         6.72        11.04         8.39
          128         1000         6.98        11.27         8.62
          256         1000         7.03        11.35         8.71
          512         1000         7.24        11.63         9.05
         1024         1000         7.64        11.87         9.35
         2048         1000         8.27        12.49        10.13
         4096         1000        10.75        15.53        12.98
         8192         1000        12.59        20.52        16.60
        16384         1000        15.32        26.27        21.42
        32768         1000        19.12        42.57        31.88
        65536          640        27.74        67.38        50.42
       131072          320        57.75        95.10        79.00
       262144          160        95.63       202.99       147.65
       524288           80       250.68       393.79       325.23
      1048576           40       415.00       691.66       563.69
      2097152           20       707.21      1160.63       974.20
      4194304           10      1277.28      2056.98      1747.95

#----------------------------------------------------------------
# Benchmarking Alltoall 
# #processes = 2 
# ( 2 additional processes waiting in MPI_Barrier)
#----------------------------------------------------------------
       #bytes #repetitions  t_min[usec]  t_max[usec]  t_avg[usec]
            0         1000         0.68         0.69         0.68
            1         1000         6.16         6.28         6.22
            2         1000         6.33         6.33         6.33
            4         1000         6.26         6.48         6.37
            8         1000         6.40         6.43         6.42
           16         1000         9.76         9.83         9.80
           32         1000         9.74         9.77         9.76
           64         1000         9.51         9.56         9.54
          128         1000         9.92         9.93         9.93
          256         1000        10.01        10.01        10.01
          512         1000        10.18        10.22        10.20
         1024         1000        10.41        10.47        10.44
         2048         1000        10.91        10.93        10.92
         4096         1000        13.12        13.28        13.20
         8192         1000        16.06        16.24        16.15
        16384         1000        20.96        21.00        20.98
        32768         1000        30.34        30.36        30.35
        65536          640        47.39        47.40        47.40
       131072          320        77.94        78.38        78.16
       262144          160       112.24       117.44       114.84
       524288           80       280.43       312.32       296.38
      1048576           40       475.39       484.91       480.15
      2097152           20       791.18       794.04       792.61
      4194304           10      1369.21      1380.85      1375.03

#----------------------------------------------------------------
# Benchmarking Alltoall 
# #processes = 4 
#----------------------------------------------------------------
       #bytes #repetitions  t_min[usec]  t_max[usec]  t_avg[usec]
            0         1000         0.84         0.85         0.85
            1         1000        13.25        13.70        13.45
            2         1000        15.39        16.04        15.84
            4         1000        15.44        15.88        15.76
            8         1000        15.43        16.65        16.19
           16         1000        19.66        19.98        19.88
           32         1000        19.69        20.05        19.93
           64         1000        19.05        19.43        19.31
          128         1000        19.81        20.09        20.00
          256         1000        19.81        20.23        20.07
          512         1000        20.33        20.61        20.52
         1024         1000        21.02        21.56        21.37
         2048         1000        22.83        23.36        23.20
         4096         1000        28.56        29.01        28.75
         8192         1000        37.41        37.82        37.61
        16384         1000        48.72        49.00        48.91
        32768         1000        77.25        78.43        77.91
        65536          640       156.40       162.26       158.70
       131072          320       266.88       271.41       269.93
       262144          160       249.48       304.46       273.97
       524288           80       510.15       531.98       517.90
      1048576           40       802.92       827.89       813.45
      2097152           20      1409.61      1466.19      1435.07
      4194304           10      2668.14      2715.90      2685.61

#----------------------------------------------------------------
# Benchmarking Alltoallv 
# #processes = 2 
# ( 2 additional processes waiting in MPI_Barrier)
#----------------------------------------------------------------
       #bytes #repetitions  t_min[usec]  t_max[usec]  t_avg[usec]
            0         1000         2.53         2.71         2.62
            1         1000        10.48        10.70        10.59
            2         1000        10.53        10.78        10.66
            4         1000        10.47        10.67        10.57
            8         1000        10.37        10.74        10.56
           16         1000        13.63        13.73        13.68
           32         1000        13.61        13.64        13.62
           64         1000        13.27        13.35        13.31
          128         1000        13.58        13.78        13.68
          256         1000        13.71        13.90        13.81
          512         1000        14.47        14.63        14.55
         1024         1000        14.25        14.40        14.32
         2048         1000        14.86        15.03        14.94
         4096         1000        16.88        17.19        17.04
         8192         1000        20.65        20.95        20.80
        16384         1000        25.42        25.53        25.47
        32768         1000        34.71        34.75        34.73
        65536          640        52.22        52.27        52.25
       131072          320        84.99        85.08        85.04
       262144          160       116.80       117.28       117.04
       524288           80       288.03       299.95       293.99
      1048576           40       486.53       493.51       490.02
      2097152           20       800.70       805.87       803.29
      4194304           10      1369.45      1372.05      1370.75

#----------------------------------------------------------------
# Benchmarking Alltoallv 
# #processes = 4 
#----------------------------------------------------------------
       #bytes #repetitions  t_min[usec]  t_max[usec]  t_avg[usec]
            0         1000         2.87         3.08         3.01
            1         1000        15.63        16.15        15.97
            2         1000        15.61        16.32        16.05
            4         1000        15.68        16.19        16.01
            8         1000        15.76        16.29        16.09
           16         1000        19.86        20.25        20.11
           32         1000        19.94        20.23        20.15
           64         1000        19.28        19.57        19.49
          128         1000        20.08        20.39        20.28
          256         1000        19.94        20.31        20.17
          512         1000        20.59        20.88        20.75
         1024         1000        21.45        21.84        21.71
         2048         1000        23.37        23.63        23.55
         4096         1000        28.88        29.31        29.07
         8192         1000        37.03        37.58        37.38
        16384         1000        48.68        48.82        48.76
        32768         1000        78.80        79.96        79.31
        65536          640       159.48       164.11       161.19
       131072          320       271.84       278.07       275.13
       262144          160       240.99       296.35       255.57
       524288           80       514.15       542.49       524.20
      1048576           40       807.57       834.68       822.14
      2097152           20      1405.93      1448.42      1426.68
      4194304           10      2654.46      2760.96      2731.45

#----------------------------------------------------------------
# Benchmarking Bcast 
# #processes = 2 
# ( 2 additional processes waiting in MPI_Barrier)
#----------------------------------------------------------------
       #bytes #repetitions  t_min[usec]  t_max[usec]  t_avg[usec]
            0         1000         0.55         0.58         0.56
            1         1000         3.89         5.84         4.87
            2         1000         3.84         5.90         4.87
            4         1000         3.81         5.89         4.85
            8         1000         3.84         5.91         4.88
           16         1000         7.93         8.87         8.40
           32         1000         7.81         9.04         8.42
           64         1000         7.62         8.79         8.20
          128         1000         7.72         8.84         8.28
          256         1000         7.69         8.86         8.27
          512         1000         7.89         8.95         8.42
         1024         1000         8.14         9.08         8.61
         2048         1000         8.46         9.62         9.04
         4096         1000        10.16        11.26        10.71
         8192         1000        11.58        12.60        12.09
        16384         1000        13.36        14.42        13.89
        32768         1000        17.63        18.74        18.18
        65536          640        25.49        26.64        26.06
       131072          320        48.87        50.29        49.58
       262144          160        56.13        70.78        63.46
       524288           80        84.08        95.87        89.98
      1048576           40       139.50       146.75       143.13
      2097152           20       248.27       251.09       249.68
      4194304           10       419.40       422.79       421.09

#----------------------------------------------------------------
# Benchmarking Bcast 
# #processes = 4 
#----------------------------------------------------------------
       #bytes #repetitions  t_min[usec]  t_max[usec]  t_avg[usec]
            0         1000         0.66         0.71         0.70
            1         1000         5.78         9.12         7.31
            2         1000         5.71         9.20         7.32
            4         1000         5.71         9.01         7.19
            8         1000         5.53         8.93         7.15
           16         1000         8.64        21.90        16.38
           32         1000         8.61        21.94        16.39
           64         1000         8.28        21.28        15.94
          128         1000         8.33        21.65        16.09
          256         1000         8.34        21.80        16.19
          512         1000         8.49        22.15        16.46
         1024         1000        14.59        16.16        15.20
         2048         1000        15.63        16.78        16.08
         4096         1000        18.64        19.86        19.10
         8192         1000        21.33        22.77        21.88
        16384         1000        25.22        26.97        25.88
        32768         1000        33.01        35.99        34.35
        65536          640        49.21        51.76        50.37
       131072          320       102.65       108.29       105.46
       262144          160       112.91       139.22       125.30
       524288           80       164.04       181.49       172.11
      1048576           40       259.17       275.08       266.55
      2097152           20       447.73       486.17       462.64
      4194304           10       786.14       808.79       797.90

#---------------------------------------------------
# Benchmarking Barrier 
# #processes = 2 
# ( 2 additional processes waiting in MPI_Barrier)
#---------------------------------------------------
 #repetitions  t_min[usec]  t_max[usec]  t_avg[usec]
         1000         3.49         3.49         3.49

#---------------------------------------------------
# Benchmarking Barrier 
# #processes = 4 
#---------------------------------------------------
 #repetitions  t_min[usec]  t_max[usec]  t_avg[usec]
         1000         6.83         6.83         6.83


# All processes entering MPI_Finalize

