#------------------------------------------------------------
#    Intel (R) MPI Benchmarks 2018 Update 1, MPI-1 part    
#------------------------------------------------------------
# Date                  : Fri Dec  1 16:40:55 2017
# Machine               : x86_64
# System                : Linux
# Release               : 4.4.74-92.35-default
# Version               : #1 SMP Mon Aug 7 18:24:48 UTC 2017 (c0fdc47)
# MPI Version           : 3.1
# MPI Thread Environment: 


# Calling sequence was: 

# ./IMB-MPI1

# Minimum message length in bytes:   0
# Maximum message length in bytes:   4194304
#
# MPI_Datatype                   :   MPI_BYTE 
# MPI_Datatype for reductions    :   MPI_FLOAT
# MPI_Op                         :   MPI_SUM  
#
#

# List of Benchmarks to run:

# PingPong
# PingPing
# Sendrecv
# Exchange
# Allreduce
# Reduce
# Reduce_scatter
# Allgather
# Allgatherv
# Gather
# Gatherv
# Scatter
# Scatterv
# Alltoall
# Alltoallv
# Bcast
# Barrier

# !! Benchmark PingPong invalid for 1 processes !! 


# !! Benchmark PingPing invalid for 1 processes !! 


#-----------------------------------------------------------------------------
# Benchmarking Sendrecv 
# #processes = 1 
#-----------------------------------------------------------------------------
       #bytes #repetitions  t_min[usec]  t_max[usec]  t_avg[usec]   Mbytes/sec
            0         1000         0.56         0.56         0.56         0.00
            1         1000         0.58         0.58         0.58         3.44
            2         1000         0.58         0.58         0.58         6.88
            4         1000         0.58         0.58         0.58        13.79
            8         1000         0.58         0.58         0.58        27.44
           16         1000         0.57         0.57         0.57        56.04
           32         1000         0.57         0.57         0.57       112.08
           64         1000         0.57         0.57         0.57       223.42
          128         1000         0.62         0.62         0.62       412.98
          256         1000         0.59         0.59         0.59       870.84
          512         1000         0.61         0.61         0.61      1684.30
         1024         1000         0.62         0.62         0.62      3292.42
         2048         1000         0.67         0.67         0.67      6077.07
         4096         1000         0.73         0.73         0.73     11298.83
         8192         1000         0.70         0.70         0.70     23501.87
        16384         1000         1.62         1.62         1.62     20167.12
        32768         1000         2.85         2.85         2.85     22979.26
        65536          640         5.10         5.10         5.10     25715.81
       131072          320         8.95         8.95         8.95     29298.34
       262144          160        14.76        14.76        14.76     35529.00
       524288           80        73.21        73.21        73.21     14322.39
      1048576           40       200.75       200.75       200.75     10446.36
      2097152           20       403.80       403.80       403.80     10387.14
      4194304           10       777.79       777.79       777.79     10785.14

#-----------------------------------------------------------------------------
# Benchmarking Exchange 
# #processes = 1 
#-----------------------------------------------------------------------------
       #bytes #repetitions  t_min[usec]  t_max[usec]  t_avg[usec]   Mbytes/sec
            0         1000         1.76         1.76         1.76         0.00
            1         1000         1.79         1.79         1.79         2.24
            2         1000         1.80         1.80         1.80         4.43
            4         1000         1.81         1.81         1.81         8.83
            8         1000         1.81         1.81         1.81        17.66
           16         1000         1.80         1.80         1.80        35.50
           32         1000         1.80         1.80         1.80        71.19
           64         1000         1.81         1.81         1.81       141.82
          128         1000         1.82         1.82         1.82       281.01
          256         1000         1.85         1.85         1.85       554.12
          512         1000         1.88         1.88         1.88      1087.61
         1024         1000         1.93         1.93         1.93      2118.88
         2048         1000         2.04         2.04         2.04      4023.39
         4096         1000         2.08         2.08         2.08      7865.34
         8192         1000         2.36         2.36         2.36     13902.38
        16384         1000         3.69         3.69         3.69     17755.82
        32768         1000         5.50         5.50         5.50     23822.67
        65536          640         8.72         8.72         8.72     30060.55
       131072          320        15.24        15.24        15.24     34401.73
       262144          160        30.74        30.74        30.74     34113.22
       524288           80       178.50       178.50       178.50     11748.68
      1048576           40       403.88       403.88       403.88     10385.15
      2097152           20       790.39       790.39       790.39     10613.21
      4194304           10      1554.30      1554.30      1554.30     10794.08

#----------------------------------------------------------------
# Benchmarking Allreduce 
# #processes = 1 
#----------------------------------------------------------------
       #bytes #repetitions  t_min[usec]  t_max[usec]  t_avg[usec]
            0         1000         0.30         0.30         0.30
            4         1000         0.65         0.65         0.65
            8         1000         0.65         0.65         0.65
           16         1000         0.65         0.65         0.65
           32         1000         0.67         0.67         0.67
           64         1000         0.66         0.66         0.66
          128         1000         0.83         0.83         0.83
          256         1000         0.81         0.81         0.81
          512         1000         0.82         0.82         0.82
         1024         1000         0.81         0.81         0.81
         2048         1000         0.86         0.86         0.86
         4096         1000         0.83         0.83         0.83
         8192         1000         1.74         1.74         1.74
        16384         1000         1.65         1.65         1.65
        32768         1000         3.41         3.41         3.41
        65536          640         5.00         5.00         5.00
       131072          320         7.52         7.52         7.52
       262144          160        14.11        14.11        14.11
       524288           80        74.46        74.46        74.46
      1048576           40       205.84       205.84       205.84
      2097152           20       403.96       403.96       403.96
      4194304           10       849.68       849.68       849.68

#----------------------------------------------------------------
# Benchmarking Reduce 
# #processes = 1 
#----------------------------------------------------------------
       #bytes #repetitions  t_min[usec]  t_max[usec]  t_avg[usec]
            0         1000         1.11         1.11         1.11
            4         1000         0.67         0.67         0.67
            8         1000         0.52         0.52         0.52
           16         1000         0.49         0.49         0.49
           32         1000         0.48         0.48         0.48
           64         1000         0.48         0.48         0.48
          128         1000         0.50         0.50         0.50
          256         1000         0.50         0.50         0.50
          512         1000         0.51         0.51         0.51
         1024         1000         0.54         0.54         0.54
         2048         1000         0.58         0.58         0.58
         4096         1000         0.57         0.57         0.57
         8192         1000         0.73         0.73         0.73
        16384         1000         1.69         1.69         1.69
        32768         1000         2.63         2.63         2.63
        65536          640         4.37         4.37         4.37
       131072          320         7.36         7.36         7.36
       262144          160        14.39        14.39        14.39
       524288           80        76.62        76.62        76.62
      1048576           40       201.18       201.18       201.18
      2097152           20       398.68       398.68       398.68
      4194304           10       779.22       779.22       779.22

#----------------------------------------------------------------
# Benchmarking Reduce_scatter 
# #processes = 1 
#----------------------------------------------------------------
       #bytes #repetitions  t_min[usec]  t_max[usec]  t_avg[usec]
            0         1000         0.52         0.52         0.52
            4         1000         0.79         0.79         0.79
            8         1000         0.79         0.79         0.79
           16         1000         0.79         0.79         0.79
           32         1000         0.79         0.79         0.79
           64         1000         0.80         0.80         0.80
          128         1000         0.92         0.92         0.92
          256         1000         0.87         0.87         0.87
          512         1000         0.87         0.87         0.87
         1024         1000         1.12         1.12         1.12
         2048         1000         1.14         1.14         1.14
         4096         1000         1.14         1.14         1.14
         8192         1000         1.24         1.24         1.24
        16384         1000         1.95         1.95         1.95
        32768         1000         2.87         2.87         2.87
        65536          640         4.51         4.51         4.51
       131072          320         7.72         7.72         7.72
       262144          160        14.33        14.33        14.33
       524288           80        75.07        75.07        75.07
      1048576           40       203.92       203.92       203.92
      2097152           20       403.39       403.39       403.39
      4194304           10       782.66       782.66       782.66

#----------------------------------------------------------------
# Benchmarking Allgather 
# #processes = 1 
#----------------------------------------------------------------
       #bytes #repetitions  t_min[usec]  t_max[usec]  t_avg[usec]
            0         1000         0.30         0.30         0.30
            1         1000         0.44         0.44         0.44
            2         1000         0.45         0.45         0.45
            4         1000         0.45         0.45         0.45
            8         1000         0.46         0.46         0.46
           16         1000         0.44         0.44         0.44
           32         1000         0.45         0.45         0.45
           64         1000         0.45         0.45         0.45
          128         1000         0.45         0.45         0.45
          256         1000         0.48         0.48         0.48
          512         1000         0.46         0.46         0.46
         1024         1000         0.48         0.48         0.48
         2048         1000         0.52         0.52         0.52
         4096         1000         0.50         0.50         0.50
         8192         1000         0.61         0.61         0.61
        16384         1000         1.19         1.19         1.19
        32768         1000         2.21         2.21         2.21
        65536          640         3.81         3.81         3.81
       131072          320         7.01         7.01         7.01
       262144          160        13.61        13.61        13.61
       524288           80        72.03        72.03        72.03
      1048576           40       199.85       199.85       199.85
      2097152           20       397.86       397.86       397.86
      4194304           10       777.44       777.44       777.44

#----------------------------------------------------------------
# Benchmarking Allgatherv 
# #processes = 1 
#----------------------------------------------------------------
       #bytes #repetitions  t_min[usec]  t_max[usec]  t_avg[usec]
            0         1000         0.32         0.32         0.32
            1         1000         0.55         0.55         0.55
            2         1000         0.55         0.55         0.55
            4         1000         0.54         0.54         0.54
            8         1000         0.55         0.55         0.55
           16         1000         0.55         0.55         0.55
           32         1000         0.55         0.55         0.55
           64         1000         0.56         0.56         0.56
          128         1000         0.56         0.56         0.56
          256         1000         0.56         0.56         0.56
          512         1000         0.56         0.56         0.56
         1024         1000         0.58         0.58         0.58
         2048         1000         0.63         0.63         0.63
         4096         1000         0.62         0.62         0.62
         8192         1000         0.72         0.72         0.72
        16384         1000         1.34         1.34         1.34
        32768         1000         2.28         2.28         2.28
        65536          640         4.09         4.09         4.09
       131072          320         8.82         8.82         8.82
       262144          160        14.28        14.28        14.28
       524288           80        71.34        71.34        71.34
      1048576           40       200.06       200.06       200.06
      2097152           20       398.74       398.74       398.74
      4194304           10       780.96       780.96       780.96

#----------------------------------------------------------------
# Benchmarking Gather 
# #processes = 1 
#----------------------------------------------------------------
       #bytes #repetitions  t_min[usec]  t_max[usec]  t_avg[usec]
            0         1000         0.32         0.32         0.32
            1         1000         0.61         0.61         0.61
            2         1000         0.61         0.61         0.61
            4         1000         0.60         0.60         0.60
            8         1000         0.61         0.61         0.61
           16         1000         0.45         0.45         0.45
           32         1000         0.45         0.45         0.45
           64         1000         0.45         0.45         0.45
          128         1000         0.63         0.63         0.63
          256         1000         0.63         0.63         0.63
          512         1000         0.64         0.64         0.64
         1024         1000         0.50         0.50         0.50
         2048         1000         0.54         0.54         0.54
         4096         1000         0.58         0.58         0.58
         8192         1000         0.87         0.87         0.87
        16384         1000         1.61         1.61         1.61
        32768         1000         2.27         2.27         2.27
        65536          640         3.88         3.88         3.88
       131072          320         7.33         7.33         7.33
       262144          160        13.60        13.60        13.60
       524288           80        72.56        72.56        72.56
      1048576           40       200.44       200.44       200.44
      2097152           20       401.28       401.28       401.28
      4194304           10       777.15       777.15       777.15

#----------------------------------------------------------------
# Benchmarking Gatherv 
# #processes = 1 
#----------------------------------------------------------------
       #bytes #repetitions  t_min[usec]  t_max[usec]  t_avg[usec]
            0         1000         0.85         0.85         0.85
            1         1000         0.83         0.83         0.83
            2         1000         0.83         0.83         0.83
            4         1000         0.81         0.81         0.81
            8         1000         0.84         0.84         0.84
           16         1000         0.83         0.83         0.83
           32         1000         0.83         0.83         0.83
           64         1000         0.81         0.81         0.81
          128         1000         0.82         0.82         0.82
          256         1000         0.83         0.83         0.83
          512         1000         0.86         0.86         0.86
         1024         1000         0.88         0.88         0.88
         2048         1000         0.92         0.92         0.92
         4096         1000         0.91         0.91         0.91
         8192         1000         1.00         1.00         1.00
        16384         1000         1.72         1.72         1.72
        32768         1000         2.65         2.65         2.65
        65536          640         4.25         4.25         4.25
       131072          320         7.58         7.58         7.58
       262144          160        14.70        14.70        14.70
       524288           80        73.51        73.51        73.51
      1048576           40       202.85       202.85       202.85
      2097152           20       402.37       402.37       402.37
      4194304           10       783.75       783.75       783.75

#----------------------------------------------------------------
# Benchmarking Scatter 
# #processes = 1 
#----------------------------------------------------------------
       #bytes #repetitions  t_min[usec]  t_max[usec]  t_avg[usec]
            0         1000         0.32         0.32         0.32
            1         1000         0.46         0.46         0.46
            2         1000         0.45         0.45         0.45
            4         1000         0.46         0.46         0.46
            8         1000         0.46         0.46         0.46
           16         1000         0.46         0.46         0.46
           32         1000         0.47         0.47         0.47
           64         1000         0.46         0.46         0.46
          128         1000         0.47         0.47         0.47
          256         1000         0.48         0.48         0.48
          512         1000         0.48         0.48         0.48
         1024         1000         0.51         0.51         0.51
         2048         1000         0.55         0.55         0.55
         4096         1000         0.54         0.54         0.54
         8192         1000         0.66         0.66         0.66
        16384         1000         1.23         1.23         1.23
        32768         1000         2.23         2.23         2.23
        65536          640         3.83         3.83         3.83
       131072          320         7.32         7.32         7.32
       262144          160        13.89        13.89        13.89
       524288           80        72.80        72.80        72.80
      1048576           40       200.37       200.37       200.37
      2097152           20       402.31       402.31       402.31
      4194304           10       783.80       783.80       783.80

#----------------------------------------------------------------
# Benchmarking Scatterv 
# #processes = 1 
#----------------------------------------------------------------
       #bytes #repetitions  t_min[usec]  t_max[usec]  t_avg[usec]
            0         1000         0.76         0.76         0.76
            1         1000         0.82         0.82         0.82
            2         1000         0.83         0.83         0.83
            4         1000         0.81         0.81         0.81
            8         1000         0.83         0.83         0.83
           16         1000         0.81         0.81         0.81
           32         1000         0.83         0.83         0.83
           64         1000         0.81         0.81         0.81
          128         1000         0.82         0.82         0.82
          256         1000         0.83         0.83         0.83
          512         1000         0.84         0.84         0.84
         1024         1000         0.89         0.89         0.89
         2048         1000         0.91         0.91         0.91
         4096         1000         0.89         0.89         0.89
         8192         1000         0.98         0.98         0.98
        16384         1000         1.75         1.75         1.75
        32768         1000         2.66         2.66         2.66
        65536          640         4.26         4.26         4.26
       131072          320         7.52         7.52         7.52
       262144          160        13.98        13.98        13.98
       524288           80        74.01        74.01        74.01
      1048576           40       202.63       202.63       202.63
      2097152           20       401.72       401.72       401.72
      4194304           10       782.85       782.85       782.85

#----------------------------------------------------------------
# Benchmarking Alltoall 
# #processes = 1 
#----------------------------------------------------------------
       #bytes #repetitions  t_min[usec]  t_max[usec]  t_avg[usec]
            0         1000         0.41         0.41         0.41
            1         1000         0.39         0.39         0.39
            2         1000         0.39         0.39         0.39
            4         1000         0.39         0.39         0.39
            8         1000         0.39         0.39         0.39
           16         1000         0.39         0.39         0.39
           32         1000         0.38         0.38         0.38
           64         1000         0.39         0.39         0.39
          128         1000         0.40         0.40         0.40
          256         1000         0.39         0.39         0.39
          512         1000         0.42         0.42         0.42
         1024         1000         0.43         0.43         0.43
         2048         1000         0.48         0.48         0.48
         4096         1000         0.48         0.48         0.48
         8192         1000         0.58         0.58         0.58
        16384         1000         1.20         1.20         1.20
        32768         1000         2.16         2.16         2.16
        65536          640         3.74         3.74         3.74
       131072          320         6.99         6.99         6.99
       262144          160        13.59        13.59        13.59
       524288           80        71.85        71.85        71.85
      1048576           40       200.56       200.56       200.56
      2097152           20       398.78       398.78       398.78
      4194304           10       783.59       783.59       783.59

#----------------------------------------------------------------
# Benchmarking Alltoallv 
# #processes = 1 
#----------------------------------------------------------------
       #bytes #repetitions  t_min[usec]  t_max[usec]  t_avg[usec]
            0         1000         0.91         0.91         0.91
            1         1000         1.64         1.64         1.64
            2         1000         1.66         1.66         1.66
            4         1000         1.62         1.62         1.62
            8         1000         1.62         1.62         1.62
           16         1000         1.63         1.63         1.63
           32         1000         1.63         1.63         1.63
           64         1000         1.63         1.63         1.63
          128         1000         1.69         1.69         1.69
          256         1000         1.69         1.69         1.69
          512         1000         1.68         1.68         1.68
         1024         1000         1.73         1.73         1.73
         2048         1000         1.81         1.81         1.81
         4096         1000         1.78         1.78         1.78
         8192         1000         1.92         1.92         1.92
        16384         1000         2.61         2.61         2.61
        32768         1000         3.60         3.60         3.60
        65536          640         5.22         5.22         5.22
       131072          320         8.38         8.38         8.38
       262144          160        15.17        15.17        15.17
       524288           80        75.28        75.28        75.28
      1048576           40       207.67       207.67       207.67
      2097152           20       407.65       407.65       407.65
      4194304           10       789.12       789.12       789.12

#----------------------------------------------------------------
# Benchmarking Bcast 
# #processes = 1 
#----------------------------------------------------------------
       #bytes #repetitions  t_min[usec]  t_max[usec]  t_avg[usec]
            0         1000         0.35         0.35         0.35
            1         1000         0.36         0.36         0.36
            2         1000         0.38         0.38         0.38
            4         1000         0.36         0.36         0.36
            8         1000         0.36         0.36         0.36
           16         1000         0.38         0.38         0.38
           32         1000         0.38         0.38         0.38
           64         1000         0.37         0.37         0.37
          128         1000         0.39         0.39         0.39
          256         1000         0.37         0.37         0.37
          512         1000         0.38         0.38         0.38
         1024         1000         0.37         0.37         0.37
         2048         1000         0.40         0.40         0.40
         4096         1000         0.42         0.42         0.42
         8192         1000         0.40         0.40         0.40
        16384         1000         0.39         0.39         0.39
        32768         1000         0.40         0.40         0.40
        65536          640         0.38         0.38         0.38
       131072          320         0.39         0.39         0.39
       262144          160         0.41         0.41         0.41
       524288           80         0.42         0.42         0.42
      1048576           40         0.40         0.40         0.40
      2097152           20         0.35         0.35         0.35
      4194304           10         0.50         0.50         0.50

#---------------------------------------------------
# Benchmarking Barrier 
# #processes = 1 
#---------------------------------------------------
 #repetitions  t_min[usec]  t_max[usec]  t_avg[usec]
         1000         0.10         0.10         0.10


# All processes entering MPI_Finalize

