#------------------------------------------------------------
#    Intel (R) MPI Benchmarks 2018 Update 1, MPI-1 part    
#------------------------------------------------------------
# Date                  : Thu Nov 30 16:26:32 2017
# Machine               : x86_64
# System                : Linux
# Release               : 4.4.74-92.35-default
# Version               : #1 SMP Mon Aug 7 18:24:48 UTC 2017 (c0fdc47)
# MPI Version           : 3.1
# MPI Thread Environment: 


# Calling sequence was: 

# ./IMB-MPI1

# Minimum message length in bytes:   0
# Maximum message length in bytes:   4194304
#
# MPI_Datatype                   :   MPI_BYTE 
# MPI_Datatype for reductions    :   MPI_FLOAT
# MPI_Op                         :   MPI_SUM  
#
#

# List of Benchmarks to run:

# PingPong
# PingPing
# Sendrecv
# Exchange
# Allreduce
# Reduce
# Reduce_scatter
# Allgather
# Allgatherv
# Gather
# Gatherv
# Scatter
# Scatterv
# Alltoall
# Alltoallv
# Bcast
# Barrier

# !! Benchmark PingPong invalid for 1 processes !! 


# !! Benchmark PingPing invalid for 1 processes !! 


#-----------------------------------------------------------------------------
# Benchmarking Sendrecv 
# #processes = 1 
#-----------------------------------------------------------------------------
       #bytes #repetitions  t_min[usec]  t_max[usec]  t_avg[usec]   Mbytes/sec
            0         1000         0.61         0.61         0.61         0.00
            1         1000         0.58         0.58         0.58         3.44
            2         1000         0.58         0.58         0.58         6.87
            4         1000         0.62         0.62         0.62        12.93
            8         1000         0.58         0.58         0.58        27.40
           16         1000         0.57         0.57         0.57        55.95
           32         1000         0.61         0.61         0.61       105.60
           64         1000         0.57         0.57         0.57       223.42
          128         1000         0.59         0.59         0.59       436.13
          256         1000         0.62         0.62         0.62       827.23
          512         1000         0.61         0.61         0.61      1681.66
         1024         1000         0.60         0.60         0.60      3401.95
         2048         1000         0.71         0.71         0.71      5768.93
         4096         1000         0.74         0.74         0.74     11026.87
         8192         1000         0.69         0.69         0.69     23647.45
        16384         1000         1.63         1.63         1.63     20052.37
        32768         1000         2.86         2.86         2.86     22938.99
        65536          640         5.06         5.06         5.06     25884.18
       131072          320         9.40         9.40         9.40     27897.54
       262144          160        17.71        17.71        17.71     29609.00
       524288           80        75.19        75.19        75.19     13946.00
      1048576           40       207.23       207.23       207.23     10120.05
      2097152           20       417.54       417.54       417.54     10045.22
      4194304           10       781.08       781.08       781.08     10739.71

#-----------------------------------------------------------------------------
# Benchmarking Exchange 
# #processes = 1 
#-----------------------------------------------------------------------------
       #bytes #repetitions  t_min[usec]  t_max[usec]  t_avg[usec]   Mbytes/sec
            0         1000         1.81         1.81         1.81         0.00
            1         1000         1.81         1.81         1.81         2.21
            2         1000         1.84         1.84         1.84         4.35
            4         1000         1.80         1.80         1.80         8.91
            8         1000         1.80         1.80         1.80        17.83
           16         1000         1.78         1.78         1.78        35.94
           32         1000         1.80         1.80         1.80        71.18
           64         1000         1.78         1.78         1.78       143.59
          128         1000         1.82         1.82         1.82       281.01
          256         1000         1.86         1.86         1.86       549.30
          512         1000         1.89         1.89         1.89      1085.41
         1024         1000         1.92         1.92         1.92      2132.29
         2048         1000         2.02         2.02         2.02      4049.47
         4096         1000         2.05         2.05         2.05      7987.85
         8192         1000         2.32         2.32         2.32     14142.72
        16384         1000         3.73         3.73         3.73     17579.81
        32768         1000         5.51         5.51         5.51     23792.77
        65536          640         8.73         8.73         8.73     30018.23
       131072          320        15.21        15.21        15.21     34464.07
       262144          160        32.68        32.68        32.68     32084.96
       524288           80       170.28       170.28       170.28     12316.22
      1048576           40       387.07       387.07       387.07     10835.96
      2097152           20       778.20       778.20       778.20     10779.53
      4194304           10      1576.90      1576.90      1576.90     10639.36

#----------------------------------------------------------------
# Benchmarking Allreduce 
# #processes = 1 
#----------------------------------------------------------------
       #bytes #repetitions  t_min[usec]  t_max[usec]  t_avg[usec]
            0         1000         0.29         0.29         0.29
            4         1000         0.64         0.64         0.64
            8         1000         0.65         0.65         0.65
           16         1000         0.68         0.68         0.68
           32         1000         0.67         0.67         0.67
           64         1000         0.69         0.69         0.69
          128         1000         0.82         0.82         0.82
          256         1000         0.82         0.82         0.82
          512         1000         0.82         0.82         0.82
         1024         1000         0.83         0.83         0.83
         2048         1000         0.84         0.84         0.84
         4096         1000         0.80         0.80         0.80
         8192         1000         1.70         1.70         1.70
        16384         1000         1.70         1.70         1.70
        32768         1000         3.40         3.40         3.40
        65536          640         4.96         4.96         4.96
       131072          320         7.59         7.59         7.59
       262144          160        13.91        13.91        13.91
       524288           80        60.72        60.72        60.72
      1048576           40       193.27       193.27       193.27
      2097152           20       390.86       390.86       390.86
      4194304           10       786.66       786.66       786.66

#----------------------------------------------------------------
# Benchmarking Reduce 
# #processes = 1 
#----------------------------------------------------------------
       #bytes #repetitions  t_min[usec]  t_max[usec]  t_avg[usec]
            0         1000         0.32         0.32         0.32
            4         1000         0.48         0.48         0.48
            8         1000         0.51         0.51         0.51
           16         1000         0.48         0.48         0.48
           32         1000         0.48         0.48         0.48
           64         1000         0.48         0.48         0.48
          128         1000         0.50         0.50         0.50
          256         1000         0.50         0.50         0.50
          512         1000         0.51         0.51         0.51
         1024         1000         0.53         0.53         0.53
         2048         1000         0.57         0.57         0.57
         4096         1000         0.59         0.59         0.59
         8192         1000         0.71         0.71         0.71
        16384         1000         1.73         1.73         1.73
        32768         1000         2.60         2.60         2.60
        65536          640         4.26         4.26         4.26
       131072          320         7.15         7.15         7.15
       262144          160        13.52        13.52        13.52
       524288           80        58.11        58.11        58.11
      1048576           40       188.91       188.91       188.91
      2097152           20       387.39       387.39       387.39
      4194304           10       784.40       784.40       784.40

#----------------------------------------------------------------
# Benchmarking Reduce_scatter 
# #processes = 1 
#----------------------------------------------------------------
       #bytes #repetitions  t_min[usec]  t_max[usec]  t_avg[usec]
            0         1000         0.51         0.51         0.51
            4         1000         0.80         0.80         0.80
            8         1000         0.79         0.79         0.79
           16         1000         0.79         0.79         0.79
           32         1000         0.79         0.79         0.79
           64         1000         0.80         0.80         0.80
          128         1000         0.88         0.88         0.88
          256         1000         0.91         0.91         0.91
          512         1000         0.89         0.89         0.89
         1024         1000         1.12         1.12         1.12
         2048         1000         1.14         1.14         1.14
         4096         1000         1.12         1.12         1.12
         8192         1000         1.22         1.22         1.22
        16384         1000         1.99         1.99         1.99
        32768         1000         2.87         2.87         2.87
        65536          640         4.50         4.50         4.50
       131072          320         7.83         7.83         7.83
       262144          160        14.37        14.37        14.37
       524288           80        59.10        59.10        59.10
      1048576           40       191.31       191.31       191.31
      2097152           20       393.10       393.10       393.10
      4194304           10       787.45       787.45       787.45

#----------------------------------------------------------------
# Benchmarking Allgather 
# #processes = 1 
#----------------------------------------------------------------
       #bytes #repetitions  t_min[usec]  t_max[usec]  t_avg[usec]
            0         1000         0.30         0.30         0.30
            1         1000         0.47         0.47         0.47
            2         1000         0.47         0.47         0.47
            4         1000         0.49         0.49         0.49
            8         1000         0.47         0.47         0.47
           16         1000         0.46         0.46         0.46
           32         1000         0.47         0.47         0.47
           64         1000         0.47         0.47         0.47
          128         1000         0.47         0.47         0.47
          256         1000         0.46         0.46         0.46
          512         1000         0.47         0.47         0.47
         1024         1000         0.48         0.48         0.48
         2048         1000         0.52         0.52         0.52
         4096         1000         0.52         0.52         0.52
         8192         1000         0.62         0.62         0.62
        16384         1000         1.26         1.26         1.26
        32768         1000         2.21         2.21         2.21
        65536          640         3.83         3.83         3.83
       131072          320         7.03         7.03         7.03
       262144          160        13.61        13.61        13.61
       524288           80        56.20        56.20        56.20
      1048576           40       188.71       188.71       188.71
      2097152           20       386.25       386.25       386.25
      4194304           10       778.72       778.72       778.72

#----------------------------------------------------------------
# Benchmarking Allgatherv 
# #processes = 1 
#----------------------------------------------------------------
       #bytes #repetitions  t_min[usec]  t_max[usec]  t_avg[usec]
            0         1000         0.32         0.32         0.32
            1         1000         0.55         0.55         0.55
            2         1000         0.56         0.56         0.56
            4         1000         0.54         0.54         0.54
            8         1000         0.55         0.55         0.55
           16         1000         0.55         0.55         0.55
           32         1000         0.55         0.55         0.55
           64         1000         0.56         0.56         0.56
          128         1000         0.55         0.55         0.55
          256         1000         0.56         0.56         0.56
          512         1000         0.56         0.56         0.56
         1024         1000         0.58         0.58         0.58
         2048         1000         0.64         0.64         0.64
         4096         1000         0.62         0.62         0.62
         8192         1000         0.75         0.75         0.75
        16384         1000         1.41         1.41         1.41
        32768         1000         2.27         2.27         2.27
        65536          640         3.89         3.89         3.89
       131072          320         7.09         7.09         7.09
       262144          160        14.31        14.31        14.31
       524288           80        58.81        58.81        58.81
      1048576           40       187.32       187.32       187.32
      2097152           20       386.07       386.07       386.07
      4194304           10       779.29       779.29       779.29

#----------------------------------------------------------------
# Benchmarking Gather 
# #processes = 1 
#----------------------------------------------------------------
       #bytes #repetitions  t_min[usec]  t_max[usec]  t_avg[usec]
            0         1000         0.32         0.32         0.32
            1         1000         0.65         0.65         0.65
            2         1000         0.63         0.63         0.63
            4         1000         0.62         0.62         0.62
            8         1000         0.62         0.62         0.62
           16         1000         0.46         0.46         0.46
           32         1000         0.47         0.47         0.47
           64         1000         0.47         0.47         0.47
          128         1000         0.64         0.64         0.64
          256         1000         0.64         0.64         0.64
          512         1000         0.66         0.66         0.66
         1024         1000         0.52         0.52         0.52
         2048         1000         0.57         0.57         0.57
         4096         1000         0.49         0.49         0.49
         8192         1000         0.88         0.88         0.88
        16384         1000         1.61         1.61         1.61
        32768         1000         2.28         2.28         2.28
        65536          640         3.88         3.88         3.88
       131072          320         7.37         7.37         7.37
       262144          160        13.61        13.61        13.61
       524288           80        56.17        56.17        56.17
      1048576           40       187.99       187.99       187.99
      2097152           20       387.28       387.28       387.28
      4194304           10       785.23       785.23       785.23

#----------------------------------------------------------------
# Benchmarking Gatherv 
# #processes = 1 
#----------------------------------------------------------------
       #bytes #repetitions  t_min[usec]  t_max[usec]  t_avg[usec]
            0         1000         0.76         0.76         0.76
            1         1000         0.84         0.84         0.84
            2         1000         0.82         0.82         0.82
            4         1000         0.81         0.81         0.81
            8         1000         0.82         0.82         0.82
           16         1000         0.84         0.84         0.84
           32         1000         0.82         0.82         0.82
           64         1000         0.81         0.81         0.81
          128         1000         0.82         0.82         0.82
          256         1000         0.82         0.82         0.82
          512         1000         0.87         0.87         0.87
         1024         1000         0.86         0.86         0.86
         2048         1000         0.92         0.92         0.92
         4096         1000         0.93         0.93         0.93
         8192         1000         1.04         1.04         1.04
        16384         1000         1.75         1.75         1.75
        32768         1000         2.64         2.64         2.64
        65536          640         4.26         4.26         4.26
       131072          320         7.49         7.49         7.49
       262144          160        14.02        14.02        14.02
       524288           80        57.06        57.06        57.06
      1048576           40       189.30       189.30       189.30
      2097152           20       388.36       388.36       388.36
      4194304           10       783.18       783.18       783.18

#----------------------------------------------------------------
# Benchmarking Scatter 
# #processes = 1 
#----------------------------------------------------------------
       #bytes #repetitions  t_min[usec]  t_max[usec]  t_avg[usec]
            0         1000         0.32         0.32         0.32
            1         1000         0.45         0.45         0.45
            2         1000         0.46         0.46         0.46
            4         1000         0.46         0.46         0.46
            8         1000         0.46         0.46         0.46
           16         1000         0.46         0.46         0.46
           32         1000         0.46         0.46         0.46
           64         1000         0.45         0.45         0.45
          128         1000         0.48         0.48         0.48
          256         1000         0.48         0.48         0.48
          512         1000         0.50         0.50         0.50
         1024         1000         0.51         0.51         0.51
         2048         1000         0.55         0.55         0.55
         4096         1000         0.57         0.57         0.57
         8192         1000         0.68         0.68         0.68
        16384         1000         1.31         1.31         1.31
        32768         1000         2.22         2.22         2.22
        65536          640         3.84         3.84         3.84
       131072          320         7.31         7.31         7.31
       262144          160        13.75        13.75        13.75
       524288           80        58.00        58.00        58.00
      1048576           40       187.98       187.98       187.98
      2097152           20       389.79       389.79       389.79
      4194304           10       784.49       784.49       784.49

#----------------------------------------------------------------
# Benchmarking Scatterv 
# #processes = 1 
#----------------------------------------------------------------
       #bytes #repetitions  t_min[usec]  t_max[usec]  t_avg[usec]
            0         1000         0.74         0.74         0.74
            1         1000         0.82         0.82         0.82
            2         1000         0.81         0.81         0.81
            4         1000         0.83         0.83         0.83
            8         1000         0.81         0.81         0.81
           16         1000         0.82         0.82         0.82
           32         1000         0.81         0.81         0.81
           64         1000         0.81         0.81         0.81
          128         1000         0.83         0.83         0.83
          256         1000         0.83         0.83         0.83
          512         1000         0.86         0.86         0.86
         1024         1000         0.86         0.86         0.86
         2048         1000         0.92         0.92         0.92
         4096         1000         0.89         0.89         0.89
         8192         1000         1.02         1.02         1.02
        16384         1000         1.75         1.75         1.75
        32768         1000         2.64         2.64         2.64
        65536          640         4.25         4.25         4.25
       131072          320         7.48         7.48         7.48
       262144          160        14.57        14.57        14.57
       524288           80        58.66        58.66        58.66
      1048576           40       189.61       189.61       189.61
      2097152           20       388.81       388.81       388.81
      4194304           10       786.69       786.69       786.69

#----------------------------------------------------------------
# Benchmarking Alltoall 
# #processes = 1 
#----------------------------------------------------------------
       #bytes #repetitions  t_min[usec]  t_max[usec]  t_avg[usec]
            0         1000         0.30         0.30         0.30
            1         1000         0.39         0.39         0.39
            2         1000         0.38         0.38         0.38
            4         1000         0.39         0.39         0.39
            8         1000         0.39         0.39         0.39
           16         1000         0.40         0.40         0.40
           32         1000         0.38         0.38         0.38
           64         1000         0.38         0.38         0.38
          128         1000         0.40         0.40         0.40
          256         1000         0.39         0.39         0.39
          512         1000         0.42         0.42         0.42
         1024         1000         0.46         0.46         0.46
         2048         1000         0.47         0.47         0.47
         4096         1000         0.47         0.47         0.47
         8192         1000         0.57         0.57         0.57
        16384         1000         1.22         1.22         1.22
        32768         1000         2.16         2.16         2.16
        65536          640         3.75         3.75         3.75
       131072          320         6.97         6.97         6.97
       262144          160        13.46        13.46        13.46
       524288           80        57.77        57.77        57.77
      1048576           40       190.35       190.35       190.35
      2097152           20       386.62       386.62       386.62
      4194304           10       778.17       778.17       778.17

#----------------------------------------------------------------
# Benchmarking Alltoallv 
# #processes = 1 
#----------------------------------------------------------------
       #bytes #repetitions  t_min[usec]  t_max[usec]  t_avg[usec]
            0         1000         0.89         0.89         0.89
            1         1000         1.60         1.60         1.60
            2         1000         1.61         1.61         1.61
            4         1000         1.62         1.62         1.62
            8         1000         1.60         1.60         1.60
           16         1000         1.62         1.62         1.62
           32         1000         1.62         1.62         1.62
           64         1000         1.64         1.64         1.64
          128         1000         1.68         1.68         1.68
          256         1000         1.67         1.67         1.67
          512         1000         1.67         1.67         1.67
         1024         1000         1.71         1.71         1.71
         2048         1000         1.76         1.76         1.76
         4096         1000         1.84         1.84         1.84
         8192         1000         1.93         1.93         1.93
        16384         1000         2.62         2.62         2.62
        32768         1000         3.55         3.55         3.55
        65536          640         5.13         5.13         5.13
       131072          320         8.40         8.40         8.40
       262144          160        15.16        15.16        15.16
       524288           80        61.62        61.62        61.62
      1048576           40       195.66       195.66       195.66
      2097152           20       395.83       395.83       395.83
      4194304           10       791.41       791.41       791.41

#----------------------------------------------------------------
# Benchmarking Bcast 
# #processes = 1 
#----------------------------------------------------------------
       #bytes #repetitions  t_min[usec]  t_max[usec]  t_avg[usec]
            0         1000         0.27         0.27         0.27
            1         1000         0.36         0.36         0.36
            2         1000         0.36         0.36         0.36
            4         1000         0.37         0.37         0.37
            8         1000         0.36         0.36         0.36
           16         1000         0.36         0.36         0.36
           32         1000         0.38         0.38         0.38
           64         1000         0.37         0.37         0.37
          128         1000         0.37         0.37         0.37
          256         1000         0.39         0.39         0.39
          512         1000         0.37         0.37         0.37
         1024         1000         0.37         0.37         0.37
         2048         1000         0.43         0.43         0.43
         4096         1000         0.41         0.41         0.41
         8192         1000         0.39         0.39         0.39
        16384         1000         0.40         0.40         0.40
        32768         1000         0.40         0.40         0.40
        65536          640         0.39         0.39         0.39
       131072          320         0.39         0.39         0.39
       262144          160         0.40         0.40         0.40
       524288           80         0.40         0.40         0.40
      1048576           40         0.45         0.45         0.45
      2097152           20         0.35         0.35         0.35
      4194304           10         0.41         0.41         0.41

#---------------------------------------------------
# Benchmarking Barrier 
# #processes = 1 
#---------------------------------------------------
 #repetitions  t_min[usec]  t_max[usec]  t_avg[usec]
         1000         0.09         0.09         0.09


# All processes entering MPI_Finalize

