#------------------------------------------------------------
#    Intel (R) MPI Benchmarks 2018 Update 1, MPI-1 part    
#------------------------------------------------------------
# Date                  : Fri Dec  1 16:41:25 2017
# Machine               : x86_64
# System                : Linux
# Release               : 4.4.74-92.35-default
# Version               : #1 SMP Mon Aug 7 18:24:48 UTC 2017 (c0fdc47)
# MPI Version           : 3.1
# MPI Thread Environment: 


# Calling sequence was: 

# ./IMB-MPI1

# Minimum message length in bytes:   0
# Maximum message length in bytes:   4194304
#
# MPI_Datatype                   :   MPI_BYTE 
# MPI_Datatype for reductions    :   MPI_FLOAT
# MPI_Op                         :   MPI_SUM  
#
#

# List of Benchmarks to run:

# PingPong
# PingPing
# Sendrecv
# Exchange
# Allreduce
# Reduce
# Reduce_scatter
# Allgather
# Allgatherv
# Gather
# Gatherv
# Scatter
# Scatterv
# Alltoall
# Alltoallv
# Bcast
# Barrier

# !! Benchmark PingPong invalid for 1 processes !! 


# !! Benchmark PingPing invalid for 1 processes !! 


#-----------------------------------------------------------------------------
# Benchmarking Sendrecv 
# #processes = 1 
#-----------------------------------------------------------------------------
       #bytes #repetitions  t_min[usec]  t_max[usec]  t_avg[usec]   Mbytes/sec
            0         1000         0.60         0.60         0.60         0.00
            1         1000         0.58         0.58         0.58         3.44
            2         1000         0.58         0.58         0.58         6.87
            4         1000         0.62         0.62         0.62        13.01
            8         1000         0.58         0.58         0.58        27.39
           16         1000         0.57         0.57         0.57        55.92
           32         1000         0.60         0.60         0.60       106.48
           64         1000         0.57         0.57         0.57       222.95
          128         1000         0.59         0.59         0.59       436.13
          256         1000         0.59         0.59         0.59       870.84
          512         1000         0.61         0.61         0.61      1686.95
         1024         1000         0.60         0.60         0.60      3396.57
         2048         1000         0.70         0.70         0.70      5841.51
         4096         1000         0.73         0.73         0.73     11163.01
         8192         1000         0.70         0.70         0.70     23509.91
        16384         1000         1.60         1.60         1.60     20467.45
        32768         1000         2.85         2.85         2.85     22994.64
        65536          640         5.07         5.07         5.07     25874.67
       131072          320         9.04         9.04         9.04     28986.96
       262144          160        14.68        14.68        14.68     35709.30
       524288           80        75.89        75.89        75.89     13817.30
      1048576           40       196.75       196.75       196.75     10659.02
      2097152           20       394.30       394.30       394.30     10637.43
      4194304           10       774.81       774.81       774.81     10826.63

#-----------------------------------------------------------------------------
# Benchmarking Exchange 
# #processes = 1 
#-----------------------------------------------------------------------------
       #bytes #repetitions  t_min[usec]  t_max[usec]  t_avg[usec]   Mbytes/sec
            0         1000         1.80         1.80         1.80         0.00
            1         1000         1.81         1.81         1.81         2.21
            2         1000         1.82         1.82         1.82         4.39
            4         1000         1.82         1.82         1.82         8.81
            8         1000         1.79         1.79         1.79        17.84
           16         1000         1.78         1.78         1.78        35.95
           32         1000         1.78         1.78         1.78        71.87
           64         1000         1.78         1.78         1.78       143.59
          128         1000         1.80         1.80         1.80       283.83
          256         1000         1.84         1.84         1.84       557.43
          512         1000         1.88         1.88         1.88      1087.06
         1024         1000         1.92         1.92         1.92      2127.80
         2048         1000         2.02         2.02         2.02      4051.38
         4096         1000         2.07         2.07         2.07      7906.97
         8192         1000         2.31         2.31         2.31     14185.05
        16384         1000         3.68         3.68         3.68     17784.54
        32768         1000         5.56         5.56         5.56     23561.30
        65536          640         8.80         8.80         8.80     29804.64
       131072          320        15.69        15.69        15.69     33421.39
       262144          160        31.54        31.54        31.54     33241.41
       524288           80       168.79       168.79       168.79     12424.96
      1048576           40       384.85       384.85       384.85     10898.56
      2097152           20       765.69       765.69       765.69     10955.57
      4194304           10      1507.71      1507.71      1507.71     11127.60

#----------------------------------------------------------------
# Benchmarking Allreduce 
# #processes = 1 
#----------------------------------------------------------------
       #bytes #repetitions  t_min[usec]  t_max[usec]  t_avg[usec]
            0         1000         0.29         0.29         0.29
            4         1000         0.65         0.65         0.65
            8         1000         0.65         0.65         0.65
           16         1000         0.66         0.66         0.66
           32         1000         0.66         0.66         0.66
           64         1000         0.66         0.66         0.66
          128         1000         0.84         0.84         0.84
          256         1000         0.80         0.80         0.80
          512         1000         0.81         0.81         0.81
         1024         1000         0.81         0.81         0.81
         2048         1000         0.85         0.85         0.85
         4096         1000         0.82         0.82         0.82
         8192         1000         1.70         1.70         1.70
        16384         1000         1.66         1.66         1.66
        32768         1000         3.36         3.36         3.36
        65536          640         4.99         4.99         4.99
       131072          320         7.50         7.50         7.50
       262144          160        14.04        14.04        14.04
       524288           80        57.02        57.02        57.02
      1048576           40       185.81       185.81       185.81
      2097152           20       372.42       372.42       372.42
      4194304           10       754.33       754.33       754.33

#----------------------------------------------------------------
# Benchmarking Reduce 
# #processes = 1 
#----------------------------------------------------------------
       #bytes #repetitions  t_min[usec]  t_max[usec]  t_avg[usec]
            0         1000         0.34         0.34         0.34
            4         1000         0.48         0.48         0.48
            8         1000         0.48         0.48         0.48
           16         1000         0.48         0.48         0.48
           32         1000         0.48         0.48         0.48
           64         1000         0.48         0.48         0.48
          128         1000         0.50         0.50         0.50
          256         1000         0.50         0.50         0.50
          512         1000         0.52         0.52         0.52
         1024         1000         0.53         0.53         0.53
         2048         1000         0.57         0.57         0.57
         4096         1000         0.58         0.58         0.58
         8192         1000         0.70         0.70         0.70
        16384         1000         1.73         1.73         1.73
        32768         1000         2.63         2.63         2.63
        65536          640         4.24         4.24         4.24
       131072          320         7.18         7.18         7.18
       262144          160        13.73        13.73        13.73
       524288           80        53.16        53.16        53.16
      1048576           40       183.59       183.59       183.59
      2097152           20       368.55       368.55       368.55
      4194304           10       749.54       749.54       749.54

#----------------------------------------------------------------
# Benchmarking Reduce_scatter 
# #processes = 1 
#----------------------------------------------------------------
       #bytes #repetitions  t_min[usec]  t_max[usec]  t_avg[usec]
            0         1000         0.51         0.51         0.51
            4         1000         0.79         0.79         0.79
            8         1000         0.78         0.78         0.78
           16         1000         0.78         0.78         0.78
           32         1000         0.79         0.79         0.79
           64         1000         0.79         0.79         0.79
          128         1000         0.91         0.91         0.91
          256         1000         0.92         0.92         0.92
          512         1000         0.88         0.88         0.88
         1024         1000         1.10         1.10         1.10
         2048         1000         1.16         1.16         1.16
         4096         1000         1.29         1.29         1.29
         8192         1000         1.23         1.23         1.23
        16384         1000         1.91         1.91         1.91
        32768         1000         2.88         2.88         2.88
        65536          640         4.47         4.47         4.47
       131072          320         7.92         7.92         7.92
       262144          160        14.29        14.29        14.29
       524288           80        56.86        56.86        56.86
      1048576           40       184.52       184.52       184.52
      2097152           20       370.92       370.92       370.92
      4194304           10       750.30       750.30       750.30

#----------------------------------------------------------------
# Benchmarking Allgather 
# #processes = 1 
#----------------------------------------------------------------
       #bytes #repetitions  t_min[usec]  t_max[usec]  t_avg[usec]
            0         1000         0.30         0.30         0.30
            1         1000         0.45         0.45         0.45
            2         1000         0.46         0.46         0.46
            4         1000         0.45         0.45         0.45
            8         1000         0.44         0.44         0.44
           16         1000         0.46         0.46         0.46
           32         1000         0.45         0.45         0.45
           64         1000         0.45         0.45         0.45
          128         1000         0.47         0.47         0.47
          256         1000         0.46         0.46         0.46
          512         1000         0.47         0.47         0.47
         1024         1000         0.48         0.48         0.48
         2048         1000         0.51         0.51         0.51
         4096         1000         0.55         0.55         0.55
         8192         1000         0.61         0.61         0.61
        16384         1000         1.24         1.24         1.24
        32768         1000         2.21         2.21         2.21
        65536          640         3.77         3.77         3.77
       131072          320         7.01         7.01         7.01
       262144          160        13.59        13.59        13.59
       524288           80        49.47        49.47        49.47
      1048576           40       181.66       181.66       181.66
      2097152           20       367.93       367.93       367.93
      4194304           10       747.47       747.47       747.47

#----------------------------------------------------------------
# Benchmarking Allgatherv 
# #processes = 1 
#----------------------------------------------------------------
       #bytes #repetitions  t_min[usec]  t_max[usec]  t_avg[usec]
            0         1000         0.32         0.32         0.32
            1         1000         0.55         0.55         0.55
            2         1000         0.54         0.54         0.54
            4         1000         0.56         0.56         0.56
            8         1000         0.54         0.54         0.54
           16         1000         0.55         0.55         0.55
           32         1000         0.55         0.55         0.55
           64         1000         0.55         0.55         0.55
          128         1000         0.57         0.57         0.57
          256         1000         0.56         0.56         0.56
          512         1000         0.56         0.56         0.56
         1024         1000         0.60         0.60         0.60
         2048         1000         0.63         0.63         0.63
         4096         1000         0.62         0.62         0.62
         8192         1000         0.72         0.72         0.72
        16384         1000         1.33         1.33         1.33
        32768         1000         2.25         2.25         2.25
        65536          640         3.89         3.89         3.89
       131072          320         7.95         7.95         7.95
       262144          160        13.54        13.54        13.54
       524288           80        52.74        52.74        52.74
      1048576           40       180.70       180.70       180.70
      2097152           20       366.03       366.03       366.03
      4194304           10       747.47       747.47       747.47

#----------------------------------------------------------------
# Benchmarking Gather 
# #processes = 1 
#----------------------------------------------------------------
       #bytes #repetitions  t_min[usec]  t_max[usec]  t_avg[usec]
            0         1000         0.32         0.32         0.32
            1         1000         0.62         0.62         0.62
            2         1000         0.63         0.63         0.63
            4         1000         0.62         0.62         0.62
            8         1000         0.62         0.62         0.62
           16         1000         0.46         0.46         0.46
           32         1000         0.47         0.47         0.47
           64         1000         0.47         0.47         0.47
          128         1000         0.64         0.64         0.64
          256         1000         0.63         0.63         0.63
          512         1000         0.64         0.64         0.64
         1024         1000         0.52         0.52         0.52
         2048         1000         0.54         0.54         0.54
         4096         1000         0.56         0.56         0.56
         8192         1000         0.77         0.77         0.77
        16384         1000         1.59         1.59         1.59
        32768         1000         2.25         2.25         2.25
        65536          640         3.90         3.90         3.90
       131072          320         7.41         7.41         7.41
       262144          160        13.51        13.51        13.51
       524288           80        54.24        54.24        54.24
      1048576           40       182.11       182.11       182.11
      2097152           20       368.14       368.14       368.14
      4194304           10       747.66       747.66       747.66

#----------------------------------------------------------------
# Benchmarking Gatherv 
# #processes = 1 
#----------------------------------------------------------------
       #bytes #repetitions  t_min[usec]  t_max[usec]  t_avg[usec]
            0         1000         0.76         0.76         0.76
            1         1000         0.82         0.82         0.82
            2         1000         0.82         0.82         0.82
            4         1000         0.82         0.82         0.82
            8         1000         0.81         0.81         0.81
           16         1000         0.81         0.81         0.81
           32         1000         0.81         0.81         0.81
           64         1000         0.81         0.81         0.81
          128         1000         0.82         0.82         0.82
          256         1000         0.83         0.83         0.83
          512         1000         0.84         0.84         0.84
         1024         1000         0.86         0.86         0.86
         2048         1000         0.92         0.92         0.92
         4096         1000         0.90         0.90         0.90
         8192         1000         1.03         1.03         1.03
        16384         1000         1.82         1.82         1.82
        32768         1000         2.66         2.66         2.66
        65536          640         4.28         4.28         4.28
       131072          320         7.46         7.46         7.46
       262144          160        14.06        14.06        14.06
       524288           80        53.25        53.25        53.25
      1048576           40       182.57       182.57       182.57
      2097152           20       370.38       370.38       370.38
      4194304           10       752.16       752.16       752.16

#----------------------------------------------------------------
# Benchmarking Scatter 
# #processes = 1 
#----------------------------------------------------------------
       #bytes #repetitions  t_min[usec]  t_max[usec]  t_avg[usec]
            0         1000         0.32         0.32         0.32
            1         1000         0.45         0.45         0.45
            2         1000         0.46         0.46         0.46
            4         1000         0.46         0.46         0.46
            8         1000         0.46         0.46         0.46
           16         1000         0.46         0.46         0.46
           32         1000         0.46         0.46         0.46
           64         1000         0.46         0.46         0.46
          128         1000         0.48         0.48         0.48
          256         1000         0.48         0.48         0.48
          512         1000         0.49         0.49         0.49
         1024         1000         0.51         0.51         0.51
         2048         1000         0.55         0.55         0.55
         4096         1000         0.55         0.55         0.55
         8192         1000         0.69         0.69         0.69
        16384         1000         1.27         1.27         1.27
        32768         1000         2.24         2.24         2.24
        65536          640         3.81         3.81         3.81
       131072          320         7.39         7.39         7.39
       262144          160        13.94        13.94        13.94
       524288           80        53.72        53.72        53.72
      1048576           40       182.42       182.42       182.42
      2097152           20       370.32       370.32       370.32
      4194304           10       752.69       752.69       752.69

#----------------------------------------------------------------
# Benchmarking Scatterv 
# #processes = 1 
#----------------------------------------------------------------
       #bytes #repetitions  t_min[usec]  t_max[usec]  t_avg[usec]
            0         1000         0.79         0.79         0.79
            1         1000         0.81         0.81         0.81
            2         1000         0.81         0.81         0.81
            4         1000         0.83         0.83         0.83
            8         1000         0.82         0.82         0.82
           16         1000         0.83         0.83         0.83
           32         1000         0.81         0.81         0.81
           64         1000         0.82         0.82         0.82
          128         1000         0.83         0.83         0.83
          256         1000         0.83         0.83         0.83
          512         1000         0.86         0.86         0.86
         1024         1000         0.86         0.86         0.86
         2048         1000         0.91         0.91         0.91
         4096         1000         0.89         0.89         0.89
         8192         1000         0.97         0.97         0.97
        16384         1000         1.70         1.70         1.70
        32768         1000         2.64         2.64         2.64
        65536          640         4.25         4.25         4.25
       131072          320         7.48         7.48         7.48
       262144          160        14.01        14.01        14.01
       524288           80        53.93        53.93        53.93
      1048576           40       184.16       184.16       184.16
      2097152           20       371.73       371.73       371.73
      4194304           10       753.33       753.33       753.33

#----------------------------------------------------------------
# Benchmarking Alltoall 
# #processes = 1 
#----------------------------------------------------------------
       #bytes #repetitions  t_min[usec]  t_max[usec]  t_avg[usec]
            0         1000         0.30         0.30         0.30
            1         1000         0.42         0.42         0.42
            2         1000         0.39         0.39         0.39
            4         1000         0.39         0.39         0.39
            8         1000         0.39         0.39         0.39
           16         1000         0.39         0.39         0.39
           32         1000         0.39         0.39         0.39
           64         1000         0.39         0.39         0.39
          128         1000         0.39         0.39         0.39
          256         1000         0.39         0.39         0.39
          512         1000         0.42         0.42         0.42
         1024         1000         0.43         0.43         0.43
         2048         1000         0.48         0.48         0.48
         4096         1000         0.48         0.48         0.48
         8192         1000         0.54         0.54         0.54
        16384         1000         1.16         1.16         1.16
        32768         1000         2.16         2.16         2.16
        65536          640         3.74         3.74         3.74
       131072          320         7.00         7.00         7.00
       262144          160        13.82        13.82        13.82
       524288           80        50.79        50.79        50.79
      1048576           40       182.75       182.75       182.75
      2097152           20       367.41       367.41       367.41
      4194304           10       747.01       747.01       747.01

#----------------------------------------------------------------
# Benchmarking Alltoallv 
# #processes = 1 
#----------------------------------------------------------------
       #bytes #repetitions  t_min[usec]  t_max[usec]  t_avg[usec]
            0         1000         0.93         0.93         0.93
            1         1000         1.63         1.63         1.63
            2         1000         1.63         1.63         1.63
            4         1000         1.62         1.62         1.62
            8         1000         1.60         1.60         1.60
           16         1000         1.60         1.60         1.60
           32         1000         1.60         1.60         1.60
           64         1000         1.59         1.59         1.59
          128         1000         1.67         1.67         1.67
          256         1000         1.67         1.67         1.67
          512         1000         1.67         1.67         1.67
         1024         1000         1.70         1.70         1.70
         2048         1000         1.75         1.75         1.75
         4096         1000         1.77         1.77         1.77
         8192         1000         1.96         1.96         1.96
        16384         1000         2.71         2.71         2.71
        32768         1000         3.56         3.56         3.56
        65536          640         5.17         5.17         5.17
       131072          320         8.50         8.50         8.50
       262144          160        15.04        15.04        15.04
       524288           80        60.94        60.94        60.94
      1048576           40       188.65       188.65       188.65
      2097152           20       375.91       375.91       375.91
      4194304           10       761.44       761.44       761.44

#----------------------------------------------------------------
# Benchmarking Bcast 
# #processes = 1 
#----------------------------------------------------------------
       #bytes #repetitions  t_min[usec]  t_max[usec]  t_avg[usec]
            0         1000         0.27         0.27         0.27
            1         1000         0.36         0.36         0.36
            2         1000         0.36         0.36         0.36
            4         1000         0.36         0.36         0.36
            8         1000         0.36         0.36         0.36
           16         1000         0.36         0.36         0.36
           32         1000         0.39         0.39         0.39
           64         1000         0.37         0.37         0.37
          128         1000         0.37         0.37         0.37
          256         1000         0.39         0.39         0.39
          512         1000         0.38         0.38         0.38
         1024         1000         0.37         0.37         0.37
         2048         1000         0.42         0.42         0.42
         4096         1000         0.40         0.40         0.40
         8192         1000         0.40         0.40         0.40
        16384         1000         0.43         0.43         0.43
        32768         1000         0.41         0.41         0.41
        65536          640         0.41         0.41         0.41
       131072          320         0.39         0.39         0.39
       262144          160         0.41         0.41         0.41
       524288           80         0.40         0.40         0.40
      1048576           40         0.44         0.44         0.44
      2097152           20         0.50         0.50         0.50
      4194304           10         0.29         0.29         0.29

#---------------------------------------------------
# Benchmarking Barrier 
# #processes = 1 
#---------------------------------------------------
 #repetitions  t_min[usec]  t_max[usec]  t_avg[usec]
         1000         0.09         0.09         0.09


# All processes entering MPI_Finalize

