#------------------------------------------------------------
#    Intel (R) MPI Benchmarks 2018 Update 1, MPI-1 part    
#------------------------------------------------------------
# Date                  : Fri Dec  1 16:41:00 2017
# Machine               : x86_64
# System                : Linux
# Release               : 4.4.74-92.35-default
# Version               : #1 SMP Mon Aug 7 18:24:48 UTC 2017 (c0fdc47)
# MPI Version           : 3.1
# MPI Thread Environment: 


# Calling sequence was: 

# ./IMB-MPI1

# Minimum message length in bytes:   0
# Maximum message length in bytes:   4194304
#
# MPI_Datatype                   :   MPI_BYTE 
# MPI_Datatype for reductions    :   MPI_FLOAT
# MPI_Op                         :   MPI_SUM  
#
#

# List of Benchmarks to run:

# PingPong
# PingPing
# Sendrecv
# Exchange
# Allreduce
# Reduce
# Reduce_scatter
# Allgather
# Allgatherv
# Gather
# Gatherv
# Scatter
# Scatterv
# Alltoall
# Alltoallv
# Bcast
# Barrier

# !! Benchmark PingPong invalid for 1 processes !! 


# !! Benchmark PingPing invalid for 1 processes !! 


#-----------------------------------------------------------------------------
# Benchmarking Sendrecv 
# #processes = 1 
#-----------------------------------------------------------------------------
       #bytes #repetitions  t_min[usec]  t_max[usec]  t_avg[usec]   Mbytes/sec
            0         1000         0.56         0.56         0.56         0.00
            1         1000         0.58         0.58         0.58         3.43
            2         1000         0.58         0.58         0.58         6.87
            4         1000         0.58         0.58         0.58        13.77
            8         1000         0.58         0.58         0.58        27.45
           16         1000         0.57         0.57         0.57        55.95
           32         1000         0.57         0.57         0.57       111.89
           64         1000         0.57         0.57         0.57       223.79
          128         1000         0.59         0.59         0.59       436.84
          256         1000         0.59         0.59         0.59       871.90
          512         1000         0.60         0.60         0.60      1692.93
         1024         1000         0.63         0.63         0.63      3255.00
         2048         1000         0.67         0.67         0.67      6102.97
         4096         1000         0.70         0.70         0.70     11718.87
         8192         1000         0.69         0.69         0.69     23647.45
        16384         1000         1.64         1.64         1.64     19930.24
        32768         1000         2.82         2.82         2.82     23239.59
        65536          640         5.18         5.18         5.18     25290.66
       131072          320         9.00         9.00         9.00     29126.14
       262144          160        15.85        15.85        15.85     33077.35
       524288           80        66.50        66.50        66.50     15768.55
      1048576           40       192.58       192.58       192.58     10889.96
      2097152           20       384.80       384.80       384.80     10900.08
      4194304           10       745.61       745.61       745.61     11250.72

#-----------------------------------------------------------------------------
# Benchmarking Exchange 
# #processes = 1 
#-----------------------------------------------------------------------------
       #bytes #repetitions  t_min[usec]  t_max[usec]  t_avg[usec]   Mbytes/sec
            0         1000         1.81         1.81         1.81         0.00
            1         1000         1.82         1.82         1.82         2.20
            2         1000         1.83         1.83         1.83         4.38
            4         1000         1.82         1.82         1.82         8.81
            8         1000         1.80         1.80         1.80        17.77
           16         1000         1.79         1.79         1.79        35.83
           32         1000         1.79         1.79         1.79        71.67
           64         1000         1.80         1.80         1.80       141.84
          128         1000         1.83         1.83         1.83       280.09
          256         1000         1.85         1.85         1.85       554.69
          512         1000         1.87         1.87         1.87      1094.68
         1024         1000         1.91         1.91         1.91      2144.53
         2048         1000         2.00         2.00         2.00      4093.86
         4096         1000         2.03         2.03         2.03      8051.49
         8192         1000         2.33         2.33         2.33     14093.41
        16384         1000         3.73         3.73         3.73     17550.63
        32768         1000         5.51         5.51         5.51     23805.14
        65536          640         8.74         8.74         8.74     30007.99
       131072          320        15.19        15.19        15.19     34508.01
       262144          160        35.72        35.72        35.72     29355.78
       524288           80       166.95       166.95       166.95     12561.59
      1048576           40       377.38       377.38       377.38     11114.25
      2097152           20       751.81       751.81       751.81     11157.95
      4194304           10      1477.50      1477.50      1477.50     11355.11

#----------------------------------------------------------------
# Benchmarking Allreduce 
# #processes = 1 
#----------------------------------------------------------------
       #bytes #repetitions  t_min[usec]  t_max[usec]  t_avg[usec]
            0         1000         0.30         0.30         0.30
            4         1000         0.64         0.64         0.64
            8         1000         0.65         0.65         0.65
           16         1000         0.69         0.69         0.69
           32         1000         0.67         0.67         0.67
           64         1000         0.68         0.68         0.68
          128         1000         0.82         0.82         0.82
          256         1000         0.82         0.82         0.82
          512         1000         0.81         0.81         0.81
         1024         1000         0.82         0.82         0.82
         2048         1000         0.84         0.84         0.84
         4096         1000         0.81         0.81         0.81
         8192         1000         1.71         1.71         1.71
        16384         1000         1.71         1.71         1.71
        32768         1000         3.34         3.34         3.34
        65536          640         4.94         4.94         4.94
       131072          320         7.53         7.53         7.53
       262144          160        13.89        13.89        13.89
       524288           80        54.07        54.07        54.07
      1048576           40       182.87       182.87       182.87
      2097152           20       363.60       363.60       363.60
      4194304           10       722.69       722.69       722.69

#----------------------------------------------------------------
# Benchmarking Reduce 
# #processes = 1 
#----------------------------------------------------------------
       #bytes #repetitions  t_min[usec]  t_max[usec]  t_avg[usec]
            0         1000         0.33         0.33         0.33
            4         1000         0.48         0.48         0.48
            8         1000         0.48         0.48         0.48
           16         1000         0.48         0.48         0.48
           32         1000         0.48         0.48         0.48
           64         1000         0.50         0.50         0.50
          128         1000         0.50         0.50         0.50
          256         1000         0.50         0.50         0.50
          512         1000         0.51         0.51         0.51
         1024         1000         0.53         0.53         0.53
         2048         1000         0.59         0.59         0.59
         4096         1000         0.57         0.57         0.57
         8192         1000         0.70         0.70         0.70
        16384         1000         1.71         1.71         1.71
        32768         1000         2.62         2.62         2.62
        65536          640         4.23         4.23         4.23
       131072          320         7.17         7.17         7.17
       262144          160        13.53        13.53        13.53
       524288           80        50.37        50.37        50.37
      1048576           40       179.63       179.63       179.63
      2097152           20       361.92       361.92       361.92
      4194304           10       718.78       718.78       718.78

#----------------------------------------------------------------
# Benchmarking Reduce_scatter 
# #processes = 1 
#----------------------------------------------------------------
       #bytes #repetitions  t_min[usec]  t_max[usec]  t_avg[usec]
            0         1000         0.51         0.51         0.51
            4         1000         0.79         0.79         0.79
            8         1000         0.77         0.77         0.77
           16         1000         0.78         0.78         0.78
           32         1000         0.80         0.80         0.80
           64         1000         0.80         0.80         0.80
          128         1000         0.93         0.93         0.93
          256         1000         0.90         0.90         0.90
          512         1000         0.89         0.89         0.89
         1024         1000         1.11         1.11         1.11
         2048         1000         1.15         1.15         1.15
         4096         1000         1.13         1.13         1.13
         8192         1000         1.28         1.28         1.28
        16384         1000         1.95         1.95         1.95
        32768         1000         2.88         2.88         2.88
        65536          640         4.49         4.49         4.49
       131072          320         7.54         7.54         7.54
       262144          160        14.26        14.26        14.26
       524288           80        53.15        53.15        53.15
      1048576           40       180.79       180.79       180.79
      2097152           20       362.16       362.16       362.16
      4194304           10       723.15       723.15       723.15

#----------------------------------------------------------------
# Benchmarking Allgather 
# #processes = 1 
#----------------------------------------------------------------
       #bytes #repetitions  t_min[usec]  t_max[usec]  t_avg[usec]
            0         1000         0.30         0.30         0.30
            1         1000         0.45         0.45         0.45
            2         1000         0.45         0.45         0.45
            4         1000         0.44         0.44         0.44
            8         1000         0.45         0.45         0.45
           16         1000         0.45         0.45         0.45
           32         1000         0.44         0.44         0.44
           64         1000         0.45         0.45         0.45
          128         1000         0.45         0.45         0.45
          256         1000         0.45         0.45         0.45
          512         1000         0.48         0.48         0.48
         1024         1000         0.48         0.48         0.48
         2048         1000         0.54         0.54         0.54
         4096         1000         0.53         0.53         0.53
         8192         1000         0.60         0.60         0.60
        16384         1000         1.21         1.21         1.21
        32768         1000         2.21         2.21         2.21
        65536          640         3.77         3.77         3.77
       131072          320         7.05         7.05         7.05
       262144          160        13.63        13.63        13.63
       524288           80        47.59        47.59        47.59
      1048576           40       178.54       178.54       178.54
      2097152           20       360.18       360.18       360.18
      4194304           10       717.47       717.47       717.47

#----------------------------------------------------------------
# Benchmarking Allgatherv 
# #processes = 1 
#----------------------------------------------------------------
       #bytes #repetitions  t_min[usec]  t_max[usec]  t_avg[usec]
            0         1000         0.32         0.32         0.32
            1         1000         0.55         0.55         0.55
            2         1000         0.55         0.55         0.55
            4         1000         0.54         0.54         0.54
            8         1000         0.55         0.55         0.55
           16         1000         0.55         0.55         0.55
           32         1000         0.54         0.54         0.54
           64         1000         0.55         0.55         0.55
          128         1000         0.56         0.56         0.56
          256         1000         0.57         0.57         0.57
          512         1000         0.56         0.56         0.56
         1024         1000         0.58         0.58         0.58
         2048         1000         0.63         0.63         0.63
         4096         1000         0.62         0.62         0.62
         8192         1000         0.74         0.74         0.74
        16384         1000         1.36         1.36         1.36
        32768         1000         2.28         2.28         2.28
        65536          640         3.85         3.85         3.85
       131072          320         7.13         7.13         7.13
       262144          160        13.64        13.64        13.64
       524288           80        46.82        46.82        46.82
      1048576           40       178.62       178.62       178.62
      2097152           20       359.26       359.26       359.26
      4194304           10       716.97       716.97       716.97

#----------------------------------------------------------------
# Benchmarking Gather 
# #processes = 1 
#----------------------------------------------------------------
       #bytes #repetitions  t_min[usec]  t_max[usec]  t_avg[usec]
            0         1000         0.32         0.32         0.32
            1         1000         0.62         0.62         0.62
            2         1000         0.63         0.63         0.63
            4         1000         0.63         0.63         0.63
            8         1000         0.62         0.62         0.62
           16         1000         0.46         0.46         0.46
           32         1000         0.50         0.50         0.50
           64         1000         0.47         0.47         0.47
          128         1000         0.64         0.64         0.64
          256         1000         0.65         0.65         0.65
          512         1000         0.66         0.66         0.66
         1024         1000         0.53         0.53         0.53
         2048         1000         0.56         0.56         0.56
         4096         1000         0.56         0.56         0.56
         8192         1000         0.90         0.90         0.90
        16384         1000         1.60         1.60         1.60
        32768         1000         2.30         2.30         2.30
        65536          640         3.90         3.90         3.90
       131072          320         7.37         7.37         7.37
       262144          160        13.54        13.54        13.54
       524288           80        49.79        49.79        49.79
      1048576           40       178.81       178.81       178.81
      2097152           20       360.99       360.99       360.99
      4194304           10       718.62       718.62       718.62

#----------------------------------------------------------------
# Benchmarking Gatherv 
# #processes = 1 
#----------------------------------------------------------------
       #bytes #repetitions  t_min[usec]  t_max[usec]  t_avg[usec]
            0         1000         0.80         0.80         0.80
            1         1000         0.82         0.82         0.82
            2         1000         0.82         0.82         0.82
            4         1000         0.82         0.82         0.82
            8         1000         0.82         0.82         0.82
           16         1000         0.83         0.83         0.83
           32         1000         0.81         0.81         0.81
           64         1000         0.82         0.82         0.82
          128         1000         0.82         0.82         0.82
          256         1000         0.84         0.84         0.84
          512         1000         0.84         0.84         0.84
         1024         1000         0.88         0.88         0.88
         2048         1000         0.91         0.91         0.91
         4096         1000         0.90         0.90         0.90
         8192         1000         1.01         1.01         1.01
        16384         1000         1.72         1.72         1.72
        32768         1000         2.65         2.65         2.65
        65536          640         4.27         4.27         4.27
       131072          320         7.48         7.48         7.48
       262144          160        13.88        13.88        13.88
       524288           80        50.94        50.94        50.94
      1048576           40       180.05       180.05       180.05
      2097152           20       361.55       361.55       361.55
      4194304           10       722.69       722.69       722.69

#----------------------------------------------------------------
# Benchmarking Scatter 
# #processes = 1 
#----------------------------------------------------------------
       #bytes #repetitions  t_min[usec]  t_max[usec]  t_avg[usec]
            0         1000         0.32         0.32         0.32
            1         1000         0.46         0.46         0.46
            2         1000         0.45         0.45         0.45
            4         1000         0.47         0.47         0.47
            8         1000         0.46         0.46         0.46
           16         1000         0.46         0.46         0.46
           32         1000         0.46         0.46         0.46
           64         1000         0.45         0.45         0.45
          128         1000         0.48         0.48         0.48
          256         1000         0.47         0.47         0.47
          512         1000         0.49         0.49         0.49
         1024         1000         0.52         0.52         0.52
         2048         1000         0.55         0.55         0.55
         4096         1000         0.58         0.58         0.58
         8192         1000         0.72         0.72         0.72
        16384         1000         1.30         1.30         1.30
        32768         1000         2.20         2.20         2.20
        65536          640         3.82         3.82         3.82
       131072          320         7.39         7.39         7.39
       262144          160        13.75        13.75        13.75
       524288           80        50.62        50.62        50.62
      1048576           40       178.82       178.82       178.82
      2097152           20       362.12       362.12       362.12
      4194304           10       720.24       720.24       720.24

#----------------------------------------------------------------
# Benchmarking Scatterv 
# #processes = 1 
#----------------------------------------------------------------
       #bytes #repetitions  t_min[usec]  t_max[usec]  t_avg[usec]
            0         1000         0.76         0.76         0.76
            1         1000         0.81         0.81         0.81
            2         1000         0.83         0.83         0.83
            4         1000         0.82         0.82         0.82
            8         1000         0.90         0.90         0.90
           16         1000         0.81         0.81         0.81
           32         1000         0.81         0.81         0.81
           64         1000         0.81         0.81         0.81
          128         1000         0.82         0.82         0.82
          256         1000         0.83         0.83         0.83
          512         1000         0.85         0.85         0.85
         1024         1000         0.88         0.88         0.88
         2048         1000         0.90         0.90         0.90
         4096         1000         0.91         0.91         0.91
         8192         1000         0.97         0.97         0.97
        16384         1000         1.73         1.73         1.73
        32768         1000         2.65         2.65         2.65
        65536          640         4.23         4.23         4.23
       131072          320         7.54         7.54         7.54
       262144          160        13.90        13.90        13.90
       524288           80        49.82        49.82        49.82
      1048576           40       180.10       180.10       180.10
      2097152           20       361.76       361.76       361.76
      4194304           10       721.38       721.38       721.38

#----------------------------------------------------------------
# Benchmarking Alltoall 
# #processes = 1 
#----------------------------------------------------------------
       #bytes #repetitions  t_min[usec]  t_max[usec]  t_avg[usec]
            0         1000         0.30         0.30         0.30
            1         1000         0.42         0.42         0.42
            2         1000         0.39         0.39         0.39
            4         1000         0.39         0.39         0.39
            8         1000         0.39         0.39         0.39
           16         1000         0.39         0.39         0.39
           32         1000         0.39         0.39         0.39
           64         1000         0.40         0.40         0.40
          128         1000         0.39         0.39         0.39
          256         1000         0.39         0.39         0.39
          512         1000         0.43         0.43         0.43
         1024         1000         0.44         0.44         0.44
         2048         1000         0.48         0.48         0.48
         4096         1000         0.47         0.47         0.47
         8192         1000         0.60         0.60         0.60
        16384         1000         1.20         1.20         1.20
        32768         1000         2.16         2.16         2.16
        65536          640         3.76         3.76         3.76
       131072          320         7.01         7.01         7.01
       262144          160        13.53        13.53        13.53
       524288           80        46.88        46.88        46.88
      1048576           40       177.84       177.84       177.84
      2097152           20       358.47       358.47       358.47
      4194304           10       718.81       718.81       718.81

#----------------------------------------------------------------
# Benchmarking Alltoallv 
# #processes = 1 
#----------------------------------------------------------------
       #bytes #repetitions  t_min[usec]  t_max[usec]  t_avg[usec]
            0         1000         0.89         0.89         0.89
            1         1000         1.60         1.60         1.60
            2         1000         1.63         1.63         1.63
            4         1000         1.62         1.62         1.62
            8         1000         1.60         1.60         1.60
           16         1000         1.60         1.60         1.60
           32         1000         1.58         1.58         1.58
           64         1000         1.62         1.62         1.62
          128         1000         1.67         1.67         1.67
          256         1000         1.67         1.67         1.67
          512         1000         1.68         1.68         1.68
         1024         1000         1.71         1.71         1.71
         2048         1000         1.76         1.76         1.76
         4096         1000         1.80         1.80         1.80
         8192         1000         1.96         1.96         1.96
        16384         1000         2.63         2.63         2.63
        32768         1000         3.54         3.54         3.54
        65536          640         5.16         5.16         5.16
       131072          320         8.39         8.39         8.39
       262144          160        15.00        15.00        15.00
       524288           80        60.37        60.37        60.37
      1048576           40       185.10       185.10       185.10
      2097152           20       368.86       368.86       368.86
      4194304           10       721.84       721.84       721.84

#----------------------------------------------------------------
# Benchmarking Bcast 
# #processes = 1 
#----------------------------------------------------------------
       #bytes #repetitions  t_min[usec]  t_max[usec]  t_avg[usec]
            0         1000         0.27         0.27         0.27
            1         1000         0.36         0.36         0.36
            2         1000         0.36         0.36         0.36
            4         1000         0.36         0.36         0.36
            8         1000         0.36         0.36         0.36
           16         1000         0.36         0.36         0.36
           32         1000         0.38         0.38         0.38
           64         1000         0.38         0.38         0.38
          128         1000         0.38         0.38         0.38
          256         1000         0.37         0.37         0.37
          512         1000         0.37         0.37         0.37
         1024         1000         0.37         0.37         0.37
         2048         1000         0.41         0.41         0.41
         4096         1000         0.40         0.40         0.40
         8192         1000         0.40         0.40         0.40
        16384         1000         0.42         0.42         0.42
        32768         1000         0.40         0.40         0.40
        65536          640         0.40         0.40         0.40
       131072          320         0.39         0.39         0.39
       262144          160         0.41         0.41         0.41
       524288           80         0.41         0.41         0.41
      1048576           40         0.40         0.40         0.40
      2097152           20         0.49         0.49         0.49
      4194304           10         0.48         0.48         0.48

#---------------------------------------------------
# Benchmarking Barrier 
# #processes = 1 
#---------------------------------------------------
 #repetitions  t_min[usec]  t_max[usec]  t_avg[usec]
         1000         0.09         0.09         0.09


# All processes entering MPI_Finalize

