#------------------------------------------------------------
#    Intel (R) MPI Benchmarks 2018 Update 1, MPI-2 part    
#------------------------------------------------------------
# Date                  : Thu Nov 30 16:58:33 2017
# Machine               : x86_64
# System                : Linux
# Release               : 4.4.74-92.35-default
# Version               : #1 SMP Mon Aug 7 18:24:48 UTC 2017 (c0fdc47)
# MPI Version           : 3.1
# MPI Thread Environment: 


# Calling sequence was: 

# ./IMB-EXT

# Minimum message length in bytes:   0
# Maximum message length in bytes:   4194304
#
# MPI_Datatype                   :   MPI_BYTE 
# MPI_Datatype for reductions    :   MPI_FLOAT
# MPI_Op                         :   MPI_SUM  
#
#

# List of Benchmarks to run:

# Window
# Unidir_Get
# Unidir_Put
# Bidir_Get
# Bidir_Put
# Accumulate

#----------------------------------------------------------------
# Benchmarking Window 
# #processes = 2 
# ( 6 additional processes waiting in MPI_Barrier)
#----------------------------------------------------------------
       #bytes #repetitions  t_min[usec]  t_max[usec]  t_avg[usec]
            0          100       102.26       102.27       102.26
            4          100       103.92       103.93       103.93
            8          100       103.60       103.60       103.60
           16          100       102.96       102.96       102.96
           32          100       102.86       102.86       102.86
           64          100       103.27       103.29       103.28
          128          100       103.19       103.20       103.20
          256          100       102.63       102.63       102.63
          512          100       102.88       102.88       102.88
         1024          100       103.53       103.53       103.53
         2048          100       103.03       103.04       103.03
         4096          100       103.21       103.21       103.21
         8192          100       104.06       104.06       104.06
        16384          100       103.70       103.71       103.71
        32768          100       104.08       104.08       104.08
        65536          100       104.37       104.38       104.37
       131072          100       104.40       104.40       104.40
       262144          100       103.47       103.48       103.47
       524288           80       103.76       103.76       103.76
      1048576           40       104.27       104.28       104.28
      2097152           20       106.45       106.49       106.47
      4194304           10       104.81       104.88       104.84

#----------------------------------------------------------------
# Benchmarking Window 
# #processes = 4 
# ( 4 additional processes waiting in MPI_Barrier)
#----------------------------------------------------------------
       #bytes #repetitions  t_min[usec]  t_max[usec]  t_avg[usec]
            0          100       146.64       146.66       146.65
            4          100       146.84       146.87       146.85
            8          100       145.15       145.18       145.16
           16          100       144.18       144.21       144.19
           32          100       144.65       144.69       144.67
           64          100       144.23       144.25       144.24
          128          100       144.03       144.04       144.03
          256          100       143.96       143.98       143.97
          512          100       143.36       143.37       143.37
         1024          100       144.06       144.08       144.07
         2048          100       143.93       143.96       143.95
         4096          100       144.24       144.26       144.25
         8192          100       144.98       144.99       144.98
        16384          100       144.28       144.30       144.29
        32768          100       144.82       144.83       144.83
        65536          100       145.36       145.37       145.37
       131072          100       145.31       145.34       145.33
       262144          100       144.21       144.23       144.22
       524288           80       144.55       144.57       144.56
      1048576           40       148.83       148.87       148.85
      2097152           20       148.50       148.56       148.53
      4194304           10       145.89       146.10       145.98

#----------------------------------------------------------------
# Benchmarking Window 
# #processes = 8 
#----------------------------------------------------------------
       #bytes #repetitions  t_min[usec]  t_max[usec]  t_avg[usec]
            0          100       195.29       195.51       195.35
            4          100       198.82       198.84       198.83
            8          100       192.34       192.36       192.35
           16          100       190.74       190.78       190.76
           32          100       191.52       191.54       191.53
           64          100       195.24       195.25       195.24
          128          100       190.28       190.29       190.29
          256          100       190.71       190.72       190.72
          512          100       190.56       190.59       190.57
         1024          100       191.62       191.64       191.63
         2048          100       190.17       190.20       190.19
         4096          100       191.38       191.58       191.55
         8192          100       353.67       353.68       353.67
        16384          100       195.89       195.93       195.91
        32768          100       194.03       194.04       194.04
        65536          100       196.18       196.19       196.19
       131072          100       193.61       193.64       193.63
       262144          100       192.90       192.91       192.90
       524288           80       194.99       195.01       195.00
      1048576           40       194.67       194.73       194.70
      2097152           20       197.84       198.01       197.92
      4194304           10       198.32       198.41       198.38

#---------------------------------------------------
# Benchmarking Unidir_Get 
# #processes = 2 
# ( 6 additional processes waiting in MPI_Barrier)
#---------------------------------------------------
#
#    MODE: AGGREGATE 
#
       #bytes #repetitions      t[usec]   Mbytes/sec
            0         1000         0.18         0.00
            4         1000         7.69         0.52
            8         1000         7.59         1.05
           16         1000         7.58         2.11
           32         1000         7.62         4.20
           64         1000         7.46         8.58
          128         1000         7.35        17.42
          256         1000         7.52        34.04
          512         1000         7.98        64.14
         1024         1000         9.14       112.10
         2048         1000         9.99       205.09
         4096         1000        13.96       293.49
         8192         1000        15.30       535.53
        16384         1000        20.57       796.42
        32768         1000        27.78      1179.42
        65536          640        72.26       906.91
       131072          320       155.77       841.47
       262144          160       613.22       427.48
       524288           80      1290.54       406.26
      1048576           40      2432.08       431.14
      2097152           20      6084.11       344.69
      4194304           10     10865.50       386.02

#---------------------------------------------------
# Benchmarking Unidir_Get 
# #processes = 2 
# ( 6 additional processes waiting in MPI_Barrier)
#---------------------------------------------------
#
#    MODE: NON-AGGREGATE 
#
       #bytes #repetitions      t[usec]   Mbytes/sec
            0          100        20.55         0.00
            4          100        44.57         0.09
            8          100        44.32         0.18
           16          100        45.35         0.35
           32          100        45.54         0.70
           64          100        45.48         1.41
          128          100        46.18         2.77
          256          100        46.53         5.50
          512          100        46.25        11.07
         1024          100        46.88        21.84
         2048          100        48.14        42.54
         4096          100        50.55        81.03
         8192          100        53.96       151.81
        16384          100        57.89       283.02
        32768          100        64.61       507.17
        65536          100        95.44       686.68
       131072          100       125.07      1047.99
       262144          100       204.60      1281.26
       524288           80       464.71      1128.20
      1048576           40       809.15      1295.90
      2097152           20      1341.31      1563.51
      4194304           10      5948.31       705.13

#---------------------------------------------------
# Benchmarking Unidir_Put 
# #processes = 2 
# ( 6 additional processes waiting in MPI_Barrier)
#---------------------------------------------------
#
#    MODE: AGGREGATE 
#
       #bytes #repetitions      t[usec]   Mbytes/sec
            0         1000         0.18         0.00
            4         1000         2.62         1.53
            8         1000         2.55         3.14
           16         1000         3.19         5.02
           32         1000         3.25         9.83
           64         1000         3.26        19.62
          128         1000         3.94        32.49
          256         1000         4.02        63.62
          512         1000         4.05       126.52
         1024         1000         4.31       237.86
         2048         1000         5.02       407.80
         4096         1000         6.54       626.77
         8192         1000         9.67       847.07
        16384         1000        12.68      1291.72
        32768         1000        21.25      1542.16
        65536          640        23.89      2743.34
       131072          320       108.52      1207.80
       262144          160        47.74      5491.38
       524288           80        71.90      7292.10
      1048576           40       117.58      8918.27
      2097152           20       210.81      9948.08
      4194304           10       378.70     11075.41

#---------------------------------------------------
# Benchmarking Unidir_Put 
# #processes = 2 
# ( 6 additional processes waiting in MPI_Barrier)
#---------------------------------------------------
#
#    MODE: NON-AGGREGATE 
#
       #bytes #repetitions      t[usec]   Mbytes/sec
            0          100        20.12         0.00
            4          100        35.28         0.11
            8          100        35.77         0.22
           16          100        36.77         0.44
           32          100        36.92         0.87
           64          100        37.02         1.73
          128          100        37.32         3.43
          256          100        37.27         6.87
          512          100        37.47        13.66
         1024          100        37.51        27.30
         2048          100        38.81        52.77
         4096          100        42.60        96.15
         8192          100        45.85       178.67
        16384          100        48.43       338.30
        32768          100        53.26       615.24
        65536          100        58.08      1128.40
       131072          100        76.44      1714.72
       262144          100       100.68      2603.75
       524288           80       124.73      4203.53
      1048576           40       176.18      5951.75
      2097152           20       277.90      7546.41
      4194304           10       450.21      9316.41

#---------------------------------------------------
# Benchmarking Bidir_Get 
# #processes = 2 
# ( 6 additional processes waiting in MPI_Barrier)
#---------------------------------------------------
#
#    MODE: AGGREGATE 
#
       #bytes #repetitions      t[usec]   Mbytes/sec
            0         1000         0.18         0.00
            4         1000        14.35         0.28
            8         1000        14.43         0.55
           16         1000        15.18         1.05
           32         1000        15.43         2.07
           64         1000        15.56         4.11
          128         1000        16.21         7.90
          256         1000        16.87        15.18
          512         1000        16.91        30.27
         1024         1000        17.91        57.16
         2048         1000        19.21       106.61
         4096         1000        28.72       142.63
         8192         1000        35.39       231.46
        16384         1000        66.70       245.63
        32768         1000       110.01       297.87
        65536          640       196.73       333.13
       131072          320       346.62       378.14
       262144          160       507.23       516.81
       524288           80      1544.61       339.43
      1048576           40      3420.73       306.54
      2097152           20      6129.00       342.17
      4194304           10     12589.69       333.15

#---------------------------------------------------
# Benchmarking Bidir_Get 
# #processes = 2 
# ( 6 additional processes waiting in MPI_Barrier)
#---------------------------------------------------
#
#    MODE: NON-AGGREGATE 
#
       #bytes #repetitions      t[usec]   Mbytes/sec
            0          100        20.17         0.00
            4          100        55.59         0.07
            8          100        55.02         0.15
           16          100        82.35         0.19
           32          100        57.52         0.56
           64          100        57.19         1.12
          128          100        57.92         2.21
          256          100        58.05         4.41
          512          100        58.45         8.76
         1024          100        58.75        17.43
         2048          100        59.59        34.37
         4096          100        63.75        64.25
         8192          100        70.47       116.25
        16384          100        76.32       214.67
        32768          100        89.04       368.02
        65536          100       123.29       531.57
       131072          100       210.79       621.81
       262144          100       375.01       699.03
       524288           80       589.90       888.78
      1048576           40       877.58      1194.85
      2097152           20      1409.09      1488.30
      4194304           10      8539.01       491.19

#---------------------------------------------------
# Benchmarking Bidir_Put 
# #processes = 2 
# ( 6 additional processes waiting in MPI_Barrier)
#---------------------------------------------------
#
#    MODE: AGGREGATE 
#
       #bytes #repetitions      t[usec]   Mbytes/sec
            0         1000         0.18         0.00
            4         1000         7.78         0.51
            8         1000         7.87         1.02
           16         1000         9.09         1.76
           32         1000         9.06         3.53
           64         1000         9.24         6.92
          128         1000         9.75        13.12
          256         1000        10.07        25.42
          512         1000        11.12        46.05
         1024         1000        12.27        83.46
         2048         1000        13.92       147.15
         4096         1000        18.53       221.08
         8192         1000        25.78       317.76
        16384         1000        65.42       250.43
        32768         1000       111.47       293.95
        65536          640       172.21       380.55
       131072          320       274.96       476.70
       262144          160        72.13      3634.30
       524288           80       103.54      5063.67
      1048576           40       149.57      7010.51
      2097152           20       230.35      9104.27
      4194304           10       404.50     10369.08

#---------------------------------------------------
# Benchmarking Bidir_Put 
# #processes = 2 
# ( 6 additional processes waiting in MPI_Barrier)
#---------------------------------------------------
#
#    MODE: NON-AGGREGATE 
#
       #bytes #repetitions      t[usec]   Mbytes/sec
            0          100        20.48         0.00
            4          100        48.02         0.08
            8          100        47.83         0.17
           16          100        50.12         0.32
           32          100        50.32         0.64
           64          100        50.24         1.27
          128          100        50.71         2.52
          256          100        50.91         5.03
          512          100        51.51         9.94
         1024          100        51.53        19.87
         2048          100        53.01        38.63
         4096          100        59.53        68.80
         8192          100        63.09       129.85
        16384          100        69.00       237.45
        32768          100        81.95       399.86
        65536          100        94.21       695.63
       131072          100       117.13      1119.03
       262144          100       116.56      2249.00
       524288           80       141.76      3698.32
      1048576           40       193.22      5426.84
      2097152           20       397.19      5279.93
      4194304           10       466.20      8996.72

#----------------------------------------------------------------
# Benchmarking Accumulate 
# #processes = 2 
# ( 6 additional processes waiting in MPI_Barrier)
#----------------------------------------------------------------
#
#    MODE: AGGREGATE 
#
       #bytes #repetitions  t_min[usec]  t_max[usec]  t_avg[usec]
            0         1000         0.19         0.19         0.19
            4         1000         3.06         3.07         3.07
            8         1000         3.01         3.02         3.02
           16         1000         3.83         3.83         3.83
           32         1000         3.84         3.84         3.84
           64         1000         3.81         3.81         3.81
          128         1000         4.53         4.54         4.53
          256         1000         4.55         4.56         4.56
          512         1000         4.82         4.85         4.83
         1024         1000         5.26         5.29         5.28
         2048         1000         6.06         6.08         6.07
         4096         1000         7.70         7.73         7.72
         8192         1000        12.03        12.04        12.03
        16384         1000        17.81        17.83        17.82
        32768         1000        29.90        29.91        29.90
        65536          640        46.55        46.58        46.57
       131072          320       155.59       176.42       166.00
       262144          160       482.64       552.08       517.36
       524288           80      1202.91      1203.36      1203.14
      1048576           40      2294.85      2295.68      2295.26
      2097152           20      4561.25      5255.54      4908.39
      4194304           10     10100.01     10102.30     10101.15

#----------------------------------------------------------------
# Benchmarking Accumulate 
# #processes = 2 
# ( 6 additional processes waiting in MPI_Barrier)
#----------------------------------------------------------------
#
#    MODE: NON-AGGREGATE 
#
       #bytes #repetitions  t_min[usec]  t_max[usec]  t_avg[usec]
            0          100        24.14        24.17        24.15
            4          100        36.39        36.46        36.42
            8          100        36.12        36.18        36.15
           16          100        37.72        37.80        37.76
           32          100        37.75        37.83        37.79
           64          100        37.72        37.80        37.76
          128          100        38.36        38.41        38.39
          256          100        38.10        38.15        38.13
          512          100        38.28        38.34        38.31
         1024          100        38.54        38.59        38.56
         2048          100        39.31        39.37        39.34
         4096          100        43.66        43.72        43.69
         8192          100        48.05        48.22        48.13
        16384          100        54.13        54.30        54.22
        32768          100        67.00        67.24        67.12
        65536          100        91.88        92.18        92.03
       131072          100       150.74       151.24       150.99
       262144          100       246.17       247.26       246.72
       524288           80       710.76       712.77       711.77
      1048576           40      1166.27      1177.32      1171.80
      2097152           20      6218.35      6272.45      6245.40
      4194304           10      9103.70      9311.39      9207.55

#----------------------------------------------------------------
# Benchmarking Accumulate 
# #processes = 4 
# ( 4 additional processes waiting in MPI_Barrier)
#----------------------------------------------------------------
#
#    MODE: AGGREGATE 
#
       #bytes #repetitions  t_min[usec]  t_max[usec]  t_avg[usec]
            0         1000         0.19         0.19         0.19
            4         1000         7.85         7.94         7.91
            8         1000         7.69         7.76         7.74
           16         1000        10.90        11.35        11.12
           32         1000        10.28        10.35        10.32
           64         1000         9.76        10.55        10.34
          128         1000        12.31        12.40        12.36
          256         1000        12.67        12.75        12.72
          512         1000        13.11        13.18        13.14
         1024         1000        13.69        13.79        13.75
         2048         1000        15.25        15.37        15.32
         4096         1000        19.19        19.28        19.25
         8192         1000        32.33        33.30        32.82
        16384         1000        47.42        48.43        47.91
        32768         1000        78.37        78.55        78.45
        65536          640       126.91       127.24       127.09
       131072          320       521.85       585.85       538.28
       262144          160      1131.21      1382.96      1194.16
       524288           80      2352.83      3090.91      2551.94
      1048576           40      4646.28      6289.17      5168.67
      2097152           20      9196.95     12653.49     10336.56
      4194304           10     18995.71     24940.59     20501.62

#----------------------------------------------------------------
# Benchmarking Accumulate 
# #processes = 4 
# ( 4 additional processes waiting in MPI_Barrier)
#----------------------------------------------------------------
#
#    MODE: NON-AGGREGATE 
#
       #bytes #repetitions  t_min[usec]  t_max[usec]  t_avg[usec]
            0          100        34.13        34.24        34.18
            4          100        55.10        55.30        55.19
            8          100        53.54        53.75        53.64
           16          100        59.98        60.23        60.08
           32          100        60.43        60.72        60.54
           64          100        60.69        60.90        60.80
          128          100        61.70        61.97        61.79
          256          100        62.11        62.44        62.25
          512          100        63.05        63.33        63.17
         1024          100        63.39        63.64        63.48
         2048          100        65.63        65.91        65.72
         4096          100        70.76        71.03        70.84
         8192          100       112.49       112.80       112.59
        16384          100       101.19       101.66       101.34
        32768          100       131.27       131.89       131.47
        65536          100       191.15       191.91       191.49
       131072          100       376.41       378.23       377.15
       262144          100       497.63       500.10       498.81
       524288           80      1267.95      1276.40      1270.16
      1048576           40      7128.30      7170.55      7145.22
      2097152           20     11116.10     11283.49     11164.41
      4194304           10     29742.10     31432.91     30709.43

#----------------------------------------------------------------
# Benchmarking Accumulate 
# #processes = 8 
#----------------------------------------------------------------
#
#    MODE: AGGREGATE 
#
       #bytes #repetitions  t_min[usec]  t_max[usec]  t_avg[usec]
            0         1000         0.19         0.20         0.20
            4         1000        17.79        17.91        17.84
            8         1000        17.83        17.90        17.87
           16         1000        25.57        25.96        25.75
           32         1000        26.46        26.51        26.49
           64         1000        26.18        26.29        26.23
          128         1000        30.09        30.18        30.14
          256         1000        30.07        30.18        30.12
          512         1000        32.36        32.51        32.43
         1024         1000        32.71        32.91        32.82
         2048         1000        35.52        35.68        35.60
         4096         1000        42.89        42.98        42.93
         8192         1000        75.44        75.71        75.58
        16384         1000       116.55       117.13       116.75
        32768         1000       195.16       195.62       195.35
        65536          640       323.70       324.68       324.32
       131072          320      1577.71      1746.21      1599.93
       262144          160      1106.40      1498.12      1155.46
       524288           80      2336.05      3814.68      2603.85
      1048576           40      4586.35      7739.87      5597.15
      2097152           20      9024.41     15491.20     11163.47
      4194304           10     18989.30     31158.49     22603.80

#----------------------------------------------------------------
# Benchmarking Accumulate 
# #processes = 8 
#----------------------------------------------------------------
#
#    MODE: NON-AGGREGATE 
#
       #bytes #repetitions  t_min[usec]  t_max[usec]  t_avg[usec]
            0          100        50.46        50.87        50.60
            4          100        87.64        88.07        87.80
            8          100        87.11        87.45        87.23
           16          100        96.35        96.91        96.56
           32          100        96.94        97.50        97.14
           64          100        97.31        97.83        97.50
          128          100       101.50       102.07       101.70
          256          100       101.63       102.20       101.80
          512          100       102.89       103.46       103.01
         1024          100       104.58       105.15       104.76
         2048          100       108.02       108.65       108.21
         4096          100       117.33       117.91       117.47
         8192          100       150.35       151.13       150.56
        16384          100       184.71       185.81       185.00
        32768          100       265.89       267.59       266.41
        65536          100       409.60       412.80       411.27
       131072          100       771.58       776.66       773.81
       262144          100       835.20       840.51       836.92
       524288           80      2364.71      2386.61      2370.75
      1048576           40      4453.20      4525.27      4485.19
      2097152           20     13319.30     13782.95     13447.78
      4194304           10     25288.49     26736.90     25905.44


# All processes entering MPI_Finalize

