#------------------------------------------------------------
#    Intel (R) MPI Benchmarks 2018 Update 1, MPI-2 part    
#------------------------------------------------------------
# Date                  : Thu Nov 30 16:57:31 2017
# Machine               : x86_64
# System                : Linux
# Release               : 4.4.74-92.35-default
# Version               : #1 SMP Mon Aug 7 18:24:48 UTC 2017 (c0fdc47)
# MPI Version           : 3.1
# MPI Thread Environment: 


# Calling sequence was: 

# ./IMB-EXT

# Minimum message length in bytes:   0
# Maximum message length in bytes:   4194304
#
# MPI_Datatype                   :   MPI_BYTE 
# MPI_Datatype for reductions    :   MPI_FLOAT
# MPI_Op                         :   MPI_SUM  
#
#

# List of Benchmarks to run:

# Window
# Unidir_Get
# Unidir_Put
# Bidir_Get
# Bidir_Put
# Accumulate

#----------------------------------------------------------------
# Benchmarking Window 
# #processes = 1 
#----------------------------------------------------------------
       #bytes #repetitions  t_min[usec]  t_max[usec]  t_avg[usec]
            0          100        31.58        31.58        31.58
            4          100        33.45        33.45        33.45
            8          100        33.35        33.35        33.35
           16          100        33.29        33.29        33.29
           32          100        33.00        33.00        33.00
           64          100        33.26        33.26        33.26
          128          100        33.52        33.52        33.52
          256          100        32.87        32.87        32.87
          512          100        33.75        33.75        33.75
         1024          100        33.15        33.15        33.15
         2048          100        32.93        32.93        32.93
         4096          100        34.09        34.09        34.09
         8192          100        33.42        33.42        33.42
        16384          100        33.28        33.28        33.28
        32768          100        33.16        33.16        33.16
        65536          100        33.81        33.81        33.81
       131072          100        33.56        33.56        33.56
       262144          100        33.16        33.16        33.16
       524288           80        33.41        33.41        33.41
      1048576           40        34.08        34.08        34.08
      2097152           20        33.20        33.20        33.20
      4194304           10        38.29        38.29        38.29

# !! Benchmark Unidir_Get invalid for 1 processes !! 


# !! Benchmark Unidir_Put invalid for 1 processes !! 


# !! Benchmark Bidir_Get invalid for 1 processes !! 


# !! Benchmark Bidir_Put invalid for 1 processes !! 


#----------------------------------------------------------------
# Benchmarking Accumulate 
# #processes = 1 
#----------------------------------------------------------------
#
#    MODE: AGGREGATE 
#
       #bytes #repetitions  t_min[usec]  t_max[usec]  t_avg[usec]
            0         1000         0.17         0.17         0.17
            4         1000         0.26         0.26         0.26
            8         1000         0.27         0.27         0.27
           16         1000         0.27         0.27         0.27
           32         1000         0.27         0.27         0.27
           64         1000         0.30         0.30         0.30
          128         1000         0.28         0.28         0.28
          256         1000         0.29         0.29         0.29
          512         1000         0.33         0.33         0.33
         1024         1000         0.38         0.38         0.38
         2048         1000         0.51         0.51         0.51
         4096         1000         0.70         0.70         0.70
         8192         1000         1.17         1.17         1.17
        16384         1000         2.38         2.38         2.38
        32768         1000         5.48         5.48         5.48
        65536          640        10.60        10.60        10.60
       131072          320        20.93        20.93        20.93
       262144          160        42.47        42.47        42.47
       524288           80       129.99       129.99       129.99
      1048576           40       285.70       285.70       285.70
      2097152           20       569.11       569.11       569.11
      4194304           10      1133.20      1133.20      1133.20

#----------------------------------------------------------------
# Benchmarking Accumulate 
# #processes = 1 
#----------------------------------------------------------------
#
#    MODE: NON-AGGREGATE 
#
       #bytes #repetitions  t_min[usec]  t_max[usec]  t_avg[usec]
            0          100         1.58         1.58         1.58
            4          100         1.73         1.73         1.73
            8          100         1.73         1.73         1.73
           16          100         1.76         1.76         1.76
           32          100         1.73         1.73         1.73
           64          100         1.75         1.75         1.75
          128          100         2.13         2.13         2.13
          256          100         1.76         1.76         1.76
          512          100         1.79         1.79         1.79
         1024          100         1.84         1.84         1.84
         2048          100         1.94         1.94         1.94
         4096          100         2.16         2.16         2.16
         8192          100         2.59         2.59         2.59
        16384          100         4.18         4.18         4.18
        32768          100         7.04         7.04         7.04
        65536          100        12.45        12.45        12.45
       131072          100        22.94        22.94        22.94
       262144          100        44.09        44.09        44.09
       524288           80       130.59       130.59       130.59
      1048576           40       290.40       290.40       290.40
      2097152           20       575.90       575.90       575.90
      4194304           10      1140.19      1140.19      1140.19


# All processes entering MPI_Finalize

