#------------------------------------------------------------
#    Intel (R) MPI Benchmarks 2018 Update 1, MPI-2 part    
#------------------------------------------------------------
# Date                  : Thu Nov 30 16:58:32 2017
# Machine               : x86_64
# System                : Linux
# Release               : 4.4.74-92.35-default
# Version               : #1 SMP Mon Aug 7 18:24:48 UTC 2017 (c0fdc47)
# MPI Version           : 3.1
# MPI Thread Environment: 


# Calling sequence was: 

# ./IMB-EXT

# Minimum message length in bytes:   0
# Maximum message length in bytes:   4194304
#
# MPI_Datatype                   :   MPI_BYTE 
# MPI_Datatype for reductions    :   MPI_FLOAT
# MPI_Op                         :   MPI_SUM  
#
#

# List of Benchmarks to run:

# Window
# Unidir_Get
# Unidir_Put
# Bidir_Get
# Bidir_Put
# Accumulate

#----------------------------------------------------------------
# Benchmarking Window 
# #processes = 2 
#----------------------------------------------------------------
       #bytes #repetitions  t_min[usec]  t_max[usec]  t_avg[usec]
            0          100       101.96       101.96       101.96
            4          100       103.26       103.27       103.27
            8          100       103.04       103.04       103.04
           16          100       102.46       102.48       102.47
           32          100       102.00       102.02       102.01
           64          100       102.79       102.80       102.79
          128          100       102.48       102.49       102.48
          256          100       101.94       101.95       101.94
          512          100       102.13       102.14       102.13
         1024          100       102.37       102.40       102.38
         2048          100       102.68       102.68       102.68
         4096          100       102.91       102.91       102.91
         8192          100       103.26       103.27       103.26
        16384          100       103.26       103.28       103.27
        32768          100       103.26       103.28       103.27
        65536          100       104.05       104.07       104.06
       131072          100       103.50       103.50       103.50
       262144          100       102.97       102.98       102.97
       524288           80       102.99       102.99       102.99
      1048576           40       103.03       103.03       103.03
      2097152           20       105.80       105.81       105.80
      4194304           10       105.79       105.81       105.80

#---------------------------------------------------
# Benchmarking Unidir_Get 
# #processes = 2 
#---------------------------------------------------
#
#    MODE: AGGREGATE 
#
       #bytes #repetitions      t[usec]   Mbytes/sec
            0         1000         0.18         0.00
            4         1000         7.64         0.52
            8         1000         7.50         1.07
           16         1000         7.71         2.07
           32         1000         7.35         4.35
           64         1000         7.36         8.69
          128         1000         7.46        17.16
          256         1000         7.45        34.35
          512         1000         7.96        64.36
         1024         1000         9.02       113.50
         2048         1000        10.07       203.44
         4096         1000        13.56       302.11
         8192         1000        16.67       491.54
        16384         1000        24.75       661.95
        32768         1000        35.83       914.52
        65536          640        68.33       959.16
       131072          320       145.48       900.95
       262144          160       532.52       492.27
       524288           80       897.97       583.86
      1048576           40      1681.48       623.60
      2097152           20      4409.79       475.57
      4194304           10      4663.30       899.43

#---------------------------------------------------
# Benchmarking Unidir_Get 
# #processes = 2 
#---------------------------------------------------
#
#    MODE: NON-AGGREGATE 
#
       #bytes #repetitions      t[usec]   Mbytes/sec
            0          100        21.19         0.00
            4          100        44.37         0.09
            8          100        44.27         0.18
           16          100        45.09         0.35
           32          100        45.42         0.70
           64          100        45.50         1.41
          128          100        46.00         2.78
          256          100        45.87         5.58
          512          100        46.41        11.03
         1024          100        46.58        21.98
         2048          100        47.55        43.07
         4096          100        50.15        81.67
         8192          100        54.08       151.48
        16384          100        58.01       282.44
        32768          100        64.42       508.66
        65536          100        94.53       693.28
       131072          100       124.02      1056.86
       262144          100       188.52      1390.54
       524288           80       409.76      1279.49
      1048576           40       743.30      1410.70
      2097152           20      1228.95      1706.46
      4194304           10      5304.00       790.78

#---------------------------------------------------
# Benchmarking Unidir_Put 
# #processes = 2 
#---------------------------------------------------
#
#    MODE: AGGREGATE 
#
       #bytes #repetitions      t[usec]   Mbytes/sec
            0         1000         0.18         0.00
            4         1000         2.53         1.58
            8         1000         2.47         3.24
           16         1000         3.18         5.03
           32         1000         3.27         9.80
           64         1000         3.19        20.06
          128         1000         3.84        33.31
          256         1000         3.94        65.06
          512         1000         3.98       128.48
         1024         1000         4.25       240.71
         2048         1000         4.78       428.45
         4096         1000         6.09       672.69
         8192         1000         9.05       904.89
        16384         1000        12.03      1361.59
        32768         1000        20.27      1616.89
        65536          640        23.31      2811.78
       131072          320       103.11      1271.23
       262144          160        42.49      6169.88
       524288           80        60.61      8649.91
      1048576           40        96.70     10843.98
      2097152           20       175.80     11929.33
      4194304           10       346.21     12115.00

#---------------------------------------------------
# Benchmarking Unidir_Put 
# #processes = 2 
#---------------------------------------------------
#
#    MODE: NON-AGGREGATE 
#
       #bytes #repetitions      t[usec]   Mbytes/sec
            0          100        20.30         0.00
            4          100        35.51         0.11
            8          100        35.12         0.23
           16          100        36.33         0.44
           32          100        36.72         0.87
           64          100        36.61         1.75
          128          100        37.02         3.46
          256          100        37.01         6.92
          512          100        37.10        13.80
         1024          100        37.33        27.43
         2048          100        37.85        54.11
         4096          100        41.87        97.82
         8192          100        45.14       181.48
        16384          100        48.47       338.04
        32768          100        52.81       620.49
        65536          100        57.66      1136.61
       131072          100        75.03      1746.92
       262144          100        98.57      2659.49
       524288           80       118.65      4418.81
      1048576           40       159.57      6571.11
      2097152           20       258.51      8112.61
      4194304           10       420.12      9983.65

#---------------------------------------------------
# Benchmarking Bidir_Get 
# #processes = 2 
#---------------------------------------------------
#
#    MODE: AGGREGATE 
#
       #bytes #repetitions      t[usec]   Mbytes/sec
            0         1000         0.18         0.00
            4         1000        14.01         0.29
            8         1000        14.00         0.57
           16         1000        14.72         1.09
           32         1000        15.44         2.07
           64         1000        15.18         4.22
          128         1000        15.79         8.10
          256         1000        15.90        16.10
          512         1000        16.46        31.10
         1024         1000        18.10        56.58
         2048         1000        20.11       101.82
         4096         1000        27.38       149.58
         8192         1000        32.63       251.09
        16384         1000        59.93       273.37
        32768         1000       100.59       325.77
        65536          640       180.72       362.63
       131072          320       307.02       426.92
       262144          160       493.76       530.92
       524288           80      1263.87       414.83
      1048576           40      2823.50       371.38
      2097152           20      5437.10       385.71
      4194304           10      8919.91       470.22

#---------------------------------------------------
# Benchmarking Bidir_Get 
# #processes = 2 
#---------------------------------------------------
#
#    MODE: NON-AGGREGATE 
#
       #bytes #repetitions      t[usec]   Mbytes/sec
            0          100        20.79         0.00
            4          100        55.71         0.07
            8          100        55.51         0.14
           16          100       113.47         0.14
           32          100        57.42         0.56
           64          100        57.57         1.11
          128          100        58.09         2.20
          256          100        57.82         4.43
          512          100        58.06         8.82
         1024          100        58.47        17.51
         2048          100        59.54        34.40
         4096          100        64.52        63.48
         8192          100        71.69       114.27
        16384          100        77.14       212.39
        32768          100        88.36       370.85
        65536          100       119.10       550.25
       131072          100       222.88       588.09
       262144          100       383.93       682.79
       524288           80       595.05       881.09
      1048576           40       878.95      1192.99
      2097152           20      3865.65       542.51
      4194304           10      8639.72       485.47

#---------------------------------------------------
# Benchmarking Bidir_Put 
# #processes = 2 
#---------------------------------------------------
#
#    MODE: AGGREGATE 
#
       #bytes #repetitions      t[usec]   Mbytes/sec
            0         1000         0.24         0.00
            4         1000         7.69         0.52
            8         1000         7.52         1.06
           16         1000         9.39         1.70
           32         1000         8.94         3.58
           64         1000         9.12         7.01
          128         1000         9.45        13.54
          256         1000         9.71        26.36
          512         1000        12.02        42.59
         1024         1000        12.01        85.27
         2048         1000        13.65       150.03
         4096         1000        17.59       232.93
         8192         1000        26.57       308.35
        16384         1000        62.56       261.89
        32768         1000       101.07       324.20
        65536          640       161.18       406.59
       131072          320       250.06       524.17
       262144          160        65.70      3990.06
       524288           80        85.14      6158.22
      1048576           40       128.38      8167.98
      2097152           20       194.05     10807.34
      4194304           10       375.91     11157.60

#---------------------------------------------------
# Benchmarking Bidir_Put 
# #processes = 2 
#---------------------------------------------------
#
#    MODE: NON-AGGREGATE 
#
       #bytes #repetitions      t[usec]   Mbytes/sec
            0          100        20.71         0.00
            4          100        47.69         0.08
            8          100        47.46         0.17
           16          100        49.86         0.32
           32          100        50.11         0.64
           64          100        50.03         1.28
          128          100        50.70         2.52
          256          100        51.00         5.02
          512          100        51.39         9.96
         1024          100        51.39        19.93
         2048          100        52.87        38.74
         4096          100        56.61        72.35
         8192          100        63.18       129.66
        16384          100        69.38       236.15
        32768          100        81.59       401.61
        65536          100        93.20       703.17
       131072          100       113.88      1150.96
       262144          100       116.91      2242.25
       524288           80       140.35      3735.55
      1048576           40       190.98      5490.52
      2097152           20       266.24      7876.86
      4194304           10       446.30      9398.04

#----------------------------------------------------------------
# Benchmarking Accumulate 
# #processes = 2 
#----------------------------------------------------------------
#
#    MODE: AGGREGATE 
#
       #bytes #repetitions  t_min[usec]  t_max[usec]  t_avg[usec]
            0         1000         0.19         0.19         0.19
            4         1000         3.01         3.01         3.01
            8         1000         2.88         2.89         2.89
           16         1000         3.81         3.81         3.81
           32         1000         3.72         3.72         3.72
           64         1000         3.72         3.73         3.72
          128         1000         4.51         4.52         4.52
          256         1000         4.58         4.59         4.59
          512         1000         4.82         4.84         4.83
         1024         1000         5.32         5.34         5.33
         2048         1000         6.01         6.04         6.02
         4096         1000         7.82         7.84         7.83
         8192         1000        11.76        11.77        11.77
        16384         1000        17.35        17.36        17.35
        32768         1000        29.44        29.45        29.45
        65536          640        46.78        46.80        46.79
       131072          320       142.71       162.18       152.44
       262144          160       419.97       478.44       449.20
       524288           80      1150.21      1150.36      1150.29
      1048576           40      2318.88      2319.20      2319.04
      2097152           20      4792.19      4793.25      4792.72
      4194304           10      9567.12      9568.50      9567.81

#----------------------------------------------------------------
# Benchmarking Accumulate 
# #processes = 2 
#----------------------------------------------------------------
#
#    MODE: NON-AGGREGATE 
#
       #bytes #repetitions  t_min[usec]  t_max[usec]  t_avg[usec]
            0          100        20.76        20.82        20.79
            4          100        36.46        36.51        36.49
            8          100        36.07        36.11        36.09
           16          100        37.65        37.71        37.68
           32          100        38.07        38.13        38.10
           64          100        37.81        37.86        37.83
          128          100        38.11        38.16        38.14
          256          100        38.33        38.37        38.35
          512          100        38.38        38.43        38.40
         1024          100        38.61        38.66        38.64
         2048          100        39.25        39.31        39.28
         4096          100        42.78        42.84        42.81
         8192          100        46.60        46.72        46.66
        16384          100        52.91        52.99        52.95
        32768          100        65.24        65.48        65.36
        65536          100        90.88        91.16        91.02
       131072          100       152.72       153.31       153.02
       262144          100       237.13       237.27       237.20
       524288           80       667.77       669.51       668.64
      1048576           40      1110.52      1113.05      1111.79
      2097152           20      5141.35      5190.99      5166.17
      4194304           10     11173.39     11361.91     11267.65


# All processes entering MPI_Finalize

