#------------------------------------------------------------
#    Intel (R) MPI Benchmarks 2018 Update 1, MPI-2 part    
#------------------------------------------------------------
# Date                  : Thu Nov 30 17:03:33 2017
# Machine               : x86_64
# System                : Linux
# Release               : 4.4.74-92.35-default
# Version               : #1 SMP Mon Aug 7 18:24:48 UTC 2017 (c0fdc47)
# MPI Version           : 3.1
# MPI Thread Environment: 


# Calling sequence was: 

# ./IMB-EXT

# Minimum message length in bytes:   0
# Maximum message length in bytes:   4194304
#
# MPI_Datatype                   :   MPI_BYTE 
# MPI_Datatype for reductions    :   MPI_FLOAT
# MPI_Op                         :   MPI_SUM  
#
#

# List of Benchmarks to run:

# Window
# Unidir_Get
# Unidir_Put
# Bidir_Get
# Bidir_Put
# Accumulate

#----------------------------------------------------------------
# Benchmarking Window 
# #processes = 2 
# ( 30 additional processes waiting in MPI_Barrier)
#----------------------------------------------------------------
       #bytes #repetitions  t_min[usec]  t_max[usec]  t_avg[usec]
            0          100       106.58       106.59       106.59
            4          100       106.95       106.95       106.95
            8          100       106.08       106.08       106.08
           16          100       106.04       106.04       106.04
           32          100       112.05       112.06       112.06
           64          100       105.61       105.62       105.61
          128          100       105.09       105.10       105.09
          256          100       105.97       105.98       105.97
          512          100       105.38       105.38       105.38
         1024          100       106.02       106.04       106.03
         2048          100       105.87       105.88       105.87
         4096          100       106.40       106.41       106.40
         8192          100       106.19       106.21       106.20
        16384          100       106.80       106.81       106.81
        32768          100       106.40       106.42       106.41
        65536          100       106.92       106.92       106.92
       131072          100       107.12       107.13       107.13
       262144          100       106.65       106.65       106.65
       524288           80       106.22       106.23       106.23
      1048576           40       107.23       107.23       107.23
      2097152           20       110.76       110.79       110.78
      4194304           10       109.70       109.79       109.74

#----------------------------------------------------------------
# Benchmarking Window 
# #processes = 4 
# ( 28 additional processes waiting in MPI_Barrier)
#----------------------------------------------------------------
       #bytes #repetitions  t_min[usec]  t_max[usec]  t_avg[usec]
            0          100       149.11       149.12       149.11
            4          100       152.89       152.92       152.90
            8          100       148.54       148.56       148.55
           16          100       148.52       148.53       148.52
           32          100       148.34       148.36       148.35
           64          100       148.50       148.53       148.51
          128          100       149.72       149.73       149.72
          256          100       148.47       148.48       148.47
          512          100       153.87       153.88       153.88
         1024          100       148.67       148.68       148.68
         2048          100       148.10       148.11       148.10
         4096          100       147.96       147.97       147.97
         8192          100       148.63       148.84       148.72
        16384          100       148.47       148.48       148.48
        32768          100       149.10       149.11       149.10
        65536          100       149.39       149.40       149.39
       131072          100       148.98       148.99       148.99
       262144          100       149.01       149.02       149.02
       524288           80       148.55       148.56       148.56
      1048576           40       149.45       149.50       149.48
      2097152           20       153.90       153.95       153.91
      4194304           10       159.79       159.91       159.85

#----------------------------------------------------------------
# Benchmarking Window 
# #processes = 8 
# ( 24 additional processes waiting in MPI_Barrier)
#----------------------------------------------------------------
       #bytes #repetitions  t_min[usec]  t_max[usec]  t_avg[usec]
            0          100       198.85       198.87       198.86
            4          100       199.79       199.83       199.81
            8          100       197.00       197.04       197.02
           16          100       201.07       201.10       201.08
           32          100       196.75       196.78       196.76
           64          100       195.13       195.16       195.15
          128          100       197.27       197.30       197.29
          256          100       195.97       196.05       196.02
          512          100       195.36       195.39       195.38
         1024          100       197.39       197.43       197.41
         2048          100       199.50       199.55       199.52
         4096          100       195.96       195.97       195.96
         8192          100       202.38       202.41       202.40
        16384          100       197.01       197.04       197.03
        32768          100       196.81       196.83       196.82
        65536          100       204.57       204.61       204.59
       131072          100       210.33       210.38       210.36
       262144          100       198.90       198.96       198.93
       524288           80       195.65       195.68       195.67
      1048576           40       202.82       202.95       202.89
      2097152           20       201.64       201.75       201.68
      4194304           10       204.59       205.11       204.84

#----------------------------------------------------------------
# Benchmarking Window 
# #processes = 16 
# ( 16 additional processes waiting in MPI_Barrier)
#----------------------------------------------------------------
       #bytes #repetitions  t_min[usec]  t_max[usec]  t_avg[usec]
            0          100       277.37       277.44       277.41
            4          100       264.78       264.83       264.81
            8          100       261.24       261.28       261.26
           16          100       260.97       261.01       260.99
           32          100       266.29       266.36       266.33
           64          100       274.10       274.14       274.12
          128          100       262.83       262.97       262.90
          256          100       262.02       262.07       262.05
          512          100       293.31       293.38       293.34
         1024          100       262.23       262.35       262.27
         2048          100       266.22       266.26       266.24
         4096          100       265.48       265.56       265.52
         8192          100       266.25       266.29       266.27
        16384          100       265.91       265.94       265.93
        32768          100       261.87       262.14       261.95
        65536          100       325.11       325.15       325.13
       131072          100       270.14       270.23       270.18
       262144          100       268.16       268.20       268.18
       524288           80       274.60       274.82       274.63
      1048576           40       268.72       268.88       268.78
      2097152           20       314.10       314.35       314.21
      4194304           10       290.68       296.40       295.04

#----------------------------------------------------------------
# Benchmarking Window 
# #processes = 32 
#----------------------------------------------------------------
       #bytes #repetitions  t_min[usec]  t_max[usec]  t_avg[usec]
            0          100       353.71       353.78       353.74
            4          100       349.54       349.59       349.56
            8          100       360.02       360.05       360.04
           16          100       347.08       347.15       347.12
           32          100       340.29       340.59       340.32
           64          100       336.59       336.80       336.64
          128          100       342.39       342.73       342.49
          256          100       339.39       339.46       339.43
          512          100       337.54       337.91       337.88
         1024          100       341.04       341.12       341.07
         2048          100       340.07       340.30       340.15
         4096          100       342.15       342.22       342.19
         8192          100       355.74       355.78       355.76
        16384          100       348.69       348.73       348.71
        32768          100       345.83       345.91       345.86
        65536          100       382.32       382.38       382.35
       131072          100       354.94       355.28       354.99
       262144          100       340.78       340.85       340.80
       524288           80       345.05       345.09       345.07
      1048576           40       353.22       353.52       353.37
      2097152           20       362.85       363.10       362.96
      4194304           10       378.51       379.11       378.83

#---------------------------------------------------
# Benchmarking Unidir_Get 
# #processes = 2 
# ( 30 additional processes waiting in MPI_Barrier)
#---------------------------------------------------
#
#    MODE: AGGREGATE 
#
       #bytes #repetitions      t[usec]   Mbytes/sec
            0         1000         0.18         0.00
            4         1000         7.87         0.51
            8         1000         7.60         1.05
           16         1000         7.65         2.09
           32         1000         7.51         4.26
           64         1000         7.52         8.51
          128         1000         7.46        17.15
          256         1000         7.62        33.60
          512         1000         8.05        63.56
         1024         1000         9.11       112.43
         2048         1000        10.22       200.32
         4096         1000        13.93       293.95
         8192         1000        17.25       474.96
        16384         1000        24.80       660.54
        32768         1000        27.08      1209.87
        65536          640        72.60       902.68
       131072          320       137.63       952.37
       262144          160       578.79       452.91
       524288           80      1202.57       435.97
      1048576           40      2495.73       420.15
      2097152           20      6293.89       333.20
      4194304           10      9565.90       438.46

#---------------------------------------------------
# Benchmarking Unidir_Get 
# #processes = 2 
# ( 30 additional processes waiting in MPI_Barrier)
#---------------------------------------------------
#
#    MODE: NON-AGGREGATE 
#
       #bytes #repetitions      t[usec]   Mbytes/sec
            0          100        21.85         0.00
            4          100        45.57         0.09
            8          100        45.67         0.18
           16          100        46.48         0.34
           32          100        46.55         0.69
           64          100        47.36         1.35
          128          100        49.11         2.61
          256          100        47.11         5.43
          512          100        47.50        10.78
         1024          100        47.78        21.43
         2048          100        48.66        42.09
         4096          100        51.86        78.98
         8192          100        55.64       147.23
        16384          100        59.40       275.83
        32768          100        65.25       502.21
        65536          100        94.17       695.95
       131072          100       123.27      1063.30
       262144          100       205.21      1277.45
       524288           80       448.21      1169.73
      1048576           40       796.70      1316.15
      2097152           20      1393.15      1505.33
      4194304           10      2514.10      1668.31

#---------------------------------------------------
# Benchmarking Unidir_Put 
# #processes = 2 
# ( 30 additional processes waiting in MPI_Barrier)
#---------------------------------------------------
#
#    MODE: AGGREGATE 
#
       #bytes #repetitions      t[usec]   Mbytes/sec
            0         1000         0.26         0.00
            4         1000         3.88         1.03
            8         1000         3.85         2.08
           16         1000         4.84         3.31
           32         1000         5.07         6.31
           64         1000         5.14        12.45
          128         1000         5.35        23.95
          256         1000         5.48        46.68
          512         1000         5.69        89.93
         1024         1000         6.11       167.54
         2048         1000         6.84       299.59
         4096         1000         8.71       470.49
         8192         1000        12.20       671.69
        16384         1000        16.88       970.90
        32768         1000        27.76      1180.62
        65536          640        35.60      1840.75
       131072          320        56.10      2336.53
       262144          160        52.42      5000.48
       524288           80        73.81      7103.08
      1048576           40       137.10      7648.11
      2097152           20       244.45      8579.04
      4194304           10       459.10      9135.95

#---------------------------------------------------
# Benchmarking Unidir_Put 
# #processes = 2 
# ( 30 additional processes waiting in MPI_Barrier)
#---------------------------------------------------
#
#    MODE: NON-AGGREGATE 
#
       #bytes #repetitions      t[usec]   Mbytes/sec
            0          100        27.18         0.00
            4          100        42.32         0.09
            8          100        42.44         0.19
           16          100        43.72         0.37
           32          100        43.95         0.73
           64          100        43.81         1.46
          128          100        44.21         2.90
          256          100        44.39         5.77
          512          100        44.52        11.50
         1024          100        44.79        22.86
         2048          100        45.78        44.74
         4096          100        49.37        82.97
         8192          100        53.20       153.99
        16384          100        56.08       292.15
        32768          100        62.59       523.54
        65536          100        73.94       886.33
       131072          100        87.97      1489.97
       262144          100       108.89      2407.41
       524288           80       121.88      4301.79
      1048576           40       190.28      5510.82
      2097152           20       293.55      7144.03
      4194304           10       509.31      8235.27

#---------------------------------------------------
# Benchmarking Bidir_Get 
# #processes = 2 
# ( 30 additional processes waiting in MPI_Barrier)
#---------------------------------------------------
#
#    MODE: AGGREGATE 
#
       #bytes #repetitions      t[usec]   Mbytes/sec
            0         1000         0.26         0.00
            4         1000        18.56         0.22
            8         1000        18.52         0.43
           16         1000        19.24         0.83
           32         1000        20.02         1.60
           64         1000        20.08         3.19
          128         1000        20.69         6.19
          256         1000        20.91        12.25
          512         1000        22.19        23.08
         1024         1000        23.71        43.19
         2048         1000        25.23        81.17
         4096         1000        29.60       138.39
         8192         1000        39.95       205.08
        16384         1000        73.41       223.17
        32768         1000       122.93       266.56
        65536          640       187.24       350.00
       131072          320       335.43       390.76
       262144          160       618.24       424.02
       524288           80      1535.94       341.35
      1048576           40      3015.32       347.75
      2097152           20      7425.45       282.43
      4194304           10      9527.40       440.24

#---------------------------------------------------
# Benchmarking Bidir_Get 
# #processes = 2 
# ( 30 additional processes waiting in MPI_Barrier)
#---------------------------------------------------
#
#    MODE: NON-AGGREGATE 
#
       #bytes #repetitions      t[usec]   Mbytes/sec
            0          100        20.52         0.00
            4          100        56.30         0.07
            8          100        95.48         0.08
           16          100        57.68         0.28
           32          100        58.16         0.55
           64          100        58.05         1.10
          128          100        61.07         2.10
          256          100        59.26         4.32
          512          100        58.88         8.70
         1024          100        59.13        17.32
         2048          100        60.30        33.96
         4096          100        65.24        62.78
         8192          100        73.39       111.62
        16384          100        78.05       209.91
        32768          100        89.50       366.12
        65536          100       120.09       545.72
       131072          100       203.15       645.20
       262144          100       390.88       670.65
       524288           80       600.59       872.96
      1048576           40       877.77      1194.59
      2097152           20      3357.49       624.62
      4194304           10      8022.71       522.80

#---------------------------------------------------
# Benchmarking Bidir_Put 
# #processes = 2 
# ( 30 additional processes waiting in MPI_Barrier)
#---------------------------------------------------
#
#    MODE: AGGREGATE 
#
       #bytes #repetitions      t[usec]   Mbytes/sec
            0         1000         0.18         0.00
            4         1000         7.77         0.51
            8         1000         7.43         1.08
           16         1000         8.98         1.78
           32         1000         9.01         3.55
           64         1000         9.19         6.96
          128         1000         9.77        13.11
          256         1000        11.11        23.05
          512         1000        11.18        45.80
         1024         1000        12.32        83.14
         2048         1000        14.13       144.98
         4096         1000        18.19       225.22
         8192         1000        25.68       318.98
        16384         1000        65.29       250.95
        32768         1000       111.49       293.91
        65536          640       162.59       403.07
       131072          320       220.12       595.47
       262144          160        63.84      4106.01
       524288           80        90.90      5767.74
      1048576           40       126.50      8288.82
      2097152           20       201.15     10425.62
      4194304           10       389.79     10760.40

#---------------------------------------------------
# Benchmarking Bidir_Put 
# #processes = 2 
# ( 30 additional processes waiting in MPI_Barrier)
#---------------------------------------------------
#
#    MODE: NON-AGGREGATE 
#
       #bytes #repetitions      t[usec]   Mbytes/sec
            0          100        20.86         0.00
            4          100        49.08         0.08
            8          100        49.13         0.16
           16          100        51.02         0.31
           32          100        50.91         0.63
           64          100        51.07         1.25
          128          100        52.42         2.44
          256          100        51.80         4.94
          512          100        52.35         9.78
         1024          100        52.88        19.36
         2048          100        53.99        37.93
         4096          100        58.08        70.52
         8192          100        63.76       128.48
        16384          100        74.12       221.05
        32768          100        83.10       394.32
        65536          100        98.84       663.06
       131072          100       123.39      1062.25
       262144          100       112.81      2323.76
       524288           80       148.24      3536.83
      1048576           40       206.30      5082.68
      2097152           20       339.85      6170.75
      4194304           10       577.40      7264.10

#----------------------------------------------------------------
# Benchmarking Accumulate 
# #processes = 2 
# ( 30 additional processes waiting in MPI_Barrier)
#----------------------------------------------------------------
#
#    MODE: AGGREGATE 
#
       #bytes #repetitions  t_min[usec]  t_max[usec]  t_avg[usec]
            0         1000         0.19         0.19         0.19
            4         1000         3.06         3.06         3.06
            8         1000         3.01         3.01         3.01
           16         1000         3.77         3.77         3.77
           32         1000         3.88         3.88         3.88
           64         1000         3.85         3.86         3.86
          128         1000         4.54         4.55         4.54
          256         1000         4.66         4.68         4.67
          512         1000         4.90         4.93         4.91
         1024         1000         5.40         5.43         5.42
         2048         1000         6.46         6.48         6.47
         4096         1000         8.09         8.12         8.10
         8192         1000        12.31        12.33        12.32
        16384         1000        17.97        17.98        17.97
        32768         1000        30.35        30.37        30.36
        65536          640        46.67        46.70        46.69
       131072          320       145.99       164.56       155.27
       262144          160       336.44       382.31       359.38
       524288           80       745.60       939.41       842.51
      1048576           40      1440.17      1826.50      1633.34
      2097152           20      2984.30      3822.24      3403.27
      4194304           10      5626.32      7166.91      6396.62

#----------------------------------------------------------------
# Benchmarking Accumulate 
# #processes = 2 
# ( 30 additional processes waiting in MPI_Barrier)
#----------------------------------------------------------------
#
#    MODE: NON-AGGREGATE 
#
       #bytes #repetitions  t_min[usec]  t_max[usec]  t_avg[usec]
            0          100        20.77        20.80        20.79
            4          100        39.05        39.09        39.07
            8          100        36.74        36.77        36.75
           16          100        38.37        38.43        38.40
           32          100        38.32        38.36        38.34
           64          100        39.00        39.11        39.06
          128          100        39.02        39.10        39.06
          256          100        38.74        38.81        38.78
          512          100        39.27        39.28        39.28
         1024          100        39.36        39.46        39.41
         2048          100        39.98        40.01        40.00
         4096          100        43.97        43.99        43.98
         8192          100        48.42        48.55        48.48
        16384          100        54.50        54.66        54.58
        32768          100        67.46        67.63        67.55
        65536          100        92.46        92.74        92.60
       131072          100       139.22       139.72       139.47
       262144          100       239.79       240.37       240.08
       524288           80       721.31       723.30       722.31
      1048576           40      1156.15      1166.60      1161.38
      2097152           20      5655.05      5701.90      5678.47
      4194304           10      9323.10      9520.79      9421.94

#----------------------------------------------------------------
# Benchmarking Accumulate 
# #processes = 4 
# ( 28 additional processes waiting in MPI_Barrier)
#----------------------------------------------------------------
#
#    MODE: AGGREGATE 
#
       #bytes #repetitions  t_min[usec]  t_max[usec]  t_avg[usec]
            0         1000         0.19         0.19         0.19
            4         1000         7.73         7.79         7.77
            8         1000         7.78         7.83         7.81
           16         1000        11.06        11.29        11.22
           32         1000        10.52        10.58        10.55
           64         1000         9.66        10.41        10.21
          128         1000        12.12        12.19        12.16
          256         1000        12.38        12.45        12.41
          512         1000        13.08        13.19        13.15
         1024         1000        13.45        13.55        13.51
         2048         1000        14.69        14.76        14.72
         4096         1000        18.53        18.62        18.57
         8192         1000        33.29        33.41        33.36
        16384         1000        47.01        47.20        47.10
        32768         1000        79.59        79.83        79.70
        65536          640       126.69       127.12       126.93
       131072          320       476.38       538.39       492.22
       262144          160       878.54      1093.10       932.19
       524288           80      1644.02      2417.58      2035.55
      1048576           40      3221.23      4998.48      4117.77
      2097152           20      6488.39      9984.30      8316.54
      4194304           10     11921.69     20190.00     16649.65

#----------------------------------------------------------------
# Benchmarking Accumulate 
# #processes = 4 
# ( 28 additional processes waiting in MPI_Barrier)
#----------------------------------------------------------------
#
#    MODE: NON-AGGREGATE 
#
       #bytes #repetitions  t_min[usec]  t_max[usec]  t_avg[usec]
            0          100        35.08        35.18        35.12
            4          100        56.24        56.47        56.33
            8          100        56.04        56.23        56.13
           16          100        61.27        61.55        61.38
           32          100        61.37        61.63        61.46
           64          100        61.19        61.48        61.31
          128          100        63.24        63.52        63.35
          256          100        63.26        63.52        63.34
          512          100        64.18        64.46        64.27
         1024          100        64.29        64.53        64.37
         2048          100        67.03        67.31        67.11
         4096          100        72.38        72.53        72.44
         8192          100        86.69        86.98        86.80
        16384          100       102.36       102.79       102.52
        32768          100       132.08       132.66       132.27
        65536          100       192.64       193.60       193.05
       131072          100       375.75       377.64       376.52
       262144          100       487.57       490.08       488.77
       524288           80      1272.88      1282.11      1275.21
      1048576           40      6149.65      6201.57      6171.12
      2097152           20      9018.41      9170.35      9062.22
      4194304           10     20904.40     21738.79     21312.45

#----------------------------------------------------------------
# Benchmarking Accumulate 
# #processes = 8 
# ( 24 additional processes waiting in MPI_Barrier)
#----------------------------------------------------------------
#
#    MODE: AGGREGATE 
#
       #bytes #repetitions  t_min[usec]  t_max[usec]  t_avg[usec]
            0         1000         0.24         0.25         0.24
            4         1000        17.84        17.92        17.88
            8         1000        17.96        18.05        18.03
           16         1000        26.20        26.53        26.32
           32         1000        26.13        26.23        26.18
           64         1000        26.12        26.22        26.17
          128         1000        30.25        30.29        30.28
          256         1000        30.38        30.43        30.41
          512         1000        32.60        32.66        32.64
         1024         1000        32.84        32.91        32.88
         2048         1000        34.13        34.27        34.22
         4096         1000        42.43        42.50        42.47
         8192         1000        74.06        74.24        74.12
        16384         1000       114.70       114.90       114.76
        32768         1000       193.08       193.45       193.17
        65536          640       317.75       317.84       317.80
       131072          320      1436.74      1595.08      1458.14
       262144          160       972.38      1383.29      1023.83
       524288           80      1481.31      3479.36      2382.68
      1048576           40      3041.75      7028.95      4748.90
      2097152           20      5875.54     14180.90      9607.65
      4194304           10     11800.41     28698.80     19336.77

#----------------------------------------------------------------
# Benchmarking Accumulate 
# #processes = 8 
# ( 24 additional processes waiting in MPI_Barrier)
#----------------------------------------------------------------
#
#    MODE: NON-AGGREGATE 
#
       #bytes #repetitions  t_min[usec]  t_max[usec]  t_avg[usec]
            0          100        60.12        60.48        60.34
            4          100        91.70        92.06        91.81
            8          100        91.34        91.97        91.70
           16          100        99.42       100.15        99.79
           32          100        99.23        99.76        99.39
           64          100        98.63        99.07        98.80
          128          100       103.25       103.74       103.41
          256          100       103.97       104.56       104.15
          512          100       105.15       105.72       105.33
         1024          100       106.42       107.06       106.64
         2048          100       110.39       111.01       110.56
         4096          100       121.99       122.78       122.23
         8192          100       151.90       152.84       152.24
        16384          100       185.00       186.08       185.34
        32768          100       270.88       272.51       271.51
        65536          100       411.06       413.48       412.18
       131072          100       765.99       770.97       768.32
       262144          100       851.89       857.16       853.63
       524288           80      2333.47      2355.44      2338.43
      1048576           40      4386.25      4452.20      4416.51
      2097152           20     13571.64     13987.90     13679.44
      4194304           10     28726.10     30297.71     29512.69

#----------------------------------------------------------------
# Benchmarking Accumulate 
# #processes = 16 
# ( 16 additional processes waiting in MPI_Barrier)
#----------------------------------------------------------------
#
#    MODE: AGGREGATE 
#
       #bytes #repetitions  t_min[usec]  t_max[usec]  t_avg[usec]
            0         1000         0.22         0.26         0.24
            4         1000        37.87        38.04        37.96
            8         1000        37.68        37.86        37.78
           16         1000        55.66        55.73        55.69
           32         1000        55.92        56.02        55.97
           64         1000        55.12        55.31        55.22
          128         1000        63.82        63.99        63.91
          256         1000        64.35        64.54        64.44
          512         1000        67.62        67.89        67.76
         1024         1000        69.46        69.72        69.58
         2048         1000        73.33        73.40        73.37
         4096         1000        91.27        91.36        91.31
         8192         1000       175.84       176.46       175.95
        16384         1000       267.51       269.02       267.88
        32768         1000       458.73       460.58       459.53
        65536          640       759.31       761.06       760.37
       131072          320      4571.37      9466.69      5639.82
       262144          160      1877.66      2829.04      2060.31
       524288           80      3580.08      6883.51      4114.03
      1048576           40      7226.82     14088.23      8304.22
      2097152           20     14745.14     28173.76     16535.48
      4194304           10     29361.92     56683.40     33167.38

#----------------------------------------------------------------
# Benchmarking Accumulate 
# #processes = 16 
# ( 16 additional processes waiting in MPI_Barrier)
#----------------------------------------------------------------
#
#    MODE: NON-AGGREGATE 
#
       #bytes #repetitions  t_min[usec]  t_max[usec]  t_avg[usec]
            0          100        70.84        71.42        71.29
            4          100       141.99       142.75       142.20
            8          100       145.36       146.57       145.78
           16          100       184.43       185.50       184.84
           32          100       158.47       159.54       158.86
           64          100       159.76       160.73       160.09
          128          100       168.70       169.90       169.13
          256          100       169.95       171.06       170.38
          512          100       173.39       174.46       173.71
         1024          100       175.94       177.12       176.35
         2048          100       183.25       184.57       183.79
         4096          100       203.59       204.89       204.03
         8192          100       265.49       267.13       265.93
        16384          100       343.97       346.34       344.78
        32768          100       562.64       567.27       564.68
        65536          100       871.02       876.73       873.92
       131072          100      1518.43      1529.20      1523.67
       262144          100      1609.28      1621.64      1613.49
       524288           80      4575.58      4621.93      4589.19
      1048576           40     14183.05     14427.05     14275.86
      2097152           20     27593.99     28386.75     27836.88
      4194304           10     55407.91     59833.91     57498.98

#----------------------------------------------------------------
# Benchmarking Accumulate 
# #processes = 32 
#----------------------------------------------------------------
#
#    MODE: AGGREGATE 
#
       #bytes #repetitions  t_min[usec]  t_max[usec]  t_avg[usec]
            0         1000         0.22         0.23         0.23
            4         1000       184.32       184.41       184.35
            8         1000        76.96        77.91        77.36
           16         1000        67.58       216.26       142.74
           32         1000        76.39       204.00       120.37
           64         1000       226.38       228.21       227.09
          128         1000        90.50       215.11       144.94
          256         1000       101.48       204.91       137.17
          512         1000        87.06       233.60       160.42
         1024         1000        97.00       224.33       180.42
         2048         1000       101.39       234.88       155.44
         4096         1000       185.37       185.73       185.51
         8192         1000       397.29       399.39       397.69
        16384         1000       591.72       594.56       591.88
        32768         1000      1043.92      1046.91      1044.26
        65536          640      1723.19      1723.93      1723.51
       131072          320     18740.82     31602.36     27904.34
       262144          160     33039.75     36785.84     34103.91
       524288           80      6883.90     13482.28      7595.93
      1048576           40     12544.95    124810.77     20484.90
      2097152           20     23871.20    241841.20     41024.71
      4194304           10     48687.79    499298.00     96445.74

#----------------------------------------------------------------
# Benchmarking Accumulate 
# #processes = 32 
#----------------------------------------------------------------
#
#    MODE: NON-AGGREGATE 
#
       #bytes #repetitions  t_min[usec]  t_max[usec]  t_avg[usec]
            0          100        94.64        96.59        95.84
            4          100       232.54       234.16       232.99
            8          100       232.75       234.57       233.41
           16          100       264.80       267.37       266.04
           32          100       266.94       269.08       267.64
           64          100       267.29       269.42       268.09
          128          100       288.27       290.89       289.43
          256          100       287.32       289.39       288.02
          512          100       294.60       296.82       295.50
         1024          100       301.21       303.66       302.16
         2048          100       314.10       316.35       314.99
         4096          100       352.26       355.05       353.39
         8192          100       497.09       500.34       498.41
        16384          100       702.28       708.00       705.30
        32768          100      1165.72      1174.33      1169.85
        65536          100      1775.87      1789.73      1784.44
       131072          100      2986.92      3010.60      3001.98
       262144          100      3012.28      3037.53      3021.52
       524288           80     14892.06     15027.00     14951.09
      1048576           40     28605.42     29129.75     28803.07
      2097152           20     54089.11     56069.65     54679.43
      4194304           10    109572.70    115861.61    111019.96


# All processes entering MPI_Finalize

