#------------------------------------------------------------
#    Intel (R) MPI Benchmarks 2018 Update 1, MPI-2 part    
#------------------------------------------------------------
# Date                  : Thu Nov 30 16:58:32 2017
# Machine               : x86_64
# System                : Linux
# Release               : 4.4.74-92.35-default
# Version               : #1 SMP Mon Aug 7 18:24:48 UTC 2017 (c0fdc47)
# MPI Version           : 3.1
# MPI Thread Environment: 


# Calling sequence was: 

# ./IMB-EXT

# Minimum message length in bytes:   0
# Maximum message length in bytes:   4194304
#
# MPI_Datatype                   :   MPI_BYTE 
# MPI_Datatype for reductions    :   MPI_FLOAT
# MPI_Op                         :   MPI_SUM  
#
#

# List of Benchmarks to run:

# Window
# Unidir_Get
# Unidir_Put
# Bidir_Get
# Bidir_Put
# Accumulate

#----------------------------------------------------------------
# Benchmarking Window 
# #processes = 2 
#----------------------------------------------------------------
       #bytes #repetitions  t_min[usec]  t_max[usec]  t_avg[usec]
            0          100       102.15       102.17       102.16
            4          100       102.49       102.49       102.49
            8          100       102.30       102.30       102.30
           16          100       102.76       102.76       102.76
           32          100       102.49       102.50       102.50
           64          100       102.74       102.74       102.74
          128          100       102.02       102.03       102.02
          256          100       101.85       101.86       101.85
          512          100       102.27       102.27       102.27
         1024          100       102.49       102.49       102.49
         2048          100       102.07       102.07       102.07
         4096          100       102.76       102.78       102.77
         8192          100       103.33       103.34       103.34
        16384          100       103.66       103.66       103.66
        32768          100       103.50       103.51       103.50
        65536          100       104.27       104.27       104.27
       131072          100       103.79       103.80       103.79
       262144          100       102.99       102.99       102.99
       524288           80       103.10       103.10       103.10
      1048576           40       103.80       103.80       103.80
      2097152           20       111.70       111.76       111.73
      4194304           10       102.81       102.81       102.81

#---------------------------------------------------
# Benchmarking Unidir_Get 
# #processes = 2 
#---------------------------------------------------
#
#    MODE: AGGREGATE 
#
       #bytes #repetitions      t[usec]   Mbytes/sec
            0         1000         0.18         0.00
            4         1000         7.23         0.55
            8         1000         7.02         1.14
           16         1000         7.18         2.23
           32         1000         7.00         4.57
           64         1000         7.02         9.12
          128         1000         7.11        18.00
          256         1000         7.19        35.61
          512         1000         7.40        69.15
         1024         1000         8.31       123.20
         2048         1000         9.02       226.93
         4096         1000        12.92       316.91
         8192         1000        14.12       580.20
        16384         1000        19.50       840.34
        32768         1000        24.87      1317.53
        65536          640        69.01       949.71
       131072          320       157.89       830.15
       262144          160       885.54       296.03
       524288           80      2012.56       260.51
      1048576           40      5449.18       192.43
      2097152           20     15474.25       135.53
      4194304           10     25251.60       166.10

#---------------------------------------------------
# Benchmarking Unidir_Get 
# #processes = 2 
#---------------------------------------------------
#
#    MODE: NON-AGGREGATE 
#
       #bytes #repetitions      t[usec]   Mbytes/sec
            0          100        21.12         0.00
            4          100        44.57         0.09
            8          100        44.77         0.18
           16          100        45.01         0.36
           32          100        45.40         0.70
           64          100        45.40         1.41
          128          100        45.92         2.79
          256          100        46.14         5.55
          512          100        46.18        11.09
         1024          100        46.80        21.88
         2048          100        47.25        43.34
         4096          100        50.79        80.65
         8192          100        53.39       153.43
        16384          100        56.96       287.65
        32768          100        63.44       516.53
        65536          100        92.59       707.81
       131072          100       119.56      1096.29
       262144          100       192.18      1364.06
       524288           80       406.20      1290.71
      1048576           40       701.40      1494.97
      2097152           20      3940.70       532.18
      4194304           10     35671.19       117.58

#---------------------------------------------------
# Benchmarking Unidir_Put 
# #processes = 2 
#---------------------------------------------------
#
#    MODE: AGGREGATE 
#
       #bytes #repetitions      t[usec]   Mbytes/sec
            0         1000         0.18         0.00
            4         1000         2.53         1.58
            8         1000         2.58         3.10
           16         1000         3.11         5.14
           32         1000         3.39         9.43
           64         1000         3.20        20.03
          128         1000         3.88        32.97
          256         1000         4.02        63.70
          512         1000         4.02       127.43
         1024         1000         4.27       239.70
         2048         1000         4.85       422.53
         4096         1000         6.28       652.04
         8192         1000         9.30       880.84
        16384         1000        11.87      1379.83
        32768         1000        19.77      1657.31
        65536          640        22.83      2870.27
       131072          320       100.57      1303.30
       262144          160        43.78      5988.42
       524288           80        64.20      8166.46
      1048576           40       108.83      9635.33
      2097152           20      1382.40      1517.04
      4194304           10      3128.91      1340.50

#---------------------------------------------------
# Benchmarking Unidir_Put 
# #processes = 2 
#---------------------------------------------------
#
#    MODE: NON-AGGREGATE 
#
       #bytes #repetitions      t[usec]   Mbytes/sec
            0          100        20.84         0.00
            4          100        35.41         0.11
            8          100        35.28         0.23
           16          100        36.48         0.44
           32          100        36.50         0.88
           64          100        36.94         1.73
          128          100        37.05         3.45
          256          100        37.09         6.90
          512          100        37.20        13.76
         1024          100        37.33        27.43
         2048          100        37.88        54.07
         4096          100        41.75        98.10
         8192          100        44.42       184.42
        16384          100        47.37       345.88
        32768          100        52.21       627.63
        65536          100        56.28      1164.49
       131072          100        75.69      1731.68
       262144          100       102.13      2566.73
       524288           80       125.37      4181.85
      1048576           40       178.65      5869.54
      2097152           20      1428.00      1468.60
      4194304           10      3300.31      1270.88

#---------------------------------------------------
# Benchmarking Bidir_Get 
# #processes = 2 
#---------------------------------------------------
#
#    MODE: AGGREGATE 
#
       #bytes #repetitions      t[usec]   Mbytes/sec
            0         1000         0.18         0.00
            4         1000        13.43         0.30
            8         1000        13.32         0.60
           16         1000        14.14         1.13
           32         1000        14.32         2.23
           64         1000        15.49         4.13
          128         1000        15.13         8.46
          256         1000        15.20        16.84
          512         1000        15.98        32.04
         1024         1000        17.84        57.39
         2048         1000        19.75       103.71
         4096         1000        25.81       158.67
         8192         1000        32.61       251.24
        16384         1000        62.38       262.67
        32768         1000       109.05       300.49
        65536          640       184.05       356.08
       131072          320       324.54       403.87
       262144          160       690.74       379.51
       524288           80      1961.99       267.22
      1048576           40      4206.57       249.27
      2097152           20     14650.91       143.14
      4194304           10     18009.69       232.89

#---------------------------------------------------
# Benchmarking Bidir_Get 
# #processes = 2 
#---------------------------------------------------
#
#    MODE: NON-AGGREGATE 
#
       #bytes #repetitions      t[usec]   Mbytes/sec
            0          100        26.70         0.00
            4          100        68.62         0.06
            8          100        67.79         0.12
           16          100        69.70         0.23
           32          100        69.73         0.46
           64          100       101.18         0.63
          128          100        70.67         1.81
          256          100        71.65         3.57
          512          100        71.55         7.16
         1024          100        71.71        14.28
         2048          100        72.59        28.21
         4096          100        77.77        52.67
         8192          100        84.85        96.55
        16384          100        91.36       179.34
        32768          100       105.00       312.08
        65536          100       142.00       461.52
       131072          100       190.83       686.85
       262144          100       330.07       794.20
       524288           80       520.14      1007.98
      1048576           40       801.98      1307.48
      2097152           20      4120.40       508.97
      4194304           10     12165.02       344.78

#---------------------------------------------------
# Benchmarking Bidir_Put 
# #processes = 2 
#---------------------------------------------------
#
#    MODE: AGGREGATE 
#
       #bytes #repetitions      t[usec]   Mbytes/sec
            0         1000         0.18         0.00
            4         1000         7.64         0.52
            8         1000         7.25         1.10
           16         1000         8.73         1.83
           32         1000         8.84         3.62
           64         1000         8.61         7.43
          128         1000         9.38        13.64
          256         1000         9.44        27.12
          512         1000        10.27        49.87
         1024         1000        11.33        90.42
         2048         1000        12.86       159.29
         4096         1000        17.86       229.28
         8192         1000        29.86       274.37
        16384         1000        62.97       260.21
        32768         1000       123.65       265.01
        65536          640       169.11       387.54
       131072          320       243.71       537.81
       262144          160        68.96      3801.25
       524288           80        97.33      5386.96
      1048576           40       144.28      7267.70
      2097152           20      1578.35      1328.69
      4194304           10      3546.88      1182.53

#---------------------------------------------------
# Benchmarking Bidir_Put 
# #processes = 2 
#---------------------------------------------------
#
#    MODE: NON-AGGREGATE 
#
       #bytes #repetitions      t[usec]   Mbytes/sec
            0          100        21.34         0.00
            4          100        47.66         0.08
            8          100        47.53         0.17
           16          100        49.87         0.32
           32          100        50.16         0.64
           64          100        50.61         1.26
          128          100        51.28         2.50
          256          100        51.10         5.01
          512          100        51.63         9.92
         1024          100        51.92        19.72
         2048          100        52.72        38.85
         4096          100        56.21        72.87
         8192          100        62.57       130.92
        16384          100        69.07       237.21
        32768          100        80.26       408.27
        65536          100        90.92       720.80
       131072          100       111.72      1173.21
       262144          100       122.01      2148.53
       524288           80       148.79      3523.72
      1048576           40       231.10      4537.34
      2097152           20      1609.75      1302.78
      4194304           10      3493.81      1200.50

#----------------------------------------------------------------
# Benchmarking Accumulate 
# #processes = 2 
#----------------------------------------------------------------
#
#    MODE: AGGREGATE 
#
       #bytes #repetitions  t_min[usec]  t_max[usec]  t_avg[usec]
            0         1000         0.18         0.19         0.18
            4         1000         2.94         2.95         2.95
            8         1000         2.84         2.84         2.84
           16         1000         3.71         3.71         3.71
           32         1000         3.74         3.75         3.75
           64         1000         3.76         3.76         3.76
          128         1000         4.48         4.49         4.49
          256         1000         4.54         4.55         4.54
          512         1000         4.80         4.81         4.80
         1024         1000         5.07         5.10         5.08
         2048         1000         5.80         5.82         5.81
         4096         1000         7.38         7.40         7.39
         8192         1000        11.87        11.88        11.88
        16384         1000        17.98        17.99        17.99
        32768         1000        30.45        30.48        30.46
        65536          640        45.98        46.01        46.00
       131072          320       145.64       166.40       156.02
       262144          160       587.66       668.42       628.04
       524288           80      1310.54      1405.84      1358.19
      1048576           40      3100.25      3100.62      3100.43
      2097152           20      5997.85      5998.60      5998.22
      4194304           10     10764.38     10766.60     10765.49

#----------------------------------------------------------------
# Benchmarking Accumulate 
# #processes = 2 
#----------------------------------------------------------------
#
#    MODE: NON-AGGREGATE 
#
       #bytes #repetitions  t_min[usec]  t_max[usec]  t_avg[usec]
            0          100        23.84        23.93        23.88
            4          100        36.80        36.84        36.82
            8          100        36.42        36.46        36.44
           16          100        38.41        38.46        38.44
           32          100        38.44        38.50        38.47
           64          100        38.41        38.47        38.44
          128          100        38.76        38.82        38.79
          256          100        38.88        38.94        38.91
          512          100        38.99        39.05        39.02
         1024          100        39.17        39.23        39.20
         2048          100        39.55        39.60        39.58
         4096          100        43.29        43.35        43.32
         8192          100        47.76        47.87        47.81
        16384          100        53.15        53.32        53.23
        32768          100        64.60        64.84        64.72
        65536          100        90.57        90.87        90.72
       131072          100       153.91       154.55       154.23
       262144          100       247.08       248.02       247.55
       524288           80       655.91       658.35       657.13
      1048576           40      1079.40      1089.17      1084.29
      2097152           20      4867.46      4911.65      4889.55
      4194304           10      9451.79      9639.98      9545.89


# All processes entering MPI_Finalize

