#------------------------------------------------------------
#    Intel (R) MPI Benchmarks 2018 Update 1, MPI-2 part    
#------------------------------------------------------------
# Date                  : Thu Nov 30 16:58:32 2017
# Machine               : x86_64
# System                : Linux
# Release               : 4.4.74-92.35-default
# Version               : #1 SMP Mon Aug 7 18:24:48 UTC 2017 (c0fdc47)
# MPI Version           : 3.1
# MPI Thread Environment: 


# Calling sequence was: 

# ./IMB-EXT

# Minimum message length in bytes:   0
# Maximum message length in bytes:   4194304
#
# MPI_Datatype                   :   MPI_BYTE 
# MPI_Datatype for reductions    :   MPI_FLOAT
# MPI_Op                         :   MPI_SUM  
#
#

# List of Benchmarks to run:

# Window
# Unidir_Get
# Unidir_Put
# Bidir_Get
# Bidir_Put
# Accumulate

#----------------------------------------------------------------
# Benchmarking Window 
# #processes = 2 
# ( 2 additional processes waiting in MPI_Barrier)
#----------------------------------------------------------------
       #bytes #repetitions  t_min[usec]  t_max[usec]  t_avg[usec]
            0          100       101.13       101.14       101.14
            4          100       105.56       105.57       105.57
            8          100       103.11       103.13       103.12
           16          100       102.72       102.73       102.73
           32          100       102.52       102.53       102.52
           64          100       103.01       103.04       103.02
          128          100       102.83       102.84       102.84
          256          100       102.10       102.11       102.11
          512          100       102.58       102.60       102.59
         1024          100       103.35       103.37       103.36
         2048          100       103.00       103.02       103.01
         4096          100       103.01       103.02       103.01
         8192          100       103.45       103.47       103.46
        16384          100       106.12       106.16       106.14
        32768          100       103.55       103.58       103.57
        65536          100       104.08       104.09       104.09
       131072          100       104.68       104.70       104.69
       262144          100       103.88       103.89       103.88
       524288           80       104.04       104.06       104.05
      1048576           40       105.02       105.05       105.04
      2097152           20       108.50       108.55       108.53
      4194304           10       114.82       114.89       114.86

#----------------------------------------------------------------
# Benchmarking Window 
# #processes = 4 
#----------------------------------------------------------------
       #bytes #repetitions  t_min[usec]  t_max[usec]  t_avg[usec]
            0          100       146.51       146.52       146.51
            4          100       145.50       145.51       145.51
            8          100       143.84       143.86       143.86
           16          100       144.75       144.76       144.76
           32          100       142.96       142.98       142.97
           64          100       143.70       143.72       143.71
          128          100       143.98       143.99       143.98
          256          100       143.09       143.11       143.10
          512          100       142.54       142.60       142.57
         1024          100       144.92       144.94       144.93
         2048          100       145.06       145.08       145.07
         4096          100       162.08       162.10       162.09
         8192          100       144.38       144.39       144.38
        16384          100       146.73       146.75       146.74
        32768          100       144.75       144.76       144.76
        65536          100       144.82       144.83       144.83
       131072          100       144.49       144.50       144.50
       262144          100       144.19       144.24       144.21
       524288           80       148.53       148.54       148.53
      1048576           40       145.13       145.17       145.15
      2097152           20       144.30       144.74       144.55
      4194304           10       156.00       156.50       156.25

#---------------------------------------------------
# Benchmarking Unidir_Get 
# #processes = 2 
# ( 2 additional processes waiting in MPI_Barrier)
#---------------------------------------------------
#
#    MODE: AGGREGATE 
#
       #bytes #repetitions      t[usec]   Mbytes/sec
            0         1000         0.18         0.00
            4         1000         7.69         0.52
            8         1000         7.74         1.03
           16         1000         7.68         2.08
           32         1000         7.47         4.29
           64         1000         7.53         8.50
          128         1000         7.55        16.95
          256         1000         7.80        32.81
          512         1000         8.04        63.69
         1024         1000         8.97       114.20
         2048         1000         9.96       205.58
         4096         1000        13.92       294.36
         8192         1000        15.41       531.46
        16384         1000        21.05       778.15
        32768         1000        26.44      1239.38
        65536          640        73.57       890.80
       131072          320       155.53       842.74
       262144          160       747.32       350.78
       524288           80      1545.89       339.15
      1048576           40      3520.75       297.83
      2097152           20      9512.40       220.47
      4194304           10     13975.19       300.12

#---------------------------------------------------
# Benchmarking Unidir_Get 
# #processes = 2 
# ( 2 additional processes waiting in MPI_Barrier)
#---------------------------------------------------
#
#    MODE: NON-AGGREGATE 
#
       #bytes #repetitions      t[usec]   Mbytes/sec
            0          100        20.92         0.00
            4          100        44.94         0.09
            8          100        44.79         0.18
           16          100        45.36         0.35
           32          100        45.96         0.70
           64          100        45.97         1.39
          128          100        46.37         2.76
          256          100        46.28         5.53
          512          100        47.87        10.70
         1024          100        47.02        21.78
         2048          100        47.96        42.70
         4096          100        50.40        81.27
         8192          100        53.78       152.32
        16384          100        58.23       281.36
        32768          100        64.15       510.79
        65536          100        98.53       665.13
       131072          100       126.70      1034.50
       262144          100       200.49      1307.51
       524288           80       469.96      1115.59
      1048576           40       797.25      1315.24
      2097152           20      3706.85       565.75
      4194304           10     19598.29       214.01

#---------------------------------------------------
# Benchmarking Unidir_Put 
# #processes = 2 
# ( 2 additional processes waiting in MPI_Barrier)
#---------------------------------------------------
#
#    MODE: AGGREGATE 
#
       #bytes #repetitions      t[usec]   Mbytes/sec
            0         1000         0.18         0.00
            4         1000         2.61         1.53
            8         1000         2.61         3.07
           16         1000         3.08         5.19
           32         1000         3.30         9.71
           64         1000         3.23        19.82
          128         1000         3.95        32.38
          256         1000         3.97        64.45
          512         1000         4.01       127.81
         1024         1000         4.35       235.24
         2048         1000         4.95       413.49
         4096         1000         6.56       624.02
         8192         1000         9.67       846.99
        16384         1000        12.68      1292.33
        32768         1000        21.16      1548.66
        65536          640        23.89      2742.82
       131072          320       115.43      1135.49
       262144          160        46.94      5584.29
       524288           80        67.16      7806.26
      1048576           40       112.05      9358.04
      2097152           20       193.25     10852.01
      4194304           10       376.70     11134.29

#---------------------------------------------------
# Benchmarking Unidir_Put 
# #processes = 2 
# ( 2 additional processes waiting in MPI_Barrier)
#---------------------------------------------------
#
#    MODE: NON-AGGREGATE 
#
       #bytes #repetitions      t[usec]   Mbytes/sec
            0          100        22.85         0.00
            4          100        35.56         0.11
            8          100        36.24         0.22
           16          100        36.63         0.44
           32          100        36.84         0.87
           64          100        36.79         1.74
          128          100        37.11         3.45
          256          100        37.15         6.89
          512          100        37.37        13.70
         1024          100        37.71        27.15
         2048          100        38.52        53.17
         4096          100        42.02        97.47
         8192          100        45.31       180.80
        16384          100        48.81       335.66
        32768          100        54.57       600.46
        65536          100        59.08      1109.27
       131072          100        77.38      1693.90
       262144          100       107.68      2434.49
       524288           80       165.06      3176.29
      1048576           40       189.30      5539.10
      2097152           20       261.89      8007.73
      4194304           10       442.89      9470.38

#---------------------------------------------------
# Benchmarking Bidir_Get 
# #processes = 2 
# ( 2 additional processes waiting in MPI_Barrier)
#---------------------------------------------------
#
#    MODE: AGGREGATE 
#
       #bytes #repetitions      t[usec]   Mbytes/sec
            0         1000         0.20         0.00
            4         1000        14.42         0.28
            8         1000        14.37         0.56
           16         1000        16.00         1.00
           32         1000        15.46         2.07
           64         1000        15.70         4.08
          128         1000        15.96         8.02
          256         1000        16.31        15.69
          512         1000        16.86        30.36
         1024         1000        18.05        56.72
         2048         1000        19.44       105.35
         4096         1000        29.00       141.25
         8192         1000        37.22       220.11
        16384         1000        67.88       241.38
        32768         1000       114.27       286.75
        65536          640       210.97       310.64
       131072          320       371.45       352.87
       262144          160       639.57       409.88
       524288           80      1596.96       328.30
      1048576           40      3535.50       296.58
      2097152           20      7893.05       265.70
      4194304           10     16861.61       248.75

#---------------------------------------------------
# Benchmarking Bidir_Get 
# #processes = 2 
# ( 2 additional processes waiting in MPI_Barrier)
#---------------------------------------------------
#
#    MODE: NON-AGGREGATE 
#
       #bytes #repetitions      t[usec]   Mbytes/sec
            0          100        21.26         0.00
            4          100        55.80         0.07
            8          100        55.65         0.14
           16          100        57.13         0.28
           32          100        57.04         0.56
           64          100        56.76         1.13
          128          100        57.77         2.22
          256          100        57.88         4.42
          512          100        58.63         8.73
         1024          100        58.89        17.39
         2048          100        59.31        34.53
         4096          100        63.96        64.04
         8192          100        70.40       116.36
        16384          100        76.37       214.53
        32768          100        88.55       370.05
        65536          100       122.93       533.11
       131072          100       247.01       530.64
       262144          100       378.43       692.71
       524288           80       588.99       890.15
      1048576           40       884.38      1185.67
      2097152           20      3418.35       613.50
      4194304           10      9550.81       439.16

#---------------------------------------------------
# Benchmarking Bidir_Put 
# #processes = 2 
# ( 2 additional processes waiting in MPI_Barrier)
#---------------------------------------------------
#
#    MODE: AGGREGATE 
#
       #bytes #repetitions      t[usec]   Mbytes/sec
            0         1000         0.18         0.00
            4         1000         8.14         0.49
            8         1000         7.72         1.04
           16         1000         9.05         1.77
           32         1000         9.09         3.52
           64         1000        10.50         6.09
          128         1000         9.72        13.16
          256         1000         9.99        25.62
          512         1000        11.07        46.26
         1024         1000        12.35        82.94
         2048         1000        15.26       134.18
         4096         1000        18.19       225.22
         8192         1000        25.45       321.89
        16384         1000        66.84       245.11
        32768         1000       112.35       291.65
        65536          640       181.59       360.90
       131072          320       270.38       484.77
       262144          160        72.26      3627.70
       524288           80        96.14      5453.59
      1048576           40       144.13      7275.21
      2097152           20       207.50     10106.97
      4194304           10       415.09     10104.64

#---------------------------------------------------
# Benchmarking Bidir_Put 
# #processes = 2 
# ( 2 additional processes waiting in MPI_Barrier)
#---------------------------------------------------
#
#    MODE: NON-AGGREGATE 
#
       #bytes #repetitions      t[usec]   Mbytes/sec
            0          100        20.24         0.00
            4          100        47.63         0.08
            8          100        48.18         0.17
           16          100        49.94         0.32
           32          100        50.37         0.64
           64          100        50.14         1.28
          128          100        50.84         2.52
          256          100        51.04         5.02
          512          100        51.92         9.86
         1024          100        51.72        19.80
         2048          100        52.79        38.80
         4096          100        57.14        71.68
         8192          100        62.51       131.05
        16384          100        69.63       235.30
        32768          100        82.15       398.88
        65536          100        94.78       691.46
       131072          100       116.22      1127.80
       262144          100       120.89      2168.45
       524288           80       144.93      3617.63
      1048576           40       194.70      5385.64
      2097152           20       277.15      7566.86
      4194304           10       467.61      8969.66

#----------------------------------------------------------------
# Benchmarking Accumulate 
# #processes = 2 
# ( 2 additional processes waiting in MPI_Barrier)
#----------------------------------------------------------------
#
#    MODE: AGGREGATE 
#
       #bytes #repetitions  t_min[usec]  t_max[usec]  t_avg[usec]
            0         1000         0.22         0.23         0.23
            4         1000         3.10         3.10         3.10
            8         1000         3.02         3.03         3.02
           16         1000         3.80         3.81         3.80
           32         1000         3.82         3.82         3.82
           64         1000         3.82         3.83         3.82
          128         1000         4.49         4.50         4.50
          256         1000         4.61         4.63         4.62
          512         1000         4.83         4.86         4.84
         1024         1000         5.28         5.31         5.30
         2048         1000         5.94         5.96         5.95
         4096         1000         7.82         7.84         7.83
         8192         1000        12.03        12.05        12.04
        16384         1000        17.93        17.94        17.93
        32768         1000        29.98        30.00        29.99
        65536          640        46.87        46.90        46.89
       131072          320       154.91       176.51       165.71
       262144          160       604.57       691.47       648.02
       524288           80      1588.68      1589.01      1588.84
      1048576           40      2987.47      2988.40      2987.94
      2097152           20      6361.25      6362.84      6362.04
      4194304           10     11479.21     12335.09     11907.15

#----------------------------------------------------------------
# Benchmarking Accumulate 
# #processes = 2 
# ( 2 additional processes waiting in MPI_Barrier)
#----------------------------------------------------------------
#
#    MODE: NON-AGGREGATE 
#
       #bytes #repetitions  t_min[usec]  t_max[usec]  t_avg[usec]
            0          100        21.00        21.09        21.05
            4          100        36.23        36.78        36.51
            8          100        36.29        36.38        36.33
           16          100        37.94        38.08        38.01
           32          100        38.01        38.10        38.06
           64          100        37.91        37.98        37.95
          128          100        38.60        38.66        38.63
          256          100        38.49        38.55        38.52
          512          100        38.39        38.46        38.42
         1024          100        38.95        38.99        38.97
         2048          100        39.55        39.61        39.58
         4096          100        43.29        43.34        43.31
         8192          100        48.15        48.26        48.20
        16384          100        54.08        54.26        54.17
        32768          100        66.47        66.72        66.59
        65536          100        92.33        92.62        92.48
       131072          100       150.80       151.35       151.08
       262144          100       253.11       253.78       253.44
       524288           80       694.33       696.33       695.33
      1048576           40      1124.33      1134.93      1129.63
      2097152           20      5742.96      5790.29      5766.62
      4194304           10      9499.69      9702.52      9601.10

#----------------------------------------------------------------
# Benchmarking Accumulate 
# #processes = 4 
#----------------------------------------------------------------
#
#    MODE: AGGREGATE 
#
       #bytes #repetitions  t_min[usec]  t_max[usec]  t_avg[usec]
            0         1000         0.19         0.19         0.19
            4         1000         7.63         7.69         7.67
            8         1000         7.64         7.70         7.67
           16         1000        10.14        10.42        10.28
           32         1000        10.44        10.51        10.48
           64         1000        10.10        10.16        10.13
          128         1000        12.34        12.41        12.38
          256         1000        12.40        12.52        12.46
          512         1000        13.77        13.88        13.83
         1024         1000        13.46        13.53        13.49
         2048         1000        14.78        14.88        14.83
         4096         1000        19.25        19.33        19.29
         8192         1000        33.31        33.45        33.37
        16384         1000        47.35        48.37        47.85
        32768         1000        79.83        80.02        79.91
        65536          640       126.75       127.03       126.91
       131072          320       543.34       606.62       559.54
       262144          160      1219.53      1483.72      1285.58
       524288           80      1980.92      3235.52      2556.95
      1048576           40      4985.60      6583.08      5406.74
      2097152           20      9867.10     13214.96     11611.52
      4194304           10     19523.19     26188.21     23071.30

#----------------------------------------------------------------
# Benchmarking Accumulate 
# #processes = 4 
#----------------------------------------------------------------
#
#    MODE: NON-AGGREGATE 
#
       #bytes #repetitions  t_min[usec]  t_max[usec]  t_avg[usec]
            0          100        33.80        33.92        33.88
            4          100        59.93        60.18        60.05
            8          100        60.09        60.35        60.22
           16          100        60.21        60.56        60.34
           32          100        60.75        61.02        60.84
           64          100        60.02        60.42        60.20
          128          100        61.14        61.43        61.24
          256          100        61.72        62.07        61.91
          512          100        62.83        63.09        62.92
         1024          100        63.18        63.44        63.25
         2048          100        65.42        65.72        65.57
         4096          100        70.38        70.65        70.46
         8192          100        85.18        85.58        85.31
        16384          100       100.67       101.12       100.82
        32768          100       131.40       132.03       131.61
        65536          100       196.82       197.70       197.18
       131072          100       381.20       383.19       382.05
       262144          100       502.86       505.22       503.98
       524288           80      1248.32      1256.66      1250.46
      1048576           40      7184.10      7226.65      7200.82
      2097152           20     12405.35     12632.95     12493.68
      4194304           10     33367.30     34665.92     33996.53


# All processes entering MPI_Finalize

