#------------------------------------------------------------
#    Intel (R) MPI Benchmarks 2018 Update 1, MPI-2 part    
#------------------------------------------------------------
# Date                  : Thu Nov 30 17:47:23 2017
# Machine               : x86_64
# System                : Linux
# Release               : 4.4.74-92.35-default
# Version               : #1 SMP Mon Aug 7 18:24:48 UTC 2017 (c0fdc47)
# MPI Version           : 3.1
# MPI Thread Environment: 


# Calling sequence was: 

# ./IMB-EXT

# Minimum message length in bytes:   0
# Maximum message length in bytes:   4194304
#
# MPI_Datatype                   :   MPI_BYTE 
# MPI_Datatype for reductions    :   MPI_FLOAT
# MPI_Op                         :   MPI_SUM  
#
#

# List of Benchmarks to run:

# Window
# Unidir_Get
# Unidir_Put
# Bidir_Get
# Bidir_Put
# Accumulate

#----------------------------------------------------------------
# Benchmarking Window 
# #processes = 2 
# ( 62 additional processes waiting in MPI_Barrier)
#----------------------------------------------------------------
       #bytes #repetitions  t_min[usec]  t_max[usec]  t_avg[usec]
            0          100       107.16       107.17       107.16
            4          100       107.37       107.39       107.38
            8          100       107.06       107.07       107.07
           16          100       106.80       106.80       106.80
           32          100       106.63       106.63       106.63
           64          100       106.63       106.63       106.63
          128          100       106.71       106.72       106.71
          256          100       107.63       107.63       107.63
          512          100       106.78       106.80       106.79
         1024          100       107.30       107.30       107.30
         2048          100       107.77       107.77       107.77
         4096          100       107.85       107.85       107.85
         8192          100       107.73       107.73       107.73
        16384          100       107.55       107.55       107.55
        32768          100       107.97       107.98       107.98
        65536          100       108.33       108.34       108.34
       131072          100       108.64       108.64       108.64
       262144          100       107.61       107.61       107.61
       524288           80       107.57       107.59       107.58
      1048576           40       108.52       108.53       108.53
      2097152           20       109.10       109.30       109.20
      4194304           10       113.20       113.32       113.26

#----------------------------------------------------------------
# Benchmarking Window 
# #processes = 4 
# ( 60 additional processes waiting in MPI_Barrier)
#----------------------------------------------------------------
       #bytes #repetitions  t_min[usec]  t_max[usec]  t_avg[usec]
            0          100       154.39       154.41       154.41
            4          100       156.70       156.73       156.72
            8          100       155.48       155.50       155.49
           16          100       152.21       152.23       152.22
           32          100       151.38       151.40       151.40
           64          100       152.23       152.26       152.25
          128          100       150.99       151.01       151.00
          256          100       150.73       150.75       150.74
          512          100       152.11       152.12       152.12
         1024          100       150.97       150.98       150.98
         2048          100       151.38       151.39       151.39
         4096          100       151.08       151.09       151.08
         8192          100       151.49       151.51       151.50
        16384          100       151.31       151.33       151.32
        32768          100       154.42       154.44       154.43
        65536          100       155.21       155.24       155.23
       131072          100       152.81       152.83       152.82
       262144          100       152.95       152.95       152.95
       524288           80       152.92       152.94       152.93
      1048576           40       159.17       159.20       159.18
      2097152           20       156.90       157.00       156.96
      4194304           10       155.09       155.31       155.25

#----------------------------------------------------------------
# Benchmarking Window 
# #processes = 8 
# ( 56 additional processes waiting in MPI_Barrier)
#----------------------------------------------------------------
       #bytes #repetitions  t_min[usec]  t_max[usec]  t_avg[usec]
            0          100       204.84       204.86       204.85
            4          100       226.66       226.71       226.69
            8          100       207.06       207.10       207.08
           16          100       206.04       206.09       206.07
           32          100       205.82       205.85       205.84
           64          100       205.16       205.21       205.18
          128          100       205.30       205.34       205.32
          256          100       205.34       205.38       205.37
          512          100       205.36       205.43       205.39
         1024          100       208.14       208.19       208.16
         2048          100       205.49       205.52       205.51
         4096          100       204.42       204.45       204.43
         8192          100       205.87       205.91       205.89
        16384          100       203.90       203.94       203.93
        32768          100       206.09       206.13       206.10
        65536          100       213.89       213.94       213.92
       131072          100       206.97       206.98       206.97
       262144          100       207.87       207.88       207.88
       524288           80       205.84       205.86       205.85
      1048576           40       210.48       210.60       210.54
      2097152           20       210.39       210.61       210.50
      4194304           10       215.51       215.82       215.68

#----------------------------------------------------------------
# Benchmarking Window 
# #processes = 16 
# ( 48 additional processes waiting in MPI_Barrier)
#----------------------------------------------------------------
       #bytes #repetitions  t_min[usec]  t_max[usec]  t_avg[usec]
            0          100       272.97       272.99       272.98
            4          100       269.14       269.97       269.73
            8          100       264.45       264.52       264.49
           16          100       280.59       280.63       280.61
           32          100       265.97       266.07       266.01
           64          100       264.20       264.44       264.32
          128          100       264.74       264.93       264.82
          256          100       262.36       262.45       262.41
          512          100       261.75       261.82       261.79
         1024          100       265.58       265.96       265.76
         2048          100       261.36       261.54       261.49
         4096          100       259.95       260.00       259.98
         8192          100       262.63       262.82       262.67
        16384          100       288.74       288.80       288.78
        32768          100       280.98       281.02       281.00
        65536          100       277.52       277.75       277.68
       131072          100       264.26       264.52       264.48
       262144          100       264.70       264.79       264.75
       524288           80       263.40       263.44       263.42
      1048576           40       276.48       276.63       276.54
      2097152           20       273.00       273.25       273.11
      4194304           10       277.81       278.21       278.03

#----------------------------------------------------------------
# Benchmarking Window 
# #processes = 32 
# ( 32 additional processes waiting in MPI_Barrier)
#----------------------------------------------------------------
       #bytes #repetitions  t_min[usec]  t_max[usec]  t_avg[usec]
            0          100       354.93       355.02       354.98
            4          100       350.42       350.74       350.48
            8          100       360.40       360.46       360.43
           16          100       347.89       348.07       348.02
           32          100       346.21       346.28       346.24
           64          100       344.42       344.48       344.45
          128          100       342.33       342.44       342.39
          256          100       342.89       342.97       342.93
          512          100       343.45       343.52       343.48
         1024          100       337.98       338.02       338.00
         2048          100       353.24       353.84       353.60
         4096          100       340.92       341.29       341.21
         8192          100       338.51       338.61       338.57
        16384          100       355.18       355.45       355.33
        32768          100       341.06       341.37       341.24
        65536          100       353.14       353.23       353.19
       131072          100       371.74       371.79       371.76
       262144          100       359.44       359.56       359.50
       524288           80       343.76       343.84       343.80
      1048576           40       351.88       352.00       351.94
      2097152           20       364.60       365.00       364.81
      4194304           10       418.28       421.50       418.66

#----------------------------------------------------------------
# Benchmarking Window 
# #processes = 64 
#----------------------------------------------------------------
       #bytes #repetitions  t_min[usec]  t_max[usec]  t_avg[usec]
            0          100       472.95       473.26       473.21
            4          100       453.17       453.26       453.21
            8          100       460.14       460.51       460.46
           16          100       465.61       465.67       465.64
           32          100       447.08       447.34       447.14
           64          100       440.83       441.24       441.18
          128          100       437.04       437.28       437.06
          256          100       438.78       439.20       438.83
          512          100       432.93       433.32       433.11
         1024          100       434.48       434.54       434.52
         2048          100       449.12       449.49       449.18
         4096          100       433.13       433.36       433.16
         8192          100       432.52       433.00       432.77
        16384          100       426.94       427.07       427.01
        32768          100       468.48       468.88       468.53
        65536          100       510.95       511.34       511.03
       131072          100       442.21       442.35       442.23
       262144          100       792.27       793.04       792.44
       524288           80       475.94       476.66       476.32
      1048576           40       462.35       463.05       462.42
      2097152           20       491.64       492.75       492.50
      4194304           10       525.50       530.29       529.64

#---------------------------------------------------
# Benchmarking Unidir_Get 
# #processes = 2 
# ( 62 additional processes waiting in MPI_Barrier)
#---------------------------------------------------
#
#    MODE: AGGREGATE 
#
       #bytes #repetitions      t[usec]   Mbytes/sec
            0         1000         0.18         0.00
            4         1000         7.79         0.51
            8         1000         7.64         1.05
           16         1000         7.78         2.06
           32         1000         7.58         4.22
           64         1000         7.63         8.39
          128         1000         7.49        17.09
          256         1000         7.60        33.68
          512         1000         8.11        63.12
         1024         1000         9.19       111.43
         2048         1000        10.31       198.72
         4096         1000        14.07       291.20
         8192         1000        17.29       473.88
        16384         1000        20.70       791.31
        32768         1000        27.77      1180.19
        65536          640        72.30       906.43
       131072          320       140.31       934.16
       262144          160       645.43       406.16
       524288           80      1398.04       375.02
      1048576           40      2826.43       370.99
      2097152           20      7372.50       284.46
      4194304           10     11911.42       352.12

#---------------------------------------------------
# Benchmarking Unidir_Get 
# #processes = 2 
# ( 62 additional processes waiting in MPI_Barrier)
#---------------------------------------------------
#
#    MODE: NON-AGGREGATE 
#
       #bytes #repetitions      t[usec]   Mbytes/sec
            0          100        20.99         0.00
            4          100        45.45         0.09
            8          100        45.52         0.18
           16          100        46.60         0.34
           32          100        46.38         0.69
           64          100        46.42         1.38
          128          100        47.29         2.71
          256          100        47.08         5.44
          512          100        47.68        10.74
         1024          100        47.67        21.48
         2048          100        49.02        41.78
         4096          100        51.62        79.35
         8192          100        55.12       148.62
        16384          100        59.04       277.51
        32768          100        66.96       489.35
        65536          100        94.94       690.30
       131072          100       125.49      1044.49
       262144          100       192.69      1360.44
       524288           80       445.79      1176.10
      1048576           40       774.20      1354.40
      2097152           20      1289.61      1626.20
      4194304           10     18277.00       229.49

#---------------------------------------------------
# Benchmarking Unidir_Put 
# #processes = 2 
# ( 62 additional processes waiting in MPI_Barrier)
#---------------------------------------------------
#
#    MODE: AGGREGATE 
#
       #bytes #repetitions      t[usec]   Mbytes/sec
            0         1000         0.23         0.00
            4         1000         2.73         1.46
            8         1000         2.64         3.03
           16         1000         3.14         5.10
           32         1000         3.39         9.44
           64         1000         3.31        19.34
          128         1000         4.02        31.86
          256         1000         4.08        62.79
          512         1000         4.10       125.00
         1024         1000         4.38       233.52
         2048         1000         5.03       407.16
         4096         1000         6.55       625.27
         8192         1000         9.65       848.91
        16384         1000        12.68      1292.23
        32768         1000        21.29      1539.05
        65536          640        24.17      2711.79
       131072          320       113.02      1159.71
       262144          160        36.32      7216.71
       524288           80        52.39     10008.07
      1048576           40        88.95     11787.85
      2097152           20       174.45     12021.45
      4194304           10       348.81     12024.73

#---------------------------------------------------
# Benchmarking Unidir_Put 
# #processes = 2 
# ( 62 additional processes waiting in MPI_Barrier)
#---------------------------------------------------
#
#    MODE: NON-AGGREGATE 
#
       #bytes #repetitions      t[usec]   Mbytes/sec
            0          100        21.34         0.00
            4          100        36.74         0.11
            8          100        42.71         0.19
           16          100        39.38         0.41
           32          100        38.34         0.83
           64          100        38.05         1.68
          128          100        38.53         3.32
          256          100        39.57         6.47
          512          100        39.18        13.07
         1024          100        39.05        26.22
         2048          100        39.60        51.72
         4096          100        43.72        93.68
         8192          100        47.24       173.42
        16384          100        50.57       324.00
        32768          100        56.45       580.47
        65536          100        60.14      1089.75
       131072          100        76.43      1714.93
       262144          100        91.09      2877.85
       524288           80       115.99      4520.21
      1048576           40       158.25      6626.06
      2097152           20       246.80      8497.41
      4194304           10       425.10      9866.62

#---------------------------------------------------
# Benchmarking Bidir_Get 
# #processes = 2 
# ( 62 additional processes waiting in MPI_Barrier)
#---------------------------------------------------
#
#    MODE: AGGREGATE 
#
       #bytes #repetitions      t[usec]   Mbytes/sec
            0         1000         0.18         0.00
            4         1000        14.25         0.28
            8         1000        14.22         0.56
           16         1000        15.18         1.05
           32         1000        15.58         2.05
           64         1000        16.40         3.90
          128         1000        16.85         7.60
          256         1000        16.39        15.62
          512         1000        16.96        30.19
         1024         1000        17.82        57.47
         2048         1000        20.16       101.59
         4096         1000        30.88       132.65
         8192         1000        34.38       238.27
        16384         1000        67.83       241.53
        32768         1000       112.37       291.61
        65536          640       199.89       327.86
       131072          320       339.17       386.45
       262144          160       572.32       458.04
       524288           80      1538.48       340.78
      1048576           40      2879.30       364.18
      2097152           20      6830.80       307.01
      4194304           10     12135.10       345.63

#---------------------------------------------------
# Benchmarking Bidir_Get 
# #processes = 2 
# ( 62 additional processes waiting in MPI_Barrier)
#---------------------------------------------------
#
#    MODE: NON-AGGREGATE 
#
       #bytes #repetitions      t[usec]   Mbytes/sec
            0          100        21.37         0.00
            4          100        57.72         0.07
            8          100        57.02         0.14
           16          100        58.08         0.28
           32          100        58.50         0.55
           64          100        58.05         1.10
          128          100        58.81         2.18
          256          100        58.59         4.37
          512          100        59.51         8.60
         1024          100        59.94        17.08
         2048          100        61.26        33.43
         4096          100        65.02        62.99
         8192          100        71.62       114.38
        16384          100        77.91       210.29
        32768          100        89.33       366.82
        65536          100       120.30       544.77
       131072          100       200.89       652.46
       262144          100       376.03       697.14
       524288           80       584.50       896.98
      1048576           40       866.63      1209.95
      2097152           20      1387.91      1511.02
      4194304           10      9019.61       465.02

#---------------------------------------------------
# Benchmarking Bidir_Put 
# #processes = 2 
# ( 62 additional processes waiting in MPI_Barrier)
#---------------------------------------------------
#
#    MODE: AGGREGATE 
#
       #bytes #repetitions      t[usec]   Mbytes/sec
            0         1000         0.18         0.00
            4         1000         8.36         0.48
            8         1000         7.71         1.04
           16         1000         9.19         1.74
           32         1000         9.58         3.34
           64         1000         9.23         6.93
          128         1000         9.86        12.98
          256         1000        10.13        25.28
          512         1000        11.25        45.52
         1024         1000        12.50        81.95
         2048         1000        14.13       144.94
         4096         1000        18.31       223.70
         8192         1000        24.93       328.61
        16384         1000        65.20       251.28
        32768         1000       111.97       292.64
        65536          640       177.19       369.85
       131072          320       269.34       486.64
       262144          160        71.49      3666.95
       524288           80        94.88      5526.05
      1048576           40       136.80      7665.11
      2097152           20       203.00     10330.72
      4194304           10       408.70     10262.62

#---------------------------------------------------
# Benchmarking Bidir_Put 
# #processes = 2 
# ( 62 additional processes waiting in MPI_Barrier)
#---------------------------------------------------
#
#    MODE: NON-AGGREGATE 
#
       #bytes #repetitions      t[usec]   Mbytes/sec
            0          100        22.32         0.00
            4          100        48.81         0.08
            8          100        49.09         0.16
           16          100        51.37         0.31
           32          100        51.73         0.62
           64          100        51.11         1.25
          128          100        52.40         2.44
          256          100        51.92         4.93
          512          100        52.55         9.74
         1024          100        53.11        19.28
         2048          100        54.21        37.78
         4096          100        57.82        70.84
         8192          100        63.56       128.89
        16384          100        70.79       231.44
        32768          100        81.74       400.88
        65536          100        95.06       689.42
       131072          100       117.91      1111.63
       262144          100       116.87      2243.03
       524288           80       140.68      3726.92
      1048576           40       183.75      5706.56
      2097152           20       277.65      7553.21
      4194304           10       459.12      9135.48

#----------------------------------------------------------------
# Benchmarking Accumulate 
# #processes = 2 
# ( 62 additional processes waiting in MPI_Barrier)
#----------------------------------------------------------------
#
#    MODE: AGGREGATE 
#
       #bytes #repetitions  t_min[usec]  t_max[usec]  t_avg[usec]
            0         1000         0.19         0.19         0.19
            4         1000         3.10         3.10         3.10
            8         1000         2.91         2.91         2.91
           16         1000         3.77         3.79         3.78
           32         1000         3.72         3.72         3.72
           64         1000         3.87         3.88         3.87
          128         1000         4.52         4.53         4.52
          256         1000         4.58         4.60         4.59
          512         1000         4.73         4.75         4.74
         1024         1000         5.23         5.25         5.24
         2048         1000         5.92         5.94         5.93
         4096         1000         7.73         7.76         7.74
         8192         1000        11.89        11.91        11.90
        16384         1000        17.39        17.40        17.39
        32768         1000        29.33        29.35        29.34
        65536          640        46.85        46.89        46.87
       131072          320       153.73       174.45       164.09
       262144          160       480.11       547.69       513.90
       524288           80      1203.66      1204.06      1203.86
      1048576           40      2296.38      2297.12      2296.75
      2097152           20      4989.55      4990.80      4990.18
      4194304           10      9435.58      9438.18      9436.88

#----------------------------------------------------------------
# Benchmarking Accumulate 
# #processes = 2 
# ( 62 additional processes waiting in MPI_Barrier)
#----------------------------------------------------------------
#
#    MODE: NON-AGGREGATE 
#
       #bytes #repetitions  t_min[usec]  t_max[usec]  t_avg[usec]
            0          100        29.93        29.95        29.94
            4          100        37.34        37.39        37.36
            8          100        37.39        37.46        37.42
           16          100        38.51        38.56        38.54
           32          100        38.56        38.87        38.71
           64          100        38.68        38.71        38.70
          128          100        39.03        39.09        39.06
          256          100        39.13        39.18        39.16
          512          100        39.36        39.41        39.38
         1024          100        39.28        39.66        39.47
         2048          100        40.18        40.21        40.20
         4096          100        43.85        43.87        43.86
         8192          100        48.60        48.61        48.61
        16384          100        54.39        54.45        54.42
        32768          100        66.36        66.92        66.64
        65536          100        93.39        93.67        93.53
       131072          100       141.73       142.22       141.97
       262144          100       248.20       248.79       248.49
       524288           80       718.06       720.10       719.08
      1048576           40      1172.97      1183.70      1178.34
      2097152           20      4517.56      4566.19      4541.87
      4194304           10      8418.89      8629.58      8524.24

#----------------------------------------------------------------
# Benchmarking Accumulate 
# #processes = 4 
# ( 60 additional processes waiting in MPI_Barrier)
#----------------------------------------------------------------
#
#    MODE: AGGREGATE 
#
       #bytes #repetitions  t_min[usec]  t_max[usec]  t_avg[usec]
            0         1000         0.19         0.19         0.19
            4         1000         7.72         7.78         7.76
            8         1000         7.77         7.85         7.82
           16         1000         9.07        10.38        10.05
           32         1000        10.14        10.21        10.17
           64         1000        10.16        10.26        10.22
          128         1000        12.17        12.25        12.21
          256         1000        12.44        12.50        12.47
          512         1000        13.11        13.20        13.16
         1024         1000        13.39        13.47        13.43
         2048         1000        14.65        14.73        14.69
         4096         1000        18.02        18.79        18.41
         8192         1000        32.30        32.43        32.38
        16384         1000        47.20        47.37        47.29
        32768         1000        78.78        79.05        78.93
        65536          640       126.87       127.20       127.08
       131072          320       524.22       587.10       540.71
       262144          160      1095.88      1334.65      1157.12
       524288           80      1890.79      3060.75      2557.73
      1048576           40      4350.97      6047.35      5218.63
      2097152           20      8173.06     12177.90     10175.35
      4194304           10     17595.20     24148.58     20970.25

#----------------------------------------------------------------
# Benchmarking Accumulate 
# #processes = 4 
# ( 60 additional processes waiting in MPI_Barrier)
#----------------------------------------------------------------
#
#    MODE: NON-AGGREGATE 
#
       #bytes #repetitions  t_min[usec]  t_max[usec]  t_avg[usec]
            0          100        42.32        42.59        42.47
            4          100        59.89        60.02        59.94
            8          100        59.58        59.76        59.66
           16          100        63.13        63.36        63.21
           32          100        62.55        62.75        62.63
           64          100        63.24        63.49        63.34
          128          100        63.66        63.90        63.73
          256          100        63.96        64.16        64.05
          512          100        64.21        64.47        64.29
         1024          100        64.77        65.04        64.86
         2048          100        66.12        66.33        66.24
         4096          100        73.17        73.42        73.29
         8192          100        86.67        87.07        86.82
        16384          100       101.58       102.03       101.74
        32768          100       130.37       131.03       130.60
        65536          100       198.32       199.17       198.68
       131072          100       393.89       396.03       394.78
       262144          100       495.68       498.11       496.70
       524288           80      1304.84      1313.50      1307.03
      1048576           40      6666.02      6727.53      6691.31
      2097152           20     11061.94     11219.61     11107.76
      4194304           10     29372.69     30893.68     30245.47

#----------------------------------------------------------------
# Benchmarking Accumulate 
# #processes = 8 
# ( 56 additional processes waiting in MPI_Barrier)
#----------------------------------------------------------------
#
#    MODE: AGGREGATE 
#
       #bytes #repetitions  t_min[usec]  t_max[usec]  t_avg[usec]
            0         1000         0.21         0.22         0.21
            4         1000        17.75        17.88        17.81
            8         1000        17.85        17.93        17.89
           16         1000        25.67        25.74        25.70
           32         1000        27.88        27.97        27.92
           64         1000        26.19        26.24        26.22
          128         1000        29.96        30.06        30.01
          256         1000        30.19        30.54        30.33
          512         1000        31.79        31.87        31.83
         1024         1000        32.48        32.53        32.51
         2048         1000        35.58        35.70        35.63
         4096         1000        42.67        42.72        42.70
         8192         1000        74.03        74.14        74.07
        16384         1000       114.03       114.21       114.08
        32768         1000       192.35       192.79       192.47
        65536          640       325.75       326.32       325.98
       131072          320      1524.34      1688.37      1545.55
       262144          160      1066.74      1474.10      1172.53
       524288           80      2166.14      3617.98      2761.03
      1048576           40      4450.05      7293.92      5223.83
      2097152           20      8667.24     14335.39     10189.93
      4194304           10     17629.69     29439.69     19314.59

#----------------------------------------------------------------
# Benchmarking Accumulate 
# #processes = 8 
# ( 56 additional processes waiting in MPI_Barrier)
#----------------------------------------------------------------
#
#    MODE: NON-AGGREGATE 
#
       #bytes #repetitions  t_min[usec]  t_max[usec]  t_avg[usec]
            0          100        60.42        60.71        60.60
            4          100        91.99        92.45        92.16
            8          100        91.72        92.11        91.84
           16          100        98.96        99.43        99.12
           32          100        99.36        99.82        99.55
           64          100        99.46        99.93        99.63
          128          100       104.00       104.53       104.15
          256          100       104.16       104.75       104.36
          512          100       105.43       105.89       105.56
         1024          100       106.66       107.24       106.85
         2048          100       109.90       111.00       110.12
         4096          100       120.00       120.55       120.15
         8192          100       152.38       153.22       152.68
        16384          100       186.25       187.22       186.50
        32768          100       270.62       272.41       271.20
        65536          100       431.66       434.23       432.85
       131072          100       807.56       812.80       809.88
       262144          100       849.84       855.14       851.75
       524288           80      2349.86      2370.81      2355.36
      1048576           40      4466.20      4524.90      4489.54
      2097152           20      9071.24      9290.85      9163.08
      4194304           10     23702.38     25277.09     24589.31

#----------------------------------------------------------------
# Benchmarking Accumulate 
# #processes = 16 
# ( 48 additional processes waiting in MPI_Barrier)
#----------------------------------------------------------------
#
#    MODE: AGGREGATE 
#
       #bytes #repetitions  t_min[usec]  t_max[usec]  t_avg[usec]
            0         1000         0.21         0.26         0.23
            4         1000        37.88        38.03        37.95
            8         1000        37.95        38.06        38.01
           16         1000        55.67        55.86        55.77
           32         1000        55.70        55.93        55.81
           64         1000        55.91        56.16        56.04
          128         1000        63.79        64.01        63.88
          256         1000        64.49        64.57        64.54
          512         1000        66.74        66.96        66.85
         1024         1000        70.08        70.15        70.12
         2048         1000        75.69        75.76        75.72
         4096         1000        90.79        90.90        90.84
         8192         1000       181.63       182.48       181.79
        16384         1000       268.62       269.81       268.85
        32768         1000       460.79       462.71       461.51
        65536          640       778.95       780.91       780.07
       131072          320      4060.46      8018.80      5976.92
       262144          160      1872.66      2824.81      1991.73
       524288           80      3766.04      7022.31      4173.08
      1048576           40      7508.98     14346.15      8422.57
      2097152           20     14931.00     28425.50     16773.97
      4194304           10     30210.21     57322.41     33690.20

#----------------------------------------------------------------
# Benchmarking Accumulate 
# #processes = 16 
# ( 48 additional processes waiting in MPI_Barrier)
#----------------------------------------------------------------
#
#    MODE: NON-AGGREGATE 
#
       #bytes #repetitions  t_min[usec]  t_max[usec]  t_avg[usec]
            0          100        75.32        75.74        75.66
            4          100       141.01       141.87       141.31
            8          100       141.08       141.97       141.39
           16          100       186.55       187.65       186.98
           32          100       159.34       160.42       159.76
           64          100       159.29       160.29       159.68
          128          100       169.88       171.14       170.36
          256          100       170.53       171.70       170.99
          512          100       172.60       173.78       173.01
         1024          100       176.94       178.25       177.48
         2048          100       183.74       184.96       184.19
         4096          100       207.57       208.93       208.11
         8192          100       266.08       267.83       266.66
        16384          100       350.37       352.76       351.20
        32768          100       572.30       576.38       574.20
        65536          100       888.43       895.16       891.59
       131072          100      1562.81      1575.25      1569.59
       262144          100      1643.43      1656.11      1647.28
       524288           80      4653.06      4702.91      4671.31
      1048576           40     14000.30     14246.68     14100.14
      2097152           20     27710.06     28560.04     27987.06
      4194304           10     55236.79     59555.60     57203.41

#----------------------------------------------------------------
# Benchmarking Accumulate 
# #processes = 32 
# ( 32 additional processes waiting in MPI_Barrier)
#----------------------------------------------------------------
#
#    MODE: AGGREGATE 
#
       #bytes #repetitions  t_min[usec]  t_max[usec]  t_avg[usec]
            0         1000         0.24         0.30         0.28
            4         1000        37.04       213.66       169.42
            8         1000        53.14       199.02       139.69
           16         1000       113.92       114.07       113.97
           32         1000       109.34       111.43       111.04
           64         1000       204.67       205.36       204.88
          128         1000        88.92       221.63       146.93
          256         1000       221.39       223.12       222.30
          512         1000       125.81       198.16       137.22
         1024         1000       236.06       236.39       236.19
         2048         1000       131.76       217.96       148.37
         4096         1000       188.83       327.12       197.54
         8192         1000       404.99       406.85       405.09
        16384         1000       594.75       597.63       595.00
        32768         1000      1053.37      1056.15      1053.51
        65536          640      1671.04      1698.26      1676.82
       131072          320      9028.27     31520.02     28444.93
       262144          160     31049.98     35602.86     32305.96
       524288           80      6757.20     13585.84      7675.94
      1048576           40     13523.33     27519.88     15419.88
      2097152           20     25869.50    254708.50    230441.88
      4194304           10     50792.91    548707.99    103237.24

#----------------------------------------------------------------
# Benchmarking Accumulate 
# #processes = 32 
# ( 32 additional processes waiting in MPI_Barrier)
#----------------------------------------------------------------
#
#    MODE: NON-AGGREGATE 
#
       #bytes #repetitions  t_min[usec]  t_max[usec]  t_avg[usec]
            0          100        98.57        99.71        99.45
            4          100       234.59       236.31       235.23
            8          100       234.68       236.30       235.29
           16          100       269.63       271.58       270.34
           32          100       267.70       269.98       268.47
           64          100       269.54       271.59       270.23
          128          100       286.38       288.46       287.22
          256          100       288.92       291.22       289.82
          512          100       295.94       298.21       296.84
         1024          100       300.75       302.95       301.59
         2048          100       317.10       319.59       318.02
         4096          100       355.61       358.45       356.78
         8192          100       494.67       499.05       496.80
        16384          100       700.65       705.76       702.97
        32768          100      1166.13      1175.34      1170.94
        65536          100      1797.19      1810.09      1805.08
       131072          100      2915.94      2940.24      2930.87
       262144          100      3050.54      3075.07      3059.51
       524288           80     14388.74     14521.84     14445.32
      1048576           40     28061.00     28573.33     28250.14
      2097152           20     52834.80     54758.75     53439.82
      4194304           10    107674.00    113598.11    108754.58

#----------------------------------------------------------------
# Benchmarking Accumulate 
# #processes = 64 
#----------------------------------------------------------------
#
#    MODE: AGGREGATE 
#
       #bytes #repetitions  t_min[usec]  t_max[usec]  t_avg[usec]
            0         1000         0.30         0.35         0.34
            4         1000        92.04       229.26       149.64
            8         1000        81.12       236.47       184.54
           16         1000       248.83       383.50       259.68
           32         1000       272.96       275.50       273.68
           64         1000       110.54       272.04       202.82
          128         1000       286.89       364.04       296.13
          256         1000       278.27       284.51       280.63
          512         1000       130.12       409.10       263.42
         1024         1000       391.11       392.93       391.58
         2048         1000       273.06       427.24       311.75
         4096         1000       169.40       527.17       347.34
         8192         1000       581.25       869.68       783.36
        16384         1000      1265.50      1393.65      1271.85
        32768         1000      2253.81      2276.88      2254.72
        65536          640      3483.57      3529.78      3488.64
       131072          127     12710.30     69535.84     46686.18
       262144          127     44114.23     70561.95     47612.51
       524288           73     71180.12     89223.69     72786.42
      1048576           34    149320.12    185304.21    152337.54
      2097152           18     85016.66    267678.39    169893.72
      4194304           10    528742.60    700325.39    551105.21

#----------------------------------------------------------------
# Benchmarking Accumulate 
# #processes = 64 
#----------------------------------------------------------------
#
#    MODE: NON-AGGREGATE 
#
       #bytes #repetitions  t_min[usec]  t_max[usec]  t_avg[usec]
            0          100       115.63       117.56       117.07
            4          100       397.06       400.30       398.15
            8          100       395.73       399.02       396.67
           16          100       460.39       464.79       462.08
           32          100       459.30       463.38       460.83
           64          100       464.84       468.84       466.22
          128          100       501.27       506.03       503.15
          256          100       505.75       510.12       507.34
          512          100       516.49       520.98       518.12
         1024          100       527.90       532.13       529.39
         2048          100       555.51       560.30       557.25
         4096          100       638.10       644.35       640.81
         8192          100       949.18       958.07       953.15
        16384          100      1420.46      1431.79      1425.80
        32768          100      2355.08      2374.74      2365.55
        65536          100      3656.07      3687.08      3674.56
       131072          100      5923.62      5976.00      5955.81
       262144          100     12750.47     12859.39     12812.44
       524288           80     29224.47     29504.49     29342.34
      1048576           40     54827.72     55860.87     55180.26
      2097152           20    104135.16    108226.66    105445.52
      4194304           10    209788.99    222567.99    212281.17


# All processes entering MPI_Finalize

