#------------------------------------------------------------
#    Intel (R) MPI Benchmarks 2018 Update 1, MPI-2 part    
#------------------------------------------------------------
# Date                  : Thu Nov 30 16:58:33 2017
# Machine               : x86_64
# System                : Linux
# Release               : 4.4.74-92.35-default
# Version               : #1 SMP Mon Aug 7 18:24:48 UTC 2017 (c0fdc47)
# MPI Version           : 3.1
# MPI Thread Environment: 


# Calling sequence was: 

# ./IMB-EXT

# Minimum message length in bytes:   0
# Maximum message length in bytes:   4194304
#
# MPI_Datatype                   :   MPI_BYTE 
# MPI_Datatype for reductions    :   MPI_FLOAT
# MPI_Op                         :   MPI_SUM  
#
#

# List of Benchmarks to run:

# Window
# Unidir_Get
# Unidir_Put
# Bidir_Get
# Bidir_Put
# Accumulate

#----------------------------------------------------------------
# Benchmarking Window 
# #processes = 2 
# ( 2 additional processes waiting in MPI_Barrier)
#----------------------------------------------------------------
       #bytes #repetitions  t_min[usec]  t_max[usec]  t_avg[usec]
            0          100       102.81       102.82       102.82
            4          100       104.22       104.24       104.23
            8          100       103.87       103.87       103.87
           16          100       106.87       106.88       106.88
           32          100       106.99       107.03       107.01
           64          100       103.47       103.50       103.48
          128          100       103.56       103.57       103.57
          256          100       104.43       104.48       104.45
          512          100       103.98       104.01       103.99
         1024          100       103.96       104.00       103.98
         2048          100       103.21       103.24       103.23
         4096          100       110.17       110.19       110.18
         8192          100       104.43       104.45       104.44
        16384          100       106.89       106.90       106.89
        32768          100       104.45       104.46       104.45
        65536          100       106.93       106.97       106.95
       131072          100       104.95       104.98       104.96
       262144          100       104.07       104.09       104.08
       524288           80       105.31       105.35       105.33
      1048576           40       105.45       105.52       105.49
      2097152           20       105.95       106.05       106.00
      4194304           10       109.41       109.72       109.57

#----------------------------------------------------------------
# Benchmarking Window 
# #processes = 4 
#----------------------------------------------------------------
       #bytes #repetitions  t_min[usec]  t_max[usec]  t_avg[usec]
            0          100       147.05       147.07       147.06
            4          100       147.71       147.71       147.71
            8          100       146.78       146.79       146.78
           16          100       145.73       145.74       145.73
           32          100       145.72       145.73       145.72
           64          100       145.59       145.60       145.60
          128          100       145.59       145.61       145.60
          256          100       145.69       145.71       145.70
          512          100       146.01       146.03       146.02
         1024          100       147.73       147.75       147.74
         2048          100       146.99       147.00       146.99
         4096          100       147.46       147.47       147.46
         8192          100       148.47       148.48       148.48
        16384          100       146.31       146.32       146.32
        32768          100       149.48       149.50       149.49
        65536          100       146.60       146.61       146.61
       131072          100       146.37       146.39       146.38
       262144          100       146.17       146.19       146.18
       524288           80       146.16       146.19       146.17
      1048576           40       148.59       148.62       148.60
      2097152           20       148.25       148.31       148.28
      4194304           10       149.49       149.58       149.51

#---------------------------------------------------
# Benchmarking Unidir_Get 
# #processes = 2 
# ( 2 additional processes waiting in MPI_Barrier)
#---------------------------------------------------
#
#    MODE: AGGREGATE 
#
       #bytes #repetitions      t[usec]   Mbytes/sec
            0         1000         0.18         0.00
            4         1000         7.64         0.52
            8         1000         7.61         1.05
           16         1000         7.79         2.05
           32         1000         7.57         4.23
           64         1000         7.85         8.15
          128         1000         7.48        17.11
          256         1000         7.40        34.60
          512         1000         8.10        63.18
         1024         1000         9.25       110.66
         2048         1000        10.30       198.82
         4096         1000        13.85       295.82
         8192         1000        15.16       540.48
        16384         1000        20.81       787.16
        32768         1000        27.57      1188.75
        65536          640        73.82       887.80
       131072          320       148.27       884.02
       262144          160       647.03       405.15
       524288           80      1401.39       374.12
      1048576           40      2845.45       368.51
      2097152           20      7137.39       293.83
      4194304           10     11743.28       357.17

#---------------------------------------------------
# Benchmarking Unidir_Get 
# #processes = 2 
# ( 2 additional processes waiting in MPI_Barrier)
#---------------------------------------------------
#
#    MODE: NON-AGGREGATE 
#
       #bytes #repetitions      t[usec]   Mbytes/sec
            0          100        20.93         0.00
            4          100        47.80         0.08
            8          100        44.74         0.18
           16          100        45.97         0.35
           32          100        46.09         0.69
           64          100        45.67         1.40
          128          100        46.73         2.74
          256          100        46.42         5.51
          512          100        46.71        10.96
         1024          100        47.11        21.74
         2048          100        48.15        42.53
         4096          100        51.09        80.17
         8192          100        53.86       152.09
        16384          100        58.40       280.54
        32768          100        64.03       511.76
        65536          100        98.18       667.50
       131072          100       124.95      1048.99
       262144          100       207.82      1261.40
       524288           80       454.50      1153.55
      1048576           40       812.42      1290.68
      2097152           20      1360.15      1541.85
      4194304           10     19025.40       220.46

#---------------------------------------------------
# Benchmarking Unidir_Put 
# #processes = 2 
# ( 2 additional processes waiting in MPI_Barrier)
#---------------------------------------------------
#
#    MODE: AGGREGATE 
#
       #bytes #repetitions      t[usec]   Mbytes/sec
            0         1000         0.18         0.00
            4         1000         2.65         1.51
            8         1000         2.53         3.16
           16         1000         3.31         4.84
           32         1000         3.49         9.16
           64         1000         3.28        19.51
          128         1000         4.01        31.95
          256         1000         4.06        63.04
          512         1000         4.14       123.58
         1024         1000         4.34       235.83
         2048         1000         5.13       399.23
         4096         1000         6.53       627.05
         8192         1000         9.53       859.60
        16384         1000        13.18      1242.91
        32768         1000        21.47      1526.37
        65536          640        24.45      2680.06
       131072          320       115.73      1132.55
       262144          160        47.57      5510.13
       524288           80        67.64      7751.23
      1048576           40       104.20     10063.03
      2097152           20       187.49     11185.27
      4194304           10       381.90     10982.76

#---------------------------------------------------
# Benchmarking Unidir_Put 
# #processes = 2 
# ( 2 additional processes waiting in MPI_Barrier)
#---------------------------------------------------
#
#    MODE: NON-AGGREGATE 
#
       #bytes #repetitions      t[usec]   Mbytes/sec
            0          100        21.21         0.00
            4          100        35.80         0.11
            8          100        35.90         0.22
           16          100        36.92         0.43
           32          100        36.95         0.87
           64          100        36.88         1.74
          128          100        37.46         3.42
          256          100        37.96         6.74
          512          100        37.75        13.56
         1024          100        37.98        26.96
         2048          100        38.51        53.18
         4096          100        43.75        93.62
         8192          100        45.53       179.92
        16384          100        48.29       339.29
        32768          100        54.07       606.05
        65536          100        59.93      1093.52
       131072          100        77.16      1698.72
       262144          100        99.91      2623.82
       524288           80       120.23      4360.87
      1048576           40       162.35      6458.69
      2097152           20       249.51      8405.25
      4194304           10       442.70      9474.46

#---------------------------------------------------
# Benchmarking Bidir_Get 
# #processes = 2 
# ( 2 additional processes waiting in MPI_Barrier)
#---------------------------------------------------
#
#    MODE: AGGREGATE 
#
       #bytes #repetitions      t[usec]   Mbytes/sec
            0         1000         0.18         0.00
            4         1000        14.11         0.28
            8         1000        14.24         0.56
           16         1000        15.05         1.06
           32         1000        15.46         2.07
           64         1000        15.53         4.12
          128         1000        16.02         7.99
          256         1000        16.61        15.42
          512         1000        17.00        30.12
         1024         1000        18.00        56.90
         2048         1000        19.12       107.10
         4096         1000        29.26       139.98
         8192         1000        35.27       232.29
        16384         1000        63.88       256.46
        32768         1000       106.40       307.97
        65536          640       193.49       338.70
       131072          320       343.61       381.45
       262144          160       577.54       453.90
       524288           80      1167.70       448.99
      1048576           40      2997.62       349.80
      2097152           20      6500.24       322.63
      4194304           10     11179.90       375.16

#---------------------------------------------------
# Benchmarking Bidir_Get 
# #processes = 2 
# ( 2 additional processes waiting in MPI_Barrier)
#---------------------------------------------------
#
#    MODE: NON-AGGREGATE 
#
       #bytes #repetitions      t[usec]   Mbytes/sec
            0          100        21.61         0.00
            4          100        56.91         0.07
            8          100        56.23         0.14
           16          100        57.10         0.28
           32          100        57.59         0.56
           64          100        57.52         1.11
          128          100        58.50         2.19
          256          100        58.12         4.40
          512          100        58.66         8.73
         1024          100        58.98        17.36
         2048          100        60.08        34.09
         4096          100        64.20        63.80
         8192          100        70.60       116.03
        16384          100        77.29       211.98
        32768          100        89.26       367.10
        65536          100       119.32       549.25
       131072          100       206.74       633.99
       262144          100       373.81       701.28
       524288           80       588.12       891.46
      1048576           40       893.97      1172.94
      2097152           20      1436.76      1459.64
      4194304           10      8366.61       501.31

#---------------------------------------------------
# Benchmarking Bidir_Put 
# #processes = 2 
# ( 2 additional processes waiting in MPI_Barrier)
#---------------------------------------------------
#
#    MODE: AGGREGATE 
#
       #bytes #repetitions      t[usec]   Mbytes/sec
            0         1000         0.24         0.00
            4         1000         7.86         0.51
            8         1000         7.75         1.03
           16         1000         9.15         1.75
           32         1000         9.23         3.47
           64         1000         9.20         6.96
          128         1000         9.61        13.32
          256         1000         9.97        25.68
          512         1000        11.02        46.44
         1024         1000        12.18        84.09
         2048         1000        15.55       131.73
         4096         1000        18.13       225.89
         8192         1000        25.58       320.27
        16384         1000        65.39       250.55
        32768         1000       109.30       299.80
        65536          640       172.52       379.87
       131072          320       265.77       493.18
       262144          160        68.96      3801.58
       524288           80        96.94      5408.49
      1048576           40       128.92      8133.23
      2097152           20       199.40     10517.24
      4194304           10       406.00     10330.72

#---------------------------------------------------
# Benchmarking Bidir_Put 
# #processes = 2 
# ( 2 additional processes waiting in MPI_Barrier)
#---------------------------------------------------
#
#    MODE: NON-AGGREGATE 
#
       #bytes #repetitions      t[usec]   Mbytes/sec
            0          100        20.95         0.00
            4          100        48.01         0.08
            8          100        48.46         0.17
           16          100        50.13         0.32
           32          100        50.51         0.63
           64          100        50.37         1.27
          128          100        51.10         2.50
          256          100        51.32         4.99
          512          100        51.73         9.90
         1024          100        52.32        19.57
         2048          100        53.07        38.59
         4096          100        56.85        72.05
         8192          100        68.32       119.91
        16384          100        70.03       233.96
        32768          100        81.40       402.55
        65536          100        95.94       683.08
       131072          100       117.46      1115.89
       262144          100       115.39      2271.81
       524288           80       135.76      3861.83
      1048576           40       177.73      5899.85
      2097152           20       282.50      7423.49
      4194304           10       459.19      9134.05

#----------------------------------------------------------------
# Benchmarking Accumulate 
# #processes = 2 
# ( 2 additional processes waiting in MPI_Barrier)
#----------------------------------------------------------------
#
#    MODE: AGGREGATE 
#
       #bytes #repetitions  t_min[usec]  t_max[usec]  t_avg[usec]
            0         1000         0.19         0.19         0.19
            4         1000         3.13         3.13         3.13
            8         1000         2.92         2.93         2.92
           16         1000         3.70         3.70         3.70
           32         1000         3.81         3.82         3.81
           64         1000         3.71         3.71         3.71
          128         1000         4.52         4.53         4.53
          256         1000         4.59         4.60         4.59
          512         1000         4.81         4.84         4.83
         1024         1000         5.26         5.29         5.28
         2048         1000         6.05         6.08         6.07
         4096         1000         7.80         7.83         7.82
         8192         1000        12.13        12.17        12.15
        16384         1000        17.78        17.79        17.78
        32768         1000        30.19        30.21        30.20
        65536          640        46.69        46.72        46.71
       131072          320       154.00       174.78       164.39
       262144          160       494.76       563.93       529.34
       524288           80      1288.57      1288.89      1288.73
      1048576           40      2496.10      2496.90      2496.50
      2097152           20      5192.70      5194.31      5193.50
      4194304           10     10135.79     10138.39     10137.09

#----------------------------------------------------------------
# Benchmarking Accumulate 
# #processes = 2 
# ( 2 additional processes waiting in MPI_Barrier)
#----------------------------------------------------------------
#
#    MODE: NON-AGGREGATE 
#
       #bytes #repetitions  t_min[usec]  t_max[usec]  t_avg[usec]
            0          100        21.76        21.77        21.77
            4          100        36.61        36.71        36.66
            8          100        36.15        36.21        36.18
           16          100        37.70        37.81        37.75
           32          100        37.88        37.95        37.92
           64          100        37.99        38.15        38.07
          128          100        38.54        38.60        38.57
          256          100        38.46        38.54        38.50
          512          100        38.67        38.74        38.70
         1024          100        39.01        39.07        39.04
         2048          100        39.80        39.87        39.83
         4096          100        43.35        43.42        43.39
         8192          100        48.05        48.22        48.13
        16384          100        53.85        53.95        53.90
        32768          100        66.67        66.93        66.80
        65536          100        89.18        89.43        89.30
       131072          100       145.01       145.57       145.29
       262144          100       243.57       244.14       243.86
       524288           80       698.55       700.51       699.53
      1048576           40      1140.92      1151.45      1146.19
      2097152           20      5774.56      5822.00      5798.28
      4194304           10      9548.50      9756.09      9652.29

#----------------------------------------------------------------
# Benchmarking Accumulate 
# #processes = 4 
#----------------------------------------------------------------
#
#    MODE: AGGREGATE 
#
       #bytes #repetitions  t_min[usec]  t_max[usec]  t_avg[usec]
            0         1000         0.23         0.24         0.23
            4         1000         7.47         7.76         7.62
            8         1000         7.74         7.79         7.76
           16         1000        10.16        10.44        10.36
           32         1000         9.73        10.53        10.33
           64         1000         9.30        10.33         9.86
          128         1000        12.21        12.28        12.25
          256         1000        12.33        12.40        12.37
          512         1000        13.30        13.38        13.35
         1024         1000        13.55        13.67        13.62
         2048         1000        13.77        14.92        14.43
         4096         1000        18.60        18.68        18.64
         8192         1000        32.35        32.56        32.48
        16384         1000        47.47        47.67        47.58
        32768         1000        78.07        78.23        78.14
        65536          640       126.18       126.84       126.59
       131072          320       537.95       604.83       555.46
       262144          160      1156.88      1389.57      1215.08
       524288           80      2209.71      2963.45      2415.66
      1048576           40      4467.95      6164.00      5315.92
      2097152           20      8887.15     11956.66      9729.33
      4194304           10     18052.60     24361.59     19758.70

#----------------------------------------------------------------
# Benchmarking Accumulate 
# #processes = 4 
#----------------------------------------------------------------
#
#    MODE: NON-AGGREGATE 
#
       #bytes #repetitions  t_min[usec]  t_max[usec]  t_avg[usec]
            0          100        33.29        33.39        33.35
            4          100        55.21        55.40        55.29
            8          100        54.08        54.29        54.18
           16          100        59.58        59.85        59.67
           32          100        60.58        60.83        60.67
           64          100        59.82        60.11        59.94
          128          100        63.67        63.96        63.76
          256          100        61.50        61.79        61.61
          512          100        63.78        64.04        63.86
         1024          100        63.27        63.54        63.37
         2048          100        65.32        65.59        65.41
         4096          100        70.43        70.75        70.59
         8192          100        85.33        85.60        85.43
        16384          100       101.50       102.02       101.68
        32768          100       130.97       131.66       131.20
        65536          100       191.36       192.19       191.71
       131072          100       372.55       374.43       373.33
       262144          100       489.02       491.41       490.16
       524288           80      1256.92      1265.48      1259.12
      1048576           40      6809.35      6851.15      6826.09
      2097152           20     10698.54     10854.70     10743.82
      4194304           10     28823.90     30007.20     29392.65


# All processes entering MPI_Finalize

