#------------------------------------------------------------
#    Intel (R) MPI Benchmarks 2018 Update 1, MPI-2 part    
#------------------------------------------------------------
# Date                  : Thu Nov 30 17:03:04 2017
# Machine               : x86_64
# System                : Linux
# Release               : 4.4.74-92.35-default
# Version               : #1 SMP Mon Aug 7 18:24:48 UTC 2017 (c0fdc47)
# MPI Version           : 3.1
# MPI Thread Environment: 


# Calling sequence was: 

# ./IMB-EXT

# Minimum message length in bytes:   0
# Maximum message length in bytes:   4194304
#
# MPI_Datatype                   :   MPI_BYTE 
# MPI_Datatype for reductions    :   MPI_FLOAT
# MPI_Op                         :   MPI_SUM  
#
#

# List of Benchmarks to run:

# Window
# Unidir_Get
# Unidir_Put
# Bidir_Get
# Bidir_Put
# Accumulate

#----------------------------------------------------------------
# Benchmarking Window 
# #processes = 2 
# ( 14 additional processes waiting in MPI_Barrier)
#----------------------------------------------------------------
       #bytes #repetitions  t_min[usec]  t_max[usec]  t_avg[usec]
            0          100       106.32       106.32       106.32
            4          100       106.03       106.04       106.03
            8          100       105.45       105.64       105.55
           16          100       105.71       105.72       105.71
           32          100       106.27       106.27       106.27
           64          100       105.44       105.44       105.44
          128          100       106.44       106.45       106.44
          256          100       109.89       109.90       109.90
          512          100       105.54       105.54       105.54
         1024          100       106.46       106.46       106.46
         2048          100       106.69       106.70       106.69
         4096          100       106.72       106.72       106.72
         8192          100       106.18       106.19       106.18
        16384          100       106.71       106.71       106.71
        32768          100       106.46       106.47       106.46
        65536          100       107.05       107.06       107.06
       131072          100       107.35       107.35       107.35
       262144          100       105.75       105.75       105.75
       524288           80       106.39       106.40       106.39
      1048576           40       106.88       106.88       106.88
      2097152           20       106.25       106.35       106.30
      4194304           10       107.19       107.38       107.29

#----------------------------------------------------------------
# Benchmarking Window 
# #processes = 4 
# ( 12 additional processes waiting in MPI_Barrier)
#----------------------------------------------------------------
       #bytes #repetitions  t_min[usec]  t_max[usec]  t_avg[usec]
            0          100       149.29       149.30       149.29
            4          100       150.39       150.40       150.40
            8          100       148.56       148.57       148.57
           16          100       148.27       148.31       148.29
           32          100       148.65       148.68       148.66
           64          100       147.64       147.68       147.66
          128          100       149.06       149.09       149.08
          256          100       147.91       147.93       147.92
          512          100       147.93       147.96       147.94
         1024          100       147.82       147.86       147.84
         2048          100       147.02       147.05       147.03
         4096          100       147.82       147.84       147.83
         8192          100       147.50       147.52       147.51
        16384          100       148.25       148.26       148.25
        32768          100       149.01       149.01       149.01
        65536          100       148.84       148.86       148.85
       131072          100       148.18       148.23       148.21
       262144          100       148.23       148.24       148.24
       524288           80       148.09       148.14       148.12
      1048576           40       150.68       150.72       150.71
      2097152           20       153.20       153.35       153.30
      4194304           10       170.18       170.71       170.37

#----------------------------------------------------------------
# Benchmarking Window 
# #processes = 8 
# ( 8 additional processes waiting in MPI_Barrier)
#----------------------------------------------------------------
       #bytes #repetitions  t_min[usec]  t_max[usec]  t_avg[usec]
            0          100       207.24       207.27       207.25
            4          100       200.47       200.49       200.48
            8          100       199.19       199.22       199.21
           16          100       199.06       199.12       199.09
           32          100       201.34       201.37       201.36
           64          100       197.34       197.37       197.36
          128          100       196.79       196.83       196.82
          256          100       197.11       197.14       197.12
          512          100       196.74       196.76       196.75
         1024          100       197.03       197.09       197.06
         2048          100       200.14       200.21       200.17
         4096          100       197.57       197.60       197.58
         8192          100       202.12       202.18       202.15
        16384          100       199.86       199.89       199.87
        32768          100       198.25       198.58       198.42
        65536          100       201.19       201.22       201.20
       131072          100       204.13       204.16       204.14
       262144          100       200.32       200.34       200.33
       524288           80       198.95       199.00       198.98
      1048576           40       200.20       200.35       200.24
      2097152           20       203.45       203.65       203.52
      4194304           10       212.41       213.00       212.76

#----------------------------------------------------------------
# Benchmarking Window 
# #processes = 16 
#----------------------------------------------------------------
       #bytes #repetitions  t_min[usec]  t_max[usec]  t_avg[usec]
            0          100       268.55       268.57       268.56
            4          100       268.67       268.70       268.69
            8          100       267.99       268.03       268.01
           16          100       264.27       264.69       264.34
           32          100       263.48       263.51       263.50
           64          100       261.18       261.24       261.21
          128          100       264.57       264.87       264.79
          256          100       278.58       278.60       278.59
          512          100       256.50       256.55       256.53
         1024          100       257.77       257.80       257.78
         2048          100       256.38       256.74       256.47
         4096          100       259.28       259.30       259.29
         8192          100       258.88       258.93       258.90
        16384          100       259.81       259.86       259.84
        32768          100       259.44       259.48       259.46
        65536          100       262.84       262.90       262.88
       131072          100       263.12       263.16       263.14
       262144          100       259.44       259.46       259.45
       524288           80       263.95       264.01       263.98
      1048576           40       262.84       262.93       262.89
      2097152           20       267.74       268.04       267.86
      4194304           10       286.41       286.70       286.61

#---------------------------------------------------
# Benchmarking Unidir_Get 
# #processes = 2 
# ( 14 additional processes waiting in MPI_Barrier)
#---------------------------------------------------
#
#    MODE: AGGREGATE 
#
       #bytes #repetitions      t[usec]   Mbytes/sec
            0         1000         0.18         0.00
            4         1000         7.87         0.51
            8         1000         7.59         1.05
           16         1000         7.68         2.08
           32         1000         7.44         4.30
           64         1000         7.51         8.53
          128         1000         7.43        17.23
          256         1000         7.56        33.86
          512         1000         8.09        63.30
         1024         1000         8.91       114.93
         2048         1000        10.11       202.53
         4096         1000        13.84       296.04
         8192         1000        15.29       535.88
        16384         1000        20.87       784.97
        32768         1000        26.35      1243.39
        65536          640        74.78       876.42
       131072          320       152.46       859.74
       262144          160       739.24       354.61
       524288           80      1549.22       338.42
      1048576           40      3501.40       299.47
      2097152           20     10108.29       207.47
      4194304           10     15098.81       277.79

#---------------------------------------------------
# Benchmarking Unidir_Get 
# #processes = 2 
# ( 14 additional processes waiting in MPI_Barrier)
#---------------------------------------------------
#
#    MODE: NON-AGGREGATE 
#
       #bytes #repetitions      t[usec]   Mbytes/sec
            0          100        21.60         0.00
            4          100        45.40         0.09
            8          100        45.31         0.18
           16          100        46.32         0.35
           32          100        46.57         0.69
           64          100        46.31         1.38
          128          100        46.96         2.73
          256          100        47.14         5.43
          512          100       113.29         4.52
         1024          100        47.84        21.41
         2048          100        49.20        41.63
         4096          100        51.29        79.86
         8192          100        56.81       144.20
        16384          100        58.73       278.96
        32768          100        66.95       489.45
        65536          100        94.97       690.08
       131072          100       149.57       876.33
       262144          100       220.84      1187.03
       524288           80       435.05      1205.12
      1048576           40       779.80      1344.68
      2097152           20      1312.80      1597.46
      4194304           10     17663.38       237.46

#---------------------------------------------------
# Benchmarking Unidir_Put 
# #processes = 2 
# ( 14 additional processes waiting in MPI_Barrier)
#---------------------------------------------------
#
#    MODE: AGGREGATE 
#
       #bytes #repetitions      t[usec]   Mbytes/sec
            0         1000         0.18         0.00
            4         1000         2.47         1.62
            8         1000         2.61         3.06
           16         1000         3.28         4.87
           32         1000         3.28         9.75
           64         1000         3.44        18.59
          128         1000         4.07        31.43
          256         1000         4.11        62.29
          512         1000         4.10       124.79
         1024         1000         4.40       232.68
         2048         1000         5.08       402.90
         4096         1000         6.49       630.73
         8192         1000         9.57       856.19
        16384         1000        12.64      1296.52
        32768         1000        21.02      1558.60
        65536          640        23.67      2768.16
       131072          320       102.54      1278.28
       262144          160        41.21      6360.84
       524288           80        59.21      8854.09
      1048576           40        97.32     10774.24
      2097152           20       175.95     11918.83
      4194304           10       351.00     11949.59

#---------------------------------------------------
# Benchmarking Unidir_Put 
# #processes = 2 
# ( 14 additional processes waiting in MPI_Barrier)
#---------------------------------------------------
#
#    MODE: NON-AGGREGATE 
#
       #bytes #repetitions      t[usec]   Mbytes/sec
            0          100        21.26         0.00
            4          100        36.50         0.11
            8          100        36.35         0.22
           16          100        37.53         0.43
           32          100        37.85         0.85
           64          100        37.72         1.70
          128          100        38.13         3.36
          256          100        38.01         6.73
          512          100        38.33        13.36
         1024          100        38.39        26.67
         2048          100        39.10        52.38
         4096          100        43.04        95.17
         8192          100        47.02       174.22
        16384          100        49.51       330.92
        32768          100        55.58       589.56
        65536          100        60.44      1084.29
       131072          100        77.29      1695.84
       262144          100        92.53      2833.06
       524288           80       123.59      4242.25
      1048576           40       184.23      5691.79
      2097152           20       304.56      6885.93
      4194304           10       543.59      7715.87

#---------------------------------------------------
# Benchmarking Bidir_Get 
# #processes = 2 
# ( 14 additional processes waiting in MPI_Barrier)
#---------------------------------------------------
#
#    MODE: AGGREGATE 
#
       #bytes #repetitions      t[usec]   Mbytes/sec
            0         1000         0.18         0.00
            4         1000        14.18         0.28
            8         1000        14.15         0.57
           16         1000        15.00         1.07
           32         1000        15.36         2.08
           64         1000        15.26         4.19
          128         1000        15.76         8.12
          256         1000        16.02        15.98
          512         1000        16.73        30.61
         1024         1000        17.71        57.82
         2048         1000        19.08       107.33
         4096         1000        28.76       142.40
         8192         1000        34.31       238.74
        16384         1000        64.40       254.40
        32768         1000       107.02       306.19
        65536          640       193.40       338.87
       131072          320       358.27       365.85
       262144          160       653.47       401.15
       524288           80      1822.74       287.64
      1048576           40      4038.90       259.62
      2097152           20     10576.09       198.29
      4194304           10     17998.00       233.04

#---------------------------------------------------
# Benchmarking Bidir_Get 
# #processes = 2 
# ( 14 additional processes waiting in MPI_Barrier)
#---------------------------------------------------
#
#    MODE: NON-AGGREGATE 
#
       #bytes #repetitions      t[usec]   Mbytes/sec
            0          100        21.71         0.00
            4          100        56.19         0.07
            8          100        56.15         0.14
           16          100        57.12         0.28
           32          100        57.34         0.56
           64          100        57.20         1.12
          128          100        58.28         2.20
          256          100        58.19         4.40
          512          100        58.68         8.73
         1024          100        77.15        13.27
         2048          100        60.15        34.05
         4096          100        65.78        62.27
         8192          100        71.50       114.57
        16384          100        78.09       209.81
        32768          100        90.92       360.40
        65536          100       120.24       545.04
       131072          100       207.90       630.45
       262144          100       373.73       701.43
       524288           80       583.79       898.08
      1048576           40       873.15      1200.91
      2097152           20      3386.15       619.33
      4194304           10      9571.72       438.20

#---------------------------------------------------
# Benchmarking Bidir_Put 
# #processes = 2 
# ( 14 additional processes waiting in MPI_Barrier)
#---------------------------------------------------
#
#    MODE: AGGREGATE 
#
       #bytes #repetitions      t[usec]   Mbytes/sec
            0         1000         0.18         0.00
            4         1000         7.53         0.53
            8         1000         7.52         1.06
           16         1000         8.97         1.78
           32         1000         8.96         3.57
           64         1000         9.14         7.00
          128         1000        10.09        12.68
          256         1000         9.96        25.70
          512         1000        11.05        46.35
         1024         1000        12.21        83.86
         2048         1000        14.12       145.08
         4096         1000        19.04       215.10
         8192         1000        25.27       324.23
        16384         1000        64.47       254.15
        32768         1000       112.63       290.93
        65536          640       179.21       365.70
       131072          320       262.52       499.28
       262144          160        68.08      3850.76
       524288           80        95.80      5472.76
      1048576           40       130.98      8005.91
      2097152           20       200.84     10441.71
      4194304           10      2662.80      1575.15

#---------------------------------------------------
# Benchmarking Bidir_Put 
# #processes = 2 
# ( 14 additional processes waiting in MPI_Barrier)
#---------------------------------------------------
#
#    MODE: NON-AGGREGATE 
#
       #bytes #repetitions      t[usec]   Mbytes/sec
            0          100        20.80         0.00
            4          100        48.67         0.08
            8          100        48.92         0.16
           16          100        50.89         0.31
           32          100        51.04         0.63
           64          100        50.82         1.26
          128          100        52.20         2.45
          256          100        51.77         4.94
          512          100        52.11         9.83
         1024          100        52.39        19.55
         2048          100        54.13        37.84
         4096          100        57.86        70.79
         8192          100        63.36       129.29
        16384          100        70.74       231.61
        32768          100        82.72       396.13
        65536          100        95.25       688.04
       131072          100       132.41       989.89
       262144          100       131.97      1986.40
       524288           80       189.64      2764.68
      1048576           40       251.02      4177.18
      2097152           20       294.84      7112.84
      4194304           10      2521.80      1663.22

#----------------------------------------------------------------
# Benchmarking Accumulate 
# #processes = 2 
# ( 14 additional processes waiting in MPI_Barrier)
#----------------------------------------------------------------
#
#    MODE: AGGREGATE 
#
       #bytes #repetitions  t_min[usec]  t_max[usec]  t_avg[usec]
            0         1000         0.19         0.19         0.19
            4         1000         3.01         3.01         3.01
            8         1000         2.88         2.88         2.88
           16         1000         3.75         3.75         3.75
           32         1000         3.76         3.77         3.76
           64         1000         3.73         3.73         3.73
          128         1000         4.48         4.49         4.49
          256         1000         4.57         4.58         4.58
          512         1000         4.75         4.77         4.76
         1024         1000         5.33         5.35         5.34
         2048         1000         5.94         5.96         5.95
         4096         1000         7.80         7.83         7.82
         8192         1000        12.04        12.06        12.05
        16384         1000        17.85        17.86        17.86
        32768         1000        30.07        30.09        30.08
        65536          640        49.89        49.93        49.91
       131072          320       158.17       180.40       169.28
       262144          160       605.00       691.50       648.25
       524288           80      1376.35      1526.09      1451.22
      1048576           40      3105.53      3106.25      3105.89
      2097152           20      5370.70      6064.09      5717.40
      4194304           10     10876.89     12124.20     11500.55

#----------------------------------------------------------------
# Benchmarking Accumulate 
# #processes = 2 
# ( 14 additional processes waiting in MPI_Barrier)
#----------------------------------------------------------------
#
#    MODE: NON-AGGREGATE 
#
       #bytes #repetitions  t_min[usec]  t_max[usec]  t_avg[usec]
            0          100        20.94        20.95        20.95
            4          100        41.15        41.33        41.24
            8          100        49.47        49.50        49.48
           16          100        38.48        38.52        38.50
           32          100        38.72        38.77        38.75
           64          100        38.15        38.37        38.26
          128          100        39.14        39.18        39.16
          256          100        39.35        39.38        39.36
          512          100        39.52        39.57        39.55
         1024          100        39.82        39.87        39.84
         2048          100        40.33        40.38        40.35
         4096          100        44.83        44.87        44.85
         8192          100        48.14        48.19        48.17
        16384          100        54.49        54.57        54.53
        32768          100        67.56        67.77        67.67
        65536          100        94.68        94.99        94.83
       131072          100       158.40       158.86       158.63
       262144          100       262.20       262.82       262.51
       524288           80       707.58       709.61       708.59
      1048576           40      1164.15      1175.33      1169.74
      2097152           20      6224.00      6273.70      6248.85
      4194304           10      9963.92     10174.80     10069.36

#----------------------------------------------------------------
# Benchmarking Accumulate 
# #processes = 4 
# ( 12 additional processes waiting in MPI_Barrier)
#----------------------------------------------------------------
#
#    MODE: AGGREGATE 
#
       #bytes #repetitions  t_min[usec]  t_max[usec]  t_avg[usec]
            0         1000         0.19         0.19         0.19
            4         1000         7.71         7.79         7.76
            8         1000         7.68         7.75         7.72
           16         1000         9.37        10.57        10.27
           32         1000        10.16        10.29        10.24
           64         1000        10.34        10.42        10.39
          128         1000        12.31        12.42        12.37
          256         1000        12.57        12.68        12.64
          512         1000        13.24        13.34        13.30
         1024         1000        13.69        13.77        13.73
         2048         1000        14.79        14.90        14.85
         4096         1000        17.84        18.79        18.33
         8192         1000        32.34        33.47        32.89
        16384         1000        48.05        49.12        48.60
        32768         1000        81.10        81.63        81.40
        65536          640       131.21       131.64       131.47
       131072          320       541.16       612.35       559.67
       262144          160      1542.11      1825.63      1613.03
       524288           80      2647.05      3907.82      3086.52
      1048576           40      5910.70      7901.10      6575.49
      2097152           20     11774.99     15865.35     13177.46
      4194304           10     23369.72     31858.30     27981.31

#----------------------------------------------------------------
# Benchmarking Accumulate 
# #processes = 4 
# ( 12 additional processes waiting in MPI_Barrier)
#----------------------------------------------------------------
#
#    MODE: NON-AGGREGATE 
#
       #bytes #repetitions  t_min[usec]  t_max[usec]  t_avg[usec]
            0          100        35.74        36.11        35.93
            4          100        56.27        56.50        56.38
            8          100        55.97        56.19        56.07
           16          100        62.44        62.67        62.53
           32          100        63.16        63.44        63.28
           64          100        61.79        62.07        61.88
          128          100        63.65        63.92        63.76
          256          100        63.83        64.17        63.94
          512          100        64.27        64.55        64.38
         1024          100        65.97        66.23        66.05
         2048          100        67.87        68.19        67.97
         4096          100        72.94        73.26        73.10
         8192          100        87.22        87.58        87.35
        16384          100       103.82       104.24       103.96
        32768          100       134.56       135.22       134.77
        65536          100       196.74       197.66       197.12
       131072          100       400.87       402.86       401.69
       262144          100       529.79       532.50       531.09
       524288           80      1302.26      1311.09      1304.55
      1048576           40      7552.20      7594.35      7569.07
      2097152           20     12802.80     13069.20     12939.55
      4194304           10     33831.50     35068.70     34304.64

#----------------------------------------------------------------
# Benchmarking Accumulate 
# #processes = 8 
# ( 8 additional processes waiting in MPI_Barrier)
#----------------------------------------------------------------
#
#    MODE: AGGREGATE 
#
       #bytes #repetitions  t_min[usec]  t_max[usec]  t_avg[usec]
            0         1000         0.21         0.21         0.21
            4         1000        17.84        17.95        17.89
            8         1000        18.10        18.23        18.17
           16         1000        25.72        25.90        25.79
           32         1000        25.32        25.43        25.37
           64         1000        26.49        26.82        26.60
          128         1000        30.17        30.40        30.27
          256         1000        30.77        30.83        30.80
          512         1000        33.26        33.32        33.29
         1024         1000        33.14        33.23        33.18
         2048         1000        36.19        36.31        36.24
         4096         1000        44.73        44.86        44.78
         8192         1000        76.33        76.53        76.39
        16384         1000       123.34       123.61       123.39
        32768         1000       196.53       196.79       196.58
        65536          640       333.27       333.50       333.37
       131072          320      1608.27      1786.03      1632.25
       262144          160      1659.24      2078.11      1734.57
       524288           80      3244.98      4857.46      3561.37
      1048576           40      6449.17      9975.90      7887.89
      2097152           20     12966.30     20194.10     15982.40
      4194304           10     26693.30     40898.80     31149.81

#----------------------------------------------------------------
# Benchmarking Accumulate 
# #processes = 8 
# ( 8 additional processes waiting in MPI_Barrier)
#----------------------------------------------------------------
#
#    MODE: NON-AGGREGATE 
#
       #bytes #repetitions  t_min[usec]  t_max[usec]  t_avg[usec]
            0          100        52.65        53.26        53.09
            4          100        90.06        90.38        90.18
            8          100        89.70        90.15        89.93
           16          100        98.36        98.94        98.58
           32          100        99.14        99.56        99.27
           64          100        98.31        98.83        98.47
          128          100       103.54       104.12       103.71
          256          100       104.57       105.07       104.76
          512          100       106.20       106.72       106.35
         1024          100       107.92       108.48       108.09
         2048          100       110.18       110.74       110.35
         4096          100       120.64       121.21       120.83
         8192          100       153.85       154.60       154.06
        16384          100       192.61       193.75       192.94
        32768          100       277.38       279.13       277.92
        65536          100       432.34       434.93       433.55
       131072          100       819.15       824.45       821.54
       262144          100       879.52       885.13       881.56
       524288           80      2417.70      2439.10      2422.91
      1048576           40      4578.70      4646.25      4604.96
      2097152           20     15243.96     15745.09     15418.37
      4194304           10     32974.29     34729.29     33813.71

#----------------------------------------------------------------
# Benchmarking Accumulate 
# #processes = 16 
#----------------------------------------------------------------
#
#    MODE: AGGREGATE 
#
       #bytes #repetitions  t_min[usec]  t_max[usec]  t_avg[usec]
            0         1000         0.27         0.27         0.27
            4         1000        37.77        37.94        37.87
            8         1000        37.48        37.66        37.57
           16         1000        53.97        55.81        55.38
           32         1000        56.01        56.09        56.05
           64         1000        55.75        55.82        55.79
          128         1000        60.83        60.96        60.91
          256         1000        64.65        64.88        64.78
          512         1000        69.25        69.48        69.38
         1024         1000        70.08        70.22        70.14
         2048         1000        75.87        75.94        75.90
         4096         1000        92.44        92.58        92.49
         8192         1000       182.60       183.28       182.70
        16384         1000       279.91       282.18       280.95
        32768         1000       478.54       479.98       478.89
        65536          640       788.67       790.30       789.58
       131072          320      4002.52      7399.01      5247.33
       262144          160      2483.59      3521.84      2754.87
       524288           80      4991.71      8543.35      5515.66
      1048576           40      9804.08     17243.93     10977.30
      2097152           20     19812.95     34726.20     22096.16
      4194304           10     39739.08     69469.50     44147.50

#----------------------------------------------------------------
# Benchmarking Accumulate 
# #processes = 16 
#----------------------------------------------------------------
#
#    MODE: NON-AGGREGATE 
#
       #bytes #repetitions  t_min[usec]  t_max[usec]  t_avg[usec]
            0          100        70.25        70.86        70.67
            4          100       140.72       141.60       140.99
            8          100       141.61       142.47       141.89
           16          100       158.56       159.32       158.76
           32          100       158.12       159.22       158.55
           64          100       157.71       158.83       158.17
          128          100       168.93       170.04       169.30
          256          100       169.45       170.94       169.90
          512          100       172.88       174.05       173.34
         1024          100       176.19       177.60       176.65
         2048          100       183.78       185.01       184.24
         4096          100       205.14       206.42       205.58
         8192          100       272.85       274.52       273.35
        16384          100       362.36       364.57       363.17
        32768          100       593.50       597.55       595.45
        65536          100       896.87       903.88       900.61
       131072          100      1582.79      1594.36      1588.73
       262144          100      1650.79      1663.42      1654.87
       524288           80      9283.38      9340.59      9301.18
      1048576           40     17406.05     17719.42     17557.58
      2097152           20     32781.55     34003.85     33306.78
      4194304           10     64087.99     67238.90     64870.73


# All processes entering MPI_Finalize

