#------------------------------------------------------------
#    Intel (R) MPI Benchmarks 2018 Update 1, MPI-2 part    
#------------------------------------------------------------
# Date                  : Thu Nov 30 17:43:11 2017
# Machine               : x86_64
# System                : Linux
# Release               : 4.4.74-92.35-default
# Version               : #1 SMP Mon Aug 7 18:24:48 UTC 2017 (c0fdc47)
# MPI Version           : 3.1
# MPI Thread Environment: 


# Calling sequence was: 

# ./IMB-EXT

# Minimum message length in bytes:   0
# Maximum message length in bytes:   4194304
#
# MPI_Datatype                   :   MPI_BYTE 
# MPI_Datatype for reductions    :   MPI_FLOAT
# MPI_Op                         :   MPI_SUM  
#
#

# List of Benchmarks to run:

# Window
# Unidir_Get
# Unidir_Put
# Bidir_Get
# Bidir_Put
# Accumulate

#----------------------------------------------------------------
# Benchmarking Window 
# #processes = 2 
# ( 62 additional processes waiting in MPI_Barrier)
#----------------------------------------------------------------
       #bytes #repetitions  t_min[usec]  t_max[usec]  t_avg[usec]
            0          100       105.15       105.16       105.16
            4          100       105.55       105.56       105.56
            8          100       105.43       105.45       105.44
           16          100       105.11       105.11       105.11
           32          100       105.47       105.48       105.48
           64          100       105.57       105.59       105.58
          128          100       105.90       105.90       105.90
          256          100       105.59       105.59       105.59
          512          100       105.92       105.92       105.92
         1024          100       105.66       105.67       105.66
         2048          100       105.89       105.89       105.89
         4096          100       108.06       108.07       108.07
         8192          100       106.94       106.95       106.95
        16384          100       106.79       106.80       106.79
        32768          100       106.83       106.83       106.83
        65536          100       106.91       106.92       106.91
       131072          100       107.55       107.55       107.55
       262144          100       106.52       106.53       106.52
       524288           80       107.22       107.23       107.22
      1048576           40       107.03       107.05       107.04
      2097152           20       108.19       108.24       108.22
      4194304           10       115.70       115.70       115.70

#----------------------------------------------------------------
# Benchmarking Window 
# #processes = 4 
# ( 60 additional processes waiting in MPI_Barrier)
#----------------------------------------------------------------
       #bytes #repetitions  t_min[usec]  t_max[usec]  t_avg[usec]
            0          100       152.79       153.20       153.09
            4          100       153.27       153.29       153.28
            8          100       156.71       156.74       156.72
           16          100       152.06       152.08       152.07
           32          100       152.53       152.54       152.53
           64          100       152.29       152.31       152.30
          128          100       152.92       152.93       152.93
          256          100       151.55       151.56       151.56
          512          100       152.02       152.03       152.02
         1024          100       151.10       151.11       151.10
         2048          100       151.93       151.94       151.94
         4096          100       151.79       151.81       151.80
         8192          100       151.21       151.23       151.22
        16384          100       151.72       151.74       151.73
        32768          100       150.94       150.95       150.95
        65536          100       151.46       151.47       151.46
       131072          100       152.41       152.41       152.41
       262144          100       151.52       151.54       151.53
       524288           80       151.55       151.55       151.55
      1048576           40       151.93       151.98       151.96
      2097152           20       153.51       153.60       153.57
      4194304           10       154.59       154.69       154.64

#----------------------------------------------------------------
# Benchmarking Window 
# #processes = 8 
# ( 56 additional processes waiting in MPI_Barrier)
#----------------------------------------------------------------
       #bytes #repetitions  t_min[usec]  t_max[usec]  t_avg[usec]
            0          100       204.81       204.83       204.82
            4          100       204.93       204.99       204.97
            8          100       203.74       203.78       203.75
           16          100       206.19       206.25       206.21
           32          100       203.57       203.63       203.60
           64          100       204.16       204.20       204.19
          128          100       203.74       203.76       203.75
          256          100       202.32       202.39       202.36
          512          100       202.76       202.82       202.80
         1024          100       203.30       203.32       203.31
         2048          100       209.23       209.37       209.31
         4096          100       203.17       203.22       203.19
         8192          100       205.12       205.52       205.37
        16384          100       203.85       203.89       203.87
        32768          100       203.55       203.57       203.56
        65536          100       203.57       203.61       203.59
       131072          100       202.88       202.95       202.91
       262144          100       202.57       202.60       202.59
       524288           80       221.85       221.90       221.88
      1048576           40       204.68       204.72       204.69
      2097152           20       210.39       210.69       210.49
      4194304           10       205.49       206.11       205.81

#----------------------------------------------------------------
# Benchmarking Window 
# #processes = 16 
# ( 48 additional processes waiting in MPI_Barrier)
#----------------------------------------------------------------
       #bytes #repetitions  t_min[usec]  t_max[usec]  t_avg[usec]
            0          100       273.63       273.66       273.64
            4          100       275.17       275.53       275.34
            8          100       270.35       270.40       270.37
           16          100       265.05       265.09       265.06
           32          100       269.23       269.27       269.25
           64          100       277.18       277.45       277.21
          128          100       262.23       262.30       262.27
          256          100       263.42       263.47       263.44
          512          100       262.35       262.39       262.37
         1024          100       272.13       272.56       272.34
         2048          100       266.97       267.04       267.00
         4096          100       267.28       267.33       267.30
         8192          100       270.24       270.66       270.59
        16384          100       265.09       265.14       265.11
        32768          100       265.47       265.57       265.51
        65536          100       273.84       273.89       273.86
       131072          100       266.88       266.91       266.89
       262144          100       265.24       265.66       265.35
       524288           80       266.19       266.30       266.25
      1048576           40       271.02       271.18       271.11
      2097152           20       281.25       281.55       281.39
      4194304           10       278.00       278.90       278.45

#----------------------------------------------------------------
# Benchmarking Window 
# #processes = 32 
# ( 32 additional processes waiting in MPI_Barrier)
#----------------------------------------------------------------
       #bytes #repetitions  t_min[usec]  t_max[usec]  t_avg[usec]
            0          100       363.29       363.64       363.34
            4          100       349.46       349.51       349.48
            8          100       345.35       345.45       345.40
           16          100       362.02       362.25       362.07
           32          100       350.19       350.21       350.20
           64          100       346.58       346.64       346.62
          128          100       349.27       349.62       349.56
          256          100       342.68       342.76       342.73
          512          100       344.88       344.95       344.92
         1024          100       345.42       345.47       345.45
         2048          100       343.66       343.72       343.69
         4096          100       344.29       344.86       344.44
         8192          100       342.10       342.19       342.16
        16384          100       340.73       340.90       340.76
        32768          100       337.65       337.70       337.67
        65536          100       345.90       345.93       345.92
       131072          100       344.77       344.83       344.80
       262144          100       372.68       372.72       372.70
       524288           80       365.39       365.82       365.48
      1048576           40       369.95       370.10       370.02
      2097152           20       371.10       372.90       371.98
      4194304           10       379.80       385.31       382.44

#----------------------------------------------------------------
# Benchmarking Window 
# #processes = 64 
#----------------------------------------------------------------
       #bytes #repetitions  t_min[usec]  t_max[usec]  t_avg[usec]
            0          100       475.35       475.66       475.59
            4          100       450.08       450.16       450.13
            8          100       440.08       440.23       440.12
           16          100       452.11       452.40       452.21
           32          100       443.19       443.60       443.41
           64          100       440.98       441.28       441.02
          128          100       444.18       444.55       444.25
          256          100       433.04       433.36       433.29
          512          100       436.80       437.06       436.97
         1024          100       440.02       440.18       440.04
         2048          100       441.78       442.08       441.88
         4096          100       442.66       442.90       442.74
         8192          100       441.36       441.45       441.40
        16384          100       438.96       439.30       439.21
        32768          100       435.69       435.90       435.72
        65536          100       440.98       441.30       441.05
       131072          100       433.60       433.93       433.65
       262144          100       431.86       432.21       432.04
       524288           80       458.57       459.00       458.95
      1048576           40       470.05       471.08       470.90
      2097152           20       464.89       467.46       467.24
      4194304           10       490.00       494.10       492.19

#---------------------------------------------------
# Benchmarking Unidir_Get 
# #processes = 2 
# ( 62 additional processes waiting in MPI_Barrier)
#---------------------------------------------------
#
#    MODE: AGGREGATE 
#
       #bytes #repetitions      t[usec]   Mbytes/sec
            0         1000         0.18         0.00
            4         1000         7.74         0.52
            8         1000         7.61         1.05
           16         1000         7.61         2.10
           32         1000         7.49         4.27
           64         1000         7.43         8.61
          128         1000         7.29        17.56
          256         1000         7.54        33.94
          512         1000         7.95        64.40
         1024         1000         9.02       113.51
         2048         1000        10.16       201.62
         4096         1000        13.96       293.35
         8192         1000        15.80       518.42
        16384         1000        21.18       773.53
        32768         1000        28.38      1154.53
        65536          640        72.86       899.51
       131072          320       160.17       818.34
       262144          160       623.82       420.22
       524288           80      1196.01       438.36
      1048576           40      2495.65       420.16
      2097152           20      6341.55       330.70
      4194304           10      9554.51       438.99

#---------------------------------------------------
# Benchmarking Unidir_Get 
# #processes = 2 
# ( 62 additional processes waiting in MPI_Barrier)
#---------------------------------------------------
#
#    MODE: NON-AGGREGATE 
#
       #bytes #repetitions      t[usec]   Mbytes/sec
            0          100        20.86         0.00
            4          100        45.71         0.09
            8          100        45.60         0.18
           16          100        46.50         0.34
           32          100        46.59         0.69
           64          100        46.56         1.37
          128          100        47.15         2.71
          256          100        47.18         5.43
          512          100        47.44        10.79
         1024          100        48.12        21.28
         2048          100        48.67        42.08
         4096          100        51.40        79.69
         8192          100        54.76       149.60
        16384          100        58.73       278.97
        32768          100        65.21       502.50
        65536          100        96.37       680.04
       131072          100       133.09       984.84
       262144          100       197.32      1328.52
       524288           80       448.55      1168.85
      1048576           40       798.62      1312.98
      2097152           20      1318.25      1590.86
      4194304           10      2342.89      1790.23

#---------------------------------------------------
# Benchmarking Unidir_Put 
# #processes = 2 
# ( 62 additional processes waiting in MPI_Barrier)
#---------------------------------------------------
#
#    MODE: AGGREGATE 
#
       #bytes #repetitions      t[usec]   Mbytes/sec
            0         1000         0.18         0.00
            4         1000         2.68         1.49
            8         1000         2.55         3.14
           16         1000         3.09         5.18
           32         1000         3.35         9.57
           64         1000         3.27        19.58
          128         1000         4.06        31.53
          256         1000         4.04        63.30
          512         1000         4.05       126.32
         1024         1000         4.46       229.75
         2048         1000         5.02       408.13
         4096         1000         6.49       631.13
         8192         1000        10.01       818.56
        16384         1000        12.80      1280.41
        32768         1000        21.55      1520.34
        65536          640        24.06      2724.30
       131072          320       111.80      1172.41
       262144          160        42.22      6209.08
       524288           80        62.26      8420.54
      1048576           40        99.38     10551.30
      2097152           20       183.31     11440.58
      4194304           10       359.99     11651.23

#---------------------------------------------------
# Benchmarking Unidir_Put 
# #processes = 2 
# ( 62 additional processes waiting in MPI_Barrier)
#---------------------------------------------------
#
#    MODE: NON-AGGREGATE 
#
       #bytes #repetitions      t[usec]   Mbytes/sec
            0          100        21.15         0.00
            4          100        36.55         0.11
            8          100        36.41         0.22
           16          100        37.87         0.42
           32          100        38.12         0.84
           64          100        38.19         1.68
          128          100        38.37         3.34
          256          100        38.29         6.69
          512          100        38.55        13.28
         1024          100        38.78        26.41
         2048          100        39.32        52.09
         4096          100        43.07        95.10
         8192          100        47.38       172.90
        16384          100        49.66       329.92
        32768          100        55.29       592.66
        65536          100        64.68      1013.23
       131072          100        77.14      1699.14
       262144          100        97.91      2677.36
       524288           80       151.29      3465.55
      1048576           40       160.18      6546.42
      2097152           20       247.55      8471.63
      4194304           10       425.60      9855.01

#---------------------------------------------------
# Benchmarking Bidir_Get 
# #processes = 2 
# ( 62 additional processes waiting in MPI_Barrier)
#---------------------------------------------------
#
#    MODE: AGGREGATE 
#
       #bytes #repetitions      t[usec]   Mbytes/sec
            0         1000         0.18         0.00
            4         1000        14.58         0.27
            8         1000        14.53         0.55
           16         1000        15.18         1.05
           32         1000        15.58         2.05
           64         1000        15.66         4.09
          128         1000        16.86         7.59
          256         1000        16.30        15.71
          512         1000        17.20        29.76
         1024         1000        18.12        56.52
         2048         1000        19.27       106.25
         4096         1000        30.34       135.01
         8192         1000        34.60       236.80
        16384         1000        68.61       238.79
        32768         1000       112.64       290.91
        65536          640       201.42       325.37
       131072          320       356.82       367.33
       262144          160       537.02       488.15
       524288           80      1520.14       344.89
      1048576           40      3059.62       342.71
      2097152           20      6872.59       305.15
      4194304           10     12013.70       349.13

#---------------------------------------------------
# Benchmarking Bidir_Get 
# #processes = 2 
# ( 62 additional processes waiting in MPI_Barrier)
#---------------------------------------------------
#
#    MODE: NON-AGGREGATE 
#
       #bytes #repetitions      t[usec]   Mbytes/sec
            0          100        20.89         0.00
            4          100        56.80         0.07
            8          100        56.83         0.14
           16          100        57.96         0.28
           32          100        58.38         0.55
           64          100        58.48         1.09
          128          100        59.01         2.17
          256          100        59.18         4.33
          512          100        59.16         8.65
         1024          100        86.57        11.83
         2048          100        77.37        26.47
         4096          100        65.82        62.23
         8192          100        73.09       112.08
        16384          100        78.30       209.25
        32768          100        90.62       361.60
        65536          100       122.94       533.07
       131072          100       216.78       604.63
       262144          100       381.02       688.00
       524288           80       589.96       888.68
      1048576           40       875.97      1197.04
      2097152           20      1403.31      1494.43
      4194304           10      8158.30       514.11

#---------------------------------------------------
# Benchmarking Bidir_Put 
# #processes = 2 
# ( 62 additional processes waiting in MPI_Barrier)
#---------------------------------------------------
#
#    MODE: AGGREGATE 
#
       #bytes #repetitions      t[usec]   Mbytes/sec
            0         1000         0.18         0.00
            4         1000         8.02         0.50
            8         1000         7.94         1.01
           16         1000         9.22         1.73
           32         1000         9.38         3.41
           64         1000         9.54         6.71
          128         1000        10.52        12.16
          256         1000        10.44        24.51
          512         1000        11.29        45.34
         1024         1000        12.39        82.62
         2048         1000        14.16       144.66
         4096         1000        18.68       219.30
         8192         1000        28.44       288.02
        16384         1000        65.79       249.03
        32768         1000       110.40       296.81
        65536          640       172.15       380.70
       131072          320       267.37       490.23
       262144          160        70.22      3733.25
       524288           80       103.23      5079.02
      1048576           40       148.98      7038.56
      2097152           20       216.51      9686.26
      4194304           10       405.60     10341.05

#---------------------------------------------------
# Benchmarking Bidir_Put 
# #processes = 2 
# ( 62 additional processes waiting in MPI_Barrier)
#---------------------------------------------------
#
#    MODE: NON-AGGREGATE 
#
       #bytes #repetitions      t[usec]   Mbytes/sec
            0          100        21.98         0.00
            4          100        49.22         0.08
            8          100        48.76         0.16
           16          100        51.17         0.31
           32          100        51.36         0.62
           64          100        50.83         1.26
          128          100        51.97         2.46
          256          100        52.25         4.90
          512          100        52.64         9.73
         1024          100        53.01        19.32
         2048          100        53.69        38.15
         4096          100        63.58        64.42
         8192          100        64.88       126.26
        16384          100        70.78       231.47
        32768          100        85.38       383.79
        65536          100        95.61       685.45
       131072          100       116.05      1129.44
       262144          100       117.03      2239.97
       524288           80       141.53      3704.55
      1048576           40       198.50      5282.46
      2097152           20       362.46      5785.95
      4194304           10       492.91      8509.33

#----------------------------------------------------------------
# Benchmarking Accumulate 
# #processes = 2 
# ( 62 additional processes waiting in MPI_Barrier)
#----------------------------------------------------------------
#
#    MODE: AGGREGATE 
#
       #bytes #repetitions  t_min[usec]  t_max[usec]  t_avg[usec]
            0         1000         0.19         0.19         0.19
            4         1000         3.09         3.09         3.09
            8         1000         2.99         3.04         3.02
           16         1000         3.83         3.83         3.83
           32         1000         3.93         3.93         3.93
           64         1000         3.91         3.93         3.92
          128         1000         4.51         4.51         4.51
          256         1000         4.68         4.69         4.68
          512         1000         4.91         4.93         4.92
         1024         1000         5.38         5.40         5.39
         2048         1000         5.94         5.96         5.95
         4096         1000         7.70         7.72         7.71
         8192         1000        12.22        12.24        12.23
        16384         1000        17.79        17.80        17.79
        32768         1000        30.36        30.37        30.36
        65536          640        46.87        46.90        46.89
       131072          320       154.95       175.72       165.33
       262144          160       476.02       545.72       510.87
       524288           80       845.58      1109.51       977.54
      1048576           40      1743.13      2279.57      2011.35
      2097152           20      3677.00      4734.85      4205.92
      4194304           10      7262.28      9396.22      8329.25

#----------------------------------------------------------------
# Benchmarking Accumulate 
# #processes = 2 
# ( 62 additional processes waiting in MPI_Barrier)
#----------------------------------------------------------------
#
#    MODE: NON-AGGREGATE 
#
       #bytes #repetitions  t_min[usec]  t_max[usec]  t_avg[usec]
            0          100        21.86        21.91        21.88
            4          100        37.01        37.08        37.04
            8          100        36.84        36.90        36.87
           16          100        38.58        38.64        38.61
           32          100        38.61        38.67        38.64
           64          100        38.38        38.43        38.41
          128          100        39.11        39.14        39.12
          256          100        38.88        38.92        38.90
          512          100        39.19        39.22        39.21
         1024          100        39.35        39.37        39.36
         2048          100        40.04        40.05        40.04
         4096          100        43.79        43.80        43.80
         8192          100        48.21        48.21        48.21
        16384          100        55.34        55.37        55.35
        32768          100        67.87        68.25        68.06
        65536          100        90.32        90.57        90.45
       131072          100       151.06       151.27       151.16
       262144          100       259.89       260.02       259.96
       524288           80       721.01       723.15       722.08
      1048576           40      1185.73      1196.50      1191.12
      2097152           20      5842.65      5892.61      5867.63
      4194304           10      8894.59      9108.40      9001.49

#----------------------------------------------------------------
# Benchmarking Accumulate 
# #processes = 4 
# ( 60 additional processes waiting in MPI_Barrier)
#----------------------------------------------------------------
#
#    MODE: AGGREGATE 
#
       #bytes #repetitions  t_min[usec]  t_max[usec]  t_avg[usec]
            0         1000         0.27         0.27         0.27
            4         1000         7.73         7.82         7.78
            8         1000         7.78         7.88         7.84
           16         1000        11.15        11.31        11.23
           32         1000        10.22        10.36        10.31
           64         1000        10.24        10.34        10.30
          128         1000        12.23        12.36        12.30
          256         1000        12.27        12.41        12.35
          512         1000        13.18        13.30        13.25
         1024         1000        13.38        13.53        13.46
         2048         1000        14.67        14.83        14.75
         4096         1000        18.44        19.44        19.00
         8192         1000        32.56        32.73        32.64
        16384         1000        48.48        48.89        48.68
        32768         1000        79.54        79.95        79.74
        65536          640       127.33       128.34       127.92
       131072          320       519.99       583.73       536.44
       262144          160      1101.44      1342.81      1165.57
       524288           80      1790.15      2968.19      2487.38
      1048576           40      4374.43      6000.33      5225.12
      2097152           20      7644.70     12383.84     10365.27
      4194304           10     17476.20     24289.20     19526.45

#----------------------------------------------------------------
# Benchmarking Accumulate 
# #processes = 4 
# ( 60 additional processes waiting in MPI_Barrier)
#----------------------------------------------------------------
#
#    MODE: NON-AGGREGATE 
#
       #bytes #repetitions  t_min[usec]  t_max[usec]  t_avg[usec]
            0          100        42.22        42.42        42.35
            4          100        59.44        59.65        59.53
            8          100        59.44        59.70        59.56
           16          100        62.08        62.35        62.16
           32          100        62.59        62.86        62.68
           64          100        62.17        62.41        62.25
          128          100        63.64        63.87        63.71
          256          100        63.72        63.99        63.80
          512          100        65.35        65.59        65.42
         1024          100        64.28        64.56        64.36
         2048          100        66.15        66.39        66.22
         4096          100        72.34        72.66        72.49
         8192          100        87.06        87.37        87.14
        16384          100       103.45       103.88       103.59
        32768          100       158.35       158.98       158.54
        65536          100       190.97       192.01       191.42
       131072          100       375.90       377.80       376.68
       262144          100       496.65       498.42       497.18
       524288           80      1323.52      1333.08      1326.20
      1048576           40      7941.15      7986.28      7958.89
      2097152           20     11892.14     12054.30     11945.13
      4194304           10     30684.90     32019.40     31366.46

#----------------------------------------------------------------
# Benchmarking Accumulate 
# #processes = 8 
# ( 56 additional processes waiting in MPI_Barrier)
#----------------------------------------------------------------
#
#    MODE: AGGREGATE 
#
       #bytes #repetitions  t_min[usec]  t_max[usec]  t_avg[usec]
            0         1000         0.20         0.25         0.23
            4         1000        18.15        18.27        18.20
            8         1000        18.05        18.10        18.08
           16         1000        25.60        25.75        25.65
           32         1000        26.22        26.31        26.26
           64         1000        26.03        26.11        26.07
          128         1000        29.23        29.31        29.27
          256         1000        30.07        30.15        30.11
          512         1000        30.27        30.36        30.31
         1024         1000        32.13        32.37        32.21
         2048         1000        35.35        35.45        35.40
         4096         1000        43.78        43.90        43.81
         8192         1000        75.97        76.26        76.07
        16384         1000       115.46       115.69       115.51
        32768         1000       195.03       195.66       195.24
        65536          640       319.66       320.33       319.95
       131072          320      1489.31      1645.64      1509.62
       262144          160      1026.88      1443.00      1095.65
       524288           80      2149.38      3647.81      2415.93
      1048576           40      4319.10      7493.85      5606.92
      2097152           20      9031.65     14752.10      9871.99
      4194304           10     17991.50     29587.39     21090.77

#----------------------------------------------------------------
# Benchmarking Accumulate 
# #processes = 8 
# ( 56 additional processes waiting in MPI_Barrier)
#----------------------------------------------------------------
#
#    MODE: NON-AGGREGATE 
#
       #bytes #repetitions  t_min[usec]  t_max[usec]  t_avg[usec]
            0          100        51.82        52.05        51.96
            4          100        89.42        89.77        89.54
            8          100        89.34        89.68        89.46
           16          100        97.98        98.49        98.17
           32          100        97.97        98.81        98.47
           64          100        98.93        99.42        99.09
          128          100       102.09       102.56       102.26
          256          100       102.71       103.27       102.93
          512          100       104.84       105.40       105.04
         1024          100       105.29       105.84       105.47
         2048          100       109.78       110.41       110.03
         4096          100       119.53       120.05       119.70
         8192          100       151.90       152.68       152.14
        16384          100       187.28       188.35       187.61
        32768          100       266.52       268.15       266.99
        65536          100       416.47       418.96       417.53
       131072          100       782.90       788.00       785.25
       262144          100       859.27       865.55       861.77
       524288           80      2376.40      2398.89      2384.26
      1048576           40      4596.25      4662.82      4625.04
      2097152           20     13789.40     14228.81     13904.00
      4194304           10     26490.50     28546.50     27743.50

#----------------------------------------------------------------
# Benchmarking Accumulate 
# #processes = 16 
# ( 48 additional processes waiting in MPI_Barrier)
#----------------------------------------------------------------
#
#    MODE: AGGREGATE 
#
       #bytes #repetitions  t_min[usec]  t_max[usec]  t_avg[usec]
            0         1000         0.21         0.22         0.21
            4         1000        37.89        38.14        38.02
            8         1000        37.52        37.62        37.58
           16         1000        53.71        54.84        54.49
           32         1000        56.45        56.50        56.48
           64         1000        55.98        56.25        56.10
          128         1000        63.43        63.75        63.59
          256         1000        64.28        64.35        64.33
          512         1000        69.80        69.90        69.85
         1024         1000        70.22        70.34        70.29
         2048         1000        73.71        73.85        73.77
         4096         1000        92.76        92.91        92.82
         8192         1000       179.26       180.29       179.48
        16384         1000       270.95       272.22       271.20
        32768         1000       460.81       463.03       461.78
        65536          640       764.24       765.75       765.11
       131072          320      3842.39      7662.24      5471.51
       262144          160      1900.98      2836.21      1997.70
       524288           80      3748.74      7099.34      4230.11
      1048576           40      7504.37     14503.80      8867.14
      2097152           20     15029.74     28720.20     16869.51
      4194304           10     29711.60     58218.22     34210.34

#----------------------------------------------------------------
# Benchmarking Accumulate 
# #processes = 16 
# ( 48 additional processes waiting in MPI_Barrier)
#----------------------------------------------------------------
#
#    MODE: NON-AGGREGATE 
#
       #bytes #repetitions  t_min[usec]  t_max[usec]  t_avg[usec]
            0          100        70.11        70.55        70.43
            4          100       142.06       142.87       142.31
            8          100       141.00       141.85       141.29
           16          100       158.90       159.97       159.27
           32          100       159.24       160.38       159.69
           64          100       159.63       160.78       160.08
          128          100       167.46       168.54       167.87
          256          100       169.52       170.73       169.99
          512          100       175.83       177.05       176.31
         1024          100       175.38       176.59       175.77
         2048          100       183.05       184.31       183.56
         4096          100       203.86       205.31       204.49
         8192          100       265.25       266.88       265.80
        16384          100       343.68       346.09       344.56
        32768          100       558.22       562.14       560.02
        65536          100       875.27       881.08       878.21
       131072          100      1548.71      1560.01      1554.69
       262144          100      1621.88      1634.05      1625.70
       524288           80      4710.76      4761.15      4725.76
      1048576           40     14525.05     14780.97     14620.23
      2097152           20     28070.70     29133.14     28434.92
      4194304           10     56035.59     60329.01     58077.80

#----------------------------------------------------------------
# Benchmarking Accumulate 
# #processes = 32 
# ( 32 additional processes waiting in MPI_Barrier)
#----------------------------------------------------------------
#
#    MODE: AGGREGATE 
#
       #bytes #repetitions  t_min[usec]  t_max[usec]  t_avg[usec]
            0         1000         0.25         0.29         0.26
            4         1000        40.95       211.19       152.60
            8         1000        78.04        78.58        78.34
           16         1000       112.44       112.66       112.51
           32         1000       109.05       109.46       109.28
           64         1000        98.10       194.76       128.67
          128         1000       210.75       212.04       211.21
          256         1000       125.83       126.08       125.92
          512         1000        95.45       223.20       160.99
         1024         1000       111.16       206.10       137.13
         2048         1000       119.84       213.68       143.98
         4096         1000       326.95       334.70       328.44
         8192         1000       399.39       401.33       399.75
        16384         1000       596.28       599.12       596.57
        32768         1000      1051.40      1054.23      1051.70
        65536          640      1664.27      1664.43      1664.36
       131072          320     21370.16     28059.71     23812.79
       262144          160     32224.68     35624.43     33375.21
       524288           80      8563.63     16249.59      9705.84
      1048576           40     14969.60    116748.52     41817.06
      2097152           20     31706.05     65576.76     38458.69
      4194304           10     67319.99    131683.40     90013.81

#----------------------------------------------------------------
# Benchmarking Accumulate 
# #processes = 32 
# ( 32 additional processes waiting in MPI_Barrier)
#----------------------------------------------------------------
#
#    MODE: NON-AGGREGATE 
#
       #bytes #repetitions  t_min[usec]  t_max[usec]  t_avg[usec]
            0          100        95.81        96.74        96.56
            4          100       234.49       236.11       235.08
            8          100       234.66       236.40       235.26
           16          100       267.32       269.46       268.19
           32          100       268.01       270.15       268.81
           64          100       269.43       271.34       270.20
          128          100       287.01       289.27       287.87
          256          100       288.96       291.32       289.92
          512          100       295.74       297.58       296.60
         1024          100       299.67       302.04       300.61
         2048          100       315.22       317.76       316.19
         4096          100       357.33       360.85       358.98
         8192          100       497.79       501.60       499.40
        16384          100       710.87       716.30       713.12
        32768          100      1168.60      1177.85      1173.14
        65536          100      1783.71      1796.70      1791.55
       131072          100      3024.45      3045.95      3037.30
       262144          100      7199.27      7228.04      7207.40
       524288           80     14905.94     15036.34     14960.70
      1048576           40     29560.40     30101.05     29759.32
      2097152           20     55100.19     57089.05     55720.95
      4194304           10    110254.19    116377.09    111402.75

#----------------------------------------------------------------
# Benchmarking Accumulate 
# #processes = 64 
#----------------------------------------------------------------
#
#    MODE: AGGREGATE 
#
       #bytes #repetitions  t_min[usec]  t_max[usec]  t_avg[usec]
            0         1000         0.23         0.33         0.29
            4         1000       242.36       243.26       242.62
            8         1000       368.80       382.69       369.30
           16         1000       263.14       263.97       263.39
           32         1000       106.28       412.67       244.55
           64         1000       125.29       269.50       204.61
          128         1000       288.20       379.41       304.16
          256         1000       278.65       383.04       292.01
          512         1000       290.79       430.97       303.60
         1024         1000       306.80       402.96       323.24
         2048         1000       163.81       439.82       291.01
         4096         1000       346.09       502.22       382.13
         8192         1000       752.28       870.70       796.71
        16384         1000      1298.19      1303.72      1298.34
        32768         1000      2213.07      2273.95      2219.53
        65536          640      3425.13      3446.56      3426.50
       131072          124      9863.40     72123.41     59439.78
       262144           62     76846.74    162654.97     81139.58
       524288           56     15229.36    100273.97     55390.57
      1048576           30    177880.67    214615.10    182555.46
      2097152           17    127083.65    311372.35    209682.65
      4194304            9    563856.44    784088.35    585101.90

#----------------------------------------------------------------
# Benchmarking Accumulate 
# #processes = 64 
#----------------------------------------------------------------
#
#    MODE: NON-AGGREGATE 
#
       #bytes #repetitions  t_min[usec]  t_max[usec]  t_avg[usec]
            0          100       116.74       118.87       118.58
            4          100       397.78       401.10       398.84
            8          100       397.89       401.24       398.98
           16          100       461.91       466.05       463.43
           32          100       463.09       467.11       464.55
           64          100       460.39       464.35       461.82
          128          100       501.85       506.27       503.38
          256          100       503.66       508.06       505.20
          512          100       517.17       521.73       519.00
         1024          100       528.03       532.60       529.70
         2048          100       556.01       561.07       557.91
         4096          100       641.44       646.86       643.61
         8192          100       951.29       959.32       955.03
        16384          100      1391.51      1403.47      1396.93
        32768          100      2323.85      2343.27      2334.63
        65536          100      3687.53      3718.74      3708.76
       131072          100      6163.34      6217.97      6201.46
       262144          100     14812.15     14916.88     14868.20
       524288           80     30675.79     30990.36     30828.73
      1048576           40     57521.50     58678.23     57965.87
      2097152           20    107788.75    111988.90    109138.60
      4194304           10    213747.31    227240.90    216844.90


# All processes entering MPI_Finalize

