#------------------------------------------------------------
#    Intel (R) MPI Benchmarks 2018 Update 1, MPI-2 part    
#------------------------------------------------------------
# Date                  : Thu Nov 30 17:03:32 2017
# Machine               : x86_64
# System                : Linux
# Release               : 4.4.74-92.35-default
# Version               : #1 SMP Mon Aug 7 18:24:48 UTC 2017 (c0fdc47)
# MPI Version           : 3.1
# MPI Thread Environment: 


# Calling sequence was: 

# ./IMB-EXT

# Minimum message length in bytes:   0
# Maximum message length in bytes:   4194304
#
# MPI_Datatype                   :   MPI_BYTE 
# MPI_Datatype for reductions    :   MPI_FLOAT
# MPI_Op                         :   MPI_SUM  
#
#

# List of Benchmarks to run:

# Window
# Unidir_Get
# Unidir_Put
# Bidir_Get
# Bidir_Put
# Accumulate

#----------------------------------------------------------------
# Benchmarking Window 
# #processes = 2 
# ( 30 additional processes waiting in MPI_Barrier)
#----------------------------------------------------------------
       #bytes #repetitions  t_min[usec]  t_max[usec]  t_avg[usec]
            0          100       105.09       105.11       105.10
            4          100       106.67       106.68       106.68
            8          100       105.47       105.47       105.47
           16          100       105.94       105.95       105.95
           32          100       105.65       105.66       105.66
           64          100       105.90       105.91       105.91
          128          100       105.79       105.79       105.79
          256          100       105.88       105.88       105.88
          512          100       106.07       106.08       106.07
         1024          100       105.54       105.55       105.55
         2048          100       106.69       106.69       106.69
         4096          100       105.95       105.95       105.95
         8192          100       107.01       107.01       107.01
        16384          100       106.57       106.57       106.57
        32768          100       107.62       107.62       107.62
        65536          100       106.85       106.85       106.85
       131072          100       107.90       107.91       107.90
       262144          100       106.80       106.81       106.80
       524288           80       106.11       106.11       106.11
      1048576           40       107.05       107.07       107.06
      2097152           20       105.75       105.81       105.78
      4194304           10       107.88       107.91       107.90

#----------------------------------------------------------------
# Benchmarking Window 
# #processes = 4 
# ( 28 additional processes waiting in MPI_Barrier)
#----------------------------------------------------------------
       #bytes #repetitions  t_min[usec]  t_max[usec]  t_avg[usec]
            0          100       154.52       154.54       154.53
            4          100       154.49       154.51       154.50
            8          100       153.07       153.08       153.08
           16          100       156.43       156.44       156.43
           32          100       152.45       152.50       152.48
           64          100       150.37       150.39       150.38
          128          100       150.83       150.88       150.86
          256          100       148.22       148.23       148.22
          512          100       148.88       148.95       148.91
         1024          100       149.14       149.15       149.15
         2048          100       148.25       148.26       148.25
         4096          100       148.97       148.98       148.98
         8192          100       148.67       148.69       148.68
        16384          100       149.58       149.59       149.58
        32768          100       149.06       149.07       149.07
        65536          100       148.60       148.61       148.60
       131072          100       148.87       148.89       148.88
       262144          100       149.22       149.25       149.23
       524288           80       150.16       150.18       150.17
      1048576           40       155.43       155.43       155.43
      2097152           20       157.80       157.85       157.82
      4194304           10       162.39       162.48       162.42

#----------------------------------------------------------------
# Benchmarking Window 
# #processes = 8 
# ( 24 additional processes waiting in MPI_Barrier)
#----------------------------------------------------------------
       #bytes #repetitions  t_min[usec]  t_max[usec]  t_avg[usec]
            0          100       203.94       203.95       203.95
            4          100       203.29       203.34       203.31
            8          100       201.99       202.04       202.02
           16          100       203.17       203.22       203.20
           32          100       204.53       204.58       204.56
           64          100       203.87       203.90       203.89
          128          100       198.93       198.97       198.95
          256          100       198.42       198.44       198.42
          512          100       204.47       204.49       204.48
         1024          100       199.89       199.94       199.92
         2048          100       199.46       199.49       199.47
         4096          100       199.05       199.07       199.06
         8192          100       199.50       199.52       199.51
        16384          100       200.24       200.26       200.25
        32768          100       199.70       199.72       199.71
        65536          100       199.99       200.05       200.01
       131072          100       201.78       201.86       201.82
       262144          100       199.18       199.21       199.19
       524288           80       200.56       200.59       200.58
      1048576           40       203.68       203.78       203.75
      2097152           20       206.45       206.65       206.53
      4194304           10       211.29       211.79       211.52

#----------------------------------------------------------------
# Benchmarking Window 
# #processes = 16 
# ( 16 additional processes waiting in MPI_Barrier)
#----------------------------------------------------------------
       #bytes #repetitions  t_min[usec]  t_max[usec]  t_avg[usec]
            0          100       269.18       269.27       269.22
            4          100       272.10       272.13       272.11
            8          100       267.10       267.18       267.14
           16          100       264.17       264.27       264.23
           32          100       261.94       261.97       261.96
           64          100       270.10       270.76       270.53
          128          100       264.64       264.70       264.67
          256          100       260.53       260.60       260.57
          512          100       269.89       269.94       269.91
         1024          100       263.02       263.07       263.05
         2048          100       261.08       261.13       261.11
         4096          100       262.95       263.02       262.99
         8192          100       265.72       265.79       265.76
        16384          100       272.79       272.85       272.82
        32768          100       270.84       270.90       270.87
        65536          100       268.31       268.34       268.33
       131072          100       269.28       269.33       269.30
       262144          100       273.33       273.55       273.44
       524288           80       272.76       272.83       272.81
      1048576           40       270.65       271.37       270.83
      2097152           20       270.09       270.35       270.22
      4194304           10       287.91       288.20       288.06

#----------------------------------------------------------------
# Benchmarking Window 
# #processes = 32 
#----------------------------------------------------------------
       #bytes #repetitions  t_min[usec]  t_max[usec]  t_avg[usec]
            0          100       361.92       362.03       361.97
            4          100       357.58       357.63       357.61
            8          100       349.86       349.91       349.89
           16          100       452.01       452.29       452.24
           32          100       351.71       352.12       352.02
           64          100       360.16       360.27       360.23
          128          100       347.34       347.42       347.38
          256          100       344.72       344.77       344.74
          512          100       338.73       338.78       338.76
         1024          100       370.48       370.91       370.71
         2048          100       349.71       349.83       349.78
         4096          100       347.76       347.98       347.84
         8192          100       341.41       341.71       341.58
        16384          100       344.59       344.63       344.61
        32768          100       353.29       353.32       353.30
        65536          100       351.18       351.27       351.23
       131072          100       341.20       341.25       341.23
       262144          100       340.37       340.78       340.75
       524288           80       345.39       346.16       345.72
      1048576           40       349.72       349.87       349.81
      2097152           20       352.39       352.55       352.47
      4194304           10       376.89       377.92       377.30

#---------------------------------------------------
# Benchmarking Unidir_Get 
# #processes = 2 
# ( 30 additional processes waiting in MPI_Barrier)
#---------------------------------------------------
#
#    MODE: AGGREGATE 
#
       #bytes #repetitions      t[usec]   Mbytes/sec
            0         1000         0.18         0.00
            4         1000         7.72         0.52
            8         1000         7.63         1.05
           16         1000         7.69         2.08
           32         1000         7.54         4.25
           64         1000         7.58         8.45
          128         1000         7.49        17.10
          256         1000         7.44        34.39
          512         1000         8.07        63.44
         1024         1000         9.07       112.91
         2048         1000        10.08       203.15
         4096         1000        14.07       291.22
         8192         1000        15.35       533.72
        16384         1000        20.86       785.55
        32768         1000        26.90      1218.10
        65536          640        69.52       942.66
       131072          320       145.71       899.54
       262144          160       603.68       434.24
       524288           80      1290.76       406.18
      1048576           40      2451.20       427.78
      2097152           20      6230.15       336.61
      4194304           10      9567.40       438.40

#---------------------------------------------------
# Benchmarking Unidir_Get 
# #processes = 2 
# ( 30 additional processes waiting in MPI_Barrier)
#---------------------------------------------------
#
#    MODE: NON-AGGREGATE 
#
       #bytes #repetitions      t[usec]   Mbytes/sec
            0          100        21.40         0.00
            4          100        46.73         0.09
            8          100        45.79         0.17
           16          100        46.71         0.34
           32          100        46.69         0.69
           64          100        46.74         1.37
          128          100        47.06         2.72
          256          100        47.59         5.38
          512          100        47.67        10.74
         1024          100        48.30        21.20
         2048          100        48.82        41.95
         4096          100        51.51        79.52
         8192          100        54.72       149.70
        16384          100        85.36       191.94
        32768          100        65.21       502.50
        65536          100        95.96       682.94
       131072          100       126.00      1040.26
       262144          100       205.83      1273.60
       524288           80       450.01      1165.05
      1048576           40       794.87      1319.18
      2097152           20      1332.95      1573.32
      4194304           10      7315.40       573.35

#---------------------------------------------------
# Benchmarking Unidir_Put 
# #processes = 2 
# ( 30 additional processes waiting in MPI_Barrier)
#---------------------------------------------------
#
#    MODE: AGGREGATE 
#
       #bytes #repetitions      t[usec]   Mbytes/sec
            0         1000         0.18         0.00
            4         1000         2.60         1.54
            8         1000         2.50         3.20
           16         1000         3.16         5.07
           32         1000         3.27         9.78
           64         1000         3.26        19.61
          128         1000         3.94        32.47
          256         1000         4.00        63.99
          512         1000         4.03       127.11
         1024         1000         4.38       233.74
         2048         1000         5.06       404.98
         4096         1000         6.46       634.15
         8192         1000         9.67       846.99
        16384         1000        12.71      1289.37
        32768         1000        21.20      1545.94
        65536          640        23.82      2751.79
       131072          320       116.04      1129.50
       262144          160        40.27      6508.87
       524288           80        61.19      8568.60
      1048576           40        98.65     10629.08
      2097152           20       177.71     11801.29
      4194304           10       350.00     11983.78

#---------------------------------------------------
# Benchmarking Unidir_Put 
# #processes = 2 
# ( 30 additional processes waiting in MPI_Barrier)
#---------------------------------------------------
#
#    MODE: NON-AGGREGATE 
#
       #bytes #repetitions      t[usec]   Mbytes/sec
            0          100        21.48         0.00
            4          100        36.53         0.11
            8          100        36.34         0.22
           16          100        37.74         0.42
           32          100        38.96         0.82
           64          100        37.87         1.69
          128          100        38.31         3.34
          256          100        38.22         6.70
          512          100        38.64        13.25
         1024          100        38.88        26.34
         2048          100        39.50        51.85
         4096          100        43.36        94.47
         8192          100        46.32       176.86
        16384          100        50.13       326.83
        32768          100        55.06       595.13
        65536          100        60.63      1080.92
       131072          100        77.28      1696.04
       262144          100        95.61      2741.79
       524288           80       118.87      4410.51
      1048576           40       159.72      6564.98
      2097152           20       247.30      8480.21
      4194304           10       423.19      9911.09

#---------------------------------------------------
# Benchmarking Bidir_Get 
# #processes = 2 
# ( 30 additional processes waiting in MPI_Barrier)
#---------------------------------------------------
#
#    MODE: AGGREGATE 
#
       #bytes #repetitions      t[usec]   Mbytes/sec
            0         1000         0.18         0.00
            4         1000        14.39         0.28
            8         1000        14.48         0.55
           16         1000        15.34         1.04
           32         1000        15.63         2.05
           64         1000        15.76         4.06
          128         1000        15.96         8.02
          256         1000        16.88        15.16
          512         1000        17.10        29.94
         1024         1000        18.24        56.14
         2048         1000        20.17       101.52
         4096         1000        30.06       136.25
         8192         1000        34.32       238.72
        16384         1000        65.10       251.69
        32768         1000       108.64       301.63
        65536          640       203.22       322.49
       131072          320       364.11       359.98
       262144          160       522.65       501.57
       524288           80      1079.84       485.53
      1048576           40      2618.55       400.44
      2097152           20      7764.40       270.10
      4194304           10     11857.51       353.73

#---------------------------------------------------
# Benchmarking Bidir_Get 
# #processes = 2 
# ( 30 additional processes waiting in MPI_Barrier)
#---------------------------------------------------
#
#    MODE: NON-AGGREGATE 
#
       #bytes #repetitions      t[usec]   Mbytes/sec
            0          100        22.26         0.00
            4          100        58.20         0.07
            8          100        58.37         0.14
           16          100        58.22         0.27
           32          100        57.79         0.55
           64          100        57.59         1.11
          128          100        58.42         2.19
          256          100        58.70         4.36
          512          100        59.16         8.65
         1024          100        59.61        17.18
         2048          100        60.96        33.60
         4096          100        65.04        62.98
         8192          100        71.83       114.05
        16384          100       102.46       159.91
        32768          100        90.72       361.21
        65536          100       119.00       550.73
       131072          100       200.00       655.36
       262144          100       377.71       694.04
       524288           80       587.03       893.13
      1048576           40       877.95      1194.35
      2097152           20      1408.41      1489.02
      4194304           10      7889.49       531.63

#---------------------------------------------------
# Benchmarking Bidir_Put 
# #processes = 2 
# ( 30 additional processes waiting in MPI_Barrier)
#---------------------------------------------------
#
#    MODE: AGGREGATE 
#
       #bytes #repetitions      t[usec]   Mbytes/sec
            0         1000         0.18         0.00
            4         1000         7.86         0.51
            8         1000         7.75         1.03
           16         1000         8.90         1.80
           32         1000         9.06         3.53
           64         1000         9.17         6.98
          128         1000         9.65        13.26
          256         1000         9.89        25.89
          512         1000        11.03        46.42
         1024         1000        13.83        74.05
         2048         1000        13.88       147.55
         4096         1000        18.14       225.82
         8192         1000        25.59       320.09
        16384         1000        64.70       253.21
        32768         1000       111.24       294.58
        65536          640       170.08       385.32
       131072          320       256.65       510.70
       262144          160        66.69      3930.60
       524288           80        94.10      5571.73
      1048576           40       128.30      8172.91
      2097152           20       197.79     10602.81
      4194304           10       402.50     10420.68

#---------------------------------------------------
# Benchmarking Bidir_Put 
# #processes = 2 
# ( 30 additional processes waiting in MPI_Barrier)
#---------------------------------------------------
#
#    MODE: NON-AGGREGATE 
#
       #bytes #repetitions      t[usec]   Mbytes/sec
            0          100        21.88         0.00
            4          100        49.13         0.08
            8          100        48.61         0.16
           16          100        50.74         0.32
           32          100        51.54         0.62
           64          100        51.00         1.25
          128          100        51.86         2.47
          256          100        52.15         4.91
          512          100        52.66         9.72
         1024          100        52.87        19.37
         2048          100        53.64        38.18
         4096          100        57.35        71.42
         8192          100        64.22       127.56
        16384          100        69.39       236.11
        32768          100        82.70       396.23
        65536          100        97.32       673.41
       131072          100       119.89      1093.28
       262144          100       113.00      2319.84
       524288           80       134.09      3910.07
      1048576           40       211.78      4951.36
      2097152           20       264.00      7943.73
      4194304           10       458.19      9154.02

#----------------------------------------------------------------
# Benchmarking Accumulate 
# #processes = 2 
# ( 30 additional processes waiting in MPI_Barrier)
#----------------------------------------------------------------
#
#    MODE: AGGREGATE 
#
       #bytes #repetitions  t_min[usec]  t_max[usec]  t_avg[usec]
            0         1000         0.19         0.19         0.19
            4         1000         3.01         3.01         3.01
            8         1000         2.97         2.98         2.98
           16         1000         3.80         3.80         3.80
           32         1000         3.81         3.81         3.81
           64         1000         3.86         3.87         3.86
          128         1000         4.48         4.49         4.49
          256         1000         4.63         4.64         4.63
          512         1000         4.75         4.77         4.76
         1024         1000         5.20         5.22         5.21
         2048         1000         5.88         5.91         5.89
         4096         1000         7.73         7.76         7.74
         8192         1000        12.00        12.03        12.02
        16384         1000        17.45        17.46        17.45
        32768         1000        29.76        29.78        29.77
        65536          640        46.73        46.76        46.74
       131072          320       156.45       177.49       166.97
       262144          160       449.30       513.42       481.36
       524288           80      1208.14      1208.44      1208.29
      1048576           40      2314.50      2315.65      2315.08
      2097152           20      4168.20      4169.20      4168.70
      4194304           10      8980.61      8984.30      8982.46

#----------------------------------------------------------------
# Benchmarking Accumulate 
# #processes = 2 
# ( 30 additional processes waiting in MPI_Barrier)
#----------------------------------------------------------------
#
#    MODE: NON-AGGREGATE 
#
       #bytes #repetitions  t_min[usec]  t_max[usec]  t_avg[usec]
            0          100        29.56        29.60        29.58
            4          100        43.14        43.26        43.20
            8          100        42.84        42.96        42.90
           16          100        45.12        45.26        45.19
           32          100        45.20        45.35        45.28
           64          100        45.10        45.21        45.16
          128          100        45.71        45.82        45.77
          256          100        45.53        45.64        45.59
          512          100        45.68        45.80        45.74
         1024          100        39.67        39.73        39.70
         2048          100        40.25        40.31        40.28
         4096          100        44.01        44.07        44.04
         8192          100        47.58        47.63        47.61
        16384          100        54.56        54.73        54.64
        32768          100        66.70        66.93        66.82
        65536          100        92.86        93.14        93.00
       131072          100       149.15       149.73       149.44
       262144          100       246.88       247.54       247.21
       524288           80       693.72       695.62       694.67
      1048576           40      1139.05      1149.75      1144.40
      2097152           20      5681.30      5728.70      5705.00
      4194304           10      8726.00      8934.90      8830.45

#----------------------------------------------------------------
# Benchmarking Accumulate 
# #processes = 4 
# ( 28 additional processes waiting in MPI_Barrier)
#----------------------------------------------------------------
#
#    MODE: AGGREGATE 
#
       #bytes #repetitions  t_min[usec]  t_max[usec]  t_avg[usec]
            0         1000         0.19         0.19         0.19
            4         1000         7.75         7.84         7.79
            8         1000         7.79         7.89         7.86
           16         1000         9.56        10.42        10.00
           32         1000        10.35        11.19        10.97
           64         1000        10.18        10.26        10.23
          128         1000        12.55        12.64        12.59
          256         1000        12.38        12.45        12.41
          512         1000        13.16        13.25        13.21
         1024         1000        13.41        13.50        13.46
         2048         1000        14.76        14.86        14.82
         4096         1000        19.32        19.42        19.37
         8192         1000        32.56        32.66        32.60
        16384         1000        46.91        47.99        47.47
        32768         1000        77.30        77.54        77.40
        65536          640       126.14       126.53       126.36
       131072          320       529.40       592.61       546.00
       262144          160      1136.57      1376.03      1196.45
       524288           80      2063.18      3065.21      2564.14
      1048576           40      4400.75      6042.33      4877.99
      2097152           20      7519.85     12142.40      9437.01
      4194304           10     17984.20     24619.60     21474.15

#----------------------------------------------------------------
# Benchmarking Accumulate 
# #processes = 4 
# ( 28 additional processes waiting in MPI_Barrier)
#----------------------------------------------------------------
#
#    MODE: NON-AGGREGATE 
#
       #bytes #repetitions  t_min[usec]  t_max[usec]  t_avg[usec]
            0          100        41.24        41.49        41.37
            4          100        58.71        58.92        58.78
            8          100        58.55        58.72        58.60
           16          100        61.91        62.18        62.04
           32          100        62.49        62.80        62.62
           64          100        62.19        62.37        62.26
          128          100        62.11        62.30        62.19
          256          100        63.82        64.17        63.98
          512          100        64.08        64.34        64.22
         1024          100        64.72        65.05        64.86
         2048          100        66.94        67.23        67.05
         4096          100        73.01        73.29        73.16
         8192          100        86.06        86.52        86.28
        16384          100       101.71       102.18       101.88
        32768          100       131.86       132.50       132.09
        65536          100       182.49       183.23       182.89
       131072          100       370.90       372.82       371.69
       262144          100       489.04       491.34       489.99
       524288           80      1233.44      1242.04      1235.68
      1048576           40      5748.75      5795.43      5766.64
      2097152           20     10294.70     10444.30     10335.90
      4194304           10     27737.59     29244.09     28562.22

#----------------------------------------------------------------
# Benchmarking Accumulate 
# #processes = 8 
# ( 24 additional processes waiting in MPI_Barrier)
#----------------------------------------------------------------
#
#    MODE: AGGREGATE 
#
       #bytes #repetitions  t_min[usec]  t_max[usec]  t_avg[usec]
            0         1000         0.28         0.29         0.29
            4         1000        18.00        18.09        18.04
            8         1000        17.93        18.08        18.00
           16         1000        25.44        25.51        25.48
           32         1000        26.47        26.59        26.52
           64         1000        25.71        25.77        25.74
          128         1000        30.17        30.30        30.22
          256         1000        30.11        30.23        30.15
          512         1000        32.12        32.36        32.21
         1024         1000        32.14        32.27        32.19
         2048         1000        35.55        35.72        35.62
         4096         1000        43.99        44.15        44.04
         8192         1000        76.19        76.33        76.22
        16384         1000       112.53       113.01       112.75
        32768         1000       195.71       196.47       196.07
        65536          640       322.99       324.17       323.67
       131072          320      1573.11      1746.94      1597.25
       262144          160      1253.43      1632.52      1300.95
       524288           80      2486.47      3954.92      2873.52
      1048576           40      5001.87      8003.95      5777.23
      2097152           20      9640.55     16193.29     11598.21
      4194304           10     19759.89     32586.10     23298.01

#----------------------------------------------------------------
# Benchmarking Accumulate 
# #processes = 8 
# ( 24 additional processes waiting in MPI_Barrier)
#----------------------------------------------------------------
#
#    MODE: NON-AGGREGATE 
#
       #bytes #repetitions  t_min[usec]  t_max[usec]  t_avg[usec]
            0          100        60.70        61.36        61.07
            4          100        91.49        91.96        91.68
            8          100        91.92        92.42        92.14
           16          100        98.57        99.12        98.77
           32          100        98.78        99.28        98.95
           64          100        98.63        99.11        98.81
          128          100       103.08       103.65       103.26
          256          100       103.30       103.85       103.47
          512          100       104.70       105.29       104.89
         1024          100       107.08       107.64       107.24
         2048          100       110.35       110.97       110.54
         4096          100       120.91       121.52       121.12
         8192          100       151.74       152.66       152.05
        16384          100       185.23       186.31       185.54
        32768          100       266.58       268.20       267.08
        65536          100       424.26       426.78       425.43
       131072          100       791.39       797.26       794.05
       262144          100       842.51       847.80       844.28
       524288           80      2373.34      2394.03      2378.50
      1048576           40      4473.95      4554.25      4514.07
      2097152           20     13532.65     13989.45     13658.15
      4194304           10     28506.49     29985.71     29164.55

#----------------------------------------------------------------
# Benchmarking Accumulate 
# #processes = 16 
# ( 16 additional processes waiting in MPI_Barrier)
#----------------------------------------------------------------
#
#    MODE: AGGREGATE 
#
       #bytes #repetitions  t_min[usec]  t_max[usec]  t_avg[usec]
            0         1000         0.22         0.28         0.23
            4         1000        37.78        37.94        37.87
            8         1000        37.88        38.03        37.96
           16         1000        54.28        55.15        54.74
           32         1000        56.44        56.78        56.58
           64         1000        55.18        55.32        55.24
          128         1000        63.33        63.55        63.46
          256         1000        64.53        64.68        64.62
          512         1000        65.81        65.96        65.88
         1024         1000        67.16        67.73        67.45
         2048         1000        75.64        75.85        75.76
         4096         1000        93.36        93.55        93.43
         8192         1000       177.77       178.38       177.85
        16384         1000       269.07       270.26       269.32
        32768         1000       465.73       466.81       465.83
        65536          640       766.96       767.39       767.17
       131072          320      3381.42      8849.51      8017.82
       262144          160      2221.97      3190.93      2346.81
       524288           80      4289.61      7626.71      4767.83
      1048576           40      8263.93     15493.77      9576.15
      2097152           20     17322.90     31015.85     19068.33
      4194304           10     34811.21     62915.02     38313.93

#----------------------------------------------------------------
# Benchmarking Accumulate 
# #processes = 16 
# ( 16 additional processes waiting in MPI_Barrier)
#----------------------------------------------------------------
#
#    MODE: NON-AGGREGATE 
#
       #bytes #repetitions  t_min[usec]  t_max[usec]  t_avg[usec]
            0          100        92.79        93.22        93.11
            4          100       142.90       143.79       143.23
            8          100       141.66       142.52       141.95
           16          100       159.11       160.13       159.48
           32          100       160.64       161.71       161.02
           64          100       159.59       160.84       160.08
          128          100       170.71       171.84       171.06
          256          100       170.19       170.92       170.44
          512          100       172.44       173.53       172.81
         1024          100       176.28       177.40       176.68
         2048          100       182.90       184.11       183.36
         4096          100       204.56       205.75       204.87
         8192          100       267.87       269.56       268.44
        16384          100       342.33       344.56       343.12
        32768          100       566.07       569.91       567.88
        65536          100       885.81       891.86       888.89
       131072          100      1544.08      1556.45      1550.62
       262144          100      1616.64      1628.94      1620.59
       524288           80      4620.85      4670.00      4634.13
      1048576           40     16042.77     16318.75     16150.63
      2097152           20     30154.35     31255.95     30546.88
      4194304           10     61293.89     65690.90     63511.37

#----------------------------------------------------------------
# Benchmarking Accumulate 
# #processes = 32 
#----------------------------------------------------------------
#
#    MODE: AGGREGATE 
#
       #bytes #repetitions  t_min[usec]  t_max[usec]  t_avg[usec]
            0         1000         0.30         0.33         0.32
            4         1000        70.90       178.82        81.81
            8         1000        51.38       198.82       112.02
           16         1000       107.77       107.92       107.84
           32         1000        89.30       202.86       146.14
           64         1000        98.70       186.67       125.56
          128         1000        96.11       216.25       137.25
          256         1000       241.61       241.83       241.73
          512         1000       102.03       212.38       136.53
         1024         1000       111.43       211.88       139.96
         2048         1000       133.94       197.11       146.88
         4096         1000       194.35       194.53       194.41
         8192         1000       396.64       397.92       396.73
        16384         1000       588.10       590.44       588.28
        32768         1000      1050.92      1053.78      1051.08
        65536          640      1753.36      1754.29      1753.65
       131072          320     19207.79     31316.15     27870.39
       262144          160     34363.81     38946.79     35944.90
       524288           80      7409.55     66710.24     22970.88
      1048576           40    134183.78    141316.21    135909.29
      2097152           20    260274.65    273614.20    263442.20
      4194304           10     56087.18    532006.60    208899.40

#----------------------------------------------------------------
# Benchmarking Accumulate 
# #processes = 32 
#----------------------------------------------------------------
#
#    MODE: NON-AGGREGATE 
#
       #bytes #repetitions  t_min[usec]  t_max[usec]  t_avg[usec]
            0          100        95.98        97.25        96.83
            4          100       232.58       234.23       233.18
            8          100       232.44       234.17       232.98
           16          100       266.65       268.82       267.46
           32          100       263.98       265.94       264.76
           64          100       265.97       267.99       266.76
          128          100       286.12       288.38       286.98
          256          100       286.11       288.44       286.98
          512          100       294.02       296.48       294.98
         1024          100       299.56       302.07       300.57
         2048          100       314.43       316.85       315.36
         4096          100       352.14       354.59       353.21
         8192          100       490.30       494.45       492.23
        16384          100       703.50       709.47       706.58
        32768          100      1166.61      1175.43      1171.03
        65536          100      1797.06      1807.23      1802.58
       131072          100      3038.00      3055.04      3047.02
       262144          100      3000.06      3024.29      3009.66
       524288           80     16860.38     17007.56     16927.13
      1048576           40     31026.67     31573.43     31236.27
      2097152           20     57875.45     59979.45     58580.01
      4194304           10    118285.61    123702.38    118920.88


# All processes entering MPI_Finalize

