#------------------------------------------------------------
#    Intel (R) MPI Benchmarks 2018 Update 1, MPI-2 part    
#------------------------------------------------------------
# Date                  : Thu Nov 30 16:58:33 2017
# Machine               : x86_64
# System                : Linux
# Release               : 4.4.74-92.35-default
# Version               : #1 SMP Mon Aug 7 18:24:48 UTC 2017 (c0fdc47)
# MPI Version           : 3.1
# MPI Thread Environment: 


# Calling sequence was: 

# ./IMB-EXT

# Minimum message length in bytes:   0
# Maximum message length in bytes:   4194304
#
# MPI_Datatype                   :   MPI_BYTE 
# MPI_Datatype for reductions    :   MPI_FLOAT
# MPI_Op                         :   MPI_SUM  
#
#

# List of Benchmarks to run:

# Window
# Unidir_Get
# Unidir_Put
# Bidir_Get
# Bidir_Put
# Accumulate

#----------------------------------------------------------------
# Benchmarking Window 
# #processes = 2 
# ( 6 additional processes waiting in MPI_Barrier)
#----------------------------------------------------------------
       #bytes #repetitions  t_min[usec]  t_max[usec]  t_avg[usec]
            0          100       103.59       103.60       103.60
            4          100       103.95       103.96       103.96
            8          100       103.99       103.99       103.99
           16          100       103.44       103.44       103.44
           32          100       102.40       102.41       102.40
           64          100       103.00       103.01       103.01
          128          100       103.20       103.21       103.20
          256          100       103.27       103.28       103.28
          512          100       103.65       103.65       103.65
         1024          100       103.03       103.04       103.03
         2048          100       103.50       103.51       103.51
         4096          100       103.67       103.68       103.68
         8192          100       103.61       103.62       103.61
        16384          100       103.75       103.77       103.76
        32768          100       104.14       104.15       104.15
        65536          100       104.36       104.36       104.36
       131072          100       104.68       104.69       104.68
       262144          100       103.44       103.45       103.45
       524288           80       103.64       103.65       103.65
      1048576           40       104.55       104.55       104.55
      2097152           20       104.75       104.75       104.75
      4194304           10       114.30       114.39       114.35

#----------------------------------------------------------------
# Benchmarking Window 
# #processes = 4 
# ( 4 additional processes waiting in MPI_Barrier)
#----------------------------------------------------------------
       #bytes #repetitions  t_min[usec]  t_max[usec]  t_avg[usec]
            0          100       144.32       144.34       144.33
            4          100       146.08       146.09       146.08
            8          100       144.85       144.89       144.87
           16          100       144.39       144.40       144.39
           32          100       145.90       145.93       145.91
           64          100       144.41       144.43       144.42
          128          100       144.38       144.39       144.38
          256          100       144.37       144.39       144.38
          512          100       144.35       144.39       144.37
         1024          100       146.46       146.71       146.58
         2048          100       144.89       144.90       144.90
         4096          100       144.97       144.99       144.98
         8192          100       144.36       144.40       144.38
        16384          100       145.05       145.08       145.07
        32768          100       144.61       144.63       144.62
        65536          100       144.83       144.84       144.84
       131072          100       145.30       145.32       145.30
       262144          100       145.80       145.83       145.82
       524288           80       146.60       146.64       146.62
      1048576           40       147.20       147.22       147.21
      2097152           20       147.34       148.65       147.69
      4194304           10       146.41       146.60       146.51

#----------------------------------------------------------------
# Benchmarking Window 
# #processes = 8 
#----------------------------------------------------------------
       #bytes #repetitions  t_min[usec]  t_max[usec]  t_avg[usec]
            0          100       198.55       198.59       198.57
            4          100       303.88       303.90       303.89
            8          100       196.32       196.35       196.33
           16          100       191.62       191.65       191.64
           32          100       191.20       191.23       191.22
           64          100       194.24       194.27       194.26
          128          100       191.70       191.74       191.72
          256          100       192.53       192.56       192.55
          512          100       190.69       190.72       190.70
         1024          100       190.96       190.97       190.96
         2048          100       190.13       190.17       190.15
         4096          100       191.87       191.89       191.88
         8192          100       191.34       191.53       191.37
        16384          100       191.45       191.47       191.46
        32768          100       195.20       195.21       195.20
        65536          100       191.36       191.37       191.37
       131072          100       194.70       194.75       194.72
       262144          100       194.18       194.20       194.19
       524288           80       201.59       201.61       201.60
      1048576           40       199.95       199.98       199.95
      2097152           20       203.49       203.70       203.60
      4194304           10       215.48       216.01       215.86

#---------------------------------------------------
# Benchmarking Unidir_Get 
# #processes = 2 
# ( 6 additional processes waiting in MPI_Barrier)
#---------------------------------------------------
#
#    MODE: AGGREGATE 
#
       #bytes #repetitions      t[usec]   Mbytes/sec
            0         1000         0.18         0.00
            4         1000         7.80         0.51
            8         1000         7.61         1.05
           16         1000         7.60         2.11
           32         1000         7.44         4.30
           64         1000         7.58         8.45
          128         1000         7.56        16.94
          256         1000         8.33        30.73
          512         1000         8.47        60.43
         1024         1000         9.26       110.60
         2048         1000        10.36       197.65
         4096         1000        14.09       290.72
         8192         1000        14.97       547.30
        16384         1000        21.12       775.83
        32768         1000        26.28      1246.88
        65536          640        70.08       935.19
       131072          320       151.74       863.79
       262144          160       967.02       271.08
       524288           80      2297.60       228.19
      1048576           40      6117.18       171.42
      2097152           20     17489.74       119.91
      4194304           10     24721.19       169.66

#---------------------------------------------------
# Benchmarking Unidir_Get 
# #processes = 2 
# ( 6 additional processes waiting in MPI_Barrier)
#---------------------------------------------------
#
#    MODE: NON-AGGREGATE 
#
       #bytes #repetitions      t[usec]   Mbytes/sec
            0          100        20.64         0.00
            4          100        45.21         0.09
            8          100        44.61         0.18
           16          100        45.51         0.35
           32          100        45.84         0.70
           64          100        45.83         1.40
          128          100        47.10         2.72
          256          100        46.29         5.53
          512          100        46.73        10.96
         1024          100        46.79        21.89
         2048          100        48.05        42.62
         4096          100        50.53        81.06
         8192          100        53.91       151.96
        16384          100        58.56       279.78
        32768          100        64.27       509.85
        65536          100        95.04       689.57
       131072          100       124.48      1052.95
       262144          100       205.25      1277.19
       524288           80       445.82      1176.00
      1048576           40       798.20      1313.67
      2097152           20      4156.26       504.58
      4194304           10     36018.99       116.45

#---------------------------------------------------
# Benchmarking Unidir_Put 
# #processes = 2 
# ( 6 additional processes waiting in MPI_Barrier)
#---------------------------------------------------
#
#    MODE: AGGREGATE 
#
       #bytes #repetitions      t[usec]   Mbytes/sec
            0         1000         0.18         0.00
            4         1000         2.51         1.60
            8         1000         2.54         3.15
           16         1000         2.98         5.37
           32         1000         3.14        10.20
           64         1000         3.22        19.87
          128         1000         3.86        33.17
          256         1000         3.92        65.27
          512         1000         4.01       127.55
         1024         1000         4.40       232.51
         2048         1000         5.01       408.46
         4096         1000         6.44       636.50
         8192         1000         9.46       866.14
        16384         1000        12.41      1320.46
        32768         1000        20.97      1562.25
        65536          640        23.72      2762.51
       131072          320       103.60      1265.21
       262144          160        44.99      5826.19
       524288           80        67.12      7810.77
      1048576           40       105.60      9929.55
      2097152           20       190.79     10991.68
      4194304           10      3107.00      1349.95

#---------------------------------------------------
# Benchmarking Unidir_Put 
# #processes = 2 
# ( 6 additional processes waiting in MPI_Barrier)
#---------------------------------------------------
#
#    MODE: NON-AGGREGATE 
#
       #bytes #repetitions      t[usec]   Mbytes/sec
            0          100        20.68         0.00
            4          100        35.75         0.11
            8          100        35.75         0.22
           16          100        36.95         0.43
           32          100        37.16         0.86
           64          100        37.27         1.72
          128          100        37.56         3.41
          256          100        37.54         6.82
          512          100        37.98        13.48
         1024          100        37.83        27.07
         2048          100        38.67        52.96
         4096          100        42.32        96.79
         8192          100        46.07       177.82
        16384          100        48.61       337.06
        32768          100        53.57       611.68
        65536          100        58.63      1117.80
       131072          100        76.40      1715.57
       262144          100       104.27      2514.09
       524288           80       162.50      3226.38
      1048576           40       224.13      4678.52
      2097152           20       284.16      7380.20
      4194304           10      3208.49      1307.25

#---------------------------------------------------
# Benchmarking Bidir_Get 
# #processes = 2 
# ( 6 additional processes waiting in MPI_Barrier)
#---------------------------------------------------
#
#    MODE: AGGREGATE 
#
       #bytes #repetitions      t[usec]   Mbytes/sec
            0         1000         0.37         0.00
            4         1000        14.49         0.28
            8         1000        14.24         0.56
           16         1000        15.12         1.06
           32         1000        15.50         2.06
           64         1000        15.42         4.15
          128         1000        15.91         8.05
          256         1000        16.48        15.53
          512         1000        16.81        30.45
         1024         1000        17.93        57.11
         2048         1000        18.99       107.85
         4096         1000        30.51       134.27
         8192         1000        33.78       242.54
        16384         1000        67.19       243.84
        32768         1000       113.22       289.41
        65536          640       206.11       317.97
       131072          320       372.01       352.34
       262144          160      1253.09       209.20
       524288           80      1862.40       281.51
      1048576           40      4304.27       243.61
      2097152           20     18562.84       112.98
      4194304           10     20844.89       201.21

#---------------------------------------------------
# Benchmarking Bidir_Get 
# #processes = 2 
# ( 6 additional processes waiting in MPI_Barrier)
#---------------------------------------------------
#
#    MODE: NON-AGGREGATE 
#
       #bytes #repetitions      t[usec]   Mbytes/sec
            0          100        20.93         0.00
            4          100        56.57         0.07
            8          100        55.75         0.14
           16          100        56.65         0.28
           32          100        57.24         0.56
           64          100        56.82         1.13
          128          100        58.01         2.21
          256          100        58.34         4.39
          512          100        58.56         8.74
         1024          100        59.15        17.31
         2048          100        60.55        33.82
         4096          100        64.29        63.71
         8192          100        71.53       114.52
        16384          100        77.56       211.24
        32768          100        89.93       364.38
        65536          100       120.75       542.74
       131072          100       217.77       601.89
       262144          100       398.71       657.48
       524288           80       622.79       841.84
      1048576           40       923.73      1135.16
      2097152           20      4328.16       484.54
      4194304           10     10465.91       400.76

#---------------------------------------------------
# Benchmarking Bidir_Put 
# #processes = 2 
# ( 6 additional processes waiting in MPI_Barrier)
#---------------------------------------------------
#
#    MODE: AGGREGATE 
#
       #bytes #repetitions      t[usec]   Mbytes/sec
            0         1000         0.18         0.00
            4         1000         8.18         0.49
            8         1000         9.18         0.87
           16         1000         8.94         1.79
           32         1000         9.16         3.49
           64         1000         9.30         6.88
          128         1000         9.80        13.06
          256         1000        10.04        25.51
          512         1000        11.20        45.72
         1024         1000        12.19        84.04
         2048         1000        13.88       147.60
         4096         1000        18.41       222.46
         8192         1000        32.85       249.38
        16384         1000        67.13       244.05
        32768         1000       111.46       293.99
        65536          640       171.88       381.29
       131072          320       277.21       472.83
       262144          160        70.52      3717.08
       524288           80        99.20      5285.16
      1048576           40       138.10      7592.66
      2097152           20       204.16     10272.21
      4194304           10      3492.69      1200.88

#---------------------------------------------------
# Benchmarking Bidir_Put 
# #processes = 2 
# ( 6 additional processes waiting in MPI_Barrier)
#---------------------------------------------------
#
#    MODE: NON-AGGREGATE 
#
       #bytes #repetitions      t[usec]   Mbytes/sec
            0          100        21.08         0.00
            4          100        48.07         0.08
            8          100        48.23         0.17
           16          100        50.30         0.32
           32          100        50.44         0.63
           64          100        51.11         1.25
          128          100        51.72         2.47
          256          100        51.54         4.97
          512          100        52.11         9.83
         1024          100        56.07        18.26
         2048          100        53.56        38.24
         4096          100        57.25        71.54
         8192          100        63.94       128.12
        16384          100        70.05       233.89
        32768          100        81.98       399.71
        65536          100        95.65       685.16
       131072          100       117.59      1114.67
       262144          100       118.08      2220.02
       524288           80       144.79      3621.13
      1048576           40       187.35      5596.90
      2097152           20       281.25      7456.53
      4194304           10      3427.60      1223.69

#----------------------------------------------------------------
# Benchmarking Accumulate 
# #processes = 2 
# ( 6 additional processes waiting in MPI_Barrier)
#----------------------------------------------------------------
#
#    MODE: AGGREGATE 
#
       #bytes #repetitions  t_min[usec]  t_max[usec]  t_avg[usec]
            0         1000         0.19         0.19         0.19
            4         1000         3.03         3.04         3.04
            8         1000         2.90         2.91         2.90
           16         1000         3.70         3.74         3.72
           32         1000         3.92         3.92         3.92
           64         1000         3.72         3.73         3.72
          128         1000         4.47         4.49         4.48
          256         1000         4.56         4.57         4.56
          512         1000         4.70         4.72         4.71
         1024         1000         5.23         5.26         5.25
         2048         1000         5.90         5.92         5.91
         4096         1000         7.78         7.80         7.79
         8192         1000        12.17        12.18        12.18
        16384         1000        17.49        17.50        17.50
        32768         1000        29.73        29.75        29.74
        65536          640        47.09        47.12        47.10
       131072          320       144.85       163.58       154.22
       262144          160       462.48       538.61       500.54
       524288           80      1203.91      1204.19      1204.05
      1048576           40      2495.22      2495.78      2495.50
      2097152           20      5370.51      5371.45      5370.98
      4194304           10     10382.01     10384.08     10383.05

#----------------------------------------------------------------
# Benchmarking Accumulate 
# #processes = 2 
# ( 6 additional processes waiting in MPI_Barrier)
#----------------------------------------------------------------
#
#    MODE: NON-AGGREGATE 
#
       #bytes #repetitions  t_min[usec]  t_max[usec]  t_avg[usec]
            0          100        22.12        22.15        22.13
            4          100        36.38        36.45        36.41
            8          100        36.34        36.39        36.36
           16          100        37.88        37.94        37.91
           32          100        37.99        38.05        38.02
           64          100        37.91        37.96        37.93
          128          100        38.46        38.51        38.48
          256          100        38.38        38.44        38.41
          512          100        38.58        38.64        38.61
         1024          100        38.82        38.88        38.85
         2048          100        39.85        39.88        39.86
         4096          100        43.32        43.37        43.34
         8192          100        47.44        47.48        47.46
        16384          100        53.74        53.88        53.81
        32768          100        66.10        66.34        66.22
        65536          100        90.86        91.12        90.99
       131072          100       138.87       139.37       139.12
       262144          100       237.00       237.55       237.28
       524288           80       699.41       701.40       700.41
      1048576           40      1134.43      1143.45      1138.94
      2097152           20      6261.96      6309.25      6285.60
      4194304           10     11799.10     11992.31     11895.70

#----------------------------------------------------------------
# Benchmarking Accumulate 
# #processes = 4 
# ( 4 additional processes waiting in MPI_Barrier)
#----------------------------------------------------------------
#
#    MODE: AGGREGATE 
#
       #bytes #repetitions  t_min[usec]  t_max[usec]  t_avg[usec]
            0         1000         0.19         0.19         0.19
            4         1000         7.67         7.75         7.72
            8         1000         7.92         7.99         7.97
           16         1000        10.81        10.92        10.87
           32         1000         9.79        10.61        10.21
           64         1000        10.40        10.49        10.45
          128         1000        12.40        12.48        12.45
          256         1000        12.46        12.54        12.51
          512         1000        13.12        13.21        13.17
         1024         1000        13.47        13.56        13.52
         2048         1000        14.82        14.89        14.87
         4096         1000        18.65        18.75        18.71
         8192         1000        32.59        32.75        32.67
        16384         1000        46.12        47.34        46.72
        32768         1000        79.21        79.50        79.37
        65536          640       126.25       126.51       126.37
       131072          320       472.21       529.31       486.92
       262144          160      1010.53      1257.46      1072.30
       524288           80      2014.00      2793.93      2404.32
      1048576           40      4135.63      5594.72      4867.20
      2097152           20      8270.25     11388.30      9833.50
      4194304           10     16242.00     22868.80     19650.08

#----------------------------------------------------------------
# Benchmarking Accumulate 
# #processes = 4 
# ( 4 additional processes waiting in MPI_Barrier)
#----------------------------------------------------------------
#
#    MODE: NON-AGGREGATE 
#
       #bytes #repetitions  t_min[usec]  t_max[usec]  t_avg[usec]
            0          100        34.17        34.31        34.25
            4          100        55.28        55.51        55.37
            8          100        54.82        55.06        54.90
           16          100        60.44        60.72        60.56
           32          100        59.96        60.22        60.06
           64          100        60.02        60.25        60.14
          128          100        61.90        62.15        62.00
          256          100        62.44        62.71        62.55
          512          100        63.13        63.39        63.23
         1024          100        63.33        63.80        63.56
         2048          100        65.83        66.07        65.95
         4096          100        69.96        70.22        70.03
         8192          100        85.32        85.59        85.42
        16384          100       100.12       100.59       100.27
        32768          100       131.09       131.79       131.32
        65536          100       187.17       188.02       187.53
       131072          100       365.69       367.51       366.44
       262144          100       484.74       486.46       485.23
       524288           80      1245.79      1255.10      1248.22
      1048576           40      8400.70      8438.03      8415.33
      2097152           20     13720.75     13877.09     13769.45
      4194304           10     24789.00     26047.59     25454.65

#----------------------------------------------------------------
# Benchmarking Accumulate 
# #processes = 8 
#----------------------------------------------------------------
#
#    MODE: AGGREGATE 
#
       #bytes #repetitions  t_min[usec]  t_max[usec]  t_avg[usec]
            0         1000         0.20         0.20         0.20
            4         1000        17.96        18.13        18.04
            8         1000        17.70        17.80        17.74
           16         1000        25.00        25.33        25.13
           32         1000        26.41        26.48        26.45
           64         1000        26.34        26.49        26.39
          128         1000        30.01        30.06        30.03
          256         1000        29.93        30.01        29.96
          512         1000        32.42        32.54        32.47
         1024         1000        32.64        32.75        32.68
         2048         1000        35.65        35.70        35.68
         4096         1000        44.43        44.48        44.46
         8192         1000        74.29        74.41        74.32
        16384         1000       115.93       116.18       115.98
        32768         1000       191.64       191.94       191.71
        65536          640       318.37       318.51       318.44
       131072          320      1547.04      1701.22      1567.27
       262144          160      1065.82      1490.08      1181.95
       524288           80      2201.10      3760.84      2646.30
      1048576           40      4279.08      7609.10      5319.23
      2097152           20      8606.16     14999.29     10599.76
      4194304           10     17430.00     30123.78     21290.07

#----------------------------------------------------------------
# Benchmarking Accumulate 
# #processes = 8 
#----------------------------------------------------------------
#
#    MODE: NON-AGGREGATE 
#
       #bytes #repetitions  t_min[usec]  t_max[usec]  t_avg[usec]
            0          100        58.00        58.38        58.24
            4          100        89.18        89.65        89.36
            8          100        89.84        90.17        89.94
           16          100        96.79        97.24        96.92
           32          100        97.62        98.25        97.84
           64          100        97.75        98.26        97.93
          128          100       102.28       102.82       102.43
          256          100       102.27       102.85       102.43
          512          100       103.81       104.40       104.00
         1024          100       104.75       105.30       104.90
         2048          100       108.19       108.80       108.36
         4096          100       118.26       118.88       118.47
         8192          100       151.08       151.80       151.25
        16384          100       186.21       187.33       186.47
        32768          100       259.84       261.49       260.34
        65536          100       405.59       407.92       406.64
       131072          100       764.20       769.11       766.42
       262144          100      4752.94      4764.18      4756.73
       524288           80      6812.74      6848.09      6831.38
      1048576           40      9818.12      9909.75      9834.10
      2097152           20     18261.05     18820.69     18444.57
      4194304           10     32356.50     34871.01     33666.61


# All processes entering MPI_Finalize

