#------------------------------------------------------------
#    Intel (R) MPI Benchmarks 2018 Update 1, MPI-2 part    
#------------------------------------------------------------
# Date                  : Thu Nov 30 17:03:02 2017
# Machine               : x86_64
# System                : Linux
# Release               : 4.4.74-92.35-default
# Version               : #1 SMP Mon Aug 7 18:24:48 UTC 2017 (c0fdc47)
# MPI Version           : 3.1
# MPI Thread Environment: 


# Calling sequence was: 

# ./IMB-EXT

# Minimum message length in bytes:   0
# Maximum message length in bytes:   4194304
#
# MPI_Datatype                   :   MPI_BYTE 
# MPI_Datatype for reductions    :   MPI_FLOAT
# MPI_Op                         :   MPI_SUM  
#
#

# List of Benchmarks to run:

# Window
# Unidir_Get
# Unidir_Put
# Bidir_Get
# Bidir_Put
# Accumulate

#----------------------------------------------------------------
# Benchmarking Window 
# #processes = 2 
# ( 14 additional processes waiting in MPI_Barrier)
#----------------------------------------------------------------
       #bytes #repetitions  t_min[usec]  t_max[usec]  t_avg[usec]
            0          100       105.18       105.19       105.19
            4          100       107.09       107.09       107.09
            8          100       106.04       106.05       106.05
           16          100       105.72       106.00       105.86
           32          100       106.63       106.64       106.63
           64          100       108.39       108.39       108.39
          128          100       152.47       152.52       152.49
          256          100       105.95       105.96       105.96
          512          100       106.81       106.82       106.81
         1024          100       105.64       105.64       105.64
         2048          100       106.12       106.13       106.12
         4096          100       106.22       106.24       106.23
         8192          100       106.63       106.64       106.64
        16384          100       107.00       107.02       107.01
        32768          100       106.79       106.81       106.80
        65536          100       106.81       106.82       106.81
       131072          100       107.17       107.17       107.17
       262144          100       106.51       106.51       106.51
       524288           80       107.05       107.06       107.06
      1048576           40       107.30       107.30       107.30
      2097152           20       109.90       109.99       109.95
      4194304           10       113.11       113.51       113.31

#----------------------------------------------------------------
# Benchmarking Window 
# #processes = 4 
# ( 12 additional processes waiting in MPI_Barrier)
#----------------------------------------------------------------
       #bytes #repetitions  t_min[usec]  t_max[usec]  t_avg[usec]
            0          100       153.39       153.40       153.40
            4          100       151.73       151.76       151.75
            8          100       150.89       150.92       150.90
           16          100       150.71       150.78       150.75
           32          100       149.85       149.89       149.87
           64          100       149.74       149.79       149.77
          128          100       150.57       150.58       150.57
          256          100       151.58       151.60       151.58
          512          100       150.37       150.39       150.38
         1024          100       149.47       149.51       149.49
         2048          100       150.16       150.21       150.18
         4096          100       150.13       150.16       150.15
         8192          100       150.36       150.40       150.38
        16384          100       150.46       150.50       150.48
        32768          100       152.36       152.65       152.44
        65536          100       150.95       150.98       150.97
       131072          100       150.88       150.91       150.90
       262144          100       150.42       150.45       150.43
       524288           80       150.64       150.69       150.66
      1048576           40       153.60       153.68       153.65
      2097152           20       152.35       152.50       152.43
      4194304           10       159.00       159.41       159.10

#----------------------------------------------------------------
# Benchmarking Window 
# #processes = 8 
# ( 8 additional processes waiting in MPI_Barrier)
#----------------------------------------------------------------
       #bytes #repetitions  t_min[usec]  t_max[usec]  t_avg[usec]
            0          100       209.64       209.65       209.65
            4          100       203.93       203.95       203.95
            8          100       200.69       200.73       200.71
           16          100       199.56       199.60       199.58
           32          100       199.00       199.01       199.00
           64          100       198.45       198.49       198.47
          128          100       197.28       197.32       197.30
          256          100       197.41       197.44       197.43
          512          100       210.29       210.31       210.30
         1024          100       199.94       199.97       199.96
         2048          100       199.65       199.67       199.66
         4096          100       204.50       204.52       204.51
         8192          100       197.81       197.84       197.83
        16384          100       207.55       207.60       207.58
        32768          100       198.44       198.49       198.47
        65536          100       198.50       198.53       198.52
       131072          100       219.13       219.18       219.15
       262144          100       217.01       217.04       217.03
       524288           80       198.74       198.80       198.76
      1048576           40       208.35       208.47       208.42
      2097152           20       201.36       201.50       201.45
      4194304           10       195.79       196.22       195.99

#----------------------------------------------------------------
# Benchmarking Window 
# #processes = 16 
#----------------------------------------------------------------
       #bytes #repetitions  t_min[usec]  t_max[usec]  t_avg[usec]
            0          100       263.27       263.30       263.29
            4          100       260.93       260.99       260.96
            8          100       256.57       256.95       256.85
           16          100       260.35       260.37       260.36
           32          100       256.89       256.91       256.90
           64          100       258.49       258.52       258.51
          128          100       264.66       264.71       264.69
          256          100       258.72       258.75       258.73
          512          100       263.68       263.71       263.69
         1024          100       261.53       261.58       261.55
         2048          100       256.78       256.86       256.81
         4096          100       266.18       266.58       266.49
         8192          100       262.18       262.22       262.20
        16384          100       264.63       264.68       264.65
        32768          100       267.38       267.50       267.42
        65536          100       262.21       262.25       262.23
       131072          100       258.05       258.25       258.08
       262144          100       263.08       263.09       263.09
       524288           80       266.25       266.31       266.28
      1048576           40       262.60       262.65       262.63
      2097152           20       265.30       265.46       265.39
      4194304           10       271.42       276.52       275.84

#---------------------------------------------------
# Benchmarking Unidir_Get 
# #processes = 2 
# ( 14 additional processes waiting in MPI_Barrier)
#---------------------------------------------------
#
#    MODE: AGGREGATE 
#
       #bytes #repetitions      t[usec]   Mbytes/sec
            0         1000         0.18         0.00
            4         1000         7.67         0.52
            8         1000         7.68         1.04
           16         1000         7.65         2.09
           32         1000         7.57         4.23
           64         1000         7.57         8.45
          128         1000         7.45        17.18
          256         1000         7.39        34.64
          512         1000         8.24        62.14
         1024         1000         9.06       113.01
         2048         1000        10.14       201.91
         4096         1000        13.87       295.36
         8192         1000        17.25       474.93
        16384         1000        19.18       854.36
        32768         1000        26.13      1253.94
        65536          640        71.25       919.84
       131072          320       183.01       716.20
       262144          160       727.61       360.28
       524288           80      1425.28       367.85
      1048576           40      2947.97       355.69
      2097152           20      7579.74       276.68
      4194304           10     12906.31       324.98

#---------------------------------------------------
# Benchmarking Unidir_Get 
# #processes = 2 
# ( 14 additional processes waiting in MPI_Barrier)
#---------------------------------------------------
#
#    MODE: NON-AGGREGATE 
#
       #bytes #repetitions      t[usec]   Mbytes/sec
            0          100        21.36         0.00
            4          100        45.85         0.09
            8          100        45.63         0.18
           16          100        46.59         0.34
           32          100        46.60         0.69
           64          100        46.25         1.38
          128          100        46.89         2.73
          256          100        47.04         5.44
          512          100        47.33        10.82
         1024          100        52.83        19.38
         2048          100        48.58        42.16
         4096          100        51.44        79.63
         8192          100        54.95       149.08
        16384          100        59.03       277.55
        32768          100        65.98       496.64
        65536          100        95.30       687.69
       131072          100       125.32      1045.90
       262144          100       211.75      1237.99
       524288           80       494.26      1060.75
      1048576           40       800.85      1309.32
      2097152           20      1338.09      1567.27
      4194304           10     14732.91       284.69

#---------------------------------------------------
# Benchmarking Unidir_Put 
# #processes = 2 
# ( 14 additional processes waiting in MPI_Barrier)
#---------------------------------------------------
#
#    MODE: AGGREGATE 
#
       #bytes #repetitions      t[usec]   Mbytes/sec
            0         1000         0.18         0.00
            4         1000         2.59         1.54
            8         1000         2.54         3.14
           16         1000         3.17         5.05
           32         1000         3.33         9.61
           64         1000         3.22        19.87
          128         1000         3.90        32.80
          256         1000         3.98        64.27
          512         1000         4.07       125.67
         1024         1000         4.38       233.73
         2048         1000         4.93       415.41
         4096         1000         6.58       622.30
         8192         1000         9.71       843.41
        16384         1000        12.48      1313.12
        32768         1000        21.00      1560.60
        65536          640        23.77      2756.88
       131072          320       117.65      1114.11
       262144          160        40.83      6420.27
       524288           80        59.81      8765.85
      1048576           40        99.62     10525.42
      2097152           20       181.45     11557.84
      4194304           10       365.28     11482.40

#---------------------------------------------------
# Benchmarking Unidir_Put 
# #processes = 2 
# ( 14 additional processes waiting in MPI_Barrier)
#---------------------------------------------------
#
#    MODE: NON-AGGREGATE 
#
       #bytes #repetitions      t[usec]   Mbytes/sec
            0          100        21.16         0.00
            4          100        36.29         0.11
            8          100        36.15         0.22
           16          100        37.84         0.42
           32          100        38.22         0.84
           64          100        38.05         1.68
          128          100        38.59         3.32
          256          100        39.07         6.55
          512          100        38.75        13.21
         1024          100        38.77        26.41
         2048          100        40.32        50.79
         4096          100        43.33        94.53
         8192          100        46.41       176.52
        16384          100        49.59       330.38
        32768          100        54.92       596.65
        65536          100        59.95      1093.17
       131072          100        77.37      1694.06
       262144          100        96.25      2723.59
       524288           80       119.98      4369.97
      1048576           40       161.95      6474.62
      2097152           20       249.45      8407.26
      4194304           10       429.01      9776.70

#---------------------------------------------------
# Benchmarking Bidir_Get 
# #processes = 2 
# ( 14 additional processes waiting in MPI_Barrier)
#---------------------------------------------------
#
#    MODE: AGGREGATE 
#
       #bytes #repetitions      t[usec]   Mbytes/sec
            0         1000         0.18         0.00
            4         1000        14.39         0.28
            8         1000        14.71         0.54
           16         1000        15.25         1.05
           32         1000        15.66         2.04
           64         1000        15.74         4.07
          128         1000        16.18         7.91
          256         1000        16.48        15.53
          512         1000        17.51        29.25
         1024         1000        17.93        57.10
         2048         1000        19.32       105.98
         4096         1000        31.58       129.71
         8192         1000        34.16       239.79
        16384         1000        68.80       238.13
        32768         1000       110.97       295.30
        65536          640       200.49       326.88
       131072          320       360.46       363.63
       262144          160       574.31       456.45
       524288           80      1624.71       322.70
      1048576           40      3242.35       323.40
      2097152           20      7891.25       265.76
      4194304           10     10388.28       403.75

#---------------------------------------------------
# Benchmarking Bidir_Get 
# #processes = 2 
# ( 14 additional processes waiting in MPI_Barrier)
#---------------------------------------------------
#
#    MODE: NON-AGGREGATE 
#
       #bytes #repetitions      t[usec]   Mbytes/sec
            0          100        20.57         0.00
            4          100        56.12         0.07
            8          100        55.99         0.14
           16          100        57.58         0.28
           32          100        58.22         0.55
           64          100        57.57         1.11
          128          100        58.39         2.19
          256          100        58.65         4.36
          512          100        59.07         8.67
         1024          100        59.40        17.24
         2048          100        60.50        33.85
         4096          100        64.83        63.18
         8192          100        71.87       113.99
        16384          100        77.38       211.73
        32768          100        89.35       366.74
        65536          100       122.85       533.46
       131072          100       204.48       641.00
       262144          100       371.03       706.53
       524288           80       593.51       883.36
      1048576           40       872.88      1201.28
      2097152           20      1400.46      1497.47
      4194304           10      8246.59       508.61

#---------------------------------------------------
# Benchmarking Bidir_Put 
# #processes = 2 
# ( 14 additional processes waiting in MPI_Barrier)
#---------------------------------------------------
#
#    MODE: AGGREGATE 
#
       #bytes #repetitions      t[usec]   Mbytes/sec
            0         1000         0.18         0.00
            4         1000         7.65         0.52
            8         1000         7.89         1.01
           16         1000         9.13         1.75
           32         1000         9.20         3.48
           64         1000         9.22         6.94
          128         1000         9.81        13.04
          256         1000        10.04        25.50
          512         1000        11.08        46.21
         1024         1000        13.54        75.62
         2048         1000        13.99       146.39
         4096         1000        18.35       223.23
         8192         1000        25.33       323.37
        16384         1000        66.54       246.24
        32768         1000       111.07       295.01
        65536          640       177.03       370.19
       131072          320       268.94       487.36
       262144          160        67.19      3901.74
       524288           80        93.20      5625.36
      1048576           40       136.67      7672.13
      2097152           20       198.81     10548.77
      4194304           10       397.49     10551.94

#---------------------------------------------------
# Benchmarking Bidir_Put 
# #processes = 2 
# ( 14 additional processes waiting in MPI_Barrier)
#---------------------------------------------------
#
#    MODE: NON-AGGREGATE 
#
       #bytes #repetitions      t[usec]   Mbytes/sec
            0          100        21.33         0.00
            4          100        48.84         0.08
            8          100        48.88         0.16
           16          100        51.08         0.31
           32          100        51.41         0.62
           64          100        51.36         1.25
          128          100        51.91         2.47
          256          100        51.90         4.93
          512          100        52.71         9.71
         1024          100        53.06        19.30
         2048          100        54.31        37.71
         4096          100        57.87        70.78
         8192          100        63.87       128.26
        16384          100        70.15       233.56
        32768          100        83.35       393.14
        65536          100        93.79       698.74
       131072          100       113.74      1152.38
       262144          100       120.92      2167.89
       524288           80       138.16      3794.69
      1048576           40       180.30      5815.79
      2097152           20       274.00      7653.77
      4194304           10       451.40      9291.81

#----------------------------------------------------------------
# Benchmarking Accumulate 
# #processes = 2 
# ( 14 additional processes waiting in MPI_Barrier)
#----------------------------------------------------------------
#
#    MODE: AGGREGATE 
#
       #bytes #repetitions  t_min[usec]  t_max[usec]  t_avg[usec]
            0         1000         0.19         0.19         0.19
            4         1000         3.07         3.07         3.07
            8         1000         3.03         3.04         3.04
           16         1000         3.76         3.77         3.76
           32         1000         3.83         3.83         3.83
           64         1000         3.82         3.82         3.82
          128         1000         4.50         4.51         4.51
          256         1000         4.69         4.71         4.70
          512         1000         4.82         4.84         4.83
         1024         1000         5.26         5.29         5.28
         2048         1000         6.04         6.07         6.05
         4096         1000         7.96         7.98         7.97
         8192         1000        12.09        12.11        12.10
        16384         1000        17.87        17.88        17.87
        32768         1000        30.22        30.23        30.23
        65536          640        46.78        46.82        46.80
       131072          320       155.21       175.94       165.57
       262144          160       500.78       572.43       536.60
       524288           80      1259.40      1259.71      1259.56
      1048576           40      2593.80      2594.65      2594.23
      2097152           20      5172.85      5174.24      5173.55
      4194304           10     10496.69     10498.81     10497.75

#----------------------------------------------------------------
# Benchmarking Accumulate 
# #processes = 2 
# ( 14 additional processes waiting in MPI_Barrier)
#----------------------------------------------------------------
#
#    MODE: NON-AGGREGATE 
#
       #bytes #repetitions  t_min[usec]  t_max[usec]  t_avg[usec]
            0          100        26.49        26.60        26.54
            4          100        43.75        43.85        43.80
            8          100        42.91        43.11        43.01
           16          100        44.86        44.95        44.90
           32          100        45.14        45.22        45.18
           64          100        45.02        45.10        45.06
          128          100        45.35        45.43        45.39
          256          100        45.64        45.73        45.68
          512          100        45.61        45.69        45.65
         1024          100        45.61        45.67        45.64
         2048          100        46.36        46.45        46.41
         4096          100        50.20        50.62        50.41
         8192          100        53.96        54.04        54.00
        16384          100        57.24        57.32        57.28
        32768          100        67.19        67.41        67.30
        65536          100        93.14        93.42        93.28
       131072          100       145.65       146.06       145.85
       262144          100       259.27       259.38       259.33
       524288           80       712.29       714.41       713.35
      1048576           40      1163.08      1173.88      1168.48
      2097152           20      5988.25      6037.10      6012.68
      4194304           10     10203.79     10400.70     10302.25

#----------------------------------------------------------------
# Benchmarking Accumulate 
# #processes = 4 
# ( 12 additional processes waiting in MPI_Barrier)
#----------------------------------------------------------------
#
#    MODE: AGGREGATE 
#
       #bytes #repetitions  t_min[usec]  t_max[usec]  t_avg[usec]
            0         1000         0.19         0.19         0.19
            4         1000         7.92         7.97         7.95
            8         1000         7.82         7.90         7.86
           16         1000         9.03        10.37        10.02
           32         1000        10.43        10.48        10.46
           64         1000        10.41        10.52        10.46
          128         1000        12.37        12.49        12.45
          256         1000        12.47        12.54        12.51
          512         1000        13.20        13.31        13.27
         1024         1000        13.49        13.56        13.53
         2048         1000        14.75        14.83        14.80
         4096         1000        18.67        18.77        18.74
         8192         1000        33.26        33.39        33.33
        16384         1000        47.30        48.36        47.83
        32768         1000        78.31        78.60        78.48
        65536          640       126.57       126.90       126.78
       131072          320       535.38       602.28       552.89
       262144          160      1145.03      1389.28      1206.09
       524288           80      1956.60      3078.68      2423.09
      1048576           40      4533.92      6154.00      4966.51
      2097152           20      9134.34     12401.20     10843.27
      4194304           10     18043.18     25091.91     21679.04

#----------------------------------------------------------------
# Benchmarking Accumulate 
# #processes = 4 
# ( 12 additional processes waiting in MPI_Barrier)
#----------------------------------------------------------------
#
#    MODE: NON-AGGREGATE 
#
       #bytes #repetitions  t_min[usec]  t_max[usec]  t_avg[usec]
            0          100        36.68        36.83        36.75
            4          100        57.48        57.72        57.56
            8          100        65.96        66.17        66.04
           16          100        61.54        61.81        61.65
           32          100        61.34        61.62        61.44
           64          100        61.55        61.82        61.66
          128          100        63.10        63.49        63.29
          256          100        63.16        63.80        63.35
          512          100        64.24        64.54        64.34
         1024          100        64.59        64.90        64.69
         2048          100        66.95        67.27        67.05
         4096          100        72.19        72.47        72.30
         8192          100        86.42        86.80        86.54
        16384          100       101.86       102.30       102.01
        32768          100       131.70       132.36       131.93
        65536          100       191.54       192.96       192.16
       131072          100       373.49       375.38       374.26
       262144          100       498.32       500.84       499.41
       524288           80      1268.02      1276.46      1270.20
      1048576           40      7213.78      7254.80      7230.21
      2097152           20     11194.90     11365.15     11249.72
      4194304           10     30069.59     31154.89     30482.87

#----------------------------------------------------------------
# Benchmarking Accumulate 
# #processes = 8 
# ( 8 additional processes waiting in MPI_Barrier)
#----------------------------------------------------------------
#
#    MODE: AGGREGATE 
#
       #bytes #repetitions  t_min[usec]  t_max[usec]  t_avg[usec]
            0         1000         0.20         0.30         0.23
            4         1000        18.26        18.31        18.29
            8         1000        18.35        18.39        18.37
           16         1000        25.82        25.86        25.84
           32         1000        25.94        26.33        26.06
           64         1000        26.31        26.37        26.34
          128         1000        30.13        30.24        30.18
          256         1000        30.32        30.38        30.35
          512         1000        32.86        32.91        32.89
         1024         1000        31.71        31.75        31.73
         2048         1000        35.21        35.38        35.29
         4096         1000        43.16        43.21        43.19
         8192         1000        79.69        79.91        79.77
        16384         1000       119.57       120.36       119.94
        32768         1000       193.30       193.62       193.37
        65536          640       325.54       326.10       325.76
       131072          320      1605.75      1767.12      1626.79
       262144          160      1116.36      1527.11      1229.31
       524288           80      2283.79      3673.17      2685.86
      1048576           40      4554.10      7434.73      5685.20
      2097152           20      9046.26     14868.10     11344.33
      4194304           10     18272.78     30331.40     22881.73

#----------------------------------------------------------------
# Benchmarking Accumulate 
# #processes = 8 
# ( 8 additional processes waiting in MPI_Barrier)
#----------------------------------------------------------------
#
#    MODE: NON-AGGREGATE 
#
       #bytes #repetitions  t_min[usec]  t_max[usec]  t_avg[usec]
            0          100        51.32        51.50        51.45
            4          100        90.21        90.59        90.36
            8          100        89.55        90.07        89.71
           16          100        98.37        98.88        98.56
           32          100        99.31        99.89        99.56
           64          100        98.76        99.18        98.89
          128          100       103.21       103.88       103.50
          256          100       105.40       106.03       105.63
          512          100       105.92       106.48       106.09
         1024          100       107.05       107.65       107.26
         2048          100       109.35       109.94       109.56
         4096          100       120.77       121.36       120.98
         8192          100       151.82       152.64       152.05
        16384          100       187.21       188.26       187.56
        32768          100       266.92       268.59       267.43
        65536          100       424.84       427.37       425.98
       131072          100       796.58       801.76       798.93
       262144          100       860.49       866.64       862.79
       524288           80      2373.76      2397.25      2382.94
      1048576           40      4508.97      4575.65      4538.34
      2097152           20     13408.80     13888.60     13544.25
      4194304           10     27443.89     28921.58     28223.26

#----------------------------------------------------------------
# Benchmarking Accumulate 
# #processes = 16 
#----------------------------------------------------------------
#
#    MODE: AGGREGATE 
#
       #bytes #repetitions  t_min[usec]  t_max[usec]  t_avg[usec]
            0         1000         0.21         0.22         0.21
            4         1000        37.69        37.88        37.80
            8         1000        38.15        38.32        38.24
           16         1000        52.41        52.76        52.61
           32         1000        55.52        55.64        55.57
           64         1000        55.86        56.01        55.94
          128         1000        63.84        64.14        64.01
          256         1000        64.54        64.65        64.59
          512         1000        69.42        69.49        69.46
         1024         1000        69.41        69.53        69.46
         2048         1000        76.02        76.15        76.08
         4096         1000        90.26        90.42        90.32
         8192         1000       177.35       177.97       177.42
        16384         1000       270.98       272.24       271.23
        32768         1000       464.47       465.48       464.58
        65536          640       776.81       777.19       776.96
       131072          320      8194.54      8365.70      8211.05
       262144          160      1895.95      2878.14      2066.79
       524288           80      3730.03      7050.89      4249.02
      1048576           40      7357.82     14287.20      8496.26
      2097152           20     14651.00     28638.84     16854.94
      4194304           10     29288.39     58433.79     35443.25

#----------------------------------------------------------------
# Benchmarking Accumulate 
# #processes = 16 
#----------------------------------------------------------------
#
#    MODE: NON-AGGREGATE 
#
       #bytes #repetitions  t_min[usec]  t_max[usec]  t_avg[usec]
            0          100        90.69        91.02        90.95
            4          100       140.69       141.54       140.95
            8          100       140.16       141.10       140.53
           16          100       158.60       159.81       159.08
           32          100       158.37       159.51       158.80
           64          100       160.02       161.05       160.39
          128          100       168.22       169.29       168.61
          256          100       168.66       169.72       169.04
          512          100       173.52       174.62       173.91
         1024          100       176.93       178.12       177.35
         2048          100       182.13       183.36       182.59
         4096          100       204.69       206.01       205.16
         8192          100       268.36       269.94       268.83
        16384          100       344.72       347.23       345.65
        32768          100       576.18       580.44       578.18
        65536          100       881.31       887.36       884.45
       131072          100      1554.17      1563.42      1558.62
       262144          100      1640.82      1654.14      1644.85
       524288           80      4676.70      4725.79      4692.68
      1048576           40     14472.80     14747.97     14582.64
      2097152           20     27660.80     28493.65     27918.58
      4194304           10     55675.60     59984.49     57672.75


# All processes entering MPI_Finalize

