#------------------------------------------------------------
#    Intel (R) MPI Benchmarks 2018 Update 1, MPI-IO part   
#------------------------------------------------------------
# Date                  : Thu Nov 30 16:48:32 2017
# Machine               : x86_64
# System                : Linux
# Release               : 4.4.74-92.35-default
# Version               : #1 SMP Mon Aug 7 18:24:48 UTC 2017 (c0fdc47)
# MPI Version           : 3.1
# MPI Thread Environment: 


# Calling sequence was: 

# ./IMB-IO

# Minimum io portion in bytes:   0
# Maximum io portion in bytes:   4194304
#
#
#

# List of Benchmarks to run:

# S_Write_Indv
# S_IWrite_Indv
# S_Write_Expl
# S_IWrite_Expl
# P_Write_Indv
# P_IWrite_Indv
# P_Write_Shared
# P_IWrite_Shared
# P_Write_Priv
# P_IWrite_Priv
# P_Write_Expl
# P_IWrite_Expl
# C_Write_Indv
# C_IWrite_Indv
# C_Write_Shared
# C_IWrite_Shared
# C_Write_Expl
# C_IWrite_Expl
# S_Read_Indv
# S_IRead_Indv
# S_Read_Expl
# S_IRead_Expl
# P_Read_Indv
# P_IRead_Indv
# P_Read_Shared
# P_IRead_Shared
# P_Read_Priv
# P_IRead_Priv
# P_Read_Expl
# P_IRead_Expl
# C_Read_Indv
# C_IRead_Indv
# C_Read_Shared
# C_IRead_Shared
# C_Read_Expl
# C_IRead_Expl
# Open_Close


# For nonblocking benchmarks:

# Function CPU_Exploit obtains an undisturbed
# performance of  514.16 MFlops

#---------------------------------------------------
# Benchmarking S_Write_Indv 
# #processes = 1 
# ( 3 additional processes waiting in MPI_Barrier)
#---------------------------------------------------
#
#    MODE: AGGREGATE 
#
       #bytes #repetitions      t[usec]   Mbytes/sec
            0         1000         0.14         0.00
This requires fcntl(2) to be implemented. As of 8/25/2011 it is not. Generic MPICH Message: File locking failed in ADIOI_Set_lock(fd C,cmd F_SETLKW/7,type F_WRLCK/1,whence 0) with return value FFFFFFFF and errno 74.
- If the file system is NFS, you need to use NFS version 3, ensure that the lockd daemon is running on all the machines, and mount the directory with the 'noac' option (no attribute caching).
- If the file system is LUSTRE, ensure that the directory is mounted with the 'flock' option.
ADIOI_Set_lock:: Stale file handle
ADIOI_Set_lock:offset 61, length 1
application called MPI_Abort(MPI_COMM_WORLD, 1) - process 0
