#------------------------------------------------------------
#    Intel (R) MPI Benchmarks 2018 Update 1, MPI-IO part   
#------------------------------------------------------------
# Date                  : Thu Nov 30 16:46:32 2017
# Machine               : x86_64
# System                : Linux
# Release               : 4.4.74-92.35-default
# Version               : #1 SMP Mon Aug 7 18:24:48 UTC 2017 (c0fdc47)
# MPI Version           : 3.1
# MPI Thread Environment: 


# Calling sequence was: 

# ./IMB-IO

# Minimum io portion in bytes:   0
# Maximum io portion in bytes:   4194304
#
#
#

# List of Benchmarks to run:

# S_Write_Indv
# S_IWrite_Indv
# S_Write_Expl
# S_IWrite_Expl
# P_Write_Indv
# P_IWrite_Indv
# P_Write_Shared
# P_IWrite_Shared
# P_Write_Priv
# P_IWrite_Priv
# P_Write_Expl
# P_IWrite_Expl
# C_Write_Indv
# C_IWrite_Indv
# C_Write_Shared
# C_IWrite_Shared
# C_Write_Expl
# C_IWrite_Expl
# S_Read_Indv
# S_IRead_Indv
# S_Read_Expl
# S_IRead_Expl
# P_Read_Indv
# P_IRead_Indv
# P_Read_Shared
# P_IRead_Shared
# P_Read_Priv
# P_IRead_Priv
# P_Read_Expl
# P_IRead_Expl
# C_Read_Indv
# C_IRead_Indv
# C_Read_Shared
# C_IRead_Shared
# C_Read_Expl
# C_IRead_Expl
# Open_Close


# For nonblocking benchmarks:

# Function CPU_Exploit obtains an undisturbed
# performance of  514.18 MFlops

#---------------------------------------------------
# Benchmarking S_Write_Indv 
# #processes = 1 
#---------------------------------------------------
#
#    MODE: AGGREGATE 
#
       #bytes #repetitions      t[usec]   Mbytes/sec
            0         1000         0.13         0.00
            1          308     10284.14         0.00
            2          308     10683.28         0.00
            4          308     17146.68         0.00
            8          308     11344.32         0.00
           16          308      9003.00         0.00
           32          308     10190.40         0.00
           64          308      8963.55         0.01
          128          308     10595.63         0.01
          256          308     12355.99         0.02
          512          308     11724.90         0.04
         1024          308     17878.12         0.06
         2048          308     18255.28         0.11
         4096          308     14587.74         0.28
         8192          308     13640.64         0.60
        16384          308      9631.78         1.70
        32768          308     10385.19         3.16
        65536          308      8471.66         7.74
       131072          308     12220.71        10.73
       262144          160     13714.89        19.11
       524288           80     17894.36        29.30
      1048576           40     31373.35        33.42
      2097152           20     38028.71        55.15
      4194304           10     92792.11        45.20

#---------------------------------------------------
# Benchmarking S_Write_Indv 
# #processes = 1 
#---------------------------------------------------
#
#    MODE: NON-AGGREGATE 
#
       #bytes #repetitions      t[usec]   Mbytes/sec
            0          100         2.54         0.00
            1          100     14266.67         0.00
This requires fcntl(2) to be implemented. As of 8/25/2011 it is not. Generic MPICH Message: File locking failed in ADIOI_Set_lock(fd C,cmd F_SETLKW/7,type F_WRLCK/1,whence 0) with return value FFFFFFFF and errno 74.
- If the file system is NFS, you need to use NFS version 3, ensure that the lockd daemon is running on all the machines, and mount the directory with the 'noac' option (no attribute caching).
- If the file system is LUSTRE, ensure that the directory is mounted with the 'flock' option.
ADIOI_Set_lock:: Stale file handle
ADIOI_Set_lock:offset 60, length 2
application called MPI_Abort(MPI_COMM_WORLD, 1) - process 0
