#------------------------------------------------------------
#    Intel (R) MPI Benchmarks 2018 Update 1, MPI-IO part   
#------------------------------------------------------------
# Date                  : Thu Nov 30 16:52:32 2017
# Machine               : x86_64
# System                : Linux
# Release               : 4.4.74-92.35-default
# Version               : #1 SMP Mon Aug 7 18:24:48 UTC 2017 (c0fdc47)
# MPI Version           : 3.1
# MPI Thread Environment: 


# Calling sequence was: 

# ./IMB-IO

# Minimum io portion in bytes:   0
# Maximum io portion in bytes:   4194304
#
#
#

# List of Benchmarks to run:

# S_Write_Indv
# S_IWrite_Indv
# S_Write_Expl
# S_IWrite_Expl
# P_Write_Indv
# P_IWrite_Indv
# P_Write_Shared
# P_IWrite_Shared
# P_Write_Priv
# P_IWrite_Priv
# P_Write_Expl
# P_IWrite_Expl
# C_Write_Indv
# C_IWrite_Indv
# C_Write_Shared
# C_IWrite_Shared
# C_Write_Expl
# C_IWrite_Expl
# S_Read_Indv
# S_IRead_Indv
# S_Read_Expl
# S_IRead_Expl
# P_Read_Indv
# P_IRead_Indv
# P_Read_Shared
# P_IRead_Shared
# P_Read_Priv
# P_IRead_Priv
# P_Read_Expl
# P_IRead_Expl
# C_Read_Indv
# C_IRead_Indv
# C_Read_Shared
# C_IRead_Shared
# C_Read_Expl
# C_IRead_Expl
# Open_Close


# For nonblocking benchmarks:

# Function CPU_Exploit obtains an undisturbed
# performance of  514.72 MFlops

#---------------------------------------------------
# Benchmarking S_Write_Indv 
# #processes = 1 
#---------------------------------------------------
#
#    MODE: AGGREGATE 
#
       #bytes #repetitions      t[usec]   Mbytes/sec
            0         1000         0.14         0.00
            1          461     11922.54         0.00
            2          461     11651.63         0.00
            4          461     12701.78         0.00
            8          461     11744.97         0.00
           16          461      9048.91         0.00
           32          461      8663.33         0.00
           64          461     11159.49         0.01
          128          461     12787.52         0.01
          256          461     10754.50         0.02
          512          461     18712.69         0.03
         1024          461     20430.47         0.05
         2048          461     14715.12         0.14
         4096          461     19155.88         0.21
         8192          301     12294.36         0.67
        16384          301     14331.96         1.14
        32768          301     13773.94         2.38
        65536          301     14921.37         4.39
       131072          301     19371.78         6.77
       262144          160     16345.40        16.04
       524288           80     23668.61        22.15
      1048576           40     25814.75        40.62
      2097152           20     67400.41        31.11
      4194304           10    101877.59        41.17

#---------------------------------------------------
# Benchmarking S_Write_Indv 
# #processes = 1 
#---------------------------------------------------
#
#    MODE: NON-AGGREGATE 
#
       #bytes #repetitions      t[usec]   Mbytes/sec
            0          100         2.55         0.00
            1          100      8372.66         0.00
            2          100      9664.75         0.00
            4          100     11284.21         0.00
            8          100      8096.06         0.00
           16          100     11028.30         0.00
           32          100     12669.97         0.00
           64          100      9161.69         0.01
          128          100      9177.56         0.01
          256          100      7322.85         0.03
          512          100      8289.84         0.06
         1024          100     10998.19         0.09
         2048          100     10559.63         0.19
         4096          100      7685.06         0.53
         8192          100      9103.50         0.90
        16384          100      8839.21         1.85
        32768          100      7425.65         4.41
        65536          100      7842.69         8.36
       131072          100     10855.24        12.07
       262144          100     13874.13        18.89
       524288           80     17529.89        29.91
      1048576           40     27697.45        37.86
      2097152           20     46088.25        45.50
      4194304           10     81381.42        51.54

#-----------------------------------------------------------------------------
# Benchmarking S_IWrite_Indv 
# #processes = 1 
#-----------------------------------------------------------------------------
#
#    MODE: AGGREGATE 
#
       #bytes #repetitions t_ovrl[usec] t_pure[usec]  t_CPU[usec]   overlap[%]
            0         1000     10006.50         0.14      9986.88         0.00
            1          599     23378.72     17109.41      9986.88        37.22
            2          599     25719.94     14134.00      9986.88         0.00
            4          599     22630.03     13644.69      9986.88        10.03
            8          599     23364.57     11505.33      9986.88         0.00
           16          410     21032.94     10487.10      9986.88         0.00
           32          410     25840.80     16994.50      9986.88        11.42
           64          410     21933.89     14121.61      9986.88        21.77
          128          410     19218.40     10784.10      9986.88        15.55
          256          397     21498.38     11948.61      9986.88         4.38
          512          397     20630.52     10303.71      9986.88         0.00
         1024          397     24585.14     10950.33      9986.88         0.00
         2048 time-out.; Time limit (secs_per_sample * msg_sizes_list_len) is over; use "-time X" or SECS_PER_SAMPLE=X (IMB_settings.h) to increase time limit.

#---------------------------------------------------
# Benchmarking S_Write_Expl 
# #processes = 1 
#---------------------------------------------------
#
#    MODE: AGGREGATE 
#
       #bytes #repetitions      t[usec]   Mbytes/sec
            0         1000         0.16         0.00
            1          727     10366.12         0.00
            2          727     14345.07         0.00
            4          727     11200.77         0.00
            8          727      8284.67         0.00
           16          727     13210.69         0.00
           32          727     28845.41         0.00
           64           61     60505.51         0.00
          128           61     18295.21         0.01
          256           61     25652.49         0.01
          512           61     19085.90         0.03
         1024           61     15545.74         0.07
         2048           61     16171.21         0.13
         4096           61     11832.15         0.35
         8192           61      7722.64         1.06
        16384           61     29438.82         0.56
        32768           61     19364.97         1.69
        65536           61     12532.23         5.23
       131072           61     15202.26         8.62
       262144           61     13962.87        18.77
       524288           61     14910.41        35.16
      1048576           40     24552.55        42.71
      2097152           20     65936.51        31.81
      4194304           10     78732.71        53.27

#---------------------------------------------------
# Benchmarking S_Write_Expl 
# #processes = 1 
#---------------------------------------------------
#
#    MODE: NON-AGGREGATE 
#
       #bytes #repetitions      t[usec]   Mbytes/sec
            0          100         2.65         0.00
            1          100      6974.37         0.00
            2          100      7482.48         0.00
            4          100      6088.95         0.00
            8          100      6870.15         0.00
           16          100      5029.23         0.00
           32          100      4438.85         0.01
           64          100      5324.26         0.01
          128          100      7313.67         0.02
          256          100     10298.75         0.02
          512          100      8959.02         0.06
         1024          100      9154.34         0.11
         2048          100      8934.65         0.23
         4096          100      8289.70         0.49
         8192          100     14434.59         0.57
        16384          100      5239.06         3.13
        32768          100     11841.75         2.77
        65536          100     11944.80         5.49
       131072          100     11080.35        11.83
       262144          100     11330.83        23.14
       524288           80     15188.24        34.52
      1048576           40     28667.37        36.58
      2097152           20     39632.86        52.91
      4194304           10     76914.10        54.53

#-----------------------------------------------------------------------------
# Benchmarking S_IWrite_Expl 
# #processes = 1 
#-----------------------------------------------------------------------------
#
#    MODE: AGGREGATE 
#
       #bytes #repetitions t_ovrl[usec] t_pure[usec]  t_CPU[usec]   overlap[%]
            0         1000     10004.73         0.16      9986.88         0.00
            1         1000     21045.37      7816.51      9986.88         0.00
            2         1000     18576.15      8896.42      9986.88         3.45
            4         1000     17365.39      6677.70      9986.88         0.00
            8          795     18510.55      9551.50      9986.88        10.76
           16           83     26079.48     45404.37      9986.88       100.00
           32           83     15183.82      5310.81      9986.88         2.14
           64           83     17098.76      6171.76      9986.88         0.00
          128           83     12740.31      3598.79      9986.88        23.49
          256           83     15143.16      3749.33      9986.88         0.00
          512           83     18822.19      8652.30      9986.88         0.00
         1024           83     16354.30      8247.20      9986.88        22.79
         2048           83     15413.47      3548.99      9986.88         0.00
         4096           83     16807.48      6578.88      9986.88         0.00
         8192           83     13205.37      3206.05      9986.88         0.00
        16384           83     14521.01      4138.64      9986.88         0.00
        32768           83     13794.80      4389.26      9986.88        13.24
        65536           83     14524.66      4641.16      9986.88         2.23
       131072           83     15701.93      6887.60      9986.88        17.02
       262144           83     18237.89      9112.35      9986.88         9.45
       524288           80     24328.90     19757.99      9986.88        54.23
      1048576           40     34764.55     23964.12      9986.88         0.00
      2097152           20     50134.80     41789.70      9986.88        16.44
      4194304           10     90610.89     74882.10      9986.88         0.00

#-----------------------------------------------------------------------------
# Benchmarking P_Write_Indv 
# #processes = 1 
#-----------------------------------------------------------------------------
#
#    MODE: AGGREGATE 
#
       #bytes #repetitions  t_min[usec]  t_max[usec]  t_avg[usec]   Mbytes/sec
            0         1000         0.13         0.13         0.13         0.00
            1         1000      7503.12      7503.12      7503.12         0.00
            2         1000      5769.81      5769.81      5769.81         0.00
            4         1000      5962.73      5962.73      5962.73         0.00
            8         1000      6068.19      6068.19      6068.19         0.00
           16         1000      7490.29      7490.29      7490.29         0.00
           32         1000      3628.23      3628.23      3628.23         0.01
           64         1000      4539.27      4539.27      4539.27         0.01
          128         1000      9137.60      9137.60      9137.60         0.01
          256         1000      8322.90      8322.90      8322.90         0.03
          512         1000     12258.44     12258.44     12258.44         0.04
         1024          843     14786.57     14786.57     14786.57         0.07
         2048          843     11222.61     11222.61     11222.61         0.18
         4096          843      6852.76      6852.76      6852.76         0.60
         8192          843      6127.64      6127.64      6127.64         1.34
        16384          843      7106.88      7106.88      7106.88         2.31
        32768          843      9870.19      9870.19      9870.19         3.32
        65536          640     11250.46     11250.46     11250.46         5.83
       131072          320     10776.85     10776.85     10776.85        12.16
       262144          160     13832.93     13832.93     13832.93        18.95
       524288           80     24676.84     24676.84     24676.84        21.25
      1048576           40    213774.55    213774.55    213774.55         4.91
      2097152           20     48260.70     48260.70     48260.70        43.45
      4194304           10     96357.01     96357.01     96357.01        43.53

#-----------------------------------------------------------------------------
# Benchmarking P_Write_Indv 
# #processes = 1 
#-----------------------------------------------------------------------------
#
#    MODE: NON-AGGREGATE 
#
       #bytes #repetitions  t_min[usec]  t_max[usec]  t_avg[usec]   Mbytes/sec
            0          100         2.54         2.54         2.54         0.00
            1          100      7353.11      7353.11      7353.11         0.00
            2          100      3734.54      3734.54      3734.54         0.00
            4          100      6198.19      6198.19      6198.19         0.00
            8          100      8140.77      8140.77      8140.77         0.00
           16          100      5679.86      5679.86      5679.86         0.00
           32          100     10221.05     10221.05     10221.05         0.00
           64          100     11859.57     11859.57     11859.57         0.01
          128          100     11745.76     11745.76     11745.76         0.01
          256          100      9078.16      9078.16      9078.16         0.03
          512          100      8552.55      8552.55      8552.55         0.06
         1024          100     10323.63     10323.63     10323.63         0.10
         2048          100      8111.29      8111.29      8111.29         0.25
         4096          100      9734.79      9734.79      9734.79         0.42
         8192          100      8699.65      8699.65      8699.65         0.94
        16384          100     11611.82     11611.82     11611.82         1.41
        32768          100      9294.12      9294.12      9294.12         3.53
        65536          100      9494.23      9494.23      9494.23         6.90
       131072          100     10130.69     10130.69     10130.69        12.94
       262144          100     16439.29     16439.29     16439.29        15.95
       524288           80     15791.43     15791.43     15791.43        33.20
      1048576           40     24653.77     24653.77     24653.77        42.53
      2097152           20     42718.85     42718.85     42718.85        49.09
      4194304           10     62957.48     62957.48     62957.48        66.62

#-----------------------------------------------------------------------------
# Benchmarking P_IWrite_Indv 
# #processes = 1 
#-----------------------------------------------------------------------------
#
#    MODE: AGGREGATE 
#
       #bytes #repetitions t_ovrl[usec] t_pure[usec]  t_CPU[usec]   overlap[%]
            0         1000      9998.22         0.14      9986.88         0.00
            1         1000     23164.44     14373.18      9986.88        11.97
            2         1000     16589.95     12846.44      9986.88        62.52
            4         1000     17496.78      8560.36      9986.88        12.27
            8         1000     19145.39      7913.50      9986.88         0.00
           16          790     17356.75      5653.61      9986.88         0.00
           32          790     17831.83     11348.72      9986.88        35.08
           64          790     16831.37      7845.91      9986.88        12.76
          128          790     20120.82      9024.73      9986.88         0.00
          256 time-out.; Time limit (secs_per_sample * msg_sizes_list_len) is over; use "-time X" or SECS_PER_SAMPLE=X (IMB_settings.h) to increase time limit.

#-----------------------------------------------------------------------------
# Benchmarking P_Write_Shared 
# #processes = 1 
#-----------------------------------------------------------------------------
#
#    MODE: AGGREGATE 
#
       #bytes #repetitions  t_min[usec]  t_max[usec]  t_avg[usec]   Mbytes/sec
            0         1000         0.18         0.18         0.18         0.00
            1          417     17367.05     17367.05     17367.05         0.00
            2          417     15216.58     15216.58     15216.58         0.00
            4          417     20724.12     20724.12     20724.12         0.00
            8          417     23883.76     23883.76     23883.76         0.00
           16          417     21557.42     21557.42     21557.42         0.00
           32          417     20452.58     20452.58     20452.58         0.00
           64          417     19569.44     19569.44     19569.44         0.00
          128          417     21213.57     21213.57     21213.57         0.01
          256          417     17574.70     17574.70     17574.70         0.01
          512          417     12346.79     12346.79     12346.79         0.04
         1024          417     10237.24     10237.24     10237.24         0.10
         2048          417     12080.59     12080.59     12080.59         0.17
         4096          417      8448.82      8448.82      8448.82         0.48
         8192          417      7919.65      7919.65      7919.65         1.03
        16384          417      9445.29      9445.29      9445.29         1.73
        32768          417      7843.24      7843.24      7843.24         4.18
        65536          417     12624.23     12624.23     12624.23         5.19
       131072          320     22315.86     22315.86     22315.86         5.87
       262144          160     23020.76     23020.76     23020.76        11.39
       524288           80     21946.79     21946.79     21946.79        23.89
      1048576           40     32320.45     32320.45     32320.45        32.44
      2097152           20     49053.10     49053.10     49053.10        42.75
      4194304           10     83623.50     83623.50     83623.50        50.16

#-----------------------------------------------------------------------------
# Benchmarking P_Write_Shared 
# #processes = 1 
#-----------------------------------------------------------------------------
#
#    MODE: NON-AGGREGATE 
#
       #bytes #repetitions  t_min[usec]  t_max[usec]  t_avg[usec]   Mbytes/sec
            0          100         2.92         2.92         2.92         0.00
            1          100     17082.21     17082.21     17082.21         0.00
            2          100     19076.73     19076.73     19076.73         0.00
            4          100     17205.65     17205.65     17205.65         0.00
            8          100     16693.02     16693.02     16693.02         0.00
           16          100     15244.62     15244.62     15244.62         0.00
           32          100     25008.22     25008.22     25008.22         0.00
           64          100     14085.13     14085.13     14085.13         0.00
          128          100     13613.52     13613.52     13613.52         0.01
          256          100      9816.17      9816.17      9816.17         0.03
          512          100      9024.98      9024.98      9024.98         0.06
         1024          100     12342.27     12342.27     12342.27         0.08
         2048          100     16477.33     16477.33     16477.33         0.12
         4096          100     15769.35     15769.35     15769.35         0.26
         8192          100     17994.66     17994.66     17994.66         0.46
        16384          100     19525.75     19525.75     19525.75         0.84
        32768          100     15484.45     15484.45     15484.45         2.12
        65536          100     17552.94     17552.94     17552.94         3.73
       131072          100     21815.15     21815.15     21815.15         6.01
       262144          100     20746.78     20746.78     20746.78        12.64
       524288           80     33333.01     33333.01     33333.01        15.73
      1048576           40     40016.17     40016.17     40016.17        26.20
      2097152           20     64115.05     64115.05     64115.05        32.71
      4194304           10    111705.30    111705.30    111705.30        37.55

#-----------------------------------------------------------------------------
# Benchmarking P_IWrite_Shared 
# #processes = 1 
#-----------------------------------------------------------------------------
#
#    MODE: AGGREGATE 
#
       #bytes #repetitions t_ovrl[usec] t_pure[usec]  t_CPU[usec]   overlap[%]
            0         1000     19402.33         0.15      9986.88         0.00
            1          533     23899.49     12358.94      9986.88         0.00
            2          533     22778.44     13472.12      9986.88         6.81
            4          533     20986.19     12820.44      9986.88        18.24
            8          533     23359.63     12977.40      9986.88         0.00
           16          533     27881.50     17647.88      9986.88         0.00
           32          457     26553.64     17456.51      9986.88         8.91
           64          456     28689.43     24126.55      9986.88        54.31
          128          456     22841.28     13209.64      9986.88         3.56
          256          456     21572.88     14090.93      9986.88        25.08
          512 time-out.; Time limit (secs_per_sample * msg_sizes_list_len) is over; use "-time X" or SECS_PER_SAMPLE=X (IMB_settings.h) to increase time limit.

#-----------------------------------------------------------------------------
# Benchmarking P_Write_Priv 
# #processes = 1 
#-----------------------------------------------------------------------------
#
#    MODE: AGGREGATE 
#
       #bytes #repetitions  t_min[usec]  t_max[usec]  t_avg[usec]   Mbytes/sec
            0         1000         0.14         0.14         0.14         0.00
            1         1000      7166.88      7166.88      7166.88         0.00
            2         1000      7792.72      7792.72      7792.72         0.00
            4         1000     10118.36     10118.36     10118.36         0.00
            8          401     12153.27     12153.27     12153.27         0.00
           16          401     10191.65     10191.65     10191.65         0.00
           32          401      9490.33      9490.33      9490.33         0.00
           64          401      9253.38      9253.38      9253.38         0.01
          128          401      8765.01      8765.01      8765.01         0.01
          256          401      6267.41      6267.41      6267.41         0.04
          512          401      8217.10      8217.10      8217.10         0.06
         1024          401     12901.94     12901.94     12901.94         0.08
         2048          401      9379.64      9379.64      9379.64         0.22
         4096          401     10778.23     10778.23     10778.23         0.38
         8192          401      9080.83      9080.83      9080.83         0.90
        16384          401      9083.53      9083.53      9083.53         1.80
        32768          401      9922.65      9922.65      9922.65         3.30
        65536          401     10212.81     10212.81     10212.81         6.42
       131072          320     13536.44     13536.44     13536.44         9.68
       262144          160     14759.52     14759.52     14759.52        17.76
       524288           80     16196.69     16196.69     16196.69        32.37
      1048576           40     24982.70     24982.70     24982.70        41.97
      2097152           20     37880.00     37880.00     37880.00        55.36
      4194304           10     70142.60     70142.60     70142.60        59.80

#-----------------------------------------------------------------------------
# Benchmarking P_Write_Priv 
# #processes = 1 
#-----------------------------------------------------------------------------
#
#    MODE: NON-AGGREGATE 
#
       #bytes #repetitions  t_min[usec]  t_max[usec]  t_avg[usec]   Mbytes/sec
            0          100         2.55         2.55         2.55         0.00
            1          100      7862.00      7862.00      7862.00         0.00
            2          100      6196.68      6196.68      6196.68         0.00
            4          100      5628.53      5628.53      5628.53         0.00
            8          100      5760.20      5760.20      5760.20         0.00
           16          100      6758.17      6758.17      6758.17         0.00
           32          100      9890.18      9890.18      9890.18         0.00
           64          100      9935.71      9935.71      9935.71         0.01
          128          100      6927.02      6927.02      6927.02         0.02
          256          100      5998.38      5998.38      5998.38         0.04
          512          100      7039.03      7039.03      7039.03         0.07
         1024          100      7184.57      7184.57      7184.57         0.14
         2048          100      4297.99      4297.99      4297.99         0.48
         4096          100      4093.43      4093.43      4093.43         1.00
         8192          100      4436.29      4436.29      4436.29         1.85
        16384          100      4601.03      4601.03      4601.03         3.56
        32768          100      3674.96      3674.96      3674.96         8.92
        65536          100      5835.54      5835.54      5835.54        11.23
       131072          100      8770.42      8770.42      8770.42        14.94
       262144          100      9993.31      9993.31      9993.31        26.23
       524288           80     14227.25     14227.25     14227.25        36.85
      1048576           40     20772.57     20772.57     20772.57        50.48
      2097152           20     36886.50     36886.50     36886.50        56.85
      4194304           10     72567.30     72567.30     72567.30        57.80

#-----------------------------------------------------------------------------
# Benchmarking P_IWrite_Priv 
# #processes = 1 
#-----------------------------------------------------------------------------
#
#    MODE: AGGREGATE 
#
       #bytes #repetitions t_ovrl[usec] t_pure[usec]  t_CPU[usec]   overlap[%]
            0         1000     10001.35         0.14      9986.88         0.00
            1         1000     14840.09      6286.90      9986.88        22.80
            2         1000     16956.73      5536.76      9986.88         0.00
            4         1000     13557.18      4165.77      9986.88        14.29
            8          702     14048.01      3842.15      9986.88         0.00
           16          702     13354.51      3923.30      9986.88        14.16
           32          702     13604.68      3042.51      9986.88         0.00
           64          702     13771.93      4910.45      9986.88        22.92
          128          702     13941.66      3375.95      9986.88         0.00
          256          702     17479.49      7673.29      9986.88         2.35
          512          702     25170.09      7425.23      9986.88         0.00
         1024          702     13843.94      5111.03      9986.88        24.53
         2048          702     18121.56      8204.05      9986.88         0.85
         4096 time-out.; Time limit (secs_per_sample * msg_sizes_list_len) is over; use "-time X" or SECS_PER_SAMPLE=X (IMB_settings.h) to increase time limit.

#-----------------------------------------------------------------------------
# Benchmarking P_Write_Expl 
# #processes = 1 
#-----------------------------------------------------------------------------
#
#    MODE: AGGREGATE 
#
       #bytes #repetitions  t_min[usec]  t_max[usec]  t_avg[usec]   Mbytes/sec
            0         1000         0.16         0.16         0.16         0.00
            1         1000      3497.57      3497.57      3497.57         0.00
            2         1000      4132.95      4132.95      4132.95         0.00
            4         1000      5033.23      5033.23      5033.23         0.00
            8         1000      3787.26      3787.26      3787.26         0.00
           16         1000      4515.66      4515.66      4515.66         0.00
           32         1000      4037.50      4037.50      4037.50         0.01
           64         1000      3800.50      3800.50      3800.50         0.02
          128         1000      3459.95      3459.95      3459.95         0.04
          256         1000      3336.08      3336.08      3336.08         0.08
          512         1000      5922.82      5922.82      5922.82         0.09
         1024         1000      4911.42      4911.42      4911.42         0.21
         2048         1000      4880.77      4880.77      4880.77         0.42
         4096         1000      5277.79      5277.79      5277.79         0.78
         8192         1000      6677.29      6677.29      6677.29         1.23
        16384         1000      4104.32      4104.32      4104.32         3.99
        32768         1000      4606.62      4606.62      4606.62         7.11
        65536          640      5529.56      5529.56      5529.56        11.85
       131072          320      6001.13      6001.13      6001.13        21.84
       262144          160      9134.30      9134.30      9134.30        28.70
       524288           80     20348.58     20348.58     20348.58        25.77
      1048576           40     27107.20     27107.20     27107.20        38.68
      2097152           20     50238.20     50238.20     50238.20        41.74
      4194304           10     67862.99     67862.99     67862.99        61.81

#-----------------------------------------------------------------------------
# Benchmarking P_Write_Expl 
# #processes = 1 
#-----------------------------------------------------------------------------
#
#    MODE: NON-AGGREGATE 
#
       #bytes #repetitions  t_min[usec]  t_max[usec]  t_avg[usec]   Mbytes/sec
            0          100         2.59         2.59         2.59         0.00
            1          100      6839.06      6839.06      6839.06         0.00
            2          100      5508.91      5508.91      5508.91         0.00
            4          100      5214.02      5214.02      5214.02         0.00
            8          100      6981.32      6981.32      6981.32         0.00
           16          100      5187.18      5187.18      5187.18         0.00
           32          100      2962.36      2962.36      2962.36         0.01
           64          100      3483.52      3483.52      3483.52         0.02
          128          100      6160.87      6160.87      6160.87         0.02
          256          100      3838.29      3838.29      3838.29         0.07
          512          100      5262.14      5262.14      5262.14         0.10
         1024          100      4668.77      4668.77      4668.77         0.22
         2048          100      3180.60      3180.60      3180.60         0.64
         4096          100      3048.39      3048.39      3048.39         1.34
         8192          100      3586.91      3586.91      3586.91         2.28
        16384          100      3205.09      3205.09      3205.09         5.11
        32768          100      3686.49      3686.49      3686.49         8.89
        65536          100      3982.43      3982.43      3982.43        16.46
       131072          100      4846.92      4846.92      4846.92        27.04
       262144          100      7697.74      7697.74      7697.74        34.05
       524288           80     11857.68     11857.68     11857.68        44.22
      1048576           40     17532.87     17532.87     17532.87        59.81
      2097152           20     36407.20     36407.20     36407.20        57.60
      4194304           10     72407.51     72407.51     72407.51        57.93

#-----------------------------------------------------------------------------
# Benchmarking P_IWrite_Expl 
# #processes = 1 
#-----------------------------------------------------------------------------
#
#    MODE: AGGREGATE 
#
       #bytes #repetitions t_ovrl[usec] t_pure[usec]  t_CPU[usec]   overlap[%]
            0         1000      9995.04         0.16      9986.88         0.00
            1         1000     13845.14      3146.61      9986.88         0.00
            2         1000     14057.01      5854.49      9986.88        30.48
            4         1000     17026.38      4964.58      9986.88         0.00
            8         1000     12890.14      2668.00      9986.88         0.00
           16         1000     15139.37      4173.49      9986.88         0.00
           32         1000     15129.39      5877.93      9986.88        12.51
           64         1000     14146.65     10621.42      9986.88        64.70
          128         1000     13601.87      3905.84      9986.88         7.45
          256         1000     13899.61      5121.78      9986.88        23.61
          512         1000     14898.28      3762.88      9986.88         0.00
         1024 time-out.; Time limit (secs_per_sample * msg_sizes_list_len) is over; use "-time X" or SECS_PER_SAMPLE=X (IMB_settings.h) to increase time limit.

#-----------------------------------------------------------------------------
# Benchmarking C_Write_Indv 
# #processes = 1 
#-----------------------------------------------------------------------------
#
#    MODE: AGGREGATE 
#
       #bytes #repetitions  t_min[usec]  t_max[usec]  t_avg[usec]   Mbytes/sec
            0         1000        11.21        11.21        11.21         0.00
            1         1000      4241.25      4241.25      4241.25         0.00
            2         1000      3796.07      3796.07      3796.07         0.00
            4         1000      3492.18      3492.18      3492.18         0.00
            8         1000      3807.98      3807.98      3807.98         0.00
           16         1000      5382.06      5382.06      5382.06         0.00
           32         1000      8456.54      8456.54      8456.54         0.00
           64         1000      4336.57      4336.57      4336.57         0.01
          128         1000      3662.74      3662.74      3662.74         0.03
          256         1000      6681.53      6681.53      6681.53         0.04
          512         1000      3538.64      3538.64      3538.64         0.14
         1024         1000      3356.24      3356.24      3356.24         0.31
         2048         1000      5423.91      5423.91      5423.91         0.38
         4096         1000      7730.85      7730.85      7730.85         0.53
         8192         1000      4024.76      4024.76      4024.76         2.04
        16384         1000      4313.08      4313.08      4313.08         3.80
        32768          774      4865.07      4865.07      4865.07         6.74
        65536          640      4355.14      4355.14      4355.14        15.05
       131072          320      6134.00      6134.00      6134.00        21.37
       262144          160      8220.91      8220.91      8220.91        31.89
       524288           80     12178.29     12178.29     12178.29        43.05
      1048576           40     26758.05     26758.05     26758.05        39.19
      2097152           20     34775.70     34775.70     34775.70        60.31
      4194304           10     72727.89     72727.89     72727.89        57.67

#-----------------------------------------------------------------------------
# Benchmarking C_Write_Indv 
# #processes = 1 
#-----------------------------------------------------------------------------
#
#    MODE: NON-AGGREGATE 
#
       #bytes #repetitions  t_min[usec]  t_max[usec]  t_avg[usec]   Mbytes/sec
            0          100        19.22        19.22        19.22         0.00
            1          100      3334.73      3334.73      3334.73         0.00
            2          100      7825.12      7825.12      7825.12         0.00
            4          100      8696.38      8696.38      8696.38         0.00
            8          100      8032.38      8032.38      8032.38         0.00
           16          100      4920.48      4920.48      4920.48         0.00
           32          100      8181.67      8181.67      8181.67         0.00
           64          100      4261.85      4261.85      4261.85         0.02
          128          100      3220.29      3220.29      3220.29         0.04
          256          100      3770.91      3770.91      3770.91         0.07
          512          100      3736.75      3736.75      3736.75         0.14
         1024          100      3767.21      3767.21      3767.21         0.27
         2048          100      4729.74      4729.74      4729.74         0.43
         4096          100      4237.14      4237.14      4237.14         0.97
         8192          100      8034.32      8034.32      8034.32         1.02
        16384          100      4363.34      4363.34      4363.34         3.75
        32768          100      8683.53      8683.53      8683.53         3.77
        65536          100      4561.66      4561.66      4561.66        14.37
       131072          100      5899.99      5899.99      5899.99        22.22
       262144          100      9128.81      9128.81      9128.81        28.72
       524288           80     11353.40     11353.40     11353.40        46.18
      1048576           40     20208.73     20208.73     20208.73        51.89
      2097152           20     33818.76     33818.76     33818.76        62.01
      4194304           10     65249.49     65249.49     65249.49        64.28

#-----------------------------------------------------------------------------
# Benchmarking C_IWrite_Indv 
# #processes = 1 
#-----------------------------------------------------------------------------
#
#    MODE: AGGREGATE 
#
       #bytes #repetitions t_ovrl[usec] t_pure[usec]  t_CPU[usec]   overlap[%]
            0         1000     10011.61        10.90      9986.88         0.00
            1         1000     17309.18      6682.48      9986.88         0.00
            2          764     17576.69      7480.72      9986.88         0.00
            4          764     17229.58      5619.52      9986.88         0.00
            8          764     18549.90      5699.40      9986.88         0.00
           16          764     16177.02      5909.75      9986.88         0.00
           32          764     17153.28      5146.76      9986.88         0.00
           64          764     17801.73      4034.01      9986.88         0.00
          128          764     16248.21      3930.78      9986.88         0.00
          256          764     15382.81      3927.56      9986.88         0.00
          512          764     19623.21      6151.82      9986.88         0.00
         1024          764     14672.19      3841.54      9986.88         0.00
         2048 time-out.; Time limit (secs_per_sample * msg_sizes_list_len) is over; use "-time X" or SECS_PER_SAMPLE=X (IMB_settings.h) to increase time limit.

#-----------------------------------------------------------------------------
# Benchmarking C_Write_Shared 
# #processes = 1 
#-----------------------------------------------------------------------------
#
#    MODE: AGGREGATE 
#
       #bytes #repetitions  t_min[usec]  t_max[usec]  t_avg[usec]   Mbytes/sec
            0         1000      3079.59      3079.59      3079.59         0.00
            1         1000     10522.02     10522.02     10522.02         0.00
            2          794      7172.49      7172.49      7172.49         0.00
            4          794      8177.50      8177.50      8177.50         0.00
            8          794     10533.66     10533.66     10533.66         0.00
           16          784     20555.80     20555.80     20555.80         0.00
           32          784      7553.31      7553.31      7553.31         0.00
           64          784      9535.72      9535.72      9535.72         0.01
          128          784      7145.49      7145.49      7145.49         0.02
          256          784      8904.17      8904.17      8904.17         0.03
          512          784      8090.91      8090.91      8090.91         0.06
         1024          784      8256.17      8256.17      8256.17         0.12
         2048          784     12271.77     12271.77     12271.77         0.17
         4096          784     13098.43     13098.43     13098.43         0.31
         8192          750     11298.80     11298.80     11298.80         0.73
        16384          750     11043.87     11043.87     11043.87         1.48
        32768          750     13397.35     13397.35     13397.35         2.45
        65536          640     16890.50     16890.50     16890.50         3.88
       131072          320     14360.88     14360.88     14360.88         9.13
       262144          160     12122.71     12122.71     12122.71        21.62
       524288           80     26350.65     26350.65     26350.65        19.90
      1048576           40     22873.95     22873.95     22873.95        45.84
      2097152           20     37555.60     37555.60     37555.60        55.84
      4194304           10     64790.01     64790.01     64790.01        64.74

#-----------------------------------------------------------------------------
# Benchmarking C_Write_Shared 
# #processes = 1 
#-----------------------------------------------------------------------------
#
#    MODE: NON-AGGREGATE 
#
       #bytes #repetitions  t_min[usec]  t_max[usec]  t_avg[usec]   Mbytes/sec
            0          100      4278.52      4278.52      4278.52         0.00
            1          100      6684.52      6684.52      6684.52         0.00
            2          100     10560.86     10560.86     10560.86         0.00
            4          100     10171.04     10171.04     10171.04         0.00
            8          100      8904.65      8904.65      8904.65         0.00
           16          100      6921.22      6921.22      6921.22         0.00
           32          100      5534.71      5534.71      5534.71         0.01
           64          100      6930.34      6930.34      6930.34         0.01
          128          100      8040.61      8040.61      8040.61         0.02
          256          100      7047.00      7047.00      7047.00         0.04
          512          100      8260.64      8260.64      8260.64         0.06
         1024          100      7135.72      7135.72      7135.72         0.14
         2048          100      9556.26      9556.26      9556.26         0.21
         4096          100      9807.83      9807.83      9807.83         0.42
         8192          100     11539.16     11539.16     11539.16         0.71
        16384          100     10255.33     10255.33     10255.33         1.60
        32768          100      7333.45      7333.45      7333.45         4.47
        65536          100     10125.87     10125.87     10125.87         6.47
       131072          100     10077.95     10077.95     10077.95        13.01
       262144          100     10905.46     10905.46     10905.46        24.04
       524288           80     16231.66     16231.66     16231.66        32.30
      1048576           40     29781.35     29781.35     29781.35        35.21
      2097152           20     39590.70     39590.70     39590.70        52.97
      4194304           10     75566.41     75566.41     75566.41        55.50

#-----------------------------------------------------------------------------
# Benchmarking C_IWrite_Shared 
# #processes = 1 
#-----------------------------------------------------------------------------
#
#    MODE: AGGREGATE 
#
       #bytes #repetitions t_ovrl[usec] t_pure[usec]  t_CPU[usec]   overlap[%]
            0         1000     14616.35      2466.66      9986.88         0.00
            1          807     23509.68      7685.80      9986.88         0.00
            2          807     19714.50     12424.55      9986.88        27.00
            4          807     20428.49      8669.47      9986.88         0.00
            8          807     20045.48      8125.18      9986.88         0.00
           16          794     19968.15      9705.09      9986.88         0.00
           32          794     18963.10     12935.16      9986.88        39.64
           64          794     21952.76      8206.56      9986.88         0.00
          128          794     21234.00      6794.71      9986.88         0.00
          256 time-out.; Time limit (secs_per_sample * msg_sizes_list_len) is over; use "-time X" or SECS_PER_SAMPLE=X (IMB_settings.h) to increase time limit.

#-----------------------------------------------------------------------------
# Benchmarking C_Write_Expl 
# #processes = 1 
#-----------------------------------------------------------------------------
#
#    MODE: AGGREGATE 
#
       #bytes #repetitions  t_min[usec]  t_max[usec]  t_avg[usec]   Mbytes/sec
            0         1000        11.50        11.50        11.50         0.00
            1         1000      7367.75      7367.75      7367.75         0.00
            2         1000      6518.77      6518.77      6518.77         0.00
            4         1000     10047.75     10047.75     10047.75         0.00
            8         1000      8407.34      8407.34      8407.34         0.00
           16         1000      4655.43      4655.43      4655.43         0.00
           32         1000      3792.24      3792.24      3792.24         0.01
           64         1000      3062.16      3062.16      3062.16         0.02
          128         1000      5116.68      5116.68      5116.68         0.03
          256         1000      5257.49      5257.49      5257.49         0.05
          512         1000      6713.14      6713.14      6713.14         0.08
         1024         1000      5212.40      5212.40      5212.40         0.20
         2048         1000      4729.50      4729.50      4729.50         0.43
         4096         1000      3834.84      3834.84      3834.84         1.07
         8192         1000      5627.81      5627.81      5627.81         1.46
        16384         1000      4805.46      4805.46      4805.46         3.41
        32768         1000      6973.37      6973.37      6973.37         4.70
        65536          640      6577.96      6577.96      6577.96         9.96
       131072          320      5251.40      5251.40      5251.40        24.96
       262144          160      9407.55      9407.55      9407.55        27.87
       524288           80     12280.84     12280.84     12280.84        42.69
      1048576           40     21554.58     21554.58     21554.58        48.65
      2097152           20     37555.66     37555.66     37555.66        55.84
      4194304           10     62685.01     62685.01     62685.01        66.91

#-----------------------------------------------------------------------------
# Benchmarking C_Write_Expl 
# #processes = 1 
#-----------------------------------------------------------------------------
#
#    MODE: NON-AGGREGATE 
#
       #bytes #repetitions  t_min[usec]  t_max[usec]  t_avg[usec]   Mbytes/sec
            0          100        18.62        18.62        18.62         0.00
            1          100      3444.12      3444.12      3444.12         0.00
            2          100      3417.41      3417.41      3417.41         0.00
            4          100      3644.66      3644.66      3644.66         0.00
            8          100      3611.29      3611.29      3611.29         0.00
           16          100      2678.53      2678.53      2678.53         0.01
           32          100      2750.55      2750.55      2750.55         0.01
           64          100      3630.35      3630.35      3630.35         0.02
          128          100      4140.47      4140.47      4140.47         0.03
          256          100      2382.02      2382.02      2382.02         0.11
          512          100      3062.29      3062.29      3062.29         0.17
         1024          100      3047.78      3047.78      3047.78         0.34
         2048          100      3897.80      3897.80      3897.80         0.53
         4096          100      3234.30      3234.30      3234.30         1.27
         8192          100      3960.09      3960.09      3960.09         2.07
        16384          100      4246.12      4246.12      4246.12         3.86
        32768          100      5685.47      5685.47      5685.47         5.76
        65536          100      6428.72      6428.72      6428.72        10.19
       131072          100      5172.59      5172.59      5172.59        25.34
       262144          100      8356.64      8356.64      8356.64        31.37
       524288           80     18353.55     18353.55     18353.55        28.57
      1048576           40     29944.83     29944.83     29944.83        35.02
      2097152           20     45107.85     45107.85     45107.85        46.49
      4194304           10     75277.09     75277.09     75277.09        55.72

#-----------------------------------------------------------------------------
# Benchmarking C_IWrite_Expl 
# #processes = 1 
#-----------------------------------------------------------------------------
#
#    MODE: AGGREGATE 
#
       #bytes #repetitions t_ovrl[usec] t_pure[usec]  t_CPU[usec]   overlap[%]
            0         1000     10019.52        11.33      9986.88         0.00
            1         1000     15640.56      3890.10      9986.88         0.00
            2         1000     15460.34      3360.96      9986.88         0.00
            4         1000     18171.18      5367.41      9986.88         0.00
            8         1000     15493.35      3504.69      9986.88         0.00
           16         1000     15050.06      7619.69      9986.88        33.55
           32         1000     15550.57      3593.85      9986.88         0.00
           64         1000     15474.71      4170.63      9986.88         0.00
          128         1000     16146.87      4454.10      9986.88         0.00
          256         1000     16313.08      3945.20      9986.88         0.00
          512         1000     18067.86      5381.03      9986.88         0.00
         1024 time-out.; Time limit (secs_per_sample * msg_sizes_list_len) is over; use "-time X" or SECS_PER_SAMPLE=X (IMB_settings.h) to increase time limit.

#---------------------------------------------------
# Benchmarking S_Read_Indv 
# #processes = 1 
#---------------------------------------------------
#
#    MODE: AGGREGATE 
#
       #bytes #repetitions      t[usec]   Mbytes/sec
            0         1000         0.13         0.00
            1         1000      3319.39         0.00
            2         1000      3912.75         0.00
            4         1000      3704.66         0.00
            8         1000      5480.58         0.00
           16         1000      4198.80         0.00
           32         1000      5968.21         0.01
           64         1000      4989.05         0.01
          128          731      3916.20         0.03
          256          731      3420.50         0.07
          512          731      3435.05         0.15
         1024          731      2874.01         0.36
         2048          731      2733.13         0.75
         4096          731      3235.82         1.27
         8192          731      2977.82         2.75
        16384          731      2534.13         6.47
        32768          731      2609.07        12.56
        65536          640      3159.72        20.74
       131072          320      2821.65        46.45
       262144          160      3160.95        82.93
       524288           80      4489.34       116.79
      1048576           40      2984.58       351.33
      2097152           20      3579.10       585.94
      4194304           10      4119.11      1018.25

#-----------------------------------------------------------------------------
# Benchmarking S_IRead_Indv 
# #processes = 1 
#-----------------------------------------------------------------------------
#
#    MODE: AGGREGATE 
#
       #bytes #repetitions t_ovrl[usec] t_pure[usec]  t_CPU[usec]   overlap[%]
            0         1000     10000.29         0.13      9986.88         0.00
            1         1000     14953.84      3935.97      9986.88         0.00
            2         1000     13510.09      7764.81      9986.88        54.63
            4         1000     13535.87      4320.41      9986.88        17.86
            8         1000     13095.22      3423.09      9986.88         9.19
           16          410     15022.39     33807.40      9986.88       100.00
           32          410     15521.46      6192.41      9986.88        10.62
           64          410     14379.56      4398.15      9986.88         0.12
          128          410     13318.92      4137.66      9986.88        19.47
          256          410     13615.50      3787.82      9986.88         4.20
          512          410     13974.60      3418.02      9986.88         0.00
         1024          410     13522.53      2957.05      9986.88         0.00
         2048          410     13487.87      2694.16      9986.88         0.00
         4096          410     12260.90      2117.07      9986.88         0.00
         8192          410     16994.39      4302.52      9986.88         0.00
        16384          410     14435.52      3796.76      9986.88         0.00
        32768          410     13048.52      3764.78      9986.88        18.68
        65536          410     12394.69      3274.91      9986.88        26.48
       131072 time-out.; Time limit (secs_per_sample * msg_sizes_list_len) is over; use "-time X" or SECS_PER_SAMPLE=X (IMB_settings.h) to increase time limit.

#---------------------------------------------------
# Benchmarking S_Read_Expl 
# #processes = 1 
#---------------------------------------------------
#
#    MODE: AGGREGATE 
#
       #bytes #repetitions      t[usec]   Mbytes/sec
            0         1000         0.15         0.00
            1         1000      3771.14         0.00
            2         1000      4209.41         0.00
            4         1000      3197.70         0.00
            8         1000      3833.00         0.00
           16         1000      3249.11         0.00
           32         1000      5696.04         0.01
           64         1000      3091.89         0.02
          128         1000      3125.68         0.04
          256         1000      4590.52         0.06
          512         1000      4624.24         0.11
         1024         1000      2613.66         0.39
         2048         1000      2922.68         0.70
         4096         1000      3601.75         1.14
         8192         1000      3767.30         2.17
        16384         1000      4380.98         3.74
        32768         1000      3909.00         8.38
        65536          640      3661.49        17.90
       131072          320      2986.36        43.89
       262144          160      2183.12       120.08
       524288           80      2607.51       201.07
      1048576           40      3637.37       288.28
      2097152           20      3577.65       586.18
      4194304           10      4511.71       929.65

#-----------------------------------------------------------------------------
# Benchmarking S_IRead_Expl 
# #processes = 1 
#-----------------------------------------------------------------------------
#
#    MODE: AGGREGATE 
#
       #bytes #repetitions t_ovrl[usec] t_pure[usec]  t_CPU[usec]   overlap[%]
            0         1000      9996.46         0.19      9986.88         0.00
            1         1000     13793.02      4222.63      9986.88         9.86
            2         1000     12475.74      2415.32      9986.88         0.00
            4         1000     13823.79      3166.76      9986.88         0.00
            8         1000     13524.50      3493.74      9986.88         0.00
           16         1000     13597.05      4993.21      9986.88        27.70
           32         1000     12909.23      3236.32      9986.88         9.70
           64         1000     12426.02      3371.69      9986.88        27.66
          128         1000     12621.86      3510.82      9986.88        24.95
          256         1000     14360.64      2410.62      9986.88         0.00
          512         1000     12684.51      2559.25      9986.88         0.00
         1024         1000     12241.14      2449.24      9986.88         7.96
         2048         1000     12974.30      2434.65      9986.88         0.00
         4096 time-out.; Time limit (secs_per_sample * msg_sizes_list_len) is over; use "-time X" or SECS_PER_SAMPLE=X (IMB_settings.h) to increase time limit.

#-----------------------------------------------------------------------------
# Benchmarking P_Read_Indv 
# #processes = 1 
#-----------------------------------------------------------------------------
#
#    MODE: AGGREGATE 
#
       #bytes #repetitions  t_min[usec]  t_max[usec]  t_avg[usec]   Mbytes/sec
            0         1000         0.13         0.13         0.13         0.00
            1         1000      2477.62      2477.62      2477.62         0.00
            2         1000      2983.92      2983.92      2983.92         0.00
            4         1000      2814.66      2814.66      2814.66         0.00
            8         1000      2826.53      2826.53      2826.53         0.00
           16         1000      3067.85      3067.85      3067.85         0.01
           32         1000      2817.89      2817.89      2817.89         0.01
           64         1000      3720.19      3720.19      3720.19         0.02
          128         1000      3037.42      3037.42      3037.42         0.04
          256         1000      2728.55      2728.55      2728.55         0.09
          512         1000      3437.70      3437.70      3437.70         0.15
         1024         1000      2480.80      2480.80      2480.80         0.41
         2048         1000      2219.44      2219.44      2219.44         0.92
         4096         1000      2158.20      2158.20      2158.20         1.90
         8192         1000      2073.16      2073.16      2073.16         3.95
        16384         1000      2492.22      2492.22      2492.22         6.57
        32768         1000      2523.74      2523.74      2523.74        12.98
        65536          640      3088.67      3088.67      3088.67        21.22
       131072          320      4345.62      4345.62      4345.62        30.16
       262144          160      2925.49      2925.49      2925.49        89.61
       524288           80      3898.74      3898.74      3898.74       134.48
      1048576           40      4803.23      4803.23      4803.23       218.31
      2097152           20      5262.40      5262.40      5262.40       398.52
      4194304           10      5283.21      5283.21      5283.21       793.89

#-----------------------------------------------------------------------------
# Benchmarking P_IRead_Indv 
# #processes = 1 
#-----------------------------------------------------------------------------
#
#    MODE: AGGREGATE 
#
       #bytes #repetitions t_ovrl[usec] t_pure[usec]  t_CPU[usec]   overlap[%]
            0         1000      9996.48         0.13      9986.88         0.00
            1         1000     12791.93      4502.62      9986.88        37.70
            2         1000     12581.38      3220.06      9986.88        19.43
            4         1000     13353.12      2504.11      9986.88         0.00
            8         1000     12985.99      2602.60      9986.88         0.00
           16         1000     12336.01      2605.81      9986.88         9.85
           32         1000     12993.64      4871.24      9986.88        38.28
           64         1000     13344.51      3715.15      9986.88         9.62
          128         1000     15356.09      3929.36      9986.88         0.00
          256         1000     12481.83      2777.45      9986.88        10.17
          512         1000     13775.99      3399.27      9986.88         0.00
         1024         1000     13107.55      3488.08      9986.88        10.53
         2048         1000     13282.79      3296.88      9986.88         0.03
         4096 time-out.; Time limit (secs_per_sample * msg_sizes_list_len) is over; use "-time X" or SECS_PER_SAMPLE=X (IMB_settings.h) to increase time limit.

#-----------------------------------------------------------------------------
# Benchmarking P_Read_Shared 
# #processes = 1 
#-----------------------------------------------------------------------------
#
#    MODE: AGGREGATE 
#
       #bytes #repetitions  t_min[usec]  t_max[usec]  t_avg[usec]   Mbytes/sec
            0         1000         0.14         0.14         0.14         0.00
            1         1000      8875.12      8875.12      8875.12         0.00
            2          768     13760.82     13760.82     13760.82         0.00
            4          768      8054.03      8054.03      8054.03         0.00
            8          768      7248.17      7248.17      7248.17         0.00
           16          768      8206.74      8206.74      8206.74         0.00
           32          724     15925.94     15925.94     15925.94         0.00
           64          724      8498.39      8498.39      8498.39         0.01
          128          526     10808.91     10808.91     10808.91         0.01
          256          526      7206.69      7206.69      7206.69         0.04
          512          526      7124.87      7124.87      7124.87         0.07
         1024          526      8013.32      8013.32      8013.32         0.13
         2048          526      7759.96      7759.96      7759.96         0.26
         4096          526      7202.10      7202.10      7202.10         0.57
         8192          526      7701.35      7701.35      7701.35         1.06
        16384          526      8927.59      8927.59      8927.59         1.84
        32768          526      7695.14      7695.14      7695.14         4.26
        65536          526      6157.08      6157.08      6157.08        10.64
       131072          320     11397.26     11397.26     11397.26        11.50
       262144          160      8933.35      8933.35      8933.35        29.34
       524288           80      7611.81      7611.81      7611.81        68.88
      1048576           40      6791.32      6791.32      6791.32       154.40
      2097152           20      7121.65      7121.65      7121.65       294.48
      4194304           10      6223.20      6223.20      6223.20       673.98

#-----------------------------------------------------------------------------
# Benchmarking P_IRead_Shared 
# #processes = 1 
#-----------------------------------------------------------------------------
#
#    MODE: AGGREGATE 
#
       #bytes #repetitions t_ovrl[usec] t_pure[usec]  t_CPU[usec]   overlap[%]
            0         1000     12248.56         0.14      9986.88         0.00
            1         1000     19391.56     13048.54      9986.88        36.49
            2         1000     20175.54      7921.06      9986.88         0.00
            4          966     20886.12      7613.21      9986.88         0.00
            8          815     17574.51      7593.19      9986.88         0.07
           16          758     20242.45      8904.60      9986.88         0.00
           32          671     20567.90     13231.69      9986.88        26.54
           64          671     22389.84     13916.32      9986.88        15.15
          128          671     17979.25      7525.99      9986.88         0.00
          256 time-out.; Time limit (secs_per_sample * msg_sizes_list_len) is over; use "-time X" or SECS_PER_SAMPLE=X (IMB_settings.h) to increase time limit.

#-----------------------------------------------------------------------------
# Benchmarking P_Read_Priv 
# #processes = 1 
#-----------------------------------------------------------------------------
#
#    MODE: AGGREGATE 
#
       #bytes #repetitions  t_min[usec]  t_max[usec]  t_avg[usec]   Mbytes/sec
            0         1000         0.13         0.13         0.13         0.00
            1         1000      5448.10      5448.10      5448.10         0.00
            2         1000      3732.22      3732.22      3732.22         0.00
            4         1000      4423.49      4423.49      4423.49         0.00
            8         1000      4173.59      4173.59      4173.59         0.00
           16         1000      5707.89      5707.89      5707.89         0.00
           32         1000      8947.20      8947.20      8947.20         0.00
           64         1000      4013.22      4013.22      4013.22         0.02
          128         1000      3183.33      3183.33      3183.33         0.04
          256         1000      3421.14      3421.14      3421.14         0.07
          512         1000      2952.35      2952.35      2952.35         0.17
         1024         1000      3254.02      3254.02      3254.02         0.31
         2048         1000      2734.28      2734.28      2734.28         0.75
         4096         1000      3753.16      3753.16      3753.16         1.09
         8192         1000      5024.17      5024.17      5024.17         1.63
        16384         1000      4094.68      4094.68      4094.68         4.00
        32768         1000      3091.42      3091.42      3091.42        10.60
        65536          640      3105.01      3105.01      3105.01        21.11
       131072          320      4315.64      4315.64      4315.64        30.37
       262144          160      3368.04      3368.04      3368.04        77.83
       524288           80      3432.02      3432.02      3432.02       152.76
      1048576           40      4513.53      4513.53      4513.53       232.32
      2097152           20      3214.45      3214.45      3214.45       652.41
      4194304           10      3975.89      3975.89      3975.89      1054.93

#-----------------------------------------------------------------------------
# Benchmarking P_IRead_Priv 
# #processes = 1 
#-----------------------------------------------------------------------------
#
#    MODE: AGGREGATE 
#
       #bytes #repetitions t_ovrl[usec] t_pure[usec]  t_CPU[usec]   overlap[%]
            0         1000      9996.71         0.13      9986.88         0.00
            1         1000     13381.56      3289.85      9986.88         0.00
            2         1000     12414.50      2924.74      9986.88        17.00
            4         1000     13525.47      4063.29      9986.88        12.91
            8         1000     13705.73      4732.50      9986.88        21.42
           16         1000     13677.84      4654.51      9986.88        20.70
           32         1000     15799.23      3450.82      9986.88         0.00
           64         1000     12782.81      2783.30      9986.88         0.00
          128         1000     13726.64      7023.49      9986.88        46.75
          256         1000     13418.95      4060.65      9986.88        15.48
          512         1000     12713.01      5707.92      9986.88        52.24
         1024         1000     15085.16      3776.00      9986.88         0.00
         2048 time-out.; Time limit (secs_per_sample * msg_sizes_list_len) is over; use "-time X" or SECS_PER_SAMPLE=X (IMB_settings.h) to increase time limit.

#-----------------------------------------------------------------------------
# Benchmarking P_Read_Expl 
# #processes = 1 
#-----------------------------------------------------------------------------
#
#    MODE: AGGREGATE 
#
       #bytes #repetitions  t_min[usec]  t_max[usec]  t_avg[usec]   Mbytes/sec
            0         1000         0.15         0.15         0.15         0.00
            1         1000      4372.98      4372.98      4372.98         0.00
            2         1000      3654.93      3654.93      3654.93         0.00
            4         1000      2828.97      2828.97      2828.97         0.00
            8         1000      4589.86      4589.86      4589.86         0.00
           16         1000      4846.96      4846.96      4846.96         0.00
           32         1000      3015.91      3015.91      3015.91         0.01
           64         1000      3984.56      3984.56      3984.56         0.02
          128         1000      3015.87      3015.87      3015.87         0.04
          256         1000      3737.00      3737.00      3737.00         0.07
          512         1000      3247.56      3247.56      3247.56         0.16
         1024         1000      3220.83      3220.83      3220.83         0.32
         2048         1000      5257.03      5257.03      5257.03         0.39
         4096         1000      4784.56      4784.56      4784.56         0.86
         8192         1000      3522.48      3522.48      3522.48         2.33
        16384         1000      3299.58      3299.58      3299.58         4.97
        32768         1000      2906.36      2906.36      2906.36        11.27
        65536          640      2391.08      2391.08      2391.08        27.41
       131072          320      2366.16      2366.16      2366.16        55.39
       262144          160      3038.76      3038.76      3038.76        86.27
       524288           80      2501.29      2501.29      2501.29       209.61
      1048576           40      3313.85      3313.85      3313.85       316.42
      2097152           20      3576.65      3576.65      3576.65       586.35
      4194304           10      3577.40      3577.40      3577.40      1172.45

#-----------------------------------------------------------------------------
# Benchmarking P_IRead_Expl 
# #processes = 1 
#-----------------------------------------------------------------------------
#
#    MODE: AGGREGATE 
#
       #bytes #repetitions t_ovrl[usec] t_pure[usec]  t_CPU[usec]   overlap[%]
            0         1000      9994.62         0.16      9986.88         0.00
            1         1000     13437.38      5881.95      9986.88        41.34
            2         1000     14590.21      2772.13      9986.88         0.00
            4         1000     13004.12      3994.81      9986.88        24.47
            8         1000     12714.08      4691.68      9986.88        41.87
           16         1000     13825.41      3416.19      9986.88         0.00
           32         1000     12597.25      4576.97      9986.88        42.97
           64         1000     15183.01      2668.52      9986.88         0.00
          128         1000     12870.39      2440.34      9986.88         0.00
          256         1000     12660.16      4319.82      9986.88        38.12
          512         1000     12826.38      3666.38      9986.88        22.55
         1024         1000     14245.30      4240.71      9986.88         0.00
         2048 time-out.; Time limit (secs_per_sample * msg_sizes_list_len) is over; use "-time X" or SECS_PER_SAMPLE=X (IMB_settings.h) to increase time limit.

#-----------------------------------------------------------------------------
# Benchmarking C_Read_Indv 
# #processes = 1 
#-----------------------------------------------------------------------------
#
#    MODE: AGGREGATE 
#
       #bytes #repetitions  t_min[usec]  t_max[usec]  t_avg[usec]   Mbytes/sec
            0         1000        11.39        11.39        11.39         0.00
            1         1000      5642.91      5642.91      5642.91         0.00
            2         1000      2515.58      2515.58      2515.58         0.00
            4         1000      2630.53      2630.53      2630.53         0.00
            8         1000      2390.58      2390.58      2390.58         0.00
           16         1000      5716.89      5716.89      5716.89         0.00
           32         1000      2749.72      2749.72      2749.72         0.01
           64         1000      4067.19      4067.19      4067.19         0.02
          128         1000      3266.80      3266.80      3266.80         0.04
          256         1000      2642.32      2642.32      2642.32         0.10
          512         1000      3447.85      3447.85      3447.85         0.15
         1024         1000      5558.52      5558.52      5558.52         0.18
         2048         1000      2996.67      2996.67      2996.67         0.68
         4096         1000      3701.61      3701.61      3701.61         1.11
         8192          896      6073.80      6073.80      6073.80         1.35
        16384          896      4475.90      4475.90      4475.90         3.66
        32768          896      3413.55      3413.55      3413.55         9.60
        65536          640      2730.52      2730.52      2730.52        24.00
       131072          320      2890.86      2890.86      2890.86        45.34
       262144          160      2540.64      2540.64      2540.64       103.18
       524288           80      2916.25      2916.25      2916.25       179.78
      1048576           40      2957.05      2957.05      2957.05       354.60
      2097152           20      3213.20      3213.20      3213.20       652.67
      4194304           10      4988.41      4988.41      4988.41       840.81

#-----------------------------------------------------------------------------
# Benchmarking C_IRead_Indv 
# #processes = 1 
#-----------------------------------------------------------------------------
#
#    MODE: AGGREGATE 
#
       #bytes #repetitions t_ovrl[usec] t_pure[usec]  t_CPU[usec]   overlap[%]
            0         1000     10017.87        10.94      9986.88         0.00
            1         1000     13907.65      2560.63      9986.88         0.00
            2         1000     14484.33      2439.60      9986.88         0.00
            4         1000     15313.83      2817.10      9986.88         0.00
            8          686     17808.20      6937.85      9986.88         0.00
           16          686     15516.48      4717.71      9986.88         0.00
           32          686     15377.39      3844.39      9986.88         0.00
           64          686     15414.42      4704.96      9986.88         0.00
          128          686     13954.59      3300.20      9986.88         0.00
          256          686     15263.01      3299.95      9986.88         0.00
          512          686     13795.08      2387.92      9986.88         0.00
         1024          686     14136.02      2289.09      9986.88         0.00
         2048          686     14829.48      5379.97      9986.88         9.99
         4096          686     14996.65      2752.32      9986.88         0.00
         8192          686     14965.41      4812.64      9986.88         0.00
        16384 time-out.; Time limit (secs_per_sample * msg_sizes_list_len) is over; use "-time X" or SECS_PER_SAMPLE=X (IMB_settings.h) to increase time limit.

#-----------------------------------------------------------------------------
# Benchmarking C_Read_Shared 
# #processes = 1 
#-----------------------------------------------------------------------------
#
#    MODE: AGGREGATE 
#
       #bytes #repetitions  t_min[usec]  t_max[usec]  t_avg[usec]   Mbytes/sec
            0         1000      3303.39      3303.39      3303.39         0.00
            1         1000      6967.32      6967.32      6967.32         0.00
            2         1000      7498.07      7498.07      7498.07         0.00
            4         1000      8289.43      8289.43      8289.43         0.00
            8         1000      6762.10      6762.10      6762.10         0.00
           16         1000      6088.27      6088.27      6088.27         0.00
           32         1000      7583.84      7583.84      7583.84         0.00
           64         1000      6528.10      6528.10      6528.10         0.01
          128         1000      7978.44      7978.44      7978.44         0.02
          256         1000      7416.93      7416.93      7416.93         0.03
          512         1000      8670.91      8670.91      8670.91         0.06
         1024         1000      9051.38      9051.38      9051.38         0.11
         2048         1000      6323.57      6323.57      6323.57         0.32
         4096         1000      6915.37      6915.37      6915.37         0.59
         8192         1000      8868.23      8868.23      8868.23         0.92
        16384         1000     10955.41     10955.41     10955.41         1.50
        32768         1000     11134.30     11134.30     11134.30         2.94
        65536          640      8535.88      8535.88      8535.88         7.68
       131072          320      6973.93      6973.93      6973.93        18.79
       262144          160      9338.14      9338.14      9338.14        28.07
       524288           80      8180.85      8180.85      8180.85        64.09
      1048576           40     10447.45     10447.45     10447.45       100.37
      2097152           20      8192.10      8192.10      8192.10       256.00
      4194304           10      8962.70      8962.70      8962.70       467.97

#-----------------------------------------------------------------------------
# Benchmarking C_IRead_Shared 
# #processes = 1 
#-----------------------------------------------------------------------------
#
#    MODE: AGGREGATE 
#
       #bytes #repetitions t_ovrl[usec] t_pure[usec]  t_CPU[usec]   overlap[%]
            0         1000     13660.34      3833.41      9986.88         4.17
            1         1000     18855.37      7383.96      9986.88         0.00
            2         1000     17896.47      6377.17      9986.88         0.00
            4         1000     19189.16      7383.75      9986.88         0.00
            8         1000     17954.27      5497.69      9986.88         0.00
           16         1000     18534.73      6086.56      9986.88         0.00
           32         1000     18934.67      6146.70      9986.88         0.00
           64         1000     17032.38      6230.02      9986.88         0.00
          128         1000     17711.90      6434.02      9986.88         0.00
          256 time-out.; Time limit (secs_per_sample * msg_sizes_list_len) is over; use "-time X" or SECS_PER_SAMPLE=X (IMB_settings.h) to increase time limit.

#-----------------------------------------------------------------------------
# Benchmarking C_Read_Expl 
# #processes = 1 
#-----------------------------------------------------------------------------
#
#    MODE: AGGREGATE 
#
       #bytes #repetitions  t_min[usec]  t_max[usec]  t_avg[usec]   Mbytes/sec
            0         1000        11.53        11.53        11.53         0.00
            1         1000      2207.26      2207.26      2207.26         0.00
            2         1000      2739.49      2739.49      2739.49         0.00
            4         1000      2594.75      2594.75      2594.75         0.00
            8         1000      2623.84      2623.84      2623.84         0.00
           16         1000      2189.96      2189.96      2189.96         0.01
           32         1000      2279.12      2279.12      2279.12         0.01
           64         1000      2132.72      2132.72      2132.72         0.03
          128         1000      3162.30      3162.30      3162.30         0.04
          256         1000      2715.37      2715.37      2715.37         0.09
          512         1000      3100.27      3100.27      3100.27         0.17
         1024         1000      2305.82      2305.82      2305.82         0.44
         2048         1000      3063.20      3063.20      3063.20         0.67
         4096         1000      3024.32      3024.32      3024.32         1.35
         8192         1000      2908.12      2908.12      2908.12         2.82
        16384         1000      2903.36      2903.36      2903.36         5.64
        32768         1000      3180.88      3180.88      3180.88        10.30
        65536          640      2895.61      2895.61      2895.61        22.63
       131072          320      2790.74      2790.74      2790.74        46.97
       262144          160      3206.86      3206.86      3206.86        81.74
       524288           80      3318.20      3318.20      3318.20       158.00
      1048576           40      5127.87      5127.87      5127.87       204.49
      2097152           20      4501.45      4501.45      4501.45       465.88
      4194304           10      4883.00      4883.00      4883.00       858.96

#-----------------------------------------------------------------------------
# Benchmarking C_IRead_Expl 
# #processes = 1 
#-----------------------------------------------------------------------------
#
#    MODE: AGGREGATE 
#
       #bytes #repetitions t_ovrl[usec] t_pure[usec]  t_CPU[usec]   overlap[%]
            0         1000     10018.19        11.15      9986.88         0.00
            1         1000     13855.98      2743.46      9986.88         0.00
            2         1000     14050.02      2746.64      9986.88         0.00
            4         1000     14485.02      2948.92      9986.88         0.00
            8         1000     13687.11      2513.14      9986.88         0.00
           16         1000     13980.02      2386.63      9986.88         0.00
           32         1000     13824.21      2440.30      9986.88         0.00
           64         1000     13619.11      2419.69      9986.88         0.00
          128         1000     13688.49      2434.52      9986.88         0.00
          256         1000     13855.79      2362.91      9986.88         0.00
          512         1000     14359.29      2915.88      9986.88         0.00
         1024         1000     14241.23      2696.58      9986.88         0.00
         2048         1000     14453.67      3417.79      9986.88         0.00
         4096 time-out.; Time limit (secs_per_sample * msg_sizes_list_len) is over; use "-time X" or SECS_PER_SAMPLE=X (IMB_settings.h) to increase time limit.

#---------------------------------------------------
# Benchmarking Open_Close 
# #processes = 1 
#---------------------------------------------------
 #repetitions  t_min[usec]  t_max[usec]  t_avg[usec]
          100      5173.43      5173.43      5173.43


# All processes entering MPI_Finalize

