#------------------------------------------------------------
#    Intel (R) MPI Benchmarks 2018 Update 1, MPI-NBC part  
#------------------------------------------------------------
# Date                  : Thu Nov 30 17:50:12 2017
# Machine               : x86_64
# System                : Linux
# Release               : 4.4.74-92.35-default
# Version               : #1 SMP Mon Aug 7 18:24:48 UTC 2017 (c0fdc47)
# MPI Version           : 3.1
# MPI Thread Environment: 


# Calling sequence was: 

# ./IMB-NBC

# Minimum message length in bytes:   0
# Maximum message length in bytes:   4194304
#
# MPI_Datatype                   :   MPI_BYTE 
# MPI_Datatype for reductions    :   MPI_FLOAT
# MPI_Op                         :   MPI_SUM  
#
#

# List of Benchmarks to run:

# Ibcast
# Iallgather
# Iallgatherv
# Igather
# Igatherv
# Iscatter
# Iscatterv
# Ialltoall
# Ialltoallv
# Ireduce
# Ireduce_scatter
# Iallreduce
# Ibarrier

#-----------------------------------------------------------------------------
# Benchmarking Ibcast 
# #processes = 2 
# ( 6 additional processes waiting in MPI_Barrier)
#-----------------------------------------------------------------------------
       #bytes #repetitions t_ovrl[usec] t_pure[usec]  t_CPU[usec]   overlap[%]
            0         1000        17.04         8.93         8.98         9.61
            1         1000        17.51         9.03         9.36         9.45
            2         1000        17.56         9.01         9.38         8.90
            4         1000        17.91         9.37         9.78        12.71
            8         1000        17.97         9.37         9.78        12.12
           16         1000        23.07        12.17        12.56        13.24
           32         1000        22.64        11.98        12.12        12.08
           64         1000        22.63        11.77        12.21        11.01
          128         1000        22.51        11.85        12.11        11.99
          256         1000        23.12        12.22        12.55        13.20
          512         1000        22.59        11.91        12.12        11.91
         1024         1000        23.10        12.21        12.50        12.79
         2048         1000        23.38        12.49        12.87        15.38
         4096         1000        26.71        14.33        14.55        14.87
         8192         1000        30.23        15.48        15.95         7.46
        16384         1000        33.62        17.62        18.05        11.36
        32768         1000        44.03        22.76        23.07         7.81
        65536          640        58.91        30.29        30.45         6.01
       131072          320       149.65        75.26        75.99         2.11
       262144          160       139.00        71.98        72.40         7.43
       524288           80       179.77        93.25        93.36         7.32
      1048576           40       286.07       144.53       145.07         2.43
      2097152           20       467.19       235.00       235.61         1.45
      4194304           10     14945.01      7550.53      7551.36         2.08

#-----------------------------------------------------------------------------
# Benchmarking Ibcast 
# #processes = 4 
# ( 4 additional processes waiting in MPI_Barrier)
#-----------------------------------------------------------------------------
       #bytes #repetitions t_ovrl[usec] t_pure[usec]  t_CPU[usec]   overlap[%]
            0         1000        26.28        14.52        14.84        20.74
            1         1000        21.47        10.32        10.65         0.00
            2         1000        21.40        10.37        10.56         0.00
            4         1000        21.04        10.49        10.58         0.34
            8         1000        20.97        10.30        10.54         0.00
           16         1000        27.32        14.22        14.51         9.74
           32         1000        26.99        13.89        14.11         7.22
           64         1000        26.73        13.82        14.07         8.28
          128         1000        27.13        13.92        14.06         5.96
          256         1000        27.17        13.95        14.06         5.98
          512         1000        27.55        14.18        14.45         7.45
         1024         1000        41.84        20.82        21.14         0.61
         2048         1000        43.02        21.55        21.83         1.66
         4096         1000        48.21        23.90        24.45         0.54
         8192         1000        54.50        26.71        27.30         0.00
        16384         1000        63.73        31.32        32.10         0.00
        32768         1000        82.92        39.93        40.74         0.00
        65536          640       113.91        53.46        54.58         0.00
       131072          320       248.44       110.86       112.12         0.00
       262144          160       303.15       172.47       173.09        24.51
       524288           80       456.42       226.86       227.68         0.00
      1048576           40       688.70       338.41       340.10         0.00
      2097152           20      6016.28      3015.71      3033.73         1.09
      4194304           10     14927.72      7500.29      7490.87         0.85

#-----------------------------------------------------------------------------
# Benchmarking Ibcast 
# #processes = 8 
#-----------------------------------------------------------------------------
       #bytes #repetitions t_ovrl[usec] t_pure[usec]  t_CPU[usec]   overlap[%]
            0         1000        33.80        19.81        20.30        31.10
            1         1000        30.62        15.68        16.00         6.64
            2         1000        30.45        15.57        15.98         6.89
            4         1000        30.99        15.52        15.66         1.19
            8         1000        30.57        15.63        16.02         6.74
           16         1000        42.25        21.08        21.42         1.15
           32         1000        43.13        21.30        21.52         0.00
           64         1000        41.55        20.82        21.04         1.44
          128         1000        42.04        20.84        21.11         0.00
          256         1000        41.95        20.82        21.03         0.00
          512         1000        42.55        21.07        21.41         0.00
         1024         1000        47.94        27.27        27.70        25.40
         2048         1000        49.42        28.14        28.44        25.19
         4096         1000        56.13        32.37        32.78        27.52
         8192         1000        67.23        36.91        37.07        18.24
        16384         1000        77.57        42.84        43.47        20.10
        32768         1000       102.66        56.04        56.39        17.33
        65536          640       150.19        79.38        81.45        13.07
       131072          320       285.28       146.04       147.26         5.45
       262144          160       375.76       209.36       209.89        20.72
       524288           80       544.70       289.84       290.39        12.24
      1048576           40       909.94       471.43       471.32         6.96
      2097152           20      6242.38      3192.91      3200.47         4.72
      4194304           10     14946.79      7513.21      7504.30         0.94

#-----------------------------------------------------------------------------
# Benchmarking Iallgather 
# #processes = 2 
# ( 6 additional processes waiting in MPI_Barrier)
#-----------------------------------------------------------------------------
       #bytes #repetitions t_ovrl[usec] t_pure[usec]  t_CPU[usec]   overlap[%]
            0         1000         8.92         4.68         4.02         0.00
            1         1000        25.91        12.64        12.87         0.00
            2         1000        25.93        12.69        12.90         0.00
            4         1000        25.91        12.68        12.87         0.00
            8         1000        25.91        12.71        12.93         0.00
           16         1000        31.44        15.37        15.64         0.00
           32         1000        31.40        15.40        15.61         0.00
           64         1000        31.10        15.18        15.57         0.00
          128         1000        31.52        15.54        15.58         0.00
          256         1000        31.64        15.51        15.63         0.00
          512         1000        32.20        15.82        16.01         0.00
         1024         1000        32.51        15.93        16.02         0.00
         2048         1000        33.68        16.45        16.78         0.00
         4096         1000        38.71        18.88        19.18         0.00
         8192         1000        45.98        22.60        23.27         0.00
        16384         1000        56.00        27.47        27.91         0.00
        32768         1000        75.97        36.99        37.85         0.00
        65536          640       113.51        55.85        56.81         0.00
       131072          320       192.84        94.20        95.86         0.00
       262144          160       273.48       135.40       135.51         0.00
       524288           80       609.56       301.01       306.14         0.00
      1048576           40      1015.78       506.93       515.86         1.36
      2097152           20      7437.81      3694.64      3733.50         0.00
      4194304           10      2793.48      1391.65      1410.32         0.60

#-----------------------------------------------------------------------------
# Benchmarking Iallgather 
# #processes = 4 
# ( 4 additional processes waiting in MPI_Barrier)
#-----------------------------------------------------------------------------
       #bytes #repetitions t_ovrl[usec] t_pure[usec]  t_CPU[usec]   overlap[%]
            0         1000         9.44         5.06         4.40         0.47
            1         1000        41.83        20.35        20.70         0.00
            2         1000        41.45        20.24        20.64         0.00
            4         1000        41.72        20.55        20.70         0.00
            8         1000        48.49        23.73        23.78         0.00
           16         1000        53.13        26.20        26.55         0.00
           32         1000        52.93        26.04        26.47         0.00
           64         1000        52.49        25.82        26.16         0.00
          128         1000        53.90        26.16        26.67         0.00
          256         1000        53.93        26.47        26.98         0.00
          512         1000        54.95        27.12        27.37         0.00
         1024         1000        56.39        27.69        28.10         0.00
         2048         1000        63.18        31.12        31.67         0.00
         4096         1000        75.05        36.67        37.31         0.00
         8192         1000        91.82        44.55        45.23         0.00
        16384         1000       118.38        57.22        57.90         0.00
        32768         1000       175.13        84.57        85.80         0.00
        65536          640       310.84       150.70       152.84         0.00
       131072          320       473.72       262.83       267.18        21.07
       262144          160       833.75       406.33       409.02         0.00
       524288           80      1294.40       644.06       657.91         1.15
      1048576           40      1563.62       778.88       790.62         0.74
      2097152           20     31624.48     18943.72     18994.86        33.24
      4194304           10     54339.81     28853.39     28912.19        11.85

#-----------------------------------------------------------------------------
# Benchmarking Iallgather 
# #processes = 8 
#-----------------------------------------------------------------------------
       #bytes #repetitions t_ovrl[usec] t_pure[usec]  t_CPU[usec]   overlap[%]
            0         1000         9.08         4.79         4.02         0.00
            1         1000        51.57        25.44        25.74         0.00
            2         1000        54.13        25.68        26.15         0.00
            4         1000        59.01        29.02        29.26         0.00
            8         1000        65.20        31.99        32.31         0.00
           16         1000        70.10        34.62        35.08         0.00
           32         1000        69.57        34.53        34.83         0.00
           64         1000        69.48        33.95        34.31         0.00
          128         1000        72.36        35.36        35.62         0.00
          256         1000        71.28        34.54        34.79         0.00
          512         1000        77.33        36.53        37.06         0.00
         1024         1000        81.76        40.30        40.63         0.00
         2048         1000        95.06        47.00        47.85         0.00
         4096         1000       118.01        56.85        57.93         0.00
         8192         1000       151.62        72.51        74.91         0.00
        16384         1000       219.33       104.08       105.26         0.00
        32768         1000       416.21       214.25       216.74         6.82
        65536          640       811.83       391.62       396.26         0.00
       131072          320      1617.54       790.17       798.63         0.00
       262144          160      9297.66      4666.00      4671.00         0.84
       524288           80      7114.58      3544.81      3576.48         0.19
      1048576           40     27771.79     13882.68     13911.34         0.16
      2097152           20     53840.82     30681.80     30702.03        24.57
      4194304           10    111907.10     63914.66     63973.38        24.98

#-----------------------------------------------------------------------------
# Benchmarking Iallgatherv 
# #processes = 2 
# ( 6 additional processes waiting in MPI_Barrier)
#-----------------------------------------------------------------------------
       #bytes #repetitions t_ovrl[usec] t_pure[usec]  t_CPU[usec]   overlap[%]
            0         1000         9.14         4.90         4.03         0.00
            1         1000        26.71        13.22        13.30         0.00
            2         1000        27.16        13.28        13.71         0.00
            4         1000        27.10        13.31        13.65         0.00
            8         1000        27.13        13.27        13.65         0.00
           16         1000        32.47        16.00        16.36         0.00
           32         1000        32.23        15.90        16.02         0.00
           64         1000        31.87        15.59        16.01         0.00
          128         1000        32.39        15.92        16.03         0.00
          256         1000        32.81        15.99        16.45         0.00
          512         1000        33.03        16.19        16.46         0.00
         1024         1000        33.58        16.43        16.83         0.00
         2048         1000        34.40        16.83        17.21         0.00
         4096         1000        39.16        19.45        19.64         0.00
         8192         1000        46.91        22.80        23.19         0.00
        16384         1000        57.19        27.84        28.36         0.00
        32768         1000        75.80        37.08        37.75         0.00
        65536          640       111.41        54.52        55.38         0.00
       131072          320       200.02        98.17       100.12         0.00
       262144          160       279.29       137.42       138.37         0.00
       524288           80       640.50       318.78       322.20         0.15
      1048576           40      1046.22       522.10       529.29         0.98
      2097152           20      1625.80       803.95       817.86         0.00
      4194304           10      2800.51      1398.16      1418.61         1.15

#-----------------------------------------------------------------------------
# Benchmarking Iallgatherv 
# #processes = 4 
# ( 4 additional processes waiting in MPI_Barrier)
#-----------------------------------------------------------------------------
       #bytes #repetitions t_ovrl[usec] t_pure[usec]  t_CPU[usec]   overlap[%]
            0         1000         9.79         5.14         4.44         0.00
            1         1000        43.91        21.61        21.94         0.00
            2         1000        43.78        21.44        21.91         0.00
            4         1000        43.95        21.59        21.89         0.00
            8         1000        51.22        25.10        25.43         0.00
           16         1000        55.23        27.12        27.34         0.00
           32         1000        54.27        26.54        26.92         0.00
           64         1000        53.37        26.27        26.66         0.00
          128         1000        54.89        26.98        27.42         0.00
          256         1000        55.39        27.09        27.53         0.00
          512         1000        56.41        27.82        28.27         0.00
         1024         1000        58.25        28.50        29.07         0.00
         2048         1000        65.51        32.02        32.61         0.00
         4096         1000        78.29        38.16        39.02         0.00
         8192         1000        97.24        47.15        48.26         0.00
        16384         1000       131.73        63.79        64.99         0.00
        32768         1000       193.79        93.07        94.37         0.00
        65536          640       318.31       153.70       156.39         0.00
       131072          320       810.66       390.62       395.23         0.00
       262144          160       959.79       477.91       479.52         0.00
       524288           80      1426.19       709.24       718.46         0.21
      1048576           40     12816.18      6413.20      6454.81         0.80
      2097152           20     11316.59      5690.29      5729.90         1.81
      4194304           10     31763.89     15936.90     15985.47         0.99

#-----------------------------------------------------------------------------
# Benchmarking Iallgatherv 
# #processes = 8 
#-----------------------------------------------------------------------------
       #bytes #repetitions t_ovrl[usec] t_pure[usec]  t_CPU[usec]   overlap[%]
            0         1000        10.11         5.07         4.51         0.00
            1         1000        54.77        26.69        26.94         0.00
            2         1000        54.32        26.51        26.99         0.00
            4         1000        61.66        30.08        30.47         0.00
            8         1000        68.19        32.99        33.19         0.00
           16         1000        75.45        34.86        35.17         0.00
           32         1000        70.52        34.56        34.74         0.00
           64         1000        70.12        34.29        34.77         0.00
          128         1000        71.88        35.29        35.55         0.00
          256         1000        72.83        35.37        36.07         0.00
          512         1000        76.54        36.91        37.22         0.00
         1024         1000        84.52        41.73        42.34         0.00
         2048         1000        99.24        48.63        49.22         0.00
         4096         1000       124.25        60.17        60.62         0.00
         8192         1000       161.96        77.47        78.44         0.00
        16384         1000       245.07       116.87       117.77         0.00
        32768         1000       451.20       216.94       218.23         0.00
        65536          640       824.48       394.21       399.49         0.00
       131072          320      1749.56       867.46       875.75         0.00
       262144          160      9274.94      4576.22      4585.40         0.00
       524288           80     14741.17      7372.57      7400.98         0.44
      1048576           40     27512.15     13902.06     13956.76         2.48
      2097152           20     26084.67     13852.75     13902.26        12.01
      4194304           10    116049.48     63845.71     63901.35        18.31

#-----------------------------------------------------------------------------
# Benchmarking Igather 
# #processes = 2 
# ( 6 additional processes waiting in MPI_Barrier)
#-----------------------------------------------------------------------------
       #bytes #repetitions t_ovrl[usec] t_pure[usec]  t_CPU[usec]   overlap[%]
            0         1000         9.71         5.11         4.41         0.00
            1         1000        19.88        10.47        10.55        10.81
            2         1000        20.41        10.57        10.92         9.90
            4         1000        19.87        10.46        10.49        10.27
            8         1000        19.95        10.46        10.53         9.86
           16         1000        25.64        13.54        13.69        11.63
           32         1000        25.61        13.78        14.06        15.85
           64         1000        25.39        13.45        13.68        12.72
          128         1000        25.78        13.48        13.67        10.10
          256         1000        25.82        13.46        13.69         9.73
          512         1000        26.15        13.68        14.03        11.09
         1024         1000        25.25        12.83        12.90         3.75
         2048         1000        26.04        13.30        13.65         6.68
         4096         1000        28.92        14.93        15.20         8.02
         8192         1000        32.43        16.28        16.43         1.68
        16384         1000        36.76        18.31        18.74         1.52
        32768         1000        47.00        23.43        23.77         0.86
        65536          640        66.29        33.40        33.50         1.82
       131072          320       101.58        51.36        51.86         3.16
       262144          160       167.09        87.87        88.00         9.97
       524288           80       412.33       203.54       204.08         0.00
      1048576           40       780.41       391.89       392.16         0.93
      2097152           20      1347.61       671.21       680.28         0.57
      4194304           10      2522.37      1256.20      1273.51         0.58

#-----------------------------------------------------------------------------
# Benchmarking Igather 
# #processes = 4 
# ( 4 additional processes waiting in MPI_Barrier)
#-----------------------------------------------------------------------------
       #bytes #repetitions t_ovrl[usec] t_pure[usec]  t_CPU[usec]   overlap[%]
            0         1000         9.96         5.28         4.40         0.00
            1         1000        30.55        15.43        15.60         3.06
            2         1000        30.76        15.99        16.37         9.77
            4         1000        30.62        15.37        15.58         2.17
            8         1000        41.07        20.90        21.04         4.13
           16         1000        41.57        20.23        20.69         0.00
           32         1000        41.14        20.22        20.65         0.00
           64         1000        40.55        19.92        20.30         0.00
          128         1000        40.93        20.22        20.67         0.00
          256         1000        41.05        20.18        20.66         0.00
          512         1000        41.60        20.79        21.11         1.39
         1024         1000        68.42        33.33        33.66         0.00
         2048         1000        72.98        35.67        35.98         0.00
         4096         1000        79.18        38.69        39.11         0.00
         8192         1000        86.48        42.03        42.59         0.00
        16384         1000       101.15        49.35        50.29         0.00
        32768         1000       128.84        63.39        64.56         0.00
        65536          640       270.08       116.78       119.27         0.00
       131072          320       425.67       209.62       215.14         0.00
       262144          160       837.37       412.15       416.97         0.00
       524288           80      1277.32       633.73       641.60         0.00
      1048576           40      1985.18       989.68      1003.22         0.77
      2097152           20      8935.76      4478.98      4513.63         1.26
      4194304           10     50466.01     25223.71     25259.95         0.07

#-----------------------------------------------------------------------------
# Benchmarking Igather 
# #processes = 8 
#-----------------------------------------------------------------------------
       #bytes #repetitions t_ovrl[usec] t_pure[usec]  t_CPU[usec]   overlap[%]
            0         1000         9.89         5.21         4.43         0.00
            1         1000        39.92        20.90        21.08         9.77
            2         1000        40.28        21.09        21.43        10.42
            4         1000        47.42        24.19        24.55         5.37
            8         1000        50.85        26.88        27.33        12.30
           16         1000        51.53        27.59        27.66        13.42
           32         1000        50.99        27.02        27.33        12.30
           64         1000        50.72        26.84        27.30        12.52
          128         1000        51.56        27.21        27.67        12.02
          256         1000        51.81        27.34        27.72        11.73
          512         1000        53.17        27.80        28.13         9.83
         1024         1000        86.17        45.81        46.07        12.38
         2048         1000        95.00        50.42        50.84        12.30
         4096         1000       105.20        56.44        57.05        14.54
         8192         1000       127.08        65.87        66.67         8.20
        16384         1000       158.87        83.67        84.53        11.05
        32768         1000       265.70       137.75       139.69         8.41
        65536          640       490.84       258.70       261.60        11.26
       131072          320       884.43       460.45       465.78         8.98
       262144          160      1479.39       798.19       803.74        15.25
       524288           80      2345.21      1291.43      1301.44        19.03
      1048576           40     16638.52      8372.18      8394.50         1.53
      2097152           20     55409.35     28221.17     28217.26         3.65
      4194304           10     74837.71     39651.51     39636.99        11.22

#-----------------------------------------------------------------------------
# Benchmarking Igatherv 
# #processes = 2 
# ( 6 additional processes waiting in MPI_Barrier)
#-----------------------------------------------------------------------------
       #bytes #repetitions t_ovrl[usec] t_pure[usec]  t_CPU[usec]   overlap[%]
            0         1000         9.27         5.02         4.04         0.00
            1         1000        17.92         8.85         8.96         0.00
            2         1000        18.46         9.14         9.38         0.63
            4         1000        17.83         8.87         8.95         0.00
            8         1000        18.11         8.83         9.01         0.00
           16         1000        22.97        11.57        11.67         2.31
           32         1000        22.89        11.56        11.71         3.20
           64         1000        23.15        11.32        11.69         0.00
          128         1000        23.21        11.57        11.73         0.79
          256         1000        23.61        11.59        11.73         0.00
          512         1000        23.71        11.68        12.12         0.68
         1024         1000        23.91        12.16        12.47         5.77
         2048         1000        24.64        12.28        12.51         1.22
         4096         1000        27.51        13.69        14.04         1.49
         8192         1000        30.82        15.14        15.43         0.00
        16384         1000        36.49        18.07        18.33         0.00
        32768         1000        46.60        23.38        23.78         2.39
        65536          640        66.07        33.11        33.55         1.76
       131072          320       102.35        51.07        51.44         0.32
       262144          160       167.04        86.39        86.68         6.96
       524288           80       409.33       202.18       202.50         0.00
      1048576           40       778.90       385.43       385.77         0.00
      2097152           20      1346.29       671.04       682.47         1.06
      4194304           10      2486.49      1236.80      1245.88         0.00

#-----------------------------------------------------------------------------
# Benchmarking Igatherv 
# #processes = 4 
# ( 4 additional processes waiting in MPI_Barrier)
#-----------------------------------------------------------------------------
       #bytes #repetitions t_ovrl[usec] t_pure[usec]  t_CPU[usec]   overlap[%]
            0         1000         9.88         5.23         4.45         0.00
            1         1000        27.06        12.45        12.92         0.00
            2         1000        27.03        12.63        12.90         0.00
            4         1000        27.02        12.67        12.96         0.00
            8         1000        27.08        12.47        12.88         0.00
           16         1000        30.12        14.91        15.20         0.00
           32         1000        30.12        14.85        15.23         0.00
           64         1000        29.50        14.56        14.92         0.00
          128         1000        30.36        15.04        15.25         0.00
          256         1000        30.35        14.99        15.27         0.00
          512         1000        30.56        15.13        15.32         0.00
         1024         1000        31.32        15.45        15.79         0.00
         2048         1000        33.09        16.19        16.59         0.00
         4096         1000        39.15        19.21        19.69         0.00
         8192         1000        45.95        22.67        23.29         0.03
        16384         1000        59.79        29.21        29.94         0.00
        32768         1000        85.48        42.06        43.03         0.00
        65536          640       147.57        72.27        73.35         0.00
       131072          320       311.47       154.42       157.46         0.26
       262144          160       269.96       140.53       141.63         8.61
       524288           80       590.92       299.45       300.54         3.02
      1048576           40      1066.46       539.20       541.25         2.59
      2097152           20      1888.80       979.61       993.67         8.50
      4194304           10      3719.12      1919.79      1931.50         6.84

#-----------------------------------------------------------------------------
# Benchmarking Igatherv 
# #processes = 8 
#-----------------------------------------------------------------------------
       #bytes #repetitions t_ovrl[usec] t_pure[usec]  t_CPU[usec]   overlap[%]
            0         1000         9.96         5.16         4.47         0.00
            1         1000        40.24        19.59        19.87         0.00
            2         1000        40.09        19.62        19.83         0.00
            4         1000        40.16        19.48        19.86         0.00
            8         1000        40.13        19.52        19.85         0.00
           16         1000        43.55        21.59        21.77         0.00
           32         1000        43.58        21.63        21.77         0.00
           64         1000        42.05        20.91        21.05         0.00
          128         1000        44.26        21.94        22.18         0.00
          256         1000        43.43        21.57        21.79         0.00
          512         1000        44.51        22.01        22.28         0.00
         1024         1000        46.42        23.23        23.36         0.76
         2048         1000        49.63        24.76        24.90         0.14
         4096         1000        61.02        30.05        30.37         0.00
         8192         1000        75.09        36.99        37.87         0.00
        16384         1000       103.75        51.22        51.94         0.00
        32768         1000       177.11        87.50        88.67         0.00
        65536          640       400.95       198.77       202.13         0.00
       131072          320       632.56       314.07       318.66         0.06
       262144          160       419.40       208.66       209.78         0.00
       524288           80       916.71       456.64       462.26         0.47
      1048576           40      1755.52       879.69       890.01         1.59
      2097152           20      3303.40      1670.56      1687.81         3.26
      4194304           10      6481.79      3276.32      3298.54         2.82

#-----------------------------------------------------------------------------
# Benchmarking Iscatter 
# #processes = 2 
# ( 6 additional processes waiting in MPI_Barrier)
#-----------------------------------------------------------------------------
       #bytes #repetitions t_ovrl[usec] t_pure[usec]  t_CPU[usec]   overlap[%]
            0         1000         8.96         4.71         4.02         0.00
            1         1000        21.00        10.99        11.35        11.81
            2         1000        21.03        11.01        11.37        11.95
            4         1000        21.08        10.96        11.36        10.87
            8         1000        21.07        10.96        11.35        10.95
           16         1000        27.18        14.55        14.85        14.90
           32         1000        27.44        14.59        14.85        13.49
           64         1000        26.76        14.32        14.41        13.70
          128         1000        27.17        14.68        14.82        15.74
          256         1000        27.30        14.70        14.88        15.31
          512         1000        27.70        14.83        15.18        15.21
         1024         1000        27.87        15.15        15.20        16.28
         2048         1000        29.05        15.68        15.98        16.32
         4096         1000        31.64        17.33        17.60        18.72
         8192         1000        35.75        19.07        19.53        14.64
        16384         1000        39.63        21.30        21.49        14.69
        32768         1000        51.09        26.53        26.96         8.90
        65536          640        71.40        36.50        36.70         4.92
       131072          320       100.38        59.75        60.13        32.43
       262144          160       218.54       111.35       112.14         4.42
       524288           80       537.39       269.93       270.16         1.00
      1048576           40       935.93       471.78       477.86         2.87
      2097152           20      1546.29       771.22       779.77         0.60
      4194304           10      2726.39      1361.30      1377.68         0.91

#-----------------------------------------------------------------------------
# Benchmarking Iscatter 
# #processes = 4 
# ( 4 additional processes waiting in MPI_Barrier)
#-----------------------------------------------------------------------------
       #bytes #repetitions t_ovrl[usec] t_pure[usec]  t_CPU[usec]   overlap[%]
            0         1000         9.13         4.77         4.05         0.00
            1         1000        32.72        16.86        17.15         7.51
            2         1000        32.51        16.57        16.78         5.03
            4         1000        32.75        16.77        17.14         6.78
            8         1000        36.97        18.55        18.71         1.57
           16         1000        45.86        23.04        23.40         2.48
           32         1000        45.41        22.84        23.01         1.94
           64         1000        45.16        22.72        23.03         2.56
          128         1000        46.00        22.94        23.43         1.61
          256         1000        45.86        23.05        23.38         2.42
          512         1000        47.32        24.22        24.65         6.26
         1024         1000        47.03        23.65        23.79         1.75
         2048         1000        51.31        25.97        26.22         3.37
         4096         1000        57.63        29.49        29.82         5.64
         8192         1000        66.17        33.44        34.38         4.78
        16384         1000        80.46        40.46        41.91         4.56
        32768         1000       105.50        53.26        54.44         4.05
        65536          640       153.99        82.56        84.20        15.16
       131072          320       344.34       174.20       174.38         2.44
       262144          160       512.92       261.59       263.69         4.69
       524288           80       993.75       482.85       488.13         0.00
      1048576           40      7272.44      3663.25      3699.58         2.44
      2097152           20      2524.77      1267.56      1279.94         1.78
      4194304           10      4461.10      2235.17      2262.50         1.62

#-----------------------------------------------------------------------------
# Benchmarking Iscatter 
# #processes = 8 
#-----------------------------------------------------------------------------
       #bytes #repetitions t_ovrl[usec] t_pure[usec]  t_CPU[usec]   overlap[%]
            0         1000         9.39         5.03         4.03         0.00
            1         1000        42.11        23.08        23.41        18.72
            2         1000        41.91        23.02        23.41        19.29
            4         1000        44.56        24.43        24.53        17.92
            8         1000        51.27        26.29        26.50         5.77
           16         1000        60.37        30.93        31.18         5.59
           32         1000        59.48        30.99        31.14         8.50
           64         1000        58.49        30.47        30.75         8.87
          128         1000        59.42        31.04        31.15         8.89
          256         1000        60.17        31.39        31.63         9.00
          512         1000        61.66        32.21        32.30         8.82
         1024         1000        65.68        34.57        35.17        11.52
         2048         1000        71.92        37.04        37.42         6.80
         4096         1000        82.55        42.83        43.29         8.23
         8192         1000        98.36        50.80        51.79         8.16
        16384         1000       127.04        65.71        67.06         8.56
        32768         1000       185.28       102.80       103.44        20.27
        65536          640       366.45       154.19       154.58         0.00
       131072          320       490.01       254.35       255.49         7.76
       262144          160       883.25       436.37       439.77         0.00
       524288           80      1692.06       853.74       863.07         2.87
      1048576           40      2546.23      1270.84      1283.81         0.66
      2097152           20      9036.82      4525.97      4560.85         1.10
      4194304           10    166890.38     85202.10     85138.08         4.05

#-----------------------------------------------------------------------------
# Benchmarking Iscatterv 
# #processes = 2 
# ( 6 additional processes waiting in MPI_Barrier)
#-----------------------------------------------------------------------------
       #bytes #repetitions t_ovrl[usec] t_pure[usec]  t_CPU[usec]   overlap[%]
            0         1000         9.19         4.80         4.07         0.00
            1         1000        16.88         9.17         9.36        17.56
            2         1000        16.88         9.13         9.33        16.89
            4         1000        16.86         9.17         9.37        17.91
            8         1000        16.92         9.20         9.37        17.56
           16         1000        22.45        12.19        12.49        17.85
           32         1000        22.42        12.11        12.44        17.15
           64         1000        22.39        12.21        12.51        18.58
          128         1000        22.51        12.21        12.50        17.52
          256         1000        22.60        12.28        12.47        17.25
          512         1000        22.83        12.44        12.53        17.04
         1024         1000        23.43        12.83        13.02        18.56
         2048         1000        24.02        13.22        13.32        18.92
         4096         1000        27.65        15.19        15.66        20.48
         8192         1000        31.48        16.86        17.26        15.28
        16384         1000        36.05        19.15        19.57        13.65
        32768         1000        46.84        24.38        24.59         8.68
        65536          640        67.61        34.32        34.71         4.09
       131072          320        99.35        60.33        60.81        35.82
       262144          160       208.88       106.69       107.60         5.03
       524288           80       567.46       278.26       283.94         0.00
      1048576           40       985.04       486.59       486.74         0.00
      2097152           20      1565.93       779.62       789.59         0.42
      4194304           10      2693.39      1338.58      1350.45         0.00

#-----------------------------------------------------------------------------
# Benchmarking Iscatterv 
# #processes = 4 
# ( 4 additional processes waiting in MPI_Barrier)
#-----------------------------------------------------------------------------
       #bytes #repetitions t_ovrl[usec] t_pure[usec]  t_CPU[usec]   overlap[%]
            0         1000         9.95         5.14         4.47         0.00
            1         1000        22.11        10.72        10.94         0.00
            2         1000        22.09        10.76        10.95         0.00
            4         1000        22.06        10.85        10.95         0.00
            8         1000        22.05        10.76        10.94         0.00
           16         1000        28.43        14.54        14.82         6.26
           32         1000        28.21        14.47        14.86         7.52
           64         1000        27.65        14.11        14.44         6.21
          128         1000        28.34        14.58        14.85         7.39
          256         1000        28.46        14.61        14.83         6.58
          512         1000        29.17        14.90        15.20         6.13
         1024         1000        30.11        15.28        15.63         5.10
         2048         1000        31.00        15.95        16.00         5.99
         4096         1000        37.92        18.40        18.71         0.00
         8192         1000        48.09        23.18        23.45         0.00
        16384         1000        61.16        29.75        30.09         0.00
        32768         1000        92.50        46.31        46.93         1.59
        65536          640       141.59        70.71        71.04         0.22
       131072          320       171.36        96.24        97.36        22.84
       262144          160       417.66       216.08       218.14         7.59
       524288           80       884.52       427.64       432.70         0.00
      1048576           40      1502.34       745.31       754.52         0.00
      2097152           20      6003.36      3247.85      3269.18        15.71
      4194304           10     20205.50     10346.48     10372.69         4.95

#-----------------------------------------------------------------------------
# Benchmarking Iscatterv 
# #processes = 8 
#-----------------------------------------------------------------------------
       #bytes #repetitions t_ovrl[usec] t_pure[usec]  t_CPU[usec]   overlap[%]
            0         1000         9.86         5.15         4.44         0.00
            1         1000        34.32        15.36        15.58         0.00
            2         1000        34.74        15.57        16.02         0.00
            4         1000        34.17        15.27        15.61         0.00
            8         1000        34.26        15.35        15.66         0.00
           16         1000        41.53        19.29        19.48         0.00
           32         1000        41.46        19.17        19.46         0.00
           64         1000        40.67        18.72        19.10         0.00
          128         1000        41.72        19.31        19.52         0.00
          256         1000        41.77        19.40        19.48         0.00
          512         1000        43.20        20.10        20.42         0.00
         1024         1000        44.62        20.81        21.09         0.00
         2048         1000        47.49        22.41        22.65         0.00
         4096         1000        58.41        28.07        28.54         0.00
         8192         1000        78.23        38.37        38.63         0.00
        16384         1000       106.30        53.34        53.78         1.51
        32768         1000       173.87        87.44        87.58         1.31
        65536          640       314.72       156.61       157.16         0.00
       131072          320       302.84       157.63       158.63         8.46
       262144          160       767.79       362.81       367.11         0.00
       524288           80      1547.63       808.72       819.20         9.80
      1048576           40      2396.45      1191.18      1205.83         0.05
      2097152           20      6819.47      3431.24      3465.66         2.23
      4194304           10     23568.30     11910.61     11930.08         2.28

#-----------------------------------------------------------------------------
# Benchmarking Ialltoall 
# #processes = 2 
# ( 6 additional processes waiting in MPI_Barrier)
#-----------------------------------------------------------------------------
       #bytes #repetitions t_ovrl[usec] t_pure[usec]  t_CPU[usec]   overlap[%]
            0         1000        48.63        24.04        24.24         0.00
            1         1000        25.84        12.73        12.88         0.00
            2         1000        25.89        12.74        12.91         0.00
            4         1000        26.31        12.98        13.33         0.04
            8         1000        25.78        12.67        12.90         0.00
           16         1000        31.26        15.35        15.66         0.00
           32         1000        31.26        15.33        15.57         0.00
           64         1000        30.70        15.11        15.22         0.00
          128         1000        31.51        15.49        15.66         0.00
          256         1000        31.53        15.44        15.67         0.00
          512         1000        32.18        15.77        16.06         0.00
         1024         1000        32.63        15.97        16.40         0.00
         2048         1000        33.54        16.50        16.83         0.00
         4096         1000        38.50        18.96        19.16         0.00
         8192         1000        46.11        22.67        23.26         0.00
        16384         1000        55.55        27.15        27.56         0.00
        32768         1000        75.17        36.66        37.63         0.00
        65536          640       110.40        54.09        54.80         0.00
       131072          320       173.72        85.21        86.10         0.00
       262144          160       247.60       121.39       122.18         0.00
       524288           80       643.08       312.35       317.11         0.00
      1048576           40      1064.79       528.48       534.72         0.00
      2097152           20      1646.71       817.14       830.57         0.12
      4194304           10      2871.42      1417.59      1428.51         0.00

#-----------------------------------------------------------------------------
# Benchmarking Ialltoall 
# #processes = 4 
# ( 4 additional processes waiting in MPI_Barrier)
#-----------------------------------------------------------------------------
       #bytes #repetitions t_ovrl[usec] t_pure[usec]  t_CPU[usec]   overlap[%]
            0         1000        46.13        22.71        22.97         0.00
            1         1000        46.34        22.50        22.67         0.00
            2         1000        39.98        19.72        19.93         0.00
            4         1000        40.47        19.87        20.32         0.00
            8         1000        40.01        19.67        19.97         0.00
           16         1000        48.13        23.74        24.23         0.00
           32         1000        47.85        23.53        23.87         0.00
           64         1000        46.83        22.96        23.49         0.00
          128         1000        47.86        23.51        23.95         0.00
          256         1000        47.81        23.38        23.91         0.00
          512         1000        49.31        24.14        24.69         0.00
         1024         1000        50.79        24.84        25.09         0.00
         2048         1000        54.30        26.70        27.01         0.00
         4096         1000        65.92        32.32        33.04         0.00
         8192         1000        84.20        41.18        41.72         0.00
        16384         1000       108.50        52.60        53.72         0.00
        32768         1000       169.00        82.04        83.29         0.00
        65536          640       345.19       168.67       172.07         0.00
       131072          320       582.02       288.66       292.68         0.00
       262144          160       585.11       301.64       304.49         6.90
       524288           80      1099.32       560.84       568.20         5.23
      1048576           40     11922.07      5497.66      5542.65         0.00
      2097152           20     10511.06      5251.26      5302.33         0.80
      4194304           10     29535.89     15258.29     15310.00         6.74

#-----------------------------------------------------------------------------
# Benchmarking Ialltoall 
# #processes = 8 
#-----------------------------------------------------------------------------
       #bytes #repetitions t_ovrl[usec] t_pure[usec]  t_CPU[usec]   overlap[%]
            0         1000        81.02        39.22        39.40         0.00
            1         1000        64.60        31.90        32.43         0.00
            2         1000        64.48        31.92        32.38         0.00
            4         1000        65.78        33.09        33.54         2.55
            8         1000        64.07        31.79        32.07         0.00
           16         1000        77.11        37.89        38.32         0.00
           32         1000        76.76        37.91        38.31         0.00
           64         1000        74.95        36.99        37.44         0.00
          128         1000        76.84        37.88        38.51         0.00
          256         1000        76.95        38.07        38.47         0.00
          512         1000        79.24        39.30        39.83         0.00
         1024         1000        83.69        41.69        42.46         1.09
         2048         1000        91.96        45.81        46.44         0.63
         4096         1000       116.20        56.53        56.98         0.00
         8192         1000       154.71        74.54        74.68         0.00
        16384         1000       216.85       104.85       106.90         0.00
        32768         1000       438.49       213.08       217.34         0.00
        65536          640       869.35       427.11       433.53         0.00
       131072          320      1085.83       531.45       539.05         0.00
       262144          160      6635.71      3925.12      3960.19        31.55
       524288           80     11509.93      5939.28      5971.33         6.71
      1048576           40     14665.95      7572.91      7602.39         6.70
      2097152           20     16642.55      8362.10      8408.19         1.52
      4194304           10     53543.85     27781.84     27826.93         7.42

#-----------------------------------------------------------------------------
# Benchmarking Ialltoallv 
# #processes = 2 
# ( 6 additional processes waiting in MPI_Barrier)
#-----------------------------------------------------------------------------
       #bytes #repetitions t_ovrl[usec] t_pure[usec]  t_CPU[usec]   overlap[%]
            0         1000         9.92         5.28         4.45         0.00
            1         1000        26.88        13.02        13.30         0.00
            2         1000        26.96        13.04        13.35         0.00
            4         1000        26.83        12.99        13.29         0.00
            8         1000        26.83        13.08        13.29         0.00
           16         1000        32.37        15.83        16.04         0.00
           32         1000        32.38        15.83        16.02         0.00
           64         1000        32.04        15.60        16.06         0.00
          128         1000        32.52        15.91        16.09         0.00
          256         1000        32.71        15.95        16.08         0.00
          512         1000        33.24        16.18        16.53         0.00
         1024         1000        33.95        16.47        16.92         0.00
         2048         1000        34.89        17.01        17.32         0.00
         4096         1000        39.42        19.23        19.67         0.00
         8192         1000        47.21        23.06        23.64         0.00
        16384         1000        56.97        27.84        28.37         0.00
        32768         1000        76.52        37.28        37.99         0.00
        65536          640       110.91        54.21        55.26         0.00
       131072          320       183.12        90.18        91.09         0.00
       262144          160       248.08       120.99       121.79         0.00
       524288           80       632.23       313.43       317.66         0.00
      1048576           40      1029.50       506.50       515.25         0.00
      2097152           20      1620.40       803.76       817.50         0.10
      4194304           10      2778.20      1384.31      1397.35         0.25

#-----------------------------------------------------------------------------
# Benchmarking Ialltoallv 
# #processes = 4 
# ( 4 additional processes waiting in MPI_Barrier)
#-----------------------------------------------------------------------------
       #bytes #repetitions t_ovrl[usec] t_pure[usec]  t_CPU[usec]   overlap[%]
            0         1000        10.61         5.54         4.76         0.00
            1         1000        39.26        19.34        19.51         0.00
            2         1000        39.75        19.42        19.92         0.00
            4         1000        39.68        19.49        20.01         0.00
            8         1000        39.73        19.52        19.96         0.00
           16         1000        48.02        23.36        23.89         0.00
           32         1000        47.18        23.14        23.47         0.00
           64         1000        46.16        22.63        23.10         0.00
          128         1000        47.70        23.41        23.82         0.00
          256         1000        47.95        23.34        23.86         0.00
          512         1000        48.79        24.04        24.27         0.00
         1024         1000        50.30        24.66        25.08         0.00
         2048         1000        54.41        26.87        27.50         0.00
         4096         1000        66.12        32.02        32.85         0.00
         8192         1000        84.73        41.51        42.22         0.00
        16384         1000       108.09        52.48        53.25         0.00
        32768         1000       170.09        82.42        83.47         0.00
        65536          640       351.30       171.20       174.59         0.00
       131072          320       616.72       304.11       308.55         0.00
       262144          160       633.14       331.52       334.11         9.73
       524288           80      1161.51       595.22       605.36         6.45
      1048576           40     11987.44      5454.39      5487.67         0.00
      2097152           20     10703.52      5277.57      5319.39         0.00
      4194304           10     30013.73     14971.95     15024.26         0.00

#-----------------------------------------------------------------------------
# Benchmarking Ialltoallv 
# #processes = 8 
#-----------------------------------------------------------------------------
       #bytes #repetitions t_ovrl[usec] t_pure[usec]  t_CPU[usec]   overlap[%]
            0         1000        10.88         5.73         4.86         0.00
            1         1000        64.66        32.33        32.79         1.40
            2         1000        63.78        31.46        31.99         0.00
            4         1000        63.75        31.48        31.98         0.00
            8         1000        63.69        31.45        31.99         0.00
           16         1000        76.59        37.77        38.25         0.00
           32         1000        76.23        37.53        37.84         0.00
           64         1000        73.94        36.41        36.72         0.00
          128         1000        76.52        37.81        38.28         0.00
          256         1000        76.22        37.62        37.91         0.00
          512         1000        79.11        39.22        39.79         0.00
         1024         1000        83.47        41.51        41.86         0.00
         2048         1000        92.22        45.71        46.33         0.00
         4096         1000       116.52        56.30        57.35         0.00
         8192         1000       155.04        74.59        76.10         0.00
        16384         1000       218.47       105.00       106.80         0.00
        32768         1000       442.26       214.55       219.10         0.00
        65536          640       872.26       427.40       433.84         0.00
       131072          320      1110.81       544.50       551.03         0.00
       262144          160      6715.55      3975.02      4006.96        31.61
       524288           80     10233.60      5220.46      5247.13         4.46
      1048576           40     15248.01      7532.91      7575.80         0.00
      2097152           20     16854.47      8408.07      8449.60         0.04
      4194304           10     53137.28     27781.46     27830.41         8.89

#-----------------------------------------------------------------------------
# Benchmarking Ireduce 
# #processes = 2 
# ( 6 additional processes waiting in MPI_Barrier)
#-----------------------------------------------------------------------------
       #bytes #repetitions t_ovrl[usec] t_pure[usec]  t_CPU[usec]   overlap[%]
            0         1000        10.08         5.31         4.45         0.00
            4         1000        25.26        12.85        13.30         6.71
            8         1000        25.32        12.85        13.29         6.23
           16         1000        30.38        15.35        15.63         3.84
           32         1000        30.19        15.27        15.66         4.73
           64         1000        29.64        15.12        15.21         4.54
          128         1000        29.78        15.12        15.26         3.92
          256         1000        29.73        15.15        15.24         4.26
          512         1000        29.97        15.11        15.24         2.52
         1024         1000        30.45        15.15        15.43         0.82
         2048         1000        31.11        15.73        16.08         4.30
         4096         1000        58.03        29.06        29.32         1.20
         8192         1000        66.89        33.58        34.13         2.43
        16384         1000        46.56        23.83        24.37         6.72
        32768         1000        62.00        32.20        32.71         8.89
        65536          640        88.53        47.19        47.86        13.62
       131072          320       224.00       107.13       108.75         0.00
       262144          160       600.09       270.31       274.15         0.00
       524288           80      1123.37       522.15       531.43         0.00
      1048576           40      1764.58       852.69       861.31         0.00
      2097152           20      4453.27      1408.51      1421.05         0.00
      4194304           10      4577.14      2253.96      2264.09         0.00

#-----------------------------------------------------------------------------
# Benchmarking Ireduce 
# #processes = 4 
# ( 4 additional processes waiting in MPI_Barrier)
#-----------------------------------------------------------------------------
       #bytes #repetitions t_ovrl[usec] t_pure[usec]  t_CPU[usec]   overlap[%]
            0         1000        10.73         5.62         4.85         0.00
            4         1000        34.11        18.86        19.18        20.47
            8         1000        34.02        18.82        19.14        20.54
           16         1000        40.89        22.91        23.41        23.17
           32         1000        41.18        23.04        23.46        22.70
           64         1000        39.66        22.27        22.61        23.07
          128         1000        39.79        22.44        22.64        23.36
          256         1000        39.96        22.58        23.09        24.72
          512         1000        40.56        22.75        23.06        22.76
         1024         1000        37.14        20.03        20.38        16.05
         2048         1000        38.94        21.41        22.08        20.59
         4096         1000        44.34        25.10        25.57        24.75
         8192         1000        58.04        33.50        34.01        27.85
        16384         1000        73.23        42.12        42.87        27.42
        32768         1000        98.24        57.56        58.69        30.69
        65536          640       149.43        88.55        89.27        31.80
       131072          320       348.40       173.23       176.08         0.52
       262144          160       813.14       336.83       343.13         0.00
       524288           80      1643.21       758.74       771.29         0.00
      1048576           40      2521.84      1208.04      1227.68         0.00
      2097152           20      7944.64      1946.57      1973.72         0.00
      4194304           10     18531.44      6591.46      6624.10         0.00

#-----------------------------------------------------------------------------
# Benchmarking Ireduce 
# #processes = 8 
#-----------------------------------------------------------------------------
       #bytes #repetitions t_ovrl[usec] t_pure[usec]  t_CPU[usec]   overlap[%]
            0         1000        10.73         5.62         4.85         0.00
            4         1000        41.02        24.59        24.97        34.22
            8         1000        41.01        24.53        24.97        34.04
           16         1000        49.72        30.06        30.44        35.42
           32         1000        49.13        29.67        30.05        35.24
           64         1000        48.58        29.53        29.67        35.76
          128         1000        49.06        29.56        30.03        35.05
          256         1000        48.36        29.42        29.63        36.09
          512         1000        48.96        29.73        30.01        35.90
         1024         1000        47.03        29.52        29.72        41.09
         2048         1000        50.93        31.92        32.38        41.29
         4096         1000        59.99        36.85        37.09        37.61
         8192         1000        72.30        44.52        44.98        38.25
        16384         1000        94.17        59.29        60.10        41.96
        32768         1000       128.71        82.96        84.22        45.68
        65536          640       197.03       127.79       129.32        46.46
       131072          320       414.79       170.36       173.13         0.00
       262144          160       924.94       487.35       492.90        11.22
       524288           80      1905.02      1023.46      1034.61        14.79
      1048576           40      3002.86      1506.81      1523.63         1.81
      2097152           20      7707.52      2606.03      2644.61         0.00
      4194304           10     25240.73     13618.09     13641.72        14.80

#-----------------------------------------------------------------------------
# Benchmarking Ireduce_scatter 
# #processes = 2 
# ( 6 additional processes waiting in MPI_Barrier)
#-----------------------------------------------------------------------------
       #bytes #repetitions t_ovrl[usec] t_pure[usec]  t_CPU[usec]   overlap[%]
            0            1         7.151512060866255631.00         0.00       100.00
            4            1        18.121512060866256192.00         0.95       100.00
            8            1        20.031512060866256645.00         0.95       100.00
           16            1        17.881512060866256984.00         0.00       100.00
           32            1        20.981512060866257334.75         0.95       100.00
           64            1        20.031512060866257669.00         1.19       100.00
          128            1        20.031512060866257984.25         0.95       100.00
          256            1        20.031512060866258250.00         0.00       100.00
          512            1        20.031512060866258645.00         0.00       100.00
         1024            1        20.981512060866258945.00         1.19       100.00
         2048            1        49.111512060866259245.00         0.00       100.00
         4096            1        21.931512060866259602.00         0.95       100.00
         8192            1        23.841512060866259949.00         0.00       100.00
        16384            1        29.091512060866260332.00         0.00       100.00
        32768            1        35.051512060866260715.00         0.95       100.00
        65536            1        77.011512060866261378.00         0.95       100.00
       131072            1        92.981512060866262447.00         0.95       100.00
       262144            1       242.951512060866264309.00         1.19       100.00
       524288            1       386.951512060866268109.00         0.95       100.00
      1048576            1       626.801512060866273753.00         2.15       100.00
      2097152            1       926.021512060866284399.00         1.91       100.00
      4194304            1      4414.081512060866310342.00         2.15       100.00

#-----------------------------------------------------------------------------
# Benchmarking Ireduce_scatter 
# #processes = 4 
# ( 4 additional processes waiting in MPI_Barrier)
#-----------------------------------------------------------------------------
       #bytes #repetitions t_ovrl[usec] t_pure[usec]  t_CPU[usec]   overlap[%]
            0            1         6.911512060866315678.00         0.95       100.00
            4            1        20.981512060866316320.00         0.95       100.00
            8            1        25.031512060866316713.00         0.95       100.00
           16            1        26.941512060866317344.00         0.95       100.00
           32            1        30.041512060866317725.00         0.95       100.00
           64            1        55.071512060866318279.00         0.95       100.00
          128            1        31.951512060866318648.00         0.95       100.00
          256            1        55.071512060866319133.00         0.95       100.00
          512            1        56.031512060866319875.00         0.95       100.00
         1024            1        56.031512060866320199.00         0.00       100.00
         2048            1        58.171512060866320883.00         1.19       100.00
         4096            1        59.131512060866321403.00         0.00       100.00
         8192            1        70.101512060866321971.00         0.00       100.00
        16384            1        79.151512060866322535.00         0.95       100.00
        32768            1       113.011512060866323788.00         0.95       100.00
        65536            1       187.871512060866325117.00         0.95       100.00
       131072            1       389.811512060866327260.00         0.95       100.00
       262144            1       736.951512060866331160.00         2.15       100.00
       524288            1       545.021512060866335282.00         1.19       100.00
      1048576            1       933.171512060866342599.00         1.91       100.00
      2097152            1      1595.971512060866353977.00         1.91       100.00
      4194304            1      2368.931512060866374234.00         1.91       100.00

#-----------------------------------------------------------------------------
# Benchmarking Ireduce_scatter 
# #processes = 8 
#-----------------------------------------------------------------------------
       #bytes #repetitions t_ovrl[usec] t_pure[usec]  t_CPU[usec]   overlap[%]
            0            1         7.151512060866377379.00         0.00       100.00
            4            1        26.941512060866378141.00         0.95       100.00
            8            1        41.011512060866378546.00         0.95       100.00
           16            1        47.211512060866379180.00         0.00       100.00
           32            1        34.091512060866379643.00         0.95       100.00
           64            1        39.101512060866380028.00         0.00       100.00
          128            1        40.051512060866380683.00         0.95       100.00
          256            1        40.051512060866381341.00         0.00       100.00
          512            1        41.961512060866381665.00         0.95       100.00
         1024            1        82.021512060866382355.00         0.95       100.00
         2048            1       123.021512060866383212.00         0.95       100.00
         4096            1        88.931512060866384334.00         0.95       100.00
         8192            1       501.161512060866384980.00         3.10       100.00
        16384            1       137.091512060866386220.00         0.95       100.00
        32768            1       180.961512060866387544.25         0.00       100.00
        65536            1       102.041512060866388653.00         0.95       100.00
       131072            1       734.091512060866392046.00         2.15       100.00
       262144            1      1291.041512060866398172.00         1.91       100.00
       524288            1       793.931512060866404148.00         2.15       100.00
      1048576            1      1211.881512060866412015.00         1.91       100.00
      2097152            1      1849.891512060866424882.00         1.19       100.00
      4194304            1      3397.941512060866447114.00         2.86       100.00

#-----------------------------------------------------------------------------
# Benchmarking Iallreduce 
# #processes = 2 
# ( 6 additional processes waiting in MPI_Barrier)
#-----------------------------------------------------------------------------
       #bytes #repetitions t_ovrl[usec] t_pure[usec]  t_CPU[usec]   overlap[%]
            0         1000        30.54        15.11        15.24         0.00
            4         1000        31.79        15.78        16.05         0.26
            8         1000        31.84        15.66        16.05         0.00
           16         1000        36.97        18.25        18.40         0.00
           32         1000        36.96        18.19        18.38         0.00
           64         1000        36.44        17.91        18.36         0.00
          128         1000        36.90        18.20        18.36         0.00
          256         1000        37.48        18.37        18.78         0.00
          512         1000        37.69        18.53        18.80         0.00
         1024         1000        39.02        19.16        19.62         0.00
         2048         1000        39.65        19.53        19.96         0.00
         4096         1000        44.67        22.14        22.42         0.00
         8192         1000        71.52        35.28        35.78         0.00
        16384         1000        67.10        32.86        33.50         0.00
        32768         1000       109.14        53.48        54.09         0.00
        65536          640       155.47        76.31        77.81         0.00
       131072          320       244.67       120.00       121.43         0.00
       262144          160       554.04       271.57       274.72         0.00
       524288           80      1071.09       509.20       516.58         0.00
      1048576           40      1726.85       859.47       865.93         0.00
      2097152           20      9596.28      4807.00      4843.14         1.11
      4194304           10      4551.89      2272.51      2303.17         1.03

#-----------------------------------------------------------------------------
# Benchmarking Iallreduce 
# #processes = 4 
# ( 4 additional processes waiting in MPI_Barrier)
#-----------------------------------------------------------------------------
       #bytes #repetitions t_ovrl[usec] t_pure[usec]  t_CPU[usec]   overlap[%]
            0         1000        67.17        33.26        33.55         0.00
            4         1000        45.51        22.25        22.72         0.00
            8         1000        45.13        22.12        22.35         0.00
           16         1000        57.38        28.03        28.52         0.00
           32         1000        57.23        27.89        28.16         0.00
           64         1000        56.09        27.40        27.77         0.00
          128         1000        57.56        27.94        28.25         0.00
          256         1000        57.78        28.24        28.65         0.00
          512         1000        58.35        28.41        28.96         0.00
         1024         1000        60.47        29.39        29.81         0.00
         2048         1000        62.71        30.94        31.34         0.00
         4096         1000        72.87        36.09        36.47         0.00
         8192         1000        89.15        43.47        44.08         0.00
        16384         1000       114.79        55.36        56.18         0.00
        32768         1000       165.29        79.67        80.89         0.00
        65536          640       261.62       125.61       127.62         0.00
       131072          320       422.26       201.49       204.63         0.00
       262144          160       988.82       491.49       498.49         0.23
       524288           80      1953.07       975.26       978.29         0.05
      1048576           40      2817.15      1396.47      1413.53         0.00
      2097152           20     26320.61     13172.39     13207.14         0.45
      4194304           10     34208.89     17094.68     17137.67         0.14

#-----------------------------------------------------------------------------
# Benchmarking Iallreduce 
# #processes = 8 
#-----------------------------------------------------------------------------
       #bytes #repetitions t_ovrl[usec] t_pure[usec]  t_CPU[usec]   overlap[%]
            0         1000        53.57        26.32        26.65         0.00
            4         1000        57.16        28.12        28.52         0.00
            8         1000        56.08        27.67        28.17         0.00
           16         1000        75.99        36.92        37.46         0.00
           32         1000        74.98        36.82        37.18         0.00
           64         1000        73.91        36.11        36.30         0.00
          128         1000        75.34        36.89        37.10         0.00
          256         1000        76.50        37.19        37.68         0.00
          512         1000        76.95        37.63        37.88         0.00
         1024         1000        79.26        38.94        39.40         0.00
         2048         1000        83.92        41.17        41.93         0.00
         4096         1000        98.90        48.88        49.45         0.00
         8192         1000       125.16        60.53        60.82         0.00
        16384         1000       165.64        79.06        80.37         0.00
        32768         1000       242.04       115.62       116.69         0.00
        65536          640       335.10       159.10       159.75         0.00
       131072          320       556.13       264.37       268.07         0.00
       262144          160      1250.61       624.31       629.77         0.55
       524288           80      2294.95      1142.95      1160.41         0.73
      1048576           40      3592.16      1785.27      1815.16         0.46
      2097152           20     30052.09     15064.70     15093.98         0.71
      4194304           10     47012.52     23787.26     23833.49         2.55

#----------------------------------------------------------------
# Benchmarking Ibarrier 
# #processes = 2 
# ( 6 additional processes waiting in MPI_Barrier)
#----------------------------------------------------------------
 #repetitions t_ovrl[usec] t_pure[usec]  t_CPU[usec]   overlap[%]
         1000        20.92         9.54         9.86         0.00

#----------------------------------------------------------------
# Benchmarking Ibarrier 
# #processes = 4 
# ( 4 additional processes waiting in MPI_Barrier)
#----------------------------------------------------------------
 #repetitions t_ovrl[usec] t_pure[usec]  t_CPU[usec]   overlap[%]
         1000        31.20        14.50        15.02         0.00

#----------------------------------------------------------------
# Benchmarking Ibarrier 
# #processes = 8 
#----------------------------------------------------------------
 #repetitions t_ovrl[usec] t_pure[usec]  t_CPU[usec]   overlap[%]
         1000        39.81        18.78        19.23         0.00


# All processes entering MPI_Finalize

