#------------------------------------------------------------
#    Intel (R) MPI Benchmarks 2018 Update 1, MPI-NBC part  
#------------------------------------------------------------
# Date                  : Thu Nov 30 17:50:09 2017
# Machine               : x86_64
# System                : Linux
# Release               : 4.4.74-92.35-default
# Version               : #1 SMP Mon Aug 7 18:24:48 UTC 2017 (c0fdc47)
# MPI Version           : 3.1
# MPI Thread Environment: 


# Calling sequence was: 

# ./IMB-NBC

# Minimum message length in bytes:   0
# Maximum message length in bytes:   4194304
#
# MPI_Datatype                   :   MPI_BYTE 
# MPI_Datatype for reductions    :   MPI_FLOAT
# MPI_Op                         :   MPI_SUM  
#
#

# List of Benchmarks to run:

# Ibcast
# Iallgather
# Iallgatherv
# Igather
# Igatherv
# Iscatter
# Iscatterv
# Ialltoall
# Ialltoallv
# Ireduce
# Ireduce_scatter
# Iallreduce
# Ibarrier

#-----------------------------------------------------------------------------
# Benchmarking Ibcast 
# #processes = 2 
# ( 2 additional processes waiting in MPI_Barrier)
#-----------------------------------------------------------------------------
       #bytes #repetitions t_ovrl[usec] t_pure[usec]  t_CPU[usec]   overlap[%]
            0         1000        17.09         8.80         8.99         7.81
            1         1000        17.17         8.93         8.99         8.30
            2         1000        17.56         8.98         9.37         8.37
            4         1000        17.60         9.02         9.41         8.78
            8         1000        17.62         9.04         9.40         8.61
           16         1000        22.76        12.06        12.52        14.60
           32         1000        22.61        11.92        12.06        11.36
           64         1000        22.51        11.74        12.09        10.91
          128         1000        22.52        11.79        12.11        11.41
          256         1000        22.63        11.85        12.12        11.00
          512         1000        26.25        14.04        14.41        15.24
         1024         1000        23.26        12.14        12.49        11.02
         2048         1000        23.70        12.49        12.91        13.20
         4096         1000        26.73        14.18        14.44        13.08
         8192         1000        30.10        15.80        16.01        10.64
        16384         1000        33.56        17.42        17.59         8.24
        32768         1000        42.51        21.94        22.30         7.77
        65536          640        58.91        30.44        30.83         7.67
       131072          320       153.37        76.96        77.70         1.65
       262144          160       148.28        73.36        73.71         0.00
       524288           80       257.66       123.39       123.59         0.00
      1048576           40       290.22       147.44       148.08         3.58
      2097152           20      4138.46      2060.79      2059.61         0.00
      4194304           10      4487.01      2242.47      2245.52         0.04

#-----------------------------------------------------------------------------
# Benchmarking Ibcast 
# #processes = 4 
#-----------------------------------------------------------------------------
       #bytes #repetitions t_ovrl[usec] t_pure[usec]  t_CPU[usec]   overlap[%]
            0         1000        25.60        13.48        13.72        11.65
            1         1000        21.09        10.19        10.60         0.00
            2         1000        21.00        10.23        10.56         0.00
            4         1000        21.09        10.12        10.57         0.00
            8         1000        20.95        10.17        10.55         0.00
           16         1000        27.49        14.21        14.44         8.08
           32         1000        27.51        14.04        14.43         6.62
           64         1000        26.81        13.93        14.10         8.63
          128         1000        26.91        13.88        14.01         6.98
          256         1000        27.41        14.06        14.46         7.68
          512         1000        27.42        14.34        14.44         9.37
         1024         1000        41.05        20.35        20.74         0.14
         2048         1000        41.81        20.74        21.15         0.37
         4096         1000        47.57        23.53        23.81         0.00
         8192         1000        53.77        26.68        27.10         0.01
        16384         1000        62.91        30.82        31.31         0.00
        32768         1000        81.46        39.64        39.83         0.00
        65536          640       113.37        55.95        56.56         0.00
       131072          320       228.10       106.37       107.74         0.00
       262144          160       338.03       145.59       146.57         0.00
       524288           80       420.85       226.48       227.36        14.51
      1048576           40       660.68       329.49       329.91         0.00
      2097152           20      1055.16       457.20       456.92         0.00
      4194304           10      7324.67      3764.46      3766.35         5.47

#-----------------------------------------------------------------------------
# Benchmarking Iallgather 
# #processes = 2 
# ( 2 additional processes waiting in MPI_Barrier)
#-----------------------------------------------------------------------------
       #bytes #repetitions t_ovrl[usec] t_pure[usec]  t_CPU[usec]   overlap[%]
            0         1000         8.63         4.59         3.78         0.00
            1         1000        25.85        12.64        12.91         0.00
            2         1000        25.84        12.64        12.88         0.00
            4         1000        25.83        12.67        12.89         0.00
            8         1000        25.90        12.62        12.90         0.00
           16         1000        31.41        15.45        15.61         0.00
           32         1000        31.38        15.34        15.56         0.00
           64         1000        31.18        15.33        15.60         0.00
          128         1000        31.86        15.60        16.00         0.00
          256         1000        31.92        15.76        15.99         0.00
          512         1000        32.20        15.75        16.07         0.00
         1024         1000        32.75        16.06        16.34         0.00
         2048         1000        33.96        16.44        16.99         0.00
         4096         1000        38.77        18.89        19.22         0.00
         8192         1000        46.16        22.77        23.39         0.02
        16384         1000        56.16        27.51        28.00         0.00
        32768         1000        76.39        37.46        38.36         0.00
        65536          640       115.55        56.54        57.68         0.00
       131072          320       211.60       104.46       106.24         0.00
       262144          160       361.25       185.43       186.34         5.65
       524288           80       687.92       340.38       345.88         0.00
      1048576           40      1042.40       514.23       521.61         0.00
      2097152           20      1657.39       818.09       833.32         0.00
      4194304           10      2800.15      1388.12      1410.48         0.00

#-----------------------------------------------------------------------------
# Benchmarking Iallgather 
# #processes = 4 
#-----------------------------------------------------------------------------
       #bytes #repetitions t_ovrl[usec] t_pure[usec]  t_CPU[usec]   overlap[%]
            0         1000         8.97         4.71         4.03         0.00
            1         1000        41.26        20.19        20.27         0.00
            2         1000        41.05        20.11        20.29         0.00
            4         1000        41.56        20.34        20.76         0.00
            8         1000        47.96        23.61        23.82         0.00
           16         1000        52.41        25.72        26.04         0.00
           32         1000        52.25        25.65        26.13         0.00
           64         1000        51.79        25.61        25.72         0.00
          128         1000        52.82        25.81        26.22         0.00
          256         1000        53.21        26.09        26.62         0.00
          512         1000        54.26        26.57        26.97         0.00
         1024         1000        55.84        27.23        27.79         0.00
         2048         1000        63.20        30.76        31.63         0.00
         4096         1000        74.69        36.30        36.89         0.00
         8192         1000        89.87        43.76        44.34         0.00
        16384         1000       117.93        57.43        58.14         0.00
        32768         1000       171.67        83.34        84.36         0.00
        65536          640       308.97       150.40       151.59         0.00
       131072          320       531.04       281.95       284.51        12.45
       262144          160       842.81       409.70       411.70         0.00
       524288           80      1282.50       637.46       651.66         1.02
      1048576           40     13197.80      6614.59      6658.26         1.13
      2097152           20     25242.03     12785.26     12833.32         2.93
      4194304           10     42043.33     21370.24     21409.39         3.44

#-----------------------------------------------------------------------------
# Benchmarking Iallgatherv 
# #processes = 2 
# ( 2 additional processes waiting in MPI_Barrier)
#-----------------------------------------------------------------------------
       #bytes #repetitions t_ovrl[usec] t_pure[usec]  t_CPU[usec]   overlap[%]
            0         1000         9.18         4.94         4.02         0.00
            1         1000        27.10        13.21        13.71         0.00
            2         1000        27.27        13.36        13.72         0.00
            4         1000        27.17        13.26        13.74         0.00
            8         1000        27.22        13.26        13.72         0.00
           16         1000        32.57        16.11        16.44         0.00
           32         1000        32.51        16.01        16.36         0.00
           64         1000        31.87        15.57        16.02         0.00
          128         1000        32.75        15.98        16.43         0.00
          256         1000        32.86        16.03        16.48         0.00
          512         1000        33.02        16.27        16.42         0.00
         1024         1000        33.64        16.47        16.81         0.00
         2048         1000        34.41        16.93        17.24         0.00
         4096         1000        39.37        19.55        20.06         1.22
         8192         1000        47.33        23.03        23.66         0.00
        16384         1000        57.11        27.59        28.35         0.00
        32768         1000        76.16        37.08        37.85         0.00
        65536          640       110.80        54.22        55.18         0.00
       131072          320       222.45       112.53       114.29         3.82
       262144          160       284.57       139.82       140.62         0.00
       524288           80       656.62       318.06       320.39         0.00
      1048576           40       994.17       488.90       498.69         0.00
      2097152           20      1583.73       785.15       794.30         0.00
      4194304           10      2773.43      1379.04      1390.12         0.00

#-----------------------------------------------------------------------------
# Benchmarking Iallgatherv 
# #processes = 4 
#-----------------------------------------------------------------------------
       #bytes #repetitions t_ovrl[usec] t_pure[usec]  t_CPU[usec]   overlap[%]
            0         1000         9.34         5.03         4.05         0.00
            1         1000        44.04        21.50        21.93         0.00
            2         1000        43.92        21.38        21.89         0.00
            4         1000        44.12        21.49        21.96         0.00
            8         1000        50.54        24.74        25.09         0.00
           16         1000        54.64        26.45        26.92         0.00
           32         1000        53.73        26.12        26.54         0.00
           64         1000        53.42        25.89        26.20         0.00
          128         1000        54.10        26.52        27.01         0.00
          256         1000        54.35        26.75        26.95         0.00
          512         1000        55.03        27.12        27.33         0.00
         1024         1000        57.15        28.04        28.56         0.00
         2048         1000        64.51        31.62        32.18         0.00
         4096         1000        77.40        37.73        38.49         0.00
         8192         1000        95.83        46.64        47.72         0.00
        16384         1000       128.77        62.46        63.13         0.00
        32768         1000       189.26        92.34        93.41         0.00
        65536          640       305.49       150.00       151.38         0.00
       131072          320       789.24       381.15       387.03         0.00
       262144          160       960.37       472.60       475.60         0.00
       524288           80      1387.20       688.02       697.46         0.00
      1048576           40     10375.99      5190.40      5242.30         1.08
      2097152           20     10937.70      5501.43      5548.21         2.02
      4194304           10     48077.39     21616.98     21652.27         0.00

#-----------------------------------------------------------------------------
# Benchmarking Igather 
# #processes = 2 
# ( 2 additional processes waiting in MPI_Barrier)
#-----------------------------------------------------------------------------
       #bytes #repetitions t_ovrl[usec] t_pure[usec]  t_CPU[usec]   overlap[%]
            0         1000         9.67         5.10         4.45         0.00
            1         1000        20.23        10.51        10.90        10.83
            2         1000        20.31        10.55        10.95        10.84
            4         1000        19.91        10.44        10.50         9.81
            8         1000        19.92        10.45        10.59        10.57
           16         1000        25.47        13.43        13.63        11.70
           32         1000        25.66        13.69        14.09        15.01
           64         1000        25.32        13.22        13.63        11.24
          128         1000        25.58        13.38        13.62        10.44
          256         1000        25.81        13.47        13.66         9.68
          512         1000        25.96        13.59        13.67         9.49
         1024         1000        25.36        12.84        13.28         5.68
         2048         1000        26.12        13.36        13.65         6.53
         4096         1000        29.57        14.88        15.26         3.77
         8192         1000        32.51        16.39        16.84         4.30
        16384         1000        37.00        18.30        18.75         0.27
        32768         1000        46.90        23.45        23.87         1.75
        65536          640        66.48        33.91        34.35         5.19
       131072          320       123.67        61.80        62.47         0.95
       262144          160       258.65       119.12       119.59         0.00
       524288           80       465.49       255.96       257.50        18.63
      1048576           40       839.83       441.19       442.78         9.97
      2097152           20      1384.01       697.64       700.44         2.01
      4194304           10      2549.91      1291.78      1295.30         2.87

#-----------------------------------------------------------------------------
# Benchmarking Igather 
# #processes = 4 
#-----------------------------------------------------------------------------
       #bytes #repetitions t_ovrl[usec] t_pure[usec]  t_CPU[usec]   overlap[%]
            0         1000         9.80         5.19         4.46         0.00
            1         1000        30.08        14.82        15.20         0.00
            2         1000        30.13        14.90        15.18         0.00
            4         1000        30.01        14.87        15.15         0.04
            8         1000        40.36        20.52        20.67         4.01
           16         1000        40.71        19.64        19.94         0.00
           32         1000        40.62        19.69        20.06         0.00
           64         1000        40.16        19.52        19.93         0.00
          128         1000        40.99        20.27        20.69         0.00
          256         1000        40.33        19.55        19.90         0.00
          512         1000        40.80        20.10        20.35         0.00
         1024         1000        68.51        33.24        33.59         0.00
         2048         1000        72.62        35.27        35.58         0.00
         4096         1000        77.27        37.58        37.92         0.00
         8192         1000        84.33        41.07        41.54         0.00
        16384         1000        98.65        48.51        49.10         0.00
        32768         1000       126.75        62.58        63.49         0.00
        65536          640       223.10       110.06       110.84         0.00
       131072          320       477.20       248.48       250.31         8.63
       262144          160       845.37       416.20       420.22         0.00
       524288           80      1266.87       629.51       637.16         0.00
      1048576           40      1981.77       984.38       982.24         0.00
      2097152           20      8868.69      4429.27      4456.16         0.38
      4194304           10     36201.52     18122.67     18125.51         0.26

#-----------------------------------------------------------------------------
# Benchmarking Igatherv 
# #processes = 2 
# ( 2 additional processes waiting in MPI_Barrier)
#-----------------------------------------------------------------------------
       #bytes #repetitions t_ovrl[usec] t_pure[usec]  t_CPU[usec]   overlap[%]
            0         1000         9.32         5.01         4.04         0.00
            1         1000        17.97         8.84         8.94         0.00
            2         1000        17.91         8.70         8.99         0.00
            4         1000        17.86         8.78         8.99         0.00
            8         1000        17.91         8.72         8.96         0.00
           16         1000        22.84        11.45        11.65         2.17
           32         1000        22.85        11.49        11.73         3.12
           64         1000        22.73        11.28        11.71         2.25
          128         1000        23.43        11.57        11.70         0.00
          256         1000        23.01        11.54        11.70         1.93
          512         1000        23.57        11.71        12.12         2.13
         1024         1000        23.81        11.89        12.11         1.56
         2048         1000        24.42        12.19        12.48         1.97
         4096         1000        27.45        13.73        14.07         2.42
         8192         1000        30.83        15.25        15.63         0.26
        16384         1000        35.34        17.66        17.95         1.49
        32768         1000        45.20        23.01        23.39         5.12
        65536          640        66.89        33.51        33.89         1.50
       131072          320       115.60        58.03        58.69         1.90
       262144          160       252.62       112.28       112.95         0.00
       524288           80       460.88       257.03       257.53        20.84
      1048576           40       830.44       433.19       435.11         8.70
      2097152           20      1381.13       697.78       700.34         2.43
      4194304           10      2547.88      1296.78      1299.91         3.75

#-----------------------------------------------------------------------------
# Benchmarking Igatherv 
# #processes = 4 
#-----------------------------------------------------------------------------
       #bytes #repetitions t_ovrl[usec] t_pure[usec]  t_CPU[usec]   overlap[%]
            0         1000         9.77         5.09         4.39         0.00
            1         1000        26.35        12.33        12.50         0.00
            2         1000        26.35        12.38        12.51         0.00
            4         1000        26.85        12.51        12.83         0.00
            8         1000        26.35        12.36        12.49         0.00
           16         1000        30.03        14.81        15.17         0.00
           32         1000        29.61        14.64        14.84         0.00
           64         1000        28.88        14.28        14.44         0.00
          128         1000        30.24        14.94        15.24         0.00
          256         1000        29.64        14.70        14.82         0.00
          512         1000        30.40        15.05        15.24         0.00
         1024         1000        31.09        15.46        15.67         0.19
         2048         1000        32.82        16.15        16.55         0.00
         4096         1000        38.72        18.99        19.24         0.00
         8192         1000        45.53        22.37        22.69         0.00
        16384         1000        57.37        28.16        28.81         0.00
        32768         1000        83.20        40.92        41.79         0.00
        65536          640       143.81        70.99        72.15         0.00
       131072          320       305.63       150.52       153.93         0.00
       262144          160       311.01       168.79       169.94        16.31
       524288           80       581.72       291.91       292.35         0.87
      1048576           40      1046.65       528.43       537.65         3.61
      2097152           20      1917.45       979.97      1003.92         6.62
      4194304           10      3742.50      1900.05      1935.10         4.79

#-----------------------------------------------------------------------------
# Benchmarking Iscatter 
# #processes = 2 
# ( 2 additional processes waiting in MPI_Barrier)
#-----------------------------------------------------------------------------
       #bytes #repetitions t_ovrl[usec] t_pure[usec]  t_CPU[usec]   overlap[%]
            0         1000         8.50         4.54         3.64         0.00
            1         1000        20.41        10.75        10.95        11.83
            2         1000        20.41        10.80        10.92        12.06
            4         1000        20.42        10.73        10.98        11.73
            8         1000        20.38        10.75        10.94        11.99
           16         1000        26.60        14.36        14.45        15.30
           32         1000        26.48        14.23        14.45        15.14
           64         1000        26.21        13.94        14.05        12.72
          128         1000        26.45        14.32        14.42        15.88
          256         1000        26.54        14.37        14.48        15.99
          512         1000        27.02        14.50        14.83        15.52
         1024         1000        27.47        14.80        15.19        16.61
         2048         1000        28.28        15.34        15.60        17.01
         4096         1000        30.80        17.08        17.17        20.10
         8192         1000        34.99        18.67        19.17        14.86
        16384         1000        39.43        21.14        21.51        14.97
        32768         1000        50.63        26.60        26.95        10.85
        65536          640        70.91        36.30        36.69         5.67
       131072          320       123.35        66.53        67.38        15.67
       262144          160       272.35       120.24       120.80         0.00
       524288           80       590.76       294.53       298.99         0.92
      1048576           40       926.70       464.59       470.45         1.77
      2097152           20      1479.30       738.08       747.82         0.88
      4194304           10      2700.45      1344.28      1358.37         0.16

#-----------------------------------------------------------------------------
# Benchmarking Iscatter 
# #processes = 4 
#-----------------------------------------------------------------------------
       #bytes #repetitions t_ovrl[usec] t_pure[usec]  t_CPU[usec]   overlap[%]
            0         1000         8.59         4.60         3.65         0.00
            1         1000        31.99        16.54        16.81         8.11
            2         1000        31.96        15.59        16.04         0.00
            4         1000        32.08        16.33        16.42         4.06
            8         1000        36.65        18.76        19.10         6.28
           16         1000        44.47        22.30        22.55         1.65
           32         1000        44.15        22.02        22.18         0.23
           64         1000        44.09        21.92        22.26         0.38
          128         1000        45.31        22.18        22.59         0.00
          256         1000        44.65        22.49        22.61         2.04
          512         1000        45.31        22.66        23.06         1.81
         1024         1000        45.99        23.20        23.35         2.40
         2048         1000        50.32        25.66        25.72         4.10
         4096         1000        56.50        28.75        28.93         4.07
         8192         1000        64.48        32.34        33.08         2.84
        16384         1000        79.15        39.94        40.58         3.38
        32768         1000       104.58        52.86        54.17         4.50
        65536          640       155.45        83.24        84.71        14.76
       131072          320       379.54       210.93       211.70        20.35
       262144          160       545.18       285.42       289.20        10.18
       524288           80      1025.27       501.39       507.74         0.00
      1048576           40      7142.43      3590.67      3628.34         2.11
      2097152           20      2436.70      1224.92      1236.95         2.04
      4194304           10     77999.59     40137.91     40126.71         5.64

#-----------------------------------------------------------------------------
# Benchmarking Iscatterv 
# #processes = 2 
# ( 2 additional processes waiting in MPI_Barrier)
#-----------------------------------------------------------------------------
       #bytes #repetitions t_ovrl[usec] t_pure[usec]  t_CPU[usec]   overlap[%]
            0         1000         9.13         4.86         4.05         0.00
            1         1000        16.93         9.26         9.39        18.29
            2         1000        17.32         9.23         9.41        14.04
            4         1000        16.91         9.15         9.41        17.60
            8         1000        17.43         9.18         9.52        13.27
           16         1000        22.52        12.13        12.49        16.85
           32         1000        22.51        12.06        12.52        16.52
           64         1000        21.99        11.91        12.11        16.78
          128         1000        22.67        12.22        12.49        16.31
          256         1000        23.12        12.54        12.97        18.38
          512         1000        23.42        12.65        12.92        16.69
         1024         1000        23.79        12.86        13.27        17.62
         2048         1000        24.46        13.55        13.68        20.26
         4096         1000        27.89        15.19        15.63        18.71
         8192         1000        31.30        16.91        17.26        16.64
        16384         1000        36.09        19.36        19.51        14.24
        32768         1000        46.70        24.41        24.63         9.52
        65536          640        67.44        34.43        34.69         4.85
       131072          320        98.31        59.44        59.79        34.97
       262144          160       202.98       103.11       104.46         4.39
       524288           80       536.13       265.13       269.07         0.00
      1048576           40       931.75       460.26       469.42         0.00
      2097152           20      1509.24       747.98       756.29         0.00
      4194304           10      2643.90      1312.80      1332.31         0.09

#-----------------------------------------------------------------------------
# Benchmarking Iscatterv 
# #processes = 4 
#-----------------------------------------------------------------------------
       #bytes #repetitions t_ovrl[usec] t_pure[usec]  t_CPU[usec]   overlap[%]
            0         1000         9.30         5.04         4.05         0.00
            1         1000        22.06        10.69        10.96         0.00
            2         1000        22.22        10.71        10.94         0.00
            4         1000        22.13        10.63        10.96         0.00
            8         1000        22.18        10.71        10.92         0.00
           16         1000        28.42        14.31        14.45         2.31
           32         1000        28.50        14.54        14.87         6.17
           64         1000        27.91        14.00        14.46         3.82
          128         1000        29.04        14.66        14.80         2.82
          256         1000        28.71        14.51        14.84         4.30
          512         1000        29.63        14.91        15.23         3.32
         1024         1000        30.39        15.21        15.65         3.02
         2048         1000        31.73        15.88        16.08         1.43
         4096         1000        37.36        18.11        18.37         0.00
         8192         1000        47.51        22.93        23.09         0.00
        16384         1000        60.61        29.24        29.65         0.00
        32768         1000        92.44        46.15        46.48         0.41
        65536          640       141.76        70.98        71.33         0.78
       131072          320       178.04       102.08       102.72        26.05
       262144          160       423.72       228.59       229.67        15.03
       524288           80       871.85       422.02       427.93         0.00
      1048576           40      1423.51       698.70       713.82         0.00
      2097152           20      5441.96      2981.66      3022.04        18.59
      4194304           10     12139.82      6285.57      6330.51         7.52

#-----------------------------------------------------------------------------
# Benchmarking Ialltoall 
# #processes = 2 
# ( 2 additional processes waiting in MPI_Barrier)
#-----------------------------------------------------------------------------
       #bytes #repetitions t_ovrl[usec] t_pure[usec]  t_CPU[usec]   overlap[%]
            0         1000        48.44        23.85        24.26         0.00
            1         1000        25.89        12.79        12.91         0.00
            2         1000        25.86        12.77        12.89         0.00
            4         1000        25.87        12.72        12.89         0.00
            8         1000        25.83        12.70        12.88         0.00
           16         1000        31.30        15.29        15.60         0.00
           32         1000        31.32        15.25        15.64         0.00
           64         1000        30.72        15.06        15.21         0.00
          128         1000        31.91        15.56        16.00         0.00
          256         1000        31.90        15.59        16.01         0.00
          512         1000        32.25        15.82        16.10         0.00
         1024         1000        32.83        16.02        16.47         0.00
         2048         1000        33.62        16.47        16.77         0.00
         4096         1000        38.43        18.96        19.20         0.00
         8192         1000        46.13        22.69        23.21         0.00
        16384         1000        56.10        27.36        28.07         0.00
        32768         1000        76.40        37.35        38.21         0.00
        65536          640       111.88        54.65        55.57         0.00
       131072          320       178.17        91.86        92.95         7.15
       262144          160       266.40       126.13       126.88         0.00
       524288           80       619.86       303.76       308.15         0.00
      1048576           40      1003.49       482.05       489.25         0.00
      2097152           20      1567.28       777.05       788.27         0.00
      4194304           10      2755.88      1361.49      1382.52         0.00

#-----------------------------------------------------------------------------
# Benchmarking Ialltoall 
# #processes = 4 
#-----------------------------------------------------------------------------
       #bytes #repetitions t_ovrl[usec] t_pure[usec]  t_CPU[usec]   overlap[%]
            0         1000        45.50        22.25        22.64         0.00
            1         1000        45.92        22.50        22.63         0.00
            2         1000        40.20        19.74        19.96         0.00
            4         1000        40.71        19.87        20.34         0.00
            8         1000        40.03        19.78        19.91         0.00
           16         1000        47.76        23.46        23.87         0.00
           32         1000        47.83        23.56        23.81         0.00
           64         1000        46.65        23.01        23.46         0.00
          128         1000        47.87        23.43        23.84         0.00
          256         1000        47.71        23.43        23.87         0.00
          512         1000        48.78        24.03        24.29         0.00
         1024         1000        50.03        24.72        25.03         0.00
         2048         1000        53.72        26.60        27.10         0.00
         4096         1000        65.16        31.97        32.75         0.00
         8192         1000        83.22        40.54        41.40         0.00
        16384         1000       106.21        51.77        52.88         0.00
        32768         1000       166.69        81.41        82.32         0.00
        65536          640       331.82       163.17       165.36         0.00
       131072          320       572.21       282.62       287.29         0.00
       262144          160       603.40       323.06       326.43        14.12
       524288           80      1080.88       540.83       547.88         1.43
      1048576           40      8376.52      4217.49      4241.81         1.95
      2097152           20     10014.38      4968.26      4997.91         0.00
      4194304           10     33124.35     17148.21     17168.81         6.95

#-----------------------------------------------------------------------------
# Benchmarking Ialltoallv 
# #processes = 2 
# ( 2 additional processes waiting in MPI_Barrier)
#-----------------------------------------------------------------------------
       #bytes #repetitions t_ovrl[usec] t_pure[usec]  t_CPU[usec]   overlap[%]
            0         1000         9.93         5.18         4.41         0.00
            1         1000        26.85        12.99        13.30         0.00
            2         1000        26.94        13.01        13.31         0.00
            4         1000        26.86        12.95        13.31         0.00
            8         1000        26.84        13.01        13.26         0.00
           16         1000        32.41        15.83        16.04         0.00
           32         1000        32.37        15.79        16.04         0.00
           64         1000        32.10        15.66        16.04         0.00
          128         1000        32.49        15.89        16.06         0.00
          256         1000        32.98        15.99        16.43         0.00
          512         1000        33.72        16.35        16.84         0.00
         1024         1000        33.96        16.38        16.90         0.00
         2048         1000        34.67        16.92        17.23         0.00
         4096         1000        39.27        19.33        19.56         0.00
         8192         1000        47.41        22.93        23.66         0.00
        16384         1000        56.90        27.71        28.35         0.00
        32768         1000        76.85        37.34        38.21         0.00
        65536          640       112.35        54.96        55.72         0.00
       131072          320       177.74        86.89        87.79         0.00
       262144          160       215.98       107.11       108.38         0.00
       524288           80       623.86       310.81       316.69         1.15
      1048576           40       979.24       485.63       486.70         0.00
      2097152           20      1586.35       781.71       798.55         0.00
      4194304           10      2766.23      1350.00      1370.64         0.00

#-----------------------------------------------------------------------------
# Benchmarking Ialltoallv 
# #processes = 4 
#-----------------------------------------------------------------------------
       #bytes #repetitions t_ovrl[usec] t_pure[usec]  t_CPU[usec]   overlap[%]
            0         1000        10.54         5.44         4.81         0.00
            1         1000        39.38        19.34        19.61         0.00
            2         1000        39.29        19.27        19.56         0.00
            4         1000        39.68        19.48        19.95         0.00
            8         1000        39.70        19.45        19.94         0.00
           16         1000        47.16        23.22        23.48         0.00
           32         1000        47.10        23.15        23.49         0.00
           64         1000        46.44        22.63        23.17         0.00
          128         1000        47.23        23.20        23.48         0.00
          256         1000        47.15        23.16        23.52         0.00
          512         1000        48.58        23.94        24.30         0.00
         1024         1000        49.90        24.56        25.07         0.00
         2048         1000        53.36        26.21        26.73         0.00
         4096         1000        65.09        32.08        32.74         0.00
         8192         1000        82.22        40.35        40.91         0.00
        16384         1000       105.95        51.42        52.22         0.00
        32768         1000       166.22        81.34        82.41         0.00
        65536          640       335.83       165.99       168.01         0.00
       131072          320       589.82       290.69       295.76         0.00
       262144          160       577.71       306.84       309.31        12.43
       524288           80      1070.75       538.31       544.70         2.25
      1048576           40      8622.53      4538.26      4566.03        10.55
      2097152           20     10206.32      5085.06      5106.43         0.00
      4194304           10     34561.51     16996.57     17026.52         0.00

#-----------------------------------------------------------------------------
# Benchmarking Ireduce 
# #processes = 2 
# ( 2 additional processes waiting in MPI_Barrier)
#-----------------------------------------------------------------------------
       #bytes #repetitions t_ovrl[usec] t_pure[usec]  t_CPU[usec]   overlap[%]
            0         1000        10.04         5.33         4.44         0.00
            4         1000        24.48        12.28        12.51         2.51
            8         1000        24.82        12.49        12.90         4.39
           16         1000        29.80        15.00        15.28         3.17
           32         1000        30.07        14.85        15.22         0.00
           64         1000        29.03        14.43        14.86         1.72
          128         1000        29.36        14.74        14.84         1.47
          256         1000        29.40        14.75        14.88         1.49
          512         1000        29.93        15.12        15.28         3.12
         1024         1000        30.40        15.27        15.67         3.50
         2048         1000        30.99        15.79        16.04         5.21
         4096         1000        57.67        27.88        28.26         0.00
         8192         1000        66.45        33.31        33.71         1.70
        16384         1000        46.30        23.83        24.29         7.50
        32768         1000        60.84        31.79        32.30        10.08
        65536          640        87.80        46.88        47.46        13.78
       131072          320       219.94       104.61       106.78         0.00
       262144          160       599.20       272.69       277.53         0.00
       524288           80      1062.58       499.13       507.94         0.00
      1048576           40      1793.10       870.06       883.75         0.00
      2097152           20      2746.70      1341.56      1356.95         0.00
      4194304           10      4595.47      2273.85      2298.50         0.00

#-----------------------------------------------------------------------------
# Benchmarking Ireduce 
# #processes = 4 
#-----------------------------------------------------------------------------
       #bytes #repetitions t_ovrl[usec] t_pure[usec]  t_CPU[usec]   overlap[%]
            0         1000        10.60         5.47         4.85         0.00
            4         1000        33.62        18.50        18.72        19.21
            8         1000        33.52        18.39        18.72        19.21
           16         1000        40.16        22.38        22.75        21.86
           32         1000        40.07        22.51        22.65        22.45
           64         1000        38.87        21.60        21.87        21.03
          128         1000        38.75        21.66        21.84        21.74
          256         1000        39.15        22.13        22.25        23.54
          512         1000        39.66        22.23        22.65        23.04
         1024         1000        37.07        18.15        18.40         0.00
         2048         1000        38.48        21.32        21.55        20.38
         4096         1000        43.94        25.14        25.46        26.17
         8192         1000        57.19        32.84        33.17        26.60
        16384         1000        70.57        41.08        41.27        28.57
        32768         1000        95.07        56.22        57.05        31.91
        65536          640       144.38        86.31        87.00        33.25
       131072          320       333.67       165.66       168.75         0.44
       262144          160       812.63       397.15       404.20         0.00
       524288           80      1720.97       821.02       833.27         0.00
      1048576           40      2846.08      1169.32      1182.96         0.00
      2097152           20      6359.31      1790.71      1804.22         0.00
      4194304           10     14222.41      6506.78      6555.10         0.00

#-----------------------------------------------------------------------------
# Benchmarking Ireduce_scatter 
# #processes = 2 
# ( 2 additional processes waiting in MPI_Barrier)
#-----------------------------------------------------------------------------
       #bytes #repetitions t_ovrl[usec] t_pure[usec]  t_CPU[usec]   overlap[%]
            0            1         5.961512060711560569.00         1.19       100.00
            4            1        16.931512060711561330.00         0.95       100.00
            8            1        17.171512060711561738.00         0.95       100.00
           16            1        17.881512060711562043.00         0.00       100.00
           32            1        20.031512060711562385.00         0.95       100.00
           64            1        20.031512060711562760.00         0.00       100.00
          128            1        20.031512060711563036.00         0.00       100.00
          256            1        20.981512060711563444.00         0.00       100.00
          512            1        20.981512060711563762.00         0.95       100.00
         1024            1        20.981512060711564149.00         0.95       100.00
         2048            1        20.981512060711564426.00         0.95       100.00
         4096            1        21.931512060711564750.00         0.95       100.00
         8192            1        25.031512060711565096.00         0.95       100.00
        16384            1        27.891512060711565556.00         0.00       100.00
        32768            1        35.051512060711565980.00         0.00       100.00
        65536            1        49.831512060711566672.00         0.00       100.00
       131072            1        85.121512060711567673.00         0.95       100.00
       262144            1       212.911512060711569476.00         0.95       100.00
       524288            1       368.121512060711573249.00         1.19       100.00
      1048576            1       565.051512060711578482.00         2.15       100.00
      2097152            1       918.871512060711588662.00         1.91       100.00
      4194304            1      1544.951512060711604245.00         1.91       100.00

#-----------------------------------------------------------------------------
# Benchmarking Ireduce_scatter 
# #processes = 4 
#-----------------------------------------------------------------------------
       #bytes #repetitions t_ovrl[usec] t_pure[usec]  t_CPU[usec]   overlap[%]
            0            1         7.151512060711607028.00         0.95       100.00
            4            1        21.221512060711607538.75         0.95       100.00
            8            1        24.081512060711607902.00         0.00       100.00
           16            1        27.891512060711608604.00         0.00       100.00
           32            1        29.091512060711608723.25         0.00       100.00
           64            1        54.121512060711608958.00         0.00       100.00
          128            1        31.951512060711609773.00         0.95       100.00
          256            1        54.121512060711610275.00         0.00       100.00
          512            1        55.071512060711610784.00         0.00       100.00
         1024            1        59.841512060711610943.75         0.00       100.00
         2048            1        56.031512060711611528.00         1.19       100.00
         4096            1        58.171512060711612719.00         0.95       100.00
         8192            1       117.061512060711613054.00         0.95       100.00
        16384            1        77.011512060711614054.00         0.00       100.00
        32768            1       105.141512060711614220.00         0.95       100.00
        65536            1       171.901512060711616188.00         0.00       100.00
       131072            1       381.951512060711618555.75         1.91       100.00
       262144            1       736.951512060711621743.00         2.15       100.00
       524288            1       535.011512060711626341.00         0.95       100.00
      1048576            1       868.801512060711633314.25         0.95       100.00
      2097152            1      1402.141512060711643742.00         3.10       100.00
      4194304            1      2417.091512060711663661.00         1.91       100.00

#-----------------------------------------------------------------------------
# Benchmarking Iallreduce 
# #processes = 2 
# ( 2 additional processes waiting in MPI_Barrier)
#-----------------------------------------------------------------------------
       #bytes #repetitions t_ovrl[usec] t_pure[usec]  t_CPU[usec]   overlap[%]
            0         1000        31.06        15.32        15.64         0.00
            4         1000        32.69        16.69        16.87         5.19
            8         1000        31.92        15.76        16.06         0.00
           16         1000        37.47        18.27        18.80         0.00
           32         1000        37.01        18.17        18.38         0.00
           64         1000        36.74        18.12        18.38         0.00
          128         1000        37.46        18.29        18.84         0.00
          256         1000        37.60        18.42        18.80         0.00
          512         1000        37.82        18.58        18.78         0.00
         1024         1000        39.00        19.23        19.59         0.00
         2048         1000        39.91        19.59        19.99         0.00
         4096         1000        44.88        22.18        22.72         0.08
         8192         1000        71.87        35.49        36.10         0.00
        16384         1000        67.64        33.21        33.95         0.00
        32768         1000       109.38        53.65        54.56         0.00
        65536          640       155.42        76.14        77.19         0.00
       131072          320       249.06       121.89       123.74         0.00
       262144          160       629.67       308.53       314.02         0.00
       524288           80      1239.17       623.99       631.39         2.57
      1048576           40      1833.36       882.43       893.65         0.00
      2097152           20      2744.22      1368.46      1383.45         0.56
      4194304           10      4531.96      2249.10      2274.56         0.00

#-----------------------------------------------------------------------------
# Benchmarking Iallreduce 
# #processes = 4 
#-----------------------------------------------------------------------------
       #bytes #repetitions t_ovrl[usec] t_pure[usec]  t_CPU[usec]   overlap[%]
            0         1000        65.26        32.05        32.44         0.00
            4         1000        45.20        22.05        22.29         0.00
            8         1000        44.88        22.03        22.28         0.00
           16         1000        56.96        27.94        28.20         0.00
           32         1000        56.82        27.68        28.23         0.00
           64         1000        55.86        27.35        27.79         0.00
          128         1000        56.52        27.67        28.13         0.00
          256         1000        57.17        27.88        28.13         0.00
          512         1000        57.51        28.24        28.53         0.00
         1024         1000        59.60        29.23        29.72         0.00
         2048         1000        61.72        30.31        30.63         0.00
         4096         1000        71.93        35.10        35.92         0.00
         8192         1000        88.36        43.20        44.01         0.00
        16384         1000       111.99        54.53        55.24         0.00
        32768         1000       163.50        79.86        81.01         0.00
        65536          640       255.45       124.94       126.55         0.00
       131072          320       400.05       194.67       196.61         0.00
       262144          160       988.51       499.89       506.18         3.47
       524288           80      1973.31       897.52       898.00         0.00
      1048576           40      2783.07      1385.02      1405.13         0.50
      2097152           20     25203.37     12524.25     12563.91         0.00
      4194304           10     41031.60     21189.90     21178.39         6.31

#----------------------------------------------------------------
# Benchmarking Ibarrier 
# #processes = 2 
# ( 2 additional processes waiting in MPI_Barrier)
#----------------------------------------------------------------
 #repetitions t_ovrl[usec] t_pure[usec]  t_CPU[usec]   overlap[%]
         1000        21.04         9.51         9.87         0.00

#----------------------------------------------------------------
# Benchmarking Ibarrier 
# #processes = 4 
#----------------------------------------------------------------
 #repetitions t_ovrl[usec] t_pure[usec]  t_CPU[usec]   overlap[%]
         1000        30.74        14.29        14.55         0.00


# All processes entering MPI_Finalize

