#------------------------------------------------------------
#    Intel (R) MPI Benchmarks 2018 Update 1, MPI-NBC part  
#------------------------------------------------------------
# Date                  : Thu Nov 30 17:06:32 2017
# Machine               : x86_64
# System                : Linux
# Release               : 4.4.74-92.35-default
# Version               : #1 SMP Mon Aug 7 18:24:48 UTC 2017 (c0fdc47)
# MPI Version           : 3.1
# MPI Thread Environment: 


# Calling sequence was: 

# ./IMB-NBC

# Minimum message length in bytes:   0
# Maximum message length in bytes:   4194304
#
# MPI_Datatype                   :   MPI_BYTE 
# MPI_Datatype for reductions    :   MPI_FLOAT
# MPI_Op                         :   MPI_SUM  
#
#

# List of Benchmarks to run:

# Ibcast
# Iallgather
# Iallgatherv
# Igather
# Igatherv
# Iscatter
# Iscatterv
# Ialltoall
# Ialltoallv
# Ireduce
# Ireduce_scatter
# Iallreduce
# Ibarrier

#-----------------------------------------------------------------------------
# Benchmarking Ibcast 
# #processes = 2 
#-----------------------------------------------------------------------------
       #bytes #repetitions t_ovrl[usec] t_pure[usec]  t_CPU[usec]   overlap[%]
            0         1000        17.92         9.51         9.77        13.89
            1         1000        17.51         9.33         9.36        12.58
            2         1000        17.96         9.48         9.80        13.49
            4         1000        17.96         9.36         9.80        12.26
            8         1000        17.95         9.35         9.78        12.16
           16         1000        23.11        12.54        12.86        17.76
           32         1000        23.04        12.51        12.89        18.28
           64         1000        22.75        12.22        12.53        16.00
          128         1000        22.93        12.25        12.50        14.57
          256         1000        22.98        12.32        12.51        14.73
          512         1000        23.04        12.34        12.51        14.49
         1024         1000        23.59        12.65        12.91        15.31
         2048         1000        23.79        12.97        13.29        18.52
         4096         1000        26.96        14.75        14.84        17.72
         8192         1000        29.94        15.70        16.00        10.97
        16384         1000        34.05        17.94        18.38        12.34
        32768         1000        42.93        22.32        22.67         9.10
        65536          640        59.33        30.74        31.36         8.84
       131072          320       150.73        75.72        76.72         2.23
       262144          160       139.73        72.81        73.29         8.69
       524288           80       181.22        94.34        94.35         7.90
      1048576           40       290.16       147.71       148.55         4.11
      2097152           20       457.25       230.82       231.54         2.21
      4194304           10      6294.99      3149.87      3148.15         0.10

#-----------------------------------------------------------------------------
# Benchmarking Iallgather 
# #processes = 2 
#-----------------------------------------------------------------------------
       #bytes #repetitions t_ovrl[usec] t_pure[usec]  t_CPU[usec]   overlap[%]
            0         1000         8.58         4.59         3.72         0.00
            1         1000        25.93        12.74        12.89         0.00
            2         1000        25.96        12.75        12.89         0.00
            4         1000        25.94        12.74        12.91         0.00
            8         1000        25.95        12.68        12.89         0.00
           16         1000        31.39        15.46        15.60         0.00
           32         1000        31.40        15.44        15.62         0.00
           64         1000        31.30        15.32        15.67         0.00
          128         1000        31.96        15.66        16.02         0.00
          256         1000        32.06        15.70        16.00         0.00
          512         1000        32.24        15.89        16.00         0.00
         1024         1000        32.87        16.10        16.44         0.00
         2048         1000        33.77        16.58        16.82         0.00
         4096         1000        39.21        19.35        19.56         0.00
         8192         1000        46.92        23.13        23.62         0.00
        16384         1000        56.38        27.66        28.41         0.00
        32768         1000        76.52        37.38        38.30         0.00
        65536          640       114.05        55.91        56.52         0.00
       131072          320       187.79        91.59        92.60         0.00
       262144          160       280.85       122.70       123.79         0.00
       524288           80       641.78       320.57       324.03         0.87
      1048576           40      1019.36       504.00       509.40         0.00
      2097152           20      1591.35       793.00       800.62         0.28
      4194304           10      2774.55      1385.26      1404.52         1.08

#-----------------------------------------------------------------------------
# Benchmarking Iallgatherv 
# #processes = 2 
#-----------------------------------------------------------------------------
       #bytes #repetitions t_ovrl[usec] t_pure[usec]  t_CPU[usec]   overlap[%]
            0         1000         9.10         4.89         4.04         0.00
            1         1000        27.28        13.36        13.66         0.00
            2         1000        27.32        13.42        13.69         0.00
            4         1000        27.28        13.37        13.66         0.00
            8         1000        27.33        13.48        13.74         0.00
           16         1000        32.73        16.03        16.48         0.00
           32         1000        32.88        16.09        16.50         0.00
           64         1000        32.03        15.68        16.00         0.00
          128         1000        32.90        16.04        16.45         0.00
          256         1000        32.91        16.13        16.44         0.00
          512         1000        33.04        16.27        16.41         0.00
         1024         1000        33.68        16.47        16.78         0.00
         2048         1000        34.47        17.00        17.19         0.00
         4096         1000        39.65        19.51        19.97         0.00
         8192         1000        46.92        23.06        23.66         0.00
        16384         1000        57.07        27.73        28.58         0.00
        32768         1000        76.34        37.48        38.26         0.00
        65536          640       111.46        54.49        55.54         0.00
       131072          320       203.75       101.59       103.28         1.08
       262144          160       295.67       131.05       132.06         0.00
       524288           80       671.84       317.49       323.18         0.00
      1048576           40      1038.99       516.22       521.80         0.00
      2097152           20      1603.84       800.18       813.13         1.16
      4194304           10      2789.64      1394.99      1414.94         1.43

#-----------------------------------------------------------------------------
# Benchmarking Igather 
# #processes = 2 
#-----------------------------------------------------------------------------
       #bytes #repetitions t_ovrl[usec] t_pure[usec]  t_CPU[usec]   overlap[%]
            0         1000         9.30         4.98         4.03         0.00
            1         1000        20.71        11.01        11.28        13.94
            2         1000        20.71        10.90        11.28        12.98
            4         1000        20.35        10.83        10.92        12.75
            8         1000        20.76        10.96        11.31        13.29
           16         1000        26.08        13.98        14.06        13.97
           32         1000        25.69        13.64        14.07        14.30
           64         1000        25.20        13.45        13.68        14.17
          128         1000        26.07        13.77        14.07        12.59
          256         1000        25.97        13.88        14.06        13.97
          512         1000        26.64        14.02        14.46        12.66
         1024         1000        25.74        13.35        13.64         9.24
         2048         1000        26.54        13.80        14.07         9.46
         4096         1000        29.83        15.24        15.62         6.60
         8192         1000        32.74        16.69        16.85         4.79
        16384         1000        37.84        19.02        19.14         1.66
        32768         1000        47.64        23.95        24.21         2.16
        65536          640        66.61        33.64        33.88         2.68
       131072          320       105.21        54.47        55.01         7.76
       262144          160       149.05        79.10        79.33        11.81
       524288           80       432.63       212.25       216.82         0.00
      1048576           40       784.51       390.22       390.82         0.00
      2097152           20      1361.22       673.99       687.04         0.00
      4194304           10      2530.41      1256.47      1269.46         0.00

#-----------------------------------------------------------------------------
# Benchmarking Igatherv 
# #processes = 2 
#-----------------------------------------------------------------------------
       #bytes #repetitions t_ovrl[usec] t_pure[usec]  t_CPU[usec]   overlap[%]
            0         1000         9.24         4.96         4.03         0.00
            1         1000        18.43         9.32         9.37         2.69
            2         1000        18.33         9.32         9.36         3.67
            4         1000        18.60         9.28         9.39         0.80
            8         1000        18.36         9.24         9.39         2.80
           16         1000        23.42        12.00        12.12         5.83
           32         1000        23.42        12.02        12.10         5.77
           64         1000        23.25        11.82        12.09         5.49
          128         1000        24.11        12.17        12.46         4.13
          256         1000        23.97        12.21        12.49         5.85
          512         1000        24.21        12.27        12.50         4.45
         1024         1000        24.67        12.53        12.89         5.88
         2048         1000        24.97        12.71        12.93         5.19
         4096         1000        28.08        14.21        14.42         3.91
         8192         1000        31.39        15.70        16.05         2.22
        16384         1000        36.34        18.11        18.38         0.83
        32768         1000        46.23        23.18        23.37         1.35
        65536          640        64.78        32.62        32.69         1.60
       131072          320        98.39        51.41        51.78         9.28
       262144          160       149.03        78.03        78.27         9.29
       524288           80       427.48       212.49       213.44         0.00
      1048576           40       784.37       388.73       389.37         0.00
      2097152           20      1352.41       673.58       675.67         0.00
      4194304           10      2532.48      1248.03      1245.12         0.00

#-----------------------------------------------------------------------------
# Benchmarking Iscatter 
# #processes = 2 
#-----------------------------------------------------------------------------
       #bytes #repetitions t_ovrl[usec] t_pure[usec]  t_CPU[usec]   overlap[%]
            0         1000         8.39         4.43         3.63         0.00
            1         1000        20.85        10.12        10.60         0.00
            2         1000        20.92        10.11        10.60         0.00
            4         1000        20.55        10.98        11.37        15.80
            8         1000        20.86        10.14        10.57         0.00
           16         1000        27.58        14.95        15.22        17.03
           32         1000        27.57        14.95        15.24        17.20
           64         1000        26.89        14.66        14.85        17.66
          128         1000        27.54        15.08        15.28        18.48
          256         1000        27.78        15.06        15.25        16.62
          512         1000        28.17        15.33        15.66        17.96
         1024         1000        28.70        15.77        16.06        19.52
         2048         1000        29.32        16.14        16.44        19.79
         4096         1000        31.99        17.78        17.97        20.94
         8192         1000        36.37        19.38        19.56        13.16
        16384         1000        40.17        21.63        21.89        15.27
        32768         1000        51.27        26.92        27.32        10.86
        65536          640        71.36        36.86        37.03         6.84
       131072          320       101.08        60.09        60.40        32.13
       262144          160       179.98        92.44        93.19         6.06
       524288           80       545.76       272.27       273.43         0.00
      1048576           40       907.60       457.67       462.73         2.77
      2097152           20      1483.43       746.17       752.52         2.03
      4194304           10      2621.39      1311.42      1324.18         1.07

#-----------------------------------------------------------------------------
# Benchmarking Iscatterv 
# #processes = 2 
#-----------------------------------------------------------------------------
       #bytes #repetitions t_ovrl[usec] t_pure[usec]  t_CPU[usec]   overlap[%]
            0         1000         9.16         4.81         4.07         0.00
            1         1000        17.36         9.66         9.84        21.69
            2         1000        17.31         9.63         9.75        21.31
            4         1000        17.30         9.64         9.76        21.44
            8         1000        17.65         9.76        10.15        22.21
           16         1000        22.70        12.60        12.92        21.85
           32         1000        22.92        12.58        12.89        19.76
           64         1000        22.57        12.41        12.52        18.81
          128         1000        23.01        12.61        12.86        19.11
          256         1000        23.05        12.72        12.84        19.54
          512         1000        23.63        12.92        13.27        19.28
         1024         1000        23.79        13.20        13.35        20.60
         2048         1000        24.87        13.71        14.09        20.75
         4096         1000        28.10        15.61        16.06        22.23
         8192         1000        31.78        17.24        17.63        17.54
        16384         1000        36.34        19.55        19.97        15.95
        32768         1000        47.16        24.62        24.99         9.81
        65536          640        67.68        34.73        35.15         6.25
       131072          320        98.02        58.90        59.24        33.97
       262144          160       182.18        93.22        93.45         4.80
       524288           80       533.67       266.70       270.05         1.14
      1048576           40       925.68       462.04       468.14         0.96
      2097152           20      1509.46       757.92       765.20         1.79
      4194304           10      2654.60      1318.72      1338.32         0.18

#-----------------------------------------------------------------------------
# Benchmarking Ialltoall 
# #processes = 2 
#-----------------------------------------------------------------------------
       #bytes #repetitions t_ovrl[usec] t_pure[usec]  t_CPU[usec]   overlap[%]
            0         1000        48.67        24.11        24.25         0.00
            1         1000        25.88        12.68        12.91         0.00
            2         1000        25.88        12.79        12.89         0.00
            4         1000        25.88        12.79        12.90         0.00
            8         1000        25.89        12.72        12.91         0.00
           16         1000        31.36        15.30        15.70         0.00
           32         1000        31.35        15.37        15.67         0.00
           64         1000        30.77        15.11        15.23         0.00
          128         1000        31.94        15.59        16.02         0.00
          256         1000        31.91        15.59        16.04         0.00
          512         1000        32.36        15.92        16.03         0.00
         1024         1000        32.87        16.09        16.47         0.00
         2048         1000        33.71        16.51        16.84         0.00
         4096         1000        38.46        18.84        19.19         0.00
         8192         1000        46.30        22.58        23.34         0.00
        16384         1000        55.98        27.42        28.11         0.00
        32768         1000        75.19        36.71        37.50         0.00
        65536          640       110.61        54.03        54.80         0.00
       131072          320       172.82        84.89        86.50         0.00
       262144          160       243.46       103.25       104.55         0.00
       524288           80       651.03       324.89       326.37         0.07
      1048576           40      1005.46       497.65       504.58         0.00
      2097152           20      1574.08       780.11       793.53         0.00
      4194304           10      2764.53      1365.78      1380.40         0.00

#-----------------------------------------------------------------------------
# Benchmarking Ialltoallv 
# #processes = 2 
#-----------------------------------------------------------------------------
       #bytes #repetitions t_ovrl[usec] t_pure[usec]  t_CPU[usec]   overlap[%]
            0         1000         9.95         5.17         4.39         0.00
            1         1000        26.95        13.15        13.35         0.00
            2         1000        26.87        13.17        13.31         0.00
            4         1000        26.92        13.06        13.34         0.00
            8         1000        26.89        13.13        13.33         0.00
           16         1000        32.39        15.85        16.03         0.00
           32         1000        32.54        15.83        16.04         0.00
           64         1000        32.21        15.65        16.01         0.00
          128         1000        32.82        16.03        16.45         0.00
          256         1000        33.04        16.01        16.39         0.00
          512         1000        33.27        16.22        16.45         0.00
         1024         1000        33.86        16.43        16.85         0.00
         2048         1000        34.77        16.97        17.23         0.00
         4096         1000        39.42        19.19        19.68         0.00
         8192         1000        47.28        23.08        23.54         0.00
        16384         1000        57.15        27.86        28.48         0.00
        32768         1000        76.86        37.48        38.59         0.00
        65536          640       113.01        54.92        56.06         0.00
       131072          320       175.74        86.38        87.58         0.00
       262144          160       237.89        97.28        97.87         0.00
       524288           80       650.44       321.91       326.07         0.00
      1048576           40       996.23       494.46       501.72         0.00
      2097152           20      1569.22       778.91       789.84         0.00
      4194304           10      2764.23      1371.41      1384.95         0.00

#-----------------------------------------------------------------------------
# Benchmarking Ireduce 
# #processes = 2 
#-----------------------------------------------------------------------------
       #bytes #repetitions t_ovrl[usec] t_pure[usec]  t_CPU[usec]   overlap[%]
            0         1000         9.94         5.24         4.42         0.00
            4         1000        25.09        12.86        13.28         7.94
            8         1000        25.06        12.89        13.29         8.40
           16         1000        29.94        15.49        15.63         7.54
           32         1000        30.10        14.78        15.25         0.00
           64         1000        29.89        14.64        14.88         0.00
          128         1000        29.87        14.66        14.86         0.00
          256         1000        30.06        14.78        14.86         0.00
          512         1000        29.90        15.53        15.65         8.14
         1024         1000        30.57        15.05        15.28         0.00
         2048         1000        31.13        16.07        16.41         8.26
         4096         1000        58.17        29.21        29.71         2.51
         8192         1000        66.96        33.71        34.06         2.38
        16384         1000        46.68        24.32        24.86        10.04
        32768         1000        61.02        31.93        32.80        11.31
        65536          640        87.85        47.06        47.76        14.59
       131072          320       220.09       104.27       105.53         0.00
       262144          160       625.16       267.43       269.59         0.00
       524288           80      1116.19       569.56       577.47         5.34
      1048576           40      1763.54       841.85       853.49         0.00
      2097152           20      4750.16      1434.66      1451.95         0.00
      4194304           10     10338.19      5197.98      5232.21         1.76

#-----------------------------------------------------------------------------
# Benchmarking Ireduce_scatter 
# #processes = 2 
#-----------------------------------------------------------------------------
       #bytes #repetitions t_ovrl[usec] t_pure[usec]  t_CPU[usec]   overlap[%]
            0            1         5.961512058023291261.00         0.00       100.00
            4            1        20.031512058023291953.00         0.95       100.00
            8            1        20.031512058023292313.00         0.00       100.00
           16            1        24.081512058023292718.00         1.91       100.00
           32            1        29.091512058023293215.00         2.15       100.00
           64            1        26.941512058023293676.00         0.95       100.00
          128            1        26.941512058023294113.75         0.95       100.00
          256            1        27.181512058023294538.00         0.95       100.00
          512            1        20.981512058023294895.00         0.00       100.00
         1024            1        20.981512058023295943.00         0.95       100.00
         2048            1        22.171512058023295480.00         0.95       100.00
         4096            1        21.221512058023296523.00         0.95       100.00
         8192            1        24.081512058023296121.00         0.00       100.00
        16384            1        29.091512058023296465.00         0.00       100.00
        32768            1        36.951512058023297697.00         0.95       100.00
        65536            1        51.981512058023298321.00         0.95       100.00
       131072            1        91.081512058023299283.00         1.19       100.00
       262144            1       217.911512058023301037.00         0.95       100.00
       524288            1       403.881512058023304249.00         1.91       100.00
      1048576            1       540.971512058023310113.00         2.15       100.00
      2097152            1       920.061512058023321083.00         2.86       100.00
      4194304            1      4562.851512058023347606.00         2.86       100.00

#-----------------------------------------------------------------------------
# Benchmarking Iallreduce 
# #processes = 2 
#-----------------------------------------------------------------------------
       #bytes #repetitions t_ovrl[usec] t_pure[usec]  t_CPU[usec]   overlap[%]
            0         1000        30.87        15.22        15.63         0.00
            4         1000        31.90        15.74        16.07         0.00
            8         1000        31.73        15.68        16.06         0.03
           16         1000        36.83        18.07        18.35         0.00
           32         1000        36.87        18.24        18.38         0.00
           64         1000        36.58        17.94        18.37         0.00
          128         1000        36.64        18.03        18.36         0.00
          256         1000        36.84        18.16        18.41         0.00
          512         1000        36.98        18.11        18.44         0.00
         1024         1000        37.62        18.53        18.84         0.00
         2048         1000        38.50        19.02        19.16         0.00
         4096         1000        43.78        21.73        21.96         0.00
         8192         1000        71.16        35.09        35.64         0.00
        16384         1000        66.32        32.41        33.13         0.00
        32768         1000       107.88        52.80        53.71         0.00
        65536          640       153.77        75.23        76.70         0.00
       131072          320       243.76       118.76       121.32         0.00
       262144          160       574.26       286.80       289.69         0.77
       524288           80      1182.54       578.31       583.98         0.00
      1048576           40      1757.78       872.84       883.58         0.00
      2097152           20     10455.17      5280.46      5323.84         2.80
      4194304           10      4470.09      2218.63      2245.28         0.00

#----------------------------------------------------------------
# Benchmarking Ibarrier 
# #processes = 2 
#----------------------------------------------------------------
 #repetitions t_ovrl[usec] t_pure[usec]  t_CPU[usec]   overlap[%]
         1000        21.21         9.19         9.51         0.00


# All processes entering MPI_Finalize

