#------------------------------------------------------------
#    Intel (R) MPI Benchmarks 2018 Update 1, MPI-NBC part  
#------------------------------------------------------------
# Date                  : Thu Nov 30 17:50:06 2017
# Machine               : x86_64
# System                : Linux
# Release               : 4.4.74-92.35-default
# Version               : #1 SMP Mon Aug 7 18:24:48 UTC 2017 (c0fdc47)
# MPI Version           : 3.1
# MPI Thread Environment: 


# Calling sequence was: 

# ./IMB-NBC

# Minimum message length in bytes:   0
# Maximum message length in bytes:   4194304
#
# MPI_Datatype                   :   MPI_BYTE 
# MPI_Datatype for reductions    :   MPI_FLOAT
# MPI_Op                         :   MPI_SUM  
#
#

# List of Benchmarks to run:

# Ibcast
# Iallgather
# Iallgatherv
# Igather
# Igatherv
# Iscatter
# Iscatterv
# Ialltoall
# Ialltoallv
# Ireduce
# Ireduce_scatter
# Iallreduce
# Ibarrier

#-----------------------------------------------------------------------------
# Benchmarking Ibcast 
# #processes = 2 
# ( 2 additional processes waiting in MPI_Barrier)
#-----------------------------------------------------------------------------
       #bytes #repetitions t_ovrl[usec] t_pure[usec]  t_CPU[usec]   overlap[%]
            0         1000        17.70         9.27         9.45        10.81
            1         1000        17.90         9.34         9.75        12.21
            2         1000        17.88         9.37         9.74        12.61
            4         1000        17.98         9.34         9.78        11.69
            8         1000        17.93         9.36         9.79        12.54
           16         1000        23.29        12.84        12.90        18.99
           32         1000        23.17        12.48        12.48        14.35
           64         1000        23.05        12.42        12.55        15.30
          128         1000        23.28        12.62        12.90        17.33
          256         1000        23.12        12.54        12.51        15.41
          512         1000        23.47        12.68        12.89        16.29
         1024         1000        23.60        12.76        12.89        15.92
         2048         1000        24.18        13.21        13.33        17.72
         4096         1000        27.01        14.59        14.85        16.35
         8192         1000        30.03        15.78        16.08        11.33
        16384         1000        33.83        17.86        17.98        11.13
        32768         1000        42.30        22.15        22.28         9.54
        65536          640        58.91        30.66        30.41         7.03
       131072          320       151.14        75.89        76.15         1.18
       262144          160       144.19        72.63        72.12         0.78
       524288           80       181.56        93.68        92.40         4.83
      1048576           40       297.80       156.01       154.01         7.84
      2097152           20       483.83       244.55       243.82         1.85
      4194304           10       846.82       422.41       420.83         0.00

#-----------------------------------------------------------------------------
# Benchmarking Ibcast 
# #processes = 4 
#-----------------------------------------------------------------------------
       #bytes #repetitions t_ovrl[usec] t_pure[usec]  t_CPU[usec]   overlap[%]
            0         1000        26.50        14.76        15.22        22.84
            1         1000        20.74        10.23        10.17         0.00
            2         1000        20.70        10.21        10.16         0.00
            4         1000        20.75        10.21        10.17         0.00
            8         1000        20.72        10.20        10.21         0.00
           16         1000        28.47        14.86        14.91         8.68
           32         1000        28.53        15.04        15.26        11.60
           64         1000        28.05        14.59        14.84         9.27
          128         1000        28.13        14.59        14.89         9.06
          256         1000        28.11        14.78        14.93        10.66
          512         1000        28.18        14.85        14.96        10.83
         1024         1000        40.66        20.52        20.62         2.31
         2048         1000        42.01        21.08        21.52         2.71
         4096         1000        47.55        23.73        24.26         1.82
         8192         1000        53.19        27.05        27.46         4.81
        16384         1000        62.31        29.25        29.94         0.00
        32768         1000        79.68        38.88        39.80         0.00
        65536          640       110.65        55.18        55.64         0.32
       131072          320       225.67       108.94       109.74         0.00
       262144          160       342.35       185.60       186.37        15.90
       524288           80       507.85       283.21       284.29        20.98
      1048576           40       766.81       339.44       365.60         0.00
      2097152           20       986.73       485.80       484.81         0.00
      4194304           10      1961.02      1081.44      1090.15        19.32

#-----------------------------------------------------------------------------
# Benchmarking Iallgather 
# #processes = 2 
# ( 2 additional processes waiting in MPI_Barrier)
#-----------------------------------------------------------------------------
       #bytes #repetitions t_ovrl[usec] t_pure[usec]  t_CPU[usec]   overlap[%]
            0         1000         8.50         4.71         3.60         0.00
            1         1000        25.91        12.73        12.89         0.00
            2         1000        25.93        12.76        12.92         0.00
            4         1000        25.96        12.73        12.89         0.00
            8         1000        26.37        12.86        13.27         0.00
           16         1000        31.66        15.53        15.60         0.00
           32         1000        31.56        15.53        15.60         0.00
           64         1000        31.39        15.29        15.61         0.00
          128         1000        32.09        15.77        15.98         0.00
          256         1000        32.42        15.70        16.01         0.00
          512         1000        32.21        15.80        16.02         0.00
         1024         1000        32.86        16.12        16.44         0.00
         2048         1000        33.88        16.59        16.78         0.00
         4096         1000        38.76        19.07        19.62         0.00
         8192         1000        46.46        22.86        23.16         0.00
        16384         1000        56.42        27.82        28.62         0.09
        32768         1000        76.00        37.30        38.29         0.00
        65536          640       116.01        56.89        58.26         0.00
       131072          320       211.27       103.69       104.47         0.00
       262144          160       308.77       134.98       136.03         0.00
       524288           80       638.65       298.16       301.57         0.00
      1048576           40      1009.37       499.57       505.91         0.00
      2097152           20      1626.55       809.51       820.67         0.44
      4194304           10      2751.14      1374.22      1390.00         0.94

#-----------------------------------------------------------------------------
# Benchmarking Iallgather 
# #processes = 4 
#-----------------------------------------------------------------------------
       #bytes #repetitions t_ovrl[usec] t_pure[usec]  t_CPU[usec]   overlap[%]
            0         1000         9.01         4.68         4.03         0.00
            1         1000        41.62        20.31        20.69         0.00
            2         1000        41.45        20.25        20.67         0.00
            4         1000        41.49        20.41        20.64         0.00
            8         1000        48.53        23.94        23.89         0.00
           16         1000        52.75        25.92        26.14         0.00
           32         1000        52.62        25.68        26.16         0.00
           64         1000        51.87        25.48        25.73         0.00
          128         1000        53.22        25.95        26.19         0.00
          256         1000        53.79        26.60        26.96         0.00
          512         1000        54.47        26.71        26.96         0.00
         1024         1000        56.01        27.65        28.12         0.00
         2048         1000        63.95        30.77        31.21         0.00
         4096         1000        74.73        36.43        37.05         0.00
         8192         1000        90.57        43.60        44.60         0.00
        16384         1000       117.59        56.94        58.00         0.00
        32768         1000       173.83        83.47        84.12         0.00
        65536          640       308.55       150.97       153.36         0.00
       131072          320       483.34       260.92       260.73        14.68
       262144          160       852.48       424.68       426.99         0.00
       524288           80      1242.32       622.94       629.61         1.62
      1048576           40      1529.58       761.49       761.76         0.00
      2097152           20     29672.18     15182.30     15228.72         4.85
      4194304           10     10170.70      5099.99      5140.52         1.36

#-----------------------------------------------------------------------------
# Benchmarking Iallgatherv 
# #processes = 2 
# ( 2 additional processes waiting in MPI_Barrier)
#-----------------------------------------------------------------------------
       #bytes #repetitions t_ovrl[usec] t_pure[usec]  t_CPU[usec]   overlap[%]
            0         1000         9.17         4.86         4.03         0.00
            1         1000        27.30        13.47        13.74         0.00
            2         1000        27.34        13.45        13.76         0.00
            4         1000        27.38        13.37        13.73         0.00
            8         1000        27.29        13.45        13.68         0.00
           16         1000        32.68        16.07        16.43         0.00
           32         1000        32.74        16.17        16.44         0.00
           64         1000        31.95        15.72        16.04         0.00
          128         1000        32.98        16.19        16.43         0.00
          256         1000        32.93        16.09        16.38         0.00
          512         1000        33.06        16.24        16.40         0.00
         1024         1000        34.37        16.80        17.27         0.00
         2048         1000        34.66        17.01        17.34         0.00
         4096         1000        39.45        19.40        19.63         0.00
         8192         1000        46.95        22.98        23.65         0.00
        16384         1000        57.50        28.41        28.74         0.00
        32768         1000        76.44        37.06        37.40         0.00
        65536          640       111.37        54.45        55.38         0.00
       131072          320       193.75        96.54        96.91         0.00
       262144          160       302.88       130.09       131.24         0.00
       524288           80       645.87       319.52       326.31         0.00
      1048576           40       978.11       486.01       486.85         0.00
      2097152           20      1544.80       767.11       780.12         0.31
      4194304           10      2765.20      1374.84      1396.13         0.41

#-----------------------------------------------------------------------------
# Benchmarking Iallgatherv 
# #processes = 4 
#-----------------------------------------------------------------------------
       #bytes #repetitions t_ovrl[usec] t_pure[usec]  t_CPU[usec]   overlap[%]
            0         1000         9.74         5.07         4.44         0.00
            1         1000        45.00        22.14        22.31         0.00
            2         1000        44.79        21.80        22.29         0.00
            4         1000        44.49        21.78        22.31         0.00
            8         1000        54.22        26.93        26.96         0.00
           16         1000        56.67        28.49        28.57         1.38
           32         1000        54.35        26.75        26.96         0.00
           64         1000        53.23        26.01        26.24         0.00
          128         1000        54.60        26.55        26.62         0.00
          256         1000        55.05        26.85        27.00         0.00
          512         1000        55.85        27.61        27.80         0.00
         1024         1000        58.28        29.12        29.06         0.00
         2048         1000        64.50        31.76        32.07         0.00
         4096         1000        77.35        37.91        38.05         0.00
         8192         1000        96.32        46.43        46.29         0.00
        16384         1000       133.78        63.81        64.28         0.00
        32768         1000       192.42        93.79        95.06         0.00
        65536          640       306.45       148.94       149.96         0.00
       131072          320       744.74       357.25       361.61         0.00
       262144          160       893.28       444.25       446.82         0.00
       524288           80      1356.09       682.52       689.67         2.34
      1048576           40      1970.37       981.63      1002.76         1.40
      2097152           20      3232.16      1627.30      1646.42         2.52
      4194304           10     10741.52      5344.01      5374.57         0.00

#-----------------------------------------------------------------------------
# Benchmarking Igather 
# #processes = 2 
# ( 2 additional processes waiting in MPI_Barrier)
#-----------------------------------------------------------------------------
       #bytes #repetitions t_ovrl[usec] t_pure[usec]  t_CPU[usec]   overlap[%]
            0         1000         9.61         5.09         4.45         0.00
            1         1000        21.39        12.08        12.06        22.81
            2         1000        20.30        10.88        10.93        13.86
            4         1000        21.08        11.66        11.74        19.78
            8         1000        20.32        11.00        10.93        14.65
           16         1000        27.07        14.15        14.50        10.90
           32         1000        26.15        14.22        14.53        17.96
           64         1000        25.50        13.81        14.11        17.15
          128         1000        26.17        13.88        14.14        13.16
          256         1000        26.35        13.99        14.57        15.15
          512         1000        27.21        14.95        15.23        19.52
         1024         1000        25.87        13.53        13.69         9.83
         2048         1000        27.04        13.82        14.05         5.84
         4096         1000        30.25        15.63        16.01         8.66
         8192         1000        32.55        16.82        17.19         8.50
        16384         1000        37.60        19.12        19.51         5.28
        32768         1000        46.81        23.89        24.22         5.39
        65536          640        66.12        33.94        34.42         6.54
       131072          320        98.51        51.43        51.87         9.24
       262144          160       152.07        82.81        83.39        16.95
       524288           80       400.36       198.10       199.58         0.00
      1048576           40       763.95       380.10       381.09         0.00
      2097152           20      1380.52       682.37       685.82         0.00
      4194304           10      2587.25      1309.66      1312.66         2.67

#-----------------------------------------------------------------------------
# Benchmarking Igather 
# #processes = 4 
#-----------------------------------------------------------------------------
       #bytes #repetitions t_ovrl[usec] t_pure[usec]  t_CPU[usec]   overlap[%]
            0         1000         9.81         5.23         4.42         0.00
            1         1000        30.31        15.90        15.96         9.76
            2         1000        30.74        16.14        15.97         8.46
            4         1000        30.81        16.17        16.37        10.61
            8         1000        41.58        20.76        21.10         1.29
           16         1000        42.05        20.27        20.73         0.00
           32         1000        41.15        20.25        20.74         0.00
           64         1000        40.31        19.80        19.89         0.00
          128         1000        40.69        19.96        20.24         0.00
          256         1000        40.74        20.27        20.69         1.08
          512         1000        41.82        20.85        21.06         0.43
         1024         1000        69.62        33.80        33.96         0.00
         2048         1000        73.41        35.71        35.96         0.00
         4096         1000        78.61        38.43        38.63         0.00
         8192         1000        85.63        41.78        42.16         0.00
        16384         1000       100.16        48.95        49.39         0.00
        32768         1000       128.65        63.04        64.11         0.00
        65536          640       273.50       120.23       122.93         0.00
       131072          320       435.18       226.40       227.09         8.06
       262144          160       771.14       380.47       384.48         0.00
       524288           80      1137.27       565.31       570.89         0.00
      1048576           40      1847.01       925.96       931.71         1.14
      2097152           20      6181.59      3082.93      3105.31         0.21
      4194304           10     22193.48     11183.31     11200.50         1.70

#-----------------------------------------------------------------------------
# Benchmarking Igatherv 
# #processes = 2 
# ( 2 additional processes waiting in MPI_Barrier)
#-----------------------------------------------------------------------------
       #bytes #repetitions t_ovrl[usec] t_pure[usec]  t_CPU[usec]   overlap[%]
            0         1000         9.32         5.01         4.07         0.00
            1         1000        18.38         9.34         9.33         3.11
            2         1000        18.32         9.39         9.33         4.23
            4         1000        18.38         9.31         9.40         3.50
            8         1000        18.32         9.31         9.35         3.68
           16         1000        23.43        11.96        12.15         5.62
           32         1000        23.51        11.97        12.12         4.77
           64         1000        23.34        11.92        12.08         5.40
          128         1000        23.81        12.13        12.50         6.55
          256         1000        23.58        12.88        13.28        19.40
          512         1000        24.37        12.43        12.49         4.36
         1024         1000        25.45        13.25        13.66        10.73
         2048         1000        25.19        12.78        12.90         3.83
         4096         1000        28.21        14.20        14.47         3.14
         8192         1000        31.46        15.89        16.03         2.86
        16384         1000        36.14        18.29        18.72         4.68
        32768         1000        46.41        23.80        24.19         6.53
        65536          640        65.61        33.53        33.88         5.27
       131072          320       107.38        54.08        54.70         2.57
       262144          160       164.17        82.81        83.40         2.45
       524288           80       448.47       245.76       246.47        17.76
      1048576           40       801.33       432.13       433.01        14.74
      2097152           20      1365.58       689.69       690.22         2.08
      4194304           10      2526.81      1267.00      1264.10         0.34

#-----------------------------------------------------------------------------
# Benchmarking Igatherv 
# #processes = 4 
#-----------------------------------------------------------------------------
       #bytes #repetitions t_ovrl[usec] t_pure[usec]  t_CPU[usec]   overlap[%]
            0         1000         9.34         5.06         4.05         0.00
            1         1000        26.98        12.73        12.88         0.00
            2         1000        26.91        12.77        12.86         0.00
            4         1000        26.47        12.48        12.44         0.00
            8         1000        26.92        12.66        12.86         0.00
           16         1000        29.59        14.80        14.79         0.02
           32         1000        29.88        14.81        14.91         0.00
           64         1000        29.07        14.33        14.47         0.00
          128         1000        30.39        15.09        15.23         0.00
          256         1000        29.77        14.79        14.87         0.00
          512         1000        30.47        15.18        15.23         0.00
         1024         1000        31.23        15.69        15.65         0.69
         2048         1000        32.92        16.41        16.68         1.01
         4096         1000        39.04        19.21        19.49         0.00
         8192         1000        45.63        22.69        22.96         0.10
        16384         1000        57.27        27.98        28.38         0.00
        32768         1000        82.62        41.22        41.34         0.00
        65536          640       141.83        70.16        70.92         0.00
       131072          320       297.46       147.10       147.66         0.00
       262144          160       259.64       133.80       134.23         6.25
       524288           80       559.42       279.64       280.38         0.22
      1048576           40      1044.77       533.70       535.50         4.56
      2097152           20      1934.49       991.44       990.77         4.81
      4194304           10      3809.14      1923.49      1916.50         1.60

#-----------------------------------------------------------------------------
# Benchmarking Iscatter 
# #processes = 2 
# ( 2 additional processes waiting in MPI_Barrier)
#-----------------------------------------------------------------------------
       #bytes #repetitions t_ovrl[usec] t_pure[usec]  t_CPU[usec]   overlap[%]
            0         1000         8.50         4.46         3.74         0.00
            1         1000        20.80        11.19        11.31        14.99
            2         1000        20.80        11.14        11.31        14.58
            4         1000        20.71        10.96        11.32        13.91
            8         1000        21.14        11.28        11.71        15.83
           16         1000        27.55        14.88        14.84        14.54
           32         1000        27.18        14.84        14.86        16.99
           64         1000        26.95        14.52        14.47        14.08
          128         1000        26.94        14.83        14.86        18.57
          256         1000        27.67        15.59        15.60        22.56
          512         1000        27.47        15.03        15.24        18.34
         1024         1000        28.72        15.37        15.68        14.83
         2048         1000        28.65        15.90        16.06        20.61
         4096         1000        31.42        17.68        17.53        21.48
         8192         1000        34.98        19.20        19.20        17.78
        16384         1000        39.91        21.76        21.89        17.09
        32768         1000        51.56        27.26        27.35        11.13
        65536          640        71.80        37.83        37.87        10.27
       131072          320       102.07        62.21        61.94        35.49
       262144          160       200.40       102.31       101.73         3.55
       524288           80       505.75       254.17       254.36         1.09
      1048576           40       862.16       431.82       431.54         0.28
      2097152           20      1452.47       725.29       728.60         0.19
      4194304           10      2658.75      1338.72      1334.40         1.07

#-----------------------------------------------------------------------------
# Benchmarking Iscatter 
# #processes = 4 
#-----------------------------------------------------------------------------
       #bytes #repetitions t_ovrl[usec] t_pure[usec]  t_CPU[usec]   overlap[%]
            0         1000         8.67         4.62         3.71         0.00
            1         1000        32.63        17.22        17.56        12.27
            2         1000        32.39        16.75        17.18         8.95
            4         1000        32.69        16.98        17.17         8.51
            8         1000        38.00        19.91        20.25        10.69
           16         1000        45.40        22.44        22.66         0.00
           32         1000        44.95        22.19        22.22         0.00
           64         1000        44.80        21.97        21.86         0.00
          128         1000        45.56        22.56        22.71         0.00
          256         1000        45.59        22.65        22.67         0.00
          512         1000        46.14        22.62        22.62         0.00
         1024         1000        46.64        23.61        23.36         1.40
         2048         1000        51.26        26.06        26.25         4.02
         4096         1000        56.71        28.64        28.54         1.64
         8192         1000        64.32        32.38        32.31         1.14
        16384         1000        77.94        39.03        39.01         0.24
        32768         1000       102.81        52.24        51.88         2.50
        65536          640       154.02        83.95        83.34        15.80
       131072          320       342.07       168.42       167.18         0.00
       262144          160       508.51       248.52       247.28         0.00
       524288           80       973.39       483.35       486.49         0.00
      1048576           40      4527.46      2294.53      2285.95         2.31
      2097152           20      2459.72      1223.34      1234.02         0.00
      4194304           10     75599.50     38418.87     37923.22         1.93

#-----------------------------------------------------------------------------
# Benchmarking Iscatterv 
# #processes = 2 
# ( 2 additional processes waiting in MPI_Barrier)
#-----------------------------------------------------------------------------
       #bytes #repetitions t_ovrl[usec] t_pure[usec]  t_CPU[usec]   overlap[%]
            0         1000         9.16         4.80         4.06         0.00
            1         1000        17.66         9.75        10.17        22.14
            2         1000        17.75         9.75        10.17        21.30
            4         1000        17.72         9.97        10.17        23.79
            8         1000        17.78        10.00        10.18        23.59
           16         1000        23.46        12.88        12.91        18.10
           32         1000        23.22        12.86        12.94        19.90
           64         1000        22.50        12.37        12.52        19.07
          128         1000        23.03        12.67        12.88        19.60
          256         1000        23.60        12.82        12.90        16.49
          512         1000        23.58        13.05        13.29        20.75
         1024         1000        24.24        13.76        13.61        22.78
         2048         1000        24.78        13.81        14.08        22.06
         4096         1000        27.77        15.53        15.63        21.69
         8192         1000        31.98        17.34        17.69        17.24
        16384         1000        36.27        19.92        19.91        17.87
        32768         1000        46.67        24.69        24.60        10.58
        65536          640        69.13        34.51        34.43         0.00
       131072          320       102.79        63.79        63.79        38.85
       262144          160       182.87        93.85        92.84         4.07
       524288           80       517.08       256.17       257.45         0.00
      1048576           40       915.61       471.09       472.44         5.91
      2097152           20      1464.49       727.08       727.14         0.00
      4194304           10      2631.52      1311.78      1308.20         0.00

#-----------------------------------------------------------------------------
# Benchmarking Iscatterv 
# #processes = 4 
#-----------------------------------------------------------------------------
       #bytes #repetitions t_ovrl[usec] t_pure[usec]  t_CPU[usec]   overlap[%]
            0         1000         9.38         5.04         4.05         0.00
            1         1000        22.07        10.81        10.97         0.00
            2         1000        22.11        10.77        10.98         0.00
            4         1000        22.34        10.80        11.02         0.00
            8         1000        22.24        10.79        10.95         0.00
           16         1000        29.95        14.96        15.26         1.78
           32         1000        29.43        15.09        15.25         5.97
           64         1000        28.67        14.62        14.86         5.45
          128         1000        28.64        14.75        14.85         6.46
          256         1000        30.59        15.53        15.65         3.79
          512         1000        30.92        15.98        16.02         6.72
         1024         1000        31.84        15.86        16.03         0.33
         2048         1000        33.12        16.73        16.85         2.74
         4096         1000        38.85        19.16        19.15         0.00
         8192         1000        50.58        25.05        24.99         0.00
        16384         1000        60.82        29.38        29.30         0.00
        32768         1000        91.67        46.42        45.99         1.59
        65536          640       141.10        71.51        70.89         1.82
       131072          320       171.30        97.67        97.13        24.06
       262144          160       380.28       209.83       208.81        18.28
       524288           80       803.56       391.35       391.55         0.00
      1048576           40      1321.67       657.76       667.52         0.54
      2097152           20      2274.55      1122.34      1128.27         0.00
      4194304           10      4141.66      2044.27      2071.48         0.00

#-----------------------------------------------------------------------------
# Benchmarking Ialltoall 
# #processes = 2 
# ( 2 additional processes waiting in MPI_Barrier)
#-----------------------------------------------------------------------------
       #bytes #repetitions t_ovrl[usec] t_pure[usec]  t_CPU[usec]   overlap[%]
            0         1000        48.43        24.07        24.25         0.00
            1         1000        25.94        12.82        12.90         0.00
            2         1000        26.00        12.68        12.98         0.00
            4         1000        26.29        12.87        13.30         0.00
            8         1000        26.29        12.84        13.29         0.00
           16         1000        31.92        15.73        16.05         0.00
           32         1000        31.41        15.44        15.63         0.00
           64         1000        31.32        15.15        15.69         0.00
          128         1000        31.88        15.66        16.00         0.00
          256         1000        31.96        15.77        16.03         0.00
          512         1000        32.24        15.93        16.03         0.00
         1024         1000        33.00        16.17        16.50         0.00
         2048         1000        33.93        16.63        16.90         0.00
         4096         1000        39.25        19.74        19.98         2.39
         8192         1000        46.36        22.62        23.14         0.00
        16384         1000        56.07        27.33        27.46         0.00
        32768         1000        74.58        36.72        37.18         0.00
        65536          640       110.57        54.56        54.83         0.00
       131072          320       165.33        81.26        81.90         0.00
       262144          160       233.20        95.21        96.35         0.00
       524288           80       631.54       314.17       318.41         0.32
      1048576           40       971.33       480.75       492.84         0.46
      2097152           20      1531.82       769.64       777.57         1.98
      4194304           10      2696.01      1338.51      1353.72         0.00

#-----------------------------------------------------------------------------
# Benchmarking Ialltoall 
# #processes = 4 
#-----------------------------------------------------------------------------
       #bytes #repetitions t_ovrl[usec] t_pure[usec]  t_CPU[usec]   overlap[%]
            0         1000        46.20        22.58        23.02         0.00
            1         1000        47.22        22.92        23.46         0.00
            2         1000        40.38        19.83        20.29         0.00
            4         1000        40.76        20.35        20.71         1.44
            8         1000        40.32        19.88        20.33         0.00
           16         1000        48.06        23.43        23.82         0.00
           32         1000        47.89        23.49        23.89         0.00
           64         1000        46.87        22.96        23.46         0.00
          128         1000        49.18        23.42        23.92         0.00
          256         1000        48.52        23.55        23.94         0.00
          512         1000        50.26        24.07        24.69         0.00
         1024         1000        50.61        24.98        25.42         0.00
         2048         1000        54.40        26.68        27.04         0.00
         4096         1000        66.46        32.80        32.92         0.00
         8192         1000        83.19        40.90        41.24         0.00
        16384         1000       105.39        51.34        51.70         0.00
        32768         1000       165.92        80.52        82.11         0.00
        65536          640       326.48       159.99       163.34         0.00
       131072          320       555.79       276.06       276.71         0.00
       262144          160       552.56       298.55       301.03        15.62
       524288           80      1005.83       512.92       518.13         4.87
      1048576           40      1606.82       811.73       819.39         2.96
      2097152           20      2842.59      1434.09      1450.54         2.90
      4194304           10      8843.21      4327.87      4371.29         0.00

#-----------------------------------------------------------------------------
# Benchmarking Ialltoallv 
# #processes = 2 
# ( 2 additional processes waiting in MPI_Barrier)
#-----------------------------------------------------------------------------
       #bytes #repetitions t_ovrl[usec] t_pure[usec]  t_CPU[usec]   overlap[%]
            0         1000         9.95         5.22         4.43         0.00
            1         1000        27.33        13.22        13.68         0.00
            2         1000        27.38        13.23        13.71         0.00
            4         1000        26.95        13.19        13.31         0.00
            8         1000        27.29        13.30        13.69         0.00
           16         1000        32.91        15.96        16.40         0.00
           32         1000        33.05        16.06        16.41         0.00
           64         1000        32.22        15.72        16.06         0.00
          128         1000        33.08        16.01        16.46         0.00
          256         1000        33.13        16.25        16.43         0.00
          512         1000        33.77        16.37        16.86         0.00
         1024         1000        34.11        16.56        16.84         0.00
         2048         1000        35.35        17.17        17.68         0.00
         4096         1000        39.85        19.60        20.04         0.00
         8192         1000        47.01        23.09        23.63         0.00
        16384         1000        56.82        27.82        28.37         0.00
        32768         1000        75.21        36.87        37.46         0.00
        65536          640       109.91        53.77        54.76         0.00
       131072          320       161.29        79.19        79.56         0.00
       262144          160       199.14        96.33        95.75         0.00
       524288           80       605.29       307.44       313.12         4.88
      1048576           40       925.02       459.73       461.16         0.00
      2097152           20      1577.97       794.84       801.56         2.30
      4194304           10      2709.79      1362.99      1364.49         1.30

#-----------------------------------------------------------------------------
# Benchmarking Ialltoallv 
# #processes = 4 
#-----------------------------------------------------------------------------
       #bytes #repetitions t_ovrl[usec] t_pure[usec]  t_CPU[usec]   overlap[%]
            0         1000        10.58         5.44         4.80         0.00
            1         1000        39.71        19.43        19.93         0.00
            2         1000        39.79        19.59        19.90         0.00
            4         1000        39.80        19.52        19.98         0.00
            8         1000        39.93        19.89        20.31         1.32
           16         1000        48.11        23.32        23.86         0.00
           32         1000        47.40        23.20        23.59         0.00
           64         1000        47.28        23.34        23.47         0.00
          128         1000        48.27        23.72        23.83         0.00
          256         1000        48.10        23.37        23.93         0.00
          512         1000        48.66        24.00        24.20         0.00
         1024         1000        50.66        25.05        25.07         0.00
         2048         1000        54.44        26.85        27.45         0.00
         4096         1000        64.93        31.68        32.20         0.00
         8192         1000        82.26        40.20        40.45         0.00
        16384         1000       105.14        51.55        51.60         0.00
        32768         1000       163.27        79.99        80.10         0.00
        65536          640       324.90       158.33       161.44         0.00
       131072          320       564.25       279.76       283.81         0.00
       262144          160       548.43       290.46       292.31        11.75
       524288           80      1030.91       530.77       535.15         6.54
      1048576           40      1616.79       831.91       840.91         6.66
      2097152           20      2787.41      1418.77      1433.13         4.50
      4194304           10      8633.21      4354.33      4394.17         2.62

#-----------------------------------------------------------------------------
# Benchmarking Ireduce 
# #processes = 2 
# ( 2 additional processes waiting in MPI_Barrier)
#-----------------------------------------------------------------------------
       #bytes #repetitions t_ovrl[usec] t_pure[usec]  t_CPU[usec]   overlap[%]
            0         1000        10.04         5.36         4.46         0.00
            4         1000        25.23        13.11        13.26         8.60
            8         1000        24.88        12.92        12.94         7.62
           16         1000        30.24        15.74        16.00         9.43
           32         1000        30.49        15.01        15.28         0.00
           64         1000        29.45        15.00        15.24         5.14
          128         1000        29.80        14.62        14.89         0.00
          256         1000        29.90        14.70        14.89         0.00
          512         1000        30.26        15.60        16.02         8.50
         1024         1000        30.63        15.11        15.33         0.00
         2048         1000        31.28        15.58        15.68         0.00
         4096         1000        59.30        28.13        28.32         0.00
         8192         1000        67.27        32.36        32.60         0.00
        16384         1000        46.53        24.37        24.42         9.29
        32768         1000        60.70        31.91        32.12        10.37
        65536          640        87.47        47.22        47.17        14.67
       131072          320       214.20       103.59       105.75         0.00
       262144          160       608.37       264.84       265.11         0.00
       524288           80      1142.49       578.51       588.96         4.24
      1048576           40      1720.88       819.57       816.80         0.00
      2097152           20      2691.28      1316.80      1315.93         0.00
      4194304           10      4691.48      2349.95      2380.13         1.62

#-----------------------------------------------------------------------------
# Benchmarking Ireduce 
# #processes = 4 
#-----------------------------------------------------------------------------
       #bytes #repetitions t_ovrl[usec] t_pure[usec]  t_CPU[usec]   overlap[%]
            0         1000        10.60         5.44         4.83         0.00
            4         1000        34.05        19.12        19.20        22.30
            8         1000        33.59        18.78        18.73        20.85
           16         1000        40.32        22.73        23.00        23.49
           32         1000        40.46        22.77        23.15        23.57
           64         1000        39.03        21.74        21.82        20.77
          128         1000        39.46        22.00        22.25        21.57
          256         1000        39.53        22.25        22.65        23.72
          512         1000        41.16        23.33        23.75        24.92
         1024         1000        36.82        17.79        18.03         0.00
         2048         1000        38.20        21.27        21.49        21.21
         4096         1000        44.37        25.17        25.06        23.29
         8192         1000        57.58        33.34        33.68        28.02
        16384         1000        71.77        41.71        41.78        28.06
        32768         1000        95.95        56.95        56.44        30.63
        65536          640       144.35        87.47        87.59        35.07
       131072          320       327.88       164.16       167.09         2.02
       262144          160       817.37       418.62       424.98         6.17
       524288           80      1636.09       836.73       846.55         5.57
      1048576           40      2355.62      1207.45      1223.44         6.15
      2097152           20      5560.23      2101.03      2118.28         0.00
      4194304           10     11892.25      4274.27      4316.00         0.00

#-----------------------------------------------------------------------------
# Benchmarking Ireduce_scatter 
# #processes = 2 
# ( 2 additional processes waiting in MPI_Barrier)
#-----------------------------------------------------------------------------
       #bytes #repetitions t_ovrl[usec] t_pure[usec]  t_CPU[usec]   overlap[%]
            0            1         6.911512060696896196.00         0.95       100.00
            4            1        16.931512060696896781.00         1.19       100.00
            8            1        16.931512060696897109.00         1.19       100.00
           16            1        17.171512060696897241.00         0.00       100.00
           32            1        27.891512060696897677.00         3.81       100.00
           64            1        20.031512060696897970.00         0.00       100.00
          128            1        20.031512060696898244.25         0.95       100.00
          256            1        20.981512060696898366.00         1.19       100.00
          512            1        20.031512060696898792.00         0.95       100.00
         1024            1        20.031512060696899064.00         0.00       100.00
         2048            1        20.031512060696899349.00         0.95       100.00
         4096            1        20.981512060696899631.00         0.00       100.00
         8192            1        24.081512060696899934.75         0.95       100.00
        16384            1        28.131512060696900129.00         0.00       100.00
        32768            1        33.861512060696900757.00         0.00       100.00
        65536            1        46.971512060696901388.00         1.19       100.00
       131072            1        79.871512060696902140.25         0.95       100.00
       262144            1       208.851512060696903815.00         0.95       100.00
       524288            1       341.891512060696907334.00         0.95       100.00
      1048576            1       607.971512060696912883.00         1.91       100.00
      2097152            1       858.071512060696922011.00         1.91       100.00
      4194304            1      6037.001512060696950430.00         3.10       100.00

#-----------------------------------------------------------------------------
# Benchmarking Ireduce_scatter 
# #processes = 4 
#-----------------------------------------------------------------------------
       #bytes #repetitions t_ovrl[usec] t_pure[usec]  t_CPU[usec]   overlap[%]
            0            1         5.961512060696957328.00         0.95       100.00
            4            1        22.171512060696957920.00         0.95       100.00
            8            1        25.031512060696958264.00         1.19       100.00
           16            1        26.941512060696958678.00         0.95       100.00
           32            1        30.991512060696958803.00         0.95       100.00
           64            1        52.931512060696959501.00         0.00       100.00
          128            1        31.951512060696959805.00         0.00       100.00
          256            1        54.121512060696960427.00         0.00       100.00
          512            1        86.071512060696960935.00         0.00       100.00
         1024            1        54.121512060696961522.00         1.19       100.00
         2048            1        56.031512060696962007.00         1.19       100.00
         4096            1        57.941512060696962439.00         0.95       100.00
         8192            1        67.001512060696962982.00         1.19       100.00
        16384            1       118.021512060696963682.00         0.95       100.00
        32768            1       107.051512060696964627.00         0.95       100.00
        65536            1       171.901512060696966113.00         0.95       100.00
       131072            1       375.031512060696968161.00         0.95       100.00
       262144            1       752.931512060696971712.00         2.15       100.00
       524288            1       556.951512060696975786.00         0.95       100.00
      1048576            1       768.901512060696982480.00         0.95       100.00
      2097152            1      1291.041512060696992944.00         2.15       100.00
      4194304            1      2159.121512060697011219.75         3.10       100.00

#-----------------------------------------------------------------------------
# Benchmarking Iallreduce 
# #processes = 2 
# ( 2 additional processes waiting in MPI_Barrier)
#-----------------------------------------------------------------------------
       #bytes #repetitions t_ovrl[usec] t_pure[usec]  t_CPU[usec]   overlap[%]
            0         1000        31.16        15.49        15.69         0.14
            4         1000        32.13        15.93        16.04         0.00
            8         1000        32.16        15.85        16.11         0.00
           16         1000        37.40        18.32        18.78         0.00
           32         1000        37.45        18.33        18.79         0.00
           64         1000        36.87        18.24        18.38         0.00
          128         1000        37.47        18.38        18.81         0.00
          256         1000        37.91        18.62        18.98         0.00
          512         1000        38.22        18.86        19.21         0.00
         1024         1000        39.31        19.36        19.54         0.00
         2048         1000        39.86        19.69        19.96         0.00
         4096         1000        45.17        22.20        22.71         0.00
         8192         1000        72.23        35.79        36.60         0.44
        16384         1000        68.02        33.48        34.27         0.00
        32768         1000       110.07        53.33        53.46         0.00
        65536          640       155.27        75.89        75.77         0.00
       131072          320       243.97       120.80       121.97         0.00
       262144          160       570.71       289.64       293.76         4.32
       524288           80      1140.35       574.01       582.94         2.85
      1048576           40      1737.09       863.13       874.25         0.03
      2097152           20      2685.88      1345.59      1344.13         0.29
      4194304           10      4372.91      2183.08      2182.32         0.00

#-----------------------------------------------------------------------------
# Benchmarking Iallreduce 
# #processes = 4 
#-----------------------------------------------------------------------------
       #bytes #repetitions t_ovrl[usec] t_pure[usec]  t_CPU[usec]   overlap[%]
            0         1000        67.04        33.06        33.61         0.00
            4         1000        45.44        22.16        22.75         0.00
            8         1000        45.04        22.12        22.30         0.00
           16         1000        57.54        27.78        28.42         0.00
           32         1000        57.05        28.00        28.55         0.00
           64         1000        55.80        27.38        27.75         0.00
          128         1000        56.60        27.49        27.38         0.00
          256         1000        58.18        28.01        28.53         0.00
          512         1000        58.26        28.70        28.84         0.00
         1024         1000        61.83        31.37        31.24         2.52
         2048         1000        62.03        30.36        30.48         0.00
         4096         1000        72.49        35.76        36.46         0.00
         8192         1000        88.46        43.32        44.06         0.00
        16384         1000       113.88        55.19        56.30         0.00
        32768         1000       162.04        78.23        78.35         0.00
        65536          640       255.18       123.73       125.57         0.00
       131072          320       397.93       191.35       190.79         0.00
       262144          160       947.01       475.02       482.35         2.15
       524288           80      1922.66       949.60       965.45         0.00
      1048576           40      2995.52      1497.55      1517.00         1.25
      2097152           20     14111.73      7042.56      7065.70         0.00
      4194304           10     24946.02     12496.47     12502.41         0.42

#----------------------------------------------------------------
# Benchmarking Ibarrier 
# #processes = 2 
# ( 2 additional processes waiting in MPI_Barrier)
#----------------------------------------------------------------
 #repetitions t_ovrl[usec] t_pure[usec]  t_CPU[usec]   overlap[%]
         1000        20.97         9.50         9.84         0.00

#----------------------------------------------------------------
# Benchmarking Ibarrier 
# #processes = 4 
#----------------------------------------------------------------
 #repetitions t_ovrl[usec] t_pure[usec]  t_CPU[usec]   overlap[%]
         1000        30.90        14.39        14.91         0.00


# All processes entering MPI_Finalize

