#------------------------------------------------------------
#    Intel (R) MPI Benchmarks 2018 Update 1, MPI-NBC part  
#------------------------------------------------------------
# Date                  : Thu Nov 30 17:06:02 2017
# Machine               : x86_64
# System                : Linux
# Release               : 4.4.74-92.35-default
# Version               : #1 SMP Mon Aug 7 18:24:48 UTC 2017 (c0fdc47)
# MPI Version           : 3.1
# MPI Thread Environment: 


# Calling sequence was: 

# ./IMB-NBC

# Minimum message length in bytes:   0
# Maximum message length in bytes:   4194304
#
# MPI_Datatype                   :   MPI_BYTE 
# MPI_Datatype for reductions    :   MPI_FLOAT
# MPI_Op                         :   MPI_SUM  
#
#

# List of Benchmarks to run:

# Ibcast
# Iallgather
# Iallgatherv
# Igather
# Igatherv
# Iscatter
# Iscatterv
# Ialltoall
# Ialltoallv
# Ireduce
# Ireduce_scatter
# Iallreduce
# Ibarrier

#-----------------------------------------------------------------------------
# Benchmarking Ibcast 
# #processes = 1 
#-----------------------------------------------------------------------------
       #bytes #repetitions t_ovrl[usec] t_pure[usec]  t_CPU[usec]   overlap[%]
            0         1000         3.41         1.94         1.27         0.00
            1         1000         3.36         1.94         1.14         0.00
            2         1000         3.56         1.96         1.38         0.00
            4         1000         3.63         1.96         1.41         0.00
            8         1000         3.57         1.95         1.38         0.00
           16         1000         3.33         1.94         1.15         0.00
           32         1000         3.29         1.94         1.16         0.00
           64         1000         3.55         1.95         1.38         0.00
          128         1000         3.25         1.94         1.13         0.00
          256         1000         3.23         1.91         1.13         0.00
          512         1000         3.59         1.95         1.37         0.00
         1024         1000         3.28         1.93         1.13         0.00
         2048         1000         3.58         2.03         1.38         0.00
         4096         1000         3.66         2.05         1.38         0.00
         8192         1000         3.66         2.02         1.38         0.00
        16384         1000         3.68         2.04         1.37         0.00
        32768         1000         3.62         2.04         1.35         0.00
        65536          640         3.84         2.09         1.40         0.00
       131072          320         3.84         2.19         1.37         0.00
       262144          160         3.55         1.95         1.37         0.00
       524288           80         3.55         1.98         1.37         0.00
      1048576           40         3.57         2.01         1.37         0.00
      2097152           20         3.71         2.15         1.47         0.00
      4194304           10         3.62         2.29         1.62        12.50

#-----------------------------------------------------------------------------
# Benchmarking Iallgather 
# #processes = 1 
#-----------------------------------------------------------------------------
       #bytes #repetitions t_ovrl[usec] t_pure[usec]  t_CPU[usec]   overlap[%]
            0         1000         3.14         1.83         1.10         0.00
            1         1000         4.38         2.38         1.65         0.00
            2         1000         3.92         2.30         1.38         0.00
            4         1000         4.44         2.46         1.66         0.00
            8         1000         4.29         2.34         1.64         0.00
           16         1000         4.27         2.45         1.66         0.00
           32         1000         4.40         2.35         1.64         0.00
           64         1000         4.33         2.37         1.64         0.00
          128         1000         4.38         2.41         1.67         0.00
          256         1000         4.56         2.43         1.66         0.00
          512         1000         4.49         2.42         1.67         0.00
         1024         1000         4.48         2.50         1.63         0.00
         2048         1000         4.68         2.56         1.65         0.00
         4096         1000         5.11         2.86         2.02         0.00
         8192         1000         5.23         3.08         1.99         0.00
        16384         1000         6.69         3.70         2.78         0.00
        32768         1000         8.35         4.58         3.54         0.00
        65536          640        14.56         7.04         7.34         0.00
       131072          320        21.05        10.38        10.42         0.00
       262144          160        34.15        17.09        17.22         0.89
       524288           80       149.89        73.51        74.61         0.00
      1048576           40       433.19       213.10       215.94         0.00
      2097152           20       844.59       418.03       422.35         0.00
      4194304           10      1666.71       822.16       834.58         0.00

#-----------------------------------------------------------------------------
# Benchmarking Iallgatherv 
# #processes = 1 
#-----------------------------------------------------------------------------
       #bytes #repetitions t_ovrl[usec] t_pure[usec]  t_CPU[usec]   overlap[%]
            0         1000         3.31         1.93         1.13         0.00
            1         1000         4.69         2.67         1.67         0.00
            2         1000         5.06         2.73         2.00         0.00
            4         1000         4.98         2.74         2.01         0.00
            8         1000         4.77         2.63         1.64         0.00
           16         1000         4.69         2.69         1.63         0.00
           32         1000         4.79         2.63         1.61         0.00
           64         1000         4.74         2.64         1.62         0.00
          128         1000         4.77         2.63         1.65         0.00
          256         1000         4.71         2.68         1.65         0.00
          512         1000         4.83         2.71         1.65         0.00
         1024         1000         4.73         2.69         1.65         0.00
         2048         1000         5.22         2.74         2.01         0.00
         4096         1000         5.87         3.12         2.37         0.00
         8192         1000         5.98         3.17         2.37         0.00
        16384         1000         7.41         3.96         3.17         0.00
        32768         1000         8.96         4.78         3.96         0.00
        65536          640        13.34         6.42         6.58         0.00
       131072          320        20.06         9.90        10.07         0.00
       262144          160        33.03        16.03        16.49         0.00
       524288           80       158.50        78.73        79.54         0.00
      1048576           40       433.24       215.91       217.44         0.05
      2097152           20       850.31       419.86       424.81         0.00
      4194304           10      1659.94       823.88       827.19         0.00

#-----------------------------------------------------------------------------
# Benchmarking Igather 
# #processes = 1 
#-----------------------------------------------------------------------------
       #bytes #repetitions t_ovrl[usec] t_pure[usec]  t_CPU[usec]   overlap[%]
            0         1000         3.48         1.95         1.36         0.00
            1         1000         3.82         2.16         1.38         0.00
            2         1000         3.70         2.23         1.38         0.00
            4         1000         3.73         2.22         1.36         0.00
            8         1000         3.89         2.20         1.40         0.00
           16         1000         3.83         2.25         1.38         0.00
           32         1000         3.90         2.25         1.37         0.00
           64         1000         3.81         2.30         1.38         0.00
          128         1000         4.26         2.34         1.64         0.00
          256         1000         4.00         2.28         1.39         0.00
          512         1000         4.24         2.36         1.67         0.00
         1024         1000         4.31         2.41         1.64         0.00
         2048         1000         4.26         2.40         1.67         0.00
         4096         1000         5.12         2.84         2.00         0.00
         8192         1000         5.21         2.91         2.00         0.00
        16384         1000         6.70         3.69         2.77         0.00
        32768         1000         8.25         4.52         3.55         0.00
        65536          640        12.56         6.16         6.20         0.00
       131072          320        19.39         9.48         9.69         0.00
       262144          160        32.70        15.99        16.40         0.00
       524288           80       151.93        74.41        75.74         0.00
      1048576           40       435.16       215.07       218.05         0.00
      2097152           20       844.96       418.53       422.99         0.00
      4194304           10      1662.80       824.43       831.87         0.00

#-----------------------------------------------------------------------------
# Benchmarking Igatherv 
# #processes = 1 
#-----------------------------------------------------------------------------
       #bytes #repetitions t_ovrl[usec] t_pure[usec]  t_CPU[usec]   overlap[%]
            0         1000         3.59         2.03         1.40         0.00
            1         1000         3.80         2.24         1.37         0.00
            2         1000         3.95         2.25         1.37         0.00
            4         1000         3.82         2.20         1.37         0.00
            8         1000         3.81         2.24         1.39         0.00
           16         1000         3.86         2.26         1.37         0.00
           32         1000         3.89         2.28         1.40         0.00
           64         1000         3.88         2.20         1.38         0.00
          128         1000         3.96         2.32         1.41         0.00
          256         1000         3.86         2.20         1.37         0.00
          512         1000         3.91         2.32         1.38         0.00
         1024         1000         4.06         2.31         1.36         0.00
         2048         1000         4.29         2.35         1.67         0.00
         4096         1000         4.27         2.60         1.67         0.00
         8192         1000         4.45         2.65         1.66         0.00
        16384         1000         5.87         3.41         2.41         0.00
        32768         1000         7.90         4.30         3.53         0.00
        65536          640        11.94         5.90         5.90         0.00
       131072          320        18.47         9.21         9.34         0.81
       262144          160        31.89        15.58        16.05         0.00
       524288           80       146.87        72.34        73.98         0.00
      1048576           40       426.05       211.79       214.58         0.15
      2097152           20       857.59       416.72       433.66         0.00
      4194304           10      1662.73       822.23       830.65         0.00

#-----------------------------------------------------------------------------
# Benchmarking Iscatter 
# #processes = 1 
#-----------------------------------------------------------------------------
       #bytes #repetitions t_ovrl[usec] t_pure[usec]  t_CPU[usec]   overlap[%]
            0         1000         3.12         1.82         1.11         0.00
            1         1000         6.00         3.34         2.39         0.00
            2         1000         5.95         3.34         2.37         0.00
            4         1000         5.97         3.25         2.39         0.00
            8         1000         6.01         3.29         2.40         0.00
           16         1000         5.85         3.24         2.37         0.00
           32         1000         6.01         3.24         2.37         0.00
           64         1000         5.95         3.33         2.37         0.00
          128         1000         6.42         3.34         2.38         0.00
          256         1000         6.43         3.31         2.40         0.00
          512         1000         6.44         3.36         2.39         0.00
         1024         1000         6.40         3.40         2.39         0.00
         2048         1000         6.43         3.39         2.39         0.00
         4096         1000         6.70         3.54         2.82         0.00
         8192         1000         6.83         3.78         2.80         0.00
        16384         1000         8.15         4.33         3.55         0.00
        32768         1000         9.84         5.24         4.33         0.00
        65536          640        14.09         6.88         7.00         0.00
       131072          320        20.34        10.11        10.04         0.00
       262144          160        34.07        16.50        16.69         0.00
       524288           80       157.91        78.02        79.26         0.00
      1048576           40       451.58       215.05       222.20         0.00
      2097152           20       864.95       429.75       435.51         0.07
      4194304           10      1702.33       829.46       857.02         0.00

#-----------------------------------------------------------------------------
# Benchmarking Iscatterv 
# #processes = 1 
#-----------------------------------------------------------------------------
       #bytes #repetitions t_ovrl[usec] t_pure[usec]  t_CPU[usec]   overlap[%]
            0         1000         3.62         1.97         1.39         0.00
            1         1000         4.07         2.30         1.40         0.00
            2         1000         3.99         2.31         1.38         0.00
            4         1000         4.00         2.31         1.38         0.00
            8         1000         4.01         2.30         1.39         0.00
           16         1000         4.28         2.34         1.66         0.00
           32         1000         3.91         2.31         1.38         0.00
           64         1000         4.04         2.28         1.38         0.00
          128         1000         4.34         2.38         1.66         0.00
          256         1000         4.56         2.35         1.67         0.00
          512         1000         4.56         2.37         1.70         0.00
         1024         1000         4.11         2.27         1.40         0.00
         2048         1000         4.49         2.44         1.68         0.00
         4096         1000         4.65         2.64         1.66         0.00
         8192         1000         4.73         2.72         1.67         0.00
        16384         1000         6.06         3.32         2.44         0.00
        32768         1000         8.07         4.36         3.56         0.00
        65536          640        12.43         6.05         6.18         0.00
       131072          320        19.28         9.43         9.73         0.00
       262144          160        32.22        16.03        16.37         1.08
       524288           80       148.53        72.67        74.19         0.00
      1048576           40       438.43       211.61       217.30         0.00
      2097152           20       848.52       417.70       420.50         0.00
      4194304           10      1660.04       823.45       826.41         0.00

#-----------------------------------------------------------------------------
# Benchmarking Ialltoall 
# #processes = 1 
#-----------------------------------------------------------------------------
       #bytes #repetitions t_ovrl[usec] t_pure[usec]  t_CPU[usec]   overlap[%]
            0         1000         8.17         4.46         3.60         0.00
            1         1000         4.52         2.48         1.68         0.00
            2         1000         4.43         2.45         1.67         0.00
            4         1000         4.45         2.50         1.67         0.00
            8         1000         4.51         2.50         1.67         0.00
           16         1000         4.49         2.52         1.69         0.00
           32         1000         4.45         2.56         1.67         0.00
           64         1000         4.50         2.53         1.66         0.00
          128         1000         4.51         2.57         1.68         0.00
          256         1000         4.50         2.53         1.69         0.00
          512         1000         4.51         2.66         1.67         0.00
         1024         1000         4.60         2.56         1.68         0.00
         2048         1000         4.62         2.55         1.67         0.00
         4096         1000         4.76         2.65         1.69         0.00
         8192         1000         5.17         2.80         2.04         0.00
        16384         1000         6.18         3.50         2.42         0.00
        32768         1000         8.26         4.41         3.57         0.00
        65536          640        12.52         6.01         6.24         0.00
       131072          320        19.87         9.35         9.97         0.00
       262144          160        32.20        16.00        16.39         1.18
       524288           80       156.79        76.49        79.50         0.00
      1048576           40       435.52       216.39       220.28         0.52
      2097152           20       845.27       418.56       423.43         0.00
      4194304           10      1658.49       823.43       826.26         0.00

#-----------------------------------------------------------------------------
# Benchmarking Ialltoallv 
# #processes = 1 
#-----------------------------------------------------------------------------
       #bytes #repetitions t_ovrl[usec] t_pure[usec]  t_CPU[usec]   overlap[%]
            0         1000         3.64         1.98         1.40         0.00
            1         1000         7.48         4.28         3.18         0.00
            2         1000         7.48         4.16         3.23         0.00
            4         1000         7.60         4.24         3.17         0.00
            8         1000         7.57         4.17         3.21         0.00
           16         1000         7.57         4.23         3.19         0.00
           32         1000         7.48         4.18         3.22         0.00
           64         1000         7.59         4.17         3.24         0.00
          128         1000         8.06         4.31         3.58         0.00
          256         1000         8.33         4.54         3.62         0.00
          512         1000         8.13         4.43         3.64         0.00
         1024         1000         8.21         4.31         3.59         0.00
         2048         1000         8.15         4.53         3.59         0.00
         4096         1000         8.93         4.72         3.97         0.00
         8192         1000         9.03         4.76         3.99         0.00
        16384         1000        10.52         5.45         4.80         0.00
        32768         1000        13.23         6.39         6.61         0.00
        65536          640        16.23         7.99         8.16         0.00
       131072          320        22.66        11.25        11.23         0.00
       262144          160        36.07        17.54        17.88         0.00
       524288           80       168.83        82.27        83.59         0.00
      1048576           40       444.92       220.64       225.60         0.59
      2097152           20       859.82       425.37       429.95         0.00
      4194304           10      1809.81       832.27       863.41         0.00

#-----------------------------------------------------------------------------
# Benchmarking Ireduce 
# #processes = 1 
#-----------------------------------------------------------------------------
       #bytes #repetitions t_ovrl[usec] t_pure[usec]  t_CPU[usec]   overlap[%]
            0         1000         3.86         2.07         1.41         0.00
            4         1000         6.84         3.81         2.83         0.00
            8         1000         6.82         3.74         2.84         0.00
           16         1000         6.97         3.82         2.85         0.00
           32         1000         7.01         3.82         2.90         0.00
           64         1000         7.39         3.97         3.23         0.00
          128         1000         7.23         3.59         2.87         0.00
          256         1000         7.29         3.65         2.87         0.00
          512         1000         7.22         3.61         2.88         0.00
         1024         1000         6.67         3.36         2.46         0.00
         2048         1000         6.63         3.34         2.47         0.00
         4096         1000         9.41         4.80         4.04         0.00
         8192         1000         9.58         4.95         4.06         0.00
        16384         1000         8.24         4.62         3.62         0.09
        32768         1000        10.27         5.52         4.80         0.96
        65536          640        14.37         6.99         7.01         0.00
       131072          320        23.68        11.52        11.73         0.00
       262144          160        36.91        18.14        18.40         0.00
       524288           80       168.08        82.38        83.50         0.00
      1048576           40       451.13       222.25       225.43         0.00
      2097152           20       869.37       430.36       434.83         0.00
      4194304           10      1679.16       833.37       836.61         0.00

#-----------------------------------------------------------------------------
# Benchmarking Ireduce_scatter 
# #processes = 1 
#-----------------------------------------------------------------------------
       #bytes #repetitions t_ovrl[usec] t_pure[usec]  t_CPU[usec]   overlap[%]
            0            1         1.911512057967835556.00         0.00       100.00
            4            1         5.961512057967835833.00         1.19       100.00
            8            1         5.011512057967835903.00         0.00       100.00
           16            1         5.011512057967835980.00         0.00       100.00
           32            1         5.961512057967836054.00         1.19       100.00
           64            1         5.011512057967836122.00         0.00       100.00
          128            1         5.961512057967836197.25         0.00       100.00
          256            1         6.201512057967836273.00         0.00       100.00
          512            1         5.961512057967836347.00         0.00       100.00
         1024            1         5.961512057967836422.00         0.00       100.00
         2048            1         5.961512057967836500.00         0.95       100.00
         4096            1        25.991512057967836585.00         0.00       100.00
         8192            1         5.961512057967836701.25         0.00       100.00
        16384            1         7.151512057967836822.00         0.00       100.00
        32768            1         6.911512057967836982.00         0.00       100.00
        65536            1         8.821512057967837230.00         0.95       100.00
       131072            1        12.871512057967837654.00         0.95       100.00
       262144            1        28.131512057967838464.00         0.00       100.00
       524288            1       100.851512057967840115.00         1.19       100.00
      1048576            1       222.211512057967843413.00         1.91       100.00
      2097152            1       422.001512057967849823.00         0.95       100.00
      4194304            1       823.021512057967862257.00         2.15       100.00

#-----------------------------------------------------------------------------
# Benchmarking Iallreduce 
# #processes = 1 
#-----------------------------------------------------------------------------
       #bytes #repetitions t_ovrl[usec] t_pure[usec]  t_CPU[usec]   overlap[%]
            0         1000         5.79         3.18         2.41         0.00
            4         1000         6.37         3.33         2.43         0.00
            8         1000         6.57         3.30         2.43         0.00
           16         1000         6.40         3.23         2.43         0.00
           32         1000         6.33         3.26         2.43         0.00
           64         1000         6.18         3.43         2.42         0.00
          128         1000         7.40         3.92         3.22         0.00
          256         1000         6.99         3.80         2.82         0.00
          512         1000         6.73         3.68         2.84         0.00
         1024         1000         6.85         3.72         2.84         0.00
         2048         1000         6.93         3.85         2.85         0.00
         4096         1000         7.32         3.99         3.22         0.00
         8192         1000         9.30         4.99         4.01         0.00
        16384         1000         9.02         4.78         4.01         0.00
        32768         1000        13.50         6.59         6.62         0.00
        65536          640        17.18         8.20         8.59         0.00
       131072          320        23.46        11.57        11.67         0.00
       262144          160        34.61        17.04        17.20         0.00
       524288           80       165.87        81.01        81.69         0.00
      1048576           40       447.93       219.62       223.03         0.00
      2097152           20       866.10       427.75       433.12         0.00
      4194304           10      1676.82       830.13       837.99         0.00

#----------------------------------------------------------------
# Benchmarking Ibarrier 
# #processes = 1 
#----------------------------------------------------------------
 #repetitions t_ovrl[usec] t_pure[usec]  t_CPU[usec]   overlap[%]
         1000         0.69         0.14         0.41         0.00


# All processes entering MPI_Finalize

