#------------------------------------------------------------
#    Intel (R) MPI Benchmarks 2018 Update 1, MPI-NBC part  
#------------------------------------------------------------
# Date                  : Thu Nov 30 17:04:33 2017
# Machine               : x86_64
# System                : Linux
# Release               : 4.4.74-92.35-default
# Version               : #1 SMP Mon Aug 7 18:24:48 UTC 2017 (c0fdc47)
# MPI Version           : 3.1
# MPI Thread Environment: 


# Calling sequence was: 

# ./IMB-NBC

# Minimum message length in bytes:   0
# Maximum message length in bytes:   4194304
#
# MPI_Datatype                   :   MPI_BYTE 
# MPI_Datatype for reductions    :   MPI_FLOAT
# MPI_Op                         :   MPI_SUM  
#
#

# List of Benchmarks to run:

# Ibcast
# Iallgather
# Iallgatherv
# Igather
# Igatherv
# Iscatter
# Iscatterv
# Ialltoall
# Ialltoallv
# Ireduce
# Ireduce_scatter
# Iallreduce
# Ibarrier

#-----------------------------------------------------------------------------
# Benchmarking Ibcast 
# #processes = 1 
#-----------------------------------------------------------------------------
       #bytes #repetitions t_ovrl[usec] t_pure[usec]  t_CPU[usec]   overlap[%]
            0         1000         3.42         1.86         1.26         0.00
            1         1000         3.61         1.96         1.41         0.00
            2         1000         3.54         2.07         1.39         0.00
            4         1000         3.28         1.94         1.13         0.00
            8         1000         3.59         1.96         1.38         0.00
           16         1000         3.59         1.95         1.38         0.00
           32         1000         3.36         1.90         1.16         0.00
           64         1000         3.58         1.96         1.40         0.00
          128         1000         3.60         1.97         1.39         0.00
          256         1000         3.34         1.95         1.15         0.00
          512         1000         3.27         1.92         1.12         0.00
         1024         1000         3.30         1.93         1.13         0.00
         2048         1000         3.65         1.96         1.38         0.00
         4096         1000         3.62         2.02         1.38         0.00
         8192         1000         3.64         2.05         1.38         0.00
        16384         1000         3.72         2.06         1.40         0.00
        32768         1000         3.72         2.06         1.39         0.00
        65536          640         3.80         2.10         1.38         0.00
       131072          320         3.75         2.13         1.38         0.00
       262144          160         3.28         1.91         1.11         0.00
       524288           80         3.64         1.96         1.39         0.00
      1048576           40         3.65         2.03         1.42         0.00
      2097152           20         3.40         2.11         1.39         5.08
      4194304           10         3.89         2.29         1.57         0.00

#-----------------------------------------------------------------------------
# Benchmarking Iallgather 
# #processes = 1 
#-----------------------------------------------------------------------------
       #bytes #repetitions t_ovrl[usec] t_pure[usec]  t_CPU[usec]   overlap[%]
            0         1000         3.17         1.87         1.10         0.00
            1         1000         4.44         2.41         1.66         0.00
            2         1000         4.30         2.36         1.64         0.00
            4         1000         4.48         2.37         1.65         0.00
            8         1000         4.42         2.38         1.66         0.00
           16         1000         4.26         2.45         1.65         0.00
           32         1000         4.28         2.37         1.65         0.00
           64         1000         4.41         2.50         1.65         0.00
          128         1000         4.42         2.41         1.64         0.00
          256         1000         4.45         2.49         1.65         0.00
          512         1000         4.50         2.55         1.66         0.00
         1024         1000         4.42         2.52         1.65         0.00
         2048         1000         4.63         2.50         1.67         0.00
         4096         1000         5.22         2.97         2.01         0.00
         8192         1000         5.78         3.16         2.37         0.00
        16384         1000         6.90         3.80         2.81         0.00
        32768         1000         8.38         4.67         3.53         0.00
        65536          640        14.70         7.03         7.36         0.00
       131072          320        21.07        10.29        10.51         0.00
       262144          160        34.67        17.38        17.43         0.74
       524288           80       165.87        82.06        82.72         0.00
      1048576           40       417.15       206.54       208.78         0.00
      2097152           20       819.15       405.94       409.76         0.00
      4194304           10      1633.62       814.29       820.78         0.18

#-----------------------------------------------------------------------------
# Benchmarking Iallgatherv 
# #processes = 1 
#-----------------------------------------------------------------------------
       #bytes #repetitions t_ovrl[usec] t_pure[usec]  t_CPU[usec]   overlap[%]
            0         1000         3.26         1.92         1.10         0.00
            1         1000         4.73         2.66         1.63         0.00
            2         1000         4.69         2.68         1.62         0.00
            4         1000         4.68         2.72         1.64         0.00
            8         1000         4.70         2.70         1.63         0.00
           16         1000         4.75         2.65         1.64         0.00
           32         1000         4.75         2.68         1.65         0.00
           64         1000         4.71         2.62         1.66         0.00
          128         1000         4.75         2.64         1.64         0.00
          256         1000         4.63         2.71         1.64         0.00
          512         1000         4.83         2.65         1.64         0.00
         1024         1000         4.76         2.69         1.64         0.00
         2048         1000         4.71         2.72         1.64         0.00
         4096         1000         5.93         3.13         2.36         0.00
         8192         1000         5.96         3.16         2.36         0.00
        16384         1000         7.54         3.93         3.19         0.00
        32768         1000         9.11         4.76         3.95         0.00
        65536          640        13.17         6.35         6.56         0.00
       131072          320        19.60         9.63         9.69         0.00
       262144          160        32.84        16.02        16.50         0.00
       524288           80       166.84        82.69        83.49         0.00
      1048576           40       419.12       207.38       209.72         0.00
      2097152           20       823.50       408.14       415.10         0.00
      4194304           10      1630.57       810.58       817.20         0.00

#-----------------------------------------------------------------------------
# Benchmarking Igather 
# #processes = 1 
#-----------------------------------------------------------------------------
       #bytes #repetitions t_ovrl[usec] t_pure[usec]  t_CPU[usec]   overlap[%]
            0         1000         3.26         1.90         1.14         0.00
            1         1000         3.88         2.22         1.36         0.00
            2         1000         3.77         2.19         1.37         0.00
            4         1000         3.84         2.21         1.38         0.00
            8         1000         3.71         2.21         1.36         0.00
           16         1000         3.94         2.25         1.37         0.00
           32         1000         3.87         2.27         1.38         0.00
           64         1000         3.86         2.25         1.37         0.00
          128         1000         4.35         2.36         1.65         0.00
          256         1000         4.05         2.29         1.39         0.00
          512         1000         3.98         2.33         1.39         0.00
         1024         1000         4.28         2.43         1.63         0.00
         2048         1000         4.27         2.42         1.66         0.00
         4096         1000         5.07         2.78         2.03         0.00
         8192         1000         5.20         2.89         2.02         0.00
        16384         1000         6.65         3.61         2.80         0.00
        32768         1000         8.30         4.58         3.55         0.00
        65536          640        12.57         6.15         6.20         0.00
       131072          320        19.31         9.46         9.65         0.00
       262144          160        32.25        15.95        16.03         0.00
       524288           80       166.19        81.07        81.44         0.00
      1048576           40       416.39       205.91       207.87         0.00
      2097152           20       819.77       407.16       412.86         0.06
      4194304           10      1635.19       814.91       821.92         0.20

#-----------------------------------------------------------------------------
# Benchmarking Igatherv 
# #processes = 1 
#-----------------------------------------------------------------------------
       #bytes #repetitions t_ovrl[usec] t_pure[usec]  t_CPU[usec]   overlap[%]
            0         1000         3.56         1.97         1.38         0.00
            1         1000         3.81         2.23         1.37         0.00
            2         1000         3.91         2.19         1.37         0.00
            4         1000         3.76         2.27         1.38         0.00
            8         1000         3.84         2.25         1.38         0.00
           16         1000         3.88         2.26         1.38         0.00
           32         1000         3.87         2.27         1.38         0.00
           64         1000         3.97         2.22         1.37         0.00
          128         1000         3.95         2.28         1.38         0.00
          256         1000         3.98         2.21         1.39         0.00
          512         1000         3.92         2.29         1.39         0.00
         1024         1000         3.99         2.27         1.38         0.00
         2048         1000         4.23         2.41         1.65         0.00
         4096         1000         4.33         2.49         1.64         0.00
         8192         1000         4.40         2.65         1.67         0.00
        16384         1000         5.90         3.42         2.40         0.00
        32768         1000         7.55         4.27         3.18         0.00
        65536          640        10.73         5.84         4.75         0.00
       131072          320        18.48         9.16         9.25         0.00
       262144          160        31.44        15.56        15.49         0.00
       524288           80       161.08        79.60        80.36         0.00
      1048576           40       413.85       205.85       208.22         0.10
      2097152           20       815.50       404.82       410.88         0.05
      4194304           10      1624.82       806.90       813.98         0.00

#-----------------------------------------------------------------------------
# Benchmarking Iscatter 
# #processes = 1 
#-----------------------------------------------------------------------------
       #bytes #repetitions t_ovrl[usec] t_pure[usec]  t_CPU[usec]   overlap[%]
            0         1000         3.15         1.79         1.11         0.00
            1         1000         5.96         3.21         2.38         0.00
            2         1000         5.93         3.28         2.38         0.00
            4         1000         6.03         3.28         2.38         0.00
            8         1000         5.86         3.22         2.39         0.00
           16         1000         5.93         3.22         2.38         0.00
           32         1000         6.00         3.24         2.38         0.00
           64         1000         5.96         3.33         2.38         0.00
          128         1000         6.38         3.32         2.38         0.00
          256         1000         6.28         3.25         2.38         0.00
          512         1000         6.38         3.31         2.40         0.00
         1024         1000         6.43         3.34         2.42         0.00
         2048         1000         6.49         3.35         2.41         0.00
         4096         1000         6.57         3.57         2.83         0.00
         8192         1000         6.82         3.74         2.79         0.00
        16384         1000         8.12         4.40         3.55         0.00
        32768         1000         9.84         5.30         4.37         0.00
        65536          640        14.09         6.83         6.97         0.00
       131072          320        20.37        10.12        10.04         0.00
       262144          160        33.73        16.49        16.78         0.00
       524288           80       170.67        84.52        86.01         0.00
      1048576           40       422.42       209.38       211.30         0.00
      2097152           20       829.29       409.82       413.44         0.00
      4194304           10      1635.00       811.34       818.28         0.00

#-----------------------------------------------------------------------------
# Benchmarking Iscatterv 
# #processes = 1 
#-----------------------------------------------------------------------------
       #bytes #repetitions t_ovrl[usec] t_pure[usec]  t_CPU[usec]   overlap[%]
            0         1000         3.52         1.99         1.39         0.00
            1         1000         4.03         2.30         1.39         0.00
            2         1000         4.28         2.43         1.65         0.00
            4         1000         4.41         2.34         1.66         0.00
            8         1000         4.38         2.41         1.65         0.00
           16         1000         4.35         2.37         1.66         0.00
           32         1000         4.02         2.32         1.38         0.00
           64         1000         3.95         2.29         1.38         0.00
          128         1000         4.43         2.54         1.66         0.00
          256         1000         4.42         2.38         1.67         0.00
          512         1000         4.56         2.38         1.67         0.00
         1024         1000         4.41         2.39         1.66         0.00
         2048         1000         4.57         2.47         1.67         0.00
         4096         1000         4.55         2.55         1.67         0.00
         8192         1000         4.77         2.70         1.67         0.00
        16384         1000         6.12         3.37         2.43         0.00
        32768         1000         8.23         4.33         3.56         0.00
        65536          640        12.39         5.88         6.20         0.00
       131072          320        18.71         9.26         9.34         0.00
       262144          160        31.69        15.56        15.65         0.00
       524288           80       160.53        79.13        80.36         0.00
      1048576           40       416.47       207.28       209.69         0.24
      2097152           20       819.04       406.46       410.34         0.00
      4194304           10      1626.32       807.50       814.58         0.00

#-----------------------------------------------------------------------------
# Benchmarking Ialltoall 
# #processes = 1 
#-----------------------------------------------------------------------------
       #bytes #repetitions t_ovrl[usec] t_pure[usec]  t_CPU[usec]   overlap[%]
            0         1000         8.15         4.38         3.61         0.00
            1         1000         4.38         2.50         1.68         0.00
            2         1000         4.38         2.50         1.68         0.00
            4         1000         4.49         2.57         1.69         0.00
            8         1000         4.48         2.42         1.68         0.00
           16         1000         4.40         2.57         1.69         0.00
           32         1000         4.53         2.56         1.67         0.00
           64         1000         4.43         2.50         1.66         0.00
          128         1000         4.45         2.61         1.67         0.00
          256         1000         4.51         2.55         1.65         0.00
          512         1000         4.52         2.55         1.67         0.00
         1024         1000         4.51         2.52         1.66         0.00
         2048         1000         4.68         2.65         1.67         0.00
         4096         1000         4.87         2.66         1.81         0.00
         8192         1000         5.21         2.99         2.03         0.00
        16384         1000         6.64         3.53         2.79         0.00
        32768         1000         8.16         4.41         3.55         0.00
        65536          640        12.41         5.98         6.25         0.00
       131072          320        18.98         9.20         9.28         0.00
       262144          160        32.33        16.00        16.40         0.42
       524288           80       160.97        79.19        80.03         0.00
      1048576           40       415.12       205.08       206.98         0.00
      2097152           20       816.86       405.23       409.05         0.00
      4194304           10      1630.43       807.26       813.44         0.00

#-----------------------------------------------------------------------------
# Benchmarking Ialltoallv 
# #processes = 1 
#-----------------------------------------------------------------------------
       #bytes #repetitions t_ovrl[usec] t_pure[usec]  t_CPU[usec]   overlap[%]
            0         1000         3.63         2.00         1.41         0.00
            1         1000         7.70         4.09         3.21         0.00
            2         1000         7.62         4.17         3.21         0.00
            4         1000         7.63         4.12         3.23         0.00
            8         1000         7.52         4.14         3.19         0.00
           16         1000         7.68         4.14         3.20         0.00
           32         1000         7.54         4.09         3.22         0.00
           64         1000         7.67         4.09         3.22         0.00
          128         1000         8.22         4.41         3.63         0.00
          256         1000         8.42         4.52         3.59         0.00
          512         1000         8.26         4.40         3.62         0.00
         1024         1000         8.10         4.32         3.60         0.00
         2048         1000         8.17         4.49         3.59         0.00
         4096         1000         8.80         4.72         3.98         0.00
         8192         1000         9.03         4.78         3.98         0.00
        16384         1000        10.39         5.56         4.83         0.05
        32768         1000        13.24         6.39         6.63         0.00
        65536          640        16.34         7.93         8.15         0.00
       131072          320        22.62        11.19        11.18         0.00
       262144          160        35.74        17.86        17.80         0.00
       524288           80       175.93        86.74        87.48         0.00
      1048576           40       429.84       212.88       215.53         0.00
      2097152           20       835.41       413.68       417.52         0.00
      4194304           10      1645.42       816.56       823.90         0.00

#-----------------------------------------------------------------------------
# Benchmarking Ireduce 
# #processes = 1 
#-----------------------------------------------------------------------------
       #bytes #repetitions t_ovrl[usec] t_pure[usec]  t_CPU[usec]   overlap[%]
            0         1000         3.90         2.09         1.44         0.00
            4         1000         6.80         3.81         2.85         0.00
            8         1000         6.84         3.76         2.85         0.00
           16         1000         6.83         3.74         2.83         0.00
           32         1000         6.90         3.79         2.83         0.00
           64         1000         6.93         3.81         2.82         0.00
          128         1000         7.28         3.71         2.90         0.00
          256         1000         7.30         3.64         2.90         0.00
          512         1000         7.32         3.75         2.90         0.00
         1024         1000         6.74         3.35         2.48         0.00
         2048         1000         6.78         3.32         2.44         0.00
         4096         1000         9.47         4.89         4.02         0.00
         8192         1000        10.02         5.29         4.43         0.00
        16384         1000         8.22         4.65         3.60         0.73
        32768         1000        10.30         5.49         4.79         0.00
        65536          640        14.78         7.12         7.41         0.00
       131072          320        23.74        11.36        11.71         0.00
       262144          160        36.77        18.06        18.41         0.00
       524288           80       181.34        89.87        90.89         0.00
      1048576           40       437.37       215.14       217.88         0.00
      2097152           20       838.67       415.50       420.53         0.00
      4194304           10      1649.57       820.68       828.41         0.00

#-----------------------------------------------------------------------------
# Benchmarking Ireduce_scatter 
# #processes = 1 
#-----------------------------------------------------------------------------
       #bytes #repetitions t_ovrl[usec] t_pure[usec]  t_CPU[usec]   overlap[%]
            0            1         3.101512057879180077.75         0.00       100.00
            4            1         5.961512057879180359.00         0.00       100.00
            8            1         5.011512057879180429.00         0.95       100.00
           16            1         5.011512057879180501.00         0.00       100.00
           32            1         5.011512057879180570.00         0.00       100.00
           64            1         5.961512057879180662.00         0.00       100.00
          128            1         5.961512057879180738.00         0.00       100.00
          256            1         5.961512057879180813.00         1.19       100.00
          512            1         6.201512057879180888.00         0.00       100.00
         1024            1         5.961512057879180963.00         0.95       100.00
         2048            1         6.201512057879181041.00         0.00       100.00
         4096            1         5.961512057879181125.00         0.95       100.00
         8192            1         5.961512057879181219.00         0.95       100.00
        16384            1         6.911512057879181335.00         0.00       100.00
        32768            1         8.111512057879181495.00         1.19       100.00
        65536            1         9.061512057879181735.00         0.00       100.00
       131072            1        13.111512057879182147.00         0.95       100.00
       262144            1        23.131512057879182944.00         0.00       100.00
       524288            1       116.831512057879184636.00         1.19       100.00
      1048576            1       215.051512057879187897.00         0.95       100.00
      2097152            1       411.991512057879194198.00         0.95       100.00
      4194304            1       804.901512057879206556.00         0.95       100.00

#-----------------------------------------------------------------------------
# Benchmarking Iallreduce 
# #processes = 1 
#-----------------------------------------------------------------------------
       #bytes #repetitions t_ovrl[usec] t_pure[usec]  t_CPU[usec]   overlap[%]
            0         1000         5.84         3.18         2.41         0.00
            4         1000         6.47         3.30         2.46         0.00
            8         1000         6.46         3.30         2.43         0.00
           16         1000         6.43         3.30         2.45         0.00
           32         1000         6.62         3.32         2.47         0.00
           64         1000         6.24         3.42         2.41         0.00
          128         1000         7.42         3.96         3.22         0.00
          256         1000         7.01         3.81         2.84         0.00
          512         1000         6.90         3.60         2.85         0.00
         1024         1000         6.38         3.50         2.43         0.00
         2048         1000         7.00         3.66         2.88         0.00
         4096         1000         7.34         3.94         3.24         0.00
         8192         1000         9.35         4.84         4.04         0.00
        16384         1000         9.02         4.84         4.03         0.00
        32768         1000        13.63         6.53         6.64         0.00
        65536          640        16.82         8.16         8.20         0.00
       131072          320        23.50        11.45        11.81         0.00
       262144          160        35.19        17.63        17.97         2.29
       524288           80       174.27        85.68        87.40         0.00
      1048576           40       430.41       211.55       215.42         0.00
      2097152           20       834.77       414.12       420.06         0.00
      4194304           10      1645.26       815.84       818.61         0.00

#----------------------------------------------------------------
# Benchmarking Ibarrier 
# #processes = 1 
#----------------------------------------------------------------
 #repetitions t_ovrl[usec] t_pure[usec]  t_CPU[usec]   overlap[%]
         1000         0.70         0.14         0.37         0.00


# All processes entering MPI_Finalize

