#------------------------------------------------------------
#    Intel (R) MPI Benchmarks 2018 Update 1, MPI-NBC part  
#------------------------------------------------------------
# Date                  : Thu Nov 30 17:51:34 2017
# Machine               : x86_64
# System                : Linux
# Release               : 4.4.74-92.35-default
# Version               : #1 SMP Mon Aug 7 18:24:48 UTC 2017 (c0fdc47)
# MPI Version           : 3.1
# MPI Thread Environment: 


# Calling sequence was: 

# ./IMB-NBC

# Minimum message length in bytes:   0
# Maximum message length in bytes:   4194304
#
# MPI_Datatype                   :   MPI_BYTE 
# MPI_Datatype for reductions    :   MPI_FLOAT
# MPI_Op                         :   MPI_SUM  
#
#

# List of Benchmarks to run:

# Ibcast
# Iallgather
# Iallgatherv
# Igather
# Igatherv
# Iscatter
# Iscatterv
# Ialltoall
# Ialltoallv
# Ireduce
# Ireduce_scatter
# Iallreduce
# Ibarrier

#-----------------------------------------------------------------------------
# Benchmarking Ibcast 
# #processes = 2 
# ( 6 additional processes waiting in MPI_Barrier)
#-----------------------------------------------------------------------------
       #bytes #repetitions t_ovrl[usec] t_pure[usec]  t_CPU[usec]   overlap[%]
            0         1000        17.54         8.95         9.42         8.87
            1         1000        17.53         9.00         9.39         9.09
            2         1000        17.53         9.05         9.38         9.59
            4         1000        17.50         9.05         9.38         9.87
            8         1000        17.55         9.08         9.39         9.85
           16         1000        22.83        12.12        12.54        14.60
           32         1000        22.79        12.04        12.14        11.43
           64         1000        22.56        11.88        12.12        11.87
          128         1000        22.49        11.84        12.13        12.14
          256         1000        22.55        11.83        12.12        11.61
          512         1000        22.60        11.90        12.12        11.71
         1024         1000        23.19        12.20        12.48        11.94
         2048         1000        23.72        12.63        12.90        13.99
         4096         1000        26.85        14.15        14.50        12.39
         8192         1000        29.97        15.67        16.09        11.13
        16384         1000        33.79        17.63        17.99        10.23
        32768         1000        42.41        21.88        22.23         7.65
        65536          640        59.07        30.72        30.83         8.04
       131072          320       150.16        75.43        76.38         2.16
       262144          160       136.69        70.74        70.75         6.80
       524288           80       176.21        91.00        91.28         6.66
      1048576           40       279.81       143.47       143.49         4.98
      2097152           20       443.57       223.27       222.55         1.01
      4194304           10       807.12       405.10       408.34         1.55

#-----------------------------------------------------------------------------
# Benchmarking Ibcast 
# #processes = 4 
# ( 4 additional processes waiting in MPI_Barrier)
#-----------------------------------------------------------------------------
       #bytes #repetitions t_ovrl[usec] t_pure[usec]  t_CPU[usec]   overlap[%]
            0         1000        25.30        13.30        13.66        12.10
            1         1000        21.10        10.20        10.53         0.00
            2         1000        21.02        10.22        10.60         0.00
            4         1000        20.98        10.19        10.55         0.00
            8         1000        20.99        10.16        10.55         0.00
           16         1000        26.98        13.91        14.01         6.76
           32         1000        26.87        13.86        14.03         7.30
           64         1000        26.70        13.81        14.06         8.39
          128         1000        26.82        13.80        14.05         7.34
          256         1000        26.81        13.87        14.02         7.71
          512         1000        27.43        14.12        14.46         7.97
         1024         1000        40.84        20.25        20.65         0.31
         2048         1000        41.57        20.98        21.01         2.03
         4096         1000        47.16        23.56        23.86         1.08
         8192         1000        53.46        26.65        26.98         0.65
        16384         1000        62.58        28.71        29.17         0.00
        32768         1000        82.69        39.60        40.82         0.00
        65536          640       112.02        55.38        55.86         0.00
       131072          320       204.63       107.62       109.50        11.41
       262144          160       255.48       126.13       126.43         0.00
       524288           80       393.61       221.88       222.54        22.83
      1048576           40       631.98       358.93       359.81        24.11
      2097152           20      1107.84       638.95       640.76        26.82
      4194304           10      1878.69       783.30       786.88         0.00

#-----------------------------------------------------------------------------
# Benchmarking Ibcast 
# #processes = 8 
#-----------------------------------------------------------------------------
       #bytes #repetitions t_ovrl[usec] t_pure[usec]  t_CPU[usec]   overlap[%]
            0         1000        34.69        20.28        20.62        30.13
            1         1000        31.47        16.09        16.39         6.20
            2         1000        30.79        16.16        16.45        11.07
            4         1000        30.83        15.96        16.39         9.27
            8         1000        31.07        16.04        16.40         8.32
           16         1000        43.43        21.61        21.94         0.57
           32         1000        43.78        21.90        22.31         1.96
           64         1000        43.31        21.64        21.88         0.96
          128         1000        43.33        21.72        21.97         1.64
          256         1000        43.36        21.55        21.93         0.52
          512         1000        44.33        22.25        22.81         3.20
         1024         1000        49.97        28.11        28.45        23.18
         2048         1000        50.68        29.02        29.35        26.19
         4096         1000        57.45        33.22        33.51        27.69
         8192         1000        66.87        37.85        38.19        24.03
        16384         1000        80.13        44.10        45.12        20.13
        32768         1000       106.77        57.34        57.59        14.18
        65536          640       158.13        79.76        81.46         3.79
       131072          320       318.24       168.12       170.99        12.21
       262144          160       453.90       266.61       267.51        29.99
       524288           80       651.88       402.66       401.89        37.92
      1048576           40      1077.96       682.65       683.95        42.20
      2097152           20      1987.68      1299.88      1296.59        46.83
      4194304           10      3344.80      1943.90      1947.14        28.05

#-----------------------------------------------------------------------------
# Benchmarking Iallgather 
# #processes = 2 
# ( 6 additional processes waiting in MPI_Barrier)
#-----------------------------------------------------------------------------
       #bytes #repetitions t_ovrl[usec] t_pure[usec]  t_CPU[usec]   overlap[%]
            0         1000         8.56         4.61         3.67         0.00
            1         1000        25.93        12.74        12.85         0.00
            2         1000        25.91        12.79        12.93         0.00
            4         1000        26.28        12.92        13.24         0.00
            8         1000        25.93        12.63        12.89         0.00
           16         1000        31.49        15.40        15.59         0.00
           32         1000        31.43        15.44        15.58         0.00
           64         1000        31.28        15.23        15.60         0.00
          128         1000        31.91        15.63        16.03         0.00
          256         1000        32.21        15.64        16.04         0.00
          512         1000        32.14        15.83        16.00         0.00
         1024         1000        32.51        15.95        16.03         0.00
         2048         1000        33.70        16.42        16.82         0.00
         4096         1000        38.47        18.81        19.21         0.00
         8192         1000        46.15        22.69        23.04         0.00
        16384         1000        56.66        27.87        28.37         0.00
        32768         1000        75.76        37.12        37.85         0.00
        65536          640       114.02        55.67        56.62         0.00
       131072          320       190.13        93.44        96.13         0.00
       262144          160       258.60       130.27       130.77         1.86
       524288           80       588.59       289.68       294.50         0.00
      1048576           40       955.05       478.95       484.27         1.69
      2097152           20      1580.57       786.29       796.09         0.23
      4194304           10      2785.11      1380.01      1398.68         0.00

#-----------------------------------------------------------------------------
# Benchmarking Iallgather 
# #processes = 4 
# ( 4 additional processes waiting in MPI_Barrier)
#-----------------------------------------------------------------------------
       #bytes #repetitions t_ovrl[usec] t_pure[usec]  t_CPU[usec]   overlap[%]
            0         1000         9.06         4.81         4.03         0.00
            1         1000        41.60        20.47        20.64         0.00
            2         1000        41.11        20.15        20.27         0.00
            4         1000        41.58        20.34        20.68         0.00
            8         1000        48.18        23.62        23.80         0.00
           16         1000        52.85        25.86        26.20         0.00
           32         1000        52.33        25.73        26.08         0.00
           64         1000        51.90        25.53        25.75         0.00
          128         1000        52.82        25.95        26.17         0.00
          256         1000        53.48        26.21        26.60         0.00
          512         1000        54.84        26.62        26.98         0.00
         1024         1000        56.05        27.37        27.81         0.00
         2048         1000        62.79        30.91        31.27         0.00
         4096         1000        74.21        36.52        37.37         0.00
         8192         1000        90.79        43.87        44.97         0.00
        16384         1000       117.63        57.19        58.21         0.00
        32768         1000       171.82        83.46        84.69         0.00
        65536          640       304.21       146.49       148.90         0.00
       131072          320       445.32       233.54       235.71        10.15
       262144          160       614.72       302.60       304.54         0.00
       524288           80      1157.71       575.38       584.65         0.40
      1048576           40      1525.62       749.42       757.77         0.00
      2097152           20      7039.89      3518.18      3563.11         1.16
      4194304           10     13387.01      6902.41      6960.39         6.84

#-----------------------------------------------------------------------------
# Benchmarking Iallgather 
# #processes = 8 
#-----------------------------------------------------------------------------
       #bytes #repetitions t_ovrl[usec] t_pure[usec]  t_CPU[usec]   overlap[%]
            0         1000         9.13         4.79         4.03         0.00
            1         1000        52.18        25.75        26.11         0.00
            2         1000        52.01        25.48        25.67         0.00
            4         1000        60.05        29.27        29.76         0.00
            8         1000        65.46        32.02        32.38         0.00
           16         1000        70.11        34.44        34.74         0.00
           32         1000        69.85        34.32        34.65         0.00
           64         1000        69.42        34.28        34.60         0.00
          128         1000        70.88        35.07        35.48         0.00
          256         1000        72.14        35.16        35.39         0.00
          512         1000        73.79        36.27        36.67         0.00
         1024         1000        82.82        40.69        41.06         0.00
         2048         1000        96.13        47.18        47.64         0.00
         4096         1000       118.51        57.05        57.89         0.00
         8192         1000       154.25        72.72        73.96         0.00
        16384         1000       223.67       106.82       108.47         0.00
        32768         1000       423.25       207.02       209.83         0.00
        65536          640       815.14       393.71       399.47         0.00
       131072          320      1568.08       757.13       765.72         0.00
       262144          160      1368.39       670.84       673.69         0.00
       524288           80      2475.07      1245.78      1257.56         2.25
      1048576           40      3416.80      1700.17      1717.13         0.03
      2097152           20     23138.25     12434.42     12485.95        14.27
      4194304           10     73787.78     41197.82     41264.27        21.02

#-----------------------------------------------------------------------------
# Benchmarking Iallgatherv 
# #processes = 2 
# ( 6 additional processes waiting in MPI_Barrier)
#-----------------------------------------------------------------------------
       #bytes #repetitions t_ovrl[usec] t_pure[usec]  t_CPU[usec]   overlap[%]
            0         1000         9.10         4.90         4.05         0.00
            1         1000        27.10        13.24        13.66         0.00
            2         1000        27.25        13.24        13.72         0.00
            4         1000        27.33        13.31        13.71         0.00
            8         1000        27.20        13.35        13.72         0.00
           16         1000        32.14        15.94        15.99         0.00
           32         1000        32.28        15.86        15.98         0.00
           64         1000        31.93        15.63        16.02         0.00
          128         1000        32.73        16.05        16.41         0.00
          256         1000        32.92        16.09        16.47         0.00
          512         1000        33.03        16.22        16.42         0.00
         1024         1000        33.53        16.37        16.81         0.00
         2048         1000        34.51        16.97        17.26         0.00
         4096         1000        39.24        19.45        19.57         0.00
         8192         1000        47.37        23.39        24.09         0.43
        16384         1000        56.79        27.73        28.47         0.00
        32768         1000        75.51        36.90        37.41         0.00
        65536          640       110.24        53.61        54.34         0.00
       131072          320       180.98        88.75        89.81         0.00
       262144          160       255.12       127.66       127.82         0.28
       524288           80       642.05       298.42       300.16         0.00
      1048576           40       998.47       495.05       501.97         0.00
      2097152           20      1595.63       789.95       799.64         0.00
      4194304           10      2726.44      1358.80      1376.99         0.68

#-----------------------------------------------------------------------------
# Benchmarking Iallgatherv 
# #processes = 4 
# ( 4 additional processes waiting in MPI_Barrier)
#-----------------------------------------------------------------------------
       #bytes #repetitions t_ovrl[usec] t_pure[usec]  t_CPU[usec]   overlap[%]
            0         1000         9.78         5.09         4.42         0.00
            1         1000        43.57        21.26        21.61         0.00
            2         1000        43.35        21.33        21.46         0.00
            4         1000        44.16        21.89        22.22         0.00
            8         1000        50.68        24.77        25.08         0.00
           16         1000        54.54        26.60        27.04         0.00
           32         1000        53.63        26.09        26.58         0.00
           64         1000        52.41        25.65        25.73         0.00
          128         1000        53.65        26.42        26.59         0.00
          256         1000        54.43        26.68        27.01         0.00
          512         1000        58.10        27.62        29.29         0.00
         1024         1000        57.84        28.47        29.06         0.00
         2048         1000        64.77        31.79        32.13         0.00
         4096         1000        77.53        38.32        38.91         0.00
         8192         1000        96.57        47.02        48.08         0.00
        16384         1000       128.52        62.37        63.46         0.00
        32768         1000       190.63        93.86        95.29         0.00
        65536          640       308.25       148.52       150.88         0.00
       131072          320       652.89       307.04       309.72         0.00
       262144          160       755.88       373.97       375.39         0.00
       524288           80      1244.47       616.92       627.01         0.00
      1048576           40      1935.29       976.67       986.16         2.79
      2097152           20      3179.23      1500.08      1520.16         0.00
      4194304           10      5706.74      2870.18      2901.96         2.25

#-----------------------------------------------------------------------------
# Benchmarking Iallgatherv 
# #processes = 8 
#-----------------------------------------------------------------------------
       #bytes #repetitions t_ovrl[usec] t_pure[usec]  t_CPU[usec]   overlap[%]
            0         1000         9.81         5.08         4.42         0.00
            1         1000        55.08        26.78        27.02         0.00
            2         1000        54.96        26.83        27.37         0.00
            4         1000        63.64        31.11        31.71         0.00
            8         1000        69.78        33.96        34.43         0.00
           16         1000        71.76        34.68        35.09         0.00
           32         1000        71.41        34.91        35.10         0.00
           64         1000        70.46        34.62        35.13         0.00
          128         1000        72.50        35.04        35.55         0.00
          256         1000        74.85        35.68        36.08         0.00
          512         1000        77.11        37.62        37.91         0.00
         1024         1000        85.65        41.95        42.11         0.00
         2048         1000       100.32        49.04        49.56         0.00
         4096         1000       124.38        59.55        60.63         0.00
         8192         1000       166.00        79.66        80.43         0.00
        16384         1000       249.44       118.98       121.88         0.00
        32768         1000       454.24       215.09       217.65         0.00
        65536          640       831.47       396.83       402.55         0.00
       131072          320      1541.86       688.60       695.65         0.00
       262144          160      1777.25       889.45       893.80         0.67
       524288           80      2501.31      1246.52      1258.91         0.33
      1048576           40      8823.35      4508.83      4561.53         5.42
      2097152           20     13424.46      6733.43      6779.67         1.31
      4194304           10     75621.37     39422.51     39465.79         8.28

#-----------------------------------------------------------------------------
# Benchmarking Igather 
# #processes = 2 
# ( 6 additional processes waiting in MPI_Barrier)
#-----------------------------------------------------------------------------
       #bytes #repetitions t_ovrl[usec] t_pure[usec]  t_CPU[usec]   overlap[%]
            0         1000        10.46         5.09         4.39         0.00
            1         1000        19.89        10.47        10.52        10.52
            2         1000        20.25        10.52        10.89        10.59
            4         1000        20.25        10.56        10.90        11.10
            8         1000        20.30        10.63        10.95        11.76
           16         1000        25.44        13.59        13.66        13.25
           32         1000        25.65        13.74        14.11        15.62
           64         1000        25.36        13.45        13.65        12.73
          128         1000        25.84        13.50        13.76        10.26
          256         1000        25.81        13.48        13.71        10.01
          512         1000        26.29        13.71        14.02        10.25
         1024         1000        25.21        12.87        13.27         7.03
         2048         1000        26.27        13.32        13.76         5.87
         4096         1000        29.53        14.85        15.23         3.62
         8192         1000        32.28        16.21        16.42         2.12
        16384         1000        36.75        18.20        18.32         0.00
        32768         1000        47.05        23.53        23.92         1.67
        65536          640        65.15        33.04        33.15         3.16
       131072          320       102.12        52.98        53.45         8.06
       262144          160       148.72        79.43        79.80        13.18
       524288           80       382.26       188.94       188.69         0.00
      1048576           40       780.78       388.01       388.16         0.00
      2097152           20      1383.35       698.47       702.98         2.57
      4194304           10      2541.38      1291.04      1292.75         3.28

#-----------------------------------------------------------------------------
# Benchmarking Igather 
# #processes = 4 
# ( 4 additional processes waiting in MPI_Barrier)
#-----------------------------------------------------------------------------
       #bytes #repetitions t_ovrl[usec] t_pure[usec]  t_CPU[usec]   overlap[%]
            0         1000         9.98         5.37         4.41         0.00
            1         1000        30.14        15.48        15.62         6.17
            2         1000        30.15        15.45        15.64         6.04
            4         1000        30.09        14.89        15.17         0.00
            8         1000        40.52        20.46        20.61         2.66
           16         1000        40.83        19.77        19.85         0.00
           32         1000        40.91        19.82        20.27         0.00
           64         1000        40.08        19.32        19.49         0.00
          128         1000        40.61        19.82        20.26         0.00
          256         1000        40.42        19.71        19.81         0.00
          512         1000        40.97        20.07        20.27         0.00
         1024         1000        68.29        33.15        33.58         0.00
         2048         1000        72.97        35.39        35.96         0.00
         4096         1000        77.95        37.93        38.39         0.00
         8192         1000        85.93        41.40        41.82         0.00
        16384         1000       101.38        49.10        50.84         0.00
        32768         1000       128.83        63.23        64.16         0.00
        65536          640       226.68       111.16       112.86         0.00
       131072          320       383.64       188.88       193.15         0.00
       262144          160       755.78       363.00       364.67         0.00
       524288           80      1270.31       631.32       638.76         0.00
      1048576           40      1976.55       990.91       989.97         0.44
      2097152           20      6417.78      3200.54      3227.35         0.31
      4194304           10     25948.17     13064.00     13086.41         1.55

#-----------------------------------------------------------------------------
# Benchmarking Igather 
# #processes = 8 
#-----------------------------------------------------------------------------
       #bytes #repetitions t_ovrl[usec] t_pure[usec]  t_CPU[usec]   overlap[%]
            0         1000         9.92         5.32         4.43         0.00
            1         1000        40.43        21.08        21.43         9.69
            2         1000        40.58        21.11        21.51         9.45
            4         1000        48.47        25.06        25.28         7.40
            8         1000        51.83        27.98        28.04        14.95
           16         1000        52.47        28.15        28.41        14.38
           32         1000        51.90        27.78        28.06        14.05
           64         1000        51.76        27.87        28.09        14.92
          128         1000        52.50        28.12        28.47        14.36
          256         1000        52.76        28.05        28.42        13.05
          512         1000        54.24        28.87        29.20        13.10
         1024         1000        87.41        46.62        46.98        13.17
         2048         1000        96.25        51.62        52.06        14.28
         4096         1000       105.28        56.67        57.22        15.07
         8192         1000       125.68        66.54        67.58        12.50
        16384         1000       159.14        83.66        85.56        11.78
        32768         1000       266.12       137.96       139.69         8.25
        65536          640       492.55       259.22       261.50        10.77
       131072          320       943.16       490.96       496.40         8.90
       262144          160      1579.34       848.45       857.39        14.75
       524288           80      2498.60      1371.64      1383.23        18.53
      1048576           40     17686.33      8874.82      8896.44         0.95
      2097152           20     58291.30     29879.15     29858.57         4.84
      4194304           10     81641.84     42294.19     42245.86         6.85

#-----------------------------------------------------------------------------
# Benchmarking Igatherv 
# #processes = 2 
# ( 6 additional processes waiting in MPI_Barrier)
#-----------------------------------------------------------------------------
       #bytes #repetitions t_ovrl[usec] t_pure[usec]  t_CPU[usec]   overlap[%]
            0         1000         9.29         5.04         4.02         0.00
            1         1000        18.31         8.96         9.38         0.25
            2         1000        18.01         8.88         8.99         0.00
            4         1000        17.92         8.87         8.98         0.00
            8         1000        17.96         8.77         9.04         0.00
           16         1000        22.90        11.53        11.69         2.70
           32         1000        22.91        11.52        11.68         2.52
           64         1000        22.87        11.30        11.73         1.37
          128         1000        23.12        11.49        11.71         0.74
          256         1000        23.07        11.56        11.70         1.63
          512         1000        23.65        11.63        11.69         0.00
         1024         1000        24.16        11.91        12.31         0.45
         2048         1000        24.91        12.36        12.50         0.00
         4096         1000        27.69        13.70        14.04         0.32
         8192         1000        30.22        15.12        15.21         0.71
        16384         1000        35.68        17.54        17.96         0.00
        32768         1000        46.29        23.00        23.52         0.99
        65536          640        65.40        33.05        33.19         2.54
       131072          320        97.39        50.23        50.71         7.00
       262144          160       152.47        82.09        82.51        14.70
       524288           80       386.77       193.02       193.55         0.00
      1048576           40       779.79       387.63       387.78         0.00
      2097152           20      1338.20       665.25       664.38         0.00
      4194304           10      2526.21      1266.38      1268.03         0.65

#-----------------------------------------------------------------------------
# Benchmarking Igatherv 
# #processes = 4 
# ( 4 additional processes waiting in MPI_Barrier)
#-----------------------------------------------------------------------------
       #bytes #repetitions t_ovrl[usec] t_pure[usec]  t_CPU[usec]   overlap[%]
            0         1000         9.87         5.19         4.45         0.00
            1         1000        26.68        12.35        12.72         0.00
            2         1000        27.04        12.47        12.82         0.00
            4         1000        26.48        12.40        12.43         0.00
            8         1000        26.52        12.42        12.46         0.00
           16         1000        29.71        14.69        14.86         0.00
           32         1000        29.77        14.75        14.85         0.00
           64         1000        28.96        14.38        14.42         0.00
          128         1000        30.29        14.97        15.25         0.00
          256         1000        30.30        14.80        15.42         0.00
          512         1000        30.49        15.17        15.31         0.00
         1024         1000        31.19        15.41        15.67         0.00
         2048         1000        32.81        16.17        16.45         0.00
         4096         1000        38.96        19.07        19.75         0.00
         8192         1000        45.46        22.40        22.81         0.00
        16384         1000        58.26        28.80        29.33         0.00
        32768         1000        82.97        40.81        41.54         0.00
        65536          640       140.19        69.59        70.57         0.00
       131072          320       300.96       148.44       151.32         0.00
       262144          160       228.00       113.20       113.68         0.00
       524288           80       535.73       270.76       271.40         2.37
      1048576           40      1070.09       551.07       552.29         6.03
      2097152           20      1904.95       978.53       995.10         6.90
      4194304           10      3724.46      1892.02      1907.80         3.95

#-----------------------------------------------------------------------------
# Benchmarking Igatherv 
# #processes = 8 
#-----------------------------------------------------------------------------
       #bytes #repetitions t_ovrl[usec] t_pure[usec]  t_CPU[usec]   overlap[%]
            0         1000         9.90         5.26         4.47         0.00
            1         1000        39.90        19.52        19.88         0.00
            2         1000        40.10        19.55        19.94         0.00
            4         1000        39.56        19.34        19.50         0.00
            8         1000        39.90        19.57        19.89         0.00
           16         1000        43.86        21.71        21.85         0.00
           32         1000        43.81        21.67        22.02         0.00
           64         1000        42.00        20.86        21.05         0.00
          128         1000        44.52        22.03        22.29         0.00
          256         1000        43.64        21.74        21.94         0.19
          512         1000        44.95        22.24        22.85         0.61
         1024         1000        46.35        22.87        23.16         0.00
         2048         1000        49.74        24.55        25.11         0.00
         4096         1000        60.38        29.74        30.31         0.00
         8192         1000        74.76        36.66        37.38         0.00
        16384         1000       102.10        50.46        51.29         0.00
        32768         1000       166.42        82.17        83.42         0.00
        65536          640       387.94       191.73       195.21         0.00
       131072          320       623.01       308.84       312.65         0.00
       262144          160       401.64       199.88       200.06         0.00
       524288           80       900.05       445.80       451.56         0.00
      1048576           40      1768.78       877.58       887.38         0.00
      2097152           20      3376.91      1677.42      1695.68         0.00
      4194304           10      6557.58      3262.81      3286.65         0.00

#-----------------------------------------------------------------------------
# Benchmarking Iscatter 
# #processes = 2 
# ( 6 additional processes waiting in MPI_Barrier)
#-----------------------------------------------------------------------------
       #bytes #repetitions t_ovrl[usec] t_pure[usec]  t_CPU[usec]   overlap[%]
            0         1000         9.02         4.77         4.02         0.00
            1         1000        21.09        11.17        11.29        12.23
            2         1000        21.10        11.14        11.31        12.01
            4         1000        21.07        10.96        11.33        10.71
            8         1000        21.14        11.11        11.32        11.38
           16         1000        27.23        14.62        14.86        15.16
           32         1000        27.20        14.61        14.82        15.09
           64         1000        26.75        14.29        14.48        13.98
          128         1000        27.20        14.64        14.82        15.23
          256         1000        27.29        14.70        14.86        15.26
          512         1000        27.81        14.93        15.22        15.37
         1024         1000        28.27        15.25        15.63        16.70
         2048         1000        29.11        15.72        16.03        16.45
         4096         1000        31.82        17.41        17.59        18.06
         8192         1000        35.71        19.14        19.57        15.28
        16384         1000        40.15        21.46        21.91        14.69
        32768         1000        50.53        26.41        26.55         9.14
        65536          640        71.06        36.40        36.63         5.39
       131072          320       102.44        61.92        62.38        35.06
       262144          160       196.11        95.38        95.89         0.00
       524288           80       489.36       244.97       247.12         1.10
      1048576           40       871.47       437.78       442.64         2.02
      2097152           20      1455.31       729.99       744.37         2.56
      4194304           10      2640.89      1316.55      1332.57         0.62

#-----------------------------------------------------------------------------
# Benchmarking Iscatter 
# #processes = 4 
# ( 4 additional processes waiting in MPI_Barrier)
#-----------------------------------------------------------------------------
       #bytes #repetitions t_ovrl[usec] t_pure[usec]  t_CPU[usec]   overlap[%]
            0         1000         9.21         4.81         4.02         0.00
            1         1000        32.11        16.55        16.75         7.09
            2         1000        32.02        15.72        16.00         0.00
            4         1000        32.15        16.43        16.83         6.61
            8         1000        36.97        18.84        19.06         4.88
           16         1000        44.59        22.49        22.65         2.41
           32         1000        44.52        22.28        22.65         1.80
           64         1000        43.92        22.14        22.26         2.17
          128         1000        44.62        22.38        22.65         1.81
          256         1000        44.69        22.38        22.67         1.62
          512         1000        45.26        22.74        23.10         2.48
         1024         1000        46.17        23.15        23.47         1.94
         2048         1000        50.29        25.38        25.79         3.45
         4096         1000        56.29        28.66        29.04         4.89
         8192         1000        63.89        32.33        33.00         4.35
        16384         1000        77.95        39.14        39.77         2.42
        32768         1000       104.48        52.60        52.78         1.72
        65536          640       153.43        83.05        84.00        16.22
       131072          320       265.98       132.80       133.04         0.00
       262144          160       444.28       220.01       221.65         0.00
       524288           80       934.88       464.49       470.15         0.00
      1048576           40      4723.20      2333.75      2355.27         0.00
      2097152           20      2446.33      1209.89      1222.81         0.00
      4194304           10      4391.46      2200.68      2226.47         1.60

#-----------------------------------------------------------------------------
# Benchmarking Iscatter 
# #processes = 8 
#-----------------------------------------------------------------------------
       #bytes #repetitions t_ovrl[usec] t_pure[usec]  t_CPU[usec]   overlap[%]
            0         1000         9.80         5.12         4.39         0.00
            1         1000        43.29        24.37        24.63        23.21
            2         1000        42.98        24.32        24.58        24.05
            4         1000        44.29        23.81        24.17        15.29
            8         1000        52.22        26.34        26.50         2.34
           16         1000        59.94        29.86        30.01         0.00
           32         1000        59.70        29.39        29.56         0.00
           64         1000        58.81        29.72        30.12         3.42
          128         1000        60.04        30.30        30.51         2.54
          256         1000        60.11        30.62        30.84         4.38
          512         1000        61.35        30.96        31.14         2.38
         1024         1000        66.15        33.43        33.87         3.41
         2048         1000        71.53        36.15        36.39         2.77
         4096         1000        82.33        41.35        41.85         2.08
         8192         1000        98.17        50.15        50.58         5.06
        16384         1000       127.56        64.32        64.49         1.93
        32768         1000       182.92        99.58       101.40        17.81
        65536          640       309.68       152.67       152.77         0.00
       131072          320       497.16       256.96       257.82         6.83
       262144          160       859.41       398.43       401.82         0.00
       524288           80      1741.99       864.65       874.00         0.00
      1048576           40      2435.99      1221.81      1236.64         1.82
      2097152           20      4053.84      2011.10      2037.49         0.00
      4194304           10    194759.11     98348.83     98375.01         2.00

#-----------------------------------------------------------------------------
# Benchmarking Iscatterv 
# #processes = 2 
# ( 6 additional processes waiting in MPI_Barrier)
#-----------------------------------------------------------------------------
       #bytes #repetitions t_ovrl[usec] t_pure[usec]  t_CPU[usec]   overlap[%]
            0         1000         9.24         4.88         4.07         0.00
            1         1000        16.92         9.19         9.34        17.24
            2         1000        16.94         9.27         9.42        18.60
            4         1000        16.95         9.18         9.39        17.19
            8         1000        16.92         9.23         9.40        18.15
           16         1000        22.53        12.20        12.58        17.87
           32         1000        22.53        12.21        12.57        17.91
           64         1000        22.23        11.97        12.15        15.55
          128         1000        22.57        12.29        12.48        17.62
          256         1000        22.64        12.30        12.56        17.62
          512         1000        23.24        12.57        12.96        17.73
         1024         1000        23.34        12.81        12.87        18.19
         2048         1000        24.48        13.29        13.78        18.80
         4096         1000        27.62        15.24        15.68        21.05
         8192         1000        31.46        16.80        17.22        14.90
        16384         1000        35.79        19.10        19.63        14.96
        32768         1000        46.77        24.44        24.68         9.52
        65536          640        67.42        34.37        34.94         5.44
       131072          320        96.08        57.88        58.46        34.67
       262144          160       195.60        99.48       100.19         4.06
       524288           80       511.21       252.73       257.25         0.00
      1048576           40       914.11       455.24       460.65         0.39
      2097152           20      1505.89       753.10       762.14         1.23
      4194304           10      2676.87      1325.54      1337.48         0.00

#-----------------------------------------------------------------------------
# Benchmarking Iscatterv 
# #processes = 4 
# ( 4 additional processes waiting in MPI_Barrier)
#-----------------------------------------------------------------------------
       #bytes #repetitions t_ovrl[usec] t_pure[usec]  t_CPU[usec]   overlap[%]
            0         1000        10.01         5.10         4.49         0.00
            1         1000        22.35        10.78        10.95         0.00
            2         1000        22.29        10.75        10.93         0.00
            4         1000        22.20        10.73        10.96         0.00
            8         1000        22.30        10.80        10.95         0.00
           16         1000        28.59        14.47        14.84         4.86
           32         1000        28.47        14.53        14.85         6.16
           64         1000        27.69        14.07        14.45         5.75
          128         1000        28.48        14.49        14.85         5.76
          256         1000        28.69        14.61        14.89         5.49
          512         1000        29.53        14.96        15.29         4.67
         1024         1000        29.86        15.15        15.28         3.74
         2048         1000        31.17        15.94        16.00         4.78
         4096         1000        37.44        18.21        18.40         0.00
         8192         1000        47.19        22.72        23.08         0.00
        16384         1000        59.74        28.85        29.27         0.00
        32768         1000        89.75        44.54        45.05         0.00
        65536          640       139.39        69.80        70.16         0.81
       131072          320       163.32        90.93        91.15        20.58
       262144          160       409.24       212.43       213.38         7.77
       524288           80       856.99       417.96       422.66         0.00
      1048576           40      1435.70       711.82       721.38         0.00
      2097152           20      2325.12      1159.37      1173.10         0.63
      4194304           10      4126.12      2056.41      2072.19         0.12

#-----------------------------------------------------------------------------
# Benchmarking Iscatterv 
# #processes = 8 
#-----------------------------------------------------------------------------
       #bytes #repetitions t_ovrl[usec] t_pure[usec]  t_CPU[usec]   overlap[%]
            0         1000         9.82         5.17         4.43         0.00
            1         1000        34.02        15.50        15.75         0.00
            2         1000        34.65        15.60        16.02         0.00
            4         1000        33.79        15.37        15.66         0.00
            8         1000        33.99        15.52        15.60         0.00
           16         1000        41.62        19.44        19.58         0.00
           32         1000        41.97        19.50        19.95         0.00
           64         1000        40.78        19.04        19.13         0.00
          128         1000        42.15        19.62        19.96         0.00
          256         1000        42.67        19.85        20.35         0.00
          512         1000        43.50        20.26        20.72         0.00
         1024         1000        44.92        21.09        21.48         0.00
         2048         1000        47.28        22.54        22.62         0.00
         4096         1000        58.44        28.33        28.55         0.00
         8192         1000        78.14        38.39        38.57         0.00
        16384         1000       105.20        52.85        52.98         1.19
        32768         1000       171.16        85.79        86.21         0.97
        65536          640       313.20       155.98       156.78         0.00
       131072          320       294.83       157.95       159.29        14.07
       262144          160       754.10       340.39       344.14         0.00
       524288           80      1395.74       708.77       717.31         4.23
      1048576           40      2220.26      1109.77      1120.16         0.86
      2097152           20      3861.28      1922.81      1939.51         0.05
      4194304           10      6981.49      3490.07      3527.52         1.02

#-----------------------------------------------------------------------------
# Benchmarking Ialltoall 
# #processes = 2 
# ( 6 additional processes waiting in MPI_Barrier)
#-----------------------------------------------------------------------------
       #bytes #repetitions t_ovrl[usec] t_pure[usec]  t_CPU[usec]   overlap[%]
            0         1000        49.04        24.17        24.67         0.00
            1         1000        26.00        12.72        12.91         0.00
            2         1000        26.09        12.75        12.88         0.00
            4         1000        25.93        12.83        12.98         0.00
            8         1000        25.94        12.68        12.94         0.00
           16         1000        31.51        15.40        15.69         0.00
           32         1000        31.51        15.38        15.63         0.00
           64         1000        31.08        15.19        15.66         0.00
          128         1000        32.02        15.70        16.03         0.00
          256         1000        32.08        15.68        16.06         0.00
          512         1000        32.43        15.81        16.04         0.00
         1024         1000        33.00        16.20        16.42         0.00
         2048         1000        33.94        16.55        16.90         0.00
         4096         1000        38.60        18.90        19.29         0.00
         8192         1000        46.17        22.75        23.02         0.00
        16384         1000        56.09        27.31        28.03         0.00
        32768         1000        74.81        36.75        37.14         0.00
        65536          640       109.61        53.72        54.38         0.00
       131072          320       167.65        82.21        82.68         0.00
       262144          160       210.98       104.41       105.66         0.00
       524288           80       569.88       284.28       287.53         0.67
      1048576           40       975.22       485.64       486.65         0.00
      2097152           20      1569.03       780.75       788.32         0.00
      4194304           10      2704.91      1350.16      1359.20         0.33

#-----------------------------------------------------------------------------
# Benchmarking Ialltoall 
# #processes = 4 
# ( 4 additional processes waiting in MPI_Barrier)
#-----------------------------------------------------------------------------
       #bytes #repetitions t_ovrl[usec] t_pure[usec]  t_CPU[usec]   overlap[%]
            0         1000        45.64        22.28        22.70         0.00
            1         1000        46.00        22.44        22.71         0.00
            2         1000        40.47        19.89        20.34         0.00
            4         1000        40.24        19.87        20.25         0.00
            8         1000        40.05        19.74        19.97         0.00
           16         1000        47.77        23.46        23.94         0.00
           32         1000        47.86        23.42        23.93         0.00
           64         1000        46.55        22.91        23.05         0.00
          128         1000        47.94        23.46        23.96         0.00
          256         1000        48.05        23.81        24.36         0.45
          512         1000        48.78        24.04        24.27         0.00
         1024         1000        50.07        24.55        25.01         0.00
         2048         1000        53.49        26.34        26.66         0.00
         4096         1000        65.21        32.07        32.72         0.00
         8192         1000        82.40        40.15        40.98         0.00
        16384         1000       105.47        51.43        52.44         0.00
        32768         1000       164.89        80.05        81.08         0.00
        65536          640       328.29       160.96       163.21         0.00
       131072          320       563.24       277.78       281.41         0.00
       262144          160       495.71       250.91       255.42         4.16
       524288           80       994.20       501.64       508.81         3.19
      1048576           40      1608.78       807.08       817.33         1.91
      2097152           20      2798.55      1394.25      1414.51         0.72
      4194304           10      5302.14      2654.91      2705.55         2.16

#-----------------------------------------------------------------------------
# Benchmarking Ialltoall 
# #processes = 8 
#-----------------------------------------------------------------------------
       #bytes #repetitions t_ovrl[usec] t_pure[usec]  t_CPU[usec]   overlap[%]
            0         1000        80.99        39.71        40.29         0.00
            1         1000        64.54        31.90        32.39         0.00
            2         1000        64.38        31.75        32.17         0.00
            4         1000        64.15        31.67        31.97         0.00
            8         1000        63.92        31.53        31.96         0.00
           16         1000        76.06        37.65        37.78         0.00
           32         1000        76.52        37.79        38.24         0.00
           64         1000        73.89        36.55        36.65         0.00
          128         1000        76.68        37.92        38.28         0.00
          256         1000        77.02        37.80        38.27         0.00
          512         1000        79.02        39.08        39.60         0.00
         1024         1000        83.80        41.50        41.87         0.00
         2048         1000        92.35        45.67        46.08         0.00
         4096         1000       117.45        56.59        57.15         0.00
         8192         1000       154.41        74.14        75.55         0.00
        16384         1000       219.98       105.11       106.36         0.00
        32768         1000       444.87       217.72       220.41         0.00
        65536          640       866.38       425.71       430.19         0.00
       131072          320      1083.86       533.43       540.21         0.00
       262144          160      1047.12       520.13       526.69         0.00
       524288           80      1795.80       899.91       909.74         1.52
      1048576           40      3010.26      1526.81      1541.42         3.76
      2097152           20      8286.73      4146.85      4174.34         0.83
      4194304           10     35886.31     18223.74     18306.42         3.52

#-----------------------------------------------------------------------------
# Benchmarking Ialltoallv 
# #processes = 2 
# ( 6 additional processes waiting in MPI_Barrier)
#-----------------------------------------------------------------------------
       #bytes #repetitions t_ovrl[usec] t_pure[usec]  t_CPU[usec]   overlap[%]
            0         1000         9.97         5.25         4.41         0.00
            1         1000        26.86        12.98        13.31         0.00
            2         1000        26.85        13.03        13.36         0.00
            4         1000        26.85        13.01        13.31         0.00
            8         1000        26.81        13.03        13.31         0.00
           16         1000        32.78        16.10        16.44         0.00
           32         1000        32.37        15.77        16.04         0.00
           64         1000        32.08        15.62        16.01         0.00
          128         1000        32.60        15.84        16.02         0.00
          256         1000        33.08        16.11        16.48         0.00
          512         1000        33.32        16.17        16.46         0.00
         1024         1000        33.97        16.55        16.86         0.00
         2048         1000        34.68        17.04        17.28         0.00
         4096         1000        39.29        19.23        19.54         0.00
         8192         1000        46.83        22.97        23.34         0.00
        16384         1000        57.13        27.87        28.37         0.00
        32768         1000        76.67        37.43        38.23         0.00
        65536          640       110.62        54.27        55.17         0.00
       131072          320       175.78        85.63        86.57         0.00
       262144          160       227.03       109.05       110.69         0.00
       524288           80       597.36       296.45       301.88         0.32
      1048576           40       987.98       494.68       504.26         2.17
      2097152           20      1584.46       788.63       796.40         0.07
      4194304           10      2718.59      1353.67      1368.67         0.27

#-----------------------------------------------------------------------------
# Benchmarking Ialltoallv 
# #processes = 4 
# ( 4 additional processes waiting in MPI_Barrier)
#-----------------------------------------------------------------------------
       #bytes #repetitions t_ovrl[usec] t_pure[usec]  t_CPU[usec]   overlap[%]
            0         1000        10.63         5.52         4.79         0.00
            1         1000        39.23        19.27        19.51         0.00
            2         1000        39.34        19.21        19.57         0.00
            4         1000        39.20        19.23        19.56         0.00
            8         1000        39.42        19.40        19.58         0.00
           16         1000        47.16        23.25        23.53         0.00
           32         1000        47.10        23.18        23.45         0.00
           64         1000        46.11        22.70        23.17         0.00
          128         1000        47.42        23.21        23.50         0.00
          256         1000        47.13        23.10        23.52         0.00
          512         1000        48.64        23.77        24.26         0.00
         1024         1000        49.68        24.50        24.73         0.00
         2048         1000        53.54        26.18        26.89         0.00
         4096         1000        64.52        31.83        32.16         0.00
         8192         1000        81.88        40.01        40.42         0.00
        16384         1000       105.30        51.18        52.13         0.00
        32768         1000       165.44        81.05        82.04         0.00
        65536          640       330.84       161.59       163.34         0.00
       131072          320       591.82       293.13       297.45         0.00
       262144          160       535.40       278.27       281.97         8.81
       524288           80      1042.84       533.47       541.49         5.93
      1048576           40      1670.61       851.86       862.97         5.12
      2097152           20      2868.58      1442.50      1465.56         2.69
      4194304           10      5218.91      2695.54      2733.06         7.67

#-----------------------------------------------------------------------------
# Benchmarking Ialltoallv 
# #processes = 8 
#-----------------------------------------------------------------------------
       #bytes #repetitions t_ovrl[usec] t_pure[usec]  t_CPU[usec]   overlap[%]
            0         1000        10.89         5.76         4.82         0.00
            1         1000        63.70        31.33        31.86         0.00
            2         1000        63.52        31.24        31.73         0.00
            4         1000        63.78        31.50        32.01         0.00
            8         1000        63.78        31.56        32.01         0.00
           16         1000        76.75        37.73        38.39         0.00
           32         1000        76.96        37.98        38.61         0.00
           64         1000        74.66        37.51        37.82         1.75
          128         1000        76.44        37.77        38.24         0.00
          256         1000        76.05        37.60        37.83         0.00
          512         1000        79.63        39.71        40.36         1.08
         1024         1000        83.65        41.49        41.86         0.00
         2048         1000        93.01        46.19        46.89         0.15
         4096         1000       117.25        56.63        57.14         0.00
         8192         1000       155.07        74.70        76.47         0.00
        16384         1000       225.58       107.63       110.57         0.00
        32768         1000       448.69       218.82       221.34         0.00
        65536          640       861.14       425.11       431.69         0.00
       131072          320      1116.31       551.06       557.20         0.00
       262144          160      1095.19       555.20       561.36         3.81
       524288           80      1813.19       907.02       916.04         1.08
      1048576           40      4656.07      2398.34      2420.00         6.71
      2097152           20      8012.38      3912.39      3934.84         0.00
      4194304           10     37674.40     18230.61     18270.59         0.00

#-----------------------------------------------------------------------------
# Benchmarking Ireduce 
# #processes = 2 
# ( 6 additional processes waiting in MPI_Barrier)
#-----------------------------------------------------------------------------
       #bytes #repetitions t_ovrl[usec] t_pure[usec]  t_CPU[usec]   overlap[%]
            0         1000        10.11         5.35         4.44         0.00
            4         1000        25.30        12.98        13.30         7.33
            8         1000        25.32        13.00        13.28         7.24
           16         1000        30.36        15.40        15.63         4.31
           32         1000        30.17        15.21        15.62         4.20
           64         1000        29.76        14.78        14.85         0.00
          128         1000        30.26        15.22        15.77         4.63
          256         1000        29.94        15.08        15.27         2.68
          512         1000        29.89        14.88        15.27         1.72
         1024         1000        30.20        15.06        15.26         0.83
         2048         1000        31.07        15.81        16.08         5.13
         4096         1000        58.39        29.22        29.77         1.99
         8192         1000        67.12        33.52        34.05         1.29
        16384         1000        46.41        23.80        24.38         7.28
        32768         1000        61.01        31.74        32.41         9.66
        65536          640        86.84        46.23        46.59        12.83
       131072          320       217.74       104.31       106.01         0.00
       262144          160       608.60       263.26       268.42         0.00
       524288           80      1105.21       555.69       563.31         2.45
      1048576           40      1664.74       804.47       819.09         0.00
      2097152           20      2807.49      1411.41      1428.16         2.25
      4194304           10      4602.55      2291.18      2309.82         0.00

#-----------------------------------------------------------------------------
# Benchmarking Ireduce 
# #processes = 4 
# ( 4 additional processes waiting in MPI_Barrier)
#-----------------------------------------------------------------------------
       #bytes #repetitions t_ovrl[usec] t_pure[usec]  t_CPU[usec]   overlap[%]
            0         1000        10.69         5.60         4.89         0.00
            4         1000        33.64        18.43        18.90        19.51
            8         1000        33.36        18.29        18.74        19.61
           16         1000        40.03        22.43        22.65        22.31
           32         1000        40.19        22.29        22.57        20.70
           64         1000        39.21        21.77        22.21        21.48
          128         1000        38.97        21.72        21.82        20.95
          256         1000        39.18        21.86        22.20        21.96
          512         1000        39.66        22.23        22.57        22.75
         1024         1000        36.86        17.40        17.62         0.00
         2048         1000        38.26        18.56        18.72         0.00
         4096         1000        43.72        21.98        22.44         3.13
         8192         1000        57.61        33.10        33.61        27.04
        16384         1000        71.49        40.99        41.90        27.20
        32768         1000        95.10        56.22        56.76        31.51
        65536          640       145.86        86.87        88.35        33.23
       131072          320       330.61       166.18       168.24         2.27
       262144          160       776.39       315.70       320.39         0.00
       524288           80      1666.39       666.48       675.60         0.00
      1048576           40      2457.50      1152.72      1168.85         0.00
      2097152           20      4580.83      1842.28      1856.33         0.00
      4194304           10     13670.59      5294.42      5333.42         0.00

#-----------------------------------------------------------------------------
# Benchmarking Ireduce 
# #processes = 8 
#-----------------------------------------------------------------------------
       #bytes #repetitions t_ovrl[usec] t_pure[usec]  t_CPU[usec]   overlap[%]
            0         1000        10.75         5.66         4.84         0.00
            4         1000        40.86        24.84        25.00        35.88
            8         1000        41.11        24.76        24.94        34.45
           16         1000        50.12        30.65        30.88        36.93
           32         1000        49.99        30.59        30.80        37.00
           64         1000        49.86        30.48        30.80        37.09
          128         1000        49.52        30.29        30.37        36.69
          256         1000        49.42        30.30        30.38        37.06
          512         1000        50.01        30.35        30.81        36.19
         1024         1000        46.90        29.10        29.27        39.19
         2048         1000        50.75        31.77        32.08        40.82
         4096         1000        62.15        38.47        38.59        38.65
         8192         1000        73.37        45.26        45.75        38.56
        16384         1000        93.16        58.65        58.88        41.39
        32768         1000       130.88        84.66        85.95        46.23
        65536          640       197.07       128.54       129.85        47.22
       131072          320       412.22       168.69       170.73         0.00
       262144          160       935.19       384.12       390.39         0.00
       524288           80      1803.96       990.04       988.57        17.64
      1048576           40      2944.00      1425.49      1448.02         0.00
      2097152           20      5718.82      2088.50      2119.77         0.00
      4194304           10     17419.17      7194.23      7232.21         0.00

#-----------------------------------------------------------------------------
# Benchmarking Ireduce_scatter 
# #processes = 2 
# ( 6 additional processes waiting in MPI_Barrier)
#-----------------------------------------------------------------------------
       #bytes #repetitions t_ovrl[usec] t_pure[usec]  t_CPU[usec]   overlap[%]
            0            1         7.151512060893720000.00         0.95       100.00
            4            1        18.121512060893720749.00         0.95       100.00
            8            1        18.121512060893721152.00         0.00       100.00
           16            1        17.171512060893721551.00         0.95       100.00
           32            1        20.031512060893721935.00         0.95       100.00
           64            1        21.221512060893722299.00         0.00       100.00
          128            1        20.031512060893722649.00         0.00       100.00
          256            1        20.981512060893722991.00         0.95       100.00
          512            1        20.981512060893723326.00         0.00       100.00
         1024            1        20.981512060893723666.00         0.00       100.00
         2048            1        21.931512060893724002.00         0.00       100.00
         4096            1        22.171512060893724358.00         0.00       100.00
         8192            1        24.081512060893724727.75         0.00       100.00
        16384            1        29.091512060893725191.00         0.95       100.00
        32768            1        35.051512060893725740.00         0.00       100.00
        65536            1        49.111512060893726393.00         1.19       100.00
       131072            1        91.081512060893727393.00         0.00       100.00
       262144            1       228.881512060893729224.00         1.19       100.00
       524288            1       372.891512060893732731.75         1.91       100.00
      1048576            1       526.911512060893737783.00         1.91       100.00
      2097152            1       869.991512060893746271.00         2.86       100.00
      4194304            1      1509.901512060893761701.75         3.10       100.00

#-----------------------------------------------------------------------------
# Benchmarking Ireduce_scatter 
# #processes = 4 
# ( 4 additional processes waiting in MPI_Barrier)
#-----------------------------------------------------------------------------
       #bytes #repetitions t_ovrl[usec] t_pure[usec]  t_CPU[usec]   overlap[%]
            0            1         5.961512060893764138.00         0.00       100.00
            4            1        59.131512060893764917.00         0.00       100.00
            8            1        25.031512060893765433.00         1.19       100.00
           16            1        27.181512060893766066.00         0.95       100.00
           32            1        30.041512060893766290.00         0.95       100.00
           64            1        53.881512060893766902.00         0.95       100.00
          128            1        31.951512060893767403.00         0.95       100.00
          256            1        56.981512060893767928.00         0.95       100.00
          512            1        55.071512060893768464.00         0.95       100.00
         1024            1        56.031512060893769037.00         0.95       100.00
         2048            1        56.981512060893769821.00         0.95       100.00
         4096            1        59.131512060893770274.25         0.95       100.00
         8192            1        65.091512060893770882.00         1.19       100.00
        16384            1        78.921512060893771725.00         0.95       100.00
        32768            1       107.051512060893772429.00         0.00       100.00
        65536            1       241.991512060893773993.00         0.95       100.00
       131072            1       385.051512060893776211.00         1.91       100.00
       262144            1       729.081512060893779941.00         2.15       100.00
       524288            1       540.971512060893784168.00         0.95       100.00
      1048576            1       869.991512060893790868.00         0.95       100.00
      2097152            1      1394.991512060893801801.00         2.15       100.00
      4194304            1      2211.811512060893821635.00         2.86       100.00

#-----------------------------------------------------------------------------
# Benchmarking Ireduce_scatter 
# #processes = 8 
#-----------------------------------------------------------------------------
       #bytes #repetitions t_ovrl[usec] t_pure[usec]  t_CPU[usec]   overlap[%]
            0            1         7.151512060893824774.00         0.95       100.00
            4            1        26.941512060893825688.00         0.00       100.00
            8            1        33.861512060893826277.00         0.95       100.00
           16            1        31.951512060893826847.75         0.95       100.00
           32            1        34.811512060893827385.00         0.00       100.00
           64            1        38.151512060893827892.00         0.00       100.00
          128            1        41.011512060893828258.00         0.95       100.00
          256            1        64.131512060893828939.00         0.00       100.00
          512            1        41.011512060893829457.00         0.95       100.00
         1024            1       124.931512060893831174.25         0.95       100.00
         2048            1        87.981512060893831243.00         0.95       100.00
         4096            1        89.171512060893832070.00         0.95       100.00
         8192            1       136.141512060893832892.00         0.00       100.00
        16384            1       158.071512060893834032.00         0.95       100.00
        32768            1       193.121512060893836242.00         1.19       100.00
        65536            1       110.151512060893836835.00         0.95       100.00
       131072            1       674.011512060893839675.00         2.15       100.00
       262144            1      1233.101512060893846284.00         2.86       100.00
       524288            1       781.061512060893852234.75         2.86       100.00
      1048576            1      1149.181512060893859903.00         1.91       100.00
      2097152            1      1921.181512060893873221.00         0.95       100.00
      4194304            1      3165.011512060893895371.00         2.86       100.00

#-----------------------------------------------------------------------------
# Benchmarking Iallreduce 
# #processes = 2 
# ( 6 additional processes waiting in MPI_Barrier)
#-----------------------------------------------------------------------------
       #bytes #repetitions t_ovrl[usec] t_pure[usec]  t_CPU[usec]   overlap[%]
            0         1000        31.54        15.61        16.07         0.89
            4         1000        32.46        15.98        16.48         0.05
            8         1000        31.96        15.85        16.05         0.00
           16         1000        38.07        18.31        18.78         0.00
           32         1000        37.37        18.30        18.84         0.00
           64         1000        36.78        18.01        18.43         0.00
          128         1000        37.92        18.71        19.24         0.18
          256         1000        37.60        18.41        18.78         0.00
          512         1000        38.18        18.91        19.14         0.00
         1024         1000        39.64        19.18        19.65         0.00
         2048         1000        39.92        19.64        19.97         0.00
         4096         1000        44.95        22.16        22.36         0.00
         8192         1000        71.54        35.27        35.69         0.00
        16384         1000        66.94        32.78        33.36         0.00
        32768         1000       108.64        53.06        53.91         0.00
        65536          640       154.33        75.59        76.72         0.00
       131072          320       242.29       118.27       120.11         0.00
       262144          160       534.66       265.44       268.16         0.00
       524288           80      1082.29       540.20       547.44         0.98
      1048576           40      1752.11       840.26       849.00         0.00
      2097152           20      2681.42      1340.53      1353.47         0.93
      4194304           10      4507.68      2254.61      2276.68         1.04

#-----------------------------------------------------------------------------
# Benchmarking Iallreduce 
# #processes = 4 
# ( 4 additional processes waiting in MPI_Barrier)
#-----------------------------------------------------------------------------
       #bytes #repetitions t_ovrl[usec] t_pure[usec]  t_CPU[usec]   overlap[%]
            0         1000        65.61        32.45        32.78         0.00
            4         1000        45.12        22.12        22.34         0.00
            8         1000        47.45        21.91        22.32         0.00
           16         1000        56.73        27.72        28.25         0.00
           32         1000        56.75        27.66        28.17         0.00
           64         1000        55.29        27.12        27.32         0.00
          128         1000        56.55        27.81        28.09         0.00
          256         1000        57.08        27.89        28.22         0.00
          512         1000        57.65        28.22        28.57         0.00
         1024         1000        59.71        29.17        29.35         0.00
         2048         1000        61.78        30.13        30.60         0.00
         4096         1000        71.30        35.29        35.78         0.00
         8192         1000        87.27        42.82        43.54         0.00
        16384         1000       112.38        55.05        56.04         0.00
        32768         1000       161.75        78.51        79.79         0.00
        65536          640       255.71       123.68       125.29         0.00
       131072          320       417.36       203.03       205.34         0.00
       262144          160       902.86       434.82       440.12         0.00
       524288           80      1873.31       879.07       889.19         0.00
      1048576           40      2809.07      1390.53      1408.58         0.00
      2097152           20      8217.92      4098.20      4144.92         0.61
      4194304           10     26218.20     13411.12     13469.60         4.92

#-----------------------------------------------------------------------------
# Benchmarking Iallreduce 
# #processes = 8 
#-----------------------------------------------------------------------------
       #bytes #repetitions t_ovrl[usec] t_pure[usec]  t_CPU[usec]   overlap[%]
            0         1000        54.44        27.06        27.37         0.00
            4         1000        57.76        28.63        28.83         0.00
            8         1000        58.54        28.87        29.26         0.00
           16         1000        75.89        37.18        37.44         0.00
           32         1000        75.40        36.83        37.09         0.00
           64         1000        74.68        36.15        36.35         0.00
          128         1000        75.67        37.11        37.46         0.00
          256         1000        75.61        37.01        37.43         0.00
          512         1000        78.42        37.91        38.39         0.00
         1024         1000        81.06        39.31        39.47         0.00
         2048         1000        83.64        41.16        41.75         0.00
         4096         1000        99.65        48.94        49.35         0.00
         8192         1000       126.53        61.28        61.95         0.00
        16384         1000       168.05        81.39        83.71         0.00
        32768         1000       242.49       116.40       117.57         0.00
        65536          640       339.05       161.38       162.87         0.00
       131072          320       560.00       266.77       268.94         0.00
       262144          160      1253.14       613.83       618.49         0.00
       524288           80      2296.09      1122.43      1137.03         0.00
      1048576           40      3672.28      1819.68      1840.01         0.00
      2097152           20     19272.17      9622.69      9646.58         0.00
      4194304           10     41702.53     21259.90     21301.41         4.03

#----------------------------------------------------------------
# Benchmarking Ibarrier 
# #processes = 2 
# ( 6 additional processes waiting in MPI_Barrier)
#----------------------------------------------------------------
 #repetitions t_ovrl[usec] t_pure[usec]  t_CPU[usec]   overlap[%]
         1000        21.14         9.47         9.86         0.00

#----------------------------------------------------------------
# Benchmarking Ibarrier 
# #processes = 4 
# ( 4 additional processes waiting in MPI_Barrier)
#----------------------------------------------------------------
 #repetitions t_ovrl[usec] t_pure[usec]  t_CPU[usec]   overlap[%]
         1000        30.59        14.38        14.51         0.00

#----------------------------------------------------------------
# Benchmarking Ibarrier 
# #processes = 8 
#----------------------------------------------------------------
 #repetitions t_ovrl[usec] t_pure[usec]  t_CPU[usec]   overlap[%]
         1000        40.47        19.10        19.61         0.00


# All processes entering MPI_Finalize

