#------------------------------------------------------------
#    Intel (R) MPI Benchmarks 2018 Update 1, MPI-NBC part  
#------------------------------------------------------------
# Date                  : Thu Nov 30 17:08:32 2017
# Machine               : x86_64
# System                : Linux
# Release               : 4.4.74-92.35-default
# Version               : #1 SMP Mon Aug 7 18:24:48 UTC 2017 (c0fdc47)
# MPI Version           : 3.1
# MPI Thread Environment: 


# Calling sequence was: 

# ./IMB-NBC

# Minimum message length in bytes:   0
# Maximum message length in bytes:   4194304
#
# MPI_Datatype                   :   MPI_BYTE 
# MPI_Datatype for reductions    :   MPI_FLOAT
# MPI_Op                         :   MPI_SUM  
#
#

# List of Benchmarks to run:

# Ibcast
# Iallgather
# Iallgatherv
# Igather
# Igatherv
# Iscatter
# Iscatterv
# Ialltoall
# Ialltoallv
# Ireduce
# Ireduce_scatter
# Iallreduce
# Ibarrier

#-----------------------------------------------------------------------------
# Benchmarking Ibcast 
# #processes = 2 
#-----------------------------------------------------------------------------
       #bytes #repetitions t_ovrl[usec] t_pure[usec]  t_CPU[usec]   overlap[%]
            0         1000        17.36         9.22         9.40        13.30
            1         1000        17.46         9.25         9.40        12.66
            2         1000        17.87         9.37         9.80        13.22
            4         1000        17.84         9.47         9.77        14.32
            8         1000        17.84         9.38         9.76        13.34
           16         1000        23.01        12.49        12.55        16.22
           32         1000        23.00        12.42        12.55        15.67
           64         1000        22.93        12.34        12.50        15.24
          128         1000        22.89        12.29        12.53        15.46
          256         1000        22.96        12.27        12.52        14.62
          512         1000        23.03        12.31        12.45        13.90
         1024         1000        23.63        12.71        12.93        15.59
         2048         1000        23.67        12.87        12.89        16.24
         4096         1000        27.05        14.75        14.86        17.23
         8192         1000        29.90        15.83        16.01        12.08
        16384         1000        33.84        17.97        17.98        11.72
        32768         1000        42.81        22.32        22.60         9.34
        65536          640        59.24        30.83        30.88         7.97
       131072          320       150.97        75.87        76.89         2.34
       262144          160       139.67        72.47        72.41         7.19
       524288           80       183.45        94.47        94.58         5.92
      1048576           40       291.42       147.24       146.79         1.77
      2097152           20       456.61       238.62       238.06         8.41
      4194304           10      6369.73      3199.01      3181.55         0.34

#-----------------------------------------------------------------------------
# Benchmarking Iallgather 
# #processes = 2 
#-----------------------------------------------------------------------------
       #bytes #repetitions t_ovrl[usec] t_pure[usec]  t_CPU[usec]   overlap[%]
            0         1000         8.51         4.59         3.64         0.00
            1         1000        26.07        12.70        12.89         0.00
            2         1000        25.95        12.76        12.90         0.00
            4         1000        25.96        12.66        12.88         0.00
            8         1000        25.97        12.73        12.93         0.00
           16         1000        31.42        15.44        15.62         0.00
           32         1000        31.39        15.47        15.57         0.00
           64         1000        31.26        15.31        15.64         0.00
          128         1000        31.90        15.65        16.04         0.00
          256         1000        32.02        15.71        16.02         0.00
          512         1000        32.21        15.88        16.03         0.00
         1024         1000        32.87        16.16        16.40         0.00
         2048         1000        33.84        16.55        16.84         0.00
         4096         1000        38.96        19.09        19.57         0.00
         8192         1000        46.58        22.98        23.47         0.00
        16384         1000        56.20        27.57        27.89         0.00
        32768         1000        76.32        37.19        37.88         0.00
        65536          640       115.75        56.73        57.57         0.00
       131072          320       196.09        95.66        97.45         0.00
       262144          160       291.65       127.95       129.05         0.00
       524288           80       653.01       322.17       330.41         0.00
      1048576           40      1030.81       512.26       520.83         0.44
      2097152           20      1625.05       808.56       818.85         0.29
      4194304           10      6291.56      3218.60      3242.06         5.22

#-----------------------------------------------------------------------------
# Benchmarking Iallgatherv 
# #processes = 2 
#-----------------------------------------------------------------------------
       #bytes #repetitions t_ovrl[usec] t_pure[usec]  t_CPU[usec]   overlap[%]
            0         1000         9.11         4.93         4.02         0.00
            1         1000        27.18        13.46        13.66         0.00
            2         1000        27.95        13.41        13.74         0.00
            4         1000        27.28        13.35        13.72         0.00
            8         1000        27.25        13.33        13.70         0.00
           16         1000        32.71        16.07        16.41         0.00
           32         1000        32.67        15.99        16.40         0.00
           64         1000        32.12        15.60        16.02         0.00
          128         1000        32.88        16.06        16.39         0.00
          256         1000        32.76        16.06        16.38         0.00
          512         1000        33.07        16.22        16.42         0.00
         1024         1000        33.76        16.47        16.90         0.00
         2048         1000        34.55        16.96        17.29         0.00
         4096         1000        39.63        19.57        20.07         0.05
         8192         1000        47.40        23.23        23.62         0.00
        16384         1000        57.12        27.93        28.52         0.00
        32768         1000        76.35        37.36        38.41         0.00
        65536          640       110.70        54.24        55.27         0.00
       131072          320       199.11        96.99        99.12         0.00
       262144          160       301.31       128.25       130.27         0.00
       524288           80       666.83       332.16       336.83         0.64
      1048576           40      1024.04       516.75       524.60         3.30
      2097152           20      1606.38       800.73       809.97         0.53
      4194304           10      6480.88      3210.95      3226.90         0.00

#-----------------------------------------------------------------------------
# Benchmarking Igather 
# #processes = 2 
#-----------------------------------------------------------------------------
       #bytes #repetitions t_ovrl[usec] t_pure[usec]  t_CPU[usec]   overlap[%]
            0         1000         9.21         4.91         4.07         0.00
            1         1000        20.36        10.84        10.95        13.05
            2         1000        20.29        10.79        10.92        13.02
            4         1000        20.36        10.89        10.93        13.38
            8         1000        20.61        10.83        10.93        10.52
           16         1000        26.09        13.94        14.05        13.52
           32         1000        25.44        13.56        13.68        13.15
           64         1000        25.27        13.46        13.67        13.57
          128         1000        26.05        13.78        14.09        12.93
          256         1000        26.01        13.93        14.06        14.05
          512         1000        26.68        14.08        14.45        12.79
         1024         1000        25.83        13.45        13.68         9.46
         2048         1000        26.49        13.86        14.05        10.10
         4096         1000        29.46        15.34        15.64         9.74
         8192         1000        32.74        16.64        16.80         4.21
        16384         1000        37.34        18.75        19.11         2.72
        32768         1000        47.26        23.86        24.17         3.19
        65536          640        66.39        33.65        33.87         3.35
       131072          320       103.45        53.91        54.23         8.66
       262144          160       154.44        82.84        83.18        13.93
       524288           80       466.59       242.03       242.45         7.38
      1048576           40       834.05       436.44       440.96         9.83
      2097152           20      1372.72       692.61       695.30         2.18
      4194304           10      2561.95      1284.29      1288.60         0.85

#-----------------------------------------------------------------------------
# Benchmarking Igatherv 
# #processes = 2 
#-----------------------------------------------------------------------------
       #bytes #repetitions t_ovrl[usec] t_pure[usec]  t_CPU[usec]   overlap[%]
            0         1000         9.24         4.95         4.01         0.00
            1         1000        18.40         9.36         9.36         3.47
            2         1000        18.40         9.31         9.36         2.88
            4         1000        18.31         9.28         9.35         3.32
            8         1000        18.35         9.24         9.36         2.68
           16         1000        23.45        12.07        12.48         8.86
           32         1000        23.26        12.00        12.09         6.89
           64         1000        23.41        11.92        12.09         4.97
          128         1000        24.27        12.24        12.46         3.41
          256         1000        24.20        12.24        12.51         4.33
          512         1000        24.40        12.40        12.45         3.55
         1024         1000        24.98        12.70        12.87         4.61
         2048         1000        25.19        12.91        13.27         7.45
         4096         1000        28.16        14.14        14.43         2.81
         8192         1000        30.73        15.63        15.97         5.49
        16384         1000        35.76        18.10        18.32         3.62
        32768         1000        46.40        23.42        23.76         3.29
        65536          640        65.87        33.31        33.51         2.85
       131072          320       102.60        52.07        52.52         3.79
       262144          160       183.68        84.15        84.27         0.00
       524288           80       465.47       256.23       256.79        18.52
      1048576           40       819.98       433.27       434.15        10.93
      2097152           20      1368.02       690.35       694.54         2.43
      4194304           10      2548.50      1291.51      1293.95         2.86

#-----------------------------------------------------------------------------
# Benchmarking Iscatter 
# #processes = 2 
#-----------------------------------------------------------------------------
       #bytes #repetitions t_ovrl[usec] t_pure[usec]  t_CPU[usec]   overlap[%]
            0         1000         8.39         4.38         3.61         0.00
            1         1000        20.47        11.03        11.35        16.81
            2         1000        20.57        11.03        11.36        15.99
            4         1000        20.51        10.90        11.32        15.11
            8         1000        20.50        10.91        11.32        15.32
           16         1000        27.66        14.92        15.28        16.59
           32         1000        27.64        14.97        15.23        16.87
           64         1000        26.82        14.59        14.87        17.74
          128         1000        27.57        15.01        15.26        17.72
          256         1000        27.56        15.05        15.27        18.10
          512         1000        27.86        15.20        15.25        16.94
         1024         1000        28.64        15.66        16.02        19.00
         2048         1000        29.29        16.08        16.43        19.62
         4096         1000        31.88        17.81        17.96        21.66
         8192         1000        36.03        19.60        19.99        17.79
        16384         1000        40.20        21.69        21.88        15.40
        32768         1000        51.46        27.03        27.33        10.62
        65536          640        71.54        36.96        37.15         6.91
       131072          320       100.38        60.50        60.47        34.03
       262144          160       192.58        97.33        97.96         2.77
       524288           80       522.21       262.05       264.87         1.78
      1048576           40       900.08       453.72       456.71         2.27
      2097152           20      1483.93       746.91       752.90         2.11
      4194304           10      4401.35      2621.15      2637.24        32.50

#-----------------------------------------------------------------------------
# Benchmarking Iscatterv 
# #processes = 2 
#-----------------------------------------------------------------------------
       #bytes #repetitions t_ovrl[usec] t_pure[usec]  t_CPU[usec]   overlap[%]
            0         1000         9.14         4.79         4.06         0.00
            1         1000        17.60         9.73        10.15        22.54
            2         1000        17.63         9.74        10.17        22.47
            4         1000        17.28         9.67         9.78        22.15
            8         1000        17.24         9.71         9.77        22.97
           16         1000        22.92        12.69        12.89        20.57
           32         1000        22.92        12.65        12.89        20.33
           64         1000        22.44        12.46        12.51        20.21
          128         1000        22.84        12.50        12.49        17.17
          256         1000        23.05        12.82        12.90        20.66
          512         1000        23.65        12.94        13.33        19.66
         1024         1000        23.76        13.25        13.31        21.03
         2048         1000        24.81        13.82        14.11        22.08
         4096         1000        27.68        15.59        15.70        23.02
         8192         1000        31.47        17.07        17.26        16.60
        16384         1000        36.44        19.58        19.96        15.59
        32768         1000        47.22        24.70        25.00         9.91
        65536          640        67.09        34.39        34.33         4.76
       131072          320        99.49        60.87        60.97        36.65
       262144          160       178.53        91.96        92.22         6.13
       524288           80       517.73       260.22       263.53         2.28
      1048576           40       920.09       466.69       469.45         3.42
      2097152           20      1509.43       759.18       765.14         1.95
      4194304           10      4396.87      2617.17      2624.80        32.20

#-----------------------------------------------------------------------------
# Benchmarking Ialltoall 
# #processes = 2 
#-----------------------------------------------------------------------------
       #bytes #repetitions t_ovrl[usec] t_pure[usec]  t_CPU[usec]   overlap[%]
            0         1000        48.62        24.17        24.27         0.00
            1         1000        25.86        12.62        12.89         0.00
            2         1000        25.94        12.71        12.92         0.00
            4         1000        25.90        12.80        12.90         0.00
            8         1000        25.83        12.78        12.88         0.00
           16         1000        31.38        15.45        15.63         0.00
           32         1000        31.33        15.36        15.62         0.00
           64         1000        31.15        15.30        15.69         0.00
          128         1000        31.84        15.63        16.04         0.00
          256         1000        31.94        15.61        16.01         0.00
          512         1000        32.15        15.87        16.01         0.00
         1024         1000        32.77        16.14        16.42         0.00
         2048         1000        33.66        16.55        16.82         0.00
         4096         1000        38.51        18.92        19.19         0.00
         8192         1000        46.32        22.57        23.26         0.00
        16384         1000        56.13        27.41        28.06         0.00
        32768         1000        76.51        37.19        37.94         0.00
        65536          640       111.47        54.26        55.30         0.00
       131072          320       169.53        82.61        83.88         0.00
       262144          160       244.89       112.15       113.24         0.00
       524288           80       585.90       287.13       290.36         0.00
      1048576           40       985.91       483.14       480.91         0.00
      2097152           20      1584.15       784.05       796.14         0.00
      4194304           10      6436.73      3187.27      3206.49         0.00

#-----------------------------------------------------------------------------
# Benchmarking Ialltoallv 
# #processes = 2 
#-----------------------------------------------------------------------------
       #bytes #repetitions t_ovrl[usec] t_pure[usec]  t_CPU[usec]   overlap[%]
            0         1000         9.91         5.11         4.43         0.00
            1         1000        26.90        13.22        13.30         0.00
            2         1000        27.31        13.26        13.65         0.00
            4         1000        26.97        12.97        13.32         0.00
            8         1000        26.89        13.19        13.31         0.00
           16         1000        32.50        15.86        16.03         0.00
           32         1000        32.39        15.84        16.04         0.00
           64         1000        32.10        15.61        16.04         0.00
          128         1000        32.50        15.88        16.06         0.00
          256         1000        33.13        16.25        16.44         0.00
          512         1000        33.39        16.21        16.63         0.00
         1024         1000        33.89        16.46        16.84         0.00
         2048         1000        34.73        17.06        17.24         0.00
         4096         1000        39.63        19.53        19.95         0.00
         8192         1000        47.39        23.13        23.74         0.00
        16384         1000        57.05        27.91        28.28         0.00
        32768         1000        76.48        37.40        38.18         0.00
        65536          640       113.27        55.08        55.44         0.00
       131072          320       175.11        86.44        88.12         0.00
       262144          160       258.80       106.83       108.24         0.00
       524288           80       648.58       320.02       326.11         0.00
      1048576           40      1001.04       497.40       505.20         0.31
      2097152           20      1582.46       785.71       796.66         0.00
      4194304           10      6395.24      3200.70      3225.14         0.95

#-----------------------------------------------------------------------------
# Benchmarking Ireduce 
# #processes = 2 
#-----------------------------------------------------------------------------
       #bytes #repetitions t_ovrl[usec] t_pure[usec]  t_CPU[usec]   overlap[%]
            0         1000         9.98         5.21         4.42         0.00
            4         1000        25.09        12.91        13.31         8.51
            8         1000        25.15        12.99        13.31         8.59
           16         1000        30.01        14.67        14.84         0.00
           32         1000        29.94        14.85        14.88         0.00
           64         1000        29.83        14.73        14.86         0.00
          128         1000        29.82        14.64        14.87         0.00
          256         1000        29.99        14.73        14.88         0.00
          512         1000        30.21        15.58        16.06         8.92
         1024         1000        30.52        15.81        16.01         8.12
         2048         1000        31.22        15.56        15.75         0.54
         4096         1000        58.30        28.03        28.23         0.00
         8192         1000        67.98        34.41        34.87         3.73
        16384         1000        46.66        24.55        24.86        11.06
        32768         1000        60.85        32.00        32.35        10.82
        65536          640        88.11        47.10        47.70        14.02
       131072          320       221.54       105.78       107.93         0.00
       262144          160       626.79       285.22       288.52         0.00
       524288           80      1152.38       588.91       597.95         5.77
      1048576           40      1768.80       844.78       850.78         0.00
      2097152           20      4697.02      1429.36      1441.63         0.00
      4194304           10     24901.75      8018.71      8060.67         0.00

#-----------------------------------------------------------------------------
# Benchmarking Ireduce_scatter 
# #processes = 2 
#-----------------------------------------------------------------------------
       #bytes #repetitions t_ovrl[usec] t_pure[usec]  t_CPU[usec]   overlap[%]
            0            1         7.151512058144547626.00         0.95       100.00
            4            1        18.121512058144548216.00         0.95       100.00
            8            1        17.881512058144548543.00         0.95       100.00
           16            1        17.881512058144548930.00         0.00       100.00
           32            1        20.031512058144549246.00         0.00       100.00
           64            1        20.981512058144549546.00         0.95       100.00
          128            1        20.031512058144549836.00         0.00       100.00
          256            1        20.031512058144550112.00         0.00       100.00
          512            1        20.981512058144550388.00         0.95       100.00
         1024            1        20.031512058144550665.00         0.00       100.00
         2048            1        20.981512058144550940.00         0.00       100.00
         4096            1        22.171512058144551979.00         1.19       100.00
         8192            1        24.081512058144551521.00         1.19       100.00
        16384            1        29.091512058144551908.00         0.00       100.00
        32768            1        36.001512058144553112.00         0.95       100.00
        65536            1        61.041512058144553076.00         2.15       100.00
       131072            1       106.101512058144554192.00         2.15       100.00
       262144            1       246.051512058144556173.00         1.91       100.00
       524288            1       365.971512058144560121.00         0.95       100.00
      1048576            1       545.981512058144566657.75         3.10       100.00
      2097152            1      1135.111512058144575891.00         2.15       100.00
      4194304            1      1532.081512058144591714.25         1.91       100.00

#-----------------------------------------------------------------------------
# Benchmarking Iallreduce 
# #processes = 2 
#-----------------------------------------------------------------------------
       #bytes #repetitions t_ovrl[usec] t_pure[usec]  t_CPU[usec]   overlap[%]
            0         1000        30.60        15.13        15.33         0.00
            4         1000        31.77        15.68        16.07         0.00
            8         1000        31.74        15.62        16.05         0.00
           16         1000        36.81        18.10        18.37         0.00
           32         1000        36.87        18.20        18.39         0.00
           64         1000        36.67        18.02        18.33         0.00
          128         1000        36.69        18.03        18.39         0.00
          256         1000        36.92        18.15        18.41         0.00
          512         1000        36.90        18.04        18.45         0.00
         1024         1000        37.92        18.49        18.85         0.00
         2048         1000        38.82        19.05        19.61         0.00
         4096         1000        43.83        21.73        22.08         0.00
         8192         1000        71.06        35.17        35.30         0.00
        16384         1000        66.41        32.72        33.42         0.00
        32768         1000       108.22        52.96        53.99         0.00
        65536          640       162.31        75.92        79.27         0.00
       131072          320       242.75       118.75       120.29         0.00
       262144          160       571.06       289.37       293.17         3.91
       524288           80       982.87       484.24       493.69         0.00
      1048576           40      1684.90       838.77       843.32         0.00
      2097152           20      2640.28      1304.57      1315.45         0.00
      4194304           10     54232.38     27103.95     27139.78         0.04

#----------------------------------------------------------------
# Benchmarking Ibarrier 
# #processes = 2 
#----------------------------------------------------------------
 #repetitions t_ovrl[usec] t_pure[usec]  t_CPU[usec]   overlap[%]
         1000        20.91         9.72         9.87         0.00


# All processes entering MPI_Finalize

