#------------------------------------------------------------
#    Intel (R) MPI Benchmarks 2018 Update 1, MPI-1 part    
#------------------------------------------------------------
# Date                  : Fri Dec  1 14:01:05 2017
# Machine               : x86_64
# System                : Linux
# Release               : 4.4.74-92.35-default
# Version               : #1 SMP Mon Aug 7 18:24:48 UTC 2017 (c0fdc47)
# MPI Version           : 3.1
# MPI Thread Environment: 


# Calling sequence was: 

# ./IMB-MPI1

# Minimum message length in bytes:   0
# Maximum message length in bytes:   4194304
#
# MPI_Datatype                   :   MPI_BYTE 
# MPI_Datatype for reductions    :   MPI_FLOAT
# MPI_Op                         :   MPI_SUM  
#
#

# List of Benchmarks to run:

# PingPong
# PingPing
# Sendrecv
# Exchange
# Allreduce
# Reduce
# Reduce_scatter
# Allgather
# Allgatherv
# Gather
# Gatherv
# Scatter
# Scatterv
# Alltoall
# Alltoallv
# Bcast
# Barrier

#---------------------------------------------------
# Benchmarking PingPong 
# #processes = 2 
# ( 6 additional processes waiting in MPI_Barrier)
#---------------------------------------------------
       #bytes #repetitions      t[usec]   Mbytes/sec
            0         1000         3.27         0.00
            1         1000         3.30         0.30
            2         1000         3.27         0.61
            4         1000         3.30         1.21
            8         1000         3.25         2.46
           16         1000         5.10         3.14
           32         1000         5.12         6.25
           64         1000         4.99        12.82
          128         1000         5.05        25.34
          256         1000         5.10        50.22
          512         1000         5.20        98.53
         1024         1000         5.48       187.00
         2048         1000         5.87       349.04
         4096         1000         7.09       577.55
         8192         1000         8.56       957.06
        16384         1000        10.48      1562.62
        32768         1000        15.22      2153.10
        65536          640        23.67      2768.70
       131072          320        46.45      2821.79
       262144          160        65.02      4031.44
       524288           80        87.77      5973.48
      1048576           40       137.80      7609.41
      2097152           20       232.58      9017.01
      4194304           10       404.80     10361.45

#---------------------------------------------------
# Benchmarking PingPing 
# #processes = 2 
# ( 6 additional processes waiting in MPI_Barrier)
#---------------------------------------------------
       #bytes #repetitions      t[usec]   Mbytes/sec
            0         1000         3.83         0.00
            1         1000         3.84         0.26
            2         1000         4.00         0.50
            4         1000         3.83         1.04
            8         1000         3.88         2.06
           16         1000         7.30         2.19
           32         1000         7.23         4.43
           64         1000         7.08         9.04
          128         1000         7.13        17.95
          256         1000         7.19        35.58
          512         1000         7.37        69.47
         1024         1000         7.68       133.39
         2048         1000         8.11       252.65
         4096         1000        10.06       407.12
         8192         1000        13.25       618.36
        16384         1000        16.77       976.75
        32768         1000        26.13      1254.03
        65536          640        42.35      1547.60
       131072          320        60.02      2183.98
       262144          160        69.41      3776.61
       524288           80        95.89      5467.66
      1048576           40       145.30      7216.71
      2097152           20       248.94      8424.17
      4194304           10       421.98      9939.65

#-----------------------------------------------------------------------------
# Benchmarking Sendrecv 
# #processes = 2 
# ( 6 additional processes waiting in MPI_Barrier)
#-----------------------------------------------------------------------------
       #bytes #repetitions  t_min[usec]  t_max[usec]  t_avg[usec]   Mbytes/sec
            0         1000         3.20         3.20         3.20         0.00
            1         1000         3.20         3.20         3.20         0.62
            2         1000         3.24         3.25         3.24         1.23
            4         1000         3.26         3.26         3.26         2.45
            8         1000         3.19         3.20         3.19         5.01
           16         1000         6.10         6.10         6.10         5.25
           32         1000         6.03         6.04         6.03        10.60
           64         1000         5.86         5.87         5.87        21.81
          128         1000         5.91         5.92         5.92        43.27
          256         1000         6.04         6.05         6.04        84.70
          512         1000         6.32         6.32         6.32       161.90
         1024         1000         6.39         6.39         6.39       320.29
         2048         1000         7.00         7.00         7.00       585.23
         4096         1000         8.78         8.78         8.78       932.70
         8192         1000        11.08        11.08        11.08      1478.57
        16384         1000        14.89        14.90        14.90      2199.62
        32768         1000        24.55        24.55        24.55      2669.18
        65536          640        40.20        40.20        40.20      3260.26
       131072          320        56.52        56.53        56.52      4637.64
       262144          160        97.49        97.58        97.54      5372.81
       524288           80       117.20       117.20       117.20      8946.85
      1048576           40       254.60       254.73       254.66      8232.96
      2097152           20       275.91       276.16       276.04     15187.94
      4194304           10       452.90       453.50       453.20     18497.65

#-----------------------------------------------------------------------------
# Benchmarking Sendrecv 
# #processes = 4 
# ( 4 additional processes waiting in MPI_Barrier)
#-----------------------------------------------------------------------------
       #bytes #repetitions  t_min[usec]  t_max[usec]  t_avg[usec]   Mbytes/sec
            0         1000         3.18         3.19         3.18         0.00
            1         1000         3.24         3.24         3.24         0.62
            2         1000         3.35         3.35         3.35         1.19
            4         1000         3.25         3.26         3.26         2.45
            8         1000         3.22         3.22         3.22         4.97
           16         1000         6.74         6.74         6.74         4.75
           32         1000         6.95         6.96         6.95         9.20
           64         1000         6.55         6.55         6.55        19.54
          128         1000         6.24         6.24         6.24        41.01
          256         1000         6.64         6.64         6.64        77.06
          512         1000         7.22         7.23         7.23       141.69
         1024         1000         7.28         7.28         7.28       281.20
         2048         1000         8.27         8.27         8.27       495.15
         4096         1000        10.68        10.68        10.68       766.75
         8192         1000        13.32        13.33        13.33      1229.00
        16384         1000        20.17        20.19        20.18      1623.31
        32768         1000        31.21        31.23        31.22      2098.22
        65536          640        50.26        50.30        50.28      2605.63
       131072          320        67.95        68.07        68.02      3851.18
       262144          160        92.67        92.83        92.74      5647.75
       524288           80       134.25       134.65       134.45      7787.43
      1048576           40       200.42       203.30       202.47     10315.58
      2097152           20       354.99       361.96       359.81     11587.91
      4194304           10       487.30       489.81       488.88     17126.35

#-----------------------------------------------------------------------------
# Benchmarking Sendrecv 
# #processes = 8 
#-----------------------------------------------------------------------------
       #bytes #repetitions  t_min[usec]  t_max[usec]  t_avg[usec]   Mbytes/sec
            0         1000         3.37         3.37         3.37         0.00
            1         1000         3.45         3.46         3.46         0.58
            2         1000         3.40         3.41         3.41         1.17
            4         1000         3.41         3.42         3.41         2.34
            8         1000         3.37         3.37         3.37         4.75
           16         1000         7.39         7.39         7.39         4.33
           32         1000        12.37        12.48        12.41         5.13
           64         1000         7.03         7.06         7.04        18.13
          128         1000         7.12         7.13         7.13        35.91
          256         1000         7.32         7.33         7.32        69.87
          512         1000         7.94         7.95         7.94       128.85
         1024         1000         8.15         8.17         8.16       250.76
         2048         1000         8.71         8.77         8.76       466.78
         4096         1000        11.30        11.31        11.31       724.19
         8192         1000        14.51        14.53        14.52      1127.84
        16384         1000        21.45        21.49        21.47      1524.66
        32768         1000        31.59        31.67        31.62      2069.15
        65536          640        50.36        50.52        50.45      2594.60
       131072          320        77.61        78.14        77.94      3354.63
       262144          160        96.25        96.71        96.46      5421.15
       524288           80       131.71       132.58       132.15      7909.27
      1048576           40       181.00       185.75       183.35     11290.43
      2097152           20       309.05       317.00       312.77     13231.19
      4194304           10       520.09       552.70       547.55     15177.45

#-----------------------------------------------------------------------------
# Benchmarking Exchange 
# #processes = 2 
# ( 6 additional processes waiting in MPI_Barrier)
#-----------------------------------------------------------------------------
       #bytes #repetitions  t_min[usec]  t_max[usec]  t_avg[usec]   Mbytes/sec
            0         1000         7.19         7.19         7.19         0.00
            1         1000         7.81         7.81         7.81         0.51
            2         1000         7.85         7.85         7.85         1.02
            4         1000         7.95         7.95         7.95         2.01
            8         1000         7.99         7.99         7.99         4.00
           16         1000        11.56        11.56        11.56         5.53
           32         1000        11.46        11.46        11.46        11.17
           64         1000        11.19        11.19        11.19        22.87
          128         1000        11.39        11.39        11.39        44.94
          256         1000        11.48        11.49        11.49        89.15
          512         1000        11.72        11.72        11.72       174.73
         1024         1000        12.16        12.16        12.16       336.93
         2048         1000        12.99        12.99        12.99       630.59
         4096         1000        17.97        17.97        17.97       911.88
         8192         1000        24.40        24.40        24.40      1342.95
        16384         1000        34.30        34.31        34.31      1910.28
        32768         1000        51.34        51.35        51.34      2552.77
        65536          640        85.50        85.50        85.50      3066.12
       131072          320       115.48       115.48       115.48      4540.01
       262144          160       155.10       155.13       155.11      6759.53
       524288           80       237.61       238.29       237.95      8800.93
      1048576           40       364.43       364.63       364.53     11503.05
      2097152           20       656.10       656.15       656.13     12784.55
      4194304           10      1176.40      1181.32      1178.86     14202.14

#-----------------------------------------------------------------------------
# Benchmarking Exchange 
# #processes = 4 
# ( 4 additional processes waiting in MPI_Barrier)
#-----------------------------------------------------------------------------
       #bytes #repetitions  t_min[usec]  t_max[usec]  t_avg[usec]   Mbytes/sec
            0         1000         7.67         7.68         7.67         0.00
            1         1000         8.40         8.41         8.40         0.48
            2         1000         8.33         8.34         8.34         0.96
            4         1000         8.53         8.53         8.53         1.88
            8         1000         8.45         8.45         8.45         3.79
           16         1000        12.91        12.95        12.93         4.94
           32         1000        12.82        12.83        12.83         9.98
           64         1000        12.42        12.42        12.42        20.60
          128         1000        12.67        12.67        12.67        40.40
          256         1000        12.67        12.67        12.67        80.84
          512         1000        13.14        13.14        13.14       155.80
         1024         1000        13.57        13.57        13.57       301.82
         2048         1000        14.55        14.56        14.55       562.82
         4096         1000        20.62        20.64        20.63       793.68
         8192         1000        25.43        25.48        25.47      1285.82
        16384         1000        37.15        37.16        37.16      1763.53
        32768         1000        57.78        57.79        57.79      2268.11
        65536          640        97.09        97.15        97.12      2698.47
       131072          320       136.18       136.33       136.26      3845.60
       262144          160       169.59       169.93       169.81      6170.80
       524288           80       250.16       250.50       250.36      8371.85
      1048576           40       387.85       388.53       388.29     10795.40
      2097152           20       672.95       680.51       678.17     12327.01
      4194304           10      1161.48      1199.41      1189.17     13987.86

#-----------------------------------------------------------------------------
# Benchmarking Exchange 
# #processes = 8 
#-----------------------------------------------------------------------------
       #bytes #repetitions  t_min[usec]  t_max[usec]  t_avg[usec]   Mbytes/sec
            0         1000         7.91         7.94         7.92         0.00
            1         1000         8.61         8.62         8.61         0.46
            2         1000         8.58         8.59         8.59         0.93
            4         1000         8.71         8.72         8.71         1.84
            8         1000         8.69         8.70         8.69         3.68
           16         1000        13.25        13.25        13.25         4.83
           32         1000        13.32        13.33        13.32         9.61
           64         1000        12.90        12.91        12.90        19.83
          128         1000        12.99        12.99        12.99        39.41
          256         1000        13.15        13.16        13.16        77.79
          512         1000        13.66        13.66        13.66       149.88
         1024         1000        14.53        14.54        14.54       281.66
         2048         1000        15.56        15.57        15.56       526.14
         4096         1000        20.28        20.29        20.28       807.61
         8192         1000        26.56        26.59        26.58      1232.43
        16384         1000        38.70        38.76        38.73      1690.86
        32768         1000        59.05        59.13        59.09      2216.75
        65536          640        98.23        98.44        98.34      2662.92
       131072          320       144.97       145.26       145.17      3609.39
       262144          160       189.59       190.32       189.92      5509.57
       524288           80       247.25       249.49       248.78      8405.75
      1048576           40       391.57       395.35       393.62     10609.21
      2097152           20       670.46       689.30       681.52     12169.68
      4194304           10      1171.21      1212.19      1191.45     13840.40

#----------------------------------------------------------------
# Benchmarking Allreduce 
# #processes = 2 
# ( 6 additional processes waiting in MPI_Barrier)
#----------------------------------------------------------------
       #bytes #repetitions  t_min[usec]  t_max[usec]  t_avg[usec]
            0         1000         0.61         0.65         0.63
            4         1000         8.14         8.23         8.19
            8         1000         8.12         8.20         8.16
           16         1000        11.68        11.73        11.70
           32         1000        11.71        11.82        11.76
           64         1000        11.30        11.49        11.40
          128         1000        12.43        12.44        12.43
          256         1000        12.72        12.77        12.74
          512         1000        12.80        12.84        12.82
         1024         1000        13.23        13.27        13.25
         2048         1000        13.95        13.98        13.97
         4096         1000        16.26        16.30        16.28
         8192         1000        28.10        28.10        28.10
        16384         1000        26.16        26.29        26.23
        32768         1000        44.73        44.75        44.74
        65536          640        66.85        66.88        66.86
       131072          320       108.09       108.26       108.17
       262144          160       232.53       234.50       233.51
       524288           80       452.82       455.31       454.07
      1048576           40       785.55       801.22       793.39
      2097152           20      1277.90      1294.09      1285.99
      4194304           10      2174.40      2188.40      2181.40

#----------------------------------------------------------------
# Benchmarking Allreduce 
# #processes = 4 
# ( 4 additional processes waiting in MPI_Barrier)
#----------------------------------------------------------------
       #bytes #repetitions  t_min[usec]  t_max[usec]  t_avg[usec]
            0         1000         0.74         0.77         0.76
            4         1000        12.48        13.13        12.87
            8         1000        13.35        13.63        13.56
           16         1000        19.29        19.42        19.34
           32         1000        19.26        19.34        19.29
           64         1000        18.66        18.81        18.73
          128         1000        20.11        20.63        20.28
          256         1000        20.40        20.64        20.52
          512         1000        20.59        20.83        20.69
         1024         1000        21.45        21.53        21.47
         2048         1000        22.76        22.83        22.78
         4096         1000        27.18        27.63        27.45
         8192         1000        34.51        34.94        34.80
        16384         1000        46.41        46.49        46.46
        32768         1000        70.78        71.19        71.02
        65536          640       116.10       116.47       116.28
       131072          320       183.37       184.22       183.67
       262144          160       372.60       374.31       373.42
       524288           80       772.56       789.79       781.67
      1048576           40      1216.53      1278.49      1236.56
      2097152           20      1878.49      1951.79      1908.07
      4194304           10     14057.42     15402.87     14724.65

#----------------------------------------------------------------
# Benchmarking Allreduce 
# #processes = 8 
#----------------------------------------------------------------
       #bytes #repetitions  t_min[usec]  t_max[usec]  t_avg[usec]
            0         1000         0.78         0.82         0.80
            4         1000        16.53        17.42        17.02
            8         1000        16.76        17.34        17.01
           16         1000        27.08        27.77        27.39
           32         1000        26.47        26.87        26.65
           64         1000        25.19        25.87        25.53
          128         1000        27.36        27.78        27.59
          256         1000        27.67        28.12        27.91
          512         1000        28.36        28.58        28.47
         1024         1000        29.99        30.46        30.26
         2048         1000        32.10        32.61        32.35
         4096         1000        38.78        39.90        39.53
         8192         1000        50.05        51.27        50.90
        16384         1000        69.16        70.27        69.55
        32768         1000       100.38       100.86       100.61
        65536          640       142.59       145.24       144.25
       131072          320       241.49       248.51       244.33
       262144          160       520.96       528.55       524.64
       524288           80       994.51      1045.24      1021.52
      1048576           40      1568.32      1617.21      1595.33
      2097152           20      2340.83      2447.66      2404.80
      4194304           10     13089.99     18666.98     16629.31

#----------------------------------------------------------------
# Benchmarking Reduce 
# #processes = 2 
# ( 6 additional processes waiting in MPI_Barrier)
#----------------------------------------------------------------
       #bytes #repetitions  t_min[usec]  t_max[usec]  t_avg[usec]
            0         1000         0.79         0.83         0.81
            4         1000         5.51         7.65         6.58
            8         1000         5.65         7.57         6.61
           16         1000         9.70        10.58        10.14
           32         1000         9.70        10.56        10.13
           64         1000         9.48        10.40         9.94
          128         1000        10.19        11.18        10.68
          256         1000        10.17        11.15        10.66
          512         1000        10.27        11.25        10.76
         1024         1000        10.40        11.44        10.92
         2048         1000        11.04        11.83        11.43
         4096         1000        12.62        13.18        12.90
         8192         1000        14.43        14.50        14.47
        16384         1000        19.24        20.79        20.01
        32768         1000        24.32        28.36        26.34
        65536          640        34.77        43.39        39.08
       131072          320        92.40        94.34        93.37
       262144          160       192.54       194.94       193.74
       524288           80       401.44       408.35       404.90
      1048576           40       795.60       798.95       797.28
      2097152           20      1562.62      1567.61      1565.12
      4194304           10      3081.18      3085.26      3083.22

#----------------------------------------------------------------
# Benchmarking Reduce 
# #processes = 4 
# ( 4 additional processes waiting in MPI_Barrier)
#----------------------------------------------------------------
       #bytes #repetitions  t_min[usec]  t_max[usec]  t_avg[usec]
            0         1000         0.91         0.97         0.94
            4         1000         6.59        15.31        10.44
            8         1000         6.60        14.99        10.36
           16         1000        11.56        18.47        14.44
           32         1000        11.45        18.26        14.36
           64         1000        11.10        17.84        13.95
          128         1000        12.44        18.88        15.19
          256         1000        12.47        19.03        15.29
          512         1000        12.93        19.91        15.93
         1024         1000        14.77        18.47        16.13
         2048         1000        16.13        20.04        17.26
         4096         1000        19.17        24.69        21.88
         8192         1000        16.74        30.25        23.31
        16384         1000        19.54        37.57        28.29
        32768         1000        25.21        54.01        38.27
        65536          640        35.12        83.36        56.64
       131072          320       156.74       186.75       174.47
       262144          160       338.29       379.55       358.79
       524288           80       734.45       806.75       774.78
      1048576           40      1481.22      1579.55      1543.23
      2097152           20      3025.39      3167.77      3122.53
      4194304           10      6225.25      6487.85      6412.28

#----------------------------------------------------------------
# Benchmarking Reduce 
# #processes = 8 
#----------------------------------------------------------------
       #bytes #repetitions  t_min[usec]  t_max[usec]  t_avg[usec]
            0         1000         0.95         0.99         0.97
            4         1000         6.65        19.87        11.36
            8         1000         6.69        19.52        11.24
           16         1000        11.67        24.02        16.30
           32         1000        11.83        25.14        16.82
           64         1000        11.27        23.52        15.89
          128         1000        12.67        25.22        17.30
          256         1000        12.68        25.62        17.53
          512         1000        13.21        25.98        17.95
         1024         1000        14.08        26.21        18.01
         2048         1000        15.11        27.88        19.07
         4096         1000        15.51        34.43        22.47
         8192         1000        17.02        42.66        26.58
        16384         1000        20.12        55.30        33.23
        32768         1000        25.28        79.34        44.26
        65536          640        35.10       128.28        67.60
       131072          320       157.77       258.39       217.82
       262144          160       352.23       482.99       428.34
       524288           80       795.64       986.69       911.44
      1048576           40      1554.87      1823.64      1735.19
      2097152           20      3119.59      3513.48      3403.56
      4194304           10      6403.78      7019.42      6870.37

#----------------------------------------------------------------
# Benchmarking Reduce_scatter 
# #processes = 2 
# ( 6 additional processes waiting in MPI_Barrier)
#----------------------------------------------------------------
       #bytes #repetitions  t_min[usec]  t_max[usec]  t_avg[usec]
            0         1000         1.55         1.56         1.56
            4         1000         8.00         8.25         8.12
            8         1000         8.42         8.49         8.46
           16         1000         8.36         8.40         8.38
           32         1000        11.78        11.95        11.87
           64         1000        11.82        11.88        11.85
          128         1000        11.39        11.40        11.40
          256         1000        12.72        12.94        12.83
          512         1000        12.68        12.70        12.69
         1024         1000        12.98        13.32        13.15
         2048         1000        13.60        13.67        13.64
         4096         1000        14.35        14.42        14.39
         8192         1000        16.68        16.78        16.73
        16384         1000        20.28        20.41        20.35
        32768         1000        26.63        26.69        26.66
        65536          640        38.58        38.68        38.63
       131072          320        60.80        61.33        61.07
       262144          160        97.14        97.32        97.23
       524288           80       207.02       211.18       209.10
      1048576           40       477.24       486.15       481.69
      2097152           20       831.65       839.33       835.49
      4194304           10      1483.96      1484.27      1484.12

#----------------------------------------------------------------
# Benchmarking Reduce_scatter 
# #processes = 4 
# ( 4 additional processes waiting in MPI_Barrier)
#----------------------------------------------------------------
       #bytes #repetitions  t_min[usec]  t_max[usec]  t_avg[usec]
            0         1000         1.69         1.73         1.72
            4         1000         6.97        16.18        11.07
            8         1000         7.03        17.10        11.86
           16         1000        14.19        14.96        14.62
           32         1000        19.15        19.66        19.41
           64         1000        20.41        20.60        20.49
          128         1000        21.10        21.66        21.45
          256         1000        20.96        21.27        21.13
          512         1000        22.04        22.30        22.16
         1024         1000        22.00        22.23        22.10
         2048         1000        22.71        22.88        22.81
         4096         1000        23.97        24.17        24.10
         8192         1000        28.51        28.89        28.70
        16384         1000        34.83        35.37        35.17
        32768         1000        45.11        45.75        45.55
        65536          640        66.74        68.74        67.59
       131072          320       102.73       104.28       103.54
       262144          160       187.71       188.87       188.32
       524288           80       407.51       434.10       424.55
      1048576           40       545.15       575.59       563.31
      2097152           20      1239.06      1307.39      1282.92
      4194304           10      2119.90      2252.03      2203.82

#----------------------------------------------------------------
# Benchmarking Reduce_scatter 
# #processes = 8 
#----------------------------------------------------------------
       #bytes #repetitions  t_min[usec]  t_max[usec]  t_avg[usec]
            0         1000         1.78         1.84         1.81
            4         1000         7.30        20.76        12.28
            8         1000         7.29        24.02        12.97
           16         1000        12.72        25.38        18.29
           32         1000        23.73        26.40        24.85
           64         1000        27.33        28.04        27.64
          128         1000        28.79        29.15        28.93
          256         1000        28.58        29.04        28.75
          512         1000        28.26        28.94        28.55
         1024         1000        29.33        29.81        29.53
         2048         1000        31.04        31.50        31.23
         4096         1000        31.91        32.27        32.07
         8192         1000        40.01        40.96        40.39
        16384         1000        46.45        47.51        46.89
        32768         1000        59.45        60.25        59.93
        65536          640        88.60        90.21        89.41
       131072          320       156.81       158.66       157.79
       262144          160       266.68       270.34       267.82
       524288           80       524.31       533.46       529.96
      1048576           40      1084.54      1136.03      1104.44
      2097152           20      1671.85      1759.47      1731.98
      4194304           10      3047.80      3126.43      3082.54

#----------------------------------------------------------------
# Benchmarking Allgather 
# #processes = 2 
# ( 6 additional processes waiting in MPI_Barrier)
#----------------------------------------------------------------
       #bytes #repetitions  t_min[usec]  t_max[usec]  t_avg[usec]
            0         1000         0.63         0.64         0.64
            1         1000         5.83         5.94         5.88
            2         1000         6.03         6.05         6.04
            4         1000         5.84         5.97         5.91
            8         1000         5.95         6.09         6.02
           16         1000         9.46         9.58         9.52
           32         1000         9.45         9.48         9.46
           64         1000         9.17         9.27         9.22
          128         1000         9.67         9.71         9.69
          256         1000         9.78         9.81         9.80
          512         1000        10.04        10.10        10.07
         1024         1000        10.20        10.21        10.20
         2048         1000        10.72        10.73        10.72
         4096         1000        12.72        12.75        12.74
         8192         1000        15.62        15.62        15.62
        16384         1000        20.19        20.26        20.22
        32768         1000        29.38        29.56        29.47
        65536          640        46.38        46.49        46.44
       131072          320        87.12        87.73        87.42
       262144          160       122.75       122.77       122.76
       524288           80       285.68       295.74       290.71
      1048576           40       475.61       489.95       482.78
      2097152           20       792.59       799.36       795.97
      4194304           10      1380.49      1383.95      1382.22

#----------------------------------------------------------------
# Benchmarking Allgather 
# #processes = 4 
# ( 4 additional processes waiting in MPI_Barrier)
#----------------------------------------------------------------
       #bytes #repetitions  t_min[usec]  t_max[usec]  t_avg[usec]
            0         1000         0.79         0.80         0.79
            1         1000        10.12        10.91        10.50
            2         1000        10.27        10.72        10.50
            4         1000        10.17        10.96        10.59
            8         1000        13.82        14.90        14.41
           16         1000        16.77        16.88        16.84
           32         1000        16.60        16.69        16.64
           64         1000        16.30        16.52        16.43
          128         1000        16.84        17.09        16.98
          256         1000        17.05        17.23        17.17
          512         1000        17.67        17.78        17.73
         1024         1000        18.47        18.62        18.56
         2048         1000        21.27        21.53        21.38
         4096         1000        25.82        26.08        25.95
         8192         1000        33.24        33.53        33.41
        16384         1000        47.03        47.26        47.17
        32768         1000        73.76        74.19        74.00
        65536          640       137.65       140.96       139.13
       131072          320       194.64       231.35       213.08
       262144          160       204.17       248.72       226.71
       524288           80       363.11       381.59       372.59
      1048576           40       841.37       865.01       854.86
      2097152           20      1050.57      1079.73      1070.67
      4194304           10      2897.48      5977.23      4434.48

#----------------------------------------------------------------
# Benchmarking Allgather 
# #processes = 8 
#----------------------------------------------------------------
       #bytes #repetitions  t_min[usec]  t_max[usec]  t_avg[usec]
            0         1000         0.81         1.14         0.88
            1         1000        13.92        15.29        14.48
            2         1000        14.07        14.98        14.53
            4         1000        17.43        18.84        18.11
            8         1000        20.65        21.73        21.14
           16         1000        23.25        23.60        23.39
           32         1000        23.24        23.55        23.37
           64         1000        22.82        23.22        23.05
          128         1000        23.81        24.12        23.94
          256         1000        24.32        24.56        24.44
          512         1000        25.84        26.18        26.03
         1024         1000        29.28        30.18        29.84
         2048         1000        35.43        36.05        35.71
         4096         1000        45.31        45.70        45.51
         8192         1000        61.93        62.82        62.40
        16384         1000        94.25        96.65        95.55
        32768         1000       178.28       213.52       193.62
        65536          640       261.33       319.68       298.10
       131072          320       287.82       353.61       321.52
       262144          160       349.26       456.64       405.39
       524288           80       632.24       715.33       669.69
      1048576           40      1076.96      1135.69      1107.37
      2097152           20      7234.12      8378.52      8019.04
      4194304           10     13860.46     27081.11     21913.43

#----------------------------------------------------------------
# Benchmarking Allgatherv 
# #processes = 2 
# ( 6 additional processes waiting in MPI_Barrier)
#----------------------------------------------------------------
       #bytes #repetitions  t_min[usec]  t_max[usec]  t_avg[usec]
            0         1000         0.79         0.80         0.80
            1         1000         6.78         6.94         6.86
            2         1000         6.99         7.12         7.06
            4         1000         7.14         7.24         7.19
            8         1000         7.10         7.12         7.11
           16         1000        10.23        10.35        10.29
           32         1000        10.21        10.32        10.26
           64         1000         9.87         9.97         9.92
          128         1000        10.36        10.43        10.40
          256         1000        10.36        10.51        10.43
          512         1000        10.57        10.69        10.63
         1024         1000        10.93        10.99        10.96
         2048         1000        11.48        11.49        11.48
         4096         1000        13.59        13.60        13.59
         8192         1000        16.53        16.72        16.62
        16384         1000        21.41        21.74        21.58
        32768         1000        30.49        30.60        30.55
        65536          640        47.28        47.48        47.38
       131072          320        86.68        88.30        87.49
       262144          160       127.11       131.18       129.14
       524288           80       293.84       303.16       298.50
      1048576           40       487.67       500.49       494.08
      2097152           20       811.04       818.80       814.92
      4194304           10      1373.53      1385.16      1379.35

#----------------------------------------------------------------
# Benchmarking Allgatherv 
# #processes = 4 
# ( 4 additional processes waiting in MPI_Barrier)
#----------------------------------------------------------------
       #bytes #repetitions  t_min[usec]  t_max[usec]  t_avg[usec]
            0         1000         0.94         0.98         0.97
            1         1000        12.91        13.33        13.13
            2         1000        13.08        13.29        13.18
            4         1000        13.02        13.43        13.21
            8         1000        16.74        17.24        16.94
           16         1000        19.12        19.36        19.28
           32         1000        19.61        19.82        19.69
           64         1000        19.51        19.83        19.70
          128         1000        20.07        20.57        20.36
          256         1000        20.34        20.52        20.47
          512         1000        21.01        21.24        21.13
         1024         1000        21.61        22.16        21.90
         2048         1000        25.14        25.48        25.30
         4096         1000        30.01        30.30        30.17
         8192         1000        38.70        39.74        39.23
        16384         1000        54.28        54.62        54.50
        32768         1000        83.22        84.27        83.70
        65536          640       138.57       143.15       141.44
       131072          320       297.58       299.73       298.42
       262144          160       331.85       346.28       341.05
       524288           80       581.21       595.95       588.22
      1048576           40       901.93       964.92       943.48
      2097152           20      1580.68      1727.62      1674.36
      4194304           10      2808.26      2946.76      2901.68

#----------------------------------------------------------------
# Benchmarking Allgatherv 
# #processes = 8 
#----------------------------------------------------------------
       #bytes #repetitions  t_min[usec]  t_max[usec]  t_avg[usec]
            0         1000         0.98         1.03         1.00
            1         1000        16.98        18.07        17.43
            2         1000        17.37        18.22        17.85
            4         1000        20.84        21.80        21.33
            8         1000        24.32        25.49        24.95
           16         1000        27.21        27.58        27.44
           32         1000        27.07        27.31        27.23
           64         1000        26.70        27.28        27.08
          128         1000        27.53        28.22        27.96
          256         1000        28.21        28.63        28.48
          512         1000        29.39        30.26        29.86
         1024         1000        34.24        34.59        34.42
         2048         1000        41.02        42.18        41.38
         4096         1000        50.72        51.50        51.02
         8192         1000        69.07        70.63        70.04
        16384         1000       107.38       109.40       108.42
        32768         1000       201.87       207.28       204.46
        65536          640       373.41       381.64       376.86
       131072          320       710.60       749.65       728.15
       262144          160       757.03       793.87       771.08
       524288           80      1176.29      1263.57      1215.52
      1048576           40      1778.88      1977.15      1860.98
      2097152           20      5792.07      8729.26      7432.94
      4194304           10     23513.58     32081.79     27687.80

#----------------------------------------------------------------
# Benchmarking Gather 
# #processes = 2 
# ( 6 additional processes waiting in MPI_Barrier)
#----------------------------------------------------------------
       #bytes #repetitions  t_min[usec]  t_max[usec]  t_avg[usec]
            0         1000         0.72         0.73         0.72
            1         1000         2.97         5.62         4.30
            2         1000         3.09         5.55         4.32
            4         1000         2.98         5.73         4.36
            8         1000         3.06         5.53         4.29
           16         1000         8.66         9.84         9.25
           32         1000         8.40         9.52         8.96
           64         1000         8.13         9.24         8.68
          128         1000         7.67         8.24         7.95
          256         1000         7.70         8.21         7.95
          512         1000         7.77         8.39         8.08
         1024         1000         7.96         8.90         8.43
         2048         1000         8.20         9.47         8.83
         4096         1000        10.08        11.15        10.62
         8192         1000        11.43        12.14        11.78
        16384         1000        13.74        14.63        14.18
        32768         1000        18.10        19.27        18.69
        65536          640        27.53        28.91        28.22
       131072          320        48.54        49.82        49.18
       262144          160        69.41        85.69        77.55
       524288           80       198.80       203.68       201.24
      1048576           40       373.02       375.94       374.48
      2097152           20       670.56       671.51       671.04
      4194304           10      1252.20      1252.84      1252.52

#----------------------------------------------------------------
# Benchmarking Gather 
# #processes = 4 
# ( 4 additional processes waiting in MPI_Barrier)
#----------------------------------------------------------------
       #bytes #repetitions  t_min[usec]  t_max[usec]  t_avg[usec]
            0         1000         0.84         0.89         0.86
            1         1000         3.22         9.73         4.89
            2         1000         3.26         9.67         4.91
            4         1000         3.21         9.93         4.94
            8         1000         3.16         9.69         4.86
           16         1000         9.57        10.92        10.04
           32         1000         9.63        10.90        10.07
           64         1000         9.13        10.46         9.60
          128         1000         9.51        11.07        10.05
          256         1000         9.42        11.00         9.98
          512         1000         9.70        11.24        10.23
         1024         1000        10.14        11.50        10.61
         2048         1000        11.15        12.83        11.66
         4096         1000        13.82        15.48        14.46
         8192         1000        17.36        18.82        17.93
        16384         1000        23.25        24.72        24.01
        32768         1000        35.59        37.30        36.64
        65536          640        61.71        65.44        64.13
       131072          320       125.66       138.00       134.42
       262144          160       108.17       113.06       110.56
       524288           80       255.34       279.35       270.85
      1048576           40       508.04       535.36       526.25
      2097152           20       957.75       996.17       984.60
      4194304           10      1884.22      1921.58      1910.20

#----------------------------------------------------------------
# Benchmarking Gather 
# #processes = 8 
#----------------------------------------------------------------
       #bytes #repetitions  t_min[usec]  t_max[usec]  t_avg[usec]
            0         1000         0.86         0.91         0.88
            1         1000         3.25        15.47         4.86
            2         1000         3.28        16.01         4.95
            4         1000         3.19        15.45         4.83
            8         1000         3.25        15.51         4.83
           16         1000        11.76        17.14        13.46
           32         1000        11.81        21.36        14.00
           64         1000        11.16        16.43        12.76
          128         1000        12.17        17.44        13.78
          256         1000        11.92        17.37        13.48
          512         1000        12.34        17.87        14.01
         1024         1000        13.24        18.67        14.84
         2048         1000        14.68        20.11        16.44
         4096         1000        20.36        25.59        22.03
         8192         1000        26.72        32.08        28.57
        16384         1000        40.62        45.83        42.64
        32768         1000        72.63        78.86        76.28
        65536          640       158.94       182.41       164.78
       131072          320       265.20       300.86       272.58
       262144          160       172.91       200.38       184.95
       524288           80       403.93       460.59       435.15
      1048576           40       792.84       884.12       853.82
      2097152           20      1569.72      1678.41      1644.53
      4194304           10      3158.31      3281.43      3240.39

#----------------------------------------------------------------
# Benchmarking Gatherv 
# #processes = 2 
# ( 6 additional processes waiting in MPI_Barrier)
#----------------------------------------------------------------
       #bytes #repetitions  t_min[usec]  t_max[usec]  t_avg[usec]
            0         1000         0.82         1.77         1.29
            1         1000         2.87         5.73         4.30
            2         1000         2.87         5.70         4.28
            4         1000         2.86         5.78         4.32
            8         1000         2.87         5.66         4.27
           16         1000         7.60         8.12         7.86
           32         1000         7.60         8.16         7.88
           64         1000         7.54         8.04         7.79
          128         1000         7.88         8.42         8.15
          256         1000         7.90         8.47         8.18
          512         1000         8.22         8.82         8.52
         1024         1000         8.44         9.08         8.76
         2048         1000         8.68         9.33         9.00
         4096         1000        10.35        11.01        10.68
         8192         1000        11.67        12.29        11.98
        16384         1000        14.17        14.97        14.57
        32768         1000        19.72        20.50        20.11
        65536          640        29.71        30.67        30.19
       131072          320        48.28        49.10        48.69
       262144          160        73.34        85.73        79.53
       524288           80       207.96       209.27       208.62
      1048576           40       379.81       385.54       382.67
      2097152           20       670.22       675.37       672.79
      4194304           10      1245.43      1250.29      1247.86

#----------------------------------------------------------------
# Benchmarking Gatherv 
# #processes = 4 
# ( 4 additional processes waiting in MPI_Barrier)
#----------------------------------------------------------------
       #bytes #repetitions  t_min[usec]  t_max[usec]  t_avg[usec]
            0         1000         0.89         2.02         1.21
            1         1000         2.92        10.08         4.78
            2         1000         2.94        10.03         4.78
            4         1000         2.93        10.02         4.77
            8         1000         2.91        10.06         4.77
           16         1000         9.67        11.45        10.30
           32         1000         9.78        10.89        10.20
           64         1000         9.39        10.72         9.86
          128         1000         9.81        11.33        10.37
          256         1000         9.68        11.17        10.19
          512         1000        10.03        11.52        10.52
         1024         1000        10.17        11.77        10.71
         2048         1000        10.98        12.57        11.50
         4096         1000        13.92        15.96        14.92
         8192         1000        17.24        18.88        17.97
        16384         1000        23.61        25.09        24.41
        32768         1000        35.59        37.59        36.82
        65536          640        61.93        66.07        64.63
       131072          320       124.67       138.48       133.51
       262144          160       109.09       115.12       111.23
       524288           80       263.54       282.12       273.10
      1048576           40       502.86       534.60       524.23
      2097152           20       950.80       989.97       977.92
      4194304           10      1890.25      1917.60      1906.86

#----------------------------------------------------------------
# Benchmarking Gatherv 
# #processes = 8 
#----------------------------------------------------------------
       #bytes #repetitions  t_min[usec]  t_max[usec]  t_avg[usec]
            0         1000         0.94         2.92         1.23
            1         1000         2.90        16.73         4.76
            2         1000         2.91        16.92         4.80
            4         1000         2.89        16.85         4.75
            8         1000         2.90        16.79         4.74
           16         1000        12.88        18.41        14.65
           32         1000        12.90        18.50        14.60
           64         1000        12.02        17.97        14.01
          128         1000        12.74        18.84        14.86
          256         1000        12.33        18.39        14.51
          512         1000        12.77        18.79        14.91
         1024         1000        13.58        19.85        15.78
         2048         1000        15.02        21.47        17.42
         4096         1000        20.44        26.94        23.08
         8192         1000        27.25        33.48        29.49
        16384         1000        40.75        47.08        43.49
        32768         1000        73.78        80.98        77.89
        65536          640       157.84       184.30       163.93
       131072          320       264.14       303.44       271.80
       262144          160       174.70       207.75       190.36
       524288           80       386.37       465.17       437.20
      1048576           40       793.52       891.42       858.62
      2097152           20      1531.91      1680.76      1646.18
      4194304           10      3139.28      3279.07      3236.08

#----------------------------------------------------------------
# Benchmarking Scatter 
# #processes = 2 
# ( 6 additional processes waiting in MPI_Barrier)
#----------------------------------------------------------------
       #bytes #repetitions  t_min[usec]  t_max[usec]  t_avg[usec]
            0         1000         0.78         0.80         0.79
            1         1000         4.15         5.96         5.06
            2         1000         4.11         5.93         5.02
            4         1000         4.11         5.88         5.00
            8         1000         4.27         6.18         5.22
           16         1000         8.34         9.47         8.90
           32         1000         8.12         9.25         8.68
           64         1000         7.85         8.98         8.41
          128         1000         8.09         9.32         8.71
          256         1000         8.26         9.47         8.87
          512         1000         8.31         9.54         8.93
         1024         1000         8.53         9.84         9.18
         2048         1000         9.01        10.44         9.72
         4096         1000        10.64        12.11        11.37
         8192         1000        11.86        13.57        12.71
        16384         1000        14.21        16.12        15.17
        32768         1000        18.83        21.77        20.30
        65536          640        27.84        32.52        30.18
       131072          320        58.71        61.05        59.88
       262144          160        73.06        88.21        80.64
       524288           80       248.14       270.94       259.54
      1048576           40       218.86       449.09       333.97
      2097152           20       760.72       786.47       773.60
      4194304           10      1330.35      1371.19      1350.77

#----------------------------------------------------------------
# Benchmarking Scatter 
# #processes = 4 
# ( 4 additional processes waiting in MPI_Barrier)
#----------------------------------------------------------------
       #bytes #repetitions  t_min[usec]  t_max[usec]  t_avg[usec]
            0         1000         0.94         0.97         0.96
            1         1000         6.21         7.55         6.83
            2         1000         6.16         7.52         6.81
            4         1000         6.22         7.57         6.88
            8         1000         6.06         7.33         6.71
           16         1000         7.37        11.49         9.14
           32         1000         7.37        11.52         9.10
           64         1000         7.26        11.52         9.05
          128         1000         7.47        11.74         9.21
          256         1000         7.55        11.73         9.34
          512         1000         7.80        11.90         9.56
         1024         1000         8.07        12.24         9.97
         2048         1000         8.68        12.85        10.59
         4096         1000        11.12        15.63        13.28
         8192         1000        12.87        20.74        16.98
        16384         1000        15.85        26.54        21.89
        32768         1000        18.58        43.10        31.90
        65536          640        27.76        67.01        50.56
       131072          320        53.56        92.58        76.16
       262144          160        84.19       166.72       128.17
       524288           80       258.03       410.22       343.62
      1048576           40       444.56       670.86       573.69
      2097152           20       737.29      1146.03       978.45
      4194304           10      1345.01      2159.60      1843.70

#----------------------------------------------------------------
# Benchmarking Scatter 
# #processes = 8 
#----------------------------------------------------------------
       #bytes #repetitions  t_min[usec]  t_max[usec]  t_avg[usec]
            0         1000         0.94         0.98         0.95
            1         1000         6.42        11.20         8.02
            2         1000         6.42        11.43         8.18
            4         1000         6.25        11.27         8.01
            8         1000         6.27        11.32         8.05
           16         1000         8.10        15.65         9.84
           32         1000         8.10        15.44         9.73
           64         1000         7.90        15.01         9.46
          128         1000         8.18        15.48         9.85
          256         1000         8.37        15.84        10.05
          512         1000         8.47        16.28        10.37
         1024         1000         8.64        17.13        10.82
         2048         1000         9.07        18.86        11.95
         4096         1000        10.86        24.81        15.99
         8192         1000        13.06        36.91        22.58
        16384         1000        15.64        50.04        31.00
        32768         1000        19.74        83.83        51.76
        65536          640        31.98       157.77        95.89
       131072          320        58.38       170.17       109.24
       262144          160       125.24       369.86       250.18
       524288           80       278.75       764.83       512.06
      1048576           40       455.83      1152.59       829.90
      2097152           20       748.43      2058.33      1459.16
      4194304           10      1297.97      3508.59      2520.75

#----------------------------------------------------------------
# Benchmarking Scatterv 
# #processes = 2 
# ( 6 additional processes waiting in MPI_Barrier)
#----------------------------------------------------------------
       #bytes #repetitions  t_min[usec]  t_max[usec]  t_avg[usec]
            0         1000         0.86         1.73         1.30
            1         1000         4.95         5.96         5.45
            2         1000         5.01         6.00         5.51
            4         1000         5.03         6.04         5.53
            8         1000         5.06         6.00         5.53
           16         1000         8.09         9.41         8.75
           32         1000         8.19         9.47         8.83
           64         1000         7.90         9.20         8.55
          128         1000         8.16         9.57         8.87
          256         1000         9.10         9.65         9.37
          512         1000         8.49         9.91         9.20
         1024         1000         8.72        10.13         9.42
         2048         1000         9.24        10.58         9.91
         4096         1000        11.03        12.61        11.82
         8192         1000        12.36        14.05        13.20
        16384         1000        14.84        16.42        15.63
        32768         1000        20.15        21.78        20.96
        65536          640        29.34        31.25        30.30
       131072          320        54.47        56.76        55.61
       262144          160        78.37        96.20        87.29
       524288           80       238.70       256.43       247.56
      1048576           40       435.67       461.64       448.66
      2097152           20       756.17       782.88       769.53
      4194304           10      1328.56      1356.03      1342.30

#----------------------------------------------------------------
# Benchmarking Scatterv 
# #processes = 4 
# ( 4 additional processes waiting in MPI_Barrier)
#----------------------------------------------------------------
       #bytes #repetitions  t_min[usec]  t_max[usec]  t_avg[usec]
            0         1000         0.91         1.97         1.21
            1         1000         6.09         7.74         6.90
            2         1000         5.98         7.87         6.91
            4         1000         5.94         7.58         6.75
            8         1000         6.01         7.71         6.85
           16         1000         6.89        11.32         8.63
           32         1000         6.93        11.32         8.70
           64         1000         6.75        11.11         8.45
          128         1000         7.13        11.46         8.77
          256         1000         7.09        11.49         8.81
          512         1000         7.41        11.70         9.15
         1024         1000         7.69        12.06         9.43
         2048         1000         8.48        12.88        10.29
         4096         1000        10.77        15.57        13.02
         8192         1000        12.72        20.73        16.73
        16384         1000        15.72        26.29        21.65
        32768         1000        18.56        42.79        31.74
        65536          640        27.54        67.16        50.51
       131072          320        55.98        91.74        76.28
       262144          160        96.63       193.14       141.07
       524288           80       245.54       399.16       329.50
      1048576           40       437.92       685.86       574.53
      2097152           20       735.55      1145.52       975.36
      4194304           10      1305.53      2053.67      1764.64

#----------------------------------------------------------------
# Benchmarking Scatterv 
# #processes = 8 
#----------------------------------------------------------------
       #bytes #repetitions  t_min[usec]  t_max[usec]  t_avg[usec]
            0         1000         0.96         2.80         1.21
            1         1000         6.40        11.87         8.34
            2         1000         6.47        11.92         8.40
            4         1000         6.42        11.80         8.32
            8         1000         6.43        11.91         8.39
           16         1000         7.98        16.55        10.48
           32         1000         8.08        16.63        10.44
           64         1000         7.76        15.67         9.90
          128         1000         8.13        16.19        10.30
          256         1000         8.05        16.53        10.46
          512         1000         8.57        17.12        11.03
         1024         1000         8.73        17.69        11.37
         2048         1000         9.40        19.36        12.40
         4096         1000        11.77        25.57        16.41
         8192         1000        12.97        37.58        22.44
        16384         1000        16.06        50.65        31.17
        32768         1000        19.55        83.38        51.19
        65536          640        30.63       159.76        94.38
       131072          320        55.98       193.16       116.27
       262144          160       125.58       368.78       247.54
       524288           80       271.31       746.53       497.43
      1048576           40       450.56      1101.99       794.20
      2097152           20       739.43      1967.73      1403.50
      4194304           10      1296.50      3507.83      2524.95

#----------------------------------------------------------------
# Benchmarking Alltoall 
# #processes = 2 
# ( 6 additional processes waiting in MPI_Barrier)
#----------------------------------------------------------------
       #bytes #repetitions  t_min[usec]  t_max[usec]  t_avg[usec]
            0         1000         0.68         0.69         0.68
            1         1000         6.17         6.39         6.28
            2         1000         6.37         6.40         6.39
            4         1000         6.32         6.57         6.44
            8         1000         6.43         6.46         6.44
           16         1000         9.73         9.76         9.74
           32         1000         9.72         9.73         9.73
           64         1000         9.42         9.49         9.46
          128         1000         9.80         9.93         9.86
          256         1000         9.92        10.01         9.96
          512         1000        10.13        10.15        10.14
         1024         1000        10.41        10.51        10.46
         2048         1000        10.95        10.97        10.96
         4096         1000        12.94        13.04        12.99
         8192         1000        16.01        16.01        16.01
        16384         1000        20.47        20.67        20.57
        32768         1000        30.08        30.37        30.23
        65536          640        46.73        46.92        46.82
       131072          320        75.29        75.94        75.61
       262144          160        98.79       101.09        99.94
       524288           80       265.51       275.24       270.38
      1048576           40       467.65       482.23       474.94
      2097152           20       790.94       797.90       794.42
      4194304           10      1358.13      1364.99      1361.56

#----------------------------------------------------------------
# Benchmarking Alltoall 
# #processes = 4 
# ( 4 additional processes waiting in MPI_Barrier)
#----------------------------------------------------------------
       #bytes #repetitions  t_min[usec]  t_max[usec]  t_avg[usec]
            0         1000         0.82         0.85         0.84
            1         1000        13.38        13.70        13.54
            2         1000        15.55        16.34        15.96
            4         1000        15.90        16.55        16.23
            8         1000        15.50        16.11        15.89
           16         1000        19.69        20.16        19.90
           32         1000        19.80        20.06        19.94
           64         1000        19.20        19.47        19.34
          128         1000        19.75        20.06        19.90
          256         1000        19.85        20.24        20.05
          512         1000        20.38        20.80        20.61
         1024         1000        21.05        21.45        21.27
         2048         1000        22.87        23.54        23.22
         4096         1000        28.58        29.23        28.90
         8192         1000        36.95        37.77        37.39
        16384         1000        48.09        48.78        48.50
        32768         1000        77.01        78.01        77.63
        65536          640       155.00       159.55       157.04
       131072          320       269.75       279.08       273.83
       262144          160       228.49       287.85       254.93
       524288           80       499.02       536.08       512.91
      1048576           40       820.33       849.85       831.37
      2097152           20      1441.22      1518.14      1490.10
      4194304           10      2620.20      2712.56      2683.06

#----------------------------------------------------------------
# Benchmarking Alltoall 
# #processes = 8 
#----------------------------------------------------------------
       #bytes #repetitions  t_min[usec]  t_max[usec]  t_avg[usec]
            0         1000         0.84         0.87         0.86
            1         1000        24.75        25.16        24.99
            2         1000        25.32        28.36        26.17
            4         1000        24.54        25.12        24.91
            8         1000        24.49        25.34        25.04
           16         1000        31.48        32.10        31.73
           32         1000        31.42        31.97        31.70
           64         1000        30.38        30.88        30.61
          128         1000        31.62        32.23        31.98
          256         1000        31.54        31.98        31.77
          512         1000        32.56        33.26        32.97
         1024         1000        35.19        35.89        35.54
         2048         1000        39.45        40.18        39.81
         4096         1000        49.87        50.81        50.41
         8192         1000        68.93        69.98        69.49
        16384         1000        96.61        98.84        97.93
        32768         1000       197.41       205.43       200.72
        65536          640       406.57       417.77       412.44
       131072          320       522.78       543.16       530.07
       262144          160       482.77       531.59       510.36
       524288           80       866.59       927.72       892.55
      1048576           40      1406.68      1503.87      1461.29
      2097152           20      3886.04      4498.86      4137.94
      4194304           10     12462.78     16622.30     15091.00

#----------------------------------------------------------------
# Benchmarking Alltoallv 
# #processes = 2 
# ( 6 additional processes waiting in MPI_Barrier)
#----------------------------------------------------------------
       #bytes #repetitions  t_min[usec]  t_max[usec]  t_avg[usec]
            0         1000         2.55         2.71         2.63
            1         1000        10.57        10.71        10.64
            2         1000        10.50        10.82        10.66
            4         1000        10.46        10.70        10.58
            8         1000        10.48        10.69        10.58
           16         1000        13.48        13.60        13.54
           32         1000        13.56        13.63        13.60
           64         1000        13.13        13.26        13.20
          128         1000        13.66        13.77        13.72
          256         1000        13.73        13.83        13.78
          512         1000        13.86        14.01        13.93
         1024         1000        14.16        14.28        14.22
         2048         1000        14.75        14.79        14.77
         4096         1000        16.84        17.09        16.97
         8192         1000        20.55        20.80        20.68
        16384         1000        25.61        25.88        25.75
        32768         1000        34.57        34.88        34.73
        65536          640        53.70        53.97        53.84
       131072          320        82.07        83.70        82.88
       262144          160       108.27       109.62       108.95
       524288           80       284.59       290.12       287.36
      1048576           40       488.36       495.26       491.81
      2097152           20       812.09       817.31       814.70
      4194304           10      1386.86      1390.65      1388.75

#----------------------------------------------------------------
# Benchmarking Alltoallv 
# #processes = 4 
# ( 4 additional processes waiting in MPI_Barrier)
#----------------------------------------------------------------
       #bytes #repetitions  t_min[usec]  t_max[usec]  t_avg[usec]
            0         1000         2.86         3.07         3.00
            1         1000        15.78        16.17        16.00
            2         1000        15.82        16.31        16.10
            4         1000        15.87        16.20        16.03
            8         1000        15.70        16.25        16.06
           16         1000        19.93        20.30        20.12
           32         1000        20.23        20.49        20.33
           64         1000        19.32        19.59        19.47
          128         1000        20.04        20.24        20.13
          256         1000        20.67        20.89        20.78
          512         1000        20.69        20.91        20.82
         1024         1000        21.58        21.80        21.65
         2048         1000        23.27        23.60        23.38
         4096         1000        28.76        29.33        29.01
         8192         1000        37.42        37.75        37.56
        16384         1000        47.82        48.69        48.37
        32768         1000        76.48        77.63        77.24
        65536          640       157.18       161.60       158.80
       131072          320       286.91       300.98       293.38
       262144          160       256.72       271.82       262.02
       524288           80       511.48       525.94       521.89
      1048576           40       829.29       893.37       871.98
      2097152           20      1493.70      1537.99      1511.09
      4194304           10      2612.26      2690.10      2664.57

#----------------------------------------------------------------
# Benchmarking Alltoallv 
# #processes = 8 
#----------------------------------------------------------------
       #bytes #repetitions  t_min[usec]  t_max[usec]  t_avg[usec]
            0         1000         3.27         3.74         3.56
            1         1000        25.54        26.27        25.93
            2         1000        25.01        25.96        25.68
            4         1000        25.13        25.87        25.55
            8         1000        25.17        25.89        25.67
           16         1000        32.54        33.44        32.88
           32         1000        32.45        33.29        32.92
           64         1000        31.15        31.92        31.55
          128         1000        32.25        33.01        32.64
          256         1000        32.26        32.92        32.56
          512         1000        33.93        34.65        34.33
         1024         1000        36.50        37.17        36.78
         2048         1000        40.19        41.12        40.68
         4096         1000        50.53        51.65        51.18
         8192         1000        68.72        69.91        69.49
        16384         1000        97.53        99.83        98.91
        32768         1000       199.64       209.97       203.92
        65536          640       407.89       419.26       412.74
       131072          320       526.92       549.79       536.06
       262144          160       499.59       557.64       526.38
       524288           80       852.81       910.47       880.59
      1048576           40      1424.11      1525.90      1475.40
      2097152           20      3791.42      4558.77      4129.63
      4194304           10     13648.30     16522.67     15244.84

#----------------------------------------------------------------
# Benchmarking Bcast 
# #processes = 2 
# ( 6 additional processes waiting in MPI_Barrier)
#----------------------------------------------------------------
       #bytes #repetitions  t_min[usec]  t_max[usec]  t_avg[usec]
            0         1000         0.57         0.57         0.57
            1         1000         3.95         5.90         4.93
            2         1000         3.88         5.84         4.86
            4         1000         3.86         5.88         4.87
            8         1000         3.86         5.89         4.87
           16         1000         8.00         8.82         8.41
           32         1000         7.81         8.93         8.37
           64         1000         7.65         8.80         8.23
          128         1000         7.69         8.76         8.23
          256         1000         7.72         8.87         8.29
          512         1000         7.83         8.97         8.40
         1024         1000         8.12         9.01         8.56
         2048         1000         8.54         9.76         9.15
         4096         1000        10.33        11.40        10.86
         8192         1000        11.55        12.64        12.09
        16384         1000        13.41        14.46        13.93
        32768         1000        17.43        18.53        17.98
        65536          640        25.29        26.52        25.91
       131072          320        48.67        49.90        49.28
       262144          160        57.04        71.60        64.32
       524288           80        85.48        96.62        91.05
      1048576           40       142.47       148.80       145.64
      2097152           20       253.83       258.15       255.99
      4194304           10       428.53       430.37       429.45

#----------------------------------------------------------------
# Benchmarking Bcast 
# #processes = 4 
# ( 4 additional processes waiting in MPI_Barrier)
#----------------------------------------------------------------
       #bytes #repetitions  t_min[usec]  t_max[usec]  t_avg[usec]
            0         1000         0.67         0.73         0.71
            1         1000         5.67         9.21         7.28
            2         1000         5.56         9.12         7.24
            4         1000         5.67         9.11         7.26
            8         1000         5.62         9.09         7.23
           16         1000         8.78        22.31        16.57
           32         1000         8.66        22.19        16.49
           64         1000         8.36        21.59        16.03
          128         1000         8.46        21.83        16.22
          256         1000         8.59        22.29        16.48
          512         1000         8.53        22.32        16.53
         1024         1000        14.74        16.13        15.25
         2048         1000        15.59        16.80        16.07
         4096         1000        18.64        20.09        19.15
         8192         1000        21.40        22.80        21.98
        16384         1000        25.39        27.67        26.32
        32768         1000        33.87        36.26        34.85
        65536          640        48.77        52.45        50.52
       131072          320       109.38       112.77       110.89
       262144          160       115.34       143.71       129.05
       524288           80       168.69       195.05       181.87
      1048576           40       261.67       290.60       276.89
      2097152           20       434.80       487.04       461.62
      4194304           10       776.55       837.40       808.29

#----------------------------------------------------------------
# Benchmarking Bcast 
# #processes = 8 
#----------------------------------------------------------------
       #bytes #repetitions  t_min[usec]  t_max[usec]  t_avg[usec]
            0         1000         0.70         0.76         0.74
            1         1000         7.72        12.87         9.55
            2         1000         7.71        13.00         9.60
            4         1000         7.47        12.94         9.50
            8         1000         7.48        12.90         9.47
           16         1000        16.49        26.77        22.28
           32         1000        16.44        26.76        22.39
           64         1000        15.95        25.97        21.70
          128         1000        15.89        26.03        21.81
          256         1000        16.14        26.64        22.10
          512         1000        16.31        27.11        22.43
         1024         1000        20.33        22.43        21.29
         2048         1000        21.77        23.82        22.59
         4096         1000        26.00        28.42        27.27
         8192         1000        30.27        32.94        31.43
        16384         1000        51.92        57.13        54.58
        32768         1000        68.78        76.42        74.45
        65536          640        89.69       109.36       101.63
       131072          320       129.09       162.17       149.40
       262144          160       226.78       305.75       272.72
       524288           80       438.34       545.10       493.52
      1048576           40       705.18       865.82       765.62
      2097152           20       881.14      1070.85       976.43
      4194304           10      1182.39      1451.09      1334.35

#---------------------------------------------------
# Benchmarking Barrier 
# #processes = 2 
# ( 6 additional processes waiting in MPI_Barrier)
#---------------------------------------------------
 #repetitions  t_min[usec]  t_max[usec]  t_avg[usec]
         1000         3.57         3.57         3.57

#---------------------------------------------------
# Benchmarking Barrier 
# #processes = 4 
# ( 4 additional processes waiting in MPI_Barrier)
#---------------------------------------------------
 #repetitions  t_min[usec]  t_max[usec]  t_avg[usec]
         1000         6.80         6.80         6.80

#---------------------------------------------------
# Benchmarking Barrier 
# #processes = 8 
#---------------------------------------------------
 #repetitions  t_min[usec]  t_max[usec]  t_avg[usec]
         1000        11.09        11.10        11.09


# All processes entering MPI_Finalize

