#------------------------------------------------------------
#    Intel (R) MPI Benchmarks 2018 Update 1, MPI-1 part    
#------------------------------------------------------------
# Date                  : Fri Dec  1 14:02:34 2017
# Machine               : x86_64
# System                : Linux
# Release               : 4.4.74-92.35-default
# Version               : #1 SMP Mon Aug 7 18:24:48 UTC 2017 (c0fdc47)
# MPI Version           : 3.1
# MPI Thread Environment: 


# Calling sequence was: 

# ./IMB-MPI1

# Minimum message length in bytes:   0
# Maximum message length in bytes:   4194304
#
# MPI_Datatype                   :   MPI_BYTE 
# MPI_Datatype for reductions    :   MPI_FLOAT
# MPI_Op                         :   MPI_SUM  
#
#

# List of Benchmarks to run:

# PingPong
# PingPing
# Sendrecv
# Exchange
# Allreduce
# Reduce
# Reduce_scatter
# Allgather
# Allgatherv
# Gather
# Gatherv
# Scatter
# Scatterv
# Alltoall
# Alltoallv
# Bcast
# Barrier

#---------------------------------------------------
# Benchmarking PingPong 
# #processes = 2 
# ( 6 additional processes waiting in MPI_Barrier)
#---------------------------------------------------
       #bytes #repetitions      t[usec]   Mbytes/sec
            0         1000         3.22         0.00
            1         1000         3.28         0.30
            2         1000         3.27         0.61
            4         1000         3.23         1.24
            8         1000         3.27         2.44
           16         1000         5.11         3.13
           32         1000         5.08         6.30
           64         1000         4.96        12.90
          128         1000         5.06        25.30
          256         1000         5.11        50.12
          512         1000         5.18        98.85
         1024         1000         5.43       188.43
         2048         1000         5.82       351.95
         4096         1000         7.07       579.35
         8192         1000         8.41       974.55
        16384         1000        10.48      1563.21
        32768         1000        14.94      2193.90
        65536          640        24.00      2730.39
       131072          320        46.45      2821.61
       262144          160        65.29      4014.83
       524288           80        86.83      6038.06
      1048576           40       138.41      7575.82
      2097152           20       244.33      8583.44
      4194304           10       405.20     10351.08

#---------------------------------------------------
# Benchmarking PingPing 
# #processes = 2 
# ( 6 additional processes waiting in MPI_Barrier)
#---------------------------------------------------
       #bytes #repetitions      t[usec]   Mbytes/sec
            0         1000         3.78         0.00
            1         1000         3.82         0.26
            2         1000         3.85         0.52
            4         1000         3.83         1.04
            8         1000         3.86         2.07
           16         1000         7.30         2.19
           32         1000         7.26         4.41
           64         1000         7.05         9.08
          128         1000         7.08        18.08
          256         1000         7.22        35.45
          512         1000         7.35        69.71
         1024         1000         7.61       134.61
         2048         1000         8.02       255.20
         4096         1000        10.01       409.24
         8192         1000        13.13       623.78
        16384         1000        16.72       979.85
        32768         1000        26.19      1251.12
        65536          640        41.99      1560.73
       131072          320        56.81      2307.11
       262144          160        66.86      3921.05
       524288           80        91.28      5744.01
      1048576           40       142.12      7378.03
      2097152           20       232.26      9029.51
      4194304           10       415.61     10091.89

#-----------------------------------------------------------------------------
# Benchmarking Sendrecv 
# #processes = 2 
# ( 6 additional processes waiting in MPI_Barrier)
#-----------------------------------------------------------------------------
       #bytes #repetitions  t_min[usec]  t_max[usec]  t_avg[usec]   Mbytes/sec
            0         1000         3.19         3.19         3.19         0.00
            1         1000         3.26         3.26         3.26         0.61
            2         1000         3.25         3.25         3.25         1.23
            4         1000         3.29         3.29         3.29         2.43
            8         1000         3.17         3.17         3.17         5.05
           16         1000         6.02         6.02         6.02         5.31
           32         1000         5.97         5.98         5.97        10.71
           64         1000         5.81         5.81         5.81        22.02
          128         1000         5.90         5.90         5.90        43.40
          256         1000         6.00         6.00         6.00        85.35
          512         1000         6.17         6.18         6.18       165.75
         1024         1000         6.49         6.50         6.49       315.26
         2048         1000         6.91         6.91         6.91       593.19
         4096         1000         8.68         8.68         8.68       943.87
         8192         1000        10.99        11.00        11.00      1489.59
        16384         1000        14.75        14.75        14.75      2222.13
        32768         1000        23.99        24.00        23.99      2731.22
        65536          640        39.97        39.97        39.97      3279.10
       131072          320        58.50        58.50        58.50      4481.12
       262144          160        83.22        83.23        83.23      6299.23
       524288           80        98.64        98.71        98.68     10622.34
      1048576           40       185.90       185.97       185.94     11276.68
      2097152           20       274.85       275.05       274.95     15249.15
      4194304           10       484.30       484.40       484.35     17317.70

#-----------------------------------------------------------------------------
# Benchmarking Sendrecv 
# #processes = 4 
# ( 4 additional processes waiting in MPI_Barrier)
#-----------------------------------------------------------------------------
       #bytes #repetitions  t_min[usec]  t_max[usec]  t_avg[usec]   Mbytes/sec
            0         1000         3.21         3.21         3.21         0.00
            1         1000         3.22         3.22         3.22         0.62
            2         1000         3.23         3.23         3.23         1.24
            4         1000         3.36         3.36         3.36         2.38
            8         1000         3.18         3.18         3.18         5.03
           16         1000         6.92         6.92         6.92         4.62
           32         1000         6.86         6.88         6.87         9.31
           64         1000         6.34         6.34         6.34        20.18
          128         1000         6.94         6.94         6.94        36.90
          256         1000         6.71         6.71         6.71        76.25
          512         1000         6.58         6.58         6.58       155.65
         1024         1000         7.37         7.38         7.37       277.69
         2048         1000         8.40         8.41         8.40       487.22
         4096         1000        10.04        10.05        10.05       815.37
         8192         1000        13.62        13.62        13.62      1202.76
        16384         1000        20.19        20.19        20.19      1622.75
        32768         1000        31.00        31.08        31.04      2108.69
        65536          640        52.56        52.62        52.59      2491.12
       131072          320        70.30        70.47        70.42      3720.18
       262144          160        93.57        93.66        93.62      5597.62
       524288           80       128.24       128.43       128.34      8164.75
      1048576           40       206.10       208.47       207.77     10059.58
      2097152           20       330.50       338.85       336.46     12377.97
      4194304           10       629.21       660.40       651.55     12702.40

#-----------------------------------------------------------------------------
# Benchmarking Sendrecv 
# #processes = 8 
#-----------------------------------------------------------------------------
       #bytes #repetitions  t_min[usec]  t_max[usec]  t_avg[usec]   Mbytes/sec
            0         1000         3.41         3.41         3.41         0.00
            1         1000         5.01         5.01         5.01         0.40
            2         1000         3.39         3.39         3.39         1.18
            4         1000         3.37         3.38         3.38         2.37
            8         1000         3.42         3.42         3.42         4.68
           16         1000         7.50         7.52         7.51         4.26
           32         1000         7.42         7.43         7.42         8.62
           64         1000         7.01         7.02         7.02        18.22
          128         1000         7.12         7.16         7.14        35.73
          256         1000         7.31         7.32         7.31        69.97
          512         1000         7.73         7.74         7.74       132.32
         1024         1000         8.21         8.28         8.26       247.31
         2048         1000         8.57         8.58         8.58       477.28
         4096         1000        11.72        11.74        11.73       698.03
         8192         1000        14.44        14.46        14.46      1132.83
        16384         1000        21.41        21.46        21.44      1526.93
        32768         1000        32.15        32.24        32.19      2032.68
        65536          640        50.11        50.28        50.20      2607.00
       131072          320        75.87        75.94        75.91      3451.99
       262144          160        92.96        93.59        93.28      5602.07
       524288           80       134.54       135.38       134.96      7745.60
      1048576           40       230.52       237.25       233.65      8839.41
      2097152           20       309.60       313.59       311.81     13375.04
      4194304           10       592.99       600.41       597.65     13971.48

#-----------------------------------------------------------------------------
# Benchmarking Exchange 
# #processes = 2 
# ( 6 additional processes waiting in MPI_Barrier)
#-----------------------------------------------------------------------------
       #bytes #repetitions  t_min[usec]  t_max[usec]  t_avg[usec]   Mbytes/sec
            0         1000         7.13         7.13         7.13         0.00
            1         1000         7.80         7.80         7.80         0.51
            2         1000         7.80         7.80         7.80         1.03
            4         1000         7.94         7.94         7.94         2.01
            8         1000         7.92         7.93         7.93         4.04
           16         1000        11.54        11.54        11.54         5.54
           32         1000        11.49        11.49        11.49        11.14
           64         1000        11.14        11.14        11.14        22.98
          128         1000        11.35        11.35        11.35        45.11
          256         1000        11.36        11.36        11.36        90.14
          512         1000        11.72        11.72        11.72       174.68
         1024         1000        12.26        12.26        12.26       334.04
         2048         1000        13.00        13.00        13.00       630.01
         4096         1000        18.13        18.13        18.13       903.54
         8192         1000        24.39        24.40        24.40      1343.12
        16384         1000        34.11        34.11        34.11      1921.43
        32768         1000        51.29        51.29        51.29      2555.60
        65536          640        86.74        86.74        86.74      3022.05
       131072          320       107.81       107.81       107.81      4863.11
       262144          160       156.85       156.92       156.88      6682.31
       524288           80       228.84       228.94       228.89      9160.45
      1048576           40       369.20       369.38       369.29     11355.11
      2097152           20       628.70       628.90       628.80     13338.53
      4194304           10       840.21       840.81       840.51     19953.71

#-----------------------------------------------------------------------------
# Benchmarking Exchange 
# #processes = 4 
# ( 4 additional processes waiting in MPI_Barrier)
#-----------------------------------------------------------------------------
       #bytes #repetitions  t_min[usec]  t_max[usec]  t_avg[usec]   Mbytes/sec
            0         1000         7.71         7.71         7.71         0.00
            1         1000         8.34         8.34         8.34         0.48
            2         1000         8.39         8.40         8.40         0.95
            4         1000         8.54         8.55         8.54         1.87
            8         1000         8.47         8.47         8.47         3.78
           16         1000        12.92        12.93        12.93         4.95
           32         1000        12.81        12.81        12.81         9.99
           64         1000        12.28        12.28        12.28        20.85
          128         1000        12.70        12.71        12.71        40.28
          256         1000        12.65        12.65        12.65        80.94
          512         1000        13.07        13.07        13.07       156.71
         1024         1000        13.67        13.67        13.67       299.63
         2048         1000        15.25        15.25        15.25       537.14
         4096         1000        20.80        20.82        20.81       786.89
         8192         1000        29.01        29.02        29.01      1129.31
        16384         1000        38.17        38.18        38.18      1716.55
        32768         1000        60.25        60.31        60.28      2173.34
        65536          640        99.56        99.64        99.61      2630.89
       131072          320       149.74       149.85       149.80      3498.74
       262144          160       171.64       172.11       171.79      6092.64
       524288           80       262.08       263.34       262.68      7963.78
      1048576           40       424.83       427.05       425.73      9821.59
      2097152           20       717.56       720.64       719.55     11640.43
      4194304           10      1297.69      1338.10      1327.12     12538.08

#-----------------------------------------------------------------------------
# Benchmarking Exchange 
# #processes = 8 
#-----------------------------------------------------------------------------
       #bytes #repetitions  t_min[usec]  t_max[usec]  t_avg[usec]   Mbytes/sec
            0         1000         8.19         8.19         8.19         0.00
            1         1000         8.74         8.75         8.75         0.46
            2         1000         8.81         8.82         8.81         0.91
            4         1000         8.80         8.81         8.81         1.82
            8         1000         8.79         8.79         8.79         3.64
           16         1000        13.42        13.42        13.42         4.77
           32         1000        13.18        13.19        13.18         9.71
           64         1000        12.87        12.88        12.88        19.87
          128         1000        13.03        13.04        13.04        39.26
          256         1000        13.38        13.39        13.38        76.49
          512         1000        13.76        13.78        13.76       148.60
         1024         1000        14.67        14.68        14.67       279.06
         2048         1000        15.62        15.63        15.63       524.05
         4096         1000        20.40        20.47        20.45       800.42
         8192         1000        26.92        26.93        26.93      1216.74
        16384         1000        38.74        38.78        38.77      1690.07
        32768         1000        60.75        60.82        60.79      2155.08
        65536          640        97.95        98.13        98.06      2671.31
       131072          320       148.34       148.59       148.45      3528.40
       262144          160       190.12       190.89       190.41      5493.18
       524288           80       256.48       257.96       257.29      8129.66
      1048576           40       408.03       411.55       410.36     10191.43
      2097152           20       867.40       893.86       881.14      9384.75
      4194304           10      1226.71      1284.91      1255.43     13057.12

#----------------------------------------------------------------
# Benchmarking Allreduce 
# #processes = 2 
# ( 6 additional processes waiting in MPI_Barrier)
#----------------------------------------------------------------
       #bytes #repetitions  t_min[usec]  t_max[usec]  t_avg[usec]
            0         1000         0.59         0.63         0.61
            4         1000         8.18         8.19         8.19
            8         1000         8.17         8.17         8.17
           16         1000        11.72        11.77        11.75
           32         1000        11.74        11.84        11.79
           64         1000        11.44        11.46        11.45
          128         1000        12.46        12.48        12.47
          256         1000        12.72        12.76        12.74
          512         1000        12.85        12.90        12.88
         1024         1000        13.28        13.29        13.28
         2048         1000        14.04        14.08        14.06
         4096         1000        16.48        16.48        16.48
         8192         1000        27.97        27.98        27.97
        16384         1000        26.51        26.62        26.56
        32768         1000        44.87        44.91        44.89
        65536          640        67.65        67.81        67.73
       131072          320       112.67       114.30       113.48
       262144          160       227.62       240.02       233.82
       524288           80       448.90       451.63       450.26
      1048576           40       789.40       804.10       796.75
      2097152           20      1247.73      1263.33      1255.53
      4194304           10      4021.84      4023.72      4022.78

#----------------------------------------------------------------
# Benchmarking Allreduce 
# #processes = 4 
# ( 4 additional processes waiting in MPI_Barrier)
#----------------------------------------------------------------
       #bytes #repetitions  t_min[usec]  t_max[usec]  t_avg[usec]
            0         1000         0.75         0.78         0.76
            4         1000        12.60        13.19        12.95
            8         1000        12.93        13.17        13.09
           16         1000        19.33        19.54        19.43
           32         1000        19.33        19.61        19.44
           64         1000        18.79        18.86        18.83
          128         1000        20.48        20.63        20.55
          256         1000        20.44        20.51        20.48
          512         1000        20.73        20.89        20.82
         1024         1000        21.52        21.68        21.60
         2048         1000        23.03        23.19        23.11
         4096         1000        27.50        27.69        27.57
         8192         1000        34.69        35.13        34.89
        16384         1000        46.60        47.02        46.72
        32768         1000        71.02        71.49        71.23
        65536          640       116.49       117.50       117.01
       131072          320       183.50       185.98       184.67
       262144          160       378.03       380.99       379.62
       524288           80       855.59       929.29       887.84
      1048576           40      1237.48      1300.85      1266.54
      2097152           20      1896.89      1957.60      1938.99
      4194304           10     11300.78     17060.21     14176.76

#----------------------------------------------------------------
# Benchmarking Allreduce 
# #processes = 8 
#----------------------------------------------------------------
       #bytes #repetitions  t_min[usec]  t_max[usec]  t_avg[usec]
            0         1000         0.77         0.84         0.80
            4         1000        16.61        17.66        17.09
            8         1000        17.20        17.97        17.60
           16         1000        26.18        26.51        26.30
           32         1000        26.27        26.56        26.40
           64         1000        25.62        25.97        25.77
          128         1000        27.14        27.50        27.26
          256         1000        27.55        27.76        27.67
          512         1000        28.06        28.55        28.30
         1024         1000        31.15        31.66        31.45
         2048         1000        31.99        32.61        32.37
         4096         1000        38.99        40.29        39.66
         8192         1000        50.00        50.58        50.33
        16384         1000        68.56        69.28        69.00
        32768         1000       103.15       105.59       104.30
        65536          640       145.44       146.92       146.16
       131072          320       240.42       242.59       241.68
       262144          160       518.20       526.06       522.60
       524288           80       992.69      1066.57      1030.11
      1048576           40      1600.78      1681.54      1638.31
      2097152           20      3382.28      4662.06      3821.58
      4194304           10     13794.71     21283.29     17030.58

#----------------------------------------------------------------
# Benchmarking Reduce 
# #processes = 2 
# ( 6 additional processes waiting in MPI_Barrier)
#----------------------------------------------------------------
       #bytes #repetitions  t_min[usec]  t_max[usec]  t_avg[usec]
            0         1000         0.80         0.81         0.81
            4         1000         5.49         7.67         6.58
            8         1000         5.62         7.51         6.56
           16         1000         9.67        10.67        10.17
           32         1000         9.65        10.74        10.19
           64         1000         9.42        10.38         9.90
          128         1000        10.12        11.13        10.62
          256         1000        10.16        11.21        10.68
          512         1000        10.25        11.29        10.77
         1024         1000        10.51        11.51        11.01
         2048         1000        11.02        11.91        11.47
         4096         1000        12.49        13.25        12.87
         8192         1000        14.56        14.74        14.65
        16384         1000        19.75        21.12        20.43
        32768         1000        24.49        28.37        26.43
        65536          640        34.65        43.04        38.84
       131072          320        93.26        95.27        94.26
       262144          160       192.37       196.13       194.25
       524288           80       399.06       406.33       402.69
      1048576           40       786.02       791.00       788.51
      2097152           20      1542.27      1549.85      1546.06
      4194304           10      3129.12      3133.39      3131.26

#----------------------------------------------------------------
# Benchmarking Reduce 
# #processes = 4 
# ( 4 additional processes waiting in MPI_Barrier)
#----------------------------------------------------------------
       #bytes #repetitions  t_min[usec]  t_max[usec]  t_avg[usec]
            0         1000         0.91         0.99         0.94
            4         1000         6.59        15.60        10.48
            8         1000         6.63        15.19        10.41
           16         1000        11.62        18.07        14.33
           32         1000        11.59        18.02        14.29
           64         1000        11.46        17.99        14.56
          128         1000        12.77        19.28        15.59
          256         1000        12.54        18.90        15.27
          512         1000        13.10        19.68        15.89
         1024         1000        14.96        18.61        16.22
         2048         1000        16.16        20.28        17.26
         4096         1000        19.07        24.54        21.87
         8192         1000        16.67        30.07        23.20
        16384         1000        19.69        37.31        28.14
        32768         1000        24.69        53.17        37.79
        65536          640        35.62        82.41        56.48
       131072          320       157.31       186.05       173.74
       262144          160       323.57       367.42       345.97
       524288           80       714.19       785.14       753.50
      1048576           40      1490.13      1585.04      1549.81
      2097152           20      2991.59      3152.59      3102.84
      4194304           10      6208.56      6466.46      6392.46

#----------------------------------------------------------------
# Benchmarking Reduce 
# #processes = 8 
#----------------------------------------------------------------
       #bytes #repetitions  t_min[usec]  t_max[usec]  t_avg[usec]
            0         1000         0.93         0.98         0.95
            4         1000         6.69        19.29        11.21
            8         1000         6.73        19.36        11.20
           16         1000        11.62        24.44        16.48
           32         1000        11.73        24.80        16.64
           64         1000        11.45        24.24        16.42
          128         1000        12.61        25.58        17.45
          256         1000        12.60        25.95        17.68
          512         1000        13.20        26.57        18.19
         1024         1000        14.20        25.85        17.97
         2048         1000        15.30        27.15        19.02
         4096         1000        15.70        34.48        22.54
         8192         1000        17.15        41.89        26.22
        16384         1000        19.93        55.37        33.20
        32768         1000        25.28        79.42        44.28
        65536          640        35.16       126.54        66.67
       131072          320       159.92       259.51       218.18
       262144          160       351.20       480.40       426.81
       524288           80       795.85       981.92       908.59
      1048576           40      1533.81      1815.72      1723.74
      2097152           20      3142.99      3533.82      3422.51
      4194304           10      6358.74      6959.68      6809.36

#----------------------------------------------------------------
# Benchmarking Reduce_scatter 
# #processes = 2 
# ( 6 additional processes waiting in MPI_Barrier)
#----------------------------------------------------------------
       #bytes #repetitions  t_min[usec]  t_max[usec]  t_avg[usec]
            0         1000         1.53         1.59         1.56
            4         1000         7.99         8.26         8.12
            8         1000         8.37         8.43         8.40
           16         1000         8.37         8.38         8.38
           32         1000        11.82        11.92        11.87
           64         1000        11.71        11.79        11.75
          128         1000        11.38        11.42        11.40
          256         1000        12.64        12.99        12.81
          512         1000        12.81        13.16        12.99
         1024         1000        13.06        13.35        13.20
         2048         1000        13.65        13.65        13.65
         4096         1000        14.36        14.56        14.46
         8192         1000        16.72        16.77        16.74
        16384         1000        20.44        20.57        20.51
        32768         1000        26.87        26.94        26.90
        65536          640        38.52        38.68        38.60
       131072          320        60.60        60.74        60.67
       262144          160        99.09       100.38        99.73
       524288           80       209.33       212.12       210.72
      1048576           40       480.37       486.70       483.53
      2097152           20       831.44       844.03       837.73
      4194304           10      1477.00      1479.58      1478.29

#----------------------------------------------------------------
# Benchmarking Reduce_scatter 
# #processes = 4 
# ( 4 additional processes waiting in MPI_Barrier)
#----------------------------------------------------------------
       #bytes #repetitions  t_min[usec]  t_max[usec]  t_avg[usec]
            0         1000         1.71         1.72         1.71
            4         1000         6.94        16.24        11.07
            8         1000         7.05        17.17        11.90
           16         1000        14.31        14.91        14.61
           32         1000        19.41        20.01        19.72
           64         1000        20.44        20.65        20.54
          128         1000        21.19        21.60        21.33
          256         1000        20.86        21.21        21.07
          512         1000        21.97        22.14        22.05
         1024         1000        21.97        22.21        22.08
         2048         1000        22.59        22.74        22.65
         4096         1000        23.75        24.14        23.92
         8192         1000        28.31        28.40        28.34
        16384         1000        35.52        35.98        35.82
        32768         1000        44.55        45.47        45.10
        65536          640        66.17        68.03        67.09
       131072          320       103.81       104.60       104.25
       262144          160       190.76       193.10       191.87
       524288           80       367.93       392.53       384.55
      1048576           40       649.17       734.75       689.57
      2097152           20      1267.98      1313.83      1299.36
      4194304           10      2142.12      2185.65      2165.63

#----------------------------------------------------------------
# Benchmarking Reduce_scatter 
# #processes = 8 
#----------------------------------------------------------------
       #bytes #repetitions  t_min[usec]  t_max[usec]  t_avg[usec]
            0         1000         1.80         1.82         1.81
            4         1000         7.34        20.86        12.30
            8         1000         7.33        23.58        12.88
           16         1000        12.74        25.51        18.29
           32         1000        23.92        25.53        24.83
           64         1000        27.23        27.89        27.59
          128         1000        29.61        30.21        29.89
          256         1000        28.27        28.53        28.38
          512         1000        28.16        28.79        28.47
         1024         1000        29.27        29.74        29.48
         2048         1000        30.04        30.47        30.25
         4096         1000        31.76        32.31        32.02
         8192         1000        39.98        40.78        40.46
        16384         1000        46.06        46.85        46.46
        32768         1000        59.88        61.15        60.53
        65536          640        88.57        89.75        89.17
       131072          320       155.25       156.78       155.83
       262144          160       266.41       270.54       268.67
       524288           80       538.99       547.61       543.05
      1048576           40      1212.35      1262.78      1232.94
      2097152           20      1785.17      1811.70      1794.18
      4194304           10      3080.22      3137.02      3112.34

#----------------------------------------------------------------
# Benchmarking Allgather 
# #processes = 2 
# ( 6 additional processes waiting in MPI_Barrier)
#----------------------------------------------------------------
       #bytes #repetitions  t_min[usec]  t_max[usec]  t_avg[usec]
            0         1000         0.64         0.66         0.65
            1         1000         5.82         5.84         5.83
            2         1000         5.93         6.11         6.02
            4         1000         5.84         5.90         5.87
            8         1000         6.00         6.03         6.02
           16         1000         9.53         9.55         9.54
           32         1000         9.51         9.53         9.52
           64         1000         9.14         9.20         9.17
          128         1000         9.67         9.67         9.67
          256         1000         9.70         9.83         9.76
          512         1000         9.92         9.99         9.95
         1024         1000        10.16        10.18        10.17
         2048         1000        10.65        10.69        10.67
         4096         1000        12.59        12.73        12.66
         8192         1000        15.69        15.76        15.73
        16384         1000        20.35        20.53        20.44
        32768         1000        29.46        29.51        29.48
        65536          640        45.87        45.92        45.90
       131072          320        87.03        87.53        87.28
       262144          160       119.74       119.77       119.76
       524288           80       280.22       291.79       286.01
      1048576           40       467.65       485.16       476.41
      2097152           20       765.07       779.77       772.42
      4194304           10      1351.00      1352.38      1351.69

#----------------------------------------------------------------
# Benchmarking Allgather 
# #processes = 4 
# ( 4 additional processes waiting in MPI_Barrier)
#----------------------------------------------------------------
       #bytes #repetitions  t_min[usec]  t_max[usec]  t_avg[usec]
            0         1000         0.78         0.80         0.79
            1         1000        10.06        11.03        10.54
            2         1000        10.26        10.79        10.55
            4         1000        10.32        10.96        10.66
            8         1000        13.89        14.55        14.23
           16         1000        16.69        16.77        16.73
           32         1000        16.57        16.71        16.67
           64         1000        16.37        16.41        16.38
          128         1000        17.56        17.79        17.68
          256         1000        17.18        17.33        17.25
          512         1000        17.65        17.75        17.70
         1024         1000        18.41        18.56        18.49
         2048         1000        21.43        21.59        21.51
         4096         1000        25.85        26.24        26.05
         8192         1000        33.35        33.42        33.38
        16384         1000        46.26        47.12        46.62
        32768         1000        74.19        74.32        74.22
        65536          640       137.94       142.32       140.24
       131072          320       192.41       238.94       214.02
       262144          160       206.26       258.64       231.76
       524288           80       323.37       386.56       367.24
      1048576           40       894.55       922.94       904.91
      2097152           20      1285.61      7614.06      4448.55
      4194304           10      1859.16      1866.25      1861.68

#----------------------------------------------------------------
# Benchmarking Allgather 
# #processes = 8 
#----------------------------------------------------------------
       #bytes #repetitions  t_min[usec]  t_max[usec]  t_avg[usec]
            0         1000         0.80         0.84         0.82
            1         1000        13.91        15.31        14.54
            2         1000        14.32        14.97        14.67
            4         1000        17.39        18.70        18.09
            8         1000        20.62        21.57        21.12
           16         1000        23.28        23.58        23.40
           32         1000        23.42        23.81        23.66
           64         1000        22.79        23.28        23.02
          128         1000        23.82        24.12        23.90
          256         1000        24.20        24.75        24.47
          512         1000        25.88        26.62        26.21
         1024         1000        29.64        30.18        29.90
         2048         1000        35.86        36.11        36.03
         4096         1000        44.48        45.27        44.91
         8192         1000        62.44        63.20        62.85
        16384         1000        94.36        95.65        95.07
        32768         1000       180.74       206.77       199.29
        65536          640       266.39       322.73       300.39
       131072          320       287.36       342.07       316.37
       262144          160       358.86       438.36       413.04
       524288           80       607.10       686.23       640.14
      1048576           40      1076.31      1150.54      1112.83
      2097152           20      4752.59      7364.59      6335.88
      4194304           10     20915.13     27815.89     23632.93

#----------------------------------------------------------------
# Benchmarking Allgatherv 
# #processes = 2 
# ( 6 additional processes waiting in MPI_Barrier)
#----------------------------------------------------------------
       #bytes #repetitions  t_min[usec]  t_max[usec]  t_avg[usec]
            0         1000         0.78         0.78         0.78
            1         1000         6.81         6.92         6.86
            2         1000         7.05         7.07         7.06
            4         1000         6.99         7.04         7.01
            8         1000         7.06         7.09         7.08
           16         1000        10.25        10.35        10.30
           32         1000        10.13        10.29        10.21
           64         1000         9.94        10.00         9.97
          128         1000        10.35        10.40        10.38
          256         1000        10.41        10.42        10.42
          512         1000        10.64        10.65        10.65
         1024         1000        10.87        10.95        10.91
         2048         1000        11.54        11.57        11.55
         4096         1000        13.63        13.68        13.66
         8192         1000        16.48        16.57        16.52
        16384         1000        21.08        21.41        21.25
        32768         1000        31.35        31.51        31.43
        65536          640        49.09        49.23        49.16
       131072          320        88.16        88.44        88.30
       262144          160       121.24       121.98       121.61
       524288           80       287.12       306.71       296.91
      1048576           40       477.21       491.59       484.40
      2097152           20       769.76       783.12       776.44
      4194304           10      1332.43      1333.90      1333.17

#----------------------------------------------------------------
# Benchmarking Allgatherv 
# #processes = 4 
# ( 4 additional processes waiting in MPI_Barrier)
#----------------------------------------------------------------
       #bytes #repetitions  t_min[usec]  t_max[usec]  t_avg[usec]
            0         1000         0.94         0.98         0.96
            1         1000        12.92        13.34        13.10
            2         1000        12.92        13.16        13.09
            4         1000        12.98        13.44        13.18
            8         1000        16.64        16.95        16.77
           16         1000        19.20        19.44        19.32
           32         1000        19.52        19.66        19.58
           64         1000        19.60        19.65        19.63
          128         1000        20.16        20.35        20.25
          256         1000        20.33        20.44        20.40
          512         1000        20.87        21.03        20.96
         1024         1000        21.72        21.93        21.80
         2048         1000        25.22        25.46        25.32
         4096         1000        29.96        30.20        30.12
         8192         1000        38.54        39.12        38.83
        16384         1000        53.28        54.18        53.68
        32768         1000        82.68        84.56        83.74
        65536          640       137.73       142.89       140.62
       131072          320       307.51       334.32       322.34
       262144          160       309.94       359.33       332.91
       524288           80       603.94       689.33       640.19
      1048576           40       975.87      1036.92      1007.95
      2097152           20      1848.67      3774.96      3075.57
      4194304           10      4774.28      8903.91      6990.40

#----------------------------------------------------------------
# Benchmarking Allgatherv 
# #processes = 8 
#----------------------------------------------------------------
       #bytes #repetitions  t_min[usec]  t_max[usec]  t_avg[usec]
            0         1000         0.96         1.01         0.99
            1         1000        17.16        18.15        17.59
            2         1000        17.35        18.08        17.71
            4         1000        20.85        21.95        21.41
            8         1000        24.28        24.95        24.62
           16         1000        27.12        27.59        27.37
           32         1000        28.59        29.36        28.90
           64         1000        26.82        27.23        27.04
          128         1000        27.58        28.10        27.86
          256         1000        28.35        28.89        28.65
          512         1000        29.53        30.08        29.85
         1024         1000        34.10        34.87        34.49
         2048         1000        39.87        40.30        40.13
         4096         1000        50.41        51.06        50.68
         8192         1000        69.21        70.98        70.03
        16384         1000       110.27       114.83       111.82
        32768         1000       203.00       207.27       204.85
        65536          640       369.59       374.87       372.87
       131072          320       666.45       744.79       707.99
       262144          160       721.48       754.88       737.76
       524288           80      1148.84      1230.90      1180.67
      1048576           40      5549.84      6418.03      6102.29
      2097152           20      9150.84     10444.30      9819.87
      4194304           10     26903.70     33654.88     31368.15

#----------------------------------------------------------------
# Benchmarking Gather 
# #processes = 2 
# ( 6 additional processes waiting in MPI_Barrier)
#----------------------------------------------------------------
       #bytes #repetitions  t_min[usec]  t_max[usec]  t_avg[usec]
            0         1000         0.74         0.74         0.74
            1         1000         2.96         5.70         4.33
            2         1000         3.01         5.57         4.29
            4         1000         2.97         5.72         4.34
            8         1000         2.99         5.47         4.23
           16         1000         8.40         9.57         8.98
           32         1000         8.35         9.61         8.98
           64         1000         8.24         9.26         8.75
          128         1000         7.58         8.12         7.85
          256         1000         7.66         8.28         7.97
          512         1000         7.70         8.30         8.00
         1024         1000         7.91         8.83         8.37
         2048         1000         8.25         9.30         8.78
         4096         1000        10.09        11.16        10.63
         8192         1000        11.45        12.11        11.78
        16384         1000        13.66        14.43        14.05
        32768         1000        17.97        19.29        18.63
        65536          640        27.99        29.87        28.93
       131072          320        46.64        48.26        47.45
       262144          160        70.02        86.11        78.07
       524288           80       213.59       214.70       214.15
      1048576           40       376.90       378.18       377.54
      2097152           20       674.31       675.67       674.99
      4194304           10      1234.84      1235.29      1235.07

#----------------------------------------------------------------
# Benchmarking Gather 
# #processes = 4 
# ( 4 additional processes waiting in MPI_Barrier)
#----------------------------------------------------------------
       #bytes #repetitions  t_min[usec]  t_max[usec]  t_avg[usec]
            0         1000         0.83         0.87         0.85
            1         1000         3.22         9.75         4.89
            2         1000         3.24         9.81         4.92
            4         1000         3.23         9.86         4.92
            8         1000         3.20         9.68         4.87
           16         1000         9.45        10.89         9.98
           32         1000         9.50        10.89        10.03
           64         1000         9.14        10.42         9.59
          128         1000         9.56        10.95        10.05
          256         1000         9.33        10.80         9.89
          512         1000         9.76        10.98        10.17
         1024         1000         9.95        11.53        10.55
         2048         1000        10.84        12.28        11.35
         4096         1000        13.67        15.29        14.34
         8192         1000        17.14        18.63        17.72
        16384         1000        23.20        24.82        23.87
        32768         1000        36.14        38.29        37.55
        65536          640        64.03        68.87        67.04
       131072          320       128.67       141.52       137.68
       262144          160       109.48       121.88       114.14
       524288           80       276.81       297.78       287.40
      1048576           40       511.26       557.39       533.57
      2097152           20       951.16       994.96       981.77
      4194304           10      1877.98      1917.51      1905.17

#----------------------------------------------------------------
# Benchmarking Gather 
# #processes = 8 
#----------------------------------------------------------------
       #bytes #repetitions  t_min[usec]  t_max[usec]  t_avg[usec]
            0         1000         0.85         0.93         0.88
            1         1000         3.26        15.16         4.84
            2         1000         3.27        15.30         4.85
            4         1000         3.21        15.22         4.80
            8         1000         3.20        15.32         4.81
           16         1000        11.65        16.99        13.29
           32         1000        11.66        17.02        13.35
           64         1000        11.05        16.31        12.67
          128         1000        12.10        17.51        13.72
          256         1000        11.87        16.95        13.33
          512         1000        12.47        17.89        14.05
         1024         1000        13.19        18.55        14.86
         2048         1000        14.63        20.10        16.37
         4096         1000        20.02        25.45        21.70
         8192         1000        26.80        31.94        28.58
        16384         1000        40.58        45.67        42.80
        32768         1000        74.02        80.54        77.70
        65536          640       157.51       184.10       163.78
       131072          320       266.57       302.67       274.84
       262144          160       174.39       200.74       184.78
       524288           80       412.31       471.50       441.00
      1048576           40       802.73       888.29       857.98
      2097152           20      1547.47      1679.07      1643.94
      4194304           10      3131.46      3265.60      3225.36

#----------------------------------------------------------------
# Benchmarking Gatherv 
# #processes = 2 
# ( 6 additional processes waiting in MPI_Barrier)
#----------------------------------------------------------------
       #bytes #repetitions  t_min[usec]  t_max[usec]  t_avg[usec]
            0         1000         0.84         1.75         1.30
            1         1000         2.86         5.74         4.30
            2         1000         2.89         5.64         4.27
            4         1000         2.82         5.74         4.28
            8         1000         2.82         5.63         4.23
           16         1000         7.59         8.19         7.89
           32         1000         7.56         8.16         7.86
           64         1000         7.42         8.05         7.74
          128         1000         7.85         8.37         8.11
          256         1000         7.82         8.44         8.13
          512         1000         8.01         8.56         8.29
         1024         1000         8.07         8.65         8.36
         2048         1000         8.39         9.06         8.73
         4096         1000         9.98        10.66        10.32
         8192         1000        11.42        12.10        11.76
        16384         1000        13.83        14.61        14.22
        32768         1000        18.87        19.75        19.31
        65536          640        28.98        30.00        29.49
       131072          320        49.79        51.05        50.42
       262144          160        75.56        84.23        79.89
       524288           80       213.50       216.42       214.96
      1048576           40       372.95       379.02       375.98
      2097152           20       669.81       672.41       671.11
      4194304           10      1231.19      1236.39      1233.79

#----------------------------------------------------------------
# Benchmarking Gatherv 
# #processes = 4 
# ( 4 additional processes waiting in MPI_Barrier)
#----------------------------------------------------------------
       #bytes #repetitions  t_min[usec]  t_max[usec]  t_avg[usec]
            0         1000         0.91         1.99         1.20
            1         1000         2.96         9.88         4.74
            2         1000         2.93         9.88         4.75
            4         1000         2.94         9.97         4.74
            8         1000         2.94         9.91         4.79
           16         1000         9.66        10.82        10.11
           32         1000         9.61        10.81        10.11
           64         1000         9.26        10.53         9.78
          128         1000         9.67        11.40        10.27
          256         1000         9.56        11.12        10.11
          512         1000         9.79        11.29        10.34
         1024         1000        10.21        11.76        10.75
         2048         1000        10.84        12.52        11.39
         4096         1000        13.89        15.85        14.77
         8192         1000        17.44        19.38        18.24
        16384         1000        23.20        24.95        24.07
        32768         1000        35.66        37.99        37.19
        65536          640        63.64        68.47        66.74
       131072          320       126.60       140.52       135.83
       262144          160       107.07       135.26       117.83
       524288           80       274.07       291.76       282.72
      1048576           40       499.65       532.64       523.34
      2097152           20       953.17       992.14       980.51
      4194304           10      1860.50      1897.34      1885.28

#----------------------------------------------------------------
# Benchmarking Gatherv 
# #processes = 8 
#----------------------------------------------------------------
       #bytes #repetitions  t_min[usec]  t_max[usec]  t_avg[usec]
            0         1000         0.92         2.91         1.22
            1         1000         2.94        16.67         4.75
            2         1000         2.94        16.55         4.74
            4         1000         2.87        16.53         4.72
            8         1000         2.88        16.65         4.73
           16         1000        12.70        18.45        14.44
           32         1000        12.81        18.45        14.56
           64         1000        11.83        17.60        13.65
          128         1000        12.95        18.62        14.83
          256         1000        12.40        18.33        14.37
          512         1000        12.85        18.72        14.90
         1024         1000        13.63        19.60        15.75
         2048         1000        15.02        21.20        17.37
         4096         1000        20.23        26.48        22.70
         8192         1000        27.13        33.18        29.26
        16384         1000        40.83        47.31        43.46
        32768         1000        74.70        81.43        78.45
        65536          640       157.94       185.71       164.19
       131072          320       268.23       307.37       276.32
       262144          160       174.24       204.22       188.43
       524288           80       393.97       470.27       441.66
      1048576           40       770.91       885.90       849.99
      2097152           20      1565.98      1685.15      1648.82
      4194304           10      3134.70      3276.49      3233.37

#----------------------------------------------------------------
# Benchmarking Scatter 
# #processes = 2 
# ( 6 additional processes waiting in MPI_Barrier)
#----------------------------------------------------------------
       #bytes #repetitions  t_min[usec]  t_max[usec]  t_avg[usec]
            0         1000         0.76         0.81         0.79
            1         1000         4.13         5.81         4.97
            2         1000         4.13         5.85         4.99
            4         1000         4.14         5.88         5.01
            8         1000         4.17         5.85         5.01
           16         1000         8.06         9.33         8.70
           32         1000         8.00         9.31         8.66
           64         1000         7.80         8.98         8.39
          128         1000         8.06         9.28         8.67
          256         1000         8.18         9.40         8.79
          512         1000         8.29         9.56         8.93
         1024         1000         8.61         9.82         9.21
         2048         1000         9.01        10.29         9.65
         4096         1000        10.62        12.05        11.33
         8192         1000        12.01        13.57        12.79
        16384         1000        13.84        15.69        14.77
        32768         1000        18.20        20.91        19.56
        65536          640        26.09        30.64        28.36
       131072          320        58.27        60.13        59.20
       262144          160        75.51        91.41        83.46
       524288           80       250.85       278.25       264.55
      1048576           40       221.93       451.34       336.63
      2097152           20       735.40       766.92       751.16
      4194304           10      1308.35      1337.31      1322.83

#----------------------------------------------------------------
# Benchmarking Scatter 
# #processes = 4 
# ( 4 additional processes waiting in MPI_Barrier)
#----------------------------------------------------------------
       #bytes #repetitions  t_min[usec]  t_max[usec]  t_avg[usec]
            0         1000         0.93         0.95         0.94
            1         1000         6.07         7.42         6.73
            2         1000         6.16         7.54         6.78
            4         1000         6.01         7.36         6.70
            8         1000         5.99         7.37         6.68
           16         1000         7.33        11.65         9.09
           32         1000         7.29        11.40         8.96
           64         1000         7.16        11.24         8.90
          128         1000         7.47        11.82         9.30
          256         1000         7.46        11.64         9.26
          512         1000         7.68        11.77         9.48
         1024         1000         8.09        12.04         9.88
         2048         1000         8.70        12.66        10.51
         4096         1000        11.11        15.60        13.23
         8192         1000        12.68        19.95        16.40
        16384         1000        15.77        26.29        21.70
        32768         1000        18.12        42.59        31.67
        65536          640        27.63        67.16        50.41
       131072          320        53.38        89.09        74.43
       262144          160        88.81       209.20       143.48
       524288           80       262.94       435.71       352.45
      1048576           40       441.46       732.13       597.14
      2097152           20       735.22      1188.15      1005.03
      4194304           10      1355.89      2771.02      2147.25

#----------------------------------------------------------------
# Benchmarking Scatter 
# #processes = 8 
#----------------------------------------------------------------
       #bytes #repetitions  t_min[usec]  t_max[usec]  t_avg[usec]
            0         1000         0.91         0.99         0.96
            1         1000         6.39        11.19         8.10
            2         1000         6.43        11.22         8.12
            4         1000         6.29        11.24         7.95
            8         1000         6.31        11.24         8.05
           16         1000         8.16        15.47         9.83
           32         1000         8.11        15.44         9.74
           64         1000         7.70        15.00         9.37
          128         1000         8.12        15.50         9.80
          256         1000         7.97        15.90         9.92
          512         1000         8.39        16.24        10.31
         1024         1000         8.16        17.40        10.80
         2048         1000         8.92        18.63        11.84
         4096         1000        10.86        24.87        15.95
         8192         1000        12.70        36.55        21.90
        16384         1000        15.05        49.89        30.81
        32768         1000        19.92        83.63        52.06
        65536          640        28.22       144.13        87.94
       131072          320        58.66       185.69       110.48
       262144          160       125.68       372.13       251.21
       524288           80       278.68       772.44       515.83
      1048576           40       449.48      1142.10       821.03
      2097152           20       767.41      2038.06      1446.79
      4194304           10      1302.00      3625.08      2529.30

#----------------------------------------------------------------
# Benchmarking Scatterv 
# #processes = 2 
# ( 6 additional processes waiting in MPI_Barrier)
#----------------------------------------------------------------
       #bytes #repetitions  t_min[usec]  t_max[usec]  t_avg[usec]
            0         1000         0.88         1.71         1.30
            1         1000         4.96         5.96         5.46
            2         1000         5.00         5.99         5.49
            4         1000         5.00         5.95         5.48
            8         1000         4.99         5.99         5.49
           16         1000         8.10         9.42         8.76
           32         1000         8.10         9.45         8.78
           64         1000         7.78         9.18         8.48
          128         1000         8.23         9.61         8.92
          256         1000         8.30         9.71         9.01
          512         1000         8.51         9.87         9.19
         1024         1000         8.65        10.09         9.37
         2048         1000         9.29        10.70         9.99
         4096         1000        11.05        12.46        11.75
         8192         1000        12.46        13.93        13.20
        16384         1000        15.14        16.64        15.89
        32768         1000        20.83        22.36        21.60
        65536          640        29.54        31.33        30.43
       131072          320        54.21        56.34        55.27
       262144          160        80.79        97.93        89.36
       524288           80       239.69       264.18       251.93
      1048576           40       432.97       464.42       448.69
      2097152           20       724.76       760.77       742.76
      4194304           10      1299.79      1351.50      1325.64

#----------------------------------------------------------------
# Benchmarking Scatterv 
# #processes = 4 
# ( 4 additional processes waiting in MPI_Barrier)
#----------------------------------------------------------------
       #bytes #repetitions  t_min[usec]  t_max[usec]  t_avg[usec]
            0         1000         0.95         1.94         1.20
            1         1000         6.03         7.64         6.80
            2         1000         5.92         7.64         6.78
            4         1000         5.90         7.52         6.71
            8         1000         6.01         7.50         6.72
           16         1000         6.80        11.19         8.61
           32         1000         6.92        11.32         8.64
           64         1000         6.71        10.98         8.45
          128         1000         7.05        11.27         8.72
          256         1000         7.17        11.32         8.78
          512         1000         7.28        11.70         9.06
         1024         1000         7.69        11.93         9.41
         2048         1000         8.49        12.51        10.21
         4096         1000        10.73        15.41        12.92
         8192         1000        12.55        19.70        16.13
        16384         1000        15.38        26.48        21.56
        32768         1000        18.24        42.37        31.37
        65536          640        27.44        67.13        50.26
       131072          320        57.41        91.17        76.11
       262144          160        91.99       213.99       147.15
       524288           80       251.90       417.03       338.61
      1048576           40       436.29       726.84       591.60
      2097152           20       728.05      1181.46       997.61
      4194304           10      1302.48      2705.93      2075.49

#----------------------------------------------------------------
# Benchmarking Scatterv 
# #processes = 8 
#----------------------------------------------------------------
       #bytes #repetitions  t_min[usec]  t_max[usec]  t_avg[usec]
            0         1000         0.93         2.76         1.20
            1         1000         6.45        11.84         8.32
            2         1000         6.42        11.81         8.37
            4         1000         6.37        11.76         8.30
            8         1000         6.40        11.85         8.33
           16         1000         7.94        16.29        10.25
           32         1000         7.93        16.13        10.12
           64         1000         7.77        15.67         9.82
          128         1000         7.95        16.27        10.21
          256         1000         8.05        16.47        10.31
          512         1000         8.46        16.81        10.77
         1024         1000         8.82        18.06        11.45
         2048         1000         9.32        19.25        12.34
         4096         1000        11.52        25.08        16.28
         8192         1000        12.89        37.10        21.96
        16384         1000        15.56        50.31        30.96
        32768         1000        19.85        83.71        51.38
        65536          640        30.84       152.50        91.98
       131072          320        56.68       194.61       116.10
       262144          160       125.59       376.70       244.77
       524288           80       270.49       782.81       499.28
      1048576           40       439.64      1132.37       791.81
      2097152           20       729.80      1919.57      1363.10
      4194304           10      1295.95      3611.09      2525.21

#----------------------------------------------------------------
# Benchmarking Alltoall 
# #processes = 2 
# ( 6 additional processes waiting in MPI_Barrier)
#----------------------------------------------------------------
       #bytes #repetitions  t_min[usec]  t_max[usec]  t_avg[usec]
            0         1000         0.67         0.70         0.68
            1         1000         6.12         6.36         6.24
            2         1000         6.30         6.38         6.34
            4         1000         6.25         6.48         6.37
            8         1000         6.38         6.44         6.41
           16         1000         9.72         9.81         9.76
           32         1000         9.72         9.79         9.76
           64         1000         9.42         9.47         9.45
          128         1000         9.85         9.89         9.87
          256         1000         9.93         9.97         9.95
          512         1000        10.37        10.54        10.46
         1024         1000        10.45        10.49        10.47
         2048         1000        10.97        11.01        10.99
         4096         1000        12.89        13.10        12.99
         8192         1000        15.86        16.00        15.93
        16384         1000        20.58        20.70        20.64
        32768         1000        30.10        30.17        30.14
        65536          640        47.82        48.05        47.93
       131072          320        74.64        75.45        75.05
       262144          160       103.85       106.97       105.41
       524288           80       269.01       288.20       278.61
      1048576           40       462.63       479.14       470.89
      2097152           20       766.16       778.78       772.47
      4194304           10      1339.89      1340.37      1340.13

#----------------------------------------------------------------
# Benchmarking Alltoall 
# #processes = 4 
# ( 4 additional processes waiting in MPI_Barrier)
#----------------------------------------------------------------
       #bytes #repetitions  t_min[usec]  t_max[usec]  t_avg[usec]
            0         1000         0.83         0.85         0.84
            1         1000        13.38        13.71        13.53
            2         1000        15.51        16.21        15.96
            4         1000        15.55        16.03        15.80
            8         1000        15.51        16.16        15.91
           16         1000        19.80        20.18        19.97
           32         1000        19.64        20.17        19.94
           64         1000        19.08        19.41        19.28
          128         1000        19.89        20.12        20.00
          256         1000        19.74        20.07        19.95
          512         1000        20.44        20.72        20.59
         1024         1000        20.96        21.45        21.21
         2048         1000        23.01        23.35        23.21
         4096         1000        28.38        29.06        28.76
         8192         1000        36.93        37.73        37.19
        16384         1000        47.75        48.66        48.37
        32768         1000        76.56        78.22        77.43
        65536          640       153.47       158.53       156.16
       131072          320       269.81       278.96       273.61
       262144          160       251.66       311.70       268.25
       524288           80       507.24       518.95       513.63
      1048576           40       792.01       843.75       819.32
      2097152           20      2961.91      3391.98      3130.50
      4194304           10      5542.54      6663.32      6151.33

#----------------------------------------------------------------
# Benchmarking Alltoall 
# #processes = 8 
#----------------------------------------------------------------
       #bytes #repetitions  t_min[usec]  t_max[usec]  t_avg[usec]
            0         1000         0.82         0.90         0.86
            1         1000        24.72        25.66        25.04
            2         1000        24.70        26.06        25.31
            4         1000        24.59        25.65        24.97
            8         1000        24.90        26.19        25.29
           16         1000        31.68        32.69        32.12
           32         1000        31.41        32.41        31.83
           64         1000        31.06        32.11        31.61
          128         1000        31.73        32.64        32.12
          256         1000        31.69        32.81        32.08
          512         1000        33.24        34.35        33.58
         1024         1000        36.01        37.48        36.54
         2048         1000        39.50        40.77        40.00
         4096         1000        50.90        52.06        51.38
         8192         1000        68.52        70.10        69.46
        16384         1000        97.43       101.34        98.94
        32768         1000       199.10       206.79       203.41
        65536          640       407.61       416.37       412.51
       131072          320       515.57       528.76       521.87
       262144          160       478.29       518.61       504.07
       524288           80       842.36       876.86       863.10
      1048576           40      3379.30      4096.29      3672.81
      2097152           20      5358.49      6653.25      6105.97
      4194304           10     11624.88     15243.48     13967.37

#----------------------------------------------------------------
# Benchmarking Alltoallv 
# #processes = 2 
# ( 6 additional processes waiting in MPI_Barrier)
#----------------------------------------------------------------
       #bytes #repetitions  t_min[usec]  t_max[usec]  t_avg[usec]
            0         1000         2.52         2.72         2.62
            1         1000        10.52        10.75        10.64
            2         1000        10.47        10.83        10.65
            4         1000        10.50        10.75        10.63
            8         1000        10.43        10.73        10.58
           16         1000        13.45        13.56        13.51
           32         1000        13.48        13.56        13.52
           64         1000        13.14        13.22        13.18
          128         1000        13.56        13.62        13.59
          256         1000        13.70        13.79        13.74
          512         1000        14.09        14.22        14.16
         1024         1000        14.17        14.40        14.29
         2048         1000        14.86        14.91        14.88
         4096         1000        17.06        17.26        17.16
         8192         1000        20.65        20.65        20.65
        16384         1000        25.17        25.26        25.22
        32768         1000        34.80        34.91        34.85
        65536          640        51.73        51.77        51.75
       131072          320        78.86        78.91        78.88
       262144          160       114.59       128.50       121.55
       524288           80       283.19       298.65       290.92
      1048576           40       481.82       493.35       487.58
      2097152           20       779.55       781.98       780.76
      4194304           10      1350.43      1355.41      1352.92

#----------------------------------------------------------------
# Benchmarking Alltoallv 
# #processes = 4 
# ( 4 additional processes waiting in MPI_Barrier)
#----------------------------------------------------------------
       #bytes #repetitions  t_min[usec]  t_max[usec]  t_avg[usec]
            0         1000         2.85         3.08         3.00
            1         1000        16.03        16.52        16.27
            2         1000        15.58        16.25        16.05
            4         1000        15.78        16.21        16.07
            8         1000        15.69        16.27        16.07
           16         1000        20.05        20.34        20.20
           32         1000        20.01        20.35        20.23
           64         1000        19.33        19.55        19.45
          128         1000        20.09        20.36        20.24
          256         1000        20.07        20.29        20.19
          512         1000        20.68        21.02        20.85
         1024         1000        21.53        21.94        21.73
         2048         1000        23.19        23.49        23.33
         4096         1000        28.73        29.13        28.91
         8192         1000        36.85        37.44        37.08
        16384         1000        47.92        48.75        48.24
        32768         1000        77.37        79.08        78.47
        65536          640       154.05       159.98       157.55
       131072          320       274.63       284.52       280.75
       262144          160       248.83       276.30       260.13
       524288           80       513.58       528.02       520.58
      1048576           40       994.79      1015.01      1007.97
      2097152           20      2757.75      3399.96      3107.09
      4194304           10      5510.54      6556.77      6060.43

#----------------------------------------------------------------
# Benchmarking Alltoallv 
# #processes = 8 
#----------------------------------------------------------------
       #bytes #repetitions  t_min[usec]  t_max[usec]  t_avg[usec]
            0         1000         3.30         3.71         3.53
            1         1000        25.18        26.43        25.65
            2         1000        24.99        26.62        25.71
            4         1000        25.00        26.45        25.54
            8         1000        25.03        26.55        25.76
           16         1000        32.17        33.43        32.63
           32         1000        32.41        33.54        32.84
           64         1000        31.02        32.18        31.46
          128         1000        32.26        33.34        32.66
          256         1000        32.32        33.46        32.77
          512         1000        33.77        34.98        34.20
         1024         1000        36.14        37.55        36.70
         2048         1000        40.08        41.47        40.57
         4096         1000        51.48        53.20        52.10
         8192         1000        71.42        74.30        73.28
        16384         1000       100.35       104.10       102.21
        32768         1000       199.75       207.33       203.65
        65536          640       407.67       416.27       413.06
       131072          320       522.92       537.29       531.01
       262144          160       491.86       541.83       518.51
       524288           80       845.04       897.85       874.01
      1048576           40      3027.67      3774.30      3374.32
      2097152           20      5497.29      6391.02      5947.97
      4194304           10     11419.30     16207.05     14660.15

#----------------------------------------------------------------
# Benchmarking Bcast 
# #processes = 2 
# ( 6 additional processes waiting in MPI_Barrier)
#----------------------------------------------------------------
       #bytes #repetitions  t_min[usec]  t_max[usec]  t_avg[usec]
            0         1000         0.54         0.56         0.55
            1         1000         3.91         5.94         4.92
            2         1000         3.94         5.87         4.91
            4         1000         3.89         5.88         4.88
            8         1000         3.92         5.90         4.91
           16         1000         7.94         8.85         8.39
           32         1000         7.80         8.84         8.32
           64         1000         7.64         8.75         8.20
          128         1000         7.66         8.70         8.18
          256         1000         7.72         8.82         8.27
          512         1000         7.87         9.32         8.60
         1024         1000         8.14         8.93         8.54
         2048         1000         8.65         9.66         9.15
         4096         1000        10.16        11.23        10.69
         8192         1000        11.33        12.47        11.90
        16384         1000        13.23        14.37        13.80
        32768         1000        17.47        18.61        18.04
        65536          640        25.45        26.39        25.92
       131072          320        48.66        49.78        49.22
       262144          160        56.55        71.30        63.92
       524288           80        84.56        97.54        91.05
      1048576           40       142.22       148.37       145.30
      2097152           20       232.61       236.93       234.77
      4194304           10       405.60       408.70       407.15

#----------------------------------------------------------------
# Benchmarking Bcast 
# #processes = 4 
# ( 4 additional processes waiting in MPI_Barrier)
#----------------------------------------------------------------
       #bytes #repetitions  t_min[usec]  t_max[usec]  t_avg[usec]
            0         1000         0.67         0.69         0.68
            1         1000         5.52         9.08         7.23
            2         1000         5.61         9.17         7.26
            4         1000         5.52         9.05         7.18
            8         1000         5.39         8.92         7.09
           16         1000         8.72        22.33        16.57
           32         1000         8.73        22.15        16.46
           64         1000         8.47        21.59        16.03
          128         1000         8.58        21.89        16.24
          256         1000         8.52        22.08        16.38
          512         1000         8.56        22.36        16.61
         1024         1000        14.68        16.27        15.27
         2048         1000        15.73        17.03        16.26
         4096         1000        18.58        20.13        19.17
         8192         1000        21.04        22.91        21.77
        16384         1000        25.16        27.20        25.99
        32768         1000        33.30        35.49        34.27
        65536          640        48.46        52.15        50.22
       131072          320       107.84       113.76       110.55
       262144          160       115.71       144.68       129.99
       524288           80       173.05       192.23       182.32
      1048576           40       284.11       297.62       290.46
      2097152           20       491.37       504.84       498.41
      4194304           10       834.85      2222.82      1530.64

#----------------------------------------------------------------
# Benchmarking Bcast 
# #processes = 8 
#----------------------------------------------------------------
       #bytes #repetitions  t_min[usec]  t_max[usec]  t_avg[usec]
            0         1000         0.69         0.76         0.74
            1         1000         7.66        12.66         9.44
            2         1000         7.67        12.68         9.45
            4         1000         7.49        12.56         9.33
            8         1000         7.52        12.94         9.44
           16         1000        16.39        26.65        22.24
           32         1000        16.17        26.55        22.10
           64         1000        15.66        25.86        21.58
          128         1000        15.91        26.17        21.85
          256         1000        15.96        26.71        22.21
          512         1000        16.18        27.01        22.38
         1024         1000        20.15        22.30        21.14
         2048         1000        21.94        23.78        22.62
         4096         1000        25.83        28.20        27.00
         8192         1000        30.21        33.19        31.47
        16384         1000        53.81        56.51        55.19
        32768         1000        69.73        77.62        75.30
        65536          640        91.38       108.22       102.03
       131072          320       131.60       163.69       150.79
       262144          160       230.07       317.67       280.87
       524288           80       366.64       485.72       448.59
      1048576           40       563.22       752.63       659.39
      2097152           20       783.00       987.45       896.77
      4194304           10      1964.90      3397.39      2674.83

#---------------------------------------------------
# Benchmarking Barrier 
# #processes = 2 
# ( 6 additional processes waiting in MPI_Barrier)
#---------------------------------------------------
 #repetitions  t_min[usec]  t_max[usec]  t_avg[usec]
         1000         3.51         3.51         3.51

#---------------------------------------------------
# Benchmarking Barrier 
# #processes = 4 
# ( 4 additional processes waiting in MPI_Barrier)
#---------------------------------------------------
 #repetitions  t_min[usec]  t_max[usec]  t_avg[usec]
         1000         6.87         6.87         6.87

#---------------------------------------------------
# Benchmarking Barrier 
# #processes = 8 
#---------------------------------------------------
 #repetitions  t_min[usec]  t_max[usec]  t_avg[usec]
         1000        10.10        10.10        10.10


# All processes entering MPI_Finalize

