#------------------------------------------------------------
#    Intel (R) MPI Benchmarks 2018 Update 1, MPI-1 part    
#------------------------------------------------------------
# Date                  : Fri Dec  1 13:59:35 2017
# Machine               : x86_64
# System                : Linux
# Release               : 4.4.74-92.35-default
# Version               : #1 SMP Mon Aug 7 18:24:48 UTC 2017 (c0fdc47)
# MPI Version           : 3.1
# MPI Thread Environment: 


# Calling sequence was: 

# ./IMB-MPI1

# Minimum message length in bytes:   0
# Maximum message length in bytes:   4194304
#
# MPI_Datatype                   :   MPI_BYTE 
# MPI_Datatype for reductions    :   MPI_FLOAT
# MPI_Op                         :   MPI_SUM  
#
#

# List of Benchmarks to run:

# PingPong
# PingPing
# Sendrecv
# Exchange
# Allreduce
# Reduce
# Reduce_scatter
# Allgather
# Allgatherv
# Gather
# Gatherv
# Scatter
# Scatterv
# Alltoall
# Alltoallv
# Bcast
# Barrier

#---------------------------------------------------
# Benchmarking PingPong 
# #processes = 2 
# ( 6 additional processes waiting in MPI_Barrier)
#---------------------------------------------------
       #bytes #repetitions      t[usec]   Mbytes/sec
            0         1000         3.24         0.00
            1         1000         3.35         0.30
            2         1000         3.26         0.61
            4         1000         3.27         1.22
            8         1000         3.28         2.44
           16         1000         5.11         3.13
           32         1000         5.11         6.26
           64         1000         4.99        12.81
          128         1000         5.06        25.28
          256         1000         5.10        50.22
          512         1000         5.20        98.42
         1024         1000         5.48       186.77
         2048         1000         5.81       352.71
         4096         1000         7.15       572.75
         8192         1000         8.46       967.81
        16384         1000        10.49      1561.34
        32768         1000        15.28      2144.17
        65536          640        23.82      2751.44
       131072          320        46.73      2804.72
       262144          160        64.30      4076.89
       524288           80        88.06      5953.56
      1048576           40       145.59      7202.39
      2097152           20       233.17      8993.96
      4194304           10       398.05     10537.08

#---------------------------------------------------
# Benchmarking PingPing 
# #processes = 2 
# ( 6 additional processes waiting in MPI_Barrier)
#---------------------------------------------------
       #bytes #repetitions      t[usec]   Mbytes/sec
            0         1000         3.81         0.00
            1         1000         3.88         0.26
            2         1000         3.89         0.51
            4         1000         4.01         1.00
            8         1000         3.87         2.07
           16         1000         7.33         2.18
           32         1000         7.30         4.38
           64         1000         7.10         9.01
          128         1000         7.07        18.09
          256         1000         7.25        35.32
          512         1000         7.39        69.29
         1024         1000         7.67       133.49
         2048         1000         8.08       253.53
         4096         1000        10.06       407.23
         8192         1000        13.26       617.79
        16384         1000        16.74       978.73
        32768         1000        26.32      1245.17
        65536          640        41.99      1560.73
       131072          320        59.87      2189.44
       262144          160        67.06      3908.94
       524288           80        91.41      5735.40
      1048576           40       134.35      7804.53
      2097152           20       222.24      9436.35
      4194304           10       418.00     10034.33

#-----------------------------------------------------------------------------
# Benchmarking Sendrecv 
# #processes = 2 
# ( 6 additional processes waiting in MPI_Barrier)
#-----------------------------------------------------------------------------
       #bytes #repetitions  t_min[usec]  t_max[usec]  t_avg[usec]   Mbytes/sec
            0         1000         3.18         3.18         3.18         0.00
            1         1000         3.30         3.30         3.30         0.61
            2         1000         3.26         3.26         3.26         1.23
            4         1000         3.29         3.29         3.29         2.43
            8         1000         3.17         3.17         3.17         5.05
           16         1000         6.01         6.02         6.02         5.32
           32         1000         6.01         6.01         6.01        10.65
           64         1000         5.79         5.79         5.79        22.12
          128         1000         5.87         5.88         5.88        43.55
          256         1000        10.65        10.65        10.65        48.05
          512         1000         6.10         6.10         6.10       167.73
         1024         1000         6.53         6.53         6.53       313.67
         2048         1000         7.21         7.21         7.21       568.25
         4096         1000         8.88         8.89         8.88       921.91
         8192         1000        11.16        11.16        11.16      1467.58
        16384         1000        15.04        15.04        15.04      2178.73
        32768         1000        24.79        24.79        24.79      2643.97
        65536          640        40.46        40.46        40.46      3239.25
       131072          320        56.92        56.93        56.92      4605.04
       262144          160        84.06        84.13        84.09      6232.18
       524288           80       137.56       137.74       137.65      7612.86
      1048576           40       150.55       150.62       150.59     13923.38
      2097152           20       265.25       265.61       265.43     15791.20
      4194304           10       445.41       445.60       445.51     18825.24

#-----------------------------------------------------------------------------
# Benchmarking Sendrecv 
# #processes = 4 
# ( 4 additional processes waiting in MPI_Barrier)
#-----------------------------------------------------------------------------
       #bytes #repetitions  t_min[usec]  t_max[usec]  t_avg[usec]   Mbytes/sec
            0         1000         3.18         3.19         3.19         0.00
            1         1000         3.22         3.22         3.22         0.62
            2         1000         3.26         3.26         3.26         1.23
            4         1000         3.21         3.21         3.21         2.49
            8         1000         3.24         3.24         3.24         4.94
           16         1000         7.13         7.13         7.13         4.49
           32         1000         6.78         6.80         6.79         9.42
           64         1000         6.40         6.40         6.40        20.00
          128         1000         6.41         6.41         6.41        39.94
          256         1000         6.64         6.64         6.64        77.12
          512         1000         7.15         7.16         7.15       143.11
         1024         1000         7.37         7.37         7.37       277.81
         2048         1000         8.23         8.23         8.23       497.51
         4096         1000         9.87         9.88         9.87       829.40
         8192         1000        13.51        13.51        13.51      1212.45
        16384         1000        19.75        19.77        19.76      1657.53
        32768         1000        31.39        31.41        31.40      2086.72
        65536          640        50.17        50.23        50.20      2609.69
       131072          320        68.20        68.43        68.33      3830.76
       262144          160        90.59        90.83        90.74      5772.09
       524288           80       132.60       133.11       132.92      7877.39
      1048576           40       219.63       221.57       220.96      9464.78
      2097152           20       319.80       326.94       324.76     12828.84
      4194304           10       487.02       521.99       512.05     16070.33

#-----------------------------------------------------------------------------
# Benchmarking Sendrecv 
# #processes = 8 
#-----------------------------------------------------------------------------
       #bytes #repetitions  t_min[usec]  t_max[usec]  t_avg[usec]   Mbytes/sec
            0         1000         3.40         3.41         3.40         0.00
            1         1000         3.38         3.38         3.38         0.59
            2         1000         3.43         3.43         3.43         1.17
            4         1000         3.38         3.38         3.38         2.37
            8         1000         3.39         3.39         3.39         4.72
           16         1000         7.19         7.20         7.20         4.44
           32         1000         7.50         7.50         7.50         8.53
           64         1000         7.08         7.09         7.09        18.05
          128         1000         7.54         7.56         7.55        33.85
          256         1000         7.38         7.39         7.39        69.30
          512         1000         7.69         7.70         7.69       133.04
         1024         1000         8.02         8.02         8.02       255.33
         2048         1000         8.84         8.86         8.85       462.51
         4096         1000        11.10        11.12        11.11       736.70
         8192         1000        14.31        14.33        14.32      1143.72
        16384         1000        21.11        21.16        21.13      1548.94
        32768         1000        31.35        31.42        31.39      2085.60
        65536          640        50.22        50.40        50.33      2600.57
       131072          320        79.49        79.89        79.70      3281.42
       262144          160        89.61        89.71        89.65      5844.09
       524288           80       138.32       138.81       138.67      7553.86
      1048576           40       172.35       175.08       173.93     11978.47
      2097152           20       341.11       351.99       346.51     11916.00
      4194304           10       617.60       656.91       634.95     12769.71

#-----------------------------------------------------------------------------
# Benchmarking Exchange 
# #processes = 2 
# ( 6 additional processes waiting in MPI_Barrier)
#-----------------------------------------------------------------------------
       #bytes #repetitions  t_min[usec]  t_max[usec]  t_avg[usec]   Mbytes/sec
            0         1000         7.14         7.14         7.14         0.00
            1         1000         7.83         7.83         7.83         0.51
            2         1000         7.92         7.92         7.92         1.01
            4         1000         8.02         8.02         8.02         1.99
            8         1000         8.01         8.01         8.01         3.99
           16         1000        11.47        11.47        11.47         5.58
           32         1000        11.44        11.44        11.44        11.19
           64         1000        11.22        11.22        11.22        22.82
          128         1000        11.36        11.36        11.36        45.06
          256         1000        11.43        11.43        11.43        89.57
          512         1000        11.74        11.74        11.74       174.37
         1024         1000        12.05        12.05        12.05       339.95
         2048         1000        13.07        13.07        13.07       627.01
         4096         1000        18.12        18.12        18.12       904.14
         8192         1000        24.42        24.42        24.42      1342.02
        16384         1000        34.19        34.19        34.19      1916.98
        32768         1000        51.35        51.36        51.36      2552.18
        65536          640        84.33        84.33        84.33      3108.43
       131072          320       114.54       114.55       114.55      4576.92
       262144          160       149.95       150.03       149.99      6989.07
       524288           80       244.91       245.01       244.96      8559.32
      1048576           40       358.07       358.27       358.17     11707.05
      2097152           20       606.25       606.60       606.42     13828.98
      4194304           10       863.22       863.48       863.35     19429.76

#-----------------------------------------------------------------------------
# Benchmarking Exchange 
# #processes = 4 
# ( 4 additional processes waiting in MPI_Barrier)
#-----------------------------------------------------------------------------
       #bytes #repetitions  t_min[usec]  t_max[usec]  t_avg[usec]   Mbytes/sec
            0         1000         7.70         7.70         7.70         0.00
            1         1000         8.37         8.37         8.37         0.48
            2         1000         8.35         8.36         8.35         0.96
            4         1000         8.49         8.49         8.49         1.88
            8         1000         8.44         8.45         8.44         3.79
           16         1000        13.06        13.07        13.06         4.90
           32         1000        12.97        12.97        12.97         9.87
           64         1000        12.53        12.53        12.53        20.43
          128         1000        12.62        12.63        12.62        40.55
          256         1000        12.68        12.69        12.69        80.71
          512         1000        13.22        13.23        13.23       154.81
         1024         1000        13.66        13.66        13.66       299.74
         2048         1000        14.75        14.76        14.75       555.17
         4096         1000        19.44        19.45        19.44       842.53
         8192         1000        25.49        25.50        25.49      1285.22
        16384         1000        37.18        37.19        37.19      1762.18
        32768         1000        57.20        57.23        57.22      2290.42
        65536          640        96.72        96.78        96.75      2708.71
       131072          320       140.15       140.25       140.21      3738.15
       262144          160       171.77       172.38       171.97      6082.89
       524288           80       252.36       253.13       252.60      8285.01
      1048576           40       399.85       401.70       400.44     10441.40
      2097152           20       705.90       715.20       710.49     11729.10
      4194304           10      1187.30      1220.20      1211.20     13749.53

#-----------------------------------------------------------------------------
# Benchmarking Exchange 
# #processes = 8 
#-----------------------------------------------------------------------------
       #bytes #repetitions  t_min[usec]  t_max[usec]  t_avg[usec]   Mbytes/sec
            0         1000         7.91         7.94         7.93         0.00
            1         1000         8.63         8.63         8.63         0.46
            2         1000         8.50         8.51         8.51         0.94
            4         1000         8.62         8.62         8.62         1.86
            8         1000         8.64         8.64         8.64         3.70
           16         1000        13.13        13.14        13.13         4.87
           32         1000        13.57        13.59        13.58         9.42
           64         1000        12.77        12.78        12.78        20.03
          128         1000        13.05        13.08        13.07        39.15
          256         1000        13.13        13.14        13.13        77.94
          512         1000        13.67        13.68        13.68       149.65
         1024         1000        14.59        14.60        14.60       280.55
         2048         1000        15.51        15.58        15.53       525.84
         4096         1000        20.25        20.26        20.26       808.53
         8192         1000        26.62        26.65        26.64      1229.56
        16384         1000        38.90        38.98        38.93      1681.45
        32768         1000        59.08        59.14        59.11      2216.30
        65536          640        97.42        97.60        97.51      2685.99
       131072          320       151.49       151.81       151.69      3453.60
       262144          160       203.12       203.64       203.39      5149.22
       524288           80       261.60       263.12       262.56      7970.18
      1048576           40       398.43       400.53       399.36     10472.01
      2097152           20       669.05       682.50       675.93     12291.05
      4194304           10      1341.80      1414.39      1394.91     11861.77

#----------------------------------------------------------------
# Benchmarking Allreduce 
# #processes = 2 
# ( 6 additional processes waiting in MPI_Barrier)
#----------------------------------------------------------------
       #bytes #repetitions  t_min[usec]  t_max[usec]  t_avg[usec]
            0         1000         0.62         0.63         0.63
            4         1000         8.16         8.26         8.21
            8         1000         8.18         8.24         8.21
           16         1000        11.78        11.85        11.82
           32         1000        11.63        11.79        11.71
           64         1000        11.37        11.39        11.38
          128         1000        12.43        12.46        12.45
          256         1000        12.69        12.71        12.70
          512         1000        12.77        12.90        12.84
         1024         1000        13.20        13.26        13.23
         2048         1000        13.94        13.99        13.96
         4096         1000        16.41        16.44        16.43
         8192         1000        28.89        29.06        28.97
        16384         1000        26.46        26.76        26.61
        32768         1000        44.68        44.93        44.80
        65536          640        67.46        67.84        67.65
       131072          320       108.98       109.00       108.99
       262144          160       231.51       233.28       232.39
       524288           80       452.05       452.53       452.29
      1048576           40       787.72       799.63       793.68
      2097152           20      1254.00      1257.80      1255.90
      4194304           10      5863.98      5871.89      5867.93

#----------------------------------------------------------------
# Benchmarking Allreduce 
# #processes = 4 
# ( 4 additional processes waiting in MPI_Barrier)
#----------------------------------------------------------------
       #bytes #repetitions  t_min[usec]  t_max[usec]  t_avg[usec]
            0         1000         0.74         0.78         0.76
            4         1000        12.61        13.19        12.95
            8         1000        12.88        13.24        13.10
           16         1000        19.30        19.33        19.31
           32         1000        19.20        19.48        19.32
           64         1000        18.95        19.00        18.97
          128         1000        20.33        20.37        20.35
          256         1000        20.56        20.63        20.60
          512         1000        20.66        20.97        20.84
         1024         1000        21.42        21.67        21.54
         2048         1000        22.64        22.85        22.75
         4096         1000        27.01        27.60        27.33
         8192         1000        34.27        34.96        34.60
        16384         1000        46.55        47.09        46.78
        32768         1000        70.94        71.61        71.23
        65536          640       115.81       117.14       116.43
       131072          320       182.15       183.95       182.85
       262144          160       366.50       369.57       368.37
       524288           80       830.08       903.25       857.64
      1048576           40      1238.84      1313.30      1261.32
      2097152           20      1901.35      1957.01      1923.84
      4194304           10     11949.18     13568.04     12760.65

#----------------------------------------------------------------
# Benchmarking Allreduce 
# #processes = 8 
#----------------------------------------------------------------
       #bytes #repetitions  t_min[usec]  t_max[usec]  t_avg[usec]
            0         1000         0.77         0.80         0.79
            4         1000        16.59        17.52        17.03
            8         1000        16.79        17.50        17.18
           16         1000        26.25        26.68        26.45
           32         1000        26.07        26.47        26.26
           64         1000        25.42        25.90        25.66
          128         1000        26.92        27.10        27.01
          256         1000        27.31        27.65        27.47
          512         1000        28.48        28.83        28.65
         1024         1000        29.51        30.07        29.80
         2048         1000        31.92        32.34        32.11
         4096         1000        39.27        39.83        39.65
         8192         1000        50.18        50.73        50.43
        16384         1000        68.52        69.46        68.99
        32768         1000       100.33       101.18       100.82
        65536          640       144.05       145.35       144.68
       131072          320       239.94       244.37       241.93
       262144          160       563.89       577.95       573.11
       524288           80       987.16      1074.69      1034.34
      1048576           40      1556.01      1629.95      1594.05
      2097152           20      2342.57      2448.32      2398.62
      4194304           10     15112.83     16058.30     15616.25

#----------------------------------------------------------------
# Benchmarking Reduce 
# #processes = 2 
# ( 6 additional processes waiting in MPI_Barrier)
#----------------------------------------------------------------
       #bytes #repetitions  t_min[usec]  t_max[usec]  t_avg[usec]
            0         1000         0.79         0.82         0.81
            4         1000         5.49         7.65         6.57
            8         1000         5.68         7.57         6.63
           16         1000         9.72        10.64        10.18
           32         1000         9.53        10.58        10.05
           64         1000         9.38        10.36         9.87
          128         1000        10.17        11.16        10.67
          256         1000        10.25        11.31        10.78
          512         1000        10.25        11.24        10.74
         1024         1000        10.39        11.41        10.90
         2048         1000        11.08        11.85        11.46
         4096         1000        12.54        13.24        12.89
         8192         1000        14.62        14.76        14.69
        16384         1000        19.64        21.11        20.38
        32768         1000        25.23        29.33        27.28
        65536          640        36.02        44.42        40.22
       131072          320        93.07        94.44        93.76
       262144          160       192.07       194.69       193.38
       524288           80       403.31       410.98       407.14
      1048576           40       792.46       797.06       794.76
      2097152           20      1552.27      1557.18      1554.73
      4194304           10      3067.14      3071.90      3069.52

#----------------------------------------------------------------
# Benchmarking Reduce 
# #processes = 4 
# ( 4 additional processes waiting in MPI_Barrier)
#----------------------------------------------------------------
       #bytes #repetitions  t_min[usec]  t_max[usec]  t_avg[usec]
            0         1000         0.92         1.00         0.94
            4         1000         6.59        15.34        10.47
            8         1000         6.61        15.05        10.41
           16         1000        11.48        18.28        14.35
           32         1000        11.51        18.26        14.36
           64         1000        11.19        17.74        13.96
          128         1000        12.72        18.87        15.33
          256         1000        12.54        19.19        15.39
          512         1000        13.04        19.95        15.96
         1024         1000        15.15        18.60        16.23
         2048         1000        16.27        20.22        17.36
         4096         1000        19.12        24.58        21.91
         8192         1000        16.48        29.84        23.06
        16384         1000        19.39        37.12        27.96
        32768         1000        24.80        53.37        37.79
        65536          640        35.09        83.16        56.65
       131072          320       156.96       187.29       174.25
       262144          160       329.40       373.88       351.98
       524288           80       722.30       791.18       761.11
      1048576           40      1473.80      1571.58      1535.06
      2097152           20      3088.71      3233.42      3189.70
      4194304           10      6314.33      6553.41      6484.00

#----------------------------------------------------------------
# Benchmarking Reduce 
# #processes = 8 
#----------------------------------------------------------------
       #bytes #repetitions  t_min[usec]  t_max[usec]  t_avg[usec]
            0         1000         0.94         1.01         0.96
            4         1000         6.68        19.67        11.29
            8         1000         6.72        19.29        11.19
           16         1000        11.78        24.39        16.48
           32         1000        11.69        24.35        16.43
           64         1000        11.36        23.83        16.02
          128         1000        12.72        25.26        17.34
          256         1000        12.67        25.90        17.66
          512         1000        13.16        26.11        17.96
         1024         1000        14.12        25.89        17.92
         2048         1000        15.10        27.05        18.88
         4096         1000        15.58        34.04        22.36
         8192         1000        17.18        41.52        26.20
        16384         1000        20.03        54.91        32.75
        32768         1000        24.97        80.33        44.59
        65536          640        35.87       130.55        68.41
       131072          320       158.86       258.80       217.66
       262144          160       347.47       473.09       421.18
       524288           80       789.68       975.04       902.13
      1048576           40      1540.87      1821.58      1727.19
      2097152           20      3120.83      3532.31      3411.31
      4194304           10      6397.25      6924.65      6797.70

#----------------------------------------------------------------
# Benchmarking Reduce_scatter 
# #processes = 2 
# ( 6 additional processes waiting in MPI_Barrier)
#----------------------------------------------------------------
       #bytes #repetitions  t_min[usec]  t_max[usec]  t_avg[usec]
            0         1000         1.55         1.61         1.58
            4         1000         7.97         8.26         8.12
            8         1000         8.43         8.44         8.44
           16         1000         8.31         8.37         8.34
           32         1000        11.81        11.88        11.85
           64         1000        11.84        12.05        11.95
          128         1000        11.52        11.67        11.59
          256         1000        12.73        12.81        12.77
          512         1000        12.65        12.66        12.65
         1024         1000        13.00        13.37        13.19
         2048         1000        13.61        13.69        13.65
         4096         1000        14.47        14.59        14.53
         8192         1000        16.75        16.95        16.85
        16384         1000        20.44        20.61        20.52
        32768         1000        26.78        26.97        26.88
        65536          640        38.63        38.99        38.81
       131072          320        61.32        62.27        61.80
       262144          160       103.11       104.15       103.63
       524288           80       209.22       209.91       209.57
      1048576           40       477.76       481.24       479.50
      2097152           20       827.13       840.09       833.61
      4194304           10      1480.63      1481.44      1481.03

#----------------------------------------------------------------
# Benchmarking Reduce_scatter 
# #processes = 4 
# ( 4 additional processes waiting in MPI_Barrier)
#----------------------------------------------------------------
       #bytes #repetitions  t_min[usec]  t_max[usec]  t_avg[usec]
            0         1000         1.71         1.77         1.74
            4         1000         6.95        16.08        11.01
            8         1000         7.04        17.26        11.92
           16         1000        14.27        14.88        14.60
           32         1000        19.07        19.75        19.45
           64         1000        20.54        20.70        20.61
          128         1000        21.27        21.81        21.57
          256         1000        20.97        21.31        21.18
          512         1000        22.01        22.16        22.10
         1024         1000        21.96        22.19        22.09
         2048         1000        22.67        22.80        22.74
         4096         1000        23.64        24.09        23.89
         8192         1000        28.41        28.48        28.44
        16384         1000        35.09        35.69        35.42
        32768         1000        44.50        46.07        45.34
        65536          640        66.31        68.57        67.30
       131072          320       103.82       104.70       104.24
       262144          160       191.04       194.06       192.66
       524288           80       414.91       467.48       447.71
      1048576           40       570.40       587.58       579.32
      2097152           20      1222.53      1281.36      1250.84
      4194304           10      2125.86      2174.31      2154.26

#----------------------------------------------------------------
# Benchmarking Reduce_scatter 
# #processes = 8 
#----------------------------------------------------------------
       #bytes #repetitions  t_min[usec]  t_max[usec]  t_avg[usec]
            0         1000         1.78         1.82         1.81
            4         1000         7.33        20.79        12.26
            8         1000         7.27        24.17        13.24
           16         1000        12.72        25.77        18.49
           32         1000        23.88        25.06        24.43
           64         1000        27.24        27.76        27.52
          128         1000        28.68        29.09        28.86
          256         1000        28.42        28.69        28.51
          512         1000        28.94        29.43        29.12
         1024         1000        30.42        31.18        30.66
         2048         1000        30.05        30.82        30.31
         4096         1000        32.02        32.42        32.21
         8192         1000        39.82        40.64        40.23
        16384         1000        46.32        47.10        46.72
        32768         1000        60.94        61.54        61.25
        65536          640        87.80        89.07        88.42
       131072          320       157.51       159.13       158.29
       262144          160       268.25       272.68       270.61
       524288           80       520.89       531.83       526.59
      1048576           40      1123.56      1197.64      1157.95
      2097152           20      1772.30      1930.40      1859.46
      4194304           10      2987.36      3074.67      3034.97

#----------------------------------------------------------------
# Benchmarking Allgather 
# #processes = 2 
# ( 6 additional processes waiting in MPI_Barrier)
#----------------------------------------------------------------
       #bytes #repetitions  t_min[usec]  t_max[usec]  t_avg[usec]
            0         1000         0.64         0.66         0.65
            1         1000         5.75         5.94         5.85
            2         1000         6.05         6.07         6.06
            4         1000         5.79         6.02         5.91
            8         1000         5.99         6.02         6.00
           16         1000         9.54         9.56         9.55
           32         1000         9.48         9.54         9.51
           64         1000         9.41         9.88         9.65
          128         1000         9.66         9.72         9.69
          256         1000         9.77         9.80         9.78
          512         1000         9.94        10.00         9.97
         1024         1000        10.17        10.20        10.19
         2048         1000        10.58        10.72        10.65
         4096         1000        12.72        12.96        12.84
         8192         1000        15.64        15.73        15.69
        16384         1000        20.45        20.49        20.47
        32768         1000        30.13        30.14        30.14
        65536          640        46.81        46.88        46.84
       131072          320        87.91        88.61        88.26
       262144          160       118.40       118.90       118.65
       524288           80       281.61       293.57       287.59
      1048576           40       460.87       473.85       467.36
      2097152           20       755.91       773.51       764.71
      4194304           10      1340.77      1352.33      1346.55

#----------------------------------------------------------------
# Benchmarking Allgather 
# #processes = 4 
# ( 4 additional processes waiting in MPI_Barrier)
#----------------------------------------------------------------
       #bytes #repetitions  t_min[usec]  t_max[usec]  t_avg[usec]
            0         1000         0.79         0.81         0.80
            1         1000         9.98        11.07        10.54
            2         1000        10.33        10.74        10.56
            4         1000        10.24        10.98        10.61
            8         1000        13.79        14.59        14.23
           16         1000        16.72        16.94        16.84
           32         1000        16.62        16.79        16.73
           64         1000        16.29        16.46        16.38
          128         1000        16.90        17.06        16.96
          256         1000        17.08        17.26        17.17
          512         1000        17.87        17.91        17.89
         1024         1000        18.34        18.59        18.48
         2048         1000        21.31        21.61        21.43
         4096         1000        25.80        26.08        25.91
         8192         1000        33.61        34.10        33.80
        16384         1000        46.40        47.13        46.76
        32768         1000        73.12        73.91        73.53
        65536          640       140.37       141.84       141.31
       131072          320       196.13       233.21       206.97
       262144          160       197.09       241.78       210.71
       524288           80       314.22       379.09       352.35
      1048576           40       844.58       884.95       864.03
      2097152           20      1059.56      1074.71      1065.34
      4194304           10      1819.18      1861.26      1839.89

#----------------------------------------------------------------
# Benchmarking Allgather 
# #processes = 8 
#----------------------------------------------------------------
       #bytes #repetitions  t_min[usec]  t_max[usec]  t_avg[usec]
            0         1000         0.79         0.83         0.82
            1         1000        13.91        15.37        14.56
            2         1000        14.20        14.96        14.62
            4         1000        17.50        18.54        18.06
            8         1000        20.60        21.21        20.95
           16         1000        23.58        24.18        23.79
           32         1000        23.44        23.89        23.59
           64         1000        23.03        23.33        23.18
          128         1000        23.72        24.07        23.87
          256         1000        24.24        24.40        24.32
          512         1000        26.30        27.07        26.63
         1024         1000        29.44        29.99        29.80
         2048         1000        35.27        35.65        35.42
         4096         1000        45.40        46.01        45.75
         8192         1000        62.79        64.56        63.73
        16384         1000        99.05       102.35       100.96
        32768         1000       177.88       212.28       194.86
        65536          640       267.22       312.53       295.01
       131072          320       269.62       347.64       312.27
       262144          160       339.08       409.96       386.41
       524288           80       587.23       671.90       623.99
      1048576           40      1054.78      1103.57      1081.68
      2097152           20      9541.85     23086.42     13700.35
      4194304           10     33076.50     38601.59     36115.98

#----------------------------------------------------------------
# Benchmarking Allgatherv 
# #processes = 2 
# ( 6 additional processes waiting in MPI_Barrier)
#----------------------------------------------------------------
       #bytes #repetitions  t_min[usec]  t_max[usec]  t_avg[usec]
            0         1000         0.79         0.80         0.79
            1         1000         6.82         6.93         6.88
            2         1000         6.99         7.06         7.03
            4         1000         6.90         7.09         6.99
            8         1000         7.06         7.18         7.12
           16         1000        10.26        10.41        10.34
           32         1000        10.31        10.33        10.32
           64         1000         9.94        10.06        10.00
          128         1000        10.35        10.41        10.38
          256         1000        10.44        10.54        10.49
          512         1000        10.59        10.76        10.68
         1024         1000        10.92        11.01        10.97
         2048         1000        11.50        11.58        11.54
         4096         1000        13.73        13.77        13.75
         8192         1000        16.62        16.64        16.63
        16384         1000        21.43        21.46        21.45
        32768         1000        31.05        31.16        31.11
        65536          640        47.50        47.65        47.58
       131072          320        91.34        92.87        92.11
       262144          160       132.14       138.77       135.46
       524288           80       287.62       302.38       295.00
      1048576           40       473.61       490.42       482.01
      2097152           20       766.18       774.77       770.47
      4194304           10      1335.02      1341.63      1338.33

#----------------------------------------------------------------
# Benchmarking Allgatherv 
# #processes = 4 
# ( 4 additional processes waiting in MPI_Barrier)
#----------------------------------------------------------------
       #bytes #repetitions  t_min[usec]  t_max[usec]  t_avg[usec]
            0         1000         0.95         0.99         0.97
            1         1000        12.90        13.32        13.09
            2         1000        13.04        13.23        13.12
            4         1000        13.04        13.48        13.24
            8         1000        16.68        17.15        16.89
           16         1000        19.07        19.36        19.24
           32         1000        19.57        19.76        19.66
           64         1000        19.54        19.69        19.62
          128         1000        20.10        20.38        20.28
          256         1000        20.38        20.60        20.49
          512         1000        20.95        21.08        21.03
         1024         1000        21.86        22.30        22.05
         2048         1000        25.06        25.44        25.23
         4096         1000        30.10        30.40        30.29
         8192         1000        39.08        39.32        39.18
        16384         1000        53.77        54.43        54.12
        32768         1000        82.50        84.71        83.70
        65536          640       140.24       146.88       143.42
       131072          320       289.43       293.69       291.76
       262144          160       332.50       345.10       336.79
       524288           80       583.35       599.58       591.97
      1048576           40       950.07       980.76       963.46
      2097152           20      1673.66      1738.38      1706.67
      4194304           10      2926.66      3097.46      3015.35

#----------------------------------------------------------------
# Benchmarking Allgatherv 
# #processes = 8 
#----------------------------------------------------------------
       #bytes #repetitions  t_min[usec]  t_max[usec]  t_avg[usec]
            0         1000         0.98         1.00         0.99
            1         1000        17.16        18.19        17.62
            2         1000        17.29        18.24        17.81
            4         1000        20.87        21.83        21.32
            8         1000        24.16        24.64        24.35
           16         1000        27.42        27.69        27.53
           32         1000        27.05        27.52        27.30
           64         1000        26.70        27.38        27.08
          128         1000        27.54        28.14        27.78
          256         1000        28.17        28.73        28.38
          512         1000        29.78        30.23        29.98
         1024         1000        34.13        34.56        34.37
         2048         1000        39.69        40.00        39.83
         4096         1000        50.66        51.81        51.20
         8192         1000        69.39        71.26        70.28
        16384         1000       106.39       110.69       108.57
        32768         1000       200.79       204.03       202.26
        65536          640       370.54       382.84       375.33
       131072          320       709.14       750.89       726.92
       262144          160       743.40       769.70       753.08
       524288           80      1192.59      1273.09      1234.69
      1048576           40      1878.74      2012.50      1949.00
      2097152           20      3464.45      5885.74      5278.50
      4194304           10     43370.56     52748.25     48824.23

#----------------------------------------------------------------
# Benchmarking Gather 
# #processes = 2 
# ( 6 additional processes waiting in MPI_Barrier)
#----------------------------------------------------------------
       #bytes #repetitions  t_min[usec]  t_max[usec]  t_avg[usec]
            0         1000         0.70         0.72         0.71
            1         1000         3.01         5.68         4.34
            2         1000         3.07         5.61         4.34
            4         1000         2.93         5.68         4.30
            8         1000         2.96         5.54         4.25
           16         1000         8.52         9.67         9.10
           32         1000         8.60         9.84         9.22
           64         1000         8.21         9.25         8.73
          128         1000         7.68         8.20         7.94
          256         1000         7.75         8.19         7.97
          512         1000         7.80         8.36         8.08
         1024         1000         7.97         8.82         8.39
         2048         1000         8.33         9.38         8.86
         4096         1000        10.11        11.05        10.58
         8192         1000        11.30        11.98        11.64
        16384         1000        13.71        14.48        14.10
        32768         1000        17.98        19.16        18.57
        65536          640        27.34        28.64        27.99
       131072          320        50.60        51.66        51.13
       262144          160        77.64        91.15        84.39
       524288           80       200.33       206.42       203.37
      1048576           40       384.83       386.05       385.44
      2097152           20       668.41       669.32       668.87
      4194304           10      1252.17      1252.58      1252.38

#----------------------------------------------------------------
# Benchmarking Gather 
# #processes = 4 
# ( 4 additional processes waiting in MPI_Barrier)
#----------------------------------------------------------------
       #bytes #repetitions  t_min[usec]  t_max[usec]  t_avg[usec]
            0         1000         0.81         0.87         0.84
            1         1000         3.27         9.80         4.91
            2         1000         3.26         9.65         4.87
            4         1000         3.22         9.85         4.92
            8         1000         3.22         9.64         4.86
           16         1000         9.54        10.84        10.01
           32         1000         9.53        10.88        10.04
           64         1000         9.12        10.43         9.59
          128         1000         9.50        11.05        10.06
          256         1000         9.36        10.82         9.89
          512         1000         9.78        11.10        10.25
         1024         1000        10.01        11.49        10.49
         2048         1000        10.85        14.80        12.28
         4096         1000        13.75        15.32        14.48
         8192         1000        17.26        18.76        17.78
        16384         1000        23.14        24.64        23.90
        32768         1000        35.48        37.05        36.50
        65536          640        66.28        71.99        69.80
       131072          320       125.48       138.82       134.57
       262144          160       119.18       146.80       128.35
       524288           80       264.24       297.08       278.80
      1048576           40       509.18       538.03       530.02
      2097152           20       955.39       992.23       981.73
      4194304           10      1871.04      1909.02      1897.38

#----------------------------------------------------------------
# Benchmarking Gather 
# #processes = 8 
#----------------------------------------------------------------
       #bytes #repetitions  t_min[usec]  t_max[usec]  t_avg[usec]
            0         1000         0.84         0.90         0.87
            1         1000         3.24        15.54         4.87
            2         1000         3.22        15.47         4.87
            4         1000         3.20        15.69         4.87
            8         1000         3.22        15.50         4.84
           16         1000        11.69        17.09        13.37
           32         1000        11.79        17.08        13.42
           64         1000        11.07        16.39        12.73
          128         1000        12.13        17.51        13.81
          256         1000        11.93        17.16        13.41
          512         1000        12.34        17.74        14.00
         1024         1000        13.18        18.55        14.84
         2048         1000        14.56        19.99        16.36
         4096         1000        20.02        25.43        21.77
         8192         1000        26.84        31.86        28.42
        16384         1000        40.95        46.29        42.83
        32768         1000        77.31        84.61        80.78
        65536          640       158.84       184.42       165.10
       131072          320       265.94       302.81       274.17
       262144          160       169.37       215.93       195.18
       524288           80       398.22       455.08       427.46
      1048576           40       801.10       888.38       859.07
      2097152           20      1569.55      1684.82      1648.27
      4194304           10      3156.71      3279.47      3234.96

#----------------------------------------------------------------
# Benchmarking Gatherv 
# #processes = 2 
# ( 6 additional processes waiting in MPI_Barrier)
#----------------------------------------------------------------
       #bytes #repetitions  t_min[usec]  t_max[usec]  t_avg[usec]
            0         1000         0.84         1.77         1.30
            1         1000         2.87         5.78         4.32
            2         1000         2.89         5.69         4.29
            4         1000         2.82         5.81         4.31
            8         1000         2.85         5.67         4.26
           16         1000         7.63         8.15         7.89
           32         1000         7.60         8.13         7.86
           64         1000         7.50         8.07         7.79
          128         1000         7.95         8.40         8.17
          256         1000         7.88         8.48         8.18
          512         1000         8.04         8.56         8.30
         1024         1000         8.11         8.68         8.39
         2048         1000         8.46         9.01         8.73
         4096         1000        10.09        10.72        10.40
         8192         1000        11.41        12.15        11.78
        16384         1000        14.15        14.76        14.46
        32768         1000        19.19        20.00        19.60
        65536          640        28.83        29.87        29.35
       131072          320        50.31        50.97        50.64
       262144          160        79.36        89.47        84.42
       524288           80       199.85       201.40       200.62
      1048576           40       396.00       401.40       398.70
      2097152           20       670.61       674.10       672.36
      4194304           10      1249.00      1253.94      1251.47

#----------------------------------------------------------------
# Benchmarking Gatherv 
# #processes = 4 
# ( 4 additional processes waiting in MPI_Barrier)
#----------------------------------------------------------------
       #bytes #repetitions  t_min[usec]  t_max[usec]  t_avg[usec]
            0         1000         0.89         1.98         1.19
            1         1000         2.96         9.92         4.74
            2         1000         2.99         9.95         4.78
            4         1000         2.92        10.01         4.75
            8         1000         2.93         9.97         4.75
           16         1000         9.71        10.85        10.11
           32         1000         9.75        10.90        10.15
           64         1000         9.30        10.45         9.70
          128         1000         9.73        11.37        10.32
          256         1000         9.53        11.08        10.07
          512         1000         9.89        11.40        10.41
         1024         1000        10.17        11.78        10.72
         2048         1000        11.03        12.60        11.54
         4096         1000        13.92        15.95        14.86
         8192         1000        17.43        19.00        18.07
        16384         1000        23.28        24.99        24.06
        32768         1000        35.64        37.60        36.86
        65536          640        66.57        72.06        69.90
       131072          320       129.14       144.93       138.36
       262144          160       116.35       123.51       120.00
       524288           80       258.42       282.51       270.92
      1048576           40       520.13       542.13       534.20
      2097152           20       966.17       998.59       987.90
      4194304           10      1918.22      1936.75      1926.90

#----------------------------------------------------------------
# Benchmarking Gatherv 
# #processes = 8 
#----------------------------------------------------------------
       #bytes #repetitions  t_min[usec]  t_max[usec]  t_avg[usec]
            0         1000         0.93         2.96         1.24
            1         1000         2.90        16.89         4.79
            2         1000         2.97        16.55         4.75
            4         1000         2.86        16.57         4.73
            8         1000         2.86        16.66         4.73
           16         1000        12.73        18.37        14.47
           32         1000        12.72        18.28        14.44
           64         1000        11.91        17.64        13.74
          128         1000        12.83        18.79        14.80
          256         1000        12.40        18.30        14.42
          512         1000        12.83        18.85        14.86
         1024         1000        13.70        19.62        15.83
         2048         1000        15.05        21.43        17.38
         4096         1000        20.51        26.76        22.87
         8192         1000        27.35        33.31        29.64
        16384         1000        40.88        46.97        43.72
        32768         1000        77.52        85.06        81.91
        65536          640       157.21       185.28       163.65
       131072          320       266.31       306.38       274.23
       262144          160       171.85       215.02       195.40
       524288           80       384.93       465.81       435.01
      1048576           40       837.12       896.46       857.35
      2097152           20      1633.41      1696.00      1664.74
      4194304           10      3179.05      3284.69      3241.06

#----------------------------------------------------------------
# Benchmarking Scatter 
# #processes = 2 
# ( 6 additional processes waiting in MPI_Barrier)
#----------------------------------------------------------------
       #bytes #repetitions  t_min[usec]  t_max[usec]  t_avg[usec]
            0         1000         0.78         0.79         0.78
            1         1000         4.12         5.92         5.02
            2         1000         4.12         5.90         5.01
            4         1000         4.10         5.91         5.01
            8         1000         4.14         5.93         5.03
           16         1000         8.09         9.30         8.69
           32         1000         8.05         9.30         8.67
           64         1000         7.91         9.01         8.46
          128         1000         8.08         9.31         8.69
          256         1000         8.25         9.47         8.86
          512         1000         8.26         9.61         8.93
         1024         1000         8.68         9.90         9.29
         2048         1000         9.00        10.31         9.65
         4096         1000        10.71        12.08        11.39
         8192         1000        11.85        13.48        12.67
        16384         1000        13.96        15.78        14.87
        32768         1000        18.08        20.79        19.43
        65536          640        25.97        30.54        28.26
       131072          320        58.83        60.79        59.81
       262144          160        89.75       104.21        96.98
       524288           80       224.62       256.05       240.33
      1048576           40       191.27       426.48       308.87
      2097152           20       710.62       746.41       728.51
      4194304           10      1295.02      1324.25      1309.63

#----------------------------------------------------------------
# Benchmarking Scatter 
# #processes = 4 
# ( 4 additional processes waiting in MPI_Barrier)
#----------------------------------------------------------------
       #bytes #repetitions  t_min[usec]  t_max[usec]  t_avg[usec]
            0         1000         0.93         0.96         0.94
            1         1000         6.14         7.41         6.73
            2         1000         6.17         7.36         6.73
            4         1000         6.11         7.45         6.76
            8         1000         6.01         7.31         6.69
           16         1000         7.24        11.36         8.99
           32         1000         7.26        11.37         8.93
           64         1000         7.13        11.26         8.86
          128         1000         7.36        11.50         9.10
          256         1000         7.41        11.67         9.16
          512         1000         7.71        11.86         9.48
         1024         1000         8.06        12.13         9.87
         2048         1000         8.82        12.82        10.58
         4096         1000        10.98        15.66        13.16
         8192         1000        12.94        20.16        16.52
        16384         1000        16.16        26.50        21.82
        32768         1000        18.19        42.77        31.54
        65536          640        27.38        67.18        50.20
       131072          320        54.33        91.28        75.93
       262144          160       102.31       217.54       158.35
       524288           80       238.04       447.94       348.90
      1048576           40       415.73       750.94       602.08
      2097152           20       711.01      1169.20       983.32
      4194304           10      1349.28      2213.22      1866.46

#----------------------------------------------------------------
# Benchmarking Scatter 
# #processes = 8 
#----------------------------------------------------------------
       #bytes #repetitions  t_min[usec]  t_max[usec]  t_avg[usec]
            0         1000         0.94         0.98         0.95
            1         1000         6.37        11.18         8.07
            2         1000         6.38        11.19         8.06
            4         1000         6.27        11.24         8.00
            8         1000         6.26        11.31         8.02
           16         1000         8.28        15.76         9.95
           32         1000         8.19        15.52         9.83
           64         1000         7.81        15.15         9.45
          128         1000         8.10        15.64         9.80
          256         1000         8.29        15.87        10.00
          512         1000         8.40        16.43        10.35
         1024         1000         8.52        17.11        10.85
         2048         1000         9.06        18.87        11.98
         4096         1000        10.86        25.09        15.92
         8192         1000        13.17        37.23        22.85
        16384         1000        15.27        50.07        31.25
        32768         1000        19.06        83.74        50.88
        65536          640        29.47       152.21        92.16
       131072          320        62.60       168.64       112.69
       262144          160       132.67       426.85       285.52
       524288           80       262.88       769.07       532.18
      1048576           40       431.07      1254.47       878.73
      2097152           20       731.22      2080.00      1482.31
      4194304           10      1272.32      3547.17      2536.06

#----------------------------------------------------------------
# Benchmarking Scatterv 
# #processes = 2 
# ( 6 additional processes waiting in MPI_Barrier)
#----------------------------------------------------------------
       #bytes #repetitions  t_min[usec]  t_max[usec]  t_avg[usec]
            0         1000         0.86         1.72         1.29
            1         1000         4.98         6.00         5.49
            2         1000         4.97         6.03         5.50
            4         1000         5.02         6.05         5.53
            8         1000         5.00         5.99         5.49
           16         1000         8.01         9.49         8.75
           32         1000         8.10         9.48         8.79
           64         1000         7.84         9.14         8.49
          128         1000         8.20         9.56         8.88
          256         1000         8.24         9.70         8.97
          512         1000         8.44         9.90         9.17
         1024         1000         8.77        10.29         9.53
         2048         1000         9.14        10.72         9.93
         4096         1000        11.11        12.59        11.85
         8192         1000        12.37        13.90        13.14
        16384         1000        14.92        16.57        15.75
        32768         1000        19.87        21.49        20.68
        65536          640        29.84        31.47        30.66
       131072          320        54.49        56.86        55.67
       262144          160        86.09       100.53        93.31
       524288           80       214.60       246.55       230.58
      1048576           40       404.61       441.60       423.11
      2097152           20       699.60       736.18       717.89
      4194304           10      1277.95      1313.66      1295.80

#----------------------------------------------------------------
# Benchmarking Scatterv 
# #processes = 4 
# ( 4 additional processes waiting in MPI_Barrier)
#----------------------------------------------------------------
       #bytes #repetitions  t_min[usec]  t_max[usec]  t_avg[usec]
            0         1000         0.95         1.94         1.21
            1         1000         6.04         7.72         6.86
            2         1000         5.98         7.79         6.90
            4         1000         5.95         7.56         6.75
            8         1000         5.98         7.64         6.81
           16         1000         6.91        11.29         8.65
           32         1000         6.86        11.27         8.64
           64         1000         6.66        11.01         8.36
          128         1000         7.02        11.36         8.66
          256         1000         7.11        11.39         8.78
          512         1000         7.30        11.73         9.09
         1024         1000         7.69        11.98         9.38
         2048         1000         8.39        12.51        10.10
         4096         1000        10.71        15.57        12.98
         8192         1000        12.80        20.57        16.78
        16384         1000        15.90        26.50        21.75
        32768         1000        18.46        42.71        31.60
        65536          640        27.80        67.15        50.44
       131072          320        58.27        92.17        76.55
       262144          160        98.72       212.11       154.46
       524288           80       227.87       435.89       337.46
      1048576           40       406.02       728.88       586.20
      2097152           20       699.10      1182.10       983.78
      4194304           10      1263.71      2092.67      1755.12

#----------------------------------------------------------------
# Benchmarking Scatterv 
# #processes = 8 
#----------------------------------------------------------------
       #bytes #repetitions  t_min[usec]  t_max[usec]  t_avg[usec]
            0         1000         0.94         2.77         1.20
            1         1000         6.53        11.90         8.38
            2         1000         6.49        11.95         8.44
            4         1000         6.40        11.85         8.34
            8         1000         6.44        11.94         8.45
           16         1000         7.97        16.27        10.32
           32         1000         7.92        16.18        10.25
           64         1000         7.71        15.53         9.87
          128         1000         8.09        16.27        10.38
          256         1000         8.14        16.67        10.49
          512         1000         8.53        17.02        11.05
         1024         1000         8.92        18.06        11.53
         2048         1000         9.42        19.24        12.48
         4096         1000        11.62        25.41        16.39
         8192         1000        13.01        37.27        22.13
        16384         1000        15.46        50.68        30.93
        32768         1000        19.45        84.08        50.65
        65536          640        26.40       140.42        84.62
       131072          320        57.05       195.33       118.11
       262144          160       119.71       413.38       268.02
       524288           80       247.41       803.03       534.61
      1048576           40       411.57      1253.00       861.46
      2097152           20       691.34      1996.29      1418.65
      4194304           10      1284.96      3535.29      2548.18

#----------------------------------------------------------------
# Benchmarking Alltoall 
# #processes = 2 
# ( 6 additional processes waiting in MPI_Barrier)
#----------------------------------------------------------------
       #bytes #repetitions  t_min[usec]  t_max[usec]  t_avg[usec]
            0         1000         0.65         0.67         0.66
            1         1000         6.20         6.40         6.30
            2         1000         6.36         6.41         6.39
            4         1000         6.35         6.52         6.43
            8         1000         6.41         6.43         6.42
           16         1000         9.70         9.82         9.76
           32         1000         9.72         9.72         9.72
           64         1000         9.52         9.58         9.55
          128         1000         9.82         9.92         9.87
          256         1000         9.97        10.00         9.99
          512         1000        10.16        10.19        10.17
         1024         1000        10.44        10.48        10.46
         2048         1000        10.94        11.07        11.01
         4096         1000        13.18        13.21        13.19
         8192         1000        15.90        16.00        15.95
        16384         1000        20.42        20.63        20.52
        32768         1000        29.77        29.79        29.78
        65536          640        47.51        47.55        47.53
       131072          320        78.76        79.72        79.24
       262144          160       107.06       107.20       107.13
       524288           80       252.79       270.91       261.85
      1048576           40       449.97       469.40       459.68
      2097152           20       728.77       737.76       733.27
      4194304           10      1320.93      1328.75      1324.84

#----------------------------------------------------------------
# Benchmarking Alltoall 
# #processes = 4 
# ( 4 additional processes waiting in MPI_Barrier)
#----------------------------------------------------------------
       #bytes #repetitions  t_min[usec]  t_max[usec]  t_avg[usec]
            0         1000         0.83         0.85         0.84
            1         1000        13.38        13.76        13.60
            2         1000        15.52        16.16        15.95
            4         1000        15.71        15.97        15.89
            8         1000        15.59        16.08        15.93
           16         1000        19.78        20.17        19.99
           32         1000        19.72        20.03        19.89
           64         1000        19.28        19.47        19.37
          128         1000        19.85        20.07        19.98
          256         1000        19.79        20.10        19.97
          512         1000        20.60        20.83        20.72
         1024         1000        21.24        21.45        21.31
         2048         1000        22.94        23.52        23.23
         4096         1000        28.87        29.06        28.93
         8192         1000        37.10        37.87        37.43
        16384         1000        48.15        49.04        48.44
        32768         1000        77.46        78.43        77.85
        65536          640       156.64       164.05       160.17
       131072          320       269.82       278.32       274.33
       262144          160       251.97       277.54       266.84
       524288           80       497.48       548.59       518.03
      1048576           40       845.90       865.08       853.74
      2097152           20      1390.21      1431.45      1413.67
      4194304           10      2639.65      2737.81      2676.97

#----------------------------------------------------------------
# Benchmarking Alltoall 
# #processes = 8 
#----------------------------------------------------------------
       #bytes #repetitions  t_min[usec]  t_max[usec]  t_avg[usec]
            0         1000         0.84         0.87         0.86
            1         1000        24.79        25.34        25.08
            2         1000        24.57        25.40        25.05
            4         1000        24.55        25.22        24.83
            8         1000        24.62        25.19        24.93
           16         1000        31.72        32.16        31.93
           32         1000        31.94        32.77        32.34
           64         1000        30.51        30.82        30.65
          128         1000        31.86        32.24        32.03
          256         1000        31.71        32.15        31.91
          512         1000        33.02        33.66        33.31
         1024         1000        35.71        36.29        35.94
         2048         1000        39.93        40.28        40.09
         4096         1000        50.49        51.63        50.93
         8192         1000        69.02        70.31        69.43
        16384         1000        97.94       101.06        99.58
        32768         1000       198.17       208.34       203.77
        65536          640       411.59       419.29       416.68
       131072          320       525.35       546.29       532.77
       262144          160       479.73       546.30       501.77
       524288           80       845.98       919.70       876.74
      1048576           40      1400.23      1509.01      1464.45
      2097152           20      3891.84      4947.97      4316.85
      4194304           10     21179.01     22926.81     22098.78

#----------------------------------------------------------------
# Benchmarking Alltoallv 
# #processes = 2 
# ( 6 additional processes waiting in MPI_Barrier)
#----------------------------------------------------------------
       #bytes #repetitions  t_min[usec]  t_max[usec]  t_avg[usec]
            0         1000         2.56         2.71         2.63
            1         1000        10.46        10.73        10.60
            2         1000        10.40        10.77        10.58
            4         1000        10.46        10.73        10.59
            8         1000        10.52        10.80        10.66
           16         1000        13.49        13.64        13.57
           32         1000        13.46        13.59        13.53
           64         1000        13.12        13.30        13.21
          128         1000        13.57        13.69        13.63
          256         1000        13.65        13.71        13.68
          512         1000        13.87        13.99        13.93
         1024         1000        14.15        14.30        14.23
         2048         1000        14.78        14.92        14.85
         4096         1000        16.98        17.17        17.08
         8192         1000        20.55        20.72        20.63
        16384         1000        25.32        25.44        25.38
        32768         1000        35.11        35.21        35.16
        65536          640        51.41        51.53        51.47
       131072          320        83.61        85.36        84.48
       262144          160       110.73       111.82       111.28
       524288           80       271.47       279.10       275.29
      1048576           40       460.30       477.50       468.90
      2097152           20       741.77       752.43       747.10
      4194304           10      1323.72      1336.29      1330.01

#----------------------------------------------------------------
# Benchmarking Alltoallv 
# #processes = 4 
# ( 4 additional processes waiting in MPI_Barrier)
#----------------------------------------------------------------
       #bytes #repetitions  t_min[usec]  t_max[usec]  t_avg[usec]
            0         1000         2.83         3.08         3.00
            1         1000        15.88        16.24        16.11
            2         1000        15.71        16.30        16.04
            4         1000        15.81        16.18        16.07
            8         1000        15.82        16.25        16.06
           16         1000        20.17        20.31        20.26
           32         1000        20.07        20.28        20.18
           64         1000        19.29        19.54        19.42
          128         1000        20.19        20.27        20.23
          256         1000        20.04        20.32        20.16
          512         1000        20.79        21.11        20.97
         1024         1000        21.61        21.89        21.78
         2048         1000        23.34        23.72        23.55
         4096         1000        28.90        29.55        29.32
         8192         1000        37.25        37.41        37.31
        16384         1000        48.05        48.79        48.35
        32768         1000        77.05        78.27        77.76
        65536          640       156.98       162.73       159.57
       131072          320       284.25       298.01       290.25
       262144          160       251.21       277.85       268.18
       524288           80       495.70       536.33       524.10
      1048576           40       848.59       868.27       860.84
      2097152           20      1395.80      1482.81      1442.49
      4194304           10      2624.49      2823.40      2717.03

#----------------------------------------------------------------
# Benchmarking Alltoallv 
# #processes = 8 
#----------------------------------------------------------------
       #bytes #repetitions  t_min[usec]  t_max[usec]  t_avg[usec]
            0         1000         3.30         3.75         3.54
            1         1000        25.23        25.76        25.55
            2         1000        25.58        26.84        26.07
            4         1000        25.08        25.66        25.44
            8         1000        25.15        26.05        25.69
           16         1000        32.32        33.02        32.61
           32         1000        32.29        32.93        32.62
           64         1000        31.20        31.76        31.39
          128         1000        32.62        33.09        32.86
          256         1000        32.40        33.43        32.94
          512         1000        34.25        34.78        34.47
         1024         1000        36.19        36.73        36.51
         2048         1000        39.82        40.56        40.25
         4096         1000        50.86        51.57        51.18
         8192         1000        69.47        70.33        69.91
        16384         1000        98.34       100.95        99.59
        32768         1000       201.58       210.64       205.83
        65536          640       408.06       415.19       412.15
       131072          320       528.81       546.10       535.56
       262144          160       483.76       540.78       505.04
       524288           80       853.30       918.72       878.69
      1048576           40      1376.63      1451.92      1415.17
      2097152           20      4090.70      5305.61      4597.47
      4194304           10     22358.30     24633.84     23581.67

#----------------------------------------------------------------
# Benchmarking Bcast 
# #processes = 2 
# ( 6 additional processes waiting in MPI_Barrier)
#----------------------------------------------------------------
       #bytes #repetitions  t_min[usec]  t_max[usec]  t_avg[usec]
            0         1000         0.54         0.55         0.54
            1         1000         3.94         5.89         4.92
            2         1000         3.91         5.87         4.89
            4         1000         3.85         5.88         4.87
            8         1000         3.88         5.87         4.88
           16         1000         7.99         8.87         8.43
           32         1000         7.94         8.96         8.45
           64         1000         7.63         8.77         8.20
          128         1000         7.70         8.75         8.22
          256         1000         7.80         8.84         8.32
          512         1000         7.91         8.95         8.43
         1024         1000         8.18         9.03         8.61
         2048         1000         8.48         9.75         9.12
         4096         1000        11.32        12.86        12.09
         8192         1000        11.53        12.53        12.03
        16384         1000        13.33        14.50        13.91
        32768         1000        17.64        18.76        18.20
        65536          640        25.29        26.66        25.98
       131072          320        48.98        50.27        49.62
       262144          160        51.78        63.72        57.75
       524288           80        72.91        84.65        78.78
      1048576           40       116.87       126.55       121.71
      2097152           20       201.39       214.82       208.10
      4194304           10       376.46       385.62       381.04

#----------------------------------------------------------------
# Benchmarking Bcast 
# #processes = 4 
# ( 4 additional processes waiting in MPI_Barrier)
#----------------------------------------------------------------
       #bytes #repetitions  t_min[usec]  t_max[usec]  t_avg[usec]
            0         1000         0.69         0.71         0.70
            1         1000         5.58         9.14         7.29
            2         1000         5.59         9.14         7.28
            4         1000         5.49         8.98         7.18
            8         1000         5.50         8.96         7.14
           16         1000         8.68        22.43        16.66
           32         1000         8.72        22.18        16.51
           64         1000         8.42        21.53        16.06
          128         1000         8.67        21.81        16.20
          256         1000         8.67        22.12        16.43
          512         1000         8.75        22.42        16.61
         1024         1000        14.65        16.28        15.25
         2048         1000        15.49        16.81        16.10
         4096         1000        18.70        20.26        19.26
         8192         1000        21.03        22.88        21.85
        16384         1000        25.06        27.35        26.03
        32768         1000        34.30        36.33        35.12
        65536          640        50.41        52.70        51.41
       131072          320       106.18       113.77       109.71
       262144          160       118.57       136.90       129.32
       524288           80       171.78       196.72       184.09
      1048576           40       258.27       294.10       278.11
      2097152           20       431.54       471.45       452.47
      4194304           10       775.19       810.03       793.38

#----------------------------------------------------------------
# Benchmarking Bcast 
# #processes = 8 
#----------------------------------------------------------------
       #bytes #repetitions  t_min[usec]  t_max[usec]  t_avg[usec]
            0         1000         0.69         0.76         0.73
            1         1000         7.78        13.05         9.66
            2         1000         7.75        13.16         9.68
            4         1000         7.52        13.10         9.54
            8         1000         7.57        13.05         9.59
           16         1000        16.22        26.84        22.28
           32         1000        16.18        26.72        22.21
           64         1000        15.91        26.10        21.73
          128         1000        15.90        26.26        21.84
          256         1000        15.92        26.81        22.10
          512         1000        16.09        27.11        22.46
         1024         1000        20.47        22.70        21.43
         2048         1000        21.74        23.64        22.58
         4096         1000        26.20        28.47        27.34
         8192         1000        30.32        32.87        31.57
        16384         1000        52.25        56.07        54.35
        32768         1000        69.74        77.57        75.52
        65536          640        91.97       106.02       101.59
       131072          320       136.06       164.43       153.22
       262144          160       229.09       304.80       272.88
       524288           80       444.73       517.03       473.52
      1048576           40       542.94       664.98       611.73
      2097152           20       794.92      1034.10       908.43
      4194304           10      1026.68      1318.62      1192.58

#---------------------------------------------------
# Benchmarking Barrier 
# #processes = 2 
# ( 6 additional processes waiting in MPI_Barrier)
#---------------------------------------------------
 #repetitions  t_min[usec]  t_max[usec]  t_avg[usec]
         1000         3.55         3.55         3.55

#---------------------------------------------------
# Benchmarking Barrier 
# #processes = 4 
# ( 4 additional processes waiting in MPI_Barrier)
#---------------------------------------------------
 #repetitions  t_min[usec]  t_max[usec]  t_avg[usec]
         1000         6.85         6.85         6.85

#---------------------------------------------------
# Benchmarking Barrier 
# #processes = 8 
#---------------------------------------------------
 #repetitions  t_min[usec]  t_max[usec]  t_avg[usec]
         1000        10.11        10.11        10.11


# All processes entering MPI_Finalize

